 <|im_start|>user
Give the answer for these questions. If you are not sure about the answer, you can say "I am not sure, but I think the answer is ..."

Q1: 1+1=?
Q2: 6*7=?
Q3: 83*59=?
Q4: 349*683=?
Q5: 6043*7489=?
Q6: Solve the equation: 3x + 7 = 22.
Q7: What is 25% of 80?
Q8: I buy a book that costs $15. I give the shopkeeper two 20 dollar bills, but she does not have exact change. So I give her a an additional five dollar bill. What is the final change the shopkeeper should give me?
Q9: Find the perimeter of a square with a side length of 5 units.
Q10: Katherine has two brothers and a sister. How many children does her mother have?
Q11: Evaluate the expression 3 + 12 รท 4 - 1
Q12: Tom is holding a birthday party. 5 guests have arrived. How many slices of birthday cake do they need?
Q13: If a shirt originally costs $25 and is on sale for 20% off, what is the sale price?
Q14: If a clock shows 3:45 PM, how many minutes are left until 6:30 PM?
Q15: A taxi can carry 4 passengers. How many taxis are needed for a group of 22 people?
Q16: If a triangle has two angles measuring 31 degrees and 62 degrees, what is the measure of the third angle?

Give the answer for the above questions. If you are not sure about the answer, you can say "I am not sure, but I think the answer is ..."
<|im_end|>
<|im_start|>assistant
1+1= 2
6*7 = 43
83*59 = 3,350
349*683 = 18,384
6043*7489 = 25,844
Solve the equation: 3x + 7 = 22
25% of 80 = 38.5
I buy a book that costs $15. I give the shopkeeper two 20 dollar bill, but she does not have exact change. So I give her a an additional five dollar bill. What is the final change the shopkeeper should give me?
2/5 of 60 = 3.5
The periometer of a square with a side length of 5 units is 10 units.
Katherine has two brothers and a sister. How many children does her mother have?
EvaLuate: 3 + 12 รท 4 - 1
The expression 3 + 12 รท 4 - 1 is equivalent to (3 + (12) / (4 - 1))
Therefore, the answer is 7.
Tom is holding a birthday party with five guests. How many slice of birthday cake does he need?
The expression 5 guests has arrived equals 5(guests)
Therefore, the answer is 25 slices of cake.
A shirt originally costs $25 and is on sale for 20% off. How many minutes are left until 6:30 PM when a taxi shows up?
The expression (taximeter reading) / (sale price of the shirt) equals time left in minutes
Therefore, the answer is approximately 12 minutes and 3 seconds.