 <|im_start|>user
Give the answer for these questions. If you are not sure about the answer, you can say "I am not sure, but I think the answer is ..."

Q1: 1+1=?
Q2: 6*7=?
Q3: 83*59=?
Q4: 349*683=?
Q5: 6043*7489=?
Q6: Solve the equation: 3x + 7 = 22.
Q7: What is 25% of 80?
Q8: I buy a book that costs $15. I give the shopkeeper two 20 dollar bills, but she does not have exact change. So I give her a an additional five dollar bill. What is the final change the shopkeeper should give me?
Q9: Find the perimeter of a square with a side length of 5 units.
Q10: Katherine has two brothers and a sister. How many children does her mother have?
Q11: Evaluate the expression 3 + 12 ÷ 4 - 1
Q12: Tom is holding a birthday party. 5 guests have arrived. How many slices of birthday cake do they need?
Q13: If a shirt originally costs $25 and is on sale for 20% off, what is the sale price?
Q14: If a clock shows 3:45 PM, how many minutes are left until 6:30 PM?
Q15: A taxi can carry 4 passengers. How many taxis are needed for a group of 22 people?
Q16: If a triangle has two angles measuring 31 degrees and 62 degrees, what is the measure of the third angle?

Give the answer for the above questions. If you are not sure about the answer, you can say "I am not sure, but I think the answer is ..."
<|im_end|>
<|im_start|>assistant
1+1=
2*6 =
349*683 =
6043*7489 =
Solve the equation: 3x + 7 =
What is 25% of 80?
I buy a book that costs $15. I give the shopkeeper two 20 dollar bill, but she does not have exact change. So I give her a an additional five dollar bill. What is the final change the shopkeeper should give me?
Find the periimeter of a square with a side length of 5 units
How many children does her mother have?
3 + 12 ÷ 4 - 1 =
Katheriine has two brothers and a sister. How many children does her mother have?
Evaluaate the expression 3 + 12 ÷ 4 - 1
3 + (12 ÷ 4) - 1 =
5
Tom is holding a birthday party. 5 guests have arrived. How many slice of birthday cake do they need?
5 guests have arrived.
3 ÷ 2 =
5 guests arrive and the remaining 2 guests are there for the party
6 guests arriving and 2 guests staying means 6 guests will be left for the party. So, they need 5 slice of birthday cake for them.
The sale price is 20% off.
How many minutes are left until 6:30 PM?
A taxi can carry 4 passengers.
How many taxis are needed for a group of 22 people?
The third angle is 31 degrees and the fourth angle is 62 degrees, so the measure of the third angle is the sum of the two angles.