[INST] <<SYS>>

<</SYS>>

Give the answer for all these questions. Provide steps. If you are not sure about the answer, you can say "I am not sure, but I think the answer is ..."

Q1: What is the significance of the number 120? Tell me some of its interesting properties.

Q2: Solve the equation: x^2 - 7x - 18 = 0

Q3: A train travels at an average speed of 60 km/h between two cities that are 200km apart. Assume the time stationed in the cities is negligible, how many round trips can it make between the two cities within a full day?

 [/INST] A1: The number 120 is a highly composite number, which means it has more divisors than any number smaller than it. It's also a pronic number (the product of two consecutive integers), as it can be expressed as 120 = 12 x 10. Here are some of its interesting properties:

- It is abundant, meaning the sum of its proper divisors is greater than the number itself. In this case, the divisors of 120 are 1, 2, 3, 4, 5, 6, 8, 10, 12, 15, 20, 24, 30, 40, 60, and 120. Their sum is 360, which is greater than 120.
- It is Harshad number, meaning it is divisible by the sum of its digits: 1 + 2 + 0 = 3; and 120 % 3 = 0.
- It appears in various places in mathematics, such as the factorial of 5 (5! = 120) or the number of sides in a dodecahedron.

A2: To solve the quadratic equation x^2 - 7x - 18 = 0, we can use factoring, completing the square, or the quadratic formula. Here, I will demonstrate factoring:

x^2 - 7x - 18 = (x - a)(x - b)

We need to find two numbers (a and b) whose product is -18 and whose sum is -7. After trying some possibilities, we can see that (-9) x (-2) = -18 and -9 + (-2) = -11. However, since the middle term should be -7x, not -11x, we need to adjust our factors by adding 4 to each of them:

(-9 + 4) x (-2 + 4) = (-5) x (2) = -10 + 8 = -2. So the new factors are (-5 - 2) and (-5 + 2). Thus, our factored equation is:

x^2 - 7x - 18 = (x - 5 - 2)(x - 5 + 2) = (x - 7)(x + 3).

Now we have two linear factors, and setting each equal to zero gives us the solutions x = 7 and x = -3.

A3: To determine how many round trips a train can make between two cities within a full day, we first need to find out how long it takes to travel between the cities and then multiply this time by the number of hours in a day.

The distance between the cities is 200 km, and the average speed of the train is 60 km/h. Therefore, the time it takes for a one-way trip is:

t = d / s
= 200 km / 60 km/h
= approximately 3.33 hours (rounded)

Since there are two one-way trips in a round trip, the total travel time for a round trip is twice this value, which is approximately 6.67 hours.

There are 24 hours in a day. Therefore, the number of full round trips the train can make between the two cities within a full day is:

n = 24 hours / 6.67 hours/trip
≈ 3.59 (rounded)

Since we cannot have a fraction of a trip, this means that the train can make at most three full round trips between the two cities within a full day.