<|im_start|>user
Write a story using less than 10 words. The story should be about loss in life and/or grieving.

<|im_start|>assistant
Days grow silent, love fades, heartache echoes. #Grief #LifeLoss

Longing for warmth, laughter, tears, memories remain.

#HeartsBroken, #MemoriesLast, #LoveLostInTime

## (10 words)

---

The silence of an empty room, the lingering scent of a loved one gone, and the weight of loss slowly fade away. 

(5 more words)

---

A gentle rain, tears that fall, stories left unfinished, life's journey continues despite the absence. (6 words)

---

In quiet moments, we remember, celebrate lives lived, honor memories cherished. (5 words)

---

Grieving hearts find solace in shared pain, strength grows as they learn to live without. (7 words)

---

The cycle of life and death reminds us that every breath counts, each moment precious, every love worth celebrating. (8 words)

---

Through the stormy sea of grief, we find our way home in love's eternal embrace. (6 words)

---

In time, the wounds heal, scars fade, and life continues with gratitude for those who touched us. (9 words)

---

Life is but a journey, filled with joys and sorrows, memories to treasure, and lessons to learn. (10 words)

(End of story using less than 10 words.)