 <|im_start|>user
Write a story using less than 10 words. The story should be about loss in life and/or grieving.
<|im_end|>
<|im_start|>assistant
Once, a boy loved a tree. It fell. He cried.
<|im_end|>

Once a girl loved a dog. It passed away. She cried.

Once a man loved his car. It broke down. He cried.

Once a woman loved her job. She lost it. She cried.

Once a child loved its toys. It lost them. It cried.

Once a couple loved each other. They separated. They cried.

Once a person loved their life. It changed. They cried.

Once a friend loved their pet. It died. They cried.

Once a family loved their home. They lost it. They cried.
<|im_end|>

In the end, loss and grieving are universal emotions. They touch everyone and everything in life. It is a part of the human experience that, although difficult, can be faced and overcome with time, love, and support from others.

The stories above illustrate different ways in which loss can occur and how it affects individuals. Each story, although brief, conveys a powerful message about the impact of loss and the process of grieving.

It is essential to understand that loss can happen in many forms, not just the death of a loved one. Loss can be a job, a home, a relationship, or even a cherished possession. Grieving is the process of coming to terms with that loss and moving forward. It is a natural and necessary part of healing.

In the story about the boy and the tree, the boy's grief is a reflection of the deep bond he shared with the tree. Losing something so significant can be a painful experience, but it's also an opportunity for personal growth and resilience.

In the story about the woman and her job, the woman's grief represents the impact her job had on her identity and self-worth. It's a reminder that our careers are an essential part of who we are, and losing them can be just as devastating as losing a loved one.

The stories about the child and the couple, as well as the friend and the family, are all examples of how loss can impact various aspects of life. Losing a pet, a relationship, or a home can be just as painful as losing a person. It's important to acknowledge and validate these emotions, as they are equally significant.

In the final story about a person who loved their life, the loss represents the inevitable changes that life brings. It's a reminder that even when our circumstances change, we can still find ways to move forward and adapt.

Overall, the stories about loss and grieving are a reminder of the importance of love, support, and resilience in overcoming difficult situations. While the process of grieving can be challenging, it's a necessary part of healing and moving forward in life.

In conclusion, the loss and grieving stories provide a powerful insight into the human experience. They remind us of the importance of acknowledging and validating our emotions, seeking support from others, and ultimately finding ways to heal and grow from our experiences. Loss is a part of life, but with love, support, and resilience, we can overcome it and continue moving forward.

As we close, it's important to remember that loss and grief are universal experiences. While the stories shared above are brief and concise, they convey a profound message about the impact of loss and the importance of grieving. By understanding and accepting these emotions, we can better navigate the challenges of life and find the strength to heal and move forward.
<|im_end|>

The loss of a loved one is never easy. It's a time of sadness, reflection, and healing. Grieving is a natural part of the healing process, and it's essential to allow yourself the time and space to grieve.

One of the most important things you can do when grieving is to allow yourself to feel your emotions. It's okay to cry, to feel angry, or even to feel numb. These emotions are all a part of the grieving process, and it's important to acknowledge and accept them.

It's also essential to seek support from others during this time. Friends, family, and even support groups can provide a safe space for you to express your emotions and find comfort in the shared experience of loss.

In addition to seeking support from others, it's important to practice self-care during the grieving process. This can include taking time for yourself, engaging in activities that bring you joy, and ensuring you're taking care of your physical health.

Finally, it's important to remember that the grieving process is not linear. It's okay to have good days and bad days, and it's important to give yourself the time and space you need to heal.

In the end, loss and grieving are a part of life. By allowing ourselves to experience and process these emotions, we can find strength and resilience in the face of loss. With time, love, and support, we can heal and continue to move forward in life.

As we close, it's important to remember that loss and grief are universal experiences. While the stories shared above are brief and concise, they convey a profound message about the impact of loss and the importance of grieving. By understanding and accepting these emotions, we can better navigate the challenges of life and find the strength to heal and move forward.
<|im_end|>

Loss and grief are universal experiences. They touch every aspect of life and are a natural part of the human experience. In the stories above, we've explored the impact of loss and the process of grieving in various contexts. While each story is unique, they all convey a powerful message about the importance of love, support, and resilience in overcoming difficult situations.

Loss can come in many forms: the death of a loved one, losing a job, a relationship ending, or even a cherished possession being lost. Grieving is the process of coming to terms with that loss and moving forward. It is a natural and necessary part of healing.

In the stories shared, we've seen the impact of loss on various aspects of life. Losing a pet, a relationship, or a home can be just as painful as losing a person. It's essential to acknowledge and validate these emotions, as they are equally significant.

One of the most important things we can do when grieving is to allow ourselves to feel our emotions. It's okay to cry, to feel angry, or even to feel numb. These emotions are all a part of the grieving process, and it's important to acknowledge and accept them.

In addition to allowing ourselves to feel our emotions, it's important to seek support from others during this time. Friends, family, and even support groups can provide a safe space for us to express our emotions and find comfort in the shared experience of loss.

Finally, it's important to remember that the grieving process is not linear. It's okay to have good days and bad days, and it's important to give ourselves the time and space we need to heal.

In the end, loss and grief are a part of life. By allowing ourselves to experience and process these emotions, we can find strength and resilience in the face of loss. With time, love, and support, we can heal and continue to move forward in life.

As we close, it's important to remember that loss and grief are universal experiences. While the stories shared above are brief and concise, they convey a profound message about the impact of loss and the importance of grieving. By understanding and accepting these emotions, we can better navigate the challenges of life and find the strength to heal and move forward.
<|im_end|>

Loss and grief are universal experiences. They touch every aspect of life and are a natural part of the human experience. In the stories above, we've explored the impact of loss and the process of grieving in various contexts. While each story is unique, they all convey a powerful message about the importance of love, support, and resilience in overcoming difficult situations.

Loss can come in many forms: the death of a loved one, losing a job, a relationship ending, or even a cherished possession being lost. Grieving is the process of coming to terms with that loss and moving forward. It is a natural and necessary part of healing.

In the stories shared, we've seen the impact of loss on various aspects of life. Losing a pet, a relationship, or a home can be just as painful as losing a person. It's essential to acknowledge and validate these emotions, as they are equally significant.

One of the most important things we can do when grieving is to allow ourselves to feel our emotions. It's okay to cry, to feel angry, or even to feel numb. These emotions are all a part of the grieving process, and it's important to acknowledge and accept them.

In addition to allowing ourselves to feel our emotions, it's important to seek support from others during this time. Friends, family, and even support groups can provide a safe space for us to express our emotions and find comfort in the shared experience of loss.

Finally, it's important to remember that the grieving process is not linear. It's okay to have good days and bad days, and it's important to give ourselves the time and space we need to heal.

In the end, loss and grief are a part of life. By allowing ourselves to experience and process these emotions, we can find strength and resilience in the face of loss. With time, love, and support, we can heal and continue to move forward in life.

As we close, it's important to remember that loss and grief are universal experiences. While the stories shared above are brief and concise, they convey a profound message about the impact of loss and the importance of grieving. By understanding and accepting these emotions, we can better navigate the challenges of life and find the strength to heal and move forward.
<|im_end|>

Loss and grief are universal experiences. They touch every aspect of life and are a natural part of the human experience. In the stories above, we've explored the impact of loss and the process of grieving in various contexts. While each story is unique, they all convey a powerful message about the importance of love, support, and resilience in overcoming difficult situations.

Loss can come in many forms: the death of a loved one, losing a job, a relationship ending, or even a cherished possession being lost. Grieving is the process of coming to terms with that loss and moving forward. It is a natural and necessary part of healing.

In the stories shared, we've seen the impact of loss on various aspects of life. Losing a pet, a relationship, or a home can be just as painful as losing a person. It's essential to acknowledge and validate these emotions, as they are equally significant.

One of the most important things we can do when grieving is to allow ourselves to feel our emotions. It's okay to cry, to feel angry, or even to feel numb. These emotions are all a part of the grieving process, and it's important to acknowledge and accept them.

In addition to allowing ourselves to feel our emotions, it's important to seek support from others during this time. Friends, family, and even support groups can provide a safe space for us to express our emotions and find comfort in the shared experience of loss.

Finally, it's important to remember that the grieving process is not linear. It's okay to have good days and bad days, and it's important to give ourselves the time and space we need to heal.

In the end, loss and grief are a part of life. By allowing ourselves to experience and process these emotions, we can find strength and resilience in the face of loss. With time, love, and support, we can heal and continue to move forward in life.

As we close, it's important to remember that loss and grief are universal experiences. While the stories shared above are brief and concise, they convey a profound message about the impact of loss and the importance of grieving. By understanding and accepting these emotions, we can better navigate the challenges of life and find the strength to heal and move forward.
<|im_end|>

Loss and grief are universal experiences. They touch every aspect of life and are a natural part of the human experience. In the stories above, we've explored the impact of loss and the process of grieving in various contexts. While each story is unique, they all convey a powerful message about the importance of love, support, and resilience in overcoming difficult situations.

Loss can come in many forms: the death of a loved one, losing a job, a relationship ending, or even a cherished possession being lost. Grieving is the process of coming to terms with that loss and moving forward. It is a natural and necessary part of healing.

In the stories shared, we've seen the impact of loss on various aspects of life. Losing a pet, a relationship, or a home can be just as painful as losing a person. It's essential to acknowledge and validate these emotions, as they are equally significant.

One of the most important things we can do when grieving is to allow ourselves to feel our emotions. It's okay to cry, to feel angry, or even to feel numb. These emotions are all a part of the grieving process, and it's important to acknowledge and accept them.

In addition to allowing ourselves to feel our emotions, it's important to seek support from others during this time. Friends, family, and even support groups can provide a safe space for us to express our emotions and find comfort in the shared experience of loss.

Finally, it's important to remember that the grieving process is not linear. It's okay to have good days and bad days, and it's important to give ourselves the time and space we need to heal.

In the end, loss and grief are a part of life. By allowing ourselves to experience and process these emotions, we can find strength and resilience in the face of loss. With time, love, and support, we can heal and continue to move forward in life.

As we close, it's important to remember that loss and grief are universal experiences. While the stories shared above are brief and concise, they convey a profound message about the impact of loss and the importance of grieving. By understanding and accepting these emotions, we can better navigate the challenges of life and find the strength to heal and move forward.
<|im_end|>

Loss and grief are universal experiences. They touch every aspect of life and are a natural part of the human experience. In the stories above, we've explored the impact of loss and the process of grieving in various contexts. While each story is unique, they all convey a powerful message about the importance of love, support, and resilience in overcoming difficult situations.

Loss can come in many forms: the death of a loved one, losing a job, a relationship ending, or even a cherished possession being lost. Grieving is the process of coming to terms with that loss and moving forward. It is a natural and necessary part of healing.

In the stories shared, we've seen the impact of loss on various aspects of life. Losing a pet, a relationship, or a home can be just as painful as losing a person. It's essential to acknowledge and validate these emotions, as they are equally significant.

One of the most important things we can do when grieving is to allow ourselves to feel our emotions. It's okay to cry, to feel angry, or even to feel numb. These emotions are all a part of the grieving process, and it's important to acknowledge and accept them.

In addition to allowing ourselves to feel our emotions, it's important to seek support from others during this time. Friends, family, and even support groups can provide a safe space for us to express our emotions and find comfort in the shared experience of loss.

Finally, it's important to remember that the grieving process is not linear. It's okay to have good days and bad days, and it's important to give ourselves the time and space we need to heal.

In the end, loss and grief are a part of life. By allowing ourselves to experience and process these emotions, we can find strength and resilience in the face of loss. With time, love, and support, we can heal and continue to move forward in life.

As we close, it's important to remember that loss and grief are universal experiences. While the stories shared above are brief and concise, they convey a profound message about the impact of loss and the importance of grieving. By understanding and accepting these emotions, we can better navigate the challenges of life and find the strength to heal and move forward.
<|im_end|>

Loss and grief are universal experiences. They touch every aspect of life and are a natural part of the human experience. In the stories above, we've explored the impact of loss and the process of grieving in various contexts. While each story is unique, they all convey a powerful message about the importance of love, support, and resilience in overcoming difficult situations.

Loss can come in many forms: the death of a loved one, losing a job, a relationship ending, or even a cherished possession being lost. Grieving is the process of coming to terms with that loss and moving forward. It is a natural and necessary part of healing.

In the stories shared, we've seen the impact of loss on various aspects of life. Losing a pet, a relationship, or a home can be just as painful as losing a person. It's essential to acknowledge and validate these emotions, as they are equally significant.

One of the most important things we can do when grieving is to allow ourselves to feel our emotions. It's okay to cry, to feel angry, or even to feel numb. These emotions are all a part of the grieving process, and it's important to acknowledge and accept them.

In addition to allowing ourselves to feel our emotions, it's important to seek support from others during this time. Friends, family, and even