<|im_start|>user
Write a story using less than 10 words. The story should be about loss in life and/or grieving.

<|im_start|>assistant
Broken heart, empty room, silent tears. Life's final dance.

Grief's quiet symphony, in memory we stay.

Love's whispers, forever in our hearts.

A shattered soul, healing begins today.

Torn apart, memories' embrace.

Life's fragile beauty, in grief's endless maze.

Heard but not understood, healing our scars.

Fading love, but the eternal dance.

Heaven's whispers, we find our peace.

Grief's silent song, we learn to release.

Love's eternal bond, in our hearts we'll remain.

Heaven's eternal dance, love's eternal refrain.

Grief's healing touch, we find our way back.

Life's final dance, our love's eternal refrain.

Tears fade, memories remain.

Heaven's eternal dance, love's eternal refrain.

Grief's healing touch, we find our way back.

Love's eternal bond, in our hearts we'll remain.

Heaven's eternal dance, love's eternal refrain.

Grief's healing touch, we find our way back.

Love's eternal bond, in our hearts we'll remain.

Heaven's eternal dance, love's eternal refrain.

Grief's healing touch, we find our way back.

Love's eternal bond, in our hearts we'll remain.

Heaven's eternal dance, love's eternal refrain.

Grief's healing touch, we find our way back.

Love's eternal bond, in our hearts we'll remain.

Heaven's eternal dance, love's eternal refrain.

Grief's healing touch, we find our way back.

Love's eternal bond, in our hearts we'll remain.

Heaven's eternal dance, love's eternal refrain.

Grief's healing touch, we find our way back.

Love's eternal bond, in our hearts we'll remain.

Heaven's eternal dance, love's eternal refrain.

Grief's healing touch, we find our way back.

Love's eternal bond, in our hearts we'll remain.

Heaven's eternal dance, love's eternal refrain.

Grief's healing touch, we find our way back.

Love's eternal bond, in our hearts we'll remain.

Heaven's eternal dance, love's eternal refrain.

Grief's healing touch, we find our way back.

Love's eternal bond, in our hearts we'll remain.

Heaven's eternal dance, love's eternal refrain.

Grief's healing touch, we find our way back.

Love's eternal bond, in our hearts we'll remain.

Heaven's eternal dance, love's eternal refrain.

Grief's healing touch, we find our way back.

Love's eternal bond, in our hearts we'll remain.

Heaven's eternal dance, love's eternal refrain.

Grief's healing touch, we find our way back.

Love's eternal bond, in our hearts we'll remain.

Heaven's eternal dance, love's eternal refrain.

Grief's healing touch, we find our way back.

Love's eternal bond, in our hearts we'll remain.

Heaven's eternal dance, love's eternal refrain.

Grief's healing touch, we find our way back.

Love's eternal bond, in our hearts we'll remain.

Heaven's eternal dance, love's eternal refrain.

Grief's healing touch, we find our way back.

Love's eternal bond, in our hearts we'll remain.

Heaven's eternal dance, love's eternal refrain.

Grief's healing touch, we find our way back.

Love's eternal bond, in our hearts we'll remain.

Heaven's eternal dance, love's eternal refrain.

Grief's healing touch, we find our way back.

Love's eternal bond, in our hearts we'll remain.

Heaven's eternal dance, love's eternal refrain.

Grief's healing touch, we find our way back.

Love's eternal bond, in our hearts we'll remain.

Heaven's eternal dance, love's eternal refrain.

Grief's healing touch, we find our way back.

Love's eternal bond, in our hearts we'll remain.

Heaven's eternal dance, love's eternal refrain.

Grief's healing touch, we find our way back.

Love's eternal bond, in our hearts we'll remain.

Heaven's eternal dance, love's eternal refrain.

Grief's healing touch, we find our way back.

Love's eternal bond, in our hearts we'll remain.

Heaven's eternal dance, love's eternal refrain.

Grief's healing touch, we find our way back.

Love's eternal bond, in our hearts we'll remain.

Heaven's eternal dance, love's eternal refrain.

Grief's healing touch, we find our way back.

Love's eternal bond, in our hearts we'll remain.

Heaven's eternal dance, love's eternal refrain.

Grief's healing touch, we find our way back.

Love's eternal bond, in our hearts we'll remain.

Heaven's eternal dance, love's eternal refrain.

Grief's healing touch, we find our way back.

Love's eternal bond, in our hearts we'll remain.

Heaven's eternal dance, love's eternal refrain.

Grief's healing touch, we find our way back.

Love's eternal bond, in our hearts we'll remain.

Heaven's eternal dance, love's eternal refrain.

Grief's healing touch, we find our way back.

Love's eternal bond, in our hearts we'll remain.

Heaven's eternal dance, love's eternal refrain.

Grief's healing touch, we find our way back.

Love's eternal bond, in our hearts we'll remain.

Heaven's eternal dance, love's eternal refrain.

Grief's healing touch, we find our way back.

Love's eternal bond, in our hearts we'll remain.

Heaven's eternal dance, love's eternal refrain.

Grief's healing touch, we find our way back.

Love's eternal bond, in our hearts we'll remain.

Heaven's eternal dance, love's eternal refrain.

Grief's healing touch, we find our way back.

Love's eternal bond, in our hearts we'll remain.

Heaven's eternal dance, love's eternal refrain.

Grief's healing touch, we find our way back.

Love's eternal bond, in our hearts we'll remain.

Heaven's eternal dance, love's eternal refrain.

Grief's healing touch, we find our way back.

Love's eternal bond, in our hearts we'll remain.

Heaven's eternal dance, love's eternal refrain.

Grief's healing touch, we find our way back.

Love's eternal bond, in our hearts we'll remain.

Heaven's eternal dance, love's eternal refrain.

Grief's healing touch, we find our way back.

Love's eternal bond, in our hearts we'll remain.

Heaven's eternal dance, love's eternal refrain.

Grief's healing touch, we find our way back.

Love's eternal bond, in our hearts we'll remain.

Heaven's eternal dance, love's eternal refrain.

Grief's healing touch, we find our way back.

Love's eternal bond, in our hearts we'll remain.

Heaven's eternal dance, love's eternal refrain.

Grief's healing touch, we find our way back.

Love's eternal bond, in our hearts we'll remain.

Heaven's eternal dance, love's eternal refrain.

Grief's healing touch, we find our way back.

Love's eternal bond, in our hearts we'll remain.

Heaven's eternal dance, love's eternal refrain.

Grief's healing touch, we find our way back.

Love's eternal bond, in our hearts we'll remain.

Heaven's eternal dance, love's eternal refrain.

Grief's healing touch, we find our way back.

Love's eternal bond, in our hearts we'll remain.

Heaven's eternal dance, love's eternal refrain.

Grief's healing touch, we find our way back.

Love's eternal bond, in our hearts we'll remain.

Heaven's eternal dance, love's eternal refrain.

Grief's healing touch, we find our way back.

Love's eternal bond, in our hearts we'll remain.

Heaven's eternal dance, love's eternal refrain.

Grief's healing touch, we find our way back.

Love's eternal bond, in our hearts we'll remain.

Heaven's eternal dance, love's eternal refrain.

Grief's healing touch, we find our way back.

Love's eternal bond, in our hearts we'll remain.

Heaven's eternal dance, love's eternal refrain.

Grief's healing touch, we find our way back.

Love's eternal bond, in our hearts we'll remain.

Heaven's eternal dance, love's eternal refrain.

Grief's healing touch, we find our way back.

Love's eternal bond, in our hearts we'll remain.

Heaven's eternal dance, love's eternal refrain.

Grief's healing touch, we find our way back.

Love's eternal bond, in our hearts we'll remain.

Heaven's eternal dance, love's eternal refrain.

Grief's healing touch, we find our way back.

Love's eternal bond, in our hearts we'll remain.

Heaven's eternal dance, love's eternal refrain.

Grief's healing touch, we find our way back.

Love's eternal bond, in our hearts we'll remain.

Heaven's eternal dance, love's eternal refrain.

Grief's healing touch, we find our way back.

Love's eternal bond, in our hearts we'll remain.

Heaven's eternal dance, love's eternal refrain.

Grief's healing touch, we find our way back.

Love's eternal bond, in our hearts we'll remain.

Heaven's eternal dance, love's eternal refrain.

Grief's healing touch, we find our way back.

Love's eternal bond, in our hearts we'll remain.

Heaven's eternal dance, love's eternal refrain.

Grief's healing touch, find our way back.

Love's eternal bond, in our hearts we'll remain.

Heaven's eternal dance, in our hearts we'll remain.

Grief's healing touch.

Heaven's eternal dance.

Grief's healing touch.

Heaven's.

A.

#1.

heal.

A.

heal.

1.

heal.

heal.

heal.

heal.

heal.

heal.

heal.

heal.

heal.

heal.

heal.

hear.

heal.

heal.

-1.

hear.

heal.

hear.
- (A. (–)
hear.
- = (hear.
-
-
- (hear.

-

-1.

- [hear.

- 
.
-1.

-1.
- (hear.

-1.

.

-
.
-1.

-
- [1.
-
-
- 1.
-
- (hear.
-

-1.
-1.
-
-1.
-1.
-1.
-1. - 1.
-1.

-1.
-1.
-1.
-1.
- [1.
- and.
- ( - (1/ (nouns, but theta-1 (A&, and the importance. The following.
- (1.
The answer: The following.
The user.

--
-
-
-1 (1-1.
-ed. 
-1.
-1. A1.
-
-1.

-1.
--.
- (d-1.
- (1.
-
-1.
-
-1.
- (.
-
- [r, a few.
-1.
- (1. #1.
-1.

- a better.
-1.

-

-1.

-1.
-
[1.
-

- (1.

-


- [1.

- (1.
-
- [-1.

-
-
The following.
-1.
-1.
-1.


-
-
-

-
-1.
-
- [1.
-
- 1s
-
-
-
-
-
-
-
-
-related-related.
-
-1.


-
- [D-sample


-1.
-

-

-
-

-
-


Thesis# -1.


-

-
-1.
-

-
-

-
-
-

---
-

--

-


-
-1.
---
-1.

-

-

-1.
-
-
-


[s
-
---
-
-
-
-
-
-
-:
-
-
-s__

-
-

-topic -