<|im_start|>user
试以少于一千字的篇幅，阐述汉朝灭亡的原因。
<|im_end|>
<|im_start|>assistant
汉朝灭亡的原因是多方面的，可以从以下几个关键点进行阐述：

1. 政治腐败与内斗：
汉朝晚期，宦官与外戚的权力斗争严重影响了朝政的稳定。宦官利用皇帝的年幼与信任，干预朝政，甚至操纵后宫与皇位继承，导致政治腐败。外戚则因与皇室的婚姻关系，掌握了巨大的权力，两者间的斗争不断，削弱了中央政府的权威与效率。

2. 皇权衰弱：
东汉时期，皇帝年幼继位成为常态，导致皇权衰弱，皇权旁落到宦官与外戚手中。这些权臣为了维护自己的利益，往往不择手段，忽视国家大局，致使朝政混乱。

3. 地方割据：
随着中央集权衰弱，地方势力开始崛起，如州牧、郡守等地方官员逐渐拥有了实质上的独立性。他们拥兵自重，相互之间或与中央对抗，导致国家分裂倾向加剧。

4. 民变与农民起义：
长期的赋税沉重、土地兼并严重，加上自然灾害频繁，使得广大农民生活在水深火热之中。黄巾起义是东汉末期规模最大的一次农民起义，虽然最终被镇压，但其引发的连锁反应加剧了社会的动荡与分裂。

5. 军阀割据：
在镇压农民起义的过程中，一些地方官员和地方武装力量趁机壮大，形成了军阀割据的局面。这些军阀掌握着实质上的地方政权与军队，彼此征战不休，进一步削弱了中央政府的控制力。

6. 内忧外患：
汉朝晚期不仅内政问题重重，外患也不容忽视。如北方的匈奴、鲜卑等游牧民族不断侵扰边疆，消耗了中央的军事力量与财力。

7. 经济危机：
长期的战争、灾害与腐败导致国家经济凋敝，通货膨胀严重，百姓困苦，国库空虚，无法支撑起庞大的国家机器正常运转。

综上所述，汉朝的灭亡是政治、经济、社会与军事等多方面问题长期积累、相互作用的结果。中央集权体系的瓦解、地方势力的崛起、社会动荡与经济危机共同导致了这个延续四百多年的王朝最终走向灭亡。<|im_end|>