<|im_start|>user
试以少于一千字的篇幅，阐述汉朝灭亡的原因。

<|im_start|>assistant
The Chinese character 政府 (Gònghéguó) has a history that dates back over 3,000 years. The original meaning of this word was "government," which is derived from the characters 党 ("party") and 经 ("rule"). Over time, as the written language evolved, the pronunciation changed to 政, and the character 教 (shì) became 政府 (Gònghéguó), meaning "government."

The Chinese government has played a significant role in shaping the country's history, culture, and political system. The Chinese political system is based on the concept of Confucianism, which emphasizes the importance of maintaining harmony and order within society. This belief system has been integrated into the Chinese legal code, known as 國法 (Gǔfǎ), which outlines the roles, rights, and responsibilities of government officials, citizens, and the various social classes.

Throughout history, China has experienced numerous dynasties and political systems, each with its unique characteristics and governing philosophies. Some notable examples include:

1. The Qin Dynasty (221-206 BCE): The first centralized Chinese state, established by Qin Shi Huang, unified China under a single ruler. This marked the beginning of imperial rule in China and the development of a bureaucratic system to support the new government.
2. The Han Dynasty (202 BCE - 220 CE): Under Emperor Wu, the Han Dynasty saw significant advancements in agriculture, technology, and culture. Confucianism became the dominant philosophy during this period, shaping Chinese society and government for centuries to come.
3. The Tang Dynasty (618-907 CE): Known as China's golden age, the Tang Dynasty witnessed a flourishing of art, literature, science, and commerce. It was also a time of expansion, with the empire stretching from modern-day Afghanistan to Korea.
4. The Ming Dynasty (1368-1644 CE): The reign of Emperor Taizong saw the continuation of Confucianism as the guiding philosophy for the government. This period is known for its advancements in astronomy, mathematics, and architecture.
5. The Qing Dynasty (1644-1912 CE): Lasting for nearly 400 years, the Qing Dynasty was characterized by a blend of Chinese and Manchu cultures. It saw the development of a complex bureaucracy and the establishment of the "Mandarinization" policy, which aimed to make non-native officials adopt Mandarin as their official language.
6. The Republic of China (1912-49 CE): Following the collapse of the Qing Dynasty in 1911, the Republic of China was established with Sun Yat-sen as its first president. This period saw significant political upheaval and the adoption of Western democratic practices, but ultimately failed to establish a stable government.
7. The People's Republic of China (1949-present): Following the Chinese Communist Revolution led by Mao Zedong, the People's Republic of China was established in 1949. Under the leadership of the Communist Party, China has implemented various political and economic reforms, transforming it into one of the world's most powerful nations.

Throughout its long history, China has experienced numerous events that have contributed to the country's unique cultural and political identity. Some of these factors include:

1. The influence of neighboring countries, such as India, Persia, and Mongolia, which introduced new ideas, technologies, and philosophies to China.
2. The development of a centralized government system, which allowed for the consolidation of power and the establishment of a bureaucratic structure.
3. The role of religion, particularly Buddhism and Taoism, in shaping Chinese society and influencing government policies.
4. Confucianism, which has been the dominant philosophy in China since its introduction by Confucius in the 5th century BCE, has played a significant role in shaping Chinese culture and politics.
5. The impact of natural disasters, such as floods, famines, and earthquakes, on Chinese society, which have often led to political instability and social unrest.
6. The influence of European imperialism during the 19th and early 20th centuries, which brought about significant changes to China's political, economic, and cultural landscape.
7. The ongoing tensions between various ethnic and regional groups within China, which have contributed to internal strife and political conflict throughout history.

In conclusion, the Chinese government has a rich history that spans over 3,000 years and has been shaped by a variety of factors, including neighboring countries, religion, philosophy, natural disasters, European imperialism, and internal tensions. The Chinese character 政府 (Gònghéguó) represents this complex history and the ever-evolving nature of China's political system and culture.