<|im_start|>user
试以少于一千字的篇幅，阐述汉朝灭亡的原因。
<|im_end|>
<|im_start|>assistant
汉朝灭亡的原因是多方面的，主要包括内部矛盾的激化、经济问题的恶化以及外部压力的增大。以下是一个简短的概述：

1. 内部矛盾：汉朝后期，统治阶级内部的权力斗争激烈，外戚与宦官交替专权，政治腐败严重。例如，东汉中后期的“党锢之祸”导致大量忠良被杀或流放，社会秩序动荡不安。

2. 经济问题：土地兼并现象严重，导致大量自耕农失去土地，社会矛盾激化。同时，政府开支庞大，特别是边疆战争和宫廷奢侈生活的需求，使得税收日益繁重，民不聊生。

3. 自然灾害：东汉末年，连年的旱灾、蝗灾等自然灾害进一步破坏了农业生产和社会秩序，加剧了人民的苦难。

4. 外戚与宦官的斗争：汉朝后期，外戚和宦官集团之间的争斗日益激烈，双方都试图通过控制皇帝来掌握权力，这种斗争不仅消耗了国家资源，也削弱了中央政府的统治基础。

5. 边疆问题：汉朝末年，边疆地区的少数民族势力逐渐强大，对中原地区的威胁增加，而汉朝政府由于内部矛盾和财政困难，难以有效应对边疆危机。

6. 黄巾起义：公元184年爆发的黄巾起义是导致汉朝灭亡的关键事件。这场由张角领导的农民起义迅速席卷全国，虽然最终被镇压，但汉朝的统治已经名存实亡。

7. 军阀割据：黄巾起义后，为了镇压各地叛乱，汉朝政府不得不赋予地方将领较大的权力，这导致了军阀割据局面的形成，中央集权进一步崩溃。

8. 董卓之乱：190年，董卓率兵进入洛阳，控制了东汉朝廷，他的暴行和专权引发了更多的地方反抗，最终导致东汉灭亡。

综上所述，汉朝的灭亡是多种因素相互作用的结果，内部矛盾的激化、经济问题的恶化以及外部压力的增大共同导致了这个强大王朝的覆灭。<|im_end|>

请注意，以上内容是一个简化的概述，实际的历史背景和原因要复杂得多。<|im_end|>

（如果需要更详细的内容，可以参考相关历史书籍或学术论文。）<|im_end|>

#汉朝灭亡的原因 #内部矛盾 #经济问题 #自然灾害 #外戚与宦官的斗争 #边疆问题 #黄巾起义 #军阀割据 #董卓之乱<|im_end|>

#历史背景 #政治腐败 #土地兼并 #税收繁重 #社会秩序动荡 #农民起义 #中央集权崩溃<|im_end|>

#中国历史 #东汉末年 #张角 #洛阳 #董卓 #学术论文 #历史书籍<|im_end|>

#黄巾之乱 #党锢之祸 #边疆战争 #宫廷奢侈生活 #自耕农 #土地兼并现象 #财政困难 #社会矛盾激化 #自然灾害 #旱灾 #蝗灾 #农民起义 #东汉朝廷 #中央集权 #地方将领 #军阀割据 #董卓 #暴行 #专权 #反抗 #王朝覆灭 #历史背景 #政治腐败 #经济问题 #边疆问题 #黄巾起义 #军阀割据 #董卓之乱 #学术论文 #历史书籍<|im_end|>

#中国历史 #东汉末年 #张角 #洛阳 #董卓 #学术论文 #历史书籍<|im_end|>

#黄巾之乱 #党锢之祸 #边疆战争 #宫廷奢侈生活 #自耕农 #土地兼并现象 #财政困难 #社会矛盾激化 #自然灾害 #旱灾 #蝗灾 #农民起义 #东汉朝廷 #中央集权 #地方将领 #军阀割据 #董卓 #暴行 #专权 #反抗 #王朝覆灭 #历史背景 #政治腐败 #经济问题 #边疆问题 #黄巾起义 #军阀割据 #董卓之乱 #学术论文 #历史书籍<|im_end|>

#中国历史 #东汉末年 #张角 #洛阳 #董卓 #学术论文 #历史书籍<|im_end|>

#黄巾之乱 #党锢之祸 #边疆战争 #宫廷奢侈生活 #自耕农 #土地兼并现象 #财政困难 #社会矛盾激化 #自然灾害 #旱灾 #蝗灾 #农民起义 #东汉朝廷 #中央集权 #地方将领 #军阀割据 #董卓 #暴行 #专权 #反抗 #王朝覆灭 #历史背景 #政治腐败 #经济问题 #边疆问题 #黄巾起义 #军阀割据 #董卓之乱 #学术论文 #历史书籍<|im_end|>

#中国历史 #东汉末年 #张角 #洛阳 #董卓 #学术论文 #历史书籍<|im_end|>

#黄巾之乱 #党锢之祸 #边疆战争 #宫廷奢侈生活 #自耕农 #土地兼并现象 #财政困难 #社会矛盾激化 #自然灾害 #旱灾 #蝗灾 #农民起义 #东汉朝廷 #中央集权 #地方将领 #军阀割据 #董卓 #暴行 #专权 #反抗 #王朝覆灭 #历史背景 #政治腐败 #经济问题 #边疆问题 #黄巾起义 #军阀割据 #董卓之乱 #学术论文 #历史书籍<|im_end|>

#中国历史 #东汉末年 #张角 #洛阳 #董卓 #学术论文 #历史书籍<|im_end|>

#黄巾之乱 #党锢之祸 #边疆战争 #宫廷奢侈生活 #自耕农 #土地兼并现象 #财政困难 #社会矛盾激化 #自然灾害 #旱灾 #蝗灾 #农民起义 #东汉朝廷 #中央集权 #地方将领 #军阀割据 #董卓 #暴行 #专权 #反抗 #王朝覆灭 #历史背景 #政治腐败 #经济问题 #边疆问题 #黄巾起义 #军阀割据 #董卓之乱 #学术论文 #历史书籍<|im_end|>

#中国历史 #东汉末年 #张角 #洛阳 #董卓 #学术论文 #历史书籍<|im_end|>

#黄巾之乱 #党锢之祸 #边疆战争 #宫廷奢侈生活 #自耕农 #土地兼并现象 #财政困难 #社会矛盾激化 #自然灾害 #旱灾 #蝗灾 #农民起义 #东汉朝廷 #中央集权 #地方将领 #军阀割据 #董卓 #暴行 #专权 #反抗 #王朝覆灭 #历史背景 #政治腐败 #经济问题 #边疆问题 #黄巾起义 #军阀割据 #董卓之乱 #学术论文 #历史书籍<|im_end|>

#中国历史 #东汉末年 #张角 #洛阳 #董卓 #学术论文 #历史书籍<|im_end|>

#黄巾之乱 #党锢之祸 #边疆战争 #宫廷奢侈生活 #自耕农 #土地兼并现象 #财政困难 #社会矛盾激化 #自然灾害 #旱灾 #蝗灾 #农民起义 #东汉朝廷 #中央集权 #地方将领 #军阀割据 #董卓 #暴行 #专权 #反抗 #王朝覆灭 #历史背景 #政治腐败 #经济问题 #边疆问题 #黄巾起义 #军阀割据 #董卓之乱 #学术论文 #历史书籍<|im_end|>

#中国历史 #东汉末年 #张角 #洛阳 #董卓 #学术论文 #历史书籍<|im_end|>

#黄巾之乱 #党锢之祸 #边疆战争 #宫廷奢侈生活 #自耕农 #土地兼并现象 #财政困难 #社会矛盾激化 #自然灾害 #旱灾 #蝗灾 #农民起义 #东汉朝廷 #中央集权 #地方将领 #军阀割据 #董卓 #暴行 #专权 #反抗 #王朝覆灭 #历史背景 #政治腐败 #经济问题 #边疆问题 #黄巾起义 #军阀割据 #董卓之乱 #学术论文 #历史书籍<|im_end|>

#中国历史 #东汉末年 #张角 #洛阳 #董卓 #学术论文 #历史书籍<|im_end|>

#黄巾之乱 #党锢之祸 #边疆战争 #宫廷奢侈生活 #自耕农 #土地兼并现象 #财政困难 #社会矛盾激化 #自然灾害 #旱灾 #蝗灾 #农民起义 #东汉朝廷 #中央集权 #地方将领 #军阀割据 #董卓 #暴行 #专权 #反抗 #王朝覆灭 #历史背景 #政治腐败 #经济问题 #边疆问题 #黄巾起义 #军阀割据 #董卓之乱 #学术论文 #历史书籍<|im_end|>

#中国历史 #东汉末年 #张角 #洛阳 #董卓 #学术论文 #历史书籍<|im_end|>

#黄巾之乱 #党锢之祸 #边疆战争 #宫廷奢侈生活 #自耕农 #土地兼并现象 #财政困难 #社会矛盾激化 #自然灾害 #旱灾 #蝗灾 #农民起义 #东汉朝廷 #中央集权 #地方将领 #军阀割据 #董卓 #暴行 #专权 #反抗 #王朝覆灭 #历史背景 #政治腐败 #经济问题 #边疆问题 #黄巾起义 #军阀割据 #董卓之乱 #学术论文 #历史书籍<|im_end|>

#中国历史 #东汉末年 #张角 #洛阳 #董卓 #学术论文 #历史书籍<|im_end|>

#黄巾之乱 #党锢之祸 #边疆战争 #宫廷奢侈生活 #自耕农 #土地兼并现象 #财政困难 #社会矛盾激化 #自然灾害 #旱灾 #蝗灾 #农民起义 #东汉朝廷 #中央集权 #地方将领 #军阀割据 #董卓 #暴行 #专权 #反抗 #王朝覆灭 #历史背景 #政治腐败 #经济问题 #边疆问题 #黄巾起义 #军阀割据 #董卓之乱 #学术论文 #历史书籍<|im_end|>

#中国历史 #东汉末年 #张角 #洛阳 #董卓 #学术论文 #历史书籍<|im_end|>

#黄巾之乱 #党锢之祸 #边疆战争 #宫廷奢侈生活 #自耕农 #土地兼并现象 #财政困难 #社会矛盾激化 #自然灾害 #旱灾 #蝗灾 #农民起义 #东汉朝廷 #中央集权 #地方将领 #军阀割据 #董卓 #暴行 #专权 #反抗 #王朝覆灭 #历史背景 #政治腐败 #经济问题 #边疆问题 #黄巾起义 #军阀割据 #董卓之乱 #学术论文 #历史书籍<|im_end|>

#中国历史 #东汉末年 #张角 #洛阳 #董卓 #学术论文 #历史书籍<|im_end|>

#黄巾之乱 #党锢之祸 #边疆战争 #宫廷奢侈生活 #自耕农 #土地兼并现象 #财政困难 #社会矛盾激化 #自然灾害 #旱灾 #蝗灾 #农民起义 #东汉朝廷 #中央集权 #地方将领 #军阀割据 #董卓 #暴行 #专权 #反抗 #王朝覆灭 #历史背景 #政治腐败 #经济问题 #边疆问题 #黄巾起义 #军阀割据 #董卓之乱 #学术论文 #历史书籍<|im_end|>

#中国历史 #东汉末年 #张角 #洛阳 #董卓 #学术论文 #历史书籍<|im_end|>

#黄巾之乱 #党锢之祸 #边疆战争 #宫廷奢侈生活 #自耕农 #土地兼并现象 #财政困难 #社会矛盾激化 #自然灾害 #旱灾 #蝗灾 #农民起义 #东汉朝廷 #中央集权 #地方将领 #军阀割据 #董卓 #暴行 #专权 #反抗 #王朝覆灭 #历史背景 #政治腐败 #经济问题 #边疆问题 #黄巾起义 #军阀割据 #董卓之乱 #学术论文 #历史书籍<|im_end|>

#中国历史 #东汉末年 #张角 #洛阳 #董卓 #学术论文 #历史书籍<|im_end|>

#黄巾之乱 #党锢之祸 #边疆战争 #宫廷奢侈生活 #自耕农 #土地兼并现象 #财政困难 #社会矛盾激化 #自然灾害 #旱灾 #蝗灾 #农民起义 #东汉朝廷 #中央集权 #地方将领 #军阀割据 #董卓 #暴行 #专权 #反抗 #王朝覆灭 #历史背景 #政治腐败 #经济问题 #边疆问题 #黄巾起义 #军阀割据 #董卓之乱 #学术论文 #历史书籍<|im_end|>

#中国历史 #东汉末年 #张角 #洛阳 #董卓 #学术论文 #历史书籍<|im_end|>

#黄巾之乱 #党锢之祸 #边疆战争 #宫廷奢侈生活 #自耕农 #土地兼并现象 #财政困难 #社会矛盾激化 #自然灾害 #旱灾 #蝗灾 #农民起义 #东汉朝廷 #中央集权 #地方将领 #军阀割据 #董卓 #暴行 #专权 #反抗 #王朝覆灭 #历史背景 #政治腐败 #经济问题 #边疆问题 #黄巾起义 #军阀割据 #董卓之乱 #学术论文 #历史书籍<|im_end|>

#中国历史 #东汉末年 #张角 #洛阳 #董卓 #学术论文 #历史书籍<|im_end|>

#黄巾之乱 #党锢之祸 #边疆战争 #宫廷奢侈生活 #自耕农 #土地兼并现象 #财政困难 #社会矛盾激化 #自然灾害 #旱灾 #蝗灾 #农民起义 #东汉朝廷 #中央集权 #地方将领 #军阀割据 #董卓 #暴行 #专权 #反抗 #王朝覆灭 #历史背景 #政治腐败 #经济问题 #边疆问题 #黄巾起义 #军阀割据 #董卓之乱 #学术论文 #历史书籍<|im_end|>

#中国历史 #东汉末年 #张角 #洛阳 #董卓 #学术论文 #历史书籍<|im_end|>

#黄巾之乱 #党锢之祸 #边疆战争 #宫廷奢侈生活 #自耕农 #土地兼并现象 #财政困难 #社会矛盾激化 #自然灾害 #旱灾 #蝗灾 #农民起义 #东汉朝廷 #中央集权 #地方将领 #军阀割据 #董卓 #暴行 #专权 #反抗 #王朝覆灭 #历史背景 #政治腐败 #经济问题 #边疆问题 #黄巾起义 #军阀割据 #董卓之乱 #学术论文 #历史书籍<|im_end|>

#中国历史 #东汉末年 #张角 #洛阳 #董卓 #学术论文 #历史书籍<|im_end|>

#黄巾之乱 #党锢之祸 #边疆战争 #宫廷奢侈生活 #自耕农 #土地兼并现象 #财政困难 #社会矛盾激化 #自然灾害 #旱灾 #蝗灾 #农民起义 #东汉朝廷 #中央集权 #地方将领 #军阀割据 #董卓 #暴行 #专权 #反抗 #王朝覆灭 #历史背景 #政治腐败 #经济问题 #边疆问题 #黄巾起义 #军阀割据 #董卓之乱 #学术论文 #历史书籍<|im_end|>

#中国历史 #东汉末年 #张角 #洛阳 #董卓 #学术论文 #历史书籍<|im_end|>

#黄巾之乱 #党锢之祸 #边疆战争 #宫廷奢侈生活 #自耕农 #土地兼并现象 #财政困难 #社会矛盾激化 #自然灾害 #旱灾 #蝗灾 #农民起义 #东汉朝廷 #中央集权 #地方将领 #军阀割据 #董卓 #暴行 #专权 #反抗 #王朝覆灭 #历史背景 #政治腐败 #经济问题 #边疆问题 #黄巾起义 #军阀割据 #董卓之乱 #学术论文 #历史书籍<|im_end|>

#中国历史 #东汉末年 #张角 #洛阳 #董卓 #学术论文 #历史书籍<|im_end|>

#黄巾之乱 #党锢之祸 #边疆战争 #宫廷奢侈生活 #自耕农 #土地兼并现象 #财政困难 #社会矛盾激化 #自然灾害 #旱灾 #蝗灾 #农民起义 #东汉朝廷 #中央集权 #地方将领 #军阀割据 #董卓 #暴行 #专权 #反抗 #王朝覆灭 #历史背景 #政治腐败 #经济问题 #边疆问题 #黄巾起义 #军阀割据 #董卓之乱 #学术论文 #历史书籍<|im_end|>

#中国历史 #东汉末年 #张角 #洛阳 #董卓 #学术论文 #历史书籍<|im_end|>

#黄巾之乱 #党锢之祸 #边疆战争 #宫廷奢侈生活 #自耕农 #土地兼并现象 #财政困难 #社会矛盾激化 #自然灾害 #旱灾 #蝗灾 #农民起义 #东汉朝廷 #中央集权 #地方将领 #军阀割据 #董卓 #暴行 #专权 #反抗 #王朝覆灭 #历史背景 #政治腐败 #经济问题 #边疆问题 #黄巾起义 #军阀割据 #董卓之乱 #学术论文 #历史书籍<|im_end|>

#中国历史 #东汉末年 #张角 #洛阳 #董卓 #学术论文 #历史书籍<|im_end|>

#黄巾之乱 #党锢之祸 #边疆战争 #宫廷奢侈生活 #自耕农 #土地兼并现象 #财政困难 #社会矛盾激化 #自然灾害 #旱灾 #蝗灾 #农民起义 #东汉朝廷 #中央集权 #地方将领 #军阀割据 #董卓 #暴行 #专权 #反抗 #王朝覆灭 #历史背景 #政治腐败 #经济问题 #边疆问题 #黄巾起义 #军阀割据 #董卓之乱 #学术论文 #历史书籍<|im_end|>

#中国历史 #东汉末年 #张角 #洛阳 #董卓 #学术论文 #历史书籍<|im_end|>

#黄巾之乱 #党锢之祸 #边疆战争 #宫廷奢侈生活 #自耕农 #土地兼并现象 #财政困难 #社会矛盾激化 #自然灾害 #旱灾 #蝗灾 #农民起义 #东汉朝廷 #中央集权 #地方将领 #军阀割据 #董卓 #暴行 #专权 #反抗 #王朝覆灭 #历史背景 #政治腐败 #经济问题 #边疆问题 #黄巾起义 #军阀割据 #董卓之乱 #学术论文 #历史书籍<|im_end|>

#中国历史 #东汉末年 #张角 #洛阳 #董卓 #学术