 <|im_start|>user
应如何评价宋朝政治得失？请用学术角度深入分析。
<|im_end|>
<|im_start|>assistant
宋朝（960-1279 年）是中国历史上的一个重要时期，它在政治、经济、文化等方面都取得了显著成就。然而，任何一个朝代的发展都不可能一帆风顺，宋朝也存在着一些得失。以下是从学术角度对宋朝政治得失的分析：

1. 得：科举制度的改革与完善
宋朝继承并完善了唐朝的科举制度，使之成为选拔官员的主要方式。科举考试更加注重实用知识和技能，减少了文学修养在考试中的比重，这一改革极大地提高了社会流动性，让更多平民百姓有机会通过自己的努力获得仕途。

2. 得：三司制度的建立与完善
宋朝设立司勋、司谏和门下省三个重要的内阁机构，它们分别负责处理行政事务、提出建议和处理日常政务。这种安排使得皇帝能够更好地听取不同意见，避免了权力过于集中导致的滥用职权问题。

3. 得：军制改革
宋朝在军事上采取了一系列改革措施，比如废除宦官控制的禁军，设置府兵制等。这些改革提高了军队的效率和士气，但也因此引发了宦官势力的反弹和内部矛盾的加剧。

1. 得：法律与治理创新
宋朝在法律上进行了大量创新，如颁布《宋刑统》、《宋史》等法典，并且注重治理的科学性和规范性。这些措施有助于维护社会秩序，促进国家长期稳定发展。

2. 得：对外贸易与经济繁荣
宋朝大力发展对外贸易，特别是海上丝绸之路和陆上茶马古道的繁荣，带动了整个国家的经济发展。同时，宋朝还推行轻徭薄赋政策，减少了税收负担，刺激了市场经济的兴起。

3. 得：科技与文化的繁荣
宋朝是中国历史上科技和文化高峰的代表时期之一。无论是在科学技术（如活字印刷、火药使用）还是在文化艺术（如诗词、书画、音乐）方面，宋朝都取得了辉煌的成就。

然而，宋朝政治上也存在一些不足之处：

1. 失：北宋的军事弱点
由于过分依赖北方边疆的守卫，北宋没有建立一个强大的中央集权式的常备军。这种军事体制的缺陷导致了后来辽、金等民族的侵袭和北宋政权的覆灭。

2. 失：皇权与士人阶层的矛盾
虽然科举制度提高了社会流动性，但也加剧了皇帝与士人之间的矛盾。士人阶级由于受到儒家文化的影响，往往强调个人修养和道德伦理，而不是实际政绩，这与宋朝皇权所需的忠诚和效率有时相悖。

3. 失：财政压力与内乱
由于军事开支的增加以及对外贸易的竞争，北宋政府面临着巨大的财政压力。此外，隋末战乱后人口锐减，社会经济基础薄弱，导致了一系列民变和内乱的爆发，如王安石改革期间的新党与旧党之争等。

4. 失：皇权与地方势力的矛盾
宋朝中后期，地方豪强势力日渐壮大，与中央集权之间的矛盾加剧。这些地方势力往往拥有庞大的私人武装，甚至能够对抗皇帝的统治，导致国家分裂和政权更替频繁。

总体来说，宋朝在政治上取得了一定的成就，但也存在明显的不足。这些得失反映了宋朝时期中国社会结构、经济发展水平以及外部环境等多方面因素的影响。通过对宋朝政治得失的分析，我们可以更好地理解中国封建社会的历史进程和特点。
