<|im_start|>user
应如何评价宋朝政治得失？请用学术角度深入分析。

<|im_start|>assistant
 在讨论哪场时代有着浓厚的文化成就与文化重建，同时也有着较低的中央权力和稳定性时，我们通常会谈论到经历了多场帝王革新的隋朝时期（581-618），那时候中国文化和文化重建进程非常繁整。但在这个时代中，有着同样重要的文化重建进程：即是同时代的南朝时期（420-589），它与隋朝一同成功地接替了西晉朝时期的经历。同时，在这场时代中，有着最有名的一场朝时：即是诞生于581年的李世民的大明朝（581-618），也就是我们今天所说的“송朝”（“Song Dynasty”）。

在考虑大明朝政治得失时，我们通常会分析他们在中央权力的工作上的进度、中央权力的稳定性以及他们在文化重建上的成绩。同时，我们也会考虑他们在经济、战术与外交方面的进跨，因为这些都被证实是掌握中央权力的重要代表之一。

在中央权力和稳定性方面，大明朝有着较低的分数。在他们时期中，中国经历了非常大的地域纵悬和地方主权，例如南下到今天的荆州和岭南地区的倭寇（Wu Clan）以及西部的秦时代。同时，大明朝也不能完全解决中国在南下时期遭受的挫败，例如他们在1077年失去南下地界、1161年失去岭南地域以及1234年失去北部地界等。在这场时代中，大明朝的中央权力不能匹抗同时代的西朝隋朝和元朝（1279-1368），他们非常有名的“天下”宣言也不能实际地支持。同时，在大明朝时期中，中国经历了非常大的经济危机、农场饥荒以及人口下降等。

但在文化重建上，大明朝有着较低的分数。他们在文化方面的成绩非常惊人的，例如他们在文学、文化、科学与技术中进跨的非常大：例如诞生了李弘之和龟蒙、贺铸和李杜等文学家。同时，大明朝有着非常有名的科学家，例如水域理学家史汪疆和数学家李弘之。同时，在大明朝时期中，中国文化中的非常重要的改进进程是“文化经典”（Confucian Classics）的解释，例如在《论语》中的“道”的理解上的改进等。同时，在大明朝时期中，中国文化中非常重要的改进进程是“文化经典”（Confucian Classics）的解释，例如在《论语》中的“道”的理解上的改进等。

同时，大明朝在经济、战术与外交方面也有着较低的分数：例如他们在农场上的非常大改进（例如农场工业化的推动）以及他们在水域理学中的非常大进跨等。同时，大明朝在战术与外交方面的进步也非常惊人：例如他们在1127年完成南下中的最后一场战争（《夷炎》）等。

因此，在讨论大明朝政治得失时，我们可以在中央权力方面不赞同他们的工作，但在文化重建、经济、战术与外交方面我们会非常赞同他们的进跨：例如他们在农场上的非常大改进（例如农场工业化的推动）以及他们在水域理学中的非常大进跨等。同时，大明朝在战术与外交方面的进步也非常惊人：例如他们在1127年完成南下中的最后一场战争（《夷炎》）等。

因此，在讨论大明朝政治得失时，我们可以在中央权力方面不赞同他们的工作，但在文化重建、经济、战术与外交方面我们会非常赞同他们的进跨：例如他们在农场上的非常大改进（例如农场工业化的推动）以及他们在水域理学中的非常大进扫等。同时，大明朝在战术与外交方面的进步也非常惊人：例如他们在1127年完成南下中的最后一场战争（《夷炎》）等。

因此，在讨论大明朝政治得失时，我们可以在中央权力方面不赞同他们的工作，但在文化重建、经济、战术与外交方面我们会非常赞同他们的进跨：例如他们在农场上的非常大改进（例如农场工业化的推动）以及他们在水域理学中的非常大进扫等。同时，大明朝在战术与外交方面的进步也非常惊人：例如他们在1127年完成南下中的最后一场战争（《夷炎》）等。

因此，在讨论大明朝政治得失时，我们可以在中央权力方面不赞同他们的工作，但在文化重建、经济、战术与外交方面我们会非常赞同他们的进跨：例如他们在农场上的非常大改进（例如农场工业化的推动）以及他们在水域理学中的非常大进扫等。同时，大明朝在战术与外交方面的进步也非常惊人：例如他们在1127年完成南下中的最后一场战争（《夷炎》）等。

因此，在讨论大明朝政治得失时，我们可以在中央权力方面不赞同他们的工作，但在文化重建、经济、战术与外交方面我们会非常赞同他们的进跨：例如他们在农场上的非常大改进（例如农场工业化的推动）以及他们在水域理学中的非常大进扫等。同时，大明朝在战术与外交方面的进步也非常惊人：例如他们在1127年完成南下中的最后一场战争（《夷炎》）等。

因此，在讨论大明朝政治得失时，我们可以在中央权力方面不赞同他们的工作，但在文化重建、经济、战术与外交方面我们会非常赞同他们的进跨：例如他们在农场上的非常大改进（例如农场工业化的推动）以及他们在水域理学中的非常大进扫等。同时，大明朝在战术与外交方面的进步也非常惊人：例如他们在1127年完成南下中的最后一场战争（《夷炎》）等。

因此，在讨论大明朝政治得失时，我们可以在中央权力方面不赞同他们的工作，但在文化重建、经济、战术与外交方面我们会非常赞同他们的进跨：例如他们在农场上的非常大改进（例如农场工业化的推动）以及他们在水域理学中的非常大进扫等。同时，大明朝在战术与外交方面的进步也非常惊人：例如他们在1127年完成南下中的最后一场战争（《夷炎》）等。

因此，在讨论大明朝政治得失时，我们可以在中央权力方面不赞同他们的工作，但在文化重建、经济、战术与外交方面我们会非常赞同他们的进跨：例如他们在农场上的非常大改进（例如农场工业化的推动）以及他们在水域理学中的非常大进扫等。同时，大明朝在战术与外交方面的进步也非常惊人：例如他们在1127年完成南下中的最后一场战争（《夷炎》）等。

因此，在讨论大明朝政治得失时，我们可以在中央权力方面不赞同他们的工作，但在文化重建、经济、战术与外交方面我们会非常赞同他们的进跨：例如他们在农场上的非常大改进（例如农场工业化的推动）以及他们在水域理学中的非常大进扫等。同时，大明朝在战术与外交方面的进步也非常惊人：例如他们在1127年完成南下中的最后一场战争（《夷炎》）等。

因此，在讨论大明朝政治得失时，我们可以在中央权力方面不赞同他们的工作，但在文化重建、经济、战术与外交方面我们会非常赞同他们的进跨：例如他们在农场上的非常大改进（例如农场工业化的推动）以及他们在水域理学中的非常大进扫等。同时，大明朝在战术与外交方面的进步也非常惊人：例如他们在1127年完成南下中的最后一场战争（《夷炎》）等。

因此，在讨论大明朝政治得失时，我们可以在中央权力方面不赞同他们的工作，但在文化重建、经济、战术与外交方面我们会非常赞同他们的进跨：例如他们在农场上的非常大改进（例如农场工业化的推动）以及他们在水域理学中的非常大进扫等。同时，大明朝在战术与外交方面的进步也非常惊人：例如他们在1127年完成南下中的最后一场战争（《夷炎》）等。

因此，在讨论大明朝政治得失时，我们可以在中央权力方面不赞同他们的工作，但在文化重建、经济、战术与外交方面我们会非常赞同他们的进跨：例如他们在农场上的非常大改进（例如农场工业化的推动）以及他们在水域理学中的非常大进扫等。同时，大明朝在战术与外交方面的进步也非常惊人：例如他们在1127年完成南下中的最后一场战争（《夷炎》）等。

因此，在讨论大明朝政治得失时，我们可以在中央权力方面不赞同他们的工作，但在文化重建、经济、战术与外交方面我们会非常赞同他们的进跨：例如他们在农场上的非常大改进（例如农场工业化的推动）以及他们在水域理学中的非常大进扫等。同时，大明朝在战术与外交方面的进步也非常惊人：例如他们在1127年完成南下中的最后一场战争（《夷炎》）等。

因此，在讨论大明朝政治得失时，我们可以在中央权力方面不赞同他们的工作，但在文化重建、经济、战术与外交方面我们会非常赞同他们的进跨：例如他们在农场上的非常大改进（例如农场工业化的推动）以及他们在水域理学中的非常大进扫等。同时，大明朝在战术与外交方面的进步也非常惊人：例如他们在1127年完成南下中的最后一场战争（《夷炎》）等。

因此，在讨论大明朝政治得失时，我们可以在中央权力方面不赞同他们的工作，但在文化重建、经济、战术与外交方面我们会非常赞同他们的进跨：例如他们在农场上的非常大改进（例如农场工业化的推动）以及他们在水域理学中的非常大进扫等。同时，大明朝在战术与外交方面的进步也非常惊人：例如他们在1127年完成南下中的最后一场战争（《夷炎》）等。

因此，在讨论大明朝政治得失时，我们可以在中央权力方面不赞同他们的工作，但在文化重建、经济、战术与外交方面我们会非常赞同他们的进跨：例如他们在农场上的非常大改进（例如农场工业化的推动）以及他们在水域理学中的非常大进扫等。同时，大明朝在战术与外交方面的进步也非常惊人：例如他们在1127年完成南下中的最后一场战争（《夷炎》）等。

因此，在讨论大明朝政治得失时，我们可以在中央权力方面不赞同他们的工作，但在文化重建、经济、战术与外交方面我们会非常赞同他们的进跨：例如他们在农场上的非常大改进（例如农场工业化的推动）以及他们在水域理学中的非常大进扫等。同时，大明朝在战术与外交方面的进步也非常惊人：例如他们在1127年完成南下中的最后一场战争（《夷炎》）等。

因此，在讨论大明朝政治得失时，我们可以在中央权力方面不赞同他们的工作，但在文化重建、经济、战术与外交方面我们会非常赞同他们的进跨：例如他们在农场上的非常大改进（例如农场工业化