user
Please write a python implementation of bubble sort. Then write a python implementation of merge sort. Discuss the two algorithms and compare them.

assistant
Sure, here are the Python implementations of Bubble Sort and Merge Sort:
### Bubble Sort
```python
def bubble_sort(arr):
    n = len(arr)
    for i in range(n):
        # Last i elements are already in place
        for j in range(0, n-i-1):
            if arr[j] > arr[j+1]:
                # Swap the elements
                arr[j], arr[j+1] = arr[j+1], arr[j]
    return arr
```
### Merge Sort
```python
def merge_sort(arr):
    if len(arr) > 1:
        mid = len(arr) // 2
        left_half = arr[:mid]
        right_half = arr[mid:]

        # Recursive calls on each half
        merge_sort(left_half)
        merge_sort(right_half)

        i = j = k = 0

        # Merge the sorted halves
        while i < len(left_half) and j < len(right_half):
            if left_half[i] < right_half[j]:
                arr[k] = left_half[i]
                i += 1
            else:
                arr[k] = right_half[j]
                j += 1
            k += 1

        while i < len(left_half):
            arr[k] = left_half[i]
            i += 1
            k += 1

        while j < len(right_half):
            arr[k] = right_half[j]
            j += 1
            k += 1
    return arr
```
#### Comparison between Bubble Sort and Merge Sort:

**1. Time Complexity:**
- **Bubble Sort:** The worst-case and average-case time complexity of Bubble Sort is O(n^2), where n is the number of items being sorted. It's efficient only for small lists or nearly sorted lists.
- **Merge Sort:** Merge Sort has a consistent worst-case and average-case time complexity of O(n log n). This makes it suitable for large datasets.

**2. Stability:**
- Both algorithms are stable, meaning that equal elements maintain their relative order after sorting.

**3. Space Complexity:**
- **Bubble Sort:** It is an in-place sorting algorithm, requiring O(1) additional space.
- **Merge Sort:** Merge Sort is not in-place. It requires O(n) extra space for the temporary arrays during the merge process.

**4. Performance:**
- Bubble Sort is generally slower than Merge Sort for large datasets due to its higher time complexity.
- Merge Sort is faster and more efficient for larger lists but can be less memory-efficient because of the additional space needed.

**5. Use Cases:**
- **Bubble Sort:** Best suited for small lists or as an educational tool to understand sorting concepts due to its simplicity.
- **Merge Sort:** Ideal for sorting large datasets, especially when external sorting is needed (e.g., sorting data that doesn't fit into memory), or when stability is important.

In summary, while Bubble Sort is simpler and requires less memory in the best case, Merge Sort is a much more efficient, reliable sorting algorithm for larger data sets due to its O(n log n) time complexity and stability.