[INST] <<SYS>>

<</SYS>>

Please write a python implementation of bubble sort. Then write a python implementation of merge sort. Discuss the two algorithms and compare them.
 [/INST] Sure, here are the Python implementations of bubble sort and merge sort:

Bubble Sort:
```python
def bubble_sort(arr):
    n = len(arr)

    for i in range(n-1):
        for j in range(0, n-i-1):
            if arr[j] > arr[j+1]:
                arr[j], arr[j+1] = arr[j+1], arr[j]
```
Merge Sort:
```python
def merge_sort(arr):
    if len(arr) <= 1:
        return arr

    mid = len(arr) // 2
    left = arr[:mid]
    right = arr[mid:]

    left = merge_sort(left)
    right = merge_sort(right)

    return merge(left, right)

def merge(left, right):
    merged = []
    left_index = 0
    right_index = 0

    while left_index < len(left) and right_index < len(right):
        if left[left_index] <= right[right_index]:
            merged.append(left[left_index])
            left_index += 1
        else:
            merged.append(right[right_index])
            right_index += 1

    merged += left[left_index:]
    merged += right[right_index:]

    return merged
```
Bubble sort is a simple comparison-based algorithm that repeatedly steps through the list, compares adjacent elements and swaps them if they are in the wrong order. The pass through the list is repeated until no more swaps are needed, indicating that the list is sorted. Bubble sort has a worst-case and average time complexity of O(n^2), where n is the number of items being sorted. This makes it inefficient on large lists, and generally it is used only for educational purposes or for small lists where the inefficiency is not a significant factor.

On the other hand, merge sort is a divide-and-conquer algorithm that splits the input array into two halves, sorts them separately, and then merges the sorted halves back together. The merge process is also comparison-based, but because the arrays have already been partially sorted by the recursive calls to merge sort, the number of comparisons required to merge the arrays is significantly less than in bubble sort. As a result, merge sort has a worst-case and average time complexity of O(n log n), making it much more efficient than bubble sort on large lists. However, merge sort requires additional space to store the temporarily sorted halves of the array, giving it a space complexity of O(n), which may be a disadvantage in memory-constrained environments.

In summary, while bubble sort is simple and easy to understand, its time complexity makes it inefficient on large lists. Merge sort, on the other hand, has much better time complexity and is generally preferred for large-scale sorting tasks, but its additional space requirements may be a disadvantage in some cases.