<|im_start|>user
Given a text file with lines that contain names sorted in lexicographical order. Discuss how to perform a binary search on the file directly, using at most O(log(n)) operations. Write a python function `def binary_search_file(file_path, target)` that returns the position of the target, or the insertion point (as in "bisect_left").
<|im_end|>
<|im_start|>assistant
 To perform a binary search on a text file containing names sorted in lexicographical order, we can follow these steps:

1. Open the file and read it into a list of lines.
2. Define a helper function that performs the actual binary search within each line.
3. Use Python's built-in bisect_left function to find the insertion point in the sorted list of lines, then apply the helper function on that line.
4. If the target is found, return its position; otherwise, return the index where it should be inserted.

Here's a Python function `def binary_search_file(file_path, target)` that implements this approach:

```python
import bisect

def binary_search_line(line, target):
    # Perform binary search within each line
    start, end = 0, len(line) - 1
    while start <= end:
        mid = (start + end) // 2
        if line[mid] == target:
            return mid
        elif line[mid] < target:
            start = mid + 1
        else:
            end = mid - 1
    return -1

def binary_search_file(file_path, target):
    # Open the file and read it into a list of lines
    with open(file_path) as f:
        lines = [line.rstrip() for line in f]
        
    # Find the insertion point using bisect_left and apply helper function on that line
    index = bisect.bisect_left(lines, target)
    if index > 0 and binary_search_line(lines[index - 1], target):
        return index - 1
    elif index < len(lines) and binary_search_line(lines[index], target):
        return index
    else:
        return index
```

To use the function, you can call it like this:

```python
file_path = "names.txt"  # Replace with the path to your text file
target = "Alice"         # Replace with the target name

position = binary_search_file(file_path, target)
print("Position:", position)
```

This function will return the position of the target in the sorted list of lines or the insertion point if the target is not found. The time complexity of this approach is O(log n) because we only consider half of the lines at each step, similar to a binary search algorithm.<|im_end|>