 <|im_start|>user
Given a text file with lines that contain names sorted in lexicographical order. Discuss how to perform a binary search on the file directly, using at most O(log(n)) operations. Write a python function `def binary_search_file(file_path, target)` that returns the position of the target, or the insertion point (as in "bisect_left").
<|im_end|>
<|im_start|>assistant
Yes, here is an implementation of the binary search algorithm using Python:

```python
def binary_search(array, target):
    """
    This function implements a binary search for a specific element in a list. It takes two arguments - the array and the target. If the target is not present in the array, it returns the index of the insertion point (as in "bisect_left").

    Args:
        array (list): The list to search in.
        target (int): The element to find in the list.

    Returns:
        int: The index of the target, or the insertion point if it is not present.
    """
    
    # Check if the target is present in the array
    for i in range(len(array)):
        if array[i] == target:
            return i
        
        # If the target is greater than any element, it can be found in the left part of the list
        elif array[i] > target:
            left = i + 1
            
            # If there are more elements to the left, continue searching until a position with the target is found or the end of the list is reached.
            while left < len(array):
                right = left * 2
                
                # If the current element is greater than the target, it can be found in the middle part of the list and its index is returned.
                if array[left] > target:
                    return left
                
                # If the current element is less than the target, it cannot be found and the search ends here.
                elif array[right] < target:
                    left = right + 1
                else:
                    return right
            
        # If the target is smaller than any element, it can be found in the right part of the list
        elif array[i] < target:
            right = i - 1
            
            # If there are more elements to the right, continue searching until a position with the target is found or the start of the list is reached.
            while right >= 0:
                left = (right + 1) * 2 // 3
                
                # If the current element is greater than the target, it can be found in the middle part of the list and its index is returned.
                if array[left] > target:
                    return left
                
                # If the current element is less than the target, it cannot be found and the search ends here.
                elif array[right] < target:
                    right = left - 1
                else:
                    return right
    
    # The target was not found in the list and the search ended at either the end of the list or the start of the list without finding a match. Return None.
    return None

# Example usage
if __name__ == '__main__':
    array = [1, 3, 5, 7, 9]
    target = 5
    result = binary_search(array, target)
    print(f'Target found at index {result}: {array[result]}')
```

In this implementation, we first check if the target is present in the list using the `if` statement. If it is not present, the function returns the index of the insertion point (i.e., the rightmost position where the target would be inserted). Otherwise, it continues searching by repeatedly dividing the list into two parts and checking each part for the target using the "bisect" algorithm. The binary search algorithm works as follows:
1. We start from the leftmost element and go until we find a position where the target becomes greater than any other element in the left part of the list. This gives us the insertion point (i.e., the index of the first element where we can find the target).
2. We then search the right half of the list using "bisect" to find the insertion point for the target. This is done by dividing the list in half and checking each part for the target using the binary search algorithm.
3. If we find a position where the target becomes less than any other element in the right part of the list, then we know that the target was not found. We return this index as the result. Otherwise, we keep searching until we find the insertion point or reach the end of the list.
4. To avoid O(log n) operations, we make use of a "left" pointer and a "right" pointer to maintain the search in the middle part of the list. The "left" pointer is initialized with the index of the first element less than the target. We then repeatedly update this value using the binary search algorithm until we find a position where the target becomes less than any other element in the left part of the list. This process continues until we either reach the end of the list or the target is found. The "right" pointer, on the other hand, is initialized with the index of the last element greater than the target. We then repeatedly update this value using binary search to find a position where the target becomes greater than any other element in the right part of the list. This process continues until we either reach the start of the list or the target is found.

Note that the implementation does not perform any additional operations if the target is already present in the array, as we only need to check the presence of the target and its position in the left or right half of the array.