

### Instruction:

Consider the following python code:

```
def s(a):
    if len(a) <= 1: return a
    p = a[0]
    l = [x for x in a[1:] if x <= p]
    r = [x for x in a[1:] if x > p]
    return l + [p,] + r
```

What is its intended purpose? Then, please review the code, focusing on mistakes (if any), coding style, efficiency, and any other implementation details that may be of note. Finally, write a new function with all your suggested fixes/improvements, but in the Rust language (not in python).


### Response:

The purpose of this Python function is to implement Quick Sort algorithm recursively. It takes an array as input and partitions it around a pivot element such that elements less than the pivot are on its left, while elements greater than the pivot are placed on its right. The pivot element then occupies its final sorted position in the resulting partitioned list. 

Here are some issues with the code:
- `len(a)` is being calculated multiple times for the same array, it would be more efficient to store its length in a variable.
- `l = [x for x in a[1:] if x <= p]` and `r = [x for x in a[1:] if x > p]` are using list comprehension which is creating new lists and may not be optimal especially when the array size is large.

In Rust, we can optimize by using iterators and avoid creating extra vectors. Here's how you could rewrite this function:

```rust
fn partition(a: &mut [i32]) -> usize {
    let len = a.len();
    let pivot_index = len / 2; // choosing the middle element as pivot for simplicity
    a.swap(pivot_index, len - 1);
    
    let mut i = 0;
    for j in 0..len {
        if a[j] <= a[len-1] {
            a.swap(i, j);
            i += 1;
        }
    }
    a.swap(i, len-1);
    
    return i; // returning the final pivot index
}
```
This Rust function implements the Lomuto partition scheme which is simpler to understand but doesn't work well with some types of input data. Also, this version only handles arrays of integers for simplicity. 

In real-world scenarios, you might want to use a more sophisticated method like Hoare's Partition Scheme or median of three method to choose pivot and avoid worst-case time complexity in Quick Sort.
