<|im_start|>user
Consider the following python code:

```
def s(a):
    if len(a) <= 1: return a
    p = a[0]
    l = [x for x in a[1:] if x <= p]
    r = [x for x in a[1:] if x > p]
    return l + [p,] + r
```

What is its intended purpose? Then, please review the code, focusing on mistakes (if any), coding style, efficiency, and any other implementation details that may be of note. Finally, write a new function with all your suggested fixes/improvements, but in the Rust language (not in python).
<|im_end|>
<|im_start|>assistant
The intended purpose of this Python code is to partition an array into two parts based on a given element `p`. The left part contains elements that are less than or equal to `p` and the right part contains elements that are greater than `p`. Then, it returns the list in sorted order with the pivot element at its correct position.

Review of the code:
1. There is no obvious mistake in the logic.
2. The coding style can be improved by using more descriptive variable names and adding comments for clarity. For example, `a` could be named as `input_array` or something similar.
3. In terms of efficiency, there are some improvements that could be made. One improvement would be to use a built-in function like `partition()` from the `collections.abc` module in Python 3.6+. This would be more efficient than creating new lists for the left and right parts with list comprehensions.
4. Another implementation detail is that this code works only when the input array contains at least one element. If an empty or null array is passed, it will raise a `TypeError`. To handle such cases gracefully, we could add another check before attempting to access index 0 of the array.

Here's a suggested refactored version of this code in Rust:
```rust
fn partition(input_array: &[i32]) -> Vec<i32> {
    if input_array.len() <= 1 {
        return input_array.to_vec(); // Return the array as is if it has only one element
    }
    let pivot = *input_array.get(0).unwrap(); // Check for empty or null array
    let left: Vec<i32> = input_array[1..].iter().filter(|&x| x <= pivot).cloned().collect();
    let right: Vec<i32> = input_array[1..].iter().filter(|&x| x > pivot).cloned().collect();
    left.into_iter().chain(std::iter::once(pivot)).chain(right.into_iter()).collect()
}
```
In this version, we use the `unwrap()` method to safely unwrap a reference from an option and avoid panicking if the array is empty or null. We then use Rust's powerful functional programming features like iterator adapters (`filter` and `cloned`), along with the built-in `chain()` function to concatenate the three parts of the array together in sorted order. The resulting vector is returned as a result of this function call.