user
Consider the following python code:

```
def s(a):
    if len(a) <= 1: return a
    p = a[0]
    l = [x for x in a[1:] if x <= p]
    r = [x for x in a[1:] if x > p]
    return l + [p,] + r
```

What is its intended purpose? Then, please review the code, focusing on mistakes (if any), coding style, efficiency, and any other implementation details that may be of note. Finally, write a new function with all your suggested fixes/improvements, but in the Rust language (not in python).

assistant
The Python code defines a function `s(a)` which appears to implement a sorted merge operation on a list `a`. It splits the list into two parts: elements less than or equal to the first element (`p`), and elements greater than the first element. Then it recursively applies the same process to the right sub-list (`r`) before merging the results back together with the left sub-list (`l`) and the pivot element `p`.

Here's a review of the code:

1. **Function naming**: The name `s(a)` is not very descriptive. A better name would be `sorted_merge` or something similar.
2. **List comprehensions**: Using list comprehensions for filtering elements is efficient and clear.
3. **Recursion**: The function uses recursion, which works well in this case, but it doesn't handle the base case when the input is an empty list. An additional check at the beginning to cover that scenario would be helpful.

Here's a revised version of the Python code:

```python
def sorted_merge(a):
    if not a: return []
    if len(a) <= 1: return a
    p = a[0]
    l = [x for x in a[1:] if x <= p]
    r = [x for x in a[1:] if x > p]
    return sorted_merge(l) + [p] + sorted_merge(r)
```

Now, let's implement this in Rust. Note that the function will take an `Vec<i32>` as input and return a sorted merge of the same:

```rust
fn sorted_merge(mut a: Vec<i32>) -> Vec<i32> {
    if a.is_empty() {
        return a;
    }

    let p = a.remove(0);

    let (l, r) = a.split_at_mut(a.iter().position(|&x| x > &p).unwrap_or(a.len()));
    l.retain(|&x| x <= p);
    r.sort_unstable();

    sorted_merge(l).into_iter().chain(std::iter::once(p)).chain(r.into_iter()).collect()
}
```

The Rust implementation:
1. Removes the pivot element from the vector using `a.remove(0)`.
2. Splits the remaining elements into two parts, `l` and `r`, based on their position relative to the pivot.
3. Retains elements in `l` that are less than or equal to `p`.
4. Sorts the sub-vector `r` using `sort_unstable()`.
5. Merges the three parts together (`sorted_merge(l)`, `[p]`, and `r`) using iterators and `collect()` into a new vector.

Note that Rust's `sort_unstable` is more efficient than Python's sort since it doesn't guarantee stability, which is usually not necessary for this use case. Also, we use `.into_iter().chain().chain().collect()` to merge the iterables into a single vector, which is idiomatic in Rust.