user
Consider the following python code:

```
def s(a):
    if len(a) <= 1: return a
    p = a[0]
    l = [x for x in a[1:] if x <= p]
    r = [x for x in a[1:] if x > p]
    return l + [p,] + r
```

What is its intended purpose? Then, please review the code, focusing on mistakes (if any), coding style, efficiency, and any other implementation details that may be of note. Finally, write a new function with all your suggested fixes/improvements, but in the Rust language (not in python).

assistant
The given Python code defines a function `s(a)` that sorts a list `a` into a specific pattern: it maintains the order of elements but ensures that each element is either smaller or equal to the previous one or greater than the previous one. It's not a typical sorting algorithm; rather, it creates a "stable sorted" version of the input.

Here's a review of the code:

1. The function works recursively, which is fine for small lists but could lead to performance issues with larger inputs due to the inherent overhead.
2. There are no type hints provided, making it difficult to understand what types the function expects or returns.
3. Using list comprehensions for filtering elements might be more readable than other approaches but could also create additional temporary lists, impacting efficiency.

A revised Python version could look like this, addressing the mentioned points:

```python
from typing import List

def s(a: List[int]) -> List[int]:
    if len(a) <= 1:
        return a
    pivot = a[0]
    less = [x for x in a[1:] if x <= pivot]
    greater = [x for x in a[1:] if x > pivot]
    
    return s(less) + [pivot] + s(greater)
```

Now, here's the equivalent Rust code implementing the same logic:

```rust
fn s(a: &mut Vec<i32>) {
    if a.len() <= 1 {
        return;
    }

    let pivot = a.remove(0);
    let mut less = vec![];
    let mut greater = vec![];

    for x in a.iter_mut() {
        if *x <= pivot {
            less.push(mem::replace(x, pivot));
        } else {
            greater.push(std::mem::replace(x, pivot));
        }
    }

    s(&mut less);
    s(&mut greater);

    a.clear();
    a.extend(less);
    a.extend([pivot]);
    a.extend(greater);
}
```
Key points in the Rust version:

1. The function takes a mutable reference to a `Vec<i32>` instead of creating copies, which is more efficient.
2. I've used the `remove` method to take the first element (pivot) out of the vector and then iterated over the remaining elements using `iter_mut`. This avoids creating new lists and allows in-place sorting.
3. The recursive calls are made on mutable references to `less` and `greater` vectors.
4. After sorting, the original vector is cleared, extended with the sorted parts, and the pivot is inserted back.

Please note that Rust does not have a built-in way to enforce type hints like Python's type annotations, but the types used in this example (`Vec<i32>`) suggest that the function expects an mutable vector of integers.