[INST] <<SYS>>

<</SYS>>

Consider the following python code:

```
def s(a):
    if len(a) <= 1: return a
    p = a[0]
    l = [x for x in a[1:] if x <= p]
    r = [x for x in a[1:] if x > p]
    return l + [p,] + r
```

What is its intended purpose? Then, please review the code, focusing on mistakes (if any), coding style, efficiency, and any other implementation details that may be of note. Finally, write a new function with all your suggested fixes/improvements, but in the Rust language (not in python).
 [/INST]  The given Python code defines a function `s` that takes a list `a` as input and returns a new list with the elements of `a` sorted into three parts:

1. Elements less than or equal to the pivot element `p` (which is the first element of the list) are placed in the left sublist `l`.
2. The pivot element `p` itself is placed in the middle.
3. Elements greater than the pivot element `p` are placed in the right sublist `r`.

Here's a step-by-step breakdown of what the code does:

1. `len(a) <= 1:` checks if the length of the input list `a` is less than or equal to 1. If this condition is true, the function returns the original list `a`. This is the base case for the recursive algorithm.
2. `p = a[0]`: sets the pivot element `p` to the first element of the input list `a`.
3. `[x for x in a[1:] if x <= p]`: creates a new list `l` containing all elements from the second half of the input list `a[1:]` that are less than or equal to the pivot element `p`.
4. `[x for x in a[1:] if x > p]`: creates a new list `r` containing all elements from the second half of the input list `a[1:]` that are greater than the pivot element `p`.
5. `return l + [p, ] + r`: returns a new list containing the left sublist `l`, the pivot element `p`, and the right sublist `r`.

Now, let's review the code:

Mistakes:

* There is no mistake in the code, but the base case of the recursive algorithm is not properly handled. The function will still work for lists with length 1 or less, but it will produce a list with a single element instead of returning the original list.
* The function does not handle edge cases where the input list is empty or contains only one element. It will raise an IndexError in those cases.

Coding style:

* The code uses a consistent naming convention and indentation. However, some names could be more descriptive (e.g., `pivot` instead of `p`).
* The list comprehensions are well-structured and easy to read.
* The function does not use any unnecessary variables or operations, making it relatively efficient.

Efficiency:

* The function uses recursion, which can be less efficient than iterative solutions for large input lists. However, the recursive approach is acceptable for small to medium-sized lists.
* The list comprehensions have a linear time complexity of O(n), where n is the length of the input list. Therefore, the overall time complexity of the function is O(n) for each recursive call.

Here's an improved version of the function in Rust:
```rust
fn s(a: Vec<i32>) -> Vec<i32> {
    match a.len() {
        0 | 1 => a, // Handle base case: empty or single-element list
        _ => {
            let p = a[0]; // Pivot element
            let l = a[1..].iter().filter(|x| *x <= p).collect(); // Left sublist
            let r = a[1..].iter().filter(|x| *x > p).collect(); // Right sublist
            l.chain(std::iter::once(p)).chain(r) // Concatenate left, pivot, and right sublists
        }
    }
}
```
Here's a breakdown of the Rust code:

1. `match a.len()` is used to handle different cases based on the length of the input vector `a`.
2. The base case for an empty or single-element list is handled by simply returning the original vector `a`.
3. `let p = a[0];` sets the pivot element `p` to the first element of the input vector `a`.
4. `let l = a[1..].iter().filter(|x| *x <= p).collect();` creates an iterator over the second half of the input vector `a`, filters out elements greater than the pivot element `p`, and collects them into a new vector `l`.
5. `let r = a[1..].iter().filter(|x| *x > p).collect();` creates an iterator over the second half of the input vector `a`, filters out elements less than or equal to the pivot element `p`, and collects them into a new vector `r`.
6. `l.chain(std::iter::once(p)).chain(r)` concatenates the left sublist `l`, the pivot element `p` (using `std::iter::once`), and the right sublist `r` into a single vector.
7. The resulting vector is returned as the function result.

Improvements:

* The Rust code uses iterators instead of list comprehensions, which can be more efficient for large input vectors.
* It handles edge cases (empty or single-element input) explicitly and returns the original vector in those cases.
* The function is declared to take a `Vec<i32>` (a vector of integers) as input, which makes the code more type-safe.