<|im_start|>user
Consider the following python code:

```
def s(a):
    if len(a) <= 1: return a
    p = a[0]
    l = [x for x in a[1:] if x <= p]
    r = [x for x in a[1:] if x > p]
    return l + [p,] + r
```

What is its intended purpose? Then, please review the code, focusing on mistakes (if any), coding style, efficiency, and any other implementation details that may be of note. Finally, write a new function with all your suggested fixes/improvements, but in the Rust language (not in python).
<|im_end|>
<|im_start|>assistant
The code's intended purpose seems to be to sort a list of numbers in ascending order. It is using a simple divide-and-conquer algorithm where it first checks the length of the list. If the list is of length one or less, it returns the list as it is. Otherwise, it separates the numbers into two lists, one with numbers less than or equal to the first number (p) of the input list, and another with numbers greater than p. Finally, it returns the concatenation of the two lists with p in between.

Mistakes:
1. The function name 's' is not descriptive and does not follow the standard Python naming convention (lower case with underscores).

Coding Style:
1. The function could benefit from more descriptive variable names.
2. The code uses list comprehension which is a good thing, but it's better to have meaningful variable names for better readability.

Efficiency:
1. This function has O(n^2) complexity due to the use of list comprehensions inside the return statement. This is because it iterates the list twice, once for each list comprehension.
2. The code can be further optimized by using built-in Python functions, such as the `sorted()` function.

Here's the improved Python function:

```python
def sort_list(a):
    if len(a) <= 1:
        return a
    else:
        return sorted(a)
```

Here's the equivalent function in Rust:

```rust
fn sort_list(a: &Vec<i32>) -> Vec<i32> {
    if a.len() <= 1 {
        return a.clone();
    } else {
        return a.iter().copied().sorted().collect();
    }
}
```

The Rust function works similarly to the Python function, but with a few differences:
1. Rust functions require an explicit return type, so we need to specify that the function returns a vector of 32-bit integers (`Vec<i32>`).
2. The function accepts a reference to a vector of i32 integers (`&Vec<i32>`) instead of a plain vector. This is because passing around entire vectors by value can be inefficient in Rust due to the heap allocation and copying involved.
3. In the else branch, the function copies the iterator produced by `iter()` into a new vector with `copied()`, then sorts and collects that vector. This avoids having to allocate a new vector and copy all its elements.<|im_end|>