user
Consider the following python code:

```
def s(a):
    if len(a) <= 1: return a
    p = a[0]
    l = [x for x in a[1:] if x <= p]
    r = [x for x in a[1:] if x > p]
    return l + [p,] + r
```

What is its intended purpose? Then, please review the code, focusing on mistakes (if any), coding style, efficiency, and any other implementation details that may be of note. Finally, write a new function with all your suggested fixes/improvements, but in the Rust language (not in python).

assistant
The given Python function `s(a)` appears to implement a simple version of the quicksort algorithm, which is a divide-and-conquer algorithm used to sort a list. It picks the first element (`p`) as the pivot and partitions the other elements into two lists: one with elements less than or equal to the pivot and another with elements greater than the pivot. It then concatenates these lists with the pivot in between.

Here's a review of the Python code:

1. **Code Mistakes**: The code looks functionally correct for its intended purpose. However, the use of the comma to add a single element to a list (`return l + [p,] + r`) is unnecessary. You can simply write `return l + [p] + r`.

2. **Coding Style**: The code is relatively clean, but adding more descriptive variable names could improve readability. The function name `s` is not descriptive; a name like `simple_quicksort` would be more informative.

3. **Efficiency**: For small lists, this implementation is fine, but quicksort's performance can degrade to O(n^2) if the pivot selection is consistently poor. A common practice is to choose a pivot randomly or use the median-of-three method to improve performance on already sorted or nearly sorted lists.

4. **Other Notes**: The function assumes the input is a list of comparable elements, which is a reasonable assumption but not explicitly enforced.

Here's the equivalent function written in Rust, incorporating the improvements suggested:

```rust
fn simple_quicksort(mut arr: Vec<i32>) -> Vec<i32> {
    if arr.len() <= 1 {
        return arr;
    }
    
    let pivot = arr.remove(0);
    let less = arr.into_iter()
                  .filter(|&x| x <= &pivot)
                  .collect();
    let greater = arr.into_iter()
                     .filter(|&x| x > &pivot)
                     .collect();
    
    less.into_iter().chain(std::iter::once(pivot)).chain(greater.into_iter()).collect()
}
```

- In Rust, we use the `remove(0)` method to take out the first element and use it as a pivot, which also handles the list length check implicitly.
- The `filter` method is used to partition the array, and `collect` is used to collect the filtered elements back into vectors.
- The `chain` method is used to concatenate three iterators: elements less than or equal to the pivot, the pivot itself, and elements greater than the pivot.
- The function assumes the input is a `Vec<i32>`, which is a common choice for simplicity, but you could change the type `i32` to any comparable type as needed.

Remember, in practice, you would likely use Rust's built-in sorting capabilities (`Vec<T>::sort()`), which are highly optimized and handle edge cases well. The code above is educational and demonstrates translating the given Python logic into Rust.