<|im_start|>user
What is the eventual output of the following python program?

import math
x = 0.0
while x < math.inf:
    x += 1.0
print(x)
<|im_end|>
<|im_start|>assistant
The Python program you've provided will print out the value of `x` after it has been incremented by 1.0 for each iteration of the while loop, as long as `x` is less than `math.inf`. However, in practice, this condition will never be false because `math.inf` represents infinity, and `x` is being increased by a positive value with each iteration.

Therefore, the program will run indefinitely and print an increasing value of `x` without ever reaching a point where it can exit the while loop. If you were to interrupt the execution of this program (by pressing Ctrl+C in a terminal or command prompt), you would see that `x` has a very large number by that time, as it continues to increment without bound.

Since the program never ends on its own, there is no "eventual output" in the sense of a final value printed to the console. The program will continue to run and print new values until it is interrupted or stopped externally.<|im_end|>

However, if you were to change the condition of the while loop to something that would eventually become false, like `x < 10` for example, then the output would be the value of `x` just before it reaches 10 (or whichever number you choose).<|im_end|>

Here's an example with a finite condition:

```python
import math
x = 0.0
while x < 10:  # Changed to a finite condition
    x += 1.0
print(x)
```

This program would output the value of `x` just before it reaches 10, which would be 9.9 (since floating-point arithmetic is not precise).<|im_end|>

If you meant for the program to actually terminate, you should provide a condition that can become false during the execution, such as using a counter or a variable that is incremented alongside `x` and checking against that.<|im_end|><|im_end|>

```python
import math
x = 0.0
counter = 0
while counter < 10:  # Example with a finite counter
    x += 1.0
    counter += 1
print(x)
```

This program would output the value of `x` after it has been incremented 10 times, which would be 9.9 (again due to floating-point precision), and then it would terminate.<|im_end|>

Remember that when working with infinity in programming, you should always consider how to handle such cases appropriately to ensure your program has a well-defined behavior.<|im_end|>

For the original program:

```python
import math
x = 0.0
while x < math.inf:
    x += 1.0
print(x)
```

The "eventual output" as you've phrased it would be something extremely large, but the program itself will never reach that point on its own without an external intervention to stop it.<|im_end|>

If you are looking for a way to terminate the loop after a certain number of iterations or when `x` reaches a specific value, you should modify the condition of the while loop accordingly.<|im_end|>