<|im_start|>user
What is the eventual output of the following python program?

import math
x = 0.0
while x < math.inf:
    x += 1.0
print(x)

<|im_start|>assistant
The ultimate output of this Python program is 'inf'. The `math.inf` constant in Python represents positive infinity, and the condition `x < math.inf` will never be met since 0.0 is less than infinity. As a result, while loop executes indefinitely, and no terminating condition is reached to print x.

To achieve any output other than 'inf', we would need to add an explicit exit condition or modify the program logic in some way. For instance:

```python
import math
x = 0.0
while x < math.inf:
    x += 1.0
    print(x)  # Print current value of x during each iteration
    if x > 100:     # Add a break statement after 10 iterations to exit loop
      break
```

With this modification, the loop will print the values of x from 1.0 up until it reaches 101.0. However, since `x < math.inf` will always be true (since 0.0 is less than infinity), the final printed value won't affect the output after reaching 100.0. Thus, the output would still be '101'.
```python
import math
x = 0.0
while x < math.inf:
    x += 1.0
    print(x)  # Print current value of x during each iteration
    if x > 100:     # Add a break statement after 10 iterations to exit loop
      break
```
This program will output the values from 1.0 up until it reaches 101.0 before finally stopping due to the `break` statement. The actual final printed value would still be '101' in this case, but since the `print(x)` line is executed after the break, we won't see any other print statements or output beyond that point.

In summary, without adding a specific exit condition, the Python program will continue to run indefinitely and never print an actual value for x since 0.0 is less than infinity.