<|im_start|>user
What is the output of the following python program?

import math
x = 1.0
while x < math.inf:
    x = x * 1.001
print(x)

<|im_start|>assistant
The output of this Python program is an approximation of infinity (as 'math.inf' represents positive infinity):
```
2.0000000000000004
```
Since the loop never terminates, the value of `x` is continuously increased to the next smaller number greater than or equal to `math.inf`. The exact value of `x` after the loop ends cannot be represented as a finite decimal by Python's floating-point arithmetic. Therefore, this output can only approximate infinity.
```
2.0000000000000004
```
This approximation will continue indefinitely if you print it out multiple times in a loop or program. The value of `x` is 2 followed by an infinite number of zeros after the decimal point. But due to limitations in representing numbers with limited precision, this representation will be truncated, resulting in the output as displayed here:
```
2.0000000000000004
```
In practical applications where you might need a more precise value or a finite result, it's important to consider rounding, limit values, and other constraints while working with floating-point arithmetic in Python.