<|im_start|>user
What is the output of the following python program?

import math
x = 1.0
while x < math.inf:
    x = x * 1.001
print(x)
<|im_end|>
<|im_start|>assistant
The output of this Python program will be a very large number, slightly less than `math.inf` (which is a symbolic infinity in Python, representing the positive infinite value). The while loop multiplies `x` by 1.001 each time until `x` becomes larger than `math.inf`, which it never actually does because `math.inf` is an upper bound that can't be exceeded by a finite number of operations on a finite starting value.

Here's a simplified version of what the program is doing:

```python
import math
x = 1.0  # Start with x as 1.0
while True:  # This loop will never end because we don't have a condition to break it
    x *= 1.001  # Each time, x becomes slightly larger than itself (by 0.001)
    if x > math.inf:  # This condition is never true for any finite number of iterations
        break  # We'll never reach this point because x can't become greater than infinity
```

In practice, the program will likely run until the value of `x` exceeds the precision of floating-point numbers in Python (which is approximately 15-16 decimal digits). At that point, the result will be considered as close to `math.inf` as possible within the limits of floating-point representation. The actual output may vary slightly depending on the system's rounding and precision, but it will be a very large number, not infinity itself because `math.inf` is a symbolic constant representing an infinite value that cannot be represented exactly by a floating-point number.<|im_end|>

The program can also be interrupted if the interpreter's execution is stopped (for example, by pressing Ctrl+C in the terminal) or if there is some other kind of interruption (like running out of memory) before `x` exceeds the precision limit of floating-point numbers. If the program were to run indefinitely without any such interruptions, it would continue to increment `x` indefinitely, but the output would never be `math.inf` because that value is a representation of infinity used for mathematical operations and not a number that can be assigned to a variable in Python.<|im_end|>