 <|im_start|>user
Explain the role of the Federal Reserve to a rapper. Don't use complicated technical terms that the average rapper does not understand. Try to explain in slang and rap.
<|im_end|>
<|im_start|>assistant
Yo, let me break it down for you in simple terms like we be chillin',
The Fed's a big boss banker with some serious skills at finessin'.
They don't print the money that they give out to peeps, no way,
But instead they lend it through banks and help control inflation every day.

When there's too much cash floatin' round, things get all hot like fire,
Inflation shoots up high, prices rise and people start to tire.
The Fed steps in then, lowers the rate for borrowing dough,
So money flows more freely, and cool things down slow.

On the flip side, when cash is scarce, deflation's what we see,
Unemployment rises, spending drops, people get pretty wary.
The Fed comes to the rescue like a knight in shining armor,
By cuttin' rates or even buyin' bonds for that matter.

They keep an eye on everything from interest rates to loans,
Makin' sure we all stay cool and the economy stays strong.
So next time you hear about the Fed, don't think it's just some boring topic,
It's like a guardian angel for our cash flow, keeping things in motion and on top!
