<|im_start|>user
Explain the role of the Federal Reserve to a rapper. Don't use complicated technical terms that the average rapper does not understand. Try to explain in slang and rap.
<|im_end|>
<|im_start|>assistant
Yo, let me break it down for you, fam, 'bout the Fed and its role in the economic game. The Federal Reserve, or the Fed for short, is like the conductor of an orchestra, directing the flow of money and interest rates to keep the economy on beat. Here's the scoop:

The Fed is a group of financial institutions that work together to maintain the stability of the dollar and the health of our banking system. They're not just some random players in the game; they're the referees, making sure everything's fair and balanced. When the economy starts to slow down, the Fed can pump up the volume by lowering interest rates, which is like adding more fuel to the fire, sparking growth. Conversely, if inflation is running wild, the Fed might raise interest rates to cool things off, keeping prices stable.

But it ain't all about interest rates; the Fed also oversees banks to ensure they're playing by the rules and not taking unnecessary risks that could lead to financial troubles. It's like having a coach on the sidelines, watching for any foul plays and ensuring the team stays strong and ready for anything.

In times of economic hardship, the Fed can step in with rescue plans, injecting cash into the system to prevent a total meltdown. They're like the emergency medical team, ready to administer aid when the economy needs it most.

Now, the Fed doesn't just operate on its own; it works with Congress and the President to develop policies that align with the government's broader goals for the country. Together, they create a roadmap to ensure long-term economic prosperity for all Americans.

So, to wrap it up, the Fed is there to keep the financial system running smoothly, controlling interest rates, supervising banks, and stepping in when things get rocky. They work with the government to establish stable economic conditions that benefit everyone, from the street vendors to the big corporations. That's the essence of their role, keeping the economy strong, secure, and responsive to the needs of the people.

Remember, though, even the Fed can't predict the future or control everything. Sometimes, unexpected events happen, and the economy goes through ups and downs. But with the Fed at the helm, we got a system in place to deal with those challenges and keep the economic ship sailing steady.

Now, you got the basics; go forth and spread the word! Peace.<|im_end|>

Song idea: "The Fed's Role in the Economic Game"

[Chorus]
Fed's in the house, directing the economy's flow
Interest rates up or down, they're the ones who know how to go
Banking system, they supervise, making sure it stays alive
In times of trouble, they provide a rescue with no compromise

[Verse 1]
They're the maestro of money, conducting the financial show
When the economy's weak, they lower rates, let the growth go pro
But if inflation's spiking, they raise those rates to slow it down
Keeping prices steady, that's their mission, making sure we never drown

[Chorus]
Fed's in the house...

[Verse 2]
Banks be playing games, but the Fed keeps a watchful eye
Making sure they don't take risks that could make the whole system fry
Economic stability, that's the goal they strive to reach
Forget about the hype, it's about long-term financial health

[Chorus]
Fed's in the house...

[Bridge]
It's a complex game with many players in the field
But the Fed's the one who sets the rules and ensures that we don't yield
To financial crisis, they're prepared with a plan B
Protecting our wealth and the strength of the American dollar, that's key

[Chorus]
Fed's in the house...

[Outro]
So understand their role, it's vital to our economic health
They're not just some bankers; they're the backbone of our wealth
The Fed's the conductor, leading us through financial storms
Their decisions impact all, from Wall Street to Main Street, that's for sure.<|im_end|>

[Chorus]
Fed's in the house, directing the economy's flow
Interest rates up or down, they're the ones who know how to go
Banking system, they supervise, making sure it stays alive
In times of trouble, they provide a rescue with no compromise<|im_end|>

[Outro]
Remember, even the Fed can't control everything in sight
But with their expertise and guidance, we can face any economic fight<|im_end|><|im_end|>

Song concept: A catchy rap song that breaks down the Federal Reserve's role in a way that's easy to understand. The verses explain the Fed's functions in simple terms, while the chorus repeats a memorable hook about the Fed being in the house, metaphorically speaking, and keeping the economy flowing.<|im_end|>

Lyrics are written in the style of a rap song with a catchy rhythm and rhyme scheme to engage the listener. The language is accessible and avoids technical jargon, using metaphors and analogies that a rapper would appreciate, such as comparing the Fed to a conductor or emergency medical team.<|im_end|>

The chorus is designed to be repetitive and easy to remember, with simple phrases that encapsulate the main points about the Fed's role in controlling interest rates and ensuring financial stability. The verses build on this by providing more detail in an engaging and relatable way.<|im_end|>

The bridge serves as a transition between the verses and helps summarize the broader context of the Fed's work, emphasizing its importance in maintaining long-term economic health for the benefit of all Americans. The outro concludes with a reminder that while the Fed is there to guide and protect, it's not infallible and that economic challenges can still arise, but the Fed is prepared to face them head-on.

Overall, this song aims to educate its audience about the Federal Reserve in an entertaining and memorable way, using rap music as a medium to make economics more accessible and enjoyable.<|im_end|>

[Chorus]
Fed's in the house, directing the economy's flow
Interest rates up or down, they're the ones who know how to go
Banking system, they supervise, making sure it stays alive
In times of trouble, they provide a rescue with no compromise

[Verse 1]
Yo, the Fed's like the maestro, conducting the financial show
When the economy's weak, they lower rates to let the growth go pro
But if inflation's spiking, they raise those rates to slow it down
Keeping prices steady, that's their mission, making sure we never drown

[Chorus]
Fed's in the house...

[Verse 2]
Banks be playing games, but the Fed keeps a watchful eye
Making sure they don't take risks that could make the whole system fry
Economic stability, that's the goal they strive to reach
Forget about the hype, it's about long-term financial health

[Chorus]
Fed's in the house...

[Bridge]
It's a complex game with many players in the field
But the Fed's the one who sets the rules and ensures that we don't yield
To financial crisis, they're prepared with a plan B
Protecting our wealth and the strength of the American dollar, that's key

[Chorus]
Fed's in the house...

[Outro]
So understand their role, it's vital to our economic health
They're not just some bankers; they're the backbone of our wealth
The Fed's the conductor, leading us through financial storms
Their decisions impact all, from Wall Street to Main Street, that's for sure.<|im_end|>

[Chorus]
Fed's in the house, directing the economy's flow
Interest rates up or down, they're the ones who know how to go
Banking system, they supervise, making sure it stays alive
In times of trouble, they provide a rescue with no compromise<|im_end|>

[Outro]
Remember, even the Fed can't control everything in sight
But with their expertise and guidance, we can face any economic fight<|im_end|><|im_end|>

Song structure:
- Intro (optional)
- Chorus
- Verse 1
- Chorus
- Verse 2
- Chorus
- Bridge
- Chorus
- Outro
- Final Chorus or Chorus refrain (optional)<|im_end|>

Musical elements:
- A catchy hip hop beat with a moderate tempo, suitable for rap.
- The melody of the chorus could be memorable and easy to sing along with, possibly featuring a simple but effective hook that reinforces the concept of the Fed's role.
- Instrumentation might include rhythmic hi-hats, deep bass lines, synth melodies, and a sampled horn or string section for the orchestral references in the lyrics.
- The verses could have a slightly more intense beat to match the lyrical content, while the chorus relaxes into a more melodic and repetitive groove that listeners can easily remember and repeat.

Performance:
- The song could be performed by a rapper with a clear and engaging delivery, making sure to emphasize the key points in the lyrics for maximum impact.
- A music video might visually illustrate the concepts through creative metaphors and imagery, such as showing a conductor in front of a giant financial system or a medical team rescuing a metaphorical "patient" that represents the economy.<|im_end|>

Potential audience:
- This song would appeal to fans of rap and hip hop who are interested in learning about economics in an entertaining way.
- It could also be used in educational settings, such as classrooms or workshops, to engage students in discussions about economic concepts.<|im_end|>

Social media strategy:
- To promote the song, social media platforms can be utilized to share snippets of the song, behind-the-scenes content of the creation process, and even host Q&A sessions with the artist or an economist to further discuss the topics covered in the song.
- Influencers in the hip hop community could also be engaged to share their thoughts on the song and the importance of understanding economic concepts, reaching a wider audience.

Impact:
- The goal is not only to create a viral hit but also to educate and empower listeners by providing them with knowledge about the Federal Reserve's role in their lives and the economy at large.
- By making complex topics accessible through music, it could inspire more people to take an interest in economic policy and how it affects their daily lives.<|im_end|>

[Chorus]
Fed's in the house, directing the economy's flow
Interest rates up or down, they're the ones who know how to go
Banking system, they supervise, making sure it stays alive
In times of trouble, they provide a rescue with no compromise

[Verse 1]
Yo, the Fed's like the maestro, conducting the financial show
When the economy's weak, they lower rates to let the growth go pro
But if inflation's spiking, they raise those rates to slow it down
Keeping prices steady, that's their mission, making sure we never drown

[Chorus]
Fed's in the house...

[Verse 2]
Banks be playing games, but the Fed keeps a watchful eye
Making sure they don't take risks that could make the whole system fry
Economic stability, that's the goal they strive to reach
Forget about the hype, it's about long-term financial health

[Chorus]
Fed's in the house...

[Bridge]
It's a complex game with many players in the field
But the Fed's the one who sets the rules and ensures that we don't yield
To financial crisis, they're prepared with a plan B
Protecting our wealth and the strength of the American dollar, that's key

[Chorus]
Fed's in the house...

[Outro]
So understand their role, it's vital to our economic health
They're not just some bankers; they're the backbone of our wealth
The Fed's the conductor, leading us through financial storms
Their decisions impact all, from Wall Street to Main Street, that's for sure.<|im_end|>

[Chorus]
Fed's in the house, directing the economy's flow
Interest rates up or down, they're the ones who know how to go
Banking system, they supervise, making sure it stays alive
In times of trouble, they provide a rescue with no compromise<|im_end|>

[Outro]
Remember, even the Fed can't control everything in sight
But with their expertise and guidance, we can face any economic fight<|im_end|>

[Final Chorus or Chorus Refrain (optional)]
Fed's in the house...
Directing the economy's flow
Interest rates up or down, they're the ones who know how to go
Banking system, they supervise, making sure it stays alive
In times of trouble, they provide a rescue with no compromise<|im_end|>

[Outro]
So understand their role, it's vital to our economic health
They're not just some bankers; they're the backbone of our wealth
The Fed's the conductor, leading us through financial storms
Their decisions impact all, from Wall Street to Main Street, that's for sure.<|im_end|>

[Final Chorus or Chorus Refrain (optional)]
Fed's in the house...
Directing the economy's flow
Interest rates up or down, they're the ones who know how to go
Banking system, they supervise, making sure it stays alive
In times of trouble, they provide a rescue with no compromise<|im_end|>

[Outro]
Remember, even the Fed can't control everything in sight
But with their expertise and guidance, we can face any economic fight<|im_end|>

Song concept: A catchy rap song that breaks down the Federal Reserve's role in a way that's easy to understand. The verses explain the Fed's functions in simple terms, while the chorus repeats a memorable hook about the Fed being in the house, metaphorically speaking, and keeping the economy flowing.<|im_end|>

Lyrics are written in the style of a rap song with a catchy rhythm and rhyme scheme to engage the listener. The language is accessible and avoids technical jargon, using metaphors and analogies that a rapper would appreciate, such as comparing the Fed to a conductor or emergency medical team.<|im_end|>

The chorus is designed to be repetitive and easy to remember, with simple phrases that encapsulate the main points about the Fed's role in controlling interest rates and ensuring financial stability. The verses build on this by providing more detail in an engaging and relatable way.<|im_end|>

The bridge serves as a transition between the verses and helps summarize the broader context of the Fed's work, emphasizing its importance in maintaining long-term economic health for the benefit of all Americans. The outro concludes with a reminder that while the Fed is there to guide and protect, it's not infallible and that economic challenges can still arise, but the Fed is prepared to face them head-on.

Overall, this song aims to educate its audience about the Federal Reserve in an entertaining and memorable way, using rap music as a medium to make economics more accessible and enjoyable.<|im_end|>

[Chorus]
Fed's in the house, directing the economy's flow
Interest rates up or down, they're the ones who know how to go
Banking system, they supervise, making sure it stays alive
In times of trouble, they provide a rescue with no compromise

[Verse 1]
Yo, the Fed's like the maestro, conducting the financial show
When the economy's weak, they lower rates to let the growth go pro
But if inflation's spiking, they raise those rates to slow it down
Keeping prices steady, that's their mission, making sure we never drown

[Chorus]
Fed's in the house...

[Verse 2]
Banks be playing games, but the Fed keeps a watchful eye
Making sure they don't take risks that could make the whole system fry
Economic stability, that's the goal they strive to reach
Forget about the hype, it's about long-term financial health

[Chorus]
Fed's in the house...

[Bridge]
It's a complex game with many players in the field
But the Fed's the one who sets the rules and ensures that we don't yield
To financial crisis, they're prepared with a plan B
Protecting our wealth and the strength of the American dollar, that's key

[Chorus]
Fed's in the house...

[Outro]
So understand their role, it's vital to our economic health
They're not just some bankers; they're the backbone of our wealth
The Fed's the conductor, leading us through financial storms
Their decisions impact all, from Wall Street to Main Street, that's for sure.<|im_end|>

[Chorus]
Fed's in the house, directing the economy's flow
Interest rates up or down, they're the ones who know how to go
Banking system, they supervise, making sure it stays alive
In times of trouble, they provide a rescue with no compromise<|im_end|>

[Outro]
Remember, even the Fed can't control everything in sight
But with their expertise and guidance, we can face any economic fight<|im_end|>

[Final Chorus or Chorus Refrain (optional)]
Fed's in the house...
Directing the economy's flow
Interest rates up or down, they're the ones who know how to go
Banking system, they supervise, making sure it stays alive
In times of trouble, they provide a rescue with no compromise<|im_end|>

[Outro]
So understand their role, it's vital to our economic health
They're not just some bankers; they're the backbone of our wealth
The Fed's the conductor, leading us through financial storms
Their decisions impact all, from Wall Street to Main Street, that's for sure.<|im_end|>

