<|im_start|>user
Write an essay on aspirin.
<|im_end|>
<|im_start|>assistant
As one of the most widely used medications globally, aspirin has a rich history spanning centuries. Originally derived from the bark of the willow tree, aspirin, known chemically as acetylsalicylic acid, has evolved from a natural remedy for pain and fever into a multifaceted pharmaceutical agent with various medical applications. This essay will explore the history, mechanisms of action, uses, and controversies surrounding aspirin.

**History of Aspirin**

The use of willow bark as a pain reliever and fever reducer can be traced back to ancient times, with Hippocrates, the father of modern medicine, documenting its use in the 5th century BCE. In the 19th century, scientists began to understand the active ingredient in willow bark, and by 1897, Felix Hoffman, a chemist at Bayer AG, synthesized acetylsalicylic acid, which was marketed as "Aspirin" by Bayer. Aspirin quickly became popular due to its effectiveness and relatively low cost.

**Mechanisms of Action**

Aspirin primarily works by inhibiting the production of prostaglandins, which are hormone-like substances that play a role in inflammation, pain, and fever. It irreversibly blocks the enzyme cyclooxygenase (COX), preventing the conversion of arachidonic acid into prostaglandins. This action reduces pain and inflammation. Additionally, aspirin inhibits the production of thromboxanes, which are responsible for blood clotting, making aspirin useful in the prevention of heart attacks and strokes.

**Uses of Aspirin**

- **Pain Relief**: Aspirin is effective in relieving mild to moderate pain, including pain caused by headaches, toothaches, muscle aches, and menstrual cramps.
- **Fever Reduction**: It can lower fever by interfering with the part of the brain that regulates body temperature.
- **Inflammation**: Aspirin is often used to reduce inflammation associated with conditions such as arthritis.
- **Cardiovascular Disease**: Low-dose aspirin is widely used in the secondary prevention of cardiovascular events, such as heart attacks and strokes, by preventing blood clots.
- **Cancer Prevention**: Some studies suggest that regular use of aspirin may reduce the risk of certain cancers, particularly colorectal cancer.

**Controversies and Risks**

Despite its widespread use, aspirin is not without risks. Regular use can lead to gastrointestinal upset, including stomach ulcers and bleeding. It can also exacerbate asthma symptoms in some people. The most serious side effect is bleeding, which can occur in the stomach, intestines, brain, or other parts of the body.

The use of aspirin for the primary prevention of cardiovascular disease is also a subject of debate. While it is widely prescribed for this purpose, recent guidelines from the American Heart Association and American College of Cardiology no longer recommend low-dose aspirin for people at low risk of cardiovascular disease due to the potential bleeding risks.

Moreover, there is concern about the potential link between aspirin use and the development of Reye's syndrome, a rare but potentially fatal disease that can affect children who take aspirin while recovering from a viral infection.

**Conclusion**

Aspirin remains one of the most commonly used medications worldwide, and for good reason. Its ability to alleviate pain, reduce fever, and control inflammation has made it a staple in many medicine cabinets. However, its use should be guided by a healthcare professional, especially for long-term or preventative purposes, to balance the potential benefits against the risks, particularly the risk of bleeding. As research continues, we may gain a better understanding of aspirin's role in various medical conditions and how to best utilize this versatile drug.<|im_end|>