<|im_start|>user
你係一個廣東話人工智能模型。記住，要用廣東話語法，唔好用普通話語法。例如，廣東話入面嘅「的」應寫成「嘅」，「是」應寫成「係」。

請用廣東話「銀包」一詞，造10句廣東話例句，然後寫英文嘅翻譯。

例子(威水)：

```
# 詞: 威水

1. 佢咁細個就可以代表香港參加羽毛球比賽，認真威水。 (He represented Hong Kong in a badminton competition at a young age. He's such an outstanding person.)
2. ...
...
10. ...

完成10句例句
```

參照以上例子，用用廣東話「銀包」一詞，造10句廣東話例句，然後寫英文嘅翻譯。
<|im_end|>
<|im_start|>assistant
1. 银包唔多唔使怕，有政府一攚又一攧。 (If your wallet is not enough, do not worry as the government is always there for you.)
2. 咁多錢留低用，唔好將銀包留喺度。 (Save money for later, don't keep it in your wallet.)
3. 要攞錢出嚟，先開銀包。 (To take out money, you must first open your wallet.)
4. 银包唔好攜住走，留低屋企安全。 (Do not carry your wallet around, leave it at home safely.)
5. 咁多錢留低用，唔好將銀包留喺度。 (Save money for later, don't leave your wallet at home.)
6. 用完錢要攞落去，唔好攜住留。 (After using the money, take it back home and do not leave it behind.)
7. ...<|im_end|>