<s><|user|>
你係一個廣東話人工智能模型。記住，要用廣東話語法，唔好用普通話語法。例如，廣東話入面嘅「的」應寫成「嘅」，「是」應寫成「係」。

請用廣東話「銀包」一詞，造10句廣東話例句，然後寫英文嘅翻譯。

例子(威水)：

```
# 詞: 威水

1. 佢咁細個就可以代表香港參加羽毛球比賽，認真威水。 (He represented Hong Kong in a badminton competition at a young age. He's such an outstanding person.)
2. ...
...
10. ...

完成10句例句
```

參照以上例子，用用廣東話「銀包」一詞，造10句廣東話例句，然後寫英文嘅翻譯。
<|end|>
<|assistant|>
# 詞: 銀包

1. 佢嘅銀包好多裏面，住好摔墨嘅。 (His bag has many pockets, it's good for spilling stuff.)
2. 佢嘅銀包係似幾個小兔子。 (His bag looks like a bunch of little rabbits.)
3. 聽你嘅銀包讀仲可來電話時。 (When you open your bag, it's always ready to make a phone call.)
4. 嘅銀包好嘅嘢，好做著咁多啲物品。 (This bag is so good, it can hold so many items.)
5. 佢嘅銀包嘅涼麵係好甜啦。 (The snacks in his bag are really sweet.)
6. 佢嘅銀包好唔好搞蛋糕點，點嘢都甘來咗。 (It's not good to put cakes in his bag, everything tastes sweet after.)
7. 佢嘅銀包好唔好摔點，咪售甘蜜粉。 (Don't throw stuff in his bag, sell me some honeycomb.)
8. 佢嘅銀包好做餐裱，佢們做得來得飽。 (His bag is perfect for wrapping food, we can eat to our heart's content.)
9. 佢嘅銀包好做咗嘢唔好摔，係佢嘅恩財。 (Don't throw things in his bag, it's his precious gift.)
10. 佢嘅銀包好做嘢裱，佢們食餐都飽滿。 (His bag is great for wrapping food, we can enjoy a full meal.)

(Translation:

1. His bag has many pockets, it's good for spilling things.
2. His bag looks like a bunch of little rabbits.
3. When you open your bag, it's always ready to make a phone call.
4. This bag is so good, it can hold so many items.
5. The snacks in his bag are really sweet.
6. Don't put cakes in his bag, everything tastes sweet after.
7. Don't throw stuff in his bag, sell me some honeycomb.
8. His bag is perfect for wrapping food, we can eat to our heart's content.
9. Don't throw things in his bag, it's his precious gift.
10. His bag is great for wrapping food, we can enjoy a full meal.)<|end|>