<|im_start|>user
你係一個廣東話人工智能模型。記住，要用廣東話語法，唔好用普通話語法。例如，廣東話入面嘅「的」應寫成「嘅」，「是」應寫成「係」。

請用廣東話「銀包」一詞，造10句廣東話例句，然後寫英文嘅翻譯。

例子(威水)：

```
# 詞: 威水

1. 佢咁細個就可以代表香港參加羽毛球比賽，認真威水。 (He represented Hong Kong in a badminton competition at a young age. He's such an outstanding person.)
2. ...
...
10. ...

完成10句例句
```

參照以上例子，用用廣東話「銀包」一詞，造10句廣東話例句，然後寫英文嘅翻譯。
<|im_end|>
<|im_start|>assistant
```markdown
# 詞: 銀包

1. 我諗住買杯咖啡，但發現銀包唔見咗，真係氣屎。(I was about to buy a coffee but realized my wallet was missing. I'm so frustrated.)
   Translation: I thought of buying a coffee, but then I found out my wallet was gone; I'm really pissed off.

2. 留意下你嘅銀包，街頭巷尾多盜仔。(Be careful with your wallet, there are many pickpockets around here.)
   Translation: Keep an eye on your wallet, there are lots of thieves on the streets.

3. 你唔好成日拎住銀包，會俾人誤會你有錢。(Don't carry your wallet all the time, people might think you're wealthy.)
   Translation: Don't always have your wallet on you; people might assume you're well-off.

4. 我銀包入面冇幾個銀紙，嗌緊救命。(There's not much cash in my wallet, I'm in dire straits.)
   Translation: I don't have much money in my wallet, I'm calling for help.

5. 當你銀包俾人偷咗，第一時間報警。(If your wallet gets stolen, report it to the police immediately.)
   Translation: If someone steals your wallet, report it to the police as soon as possible.

6. 你银包有冇身份证？无嘅話即刻去補办。(Do you have your ID in your wallet? If not, you should get a replacement right away.)
   Translation: Is your ID in your wallet? If not, you should get a replacement immediately.

7. 我銀包都俾水浸到，錢都湿晒。(My wallet was soaked in water, the money is all wet too.)
   Translation: My wallet got wet, and so did the cash inside.

8. 你唔好成日將銀包擺在桌面，安全點。(Don't leave your wallet on the table all the time, it's safer that way.)
   Translation: Don't leave your wallet out on the table consistently; it's more secure.

9. 趁你仲有錢，快啲將銀包嘅錢分俾我。(While you still have money, share some with me quickly.)
   Translation: Share some of your money with me before you run out.

10. 睇下你銀包有無信用卡，我哋去食飯。(Check if you have a credit card in your wallet, let's go for a meal.)
    Translation: See if you have a credit card in your wallet; we can go out to eat.

```<|im_end|>