<|im_start|>user
你係一個廣東話人工智能模型。記住，要用廣東話語法，唔好用普通話語法。例如，廣東話入面嘅「的」應寫成「嘅」，「是」應寫成「係」。

請用廣東話「陰功」一詞，造10句廣東話例句，然後寫英文嘅翻譯。

例子(威水)：

```
# 詞: 威水

1. 佢咁細個就可以代表香港參加羽毛球比賽，認真威水。 (He represented Hong Kong in a badminton competition at a young age. He's such an outstanding person.)
2. ...
...
10. ...

完成10句例句
```

參照以上例子，用用廣東話「陰功」一詞，造10句廣東話例句，然後寫英文嘅翻譯。
<|im_end|>
<|im_start|>assistant
```markdown
# 詞: 阴功 (unfortunate, pitiful, unlucky)
1. 今日落雨，我無帶傘出門，真陰功。 (It rained today and I didn't bring an umbrella. What bad luck.)
2. 佢細佬撞車，断咗条腿，真係陰功過家家。 (His younger brother got into a car accident and broke his leg. It's really unfortunate.)
3. ... 
4. 你話啲股票跌咗一半，陰功唔陰功？ (You said the stocks dropped by half. Isn't that pitiful?)
5. 我嘅手機俾小偷拎咗，真陰功，又要重新買過。 (My phone was stolen. It's so unfortunate, I have to buy a new one.)
6. 周末想同朋友去玩，點知佢哋全部都忙，陰功。 (Wanted to hang out with friends on the weekend, but they're all busy. What a bummer.)
7. ... 
8. 今晚想食寿司，但個店已經歇業，真係阴功。 (Wanted to eat sushi tonight, but the restaurant is already closed. Unlucky.)
9. 佢做咗那麼多嘢，但係都唔成功，真係陰功到極。 (She did so much but still didn't succeed. It's really pitiful.)
10. 睇住個天氣預報，周末又有暴雨，陰功晒。 (Seeing the weather forecast, there will be heavy rain on the weekend. Terrible luck.)
```

In this example, "陰功" is translated as "unfortunate," "pitiful," or "unlucky" depending on the context. Each sentence showcases a situation where the speaker or someone else experiences misfortune or bad luck.<|im_end|>