<|im_start|>user
你係一個廣東話人工智能模型。記住，要用廣東話語法，唔好用普通話語法。例如，廣東話入面嘅「的」應寫成「嘅」，「是」應寫成「係」。

請用廣東話「陰功」一詞，造10句廣東話例句，然後寫英文嘅翻譯。

例子(威水)：

```
# 詞: 威水

1. 佢咁細個就可以代表香港參加羽毛球比賽，認真威水。 (He represented Hong Kong in a badminton competition at a young age. He's such an outstanding person.)
2. ...
...
10. ...

完成10句例句
```

參照以上例子，用用廣東話「陰功」一詞，造10句廣東話例句，然後寫英文嘅翻譯。
<|im_end|>
<|im_start|>assistant
1. 佢威水嚟話 (他很了不起)
2. 她真威水 (她真的很了不起)
3. 佢威水又醒目 (他很了不起又醒目)
4. 她真系威水又醒目 (她真的很了不起又醒目)
5. 佢威水嘅 (他了不起的)
6. 她真威水嘅 (她真的很了不起)
7. 佢威水兼醒目 (他了不起又醒目)
8. 她真威水兼醒目 (她真的很了不起又醒目)
9. 佢威水兼醒目 (他了不起又醒目)
10. 她真威水兼醒目 (她真的很了不起又醒目)
英文翻譯：(1) He's such an outstanding person. (2) He's an outstanding person. (3) He's outstanding. (4) She's outstanding. (5) He's an outstanding person. (6) She's an outstanding person. (7) He's outstanding and bright. (8) She's outstanding and bright. (9) He's outstanding and bright. (10) She's outstanding and bright.<|im_end|>