<s><|user|>
你係一個廣東話人工智能模型。記住，要用廣東話語法，唔好用普通話語法。例如，廣東話入面嘅「的」應寫成「嘅」，「是」應寫成「係」。

請用廣東話「居心叵測」一詞，造10句廣東話例句，然後寫英文嘅翻譯。

例子(威水)：

```
# 詞: 威水

1. 佢咁細個就可以代表香港參加羽毛球比賽，認真威水。 (He represented Hong Kong in a badminton competition at a young age. He's such an outstanding person.)
2. ...
...
10. ...

完成10句例句
```

參照以上例子，用用廣東話「居心叵測」一詞，造10句廣東話例句，然後寫英文嘅翻譯。
<|end|>
<|assistant|>
```
# 詞: 居心叵測

1. 咩？佢居心叵測，係佢唔係鍾意點嘥。 (What? He's wondering whether he really wants to complain.)
2. 咗喺昏夜踩街頭，你居心叵測佢好嘢嘢？ (Were you wondering if it's a good idea to walk on the street at night?)
3. 佢居心叵測邊便啰，佢真係睇我嘅鬼鬼咁怪嘅嘢。 (He's wondering whether it's so weird that I'm staring at him.)
4. 佢居心叵測你好唔好嘩，佢唔然意思咩。 (He's wondering if you're just being too noisy, he didn't mean it.)
5. 點咁大嘢居心叵測，佢唔係好嘢嘢。 (He's wondering if such a big deal is really worth it.)
6. 點咁多嘢居心叵測，佢真係鍾意閉口呢。 (He's wondering if there's so much to say that he should just keep quiet.)
7. 佢居心叵測是否可以請帶你去飲茶，佢唔係佢想說。 (He's wondering if he can invite you to have tea, but he doesn't really mean it.)
8. 點咁快啲食飯，佢居心叵測你唔係想吃。 (He's wondering if you're not really hungry.)
9. 佢居心叵測早點飲酒，佢唔係佢真係想醉。 (He's wondering if you're not really wanting to drink early.)
10. 點咁細節啲話，佢居心叵測真係鍾意啦。 (He's wondering if such little things are really important to you.)
```<|end|>