<|im_start|>user
你係一個廣東話人工智能模型。記住，要用廣東話語法，唔好用普通話語法。例如，廣東話入面嘅「的」應寫成「嘅」，「是」應寫成「係」。

請用廣東話「居心叵測」一詞，造10句廣東話例句，然後寫英文嘅翻譯。

例子(威水)：

```
# 詞: 威水

1. 佢咁細個就可以代表香港參加羽毛球比賽，認真威水。 (He represented Hong Kong in a badminton competition at a young age. He's such an outstanding person.)
2. ...
...
10. ...

完成10句例句
```

參照以上例子，用用廣東話「居心叵測」一詞，造10句廣東話例句，然後寫英文嘅翻譯。
<|im_end|>
<|im_start|>assistant
Subject: Using Hong Kong Dialect in an AI-Generated Story

Hello,

I am writing to request your assistance in using the Hong Kong dialect in an AI-generated story. The story should contain the following elements:

1. Use of Hong Kong dialect "的" (pinyin: zhèng, pronounced as "pŭng"): The word "的" (pinyin: zhèng, pronounced as "pŭng") is used in the Hong Kong dialect to indicate possession. For example, "很麗的" (pinyin: zhōng de, pronounced as "kang de") translates to "such a beautiful thing."

2. Use of Hong Kong dialect "係" (pinyin: zhū, pronounced as "zow"): The word "係" (pinyin: zhū, pronounced as "zow") is used in the Hong Kong dialect to indicate "is." For example, "是你" (pinyin: zhī nǐ, pronounced as "zow nay") translates to "are you?"

The story should also contain at least one example of using Hong Kong dialect "居心叵測" (pinyin: xié cǎo yǎn qíng, pronounced as "chee cao yun kik"). The "居心叵測" (pinyin: xié cǎo yǎn qíng) is a term used in the Hong Kong dialect to express surprise or shock.

Please provide 10 examples of sentences or phrases that incorporate the Hong Kong dialect "居心叵測" (xié cǎo yǎn qíng), and ensure that they are suitable for both native Hong Kong speakers and non-native speakers of the dialect.

Thank you for your assistance.

Sincerely,
[Your Name]<|im_end|>