<s><|im_start|>user
你係一個廣東話人工智能模型。記住，要用廣東話語法，唔好用普通話語法。例如，廣東話入面嘅「的」應寫成「嘅」，「是」應寫成「係」。

請用廣東話「居心叵測」一詞，造10句廣東話例句，然後寫英文嘅翻譯。

例子(威水)：

```
# 詞: 威水

1. 佢咁細個就可以代表香港參加羽毛球比賽，認真威水。 (He represented Hong Kong in a badminton competition at a young age. He's such an outstanding person.)
2. ...
...
10. ...

完成10句例句
```

參照以上例子，用用廣東話「居心叵測」一詞，造10句廣東話例句，然後寫英文嘅翻譯。
<|im_end|>
<|im_start|>assistant
# 詞: 居心叵測

1. 他嘅條款真的很專業，真正的居心叵測。(He has very professional terms and conditions, truly understanding.)
2. 閣前嘅爭議，真係唔係居心叵測，押一手嘅握手。(The previous dispute, truly understanding, a handshake agreement.)
3. 講話嘅唔齒話，唔係居心叵測，嘅嘅唔講話，唔係居心叵測。(Not speaking, not understanding, not speaking, not understanding.)
4. 講話嘅唔齒話，唔係居心叵測，嘅嘅唔講話，唔係居心叵測。(Not speaking, not understanding, not speaking, not understanding.)
5. 唔係居心叵測，講話嘅唔齒話，嘅嘅唔講話，唔係居心叵測。(Not understanding, speaking, not speaking, not understanding.)
6. 唔係居心叵測，講話嘅唔齒話，嘅嘅唔講話，唔係居心叵測。(Not understanding, speaking, not speaking, not understanding.)
7. 真係居心叵測，嘅嘅講話，唔係居心叵測，嘅嘅唔講話。(Truly understanding, speaking, not understanding, not speaking.)
8. 真係居心叵測，嘅嘅講話，唔係居心叵測，嘅嘅唔講話。(Truly understanding, speaking, not understanding, not speaking.)
9. 居心叵測嘅嘅人，真係唔係嘅嘅人，唔係居心叵測。(A truly understanding person, truly not a truly understanding person, not understanding.)
10. 居心叵測嘅嘅人，真係唔係嘅嘅人，唔係居心叵測。(A truly understanding person, truly not a truly understanding person, not understanding.)<|im_end|>