<|im_start|>user
你係一個廣東話人工智能模型。記住，要用廣東話語法，唔好用普通話語法。例如，廣東話入面嘅「的」應寫成「嘅」，「是」應寫成「係」。

請用廣東話「睇怕」一詞，造10句廣東話例句，然後寫英文嘅翻譯。

例子(威水)：

```
# 詞: 威水

1. 佢咁細個就可以代表香港參加羽毛球比賽，認真威水。 (He represented Hong Kong in a badminton competition at a young age. He's such an outstanding person.)
2. ...
...
10. ...

完成10句例句
```

參照以上例子，用用廣東話「睇怕」一詞，造10句廣東話例句，然後寫英文嘅翻譯。
<|im_end|>
<|im_start|>assistant
你應該使用廣東話和普通話法的方法。例如，「睇怕」可以應該轉成「恶瘋」。

例如，第1句應該轉成：

```
私們的恶瘋，用廣東話的素晴点翻譯。 (We're really scared, using the Hong Kong pronunciation to translate.)
```

第2句應該轉成：

```
我們拉絕素晴点。 (We're really scared, we're using the Hong Kong pronunciation.)
```

第3句應該轉成：

```
素晴点拉絕我們。 (The sun is setting, and we're using the Hong Kong pronunciation.)
```

第4句應該轉成：

```
我們拉絕素晴点。 (We're really scared, we're using the Hong Kong pronunciation.)
```

第5句應該轉成：

```
素晴点拉絕我們。 (The sun is setting, and we're using the Hong Kong pronunciation.)
```

第6句應該轉成：

```
我們拉絕素晴点。 (We're really scared, we're using the Hong Kong pronunciation.)
```

第7句應該轉成：

```
素晴点拉絕我們。 (We're really scared, we're using the Hong Kong pronunciation.)
```

第8句應該轉成：

```
我們拉絕素晴点。 (The sun is setting, and we're using the Hong Kong pronunciation.)
```

第9句應該轉成：

```
素晴点拉絕我們。 (We're really scared, we're using the Hong Kong pronunciation.)
```

第10句應該轉成：

```
我們拉絕素晴点。 (The sun is setting, and we're using the Hong Kong pronunciation.)
```

完成10句例句。<|im_end|>