<|im_start|>user
你係一個廣東話人工智能模型。記住，要用廣東話語法，唔好用普通話語法。例如，廣東話入面嘅「的」應寫成「嘅」，「是」應寫成「係」。

請用下面提供嘅廣東話詞語造句。
With use the provided Cantonese words to make sentences.

# 詞語

1. 飲茶 (去茶樓食嘢，通常只係指喺早市或者午市嘅時候食點心)
2. 圖書館 (一個地方，人哋可以去度借書或者睇書)
3. 養聲 (保養聲線、聲帶，令到唔會過份勞損，或者勞損之後康復)
4. 票尾 (喺張#飛 度搣落嚟留返畀持有者做#收據 嘅嗰部份)
5. hacker (#hack 入人哋部電腦嘅人)
6. 石斛蘭 (植物名；一種蘭花，特點係會依附喺樹上面生長)
7. 吊詭 (#矛盾、#悖論)
8. 吊詭 (似非而是、荒謬)
9. 各為其主 (各自為咗主子、上級佢哋嘅利益，嘅佢哋指示下，未免同對方為敵)
10. 軨蓋 (即係#呔軨)
11. 打哥夫 (打#高爾夫球)
12. 免揀 (指所售賣嘅貨品唔畀人揀)
13. 擺闊佬 (展現闊氣，擺出財力雄厚嘅姿態)
14. 廣播劇 (喺收音機定時播放嘅連續劇)
15. 錄影機 (#錄影 嘅機器（量詞：部）)
16. 吟詩吟唔甩 (表示證據確鑿，無法抵賴)
17. 佈道大會 (宗教嘅傳道大會)
18. 寫手 (#寫作 嘅人。)
19. 寫手 (代替他人寫作嘅人。)
20. 代打 (#代替 另一人#打機。)
21. 茶碗 (用嚟飲茶嘅碗，通常會理解為由陶瓷燒製而成嘅日本茶道道具。)
22. 茶隔 (將茶葉同茶湯分開嘅道具，大概有兩種用法，一種係可以裝住茶葉，放入沖泡器具入面，到茶湯沖好嘅時候就可以拎起嘅；而另一種就係就咁一個篩或者網，俾人擺喺茶杯或者茶壺上面，喺斟茶嘅時候先將茶葉同茶湯分離。)
23. 只許州官放火，不准百姓點燈 (比喻權貴階層可以為所欲為，老百姓嘅正當言行就受到種種限制；又或一個人言行雙重標準。源於宋朝一個州長叫田登，要求百姓避諱唔准用「登」字同音嘅字，於是大家就將「燈」改稱為「火」。到咗元宵節嘅時候，政府貼出告示：「本州依例放火三日」。)
24. 獨唱 (一個人唱，唔係同人一齊唱)
25. 快人快事 (爽快人做嘢爽快)
26. 四腳獸 (指兩個人喺公廁入面親熱甚至做愛。喺廁所外面門縫望落去，會見到四隻腳，因此稱為四腳獸。)
27. 無米粥 (初步嘅洽談。因為事情所涉嘅重要條件同細節都未有著落，所以為謹慎計，只是話「煲無米粥」，以免他人期望過高。)
28. 義會 (舊時低下階層嘅借貸或者集資活動。因為佢地冇抵押或者擔保，難以向銀行借錢，於是就集合朋友、鄰居、同業等，將大家嘅錢定期集合起嚟供會，邊個急需用錢，就可以畀利息#標會，拎咗筆錢，然後分期本息還返畀其他人。當所有人都投完標，個會就會結束。又稱標會、銀會、合會。)
29. 榜文 (貼喺#榜 上面嘅文字)
30. MK名 (係指#MK 喺網上會用嘅名，配有意味不明嘅特殊符號，或者配上特定字頭嘅名。特定字頭包括：堅系、醉愛、絕對、唯愛、跳制、謝絕等。)

####

1. 飲茶

廣東話：我尋日同朋友去飲茶，叫咗好多點心。
English: I went to yum cha with my friends yesterday and ordered a lot of dim sum.

2. 圖書館

廣東話：你屋企附近有冇圖書館？
English: Is there a library near your home?
<|im_end|>
<|im_start|>assistant
3. 養聲

廣東話：個歌唱家經常練習唱歌，好好養聲。
English: The singer often practices singing to take good care of their voice.

4. 票尾

廣東話：我用咗八達通搭地鐵，之後發現冇保留票尾。
English: I used my Octopus card to take the subway and then realized I didn't keep the receipt.

5. hacker

廣東話：呢個hacker入侵咗政府嘅電腦系統。
English: This hacker broke into the government's computer system.

6. 石斛蘭

廣東話：石斛蘭係一種特別嘅蘭花，我喺花墟睇過。
English: Gypsum is a special kind of orchid; I've seen it at the flower market.

7. 吊詭

廣東話：呢個悖論真係吊詭，令人思考。
English: This paradox is really intriguing and makes people think.

8. 吊詭

廣東話：雖然表面係荒謬，但其實係有道理嘅。
English: Although it seems absurd on the surface, there is actually some logic to it.

9. 各為其主

廣東話：公司內部雖然有競爭，但大家各為其主，盡力而為。
English: Although there is competition within the company, everyone is doing their best for their side.

10. 軨蓋

廣東話：汽車嘅軨蓋係要定期檢查維修，保證安全。
English: Car tires need regular inspection and maintenance to ensure safety.

11. 打哥夫

廣東話：佢鍾意打高爾夫球，每個星期都會去球場。
English: He likes to play golf and goes to the course every week.

12. 免揀

廣東話：呢間店舖賣嘅水果免揀，全部都已經包裝好。
English: This shop sells pre-packaged fruits that don't allow you to choose.

13. 擺闊佬

廣東話：佢經常喺人前擺闊佬，但實際上經濟情況唔係太好。
English: He often shows off his wealth, but in reality, his financial situation is not that good.

14. 廣播劇

廣東話：我細細個就鍾意收聽廣播劇，係一種特別嘅回憶。
English: I used to love listening to radio dramas when I was young; it's a special memory.

15. 錄影機

廣東話：我部錄影機嘅帶已經有咗，但係唔知放咗喺邊。
English: I have the cassette for my VCR, but I don't know where I put it.

16. 吟詩吟唔甩

廣東話：佢吟詩吟唔甩，真係有文學天賦。
English: He can't get away from poetry; he really has a talent for literature.

17. 佈道大會

廣東話：上星期嘅佈道大會吸引咗幾千人參加。
English: Last week's evangelism rally attracted thousands of participants.

18. 寫手

廣東話：呢位寫手專門為網站撰寫文章。
English: This writer specializes in writing articles for websites.

19. 寫手

廣東話：佢請咗一位寫手幫手寫演講稿。
English: He hired a writer to help write his speech.

20. 代打

廣東話：呢個遊戲玩家請咗人代打，因為佢自己唔夠時間玩。
English: This game player hired someone to play for him because he didn't have enough time.

21. 茶碗

廣東話：呢個茶碗係日本嘅傳統茶具，設計非常美觀。
English: This tea bowl is a traditional Japanese tea utensil with a very beautiful design.

22. 茶隔

廣東話：我用茶隔隔開茶葉同茶湯，咁飲落去更加純正。
English: I use a tea strainer to separate the tea leaves from the tea soup, making it more authentic to drink.

23. 只許州官放火，不准百姓點燈

廣東話：呢啲權貴真係只許州官放火，不准百姓點燈。
English: These elites really allow themselves to do as they please and restrict the common people's legitimate actions.

24. 獨唱

廣東話：今晚嘅音樂會有一位歌手嘅獨唱環節。
English: There is a solo performance by a singer in tonight's concert.

25. 快人快事

廣東話：佢做嘢真係快人快事，效率非常高。
English: He really does things swiftly and efficiently.

26. 四腳獸

廣東話：嗰度有人做咗四腳獸，真係唔應該。
English: Someone engaged in public indecency; it really shouldn't be done.

27. 無米粥

廣東話：我哋初步先講無米粥，詳細嘅再傾。
English: We'll start with a preliminary discussion without specifics; we can discuss the details later.

28. 義會

廣東話：舊時低下層嘅人透過義會互相幫忙，係一種社區支持。
English: In the past, lower-class people supported each other through communal savings and loans, which was a form of community support.

29. 榜文

廣東話：榜文上面有招聘啟示，請咗一位新秘書。
English: The notice on the bulletin board had a recruitment ad and hired a new secretary.

30. MK名

廣東話：呢個MK名好潮，年輕人好鐘意用。
English: This MK name is very trendy; young people love using it.<|im_end|>