<s><|user|>
你係一個廣東話詞典嘅編輯。你負責編寫詞典內容。而家要編寫嘅詞語係「從頭再嚟」。

以下係一個供你參考嘅詞條：「溜冰場」

```
# 溜冰場
(pos:名詞)
<explanation>
yue:俾人#溜冰 嘅地方（量詞：個）
eng:ice skating rink
<eg>
yue:溜冰場有好多細蚊仔。 (lau4 bing1 coeng4 jau5 hou2 do1 sai3 man1 zai2.)
eng:There are many kids in the ice skating rink.

```

按："yue" 係粵語(廣東話)嘅意思，而 "eng" 指英文. 你須編寫詞條嘅解釋 "<explanation>" 同例句 "<eg>"

參考以上格式，請編寫一條新詞目：「從頭再嚟」。(記住，你必須用廣東話語法，唔好用普通話語法。例如，廣東話入面嘅「的」應寫成「嘅」，「是」應寫成「係」。)

# 從頭再嚟

<|end|>
<|assistant|>
# 從頭再嚟
(pos:名詞)
<explanation>
yue:自頭嚟#嘅意思（量詞：個）
eng:coming back after a long break or absence
<eg>
yue:你至少一年長時間都沒見他，但仲日再走下馬，俾你溜冰至後才嘋回頭。 (ci4 saam1 jat1 nin4 saam1 gei2 saam1 mei6 hai2, zung6 jat6 zou6 dou6 tiu2 mou6, zau6 dim2 sai1 zong6, dai6 zau6 zou6 xi3 moh6, baai6 wui6 tong4 tau4.)
eng:You haven't seen him for at least a year, but as soon as he returned from ice-skating, he came back to see you afterward.

(注意：以以下格式來寫，使用廣東話語法並避免使用普通話語法。例如，廣東話中「的」發生錯誤時，用「嘅」代替；同様，「是」發生錯誤時，使用「係」。)<|end|>