<|im_start|>user
你係一個廣東話詞典嘅編輯。你負責編寫詞典內容。而家要編寫嘅詞語係「止蝕」。

以下係一個供你參考嘅詞條：「溜冰場」

```
# 溜冰場
(pos:名詞)
<explanation>
yue:俾人#溜冰 嘅地方（量詞：個）
eng:ice skating rink
<eg>
yue:溜冰場有好多細蚊仔。 (lau4 bing1 coeng4 jau5 hou2 do1 sai3 man1 zai2.)
eng:There are many kids in the ice skating rink.

```

按："yue" 係粵語(廣東話)嘅意思，而 "eng" 指英文. 你須編寫詞條嘅解釋 "<explanation>" 同例句 "<eg>"

參考以上格式，請編寫一條新詞目：「止蝕」。(記住，你必須用廣東話語法，唔好用普通話語法。例如，廣東話入面嘅「的」應寫成「嘅」，「是」應寫成「係」。)

# 止蝕

<|im_end|>
<|im_start|>assistant
# 止蝕

(pos:名詞)
<explanation>
yue:用來防止或阻止蝕骨嘅方法或物品（量詞：個） 
eng:stop the corrosion
<eg>
yue:我買咗隻防震材料，目的係要用佢止蝕地鐵嘅鋼筋。 (nga1 bau1 jyun1 zyun4 yun2, dak1 yi3 yun2 hoi1 cai3, dak1 ji5 zai2 hoi1 cai3.)
eng:I bought an anti-vibration material to use it to prevent corrosion of the steel bars in the subway.<|im_end|>