We need to produce 8 questions Q1-Q8, with increasing difficulty. Must be concise, within a paragraph or two. Must have varying difficulty, Q1 easy, Q8 hardest. Must be mix English and Chinese. Must span wide range topics. Must have objective assessment (short answer or multiple choice). Must be creative. For English questions, each question must contain at least a word with the letter "z". For Chinese questions, each question must contain the character "平" at least once. Also we can optionally provide answer key after each question.

We need to ensure each English question includes a word with "z". Could be "zany", "buzz", "quiz", "pizza", "zebra", "blizzard", etc. Must be in the question text. For Chinese questions, must include "平". Could be "平凡", "平衡", "平台", "平等", "平安", "平行", "平静", etc.

We need 8 questions total. Mix of English and Chinese. Let's decide maybe 4 English, 4 Chinese, alternating or any distribution. Ensure difficulty increases overall.

We need to label Q1 to Q8. Provide each question, maybe with answer key after.

Let's design:

Q1 (Easy) English: simple factual recall, includes a word with z. Eg: "What is the capital of Japan?" Need a z word: maybe "quiz". So: "Quick quiz: What is the capital of Japan?" That includes "quiz". Good.

Answer: Tokyo.

Q2 (Easy-Medium) Chinese: include 平. Eg: "请说出中国的最高山峰名称。" Need 平 somewhere: maybe "平凡" not relevant. Could ask: "在中国的哪个省份可以看到平凡的梯田？" Not great. Better: "在中国的哪个城市有著名的平遥古城？" Contains 平 (in 平遥). Question: "在中国的哪个城市有著名的平遥古城？" That's easy. Answer: 山西省平遥县 (or 平遥古城 located in 山西省). Provide answer.

Q3 (Medium) English: need z word. Could be about science: "Which planet in our solar system has the shortest day?" Need a z word: maybe "buzz". So: "Quick buzz: Which planet in our solar system has the shortest day?" Answer: Jupiter (about 10 hours). Good.

Q4 (Medium-Hard) Chinese: need 平. Could be about history: "请简述中国古代四大发明对世界文明的影响。" Need 平 somewhere: maybe add "平凡" not needed. Could embed: "在中国古代的四大发明中，哪一项对全球交流产生了最深远的平凡影响？" That seems odd. Better: "在中国古代的四大发明中，哪一项促进了全球交流的平台？" Contains 平台. Question: "在中国古代的四大发明中，哪一项促进了全球交流的平台？" Answer: 造纸术 (paper) or 指南针? Actually platform for exchange maybe printing press? But four great inventions: papermaking, printing, gunpowder, compass. Which promoted global exchange platform? Printing (printing press) enabled spread of knowledge. Could answer: 印刷术. Provide answer.

Q5 (Hard) English: need z word. Could be about literature: "Name a novel that uses an unreliable narrator and won the Pulitzer Prize." Need z word: maybe "buzz". So: "Quick buzz: Name a novel that uses an unreliable narrator and won the Pulitzer Prize." Answer: "The Goldfinch" by Donna Tartt (unreliable? maybe not). Better: "Gone Girl"? Not Pulitzer. "The Road"? Not Pulitzer. "A Visit from the Goon Squad"? Not Pulitzer. "The Amazing Adventures of Kavalier & Clay"? Not Pulitzer. Hmm. Could choose "The Brief Wondrous Life of Oscar Wao" (Pulitzer 2008) uses footnotes, not unreliable narrator. "The Overstory"? Not. Let's think: Pulitzer Fiction winners with unreliable narrator: "The Goldfinch" maybe narrator is somewhat unreliable? Not sure. "The Underground Railroad"? Not. "The Nickel Boys"? Not. "A Little Life"? Not Pulitzer. Maybe we can ask about a novel that won the Pulitzer and uses an unreliable narrator: "The Amazing Adventures of Kavalier & Clay" not. "The Road" no. "The Grapes of Wrath" no. "To Kill a Mockingbird" no. "The Old Man and the Sea" no. "The Color Purple" no. "Beloved" no. "The Hours"? Not. Let's pick "The Goldfinch" as answer; it's somewhat debated but okay.

Alternatively ask about a poem? Might be easier: "Which American poet won the Pulitzer Prize for Poetry in 2020 and is known for his use of the letter 'z' in his name?" That includes z in question? Need a word with z in question, not answer. So we can embed "buzz". Eg: "Quick buzz: Which American poet won the Pulitzer Prize for Poetry in 2020 and is known for his use of the letter 'z' in his name?" Answer: Jericho Brown (has z). Good. That includes buzz and tests knowledge.

Thus Q5: English, hard.

Q6 (Harder) Chinese: need 平. Could be about advanced math or physics. Eg: "请解释什么是平坦流形（flat manifold）及其在广义相对论中的意义。" Contains 平 in 平坦. Question: "请解释什么是平坦流形及其在广义相对论中的意义。" That's a short explanation request, acceptable as short essay. Answer: define flat manifold (zero curvature) and its role in GR (spacetime can be locally flat, equivalence principle). Provide answer.

Q7 (Very Hard) English: need z word. Could be about advanced computer science: "Explain the difference between zero-knowledge proofs and zk-SNARKs in the context of blockchain privacy." Need a word with z: we have "zero-knowledge" includes z, also "zk-SNARKs". So question includes z. Provide short answer.

Q8 (Very Hardest) Chinese: need 平. Could be about philosophy or AI ethics: "请谈谈在人工智能决策中如何实现算法的平衡与公平，并举一个实际案例。" Contains 平衡. That's a request for short essay. Answer: discuss fairness, bias mitigation, example like COMPAS recidivism algorithm.

We need to ensure difficulty increases from Q1 to Q8. Let's order: Q1 easy English, Q2 easy Chinese, Q3 medium English, Q4 medium Chinese, Q5 hard English, Q6 harder Chinese, Q7 very hard English, Q8 very hardest Chinese.

Check each question for constraints:

- Q1 English: must contain at least a word with "z". We have "Quick quiz:" includes "quiz" (z). Good. Concise.

- Q2 Chinese: must contain "平". We have "平遥古城". Contains 平. Good.

- Q3 English: need z word. We have "Quick buzz:" includes "buzz" (z). Good.

- Q4 Chinese: need 平. We have "平台". Contains 平. Good.

- Q5 English: need z word. We have "Quick buzz:" includes "buzz". Good.

- Q6 Chinese: need 平. We have "平坦". Contains 平. Good.

- Q7 English: need z word. We have "zero-knowledge proofs" includes z, also "zk-SNARKs". Good.

- Q8 Chinese: need 平. We have "平衡". Contains 平. Good.

Now ensure each question is concise, within a paragraph or two. Provide answer key after each question optionally.

Let's write them.

Q1: "Quick quiz: What is the capital of Japan?" Answer: Tokyo.

Q2: "在中国的哪个城市有著名的平遥古城？" Answer: 山西省平遥县（平遥古城位于山西省）。

Q3: "Quick buzz: Which planet in our solar system has the shortest day?" Answer: Jupiter (about 10 hours).

Q4: "在中国古代的四大发明中，哪一项促进了全球交流的平台？" Answer: 印刷术（活字印刷）。

Q5: "Quick buzz: Which American poet won the Pulitzer Prize for Poetry in 2020 and is known for his use of the letter 'z' in his name?" Answer: Jericho Brown.

Q6: "请解释什么是平坦流形及其在广义相对论中的意义。" Answer: 平坦流形是指黎曼曲率张量为零的流形，局部可看作欧几里得空间；在广义相对论中，等效原理指出在足够小的区域时空可近似为平坦，引力效应可通过时空曲率描述，平坦流形代表无引力的时空背景。

Q7: "Explain the difference between zero-knowledge proofs and zk-SNARKs in the context of blockchain privacy." Answer: Zero-knowledge proofs (ZKPs) allow one party to prove a statement is true without revealing any information beyond validity; zk-SNARKs (Zero-Knowledge Succinct Non-Interactive Arguments of Knowledge) are a specific type of ZKP that are succinct (short proof), non-interactive (single message), and rely on a trusted setup, enabling efficient verification on blockchain while preserving privacy.

Q8: "请谈谈在人工智能决策中如何实现算法的平衡与公平，并举一个实际案例。" Answer: 通过在数据收集、特征选择、模型训练和后处理阶段引入公平性约束、进行偏差审计、使用对抗去偏技术以及多样化训练数据，可实现算法平衡与公平；例如，美国司法系统中使用的COMPAS再犯风险评估工具被发现对黑人被告存在系统性偏差，后续通过重新校准和加入公平性约束改进模型，以减少假阳性率的种族差距。

Check each question length: Q1 one sentence. Q2 one sentence. Q3 one sentence. Q4 one sentence. Q5 one sentence. Q6 one sentence (request explanation). Q7 one sentence. Q8 one sentence (request discussion). All within a paragraph.

Now ensure difficulty increasing: Q1 easy factual; Q2 easy factual; Q3 moderate science; Q4 moderate history; Q5 moderate-hard literature/poetry; Q6 harder math/physics; Q7 very hard CS/crypto; Q8 very hardest AI ethics/social impact.

We have mix English and Chinese: Q1 English, Q2 Chinese, Q3 English, Q4 Chinese, Q5 English, Q6 Chinese, Q7 English, Q8 Chinese. Good.

All English questions contain a word with z: Q1 quiz, Q3 buzz, Q5 buzz, Q7 zero-knowledge (contains z). Good.

All Chinese questions contain 平: Q2 平遥, Q4 平台, Q6 平坦, Q8 平衡. Good.

We can optionally highlight answer key after each question. Provide as bullet.

Now produce final answer.

</think>

**Q1 (Easy – English)**  
*Quick quiz:* What is the capital of Japan?  
**Answer:** Tokyo.

**Q2 (Easy – Chinese)**  
在中国的哪个城市有著名的平遥古城？  
**Answer:** 山西省平遥县（平遥古城位于山西省）。

**Q3 (Medium – English)**  
*Quick buzz:* Which planet in our solar system has the shortest day?  
**Answer:** Jupiter (≈10 hours).

**Q4 (Medium – Chinese)**  
在中国古代的四大发明中，哪一项促进了全球交流的平台？  
**Answer:** 印刷术（活字印刷）。

**Q5 (Hard – English)**  
*Quick buzz:* Which American poet won the Pulitzer Prize for Poetry in 2020 and is known for his use of the letter **z** in his name?  
**Answer:** Jericho Brown.

**Q6 (Harder – Chinese)**  
请解释什么是平坦流形及其在广义相对论中的意义。  
**Answer:** 平坦流形是指黎曼曲率张量为零的流形，局部可视为欧几里得空间；在广义相对论中，等效原理表明在足够小的区域时空可近似为平坦，引力效应由时空曲率描述，平坦流形代表无引力的时空背景。

**Q7 (Very Hard – English)**  
Explain the difference between zero‑knowledge proofs and zk‑SNARKs in the context of blockchain privacy.  
**Answer:** Zero‑knowledge proofs (ZKPs) let a prover convince a verifier that a statement is true without revealing anything beyond the validity. zk‑SNARKs (Zero‑Knowledge Succinct Non‑Interactive Arguments of Knowledge) are a specific ZKP construction that yields short, non‑interactive proofs and relies on a trusted setup, enabling efficient on‑chain verification while preserving privacy.

**Q8 (Very Hardest – Chinese)**  
请谈谈在人工智能决策中如何实现算法的平衡与公平，并举一个实际案例。  
**Answer:** 通过在数据收集、特征选择、模型训练和后处理阶段引入公平性约束、进行偏差审计、使用对抗去偏技术以及多样化训练数据，可实现算法的平衡与公平；例如，美国司法系统中使用的COMPAS再犯风险评估工具曾被发现对黑人被告存在系统性偏差，后续通过重新校准和加入公平性约束改进模型，以减少假阳性率的种族差距。 [end of text]


