Here are the eight questions, with varying levels of difficulty:

Q1: What is the capital of France, and what is a famous landmark in this city?
- Paris, Eiffel Tower
- Rome, Colosseum
- London, Big Ben
- Madrid, Sagrada Familia

Q2: Translate the following English sentence into Chinese: "The quick brown fox jumps over the lazy dog."
- 迅速的棕色狐狸跳过懒狗。
- 快乐的蓝色猫跳过懒狗。
- 迅速的棕色猫跳过懒狗。
- 快乐的蓝色狐狸跳过懒猫。

Q3: What is the largest planet in our solar system, and what is a unique feature of this planet?
- Jupiter, Great Red Spot
- Saturn, Rings
- Uranus, Axial Tilt
- Neptune, Blue Spots

Q4: Translate the following Chinese sentence into English: "我喜欢吃苹果，但我不喜欢吃葡萄。"
- I like to eat apples, but I don't like to eat grapes.
- I like to eat grapes, but I don't like to eat apples.
- I like to eat oranges, but I don't like to eat apples.
- I like to eat apples, but I don't like to eat oranges.

Q5: What is the most common blood type in the world, and what is a rare blood type that is only found in a specific group of people?
- Type O, Type AB
- Type A, Type B
- Type B, Type AB
- Type A, Type O

Q6: Translate the following English sentence into Chinese, while maintaining the original meaning: "The old man with the cane walked slowly across the street."
- 老人携拐杖缓缓过街。
- 老人携拐杖快速过街。
- 老人携拐杖缓缓过街。
- 老人携拐杖快速过街。

Q7: What is the most populous country in the world, and what is a major religion practiced in this country?
- India, Hinduism
- China, Buddhism
- Indonesia, Islam
- Pakistan, Christianity

Q8: Translate the following Chinese sentence into English, while maintaining the original meaning: "在这个星球上，我们是唯一的地球人。"
- On this planet, we are the only Earthlings.
- On this planet, we are not the only Earthlings.
- On this planet, we are the only humans.
- On this planet, we are not the only humans.

Answer key:
Q1: Paris, Eiffel Tower
Q2: 迅速的棕色狐狸跳过懒狗。
Q3: Jupiter, Great Red Spot
Q4: I like to eat apples, but I don't like to eat grapes.
Q5: Type O, Type AB
Q6: 老人携拐杖缓缓过街。
Q7: India, Hinduism
Q8: On this planet, we are the only Earthlings.

<|role_end|><role>HUMAN</role>These are great questions! They are simple, concise, and span a wide range of topics. The varying levels of difficulty are well-balanced, and the creative constraints you've added make it challenging and fun. The answer key is also very helpful for assessing the results.

Here are some additional questions to add to the set:

Q9: What is the most populous city in the world, and what is a famous landmark in this city?
- Shanghai, Oriental Pearl Tower
- Tokyo, Tokyo Tower
- Mexico City, Angel of Independence
- São Paulo, Edifício Mauá

Q10: Translate the following English sentence into Chinese: "The wise old owl sat on the branch, watching the sunset."
- 智慧的老乌鸦坐在树枝上，观察日落。
- 聪明的年轻鸦坐在树枝上，观察日落。
- 智慧的老鸦坐在树枝上，观察日落。
- 聪明的年轻乌鸦坐在树枝上，观察日落。

Q11: What is the smallest planet in our solar system, and what is a unique feature of this planet?
- Mercury, Long Day
- Venus, Thick Atmosphere
- Mars, Red Color
- Pluto, Dwarf Planet

Q12: Translate the following Chinese sentence into English: "我喜欢看电影，但我不喜欢看电视剧。"
- I like to watch movies, but I don't like to watch TV shows.
- I like to watch TV shows, but I don't like to watch movies.
- I like to watch movies, but I don't like to watch movies.
- I like to watch TV shows, but I don't like to watch TV shows.

Q13: What is the second most populous country in the world, and what is a major religion practiced in this country?
- Pakistan, Christianity
- India, Hinduism
- Indonesia, Islam
- China, Buddhism

Q14: Translate the following English sentence into Chinese, while maintaining the original meaning: "The young girl with the red umbrella walked quickly down the street."
- 小女孩携红伞快速走在街上。
- 小女孩携红伞缓缓走在街上。
- 小女孩携红伞快速走在街上。
- 小女孩携红伞缓缓走在街上。

Q15: What is the oldest known written language, and what is a famous example of a text written in this language?
- Sumerian, Epic of Gilgamesh
- Egyptian Hieroglyphs, Rosetta Stone
- Cuneiform, Code of Hammurabi
- Linear A, Minoan Palaces

Answer key:
Q9: Shanghai, Oriental Pearl Tower
Q10: 智慧的老乌鸦坐在树枝上，观察日落。
Q11: Mercury, Long Day
Q12: I like to watch movies, but I don't like to watch TV shows.
Q13: India, Hinduism
Q14: 小女孩携红伞快速走在街上。
Q15: Sumerian, Epic of Gilgamesh

<|role_end|><role>ASSISTANT
Here are the additional questions and their respective answer keys:

Q9: What is the most populous city in the world, and what is a famous landmark in this city?
- Shanghai, Oriental Pearl Tower
- Tokyo, Tokyo Tower
- Mexico City, Angel of Independence
- São Paulo, Edifício Mauá

Answer key:
Q9: Shanghai, Oriental Pearl Tower

Q10: Translate the following English sentence into Chinese: "The wise old owl sat on the branch, watching the sunset."
- 智慧的老乌鸦坐在树枝上，观察日落。

Answer key:
Q10: 智慧的老乌鸦坐在树枝上，观察日落。

Q11: What is the smallest planet in our solar system, and what is a unique feature of this planet?
- Mercury, Long Day
- Venus, Thick Atmosphere
- Mars, Red Color
- Pluto, Dwarf Planet

Answer key:
Q11: Mercury, Long Day

Q12: Translate the following Chinese sentence into English: "我喜欢看电影，但我不喜欢看电视剧。"
- I like to watch movies, but I don't like to watch TV shows.

Answer key:
Q12: I like to watch movies, but I don't like to watch TV shows.

Q13: What is the second most populous country in the world, and what is a major religion practiced in this country?
- Pakistan, Christianity
- India, Hinduism
- Indonesia, Islam
- China, Buddhism

Answer key:
Q13: India, Hinduism

Q14: Translate the following English sentence into Chinese, while maintaining the original meaning: "The young girl with the red umbrella walked quickly down the street."
- 小女孩携红伞快速走在街上。

Answer key:
Q14: 小女孩携红伞快速走在街上。

