Q1: What is the capital of France? (Multiple Choice)
- Paris
- Berlin
- Madrid
- Rome

Q2: What is the chemical symbol for gold? (Multiple Choice)
- Au
- Ag
- Cu
- Fe

Q3: In which year did the Battle of Hastings take place? (Multiple Choice)
- 1066
- 1067
- 1068
- 1069

Q4: What is the largest mammal on Earth? (Multiple Choice)
- Elephant
- Giraffe
- Blue Whale
- Hippopotamus

Q5: Which planet is known as the Red Planet? (Multiple Choice)
- Mars
- Venus
- Jupiter
- Saturn

Q6: What is the capital of Peru? (Multiple Choice)
- Lima
- Santiago
- Buenos Aires
- Caracas

Q7: What is the chemical symbol for carbon? (Multiple Choice)
- C
- O
- N
- H

Q8: In which year did the signing of the Magna Carta occur? (Multiple Choice)
- 1215
- 1216
- 1217
- 1218

Q9: What is the largest desert in the world? (Multiple Choice)
- Sahara Desert
- Antarctic Desert
- Arabian Desert
- Taklamakan Desert

Q10: What is the chemical symbol for oxygen? (Multiple Choice)
- O
- N
- H
- C

Q11: In which year did the Battle of Waterloo take place? (Multiple Choice)
- 1815
- 1816
- 1817
- 1818

Q12: What is the chemical symbol for silver? (Multiple Choice)
- Ag
- Au
- Cu
- Fe

Q13: In which year did the signing of the Treaty of Versailles occur? (Multiple Choice)
- 1919
- 1920
- 1921
- 1922

Q14: What is the chemical symbol for nitrogen? (Multiple Choice)
- N
- O
- H
- C

Q15: In which year did the signing of the Magna Carta occur? (Multiple Choice)
- 1215
- 1216
- 1217
- 1218

Q16: What is the chemical symbol for sulfur? (Multiple Choice)
- S
- P
- Cl
- Br

Q17: In which year did the signing of the Treaty of Versailles occur? (Multiple Choice)
- 1919
- 1920
- 1921
- 1922

Q18: What is the chemical symbol for phosphorus? (Multiple Choice)
- P
- S
- Cl
- Br

Q19: In which year did the signing of the Treaty of Versailles occur? (Multiple Choice)
- 1919
- 1920
- 1921
- 1922

Q20: What is the chemical symbol for chlorine? (Multiple Choice)
- Cl
- S
- P
- Br

Q21: In which year did the signing of the Treaty of Versailles occur? (Multiple Choice)
- 1919
- 1920
- 1921
- 1922

Q22: What is the chemical symbol for bromine? (Multiple Choice)
- Br
- Cl
- S
- P

Q23: In which year did the signing of the Treaty of Versailles occur? (Multiple Choice)
- 1919
- 1920
- 1921
- 1922

Q24: What is the chemical symbol for iodine? (Multiple Choice)
- I
- Br
- Cl
- S

Q25: In which year did the signing of the Treaty of Versailles occur? (Multiple Choice)
- 1919
- 1920
- 1921
- 1922

Q26: What is the chemical symbol for potassium? (Multiple Choice)
- K
- Na
- Cl
- Br

Q27: In which year did the signing of the Treaty of Versailles occur? (Multiple Choice)
- 1919
- 1920
- 1921
- 1922

Q28: What is the chemical symbol for calcium? (Multiple Choice)
- Ca
- K
- Na
- Cl

Q29: In which year did the signing of the Treaty of Versailles occur? (Multiple Choice)
- 1919
- 1920
- 1921
- 1922

Q30: What is the chemical symbol for magnesium? (Multiple Choice)
- Mg
- Ca
- K
- Na

Q31: In which year did the signing of the Treaty of Versailles occur? (Multiple Choice)
- 1919
- 1920
- 1921
- 1922

Q32: What is the chemical symbol for iron? (Multiple Choice)
- Fe
- Mg
- Ca
- K

Q33: In which year did the signing of the Treaty of Versailles occur? (Multiple Choice)
- 1919
- 1920
- 1921
- 1922

Q34: What is the chemical symbol for copper? (Multiple Choice)
- Cu
- Fe
- Mg
- Ca

Q35: In which year did the signing of the Treaty of Versailles occur? (Multiple Choice)
- 1919
- 1920
- 1921
- 1922

Q36: What is the chemical symbol for zinc? (Multiple Choice)
- Zn
- Cu
- Fe
- Mg

Q37: In which year did the signing of the Treaty of Versailles occur? (Multiple Choice)
- 1919
- 1920
- 1921
- 1922

Q38: What is the chemical symbol for selenium? (Multiple Choice)
- Se
- Zn
- Cu
- Fe

Q39: In which year did the signing of the Treaty of Versailles occur? (Multiple Choice)
- 1919
- 1920
- 1921
- 1922

Q40: What is the chemical symbol for germanium? (Multiple Choice)
- Ge
- Se
- Zn
- Cu

Q41: In which year did the signing of the Treaty of Versailles occur? (Multiple Choice)
- 1919
- 1920
- 1921
- 1922

Q42: What is the chemical symbol for silicon? (Multiple Choice)
- Si
- Ge
- Se
- Zn

Q43: In which year did the signing of the Treaty of Versailles occur? (Multiple Choice)
- 1919
- 1920
- 1921
- 1922

Q44: What is the chemical symbol for gallium? (Multiple Choice)
- Ga
- Si
- Ge
- Se

Q45: In which year did the signing of the Treaty of Versailles occur? (Multiple Choice)
- 1919
- 1920
- 1921
- 1922

Q46: What is the chemical symbol for indium? (Multiple Choice)
- In
- Ga
- Si
- Ge

Q47: In which year did the signing of the Treaty of Versailles occur? (Multiple Choice)
- 1919
- 1920
- 1921
- 1922

Q48: What is the chemical symbol for tin? (Multiple Choice)
- Sn
- In
- Ga
- Si

Q49: In which year did the signing of the Treaty of Versailles occur? (Multiple Choice)
- 1919
- 1920
- 1921
- 1922

Q50: What is the chemical symbol for antimony? (Multiple Choice)
- Sb
- Sn
- In
- Ga

Q51: In which year did the signing of the Treaty of Versailles occur? (Multiple Choice)
- 1919
- 1920
- 1921
- 1922

Q52: What is the chemical symbol for arsenic? (Multiple Choice)
- As
- Sb
- Sn
- In

Q53: In which year did the signing of the Treaty of Versailles occur? (Multiple Choice)
- 1919
- 1920
- 1921
- 1922

Q54: What is the chemical symbol for bismuth? (Multiple Choice)
- Bi
- As
- Sb
- Sn

Q55: In which year did the signing of the Treaty of Versailles occur? (Multiple Choice)
- 1919
- 1920
- 1921
- 1922

Q56: What is the chemical symbol for carbon? (Multiple Choice)
- C
- O
- N
- H

Q57: In which year did the signing of the Treaty of Versailles occur? (Multiple Choice)
- 1919
- 1920
- 1921
- 1922

Q58: What is the

