**Q1 (Easy, English):**  
What is the **z**ero of a function? Give a simple example.

**Answer Key:**  
- A zero (or root) of a function is a value of \(x\) where the function equals zero.  
- Example: For \(f(x) = x - 2\), the zero is \(x = 2\) because \(f(2) = 0\).

---

**Q2 (Medium, Chinese):**  
在量子力学中，**平**均自由程是什么？请用一句话解释。

**Answer Key:**  
- 平均自由程是粒子在两次碰撞之间平均移动的距离。

---

**Q3 (Medium, English):**  
Identify the **z**-score for a data point of 85 in a dataset with a mean of 70 and a standard deviation of 5.

**Answer Key:**  
- \(z = \frac{85 - 70}{5} = 3\).

---

**Q4 (Hard, Chinese):**  
在经济学中，**平**价购买力（PPP）如何影响汇率？请简述其核心原理。

**Answer Key:**  
- PPP理论认为，汇率应使相同商品在不同国家的价格相等（经汇率调整后），从而影响汇率的长期走势。

---

**Q5 (Hard, English):**  
Explain why the **z**eta function \(\zeta(s)\) has no zeros for \(\text{Re}(s) > 1\).

**Answer Key:**  
- The Euler product formula shows \(\zeta(s) = \prod_p (1 - p^{-s})^{-1}\) for \(\text{Re}(s) > 1\), implying \(\zeta(s) \neq 0\) in this region.

---

**Q6 (Very Hard, Chinese):**  
在拓扑学中，**平**面嵌入的图是否一定可平面化？请举例说明。

**Answer Key:**  
- 不一定。例如，完全图 \(K_5\) 和完全二分图 \(K_{3,3}\) 不能平面嵌入（库拉托夫斯基定理）。

---

**Q7 (Very Hard, English):**  
How does the **z**-axis symmetry in a crystal lattice affect its X-ray diffraction pattern?

**Answer Key:**  
- Z-axis symmetry (e.g., in tetragonal or hexagonal systems) imposes systematic absences in diffraction peaks, following space group rules (e.g., h + k + l = 2n for body-centered lattices).

---

**Q8 (Expert, Chinese):**  
在机器学习中，**平**滑技术（如拉普拉斯平滑）如何解决零概率问题？请简述其数学表达。

**Answer Key:**  
- 拉普拉斯平滑将计数加1（或其他常数），公式：\(P(w_i) = \frac{\text{count}(w_i) + 1}{\text{total} + V}\)，其中 \(V\) 是词汇表大小，避免零概率。 [end of text]


