Here are 8 creative evaluation questions meeting all constraints:

---

**Q1 (Easy, English):** What is the "buzz" about pizza? Name two popular toppings.

*Answer key:* Pepperoni, mushrooms, mozzarella, basil, etc.

---

**Q2 (Easy, Chinese):** 请用一句话解释为什么天平是公平的测量工具。

*Answer key:* 因为天平两边平衡时重量相等，不偏不倚。

---

**Q3 (Medium, English):** A wizard freezes a zebra in carbonite. If the zebra's volume is 500 liters and carbonite density is 2.5 g/cm³, what is the frozen statue's approximate mass in kilograms? (Show reasoning)

*Answer key:* 500 L = 500,000 cm³; mass = 500,000 × 2.5 = 1,250,000 g = **1,250 kg**

---

**Q4 (Medium, Chinese):** 程序员说："这段代码平平无奇，但运行效率惊人。"请解释"平"字的两种不同含义。

*Answer key:* ① 平常/普通（指代码看起来简单）；② 平稳/稳定（指运行状态），或公平/均衡（指资源分配合理）

---

**Q5 (Hard, English):** The "Pizzagate" conspiracy theory was debunked, yet belief persisted. Using cognitive psychology, name and explain TWO mechanisms that cause debunked ideas to survive.

*Answer key:* (1) **Continued influence effect** — misinformation lingers even after correction; (2) **Confirmation bias** — believers seek confirming evidence, dismiss disconfirming; or **backfire effect**, **source confusion**, **motivated reasoning**

---

**Q6 (Hard, Chinese):** 请分析："平仄"是古诗词的格律要求，但现代汉语普通话中"入派三声"后，如何判断一首唐诗的平仄是否协调？以"白日依山尽"为例说明。

*Answer key:* 古仄声中的入声字（白、日、尽）在普通话中变为平声，造成古今判断差异。按古音：白（入/仄）、日（入/仄）、依（平）、山（平）、尽（去/仄）→ 仄仄平平仄，符合五言格律。

---

**Q7 (Expert, English):** In zero-knowledge proofs, how does the "simulator" demonstrate that the verifier gains zero knowledge? Your answer must distinguish between **perfect**, **statistical**, and **computational** zero-knowledge.

*Answer key:* The simulator generates transcripts indistinguishable from real interactions: **perfect** = identical distribution; **statistical** = negligible difference; **computational** = indistinguishable to polynomial-time adversaries. This proves verifier could have fabricated proof, thus learned nothing.

---

**Q8 (Expert, Chinese):** 假设你设计一个平行宇宙，其中物理定律在"平凡"（trivial）与"不平"（nontrivial）拓扑空间表现不同。请用拓扑学术语解释：为什么二维球面S²上的磁场不能有"磁单极子"，而某种"平化"后的环面T²却可能允许？需提及纤维丛与曲率。

*Answer key:* S²的欧拉示性数χ=2≠0，根据Poincaré-Hopf定理，光滑切向量场必有零点，故U(1)主丛在S²上非平凡（有单极子）会导致曲率积分∫F=2πn≠0，与∂S²=∅矛盾；而T²的χ=0，允许非平凡平坦联络（曲率为零但和乐非平凡），即"平化"环面可存在等效磁通量子化而无单极子奇点。

--- [end of text]


