It seems like you've provided a large block of text that appears to be a mix of:

1. **Chinese Characters and Symbols**: The text starts with a sequence of Chinese characters, numbers, and symbols (e.g., `零空A空0空`, `䘵蛇`, etc.), which might represent a coded message, a specific encoding, or simply a jumbled mix of characters.

2. **English Words with Variations and Non-Standard Spellings**: The majority of the text consists of English words, many of which are either:
   - **Scientific or Technical Terms** (e.g., "Cercospora", "quadritubercular", "amphichrom", etc.), suggesting a broad range of fields including biology, chemistry, and more.
   - **Words with Variations or Non-Standard Spellings** (e.g., "dimaris", "rejuvenated" spelled as "unrejuvenated", etc.), which could indicate a typo, a specific dialect, or an intentional alteration.
   - **Proper Nouns and Names** (e.g., "Constantinopolitan", "Wordsworthian", "Aloysius", etc.), referencing historical, literary, or geographical entities.

3. **Structured and Unstructured Text**:
   - **Structured Lists or Catalogs**: Parts of the text resemble lists of terms, possibly from a dictionary, encyclopedia, or a specialized lexicon, given the diversity of subjects.
   - **Unstructured Text**: Other parts seem more chaotic, with words and phrases that don't form coherent sentences or paragraphs, suggesting either a random generation, a cipher, or a heavily corrupted text.

### Analysis and Possible Interpretations:

- **Random Generation or Test Text**: The text could be generated randomly for testing purposes (e.g., for font rendering, text processing algorithms, or as placeholder text).

- **Coded Message or Cipher**: The initial Chinese characters and the mix of English words might conceal a message. However, without a clear pattern or key, deciphering is challenging.

- **Data Corruption or Encoding Issue**: The text might be the result of a data corruption event or an encoding/decoding error, especially considering the mix of characters and the presence of what appears to be gibberish.

- **Artistic or Creative Work**: It could be part of an artistic project, leveraging the aesthetic of complexity and the juxtaposition of different linguistic and thematic elements.

### Recommendations for Further Action:

1. **Specify Context**: If you have a specific context or purpose in mind for this text (e.g., decoding, understanding a particular section), providing more details could help in giving a targeted response.

2. **Identify Sections of Interest**: Highlight any specific parts of the text that are of particular interest or concern, as the response can then focus on those aspects.

3. **Clarify Desired Outcome**: Are you looking to:
   - **Decode** a hidden message?
   - **Understand** specific technical terms or references?
   - **Analyze** the text's structure or generation method?
   - Something else?

### Response Based on Available Information:

Given the broad and unclear nature of the query, a detailed, specific response isn't feasible without further context. However, here are some general observations and actions you could consider:

- **For the Chinese Characters and Symbols**:
  - **Translation/Cipher Attempt**: Without a clear pattern or more context, direct translation or deciphering is not straightforward. Tools like online translators might not yield meaningful results due to the mixed nature of the input.
  - **Research**: If these characters/symbols are from a known system, game, or project, researching that specific context might provide insights.

- **For the English Text**:
  - **Dictionary/Encyclopedia Lookup**: For specific terms of interest, looking them up in a dictionary or a specialized encyclopedia (online resources like Wikipedia, Merriam-Webster, or field-specific databases) can provide meanings and contexts.
  - **Text Analysis Tools**: For a broader understanding of the text's characteristics (e.g., readability, topic modeling), using text analysis software or libraries (e.g., NLTK, spaCy for Python) could be helpful.

### Example Response for a Hypothetical Context (Since None is Provided):

**Hypothetical Context**: You want to understand the scientific/technical terms.

**Response**:
- **Action**: Identify and list unique technical terms.
- **Example Term Analysis**:
  - **Term**: Cercospora
  - **Meaning**: A genus of fungi, often associated with plant diseases.
  - **Action**: Look up similar terms in the text (e.g., "quadritubercular", "amphichrom") and research their contexts or meanings.

**Call to Action for a More Precise Response**:
Please provide a specific context or question related to the text (e.g., decoding, understanding a term, etc.), and I'll offer a more targeted response. [end of text]


