This is a fascinating and complex text! It appears to be a combination of Chinese characters, numbers, and seemingly random symbols. Let's break down what we can infer and potential interpretations:

**1. The Chinese Characters:**

* **蛇 (shé):** Snake – This is the most frequent character and dominates the text. Snakes are often symbolic in Chinese culture, representing transformation, wisdom, and sometimes danger.
* **䘵 (qióu):**  This character is tricky. It’s a complex character with multiple meanings depending on context. It can represent:
    * **Straight:**  A straight line, often used to denote direction or a path.
    * **Right:**  Directional.
    * **A small, sharp point:**  A tiny spike or needle.
    * **A small, upright stick:**  A simple, vertical post.
* **底 (dǐ):** Bottom, base, foundation.
* **點 (diǎn):** Dot, point.
* **拾 (shí):** To pick up, gather, count.
* **參 (cān):** To attend, participate, refer to.
* **撇 (piě):** A stroke, a brushstroke.
* **拾空 (shí kōng):** To pick up emptiness, to gather nothing.
* **吾 (wú):** I, me.
* **恒 (héng):** Constant, steady, permanent.
* **異 (yì):** Different, strange, unusual.

**2. The Numbers:**

* **零 (líng):** Zero
* **一 (yī):** One
* **二 (èr):** Two
* **三 (sān):** Three
* **四 (sì):** Four
* **五 (wǔ):** Five
* **六 (liù):** Six
* **七 (qī):** Seven
* **八 (bā):** Eight
* **九 (jiǔ):** Nine

**3. The Symbols & Patterns:**

* **空 (kōng):** Empty, void.  Repeated frequently, suggesting a sense of nothingness or a lack of substance.
* **@:**  Likely a placeholder for a variable or a specific element.
* **'**:  Could be a delimiter or a marker.
* **The repeated sequences of numbers and characters (e.g., 䘵蛇䘵蛇柒蛇䘵蛇)**: These likely represent a code or a system of notation. The repetition suggests a pattern or a key.

**4. Possible Interpretations & Theories:**

* **A Cipher or Code:** This is the most plausible explanation. The Chinese characters and numbers could be a substitution cipher, where each character or number represents a letter or a word in another language (perhaps English). The patterns are key to cracking the code.
* **A Visual Representation of a Process:** The text might be a diagram or a flowchart illustrating a process, perhaps a ritual, a system of movement, or a series of steps. The characters and symbols could represent actions, states, or conditions.
* **A Symbolic Language:** The text could be part of a symbolic language, where the characters and symbols have meanings that are not literal but represent abstract concepts or emotions.
* **A Game or Puzzle:** It could be a complex puzzle or game with specific rules and a solution.

**5.  Analyzing the Structure:**

* **The "拾底點恒「「「「「" (Picking up the bottom point, constant "...")**: This suggests a starting point and a continuous process.
* **The "捌點'異底吾底異`點" (Eight point, different bottom my bottom different 'point')**:  This seems to be describing a layered or complex structure, with variations and deviations.
* **The repeated sequences of 蛇 (snake) and 䘵 (straight/right)**:  This reinforces the idea of direction, movement, and perhaps a path or journey.

**How to Approach Deciphering It:**

1. **Frequency Analysis:** Analyze the frequency of each character and number. This can help identify common letters or words.
2. **Pattern Recognition:**  Look for repeating patterns and sequences.  The sequences of 蛇 and 䘵 are particularly important.
3. **Contextual Clues:**  Consider the overall theme and the possible meanings of the symbols.
4. **Trial and Error:**  Try different substitution methods and see if they produce meaningful results.

**Without more context or a key, it's impossible to definitively decipher this text. However, the combination of Chinese characters, numbers, and symbols suggests a deliberate and potentially complex system of communication.**

Would you like me to:

*   Try to apply a simple substitution cipher?
*   Focus on analyzing a specific part of the text?
*   Suggest some possible meanings of the symbols based on Chinese cultural symbolism? [end of text]


