(Beat drops: heavy bass, crisp snare)

**[Intro]**
Yo, check the mic, one two, the system's in the house
We talkin' 'bout the Fed, the big boss, the loudest mouse
They run the money game, yeah, they hold the keys
To the whole economy, from the East to the seas.
Listen close, let me break it down for you.

**[Verse 1: The Money Printer]**
See, the Fed is the central bank, the main man in the room
They control the flow of cash, keep the whole block in bloom.
When the streets get cold and the wallets are empty
They hit the "print" button, make the money plenty.
They pump cash in the system, lower the rates
So the banks can lend you money, seal the deals and the fates.
But if the prices go crazy, inflation on the rise
They hit the brakes, pull the gas, put the economy in a freeze.
They raise the rates, make borrowing hard to get
So folks stop spending, slow the whole thing down, no sweat.

**[Chorus]**
It's the Federal Reserve, the money man in charge
They set the rules, they set the price, they set the yard.
When the market's hot, they cool it down with a fan
When the market's freezing, they turn up the heat, man.
They're the referees, the ones who call the play
Keep the whole game fair, keep the money in play.

**[Verse 2: The Balancing Act]**
Now, they got a dual mission, gotta keep it tight
Keep the folks employed, keep the prices in sight.
If too many folks are out of work, they gotta step in
Print more cash, lower rates, let the business begin.
But if prices go up, and your dollar buys less bread
They gotta tighten up, make the money harder to get, instead.
It's a balancing act, like walking on a wire
One wrong move, and the whole block might expire.
They watch the jobs report, they watch the CPI
If the numbers look bad, they gotta change the key.

**[Bridge]**
They don't print cash for you to buy a new chain
They do it for the whole system, to keep the game in lane.
When the banks are scared, the Fed steps in to save
Lend 'em the cash, keep the credit from being grave.
They're the lender of last resort, the safety net
When the whole world shakes, they make the money wet.

**[Outro]**
So next time you hear "Fed," don't think it's just a name
Think of the guy who controls the flow, the whole game.
They set the tone, they set the pace, they set the beat
Without the Fed, the whole economy would meet defeat.
Yeah, that's the story, that's the truth, that's the deal
The Federal Reserve, keeping the money real.
Peace. 🎤💸 [end of text]


