Okay, check it, let's drop some knowledge on ya.

**(Beat drops - a smooth, slightly gritty trap beat)**

Yo, lemme break it down, real quick, for your ears, see?
The Federal Reserve, it’s the key, you gotta agree.

Think of it like this, fam, a giant, stable crew,
Keepin' the whole economy movin', seein' it through. 

**They’re the bankers, the regulators, the boss, you know?**
Managein' money, keepin' the whole system flow. 

**First, they control the money supply, that’s the vibe,**
Like, they print money, but not too much, you gotta thrive.
They’re watchin' interest rates, that’s the vibe,
Keepin' borrowing low, keepin' the market alive.

**Interest rates, that’s the key to the game,**
Lower rates mean more money, spreadin’ the fame.
Higher rates?  That’s a slowdown, a slower pace,
Keepin' things stable, a secure space.

**They also oversee banks, make sure they’re legit,**
Protectin' your savings, that’s a crucial bit.
If a bank’s messin’ up, they step in, they intervene,
Keepin' the system safe, a stable scene.

**Think of it like this, a DJ controlin’ the beat,**
The Fed’s makin’ sure the economy’s complete.
They’re adjustin’ the flow, keepin’ it smooth and tight,
Keepin’ the whole city movin’ with all its might.

**(Beat fades slightly)**

So, yeah, the Fed, it’s the silent architect, see?
Keepin' the whole world connected, you agree? 

Word. 

**(Beat fades out)**

---

**Disclaimer:** *This is a simplified explanation, meant to be relatable to a rapper's perspective. It's not a deep dive into economics.* [end of text]


