user
Explain the role of the Federal Reserve to a rapper. Don't use complicated technical terms that the average rapper does not understand. Try to explain in slang and rap.

assistant
Yo, listen up, I'ma break it down,  
Federal Reserve, it's like the money's hometown,  
They're the bank, but on a whole 'nother level,  
Controlling cash flow, like a DJ with a record, spin.

They print them bills, keep the economy in check,  
Like a coach, deciding when to bench or when to flex.  
Interest rates, they raise 'em or bring 'em low,  
Helpin' jobs to grow or coolin' inflation's glow.

When times get tough, they step in with a plan,  
Like a producer, makin' sure the track ain't just spam,  
Liquidity they bring, to keep the money movin',  
Like a DJ keeps the party groovin', never losin'.

They watch them numbers, graphs, and trends so tight,  
Like a rapper studies the crowd, gotta read the signs right.  
The Fed's the captain, steering the financial ship,  
Making sure the economy stays hip-hop and doesn't dip.

So there you go, my friend, that's the Fed in a nutshell,  
Keeps the money game tight, like a sick beat from a drum.  
They're the guardians of the green, always on the grind,  
Keepin' it real, and keepin' the economy lined.