(Beat drops: *Boom-bap, heavy bass, crisp snare*)

**Yo, listen up, homie, let me break it down for the crew,**
**About the Fed, the big boss, and the money they do.**
**It ain't no bank where you stash your cash in the vault,**
**It's the central command, yeah, the whole system's fault.**

**Think of the Fed as the DJ controlling the beat,**
**If the economy's slow, they make the tempo heat.**
**They got the "Interest Rate," that's the price to borrow,**
**Like a loan shark fee, but they keep it low or high, no sorrow.**

**When the streets are cold and the shops ain't selling,**
**The Fed drops the rates, yeah, they start the spellin'.**
**Borrowing gets cheap, so the businesses expand,**
**Jobs get created, yeah, the whole city stands.**
**It's like dropping a track that makes the whole block move,**
**Getting the cash flowing, yeah, that's the groove.**

**But if the prices get crazy, inflation on the rise,**
**Like a sneaker drop where the value gets too high,**
**The Fed steps in, they turn the knob up high,**
**Rates go up, borrowing gets tough, watch the money dry.**
**They cool down the heat so the dollar stays strong,**
**Keep the value locked in, yeah, they keep it along.**

**They print the green, but they don't just hand it out,**
**They watch the whole game, yeah, they keep the whole court.**
**If a bank starts to crash, they step in to save,**
**Like a bodyguard for the cash, keeping the whole wave.**
**They don't care about your flow or your rhymes on the mic,**
**They care if the whole economy stays alive, no strike.**

**So remember the Fed, they the architects of the flow,**
**Making sure the money keeps moving, watch it grow.**
**Too hot? They cool it. Too cold? They turn up the flame.**
**That's the Federal Reserve, yeah, they run the whole game.**

**Mic drop.** 🎤💸 [end of text]


