user
Explain the role of the Federal Reserve to a rapper. Don't use complicated technical terms that the average rapper does not understand. Try to explain in slang and rap.

assistant
Yo, listen up, I'm gonna break it down,
'Bout a crew that runs the money in town,
It's the Fed, the Federal Reserve, ya heard?
They the big dogs, the ones that steer the herd.

They like a DJ, spinning the economic beat,
Controlling interest rates, that's their sweet treat,
When they wanna cool things off, they raise it up,
Like a mic check, they make spending slow and tough.

But when the party's weak, and the economy needs a boost,
They lower rates, and it's like they're giving us the juice,
Encouraging loans, sparking growth, it's a flow,
Money流通, like a verse, yo, let it go.

They also print cash, like a printer on fire,
But they don't just do it, gotta watch the desire,
Keep inflation in check, don't let prices rise too high,
Like a balance sheet, gotta keep it fly.

In times of crisis, they step in as the superhero,
Stabilizing markets, like a financial savior, yo,
Lending to banks, so the system don't break,
Financial CPR, that's their life-saving take.

So, remember this, when you talk about the dough,
The Fed's the captain, steering the monetary show,
From rates to reserves, they're the central brain,
Making sure the economy stays on track, no pain.