(Beat drops, heavy bass, slow flow)

Yo, check the mic, let's talk about the bank,
The biggest player in the whole damn bank.
You see the Fed? That's the boss of the block,
The one who decides how much the money's worth to lock.

**The Main Job: The Money Printer**
They got the keys to the vault, yeah, they control the flow,
If they say "print more," the prices start to grow.
If they say "slow down," the cash gets tight,
Like when the heat turns off and the AC starts to bite.
They're the ones deciding if the economy's hot or cold,
If they loosen up the grip, the whole world feels the gold.

**The Interest Rate Game**
Think of it like a loan, a deal, a rap battle,
They set the price tag on the interest rate.
Rates go **UP**? That's the "No" signal,
Banks say "pay more," so the spending stops and stalls.
It's like the DJ cuts the track, the beat goes silent,
People stop buying stuff, the whole scene is a bit.
Rates go **DOWN**? That's the "Yes" signal,
Banks say "take it," so the economy feels real.
It's like the DJ drops the beat, the crowd starts to dance,
People spend the cash, the whole block is in trance.

**The Big Bosses**
They're not just some random guys in a suit and tie,
They're the CEOs of the whole financial sky.
They meet in secret, they whisper in the dark,
Deciding how the whole economy will spark.
They watch the stock market, they watch the inflation,
If the prices get crazy, they step in to win.

**The Bottom Line**
So when you hear the news, when the market starts to shake,
Remember who's pulling the strings, who's calling the check.
The Fed is the boss, the main character in the game,
They're the ones keeping the whole financial system in place.
No complicated math, no PhD degree needed,
Just the power to make the whole economy bleed or feed.

So next time you see the news, know who's really in charge,
The Fed is the king, the whole financial stage.
Peace. [end of text]


