Yo, listen up, let's get this explained in a flow that's tight,

**Verse 1: Intro to the Fed**
Yo, rapper in the house, makin' that dough,
But have you ever wondered who's watchin' the economy's flow?
It's the Federal Reserve, the Fed for short, G,
Like the DJ of the US economy, adjustin' the beat to keep it lego (stable, you feel me).

**Chorus:**
Fed's on the mic, regulatin' the cash flow,
Keepin' inflation in check, so your money don't go low,
Lendin' to banks, so they can lend to you,
Fed's the central bank, boo, keepin' the economy brand new.

**Verse 2: The Fed's Main Moves**
They got three main tasks, let's break it down simple:
1. **Monetary Policy** - Think of it like the volume knob,
   - **Turn it up (Lower interest rates)**: More money flows, economy's poppin',
   - **Turn it down (Raise interest rates)**: Slow things down, inflation stoppin'.

2. **Supervise and Regulate Banks** - Like a manager in the bank studio,
   Ensuring they're good with the loot, no shady moves, all brand new.

3. **Lender of Last Resort** - When banks are in a pinch, and can't lend a dime,
   The Fed steps in, lends them cash, keeps the system in its prime.

**Chorus:**
Fed's on the mic, regulatin' the cash flow,
Keepin' inflation in check, so your money don't go low,
Lendin' to banks, so they can lend to you,
Fed's the central bank, boo, keepin' the economy brand new.

**Verse 3: How It Affects Your Rap Career**
- **Low Interest Rates**: Easier to get a loan for your studio, tour, or merch,
   Grow your rap empire with less financial stress, you're a perch.
- **Stable Economy**: More people working, more fans with disposable cash,
   Means more album sales, concert tickets, and merch splash.

**Outro:**
Now you know the Fed's role, in a rap that's clear,
Not just a bunch of suits, but the economy's gear,
Keepin' it moving, stable, and strong,
So your rap career, and the economy, go all day long!

---

**Glossary (Just in Case, in Slang)**

- **Inflation**: When money doesn't go as far as it used to, things cost more, yo.
- **Interest Rates**: The cost of borrowing money, like the fee for a loan, G.
- **Monetary Policy**: The Fed's tools to control the money supply and interest rates.
- **Central Bank**: The main bank of a country, in this case, the USA, managing the financial system. [end of text]


