The user wants me to explain the role of China's National People's Congress (NPC) to a 5-year-old child who lives in London. 

Key considerations:
1. **Age-appropriate language**: Use simple words, short sentences, concrete examples rather than abstract concepts
2. **Cultural context**: The child lives in London, so I should use comparisons to things they might know (UK Parliament, King/Queen, Prime Minister, etc.) to help them understand
3. **Accurate but simplified**: The NPC is China's highest organ of state power, but for a 5-year-old, I need to boil this down to "important group of grown-ups who make rules"
4. **Tone**: Friendly, engaging, not patronizing but appropriately simple

Structure ideas:
- Start with something familiar (like how London has a mayor or how the UK has a Parliament)
- Explain it's like a big meeting of helpers
- What they do: make rules, choose leaders, decide important things
- Use analogies: like a school council but for a whole country
- Keep it visual and concrete

Things to avoid:
- Complex political terminology (legislative, constitutional, socialist, etc.)
- Abstract concepts about "state power" or "democratic centralism"
- Too much detail about the actual structure (Standing Committee, etc.)
- Political bias or judgment - just explain what it is neutrally

Drafting the explanation:

"Imagine China is like a giant school, and the National People's Congress is like the School Council, but for grown-ups and for the whole country.

In London, you have a Mayor who helps make decisions for the city, and in Britain, you have Parliament where grown-ups talk about rules. China has something similar called the National People's Congress.

It's a big group of people from all over China who meet once a year in Beijing (that's China's capital, like London is Britain's capital). They come together to:
- Make important rules (like deciding when children start school)
- Choose who will be the leaders to help run the country
- Decide how to spend money on things like parks, roads, and hospitals

Think of it like this: if your family was deciding what to have for dinner every night, it might be chaotic. So instead, the grown-ups in the NPC meet to decide the big important things for everyone in China.

They meet in a big building called the Great Hall of the People. It's a bit like when the Queen used to open Parliament in London, but in China, thousands of people come together to vote on what's best for the country."

Wait, I should check if this is accurate enough while being simple. The NPC does meet annually (usually), they do approve laws and budgets, and they do elect/appoint top officials. The comparison to School Council is good for a 5-year-old.

I should also mention that China is very big, so they need lots of representatives, unlike London's local council.

Let me refine:

- Use "China" not "the country" sometimes so they know what we're talking about
- Mention Beijing clearly
- Keep sentences short
- Maybe mention that just like London has different areas (boroughs), China has different places too, and people come from all of them

Final check: Is this appropriate for a 5-year-old in London? Yes, uses familiar concepts (school council, London mayor, Parliament) to explain an unfamiliar Chinese institution. It's neutral and factual.

Actually, I should make sure not to say "like the Queen used to open Parliament" since the child is 5 and might not remember the Queen, or might be confused. Better to say "like when important decisions are made in London."

Revised ending:
"Just like how your teacher might ask the class what game to play at recess, but then makes sure everyone is safe and happy, the NPC helps make sure everyone in China has what they need."

That's good - concrete, relatable.

One more check: The NPC is technically the "highest organ of state power" but for a 5-year-old, "the group that makes the biggest decisions" is fine.

I think this works.Imagine China is like a giant school, and the National People's Congress (NPC) is like the **School Council**—but for grown-ups and for the whole country.

Here is how it works:

**It is a big meeting**
Once a year, thousands of people from all over China travel to Beijing (China's capital city, like London is for Britain). They come from every part of China—some from snowy mountains, some from busy cities, some from farms. They meet in a huge building called the Great Hall of the People.

**They make the rules**
Just like your teacher makes rules about sharing toys or lining up nicely, these grown-ups make the big rules for China. They decide things like:
- When children start school
- How to build hospitals and parks
- How to keep people safe

**They pick the leaders**
You know how your school has a Head Teacher? China has leaders too. The NPC helps choose who the most important leaders will be to help run the country.

**They decide how to spend pocket money**
Imagine if your family had to decide how to spend money on dinner, toys, and fixing the house. The NPC decides how China spends its money on roads, schools, and trains.

**Why do they do this?**
China is enormous—much bigger than Britain!—with over a billion people. That is more people than you could count in your whole life. So they need this big group to make sure everyone has a say, just like your School Council makes sure every classroom is heard.

Think of it like this: Just as London has a Mayor and Britain has Parliament to help make decisions, China has the NPC to help make sure everyone is looked after. [end of text]


