 <|im_start|>user
Explain the role of China's National People Congress to a 5 year old child who lives in London.
<|im_end|>
<|im_start|>assistant
<|im_end|>
<|im_start|>chairman
<|im_end|>
<|im_start|>speaker
<|im_end|>
<|im_start|>delegate
<|im_end|>
<|im_start|>secretary
<|im_end|>
<|im_start|>council member
<|im_end|>
<|im_start|>chief of staff
<|im_end|>
<|im_start|>president
<|im_end|>
<|im_start|>vice president
<|im_end|>
<|im_start|>deputy vice president
<|im_end|>
<|im_start|>chief secretary
<|im_end|>
<|im_start|>head of department
<|im_end|>
<|im_start|>department leader
<|im_end|>
<|im_start|>secretary of state
<|im_end|>
<|im_start|>chief of the secretariat
<|im_end|>
<|im_start|>minister
<|im_end|>
<|im_start|>minister of state
<|im_end|>
<|im_start|>assistant to the minister
<|im_end|>
<|im_start|>assistant to the minister of state
<|im_end|>
<|im_start|>secretary to the minister
<|im_end|>
<|im_start|>secretary to the minister of state
<|im_end|>
<|im_start|>cabinet secretary
<|im_end|>
<|im_start|>cabinet secretary to the minister
<|im_end|>
<|im_start|>cabinet secretary to the minister of state
<|im_end|>
<|im_start|>department director
<|im_end|>
<|im_start|>department director to the minister
<|im_end|>
<|im_start|>department director to the minister of state
<|im_end|>
<|im_start|>chief director
<|im_end|>
<|im_start|>director general
<|im_end|>
<|im_start|>secretary of the director general
<|im_end|>
<|im_start|>secretary of the director general to the minister
<|im_end|>
<|im_start|>secretary of the director general to the minister of state
<|im_end|>
<|im_start|>deputy secretary general
<|im_end|>
<|im_start|>deputy secretary general to the minister
<|im_end|>
<|im_start|>deputy secretary general to the minister of state
<|im_end|>
<|im_start|>assistant to the deputy secretary general
<|im_end|>
<|im_start|>assistant to the deputy secretary general to the minister
<|im_end|>
<|im_start|>assistant to the deputy secretary general to the minister of state
<|im_end|>
<|im_start|>cabinet secretary to the deputy secretary general
<|im_end|>
<|im_start|>cabinet secretary to the deputy secretary general to the minister
<|im_end|>
<|im_start|>cabinet secretary to the deputy secretary general to the minister of state
<|im_end|>
<|im_start|>chief director of the department director
<|im_end|>
<|im_start|>chief director of the department director to the minister
<|im_end|>
<|im_start|>chief director of the department director to the minister of state
<|im_end|>
<|im_start|>chief director of the department director to the minister of state of the minister
<|im_end|>
<|im_start|>chief director of the department director to the minister of state of the minister to the minister
<|im_end|>
<|im_start|>secretary of the chief director of the department director
<|im_end|>
<|im_start|>secretary of the chief director of the department director to the minister
<|im_end|>
<|im_start|>secretary of the chief director of the department director to the minister of state
<|im_end|>
<|im_start|>secretary of the chief director of the department director to the minister of state of the minister
<|im_end|>
<|im_start|>secretary of the chief director of the department director to the minister of state of the minister to the minister
<|im_end|>
<|im_start|>secretary of the chief director of the department director to the minister of state of the minister to the minister of state
<|im_end|>
<|im_start|>deputy secretary general of the department director
<|im_end|>
<|im_start|>deputy secretary general of the department director to the minister
<|im_end|>
<|im_start|>deputy secretary general of the department director to the minister of state
<|im_end|>
<|im_start|>deputy secretary general of the department director to the minister of state of the minister
<|im_end|>
<|im_start|>secretary of the deputy secretary general of the department director
<|im_end|>
<|im_start|>secretary of the deputy secretary general of the department director to the minister
<|im_end|>
<|im_start|>secretary of the deputy secretary general of the department director to the minister of state
<|im_end|>
<|im_start|>secretary of the deputy secretary general of the department director to the minister of state of the minister
<|im_end|>
<|im_start|>chief of staff of the department director
<|im_end|>
<|im_start|>chief of staff of the department director to the minister
<|im_end|>
<|im_start|>chief of staff of the department director to the minister of state
<|im_end|>
<|im_start|>chief of staff of the department director to the minister of state of the minister
<|im_end|>
<|im_start|>deputy chief of staff of the department director
<|im_end|>
<|im_start|>deputy chief of staff of the department director to the minister
<|im_end|>
<|im_start|>deputy chief of staff of the department director to the minister of state
<|im_end|>
<|im_start|>deputy chief of staff of the department director to the minister of state of the minister
<|im_end|>
<|im_start|>secretary of the deputy chief of staff of the department director
<|im_end|>
<|im_start|>secretary of the deputy chief of staff of the department director to the minister
<|im_end|>
<|im_start|>secretary of the deputy chief of staff of the department director to the minister of state
<|im_end|>
<|im_start|>secretary of the deputy chief of staff of the department director to the minister of state of the minister
<|im_end|>
<|im_start|>deputy secretary general of the department director to the minister
<|im_end|>
<|im_start|>deputy secretary general of the department director to the minister of state
<|im_end|>
<|im_start|>deputy secretary general of the department director to the minister of state of the minister
<|im_end|>
<|im_start|>secretary of the deputy secretary general of the department director
<|im_end|>
<|im_start|>secretary of the deputy secretary general of the department director to the minister
<|im_end|>
<|im_start|>secretary of the deputy secretary general of the department director to the minister of state
<|im_end|>
<|im_start|>secretary of the deputy secretary general of the department director to the minister of state of the minister
<|im_end|>
<|im_start|>secretary of the department director of the minister
<|im_end|>
<|im_start|>secretary of the department director to the minister
<|im_end|>
<|im_start|>deputy secretary general of the department
<|im_end|>
<|start|>deputy secretary general of the department director
<|end|>deputy secretary general to the minister
<|im_end|
<|im_start|>deputy minister of the department director
<|im|end|end|
|im|
<|end|
|
<||end|
|
<|
||

|
|end|
<|
|
|im|
|
<|

|
|
|
|
|

|
|
|
||
|
<|
|

|
|
|
|

|
|

|
|
|
|
|

|



|
|
|
|
|
|
|
|
The Focus 。
|
|
|

|
||
|
||
|
|||
|
||
|
|
|
|
|
|||||
|
||
|
||
|
|
||
||
|||
|
|
|


||
|
|>||
|
|
|
||||


|
|

||
|
|
||
|

||||
||||||
|||||||||||
||</|>||||
|
||</*)|
|

|
||
|
||
|
