这是一个关于比较道家哲学与基督教圣经中两种不同宇宙法则的问题。用户引用了《老子》第77章的名言："天之道，损有余而补不足"，以及《马太福音》13:12（也见于25:29）的经文："凡有的，还要加给他，叫他有余；没有的，连他所有的也要夺过来。"

用户问"以天道而言，哪个才对？"这个问题非常深刻，涉及两种根本不同的世界观。我需要：

1. 准确理解两段文本的含义和背景
2. 分析它们各自的哲学/神学体系
3. 探讨它们是否完全矛盾，还是在不同层面运作
4. 给出一个平衡、有深度的回答，而不是简单地说哪个"对"或"错"

关键要点：

《老子》的"天之道"：
- 体现的是道家核心思想：自然平衡、反盈补阙、柔弱胜刚强
- 天道像拉弓一样，高者抑之，下者举之，有余者损之，不足者补之
- 这是一种均衡、循环、自然的宇宙观
- 强调谦卑、不争、知足
- 目的是维持和谐与平衡

圣经的这句话：
- 出自耶稣的比喻（才干的比喻、撒种的比喻）
- 上下文是关于属灵真理、责任和使用恩赐
- 重点不在于物质财富分配，而在于对真理、恩典、责任的态度
- 在圣经语境中，这是关于"凡有的"指那些已经领受真理/恩典的人，会更多领受；"没有的"指拒绝或忽视的人，连原有的也要失去
- 也反映了属灵成长、责任与审判的原则
- 在世俗层面常被误解为"马太效应"，但原文是神学语境

我的分析框架：
1. 先解释两段文本的原意和语境
2. 分析它们表面上的矛盾
3. 探讨它们可能的不同适用范围
4. 讨论更深层的哲学差异
5. 给出综合性的理解，而非简单判断对错

需要注意：
- 不要进行宗教贬低或抬高
- 承认两种智慧传统的价值
- 指出它们可能描述不同层面的真理
- 保持中立但深刻的分析态度
- 使用用户能理解的语言（用户用中文提问，但引用了英文圣经）

回答结构：
1. 引言：承认问题的深刻性
2. 分别阐释两种说法的本意
3. 分析表面矛盾与深层差异
4. 探讨可能的调和或互补理解
5. 结论：不是简单的对错，而是不同维度的真理

让我开始构建回答...這個問題觸及了兩大文明傳統對宇宙法則的根本理解，值得深思。兩句話看似矛盾，實則可能指向不同層面的真理：

## 一、兩句話的本意與語境

**《老子》的「天之道」**
- 描述的是**自然規律**：天道如拉弓，「高者抑之，下者舉之」，是一種**均衡、循環、自動調節**的宇宙觀
- 重點在**物質與能量的自然流動**：水滿則溢、月盈則亏、熱量從高溫流向低溫
- 目的是維持整體平衡與和諧，體現「反者道之動」的辯證思維
- 適用於物理世界、生態系統、甚至社會資源的再分配

**聖經的「凡有的，還要加給他」**
- 出自耶穌的比喻（才幹的比喻、撒種的比喻），語境是**屬靈真理與責任**
- 「有」與「無」指的不是物質財富，而是**對真理的領受、心靈的開放度、責任的履行**
- 核心在於：**越願意領受和運用恩典者，越能得到；拒絕或閉塞者，連原有的也會失去**
- 這是關於**屬靈成長、責任與審判**的原則，而非物質世界的運作法則

## 二、表面矛盾與深層差異

| 層面 | 《老子》天道 | 聖經原則 |
|------|--------------|----------|
| **對象** | 物質、能量、自然狀態 | 真理、恩典、屬靈生命 |
| **機制** | 自動平衡、損盈補虧 | 積極回應、多給多責 |
| **目的** | 維持整體和諧 | 激發個人責任 |
| **時間尺度** | 長期循環、無為而治 | 歷史進程、終末審判 |

## 三、關鍵辨析

兩者其實不在同一維度對話：
- **老子描述「是什麼」**：天道**本然**如何運作
- **聖經闡明「該如何」**：人**應當**如何回應恩典

就像：
- 物理學說「水往低處流」（自然法則）
- 教育學說「越學習越聰明」（成長法則）
兩者並不衝突，只是描述不同領域。

## 四、更深層的張力

這反映了兩種智慧傳統的差異：
- **道家**：強調**順應自然**，智慧在於識別並配合天道規律
- **聖經**：強調**回應呼召**，智慧在於善用所托、承擔責任

有趣的是，聖經也有類似「損補」思想（如「虛心的人有福了」「凡自高的必降為卑」），而道家也講「既以為人己愈有」的辯證法。兩者都看到宇宙有動態平衡，但：
- 道家看到的是**無意志的自然調節**
- 聖經揭示的是**有位格的神聖託付**

## 結論

以「天道」而言，**老子描述的是自然層面的客觀規律，聖經揭示的是屬靈層面的道德律**。兩者都對，但回答不同問題：

- 若問「資源會自動均衡嗎？」——老子說得對
- 若問「人當如何對待恩典？」——聖經說得對

真正的智慧或許在於：**在自然層面謙卑順服天道的平衡，在屬靈層面積極回應恩典的呼召**。兩者互補，而非互斥。 [end of text]


