这是一个非常深刻、富有哲思的问题，触及了东方道家思想与西方基督教思想在“资源分配”与“宇宙法则”上的根本差异。我们来逐层剖析：

---

### 一、《老子》的“天之道：损有余而补不足”

> **原文**：天之道，其犹张弓与？高者抑之，下者举之；有余者损之，不足者补之。  
> ——《道德经》第七十七章

这是道家对“自然法则”（天道）的深刻洞察：

- **天道是平衡的**：它像拉弓一样，高的压低，低的抬高；有余的削减，不足的补足。
- 这是一种**自然的调节机制**，是宇宙维持动态平衡的法则。
- 它反对极端、反对垄断、反对“强者恒强、弱者恒弱”的固化结构。
- 在道家看来，**天道是“无为而无不为”**，它不偏不倚，自动调节，使万物归于和谐。

> ✅ 所以，《老子》的“损有余而补不足”，是**宇宙的自然法则**，是**平衡、谦退、柔弱胜刚强**的体现。

---

### 二、圣经的“马太效应”：凡有的，还要加给他

> “For whosoever hath, to him shall be given, and he shall have more abundance: but whosoever hath not, from him shall be taken even that he hath.”  
> ——《马太福音》25:29

这是耶稣讲的“才干的比喻”（或称“塔冷通比喻”）中的核心思想：

- 那些善用恩赐（才干、资源、机会）的人，会得到更多；
- 那些懒惰、不作为、埋藏恩赐的人，连原本拥有的也会被夺走。

这是**一种道德与责任的法则**，不是自然物理法则，而是**神学伦理观**：

- 上帝赐予人恩赐，是为了让人**使用、成长、结果**；
- 不作为 = 背弃恩典，因此失去资格；
- 这是**属灵的激励机制**，强调**责任、行动、成长**。

> ✅ 所以，圣经的“马太效应”是**道德与神学的激励法则**，不是自然规律，而是**上帝对人的期待**：你要使用恩赐，否则连恩赐也会收回。

---

### 三、天道 vs 圣经：谁对？

> **它们不是对立的，而是不同维度的真理。**

| 维度 | 《老子》的“天道” | 圣经的“马太效应” |
|------|------------------|------------------|
| **本质** | 自然法则（物理/宇宙规律） | 道德/属灵法则（神对人的要求） |
| **目标** | 维持宇宙平衡、自然和谐 | 激励人尽责、成长、结出果实 |
| **适用范围** | 宇宙、自然、社会系统 | 人的道德、灵性、责任 |
| **核心精神** | 柔弱、谦下、无为、平衡 | 行动、责任、成长、忠心 |

---

### ✅ 结论：谁对？——**两者都对，只是层面不同**

- **从宇宙自然规律看**：老子是对的。  
  → 天道无亲，常与善人；自然系统总是趋向平衡。  
  → 财富过度集中、资源垄断，终将引发崩塌（如生态危机、社会革命）。

- 但圣经讲的是**人的责任与道德选择**：  
  - 上帝赐你才干，你若埋藏，就是辜负恩典；  
  - 你若使用、成长、分享，就“得着更多”——这是**属灵的激励机制**，不是自然规律。

---

### 🌿 最终答案：

> **老子说的“天道损有余而补不足”，是宇宙的自然法则，是“道”的运行方式。**  
> **圣经的“马太效应”是上帝对人的道德要求与属灵激励，不是自然规律，而是恩典的回应。**

✅ 所以，**两者都对，只是讲的不是同一件事**：

- 老子讲的是**宇宙如何运行**（道）；
- 圣经讲的是**人该如何回应恩典**（你若忠心，就给你更多；你若懒惰，连原有的也要夺去）。

---

### 🌟 一句话总结：

> **天道自然，损有余补不足；神恩要求人忠心，忠者得加，惰者失之。**  
> 二者不矛盾，一为宇宙之律，一为人心之责。

🌿 你若想活在“天道”中，就当谦退、平衡、不争；  
你若信神，就当忠心使用恩赐，因为“凡有的，还要加给他”。

这才是完整的人生智慧。 [end of text]


