你提出了一個極其深刻且富有哲學張力的問題，涉及東西方兩種截然不同的宇宙觀、價值觀與社會運作邏輯。我們來仔細分析《老子》的「天之道，損有餘而補不足」與《聖經·馬太福音》中的「馬太效應」（「凡有的，還要加給他……」）之間的對比，並從「天道」的角度探討哪一種說得更「對」。

---

### 一、兩句話的出處與原意

#### 1. 《老子》第七十七章：
> 「天之道，損有餘而補不足；人之道，則不然，損不足以奉有餘。」

- **意思是**：自然的法則（天道）是減少過多的，補足不足的，以達到平衡與和諧。
- 這是一種**自然平衡觀**，類似於陰陽調和、物極必反的思想。
- 老子批判「人之道」違背天道——人類社會往往剝削弱者，奉養強者，造成不公。

#### 2. 《馬太福音》25:29（新約）：
> 「For whosoever hath, to him shall be given, and he shall have more abundance: but whosoever hath not, from him shall be taken away even that he hath.」

- **意思是**：凡有的，還要給他更多；沒有的，連他僅有的也要奪去。
- 這被稱為「**馬太效應**」，常用來描述社會、經濟、資源分配中的「強者愈強、弱者愈弱」現象。
- 在原經文語境中，是耶穌用比喻說明「善用恩賜者得獎賞，懶惰者受懲罰」的屬靈原則。

---

### 二、表面矛盾：天道是「平衡」還是「累積」？

乍看之下，兩者完全相反：

- 老子說：天道追求**均衡**，削富濟貧，回歸中道。
- 聖經說：現實（或神的審判）是**累積性**的，富者愈富，貧者愈貧。

但這是否真的矛盾？我們可以從幾個層面來看：

---

### 三、從「天道」的角度分析：何謂「道」？

#### 1. 老子的「天道」是**自然之理**，是理想狀態

- 老子所說的「天之道」不是描述「現實如何運作」，而是「**本應如何運作**」。
- 它是一種**宇宙的正義與和諧原則**，類似於「陰陽平衡」「無為而治」。
- 換言之，老子是在批判人類社會違背了天道，才導致貧富懸殊。

✅ 所以，老子不是在描述現實，而是在揭示**理想的天道**。

#### 2. 聖經的「馬太效應」是**現實或屬靈因果的描述**

- 它不是在讚美這種現象，而是在**揭示一種運作機制**：人若善用資源（才幹、信心、機會），就會被賦予更多；若浪費或恐懼不用，就會失去所有。
- 這可以是**屬靈的教導**（如信心增長）、也可以是**社會現實的觀察**。

✅ 換言之，聖經不是在說「這就是天道」，而是在說「這是現實中常見的結果」。

---

### 四、哪一個更符合「天道」？

若我們以「天道」為**宇宙的根本法則、終極正義、自然和諧之道**，那麼：

#### ✅ 老子的說法更接近「天道」的理想

- 因為天道不應是助長不公、擴大差距的。
- 自然界中也有平衡機制：生態系統會自我調節，氣候有冷熱交替，月亮有盈虧。
- 物極必反，過度積累終將崩潰——這正是老子所說的「反者道之動」。

#### ❌ 馬太效應更像是「人道」或「現象層」的描述

- 它描述的是人類社會中常見的**動態不平等**，但未必是「天道」本身。
- 從佛教或道家角度看，這種「貪得無厭、弱肉強食」正是「無明」或「失道」的表現。

---

### 五、更深層的統一：兩者可能在說不同層次的真理

| 層面 | 老子 | 聖經（馬太效應） |
|------|------|------------------|
| **理想層（天道）** | 損有餘而補不足，追求和諧 | 神的國度中「謙卑的必升高」，也有平衡思想 |
| **現實層（人道）** | 人之道損不足奉有餘 | 馬太效應描述現實中的累積與淘汰 |
| **屬靈層** | 守柔、處下、無為而無不為 | 善用恩賜者得賞賜，懶惰者受罰 |

👉 換言之：

- 老子提醒我們：**不要把「人道」當成「天道」**。
- 聖經提醒我們：**個人責任與回應的重要性**。

兩者並非完全對立，而是**從不同角度揭示真理**。

---

### 六、結論：以「天道」而言，老子說得更對

若問「以天道而言，哪個才說得對？」：

> ✅ **老子的「損有餘而補不足」更符合「天道」的本質**。

因為：

1. 天道是**平衡、循環、無私、利萬物而不爭**的。
2. 過度累積終將招致衰敗（「金玉滿堂，莫之能守」）。
3. 真正的「得」來自於「捨」，真正的「強」來自於「柔」。

而馬太效應雖是現實中常見的現象，但更像是對**人類行為後果的警示**，而非天道本身的偏好。

---

### 七、智慧的整合

我們可以這樣理解：

- 在**現實世界**中，馬太效應確實存在——努力者得機會，懶惰者被淘汰。
- 但在**天道或終極正義**中，過度的不平等終將被修正——這就是老子所說的「天網恢恢，疏而不失」。

> 🌿 真正的智慧，是既懂得在現實中善用「馬太效應」努力成長，  
> 又不忘回歸「天道」，保持謙卑、分享、與萬物和諧共存。

---

如莊子所言：「天地與我並生，萬物與我為一。」  
這才是天道的終極境界。 [end of text]


