<|channel>thought
<channel|>這是一個非常深刻且具備哲學高度的問題。你敏銳地捕捉到了東西方文明在「宇宙秩序」與「社會運作」兩個維度上的根本差異。

要回答「哪個才說得對」，我們不能簡單地做二選一，因為這兩句話描述的是**兩種完全不同的「道」**。我們需要從**「自然規律」**與**「價值/契約規律」**兩個層面來拆解。

### 1. 《老子》的「天之道」：自然規律的平衡論 (Entropy & Equilibrium)

老子所說的「天之道」，是指**自然界的運行規律**。

*   **核心邏輯：** 宇宙追求的是「平衡」（Equilibrium）。
*   **解釋：** 在自然界中，如果一個地方能量過剩，它必然會向低能量的地方流動；如果一個地方過於飽滿，它就會趨向消減，以達到一種動態的平衡。例如：水往低處流（損有餘）、季節更迭（春生夏長，秋收冬藏）、物種的演化與滅絕。
*   **哲學意涵：** 這是一種**「無為」**的規律。它不帶道德判斷，也不在乎個體的得失。它告訴我們：**「盈不可久」**。如果你過度擴張、過度佔有，自然規律會透過災難、衰退或循環來強行拉回平衡。
*   **結論：** 從**物理與自然演化**的角度看，老子說的是對的。

### 2. 《聖經》的規律：價值與信仰的增長論 (Value & Faith Accumulation)

聖經這段話（出自馬太福音 25:29，關於「按才幹受託」的比喻）描述的是**屬靈與社會價值規律**。

*   **核心邏輯：** 宇宙（或神）追求的是**「豐盛」與「忠心」**。
*   **解釋：** 這並非指物質上的掠奪，而是一種**「複利效應」**。在聖經的語境下，這指的是「才幹」、「信心」與「恩典」。如果你善用上帝給你的資源（才幹、財富、愛），你的影響力與價值會不斷擴大；但如果你因為懶惰或自私而埋沒了這些資源，你最終會失去連這點微小的能力也無法保有。
*   **哲學意涵：** 這是一種**「有為」**的規律。它強調的是**「責任」與「管理」**。它認為世界不是靜止的平衡，而是一個透過人的意志與信仰不斷向上擴張、創造豐盛的過程。
*   **結論：** 從**人性發展、價值創造與精神成長**的角度看，聖經說的是對的。

---

### 3. 綜合對比：兩者如何共存？

我們可以從以下三個維度來理解這兩者的衝突與統一：

#### A. 觀察對象不同
*   **老子看的是「物」：** 觀察的是物質世界的循環、消長、生滅。這是一種**宏觀的、客觀的**規律。
*   **聖經看的是「人」：** 觀察的是人的心靈、意志與行為對價值的影響。這是一種**微觀的、主觀的**規律。

#### B. 運作機制不同
*   **老子的規律是「自動化」的：** 你不需要做什麼，自然規律就會發生（損有餘補不足）。
*   **聖經的規律是「互動式」的：** 它是神與人之間的契約關係。你必須透過「行動」與「忠心」來觸發這種增長。

#### C. 社會現實的交織
在現實生活中，這兩者往往同時發生：
*   **當一個企業或國家過度擴張、貪婪無度時（損有餘）：** 它會觸發老子的「天道」，遭遇經濟危機或崩潰（補不足）。
*   **當一個個人不斷學習、精進技能、善用資源時（給予更多）：** 他會觸發聖經的「規律」，獲得更多的機會與影響力。

### 總結

如果你問的是**「宇宙的底層物理邏輯」**，老子說得對——宇宙最終趨向平衡與熵增。

如果你問的是**「生命與文明的演進邏輯」**，聖經說得對——生命透過不斷的創造、擴張與對價值的管理，打破了靜止的平衡，走向了更高的層次。

**這不是矛盾，而是「靜態平衡」與「動態成長」的辯證關係。** [end of text]


