这是一个非常深刻的问题，触及了哲学、伦理学、宗教思想与自然观察之间的张力。我们可以从几个层面来思考：

---

### 一、两句话的本意与语境

#### 1. 《老子》：“天之道，损有余而补不足”（《道德经》第七十七章）
- **语境**：老子是在谈“天道”（自然的法则），与“人道”（人为的制度、权力运作）相对。
- **本意**：自然系统（如生态、气候、能量流动）倾向于自我调节，趋向平衡。例如：
  - 水往低处流，填补洼地；
  - 生态系统中，资源丰富者若过度扩张，可能引发竞争、疾病或资源枯竭，从而被抑制；
  - 热力学第二定律中，能量从高温物体流向低温物体，趋向平衡。
- **重点**：这是对“自然规律”的描述（*is*），而非道德劝诫（*ought*）。它强调“道法自然”，人应效法天道，减少人为干预的贪婪与极端。

#### 2. 圣经《马太福音》13:12（“凡有的，还要加给他……”）
- **语境**：耶稣在讲“天国的奥秘”，强调人对真理/恩典的回应。
- **本意**：这是**神学性、恩典性的宣告**，不是描述自然规律，而是讲属灵生命的动态：
  - 那些愿意接受、使用、增长所赐恩典的人，会继续蒙恩；
  - 那些拒绝、埋藏恩典的人，连“名义上的拥有”也会失去（如：失去机会、光照、责任）。
- **重点**：这是关于**人的责任与回应**，是“人道”（或“神道”）的运作逻辑，而非物理世界的必然法则。

> ✅ 关键区别：  
> 老子说的是**自然界的平衡机制**（物理层面），  
> 圣经说的是**道德/灵性领域的因果法则**（关系层面）。

---

### 二、现实世界中，两者都“成立”，但适用领域不同

| 领域 | “损有余补不足”更明显 | “凡有的，还要加给他”更明显 |
|------|----------------------|-----------------------------|
| **自然生态** | ✔️（如食物链、资源循环） | ✖️ |
| **物理系统** | ✔️（热平衡、重力） | ✖️ |
| **社会经济** | ❌（常是“马太效应”：富者愈富） | ✔️（资本积累、教育机会、社会资本） |
| **个人成长** | ✔️（自我修正、学习补缺） | ✔️（持续学习者进步更快） |
| **灵性生命** | ✖️（神恩非自动平衡） | ✔️（强调信心与回应） |

▶️ **现实悖论**：  
在人类社会中，“马太效应”常占主导（如财富集中），这正是老子批评的“人之道”——“损不足而奉有余”（第七十七章）。  
而圣经这句话，不是描述社会常态，而是指出**属灵成长的规律**：恩典需要信心的“容器”来承载，否则会流失。

---

### 三、以“天道”而言，哪个更“对”？

若严格以“天道”（自然之道）为标准：

- **老子的描述更贴近物理世界的运行方式**：宇宙倾向于熵增与平衡，系统通过负反馈维持稳定。
- **但圣经并非在谈物理天道**，而是在谈**神与人的关系**——这是超越自然律的“恩典之约”，不能用热力学来衡量。

> 🌱 类比：  
> 就像“重力让苹果落地”是对自然规律的描述；  
> 而“上帝爱世人，甚至将他的独生子赐给他们”是启示性真理——二者不在同一维度竞争对错。

---

### 四、更高整合的视角（道家与基督教的潜在对话）

- 道家强调“无为”“谦下”“守柔”，反对强权与掠夺——这与耶稣“虚己”“服侍人”“为大者反为小”的精神有共鸣（参《腓立比书》2:5–8）。
- 圣经也承认自然界的秩序（如《诗篇》19:1，“诸天述说神的荣耀”），但更强调神主动介入打破自然常规（神迹），以成就救赎——这是“恩典”对“自然律”的超越。

> ✨ 或可说：  
> **天道显明神的永恒权能与秩序**（罗1:20），  
> **恩典显明神的慈爱与主动拯救**。  
> 二者在终极意义上不冲突，只是启示的面向不同。

---

### 结语：不是“谁对谁错”，而是“在什么层面说话”

- 若问**自然如何运行** → 老子说得更准确；  
- 若问**人当如何回应神圣恩典** → 圣经的宣告更深刻；  
- 若问**理想社会应如何组织** → 两者都呼吁“减损极端、关怀弱势”，老子主张“损有余以补不足”，圣经主张“各人不要单顾自己的事，也要顾别人的事”（腓2:4）。

> 🌿 真正的智慧，或许在于：  
> **效法天道的平衡，领受恩典的更新，  
> 在不完美的世界中，活出平衡与怜悯的见证。**

如《中庸》所言：“致中和，天地位焉，万物育焉。”  
又如保罗所劝：“若是可能，总要尽力与众人和睦。”（罗12:18）

愿你在思辨中得自由，在谦卑中见真理。 [end of text]


