你提出了一个非常有趣的问题，涉及老子和圣经中关于“盈余与不足”的不同观点。这两种观点看似矛盾，但实际上可以从不同的角度理解，并可能存在互补性。

**1. 老子的“天之道损有餘而補不足”**

老子的这句话出自《道德经》第四十四章，核心思想是：

*   **“天”代表自然规律，不带有主观意志。** 它遵循一种平衡法则，当某个事物过于丰盈时，就会有所减少，将资源转移到不足的地方，以维持整体的和谐。
*   **“损有餘”并非是惩罚，而是自然调节。** 就像水流高处向下，填补低洼，是一种自然而然的流动和分配。
*   **“補不足”是为了让所有事物都能得到发展。** 强调的是一种动态平衡，而不是绝对的平均。

老子的观点更注重整体的和谐与平衡，强调“无为而治”，顺应自然规律，通过“损有餘”来“補不足”，最终达到“天人合一”的境界。

**2. 圣经的“For whosoever hath, to him shall be given, and he shall have more abundance: but whosoever hath not, from him shall be taken away even that he hath.”**

这句话出自马太福音25:29，通常被称为“马太效应”的来源。它的核心思想是：

*   **强调个人努力和责任。** 拥有的人通过努力可以获得更多，而没有的人即使拥有少量也会失去。
*   **带有一定的社会和道德含义。** 鼓励人们积极进取，善用资源，否则会失去已有的。
*   **反映了社会财富分配的不均现象。** 强者更强，弱者更弱，形成一种积累效应。

圣经的观点更注重个人在社会中的表现和努力，强调“善用”和“积累”，反映了现实社会中资源分配的不平等现象。

**哪个才说得对？**

我认为，这两种观点并非完全对立，而是从不同的层面描述了世界的运行规律：

*   **老子的“天道”是宏观的自然规律，** 适用于整个宇宙的运行，强调的是一种平衡和和谐。
*   **圣经的“马太效应”是微观的社会现象，** 适用于人类社会中的财富分配，强调的是个人努力和责任。

**互补性：**

*   **老子的“天道”可以解释“马太效应”的根源。** 资源分配的不均是自然规律的一部分，强者更容易获得资源，弱者更容易失去资源。
*   **圣经的“马太效应”可以促进“天道”的实现。** 通过个人努力和善用资源，可以提高整体的效率和发展水平，最终达到“天人合一”的境界。

**总结：**

老子和圣经的观点都具有一定的合理性。老子的“天道”是更深层次的哲学思考，而圣经的“马太效应”是更现实的社会观察。理解这两种观点，可以帮助我们更好地认识世界，并找到适合自己的发展道路。

**补充说明：**

*   需要注意的是，圣经的“马太效应”也存在争议，一些人认为它鼓励了社会不平等。
*   老子的“天道”也需要辩证地看待，不能简单地理解为“弱肉强食”。

希望以上分析能够帮助你理解这个问题。
 [end of text]


