這個問題非常深刻，也是關於不同宗教和哲學思維的交錯點。讓我一步步分析你的問題，並用中文詳細回答。

---

### 1. 聖經的原文與解釋

你引用了聖經的一句話：

> "For whosoever hath, to him shall be given, and he shall have more abundance: but whosoever hath not, from him shall be taken away even that he hath."

這通常出自 **經聖書路加福音 4:1-3**，意思是：

- 有的人有，那麼天還多給他，他還能得到更多。
- 但如果沒有，那麼他還有的就會被奪走。

這是一種「自動化、公平的」機制，強調「有就得，沒有就失」，但並非絕對，而是在某種意義上的「供給」和「需求」的對調。

---

### 2. 《老子》的引文與解釋

你引用了《老子》的一句：

> "天之道損有餘而補不足"

直譯為：  
「天的道理，有的就有余（多處），不足的就由其補齊。」  
或者更自然地說：  
「天的本質是，有的就有多，不足的就由天補齊。」

這裡強調的是「天（自然、道）的衝動會使一切趨向完整、平衡」。  
即：如果某事不足，天就會補齊；如果有多，也會有所流失或散發，以達到某種「適度」或「和諧」。

---

### 3. 你的問題：「哪個才說對？以天道而言？」

這其實是兩種思維的對比：

#### (1) 聖經的「有/沒有」法則
- 強調「人的狀態決定了他能否得到更多，或失去自己的一部分」。
- 有的人有，那麼天還多；但如果沒有，那麼可能會失去。
- 這更像是一種「人類的對立與奪取」的自然結果。

#### (2) 《老子》的「天補足」法則
- 強調「天（自然、道）會自動補齊不足，散發多餘」。
- 有的多，天讓它散；不足，天補齊。
- 這更像是一種「自然律」，強調「一切都在向中心趨近或回归」的動力。

---

### 4. 這兩種思維的關係與對比

- **聖經的觀點更偏向人類的行為與機會**：  
  有的人能得到，有的人卻不能，但這並非完全由「天」決定，而是人的意願、努力、禮樂、信仰等因素會影響「得」與「失」的結果。

- **《老子》的觀點更偏向自然律與衝動**：  
  一切都在受到天（自然）的推動，不足會被補齊，多餘會散發，這是一種「無我、無我自我」的自然衝動。

---

### 5. 以「天道」而言，誰說對？

這取決於你對「天道」的定義：

- **如果你認為「天道」是神的恩賞與公正，**  
  那麼聖經的「有/沒有」法則反映了神的恩賞制度，而《老子》則更接近自然律的說法，雖然兩者都表達了「衝動」或「補足」的觀念，但侧重點不同。

- **如果你認為「天道」是自然的自動運作（非神的），**  
  那麼《老子》更接近「真正的天道」，因為它強調自然會補足不足、散發多餘，而聖經則是人類在神的機制下得或失。

---

### 6. 總結：兩者皆有道理，只是對「天道」的解釋不同

- **聖經**：「有」就能得更多，「沒有」就容易失去，但這是基於神的恩賞與人的意願。
- **《老子》**：天（自然）會補足不足、散發多餘，是一種無我、自然衝動的說明。

**沒有對錯誤，只是對「天道」的層面不同：一種是神主導的恩賞，一種是自然律的自動運作。**

#### 總之，「誰說對」，取決於你對「天道」的定義：
- 若你信神，重視恩賞與公正，聖經更接近真實。
- 若你信自然，重視衝動與平衡，《老子》更接近真實。

**兩者皆有其道理，皆能對「天道」作出解釋，只是角度不同而已。**

---

如果你想深入討論哪一種更接近你的信仰或生活觀念，也可以告訴我，我可以幫你分析。 [end of text]


