這是一個非常深刻、富有哲思的問題，涉及東方「天道」與西方「聖經」對「財富與分配」的兩種不同價值觀。我們可以從哲學、神學與現實層面來探討，但首先要釐清：**「天之道損有餘而補不足」與「聖經的「給更多、拿走更多」並非直接對立，而是不同語境下的「平衡」與「激勵」觀。**

---

## 一、《老子》「天之道損有餘而補不足」的本意

這句出自《道德經》第七十七章：

> 「天之道，損有餘而補不足。人之道，則不然，損不足以奉有餘。」

老子所說的「天之道」，是自然法則——宇宙運行的平衡機制。它不偏袒任何一方，而是透過「損有餘」來「補不足」，以維持整體的和諧與穩定。這不是「平均主義」，而是「動態平衡」——讓過度者回歸中道，讓不足者得補，使系統不崩潰。

**重點在「自然平衡」與「避免極端」。**

---

## 二、聖經「凡有的，還要加給他；凡沒有的，連他所有的也要奪去」的語境

這句出自《馬太福音》13:12：

> 「凡有的，還要加給他，叫他更多；凡沒有的，連他所有的也要奪去。」

這句話是耶穌講「芥菜種與麥子」的比喻後，對「屬靈領受」的說明。它並非指「經濟分配」，而是指「屬靈的領受與否」——你若領受神的道，神就加給你更多；你若不領受，連你已有的也會失去。

**重點在「屬靈的獎賞與懲罰」，是對「信心與順服」的激勵，而非經濟政策。**

---

## 三、從「天道」角度，哪個更「對」？

若我們以「天之道」為「宇宙自然法則」，則：

✅ **老子的觀點更符合「天道」的本質**——自然平衡、動態調節、避免極端。這與現代生態學、系統理論、甚至經濟學中的「負回饋機制」一致。

❌ 聖經這句話，若被誤解為「經濟上的強者愈強、弱者愈弱」，則與「天道」的平衡精神相悖。但若理解為「屬靈的激勵」，則是神對「人是否順服」的回應，並非「自然法則」。

---

## 四、哲學與現實的整合：「天道」與「人道」的區別

老子說：

> 「人之道，則不然，損不足以奉有餘。」

這正是對「人為制度」的批判——人類常以「強者愈強、弱者愈弱」為目標，反而違背自然法則。

而聖經的這句話，是對「人是否順服神」的評價，不是對「社會經濟結構」的評價。

---

## 五、結論：哪個「說得對」？

🔹 **從「天道」的自然平衡觀點看，老子的「損有餘而補不足」更符合宇宙運行的本質。**

🔹 **聖經的這句話，是對「屬靈生命」的激勵，不是對「社會經濟」的規則。**

🔹 **若將聖經這句話套用在經濟上，是「人道」的扭曲，而非「天道」的體現。**

---

## 附：現代哲學的印證

- **系統理論**：自然系統（如生態、經濟）常透過「負回饋」維持平衡——富者過度，則資源被調配給貧者。
- **經濟學**：凱恩斯主義、社會福利制度，皆有「補不足」的意涵。
- **神學**：許多神學家（如奧古斯丁、加爾文）也認為「神的公義」是「平衡」而非「強者愈強」。

---

## 最後一句話：

> **「天之道」是宇宙的平衡機制；「人之道」是社會的激勵機制。  
> 真正的「天道」，是讓富者不驕，貧者不懼；  
> 真正的「神道」，是讓信者得力，不信者自負。**

所以，**從「天道」而言，老子說得對——自然平衡是宇宙的本質。**

但聖經的這句話，是對「人靈性狀態」的提醒，不是對「社會經濟」的定論。

---

✅ **答案：從「天道」而言，老子的「損有餘而補不足」更符合自然法則，說得對。**

但聖經的這句話，是對「屬靈生命」的激勵，需在正確語境下理解，不可誤用於經濟政策。

---

希望這份分析能幫助你釐清這兩種智慧的差異與共鳴。 [end of text]


