这是一个非常深刻的问题，触及了哲学、伦理学、宗教思想与自然观察之间的张力。我们可以从几个层面来思考：

---

### 一、字面对比

- **《老子》（《道德经》第七十七章）**：  
  > 「天之道，其犹张弓与？高者抑之，下者举之；有余者损之，不足者补之。」  
  天道（自然的规律）像拉弓：太高就压低，太低就抬高；有余的减损，不足的补充。  
  → **强调平衡、均衡、反极端**，是一种**补偿性正义**（corrective justice）或**生态平衡观**。

- **《圣经》马太福音13:12（或路加福音8:18）**：  
  > 「因为凡有的，还要加给他，叫他有余；没有的，连他所有的也要夺过来。」  
  这是耶稣讲比喻时的总结性评语，强调**属灵的回应与责任**：人若善用已有的恩赐（信心、智慧、机会），会获得更多；若不用，连原有的也会失去。  
  → 这是**激励责任与成长的法则**，不是描述自然规律，而是**道德/属灵的因果律**。

---

### 二、关键区分：**自然法则** vs **道德法则**

- 老子说的是「**天之道**」——即**自然之道**（cosmic/natural order），是一种**描述性**（descriptive）的观察：自然界中，资源常趋向均衡（如热力学第二定律的局部反例、生态系统的负反馈机制等）。
  
- 圣经这句话是**规范性**（prescriptive）的道德训诫，属于「人之道」（human conduct），强调人在神面前的责任与回应。它不是在描述物理世界如何运作，而是在说：**属灵生命需要主动经营**。

> ✅ 类比：  
> - 物理学说「摩擦力使运动停止」——描述自然现象；  
> - 教育学说「勤能补拙」——指导行为选择。  
> 二者不矛盾，只是领域不同。

---

### 三、现实中的「天道」与「人道」常不一致

- 自然界确实存在「马太效应」（Matthew Effect）：富者愈富、贫者愈贫（如资源分配、基因优势、马太效应在社会学中的体现）。  
  → 这是**系统性不平等的自然倾向**，恰恰是老子要「损有余补不足」来**矫正**的对象。

- 老子并非说「自然总是均衡」，而是说：**天道本意是均衡的，但人偏离了它**。  
  > 「人之道则不然，损不足以奉有余」——人的做法恰恰相反！（《道德经》77章）

- 圣经这句话，若脱离上下文，易被误解为「弱肉强食合理」；但其上下文（马太福音25章「才干的比喻」）强调：**神将恩赐托付人，人需忠心使用**。不使用的，不是被「剥夺」，而是「失去意义」——就像钱存在银行不生息，终被通胀稀释；知识不用会遗忘；恩赐不活用，灵性枯干。

---

### 四、以「天道」为尺度，哪个更「对」？

若以「天道」为标准（即：是否符合自然与宇宙的根本和谐），则：

- **老子更贴近「天道」的本然倾向**：  
  生态系统、气候系统、免疫系统……都依赖负反馈维持平衡。过度集中（如碳集中在大气）、过度集中财富，都会引发系统性失衡（气候变化、社会动荡）。

- **但圣经的「马太原则」在「人道」层面有其深刻洞见**：  
  人若不主动成长，就会退化；不回应恩典，恩典就失去效力。这类似于「熵增」——无为而守旧，终将走向混乱。

> 🌱 所以：  
> - **天道**（自然）→ 倾向「损有余补不足」（老子）  
> - **人道**（自由意志）→ 若不主动「补不足」，则「马太效应」会加剧失衡  
> → **真正的「天道」实现，需要人主动践行「损有余补不足」的伦理。**

---

### 五、东西方智慧的互补

- 老子：**警惕人为的不公，追求自然和谐**  
- 圣经：**强调人的责任与回应，拒绝被动沉沦**

现代科学也发现：  
- 生态系统靠**多样性与反馈调节**维持稳定（老子式平衡）；  
- 但演化也依赖**优势积累与选择**（马太式增长）——只是后者需在系统约束下才可持续。

---

### 结语

> **若问「以天道而言，哪个更对？」——老子更贴近天道的本然倾向；  
> 但若问「人该如何活？」——圣经的提醒同样深刻：不进则退，责任带来丰盛。**

真正的智慧，或许在于：  
🔹 **以天道为镜**（看清自然的平衡法则），  
🔹 **以圣道为鞭**（激发人的道德能动性），  
🔹 **在人间建立「损有余补不足」的文明**——这正是儒家「中庸」「大同」、道家「无为而治」、基督教「爱人如己」共同指向的方向。

> 🌿 如《中庸》所言：「致中和，天地位焉，万物育焉。」  
> ——平衡与和谐，才是生生不息之道。 [end of text]


