這兩句話表面相反，其實是在回答兩個不同層次的問題；把它們放回各自的語境，就會發現它們可以同時為「真」，並不構成邏輯衝突。

1. 老子的「天之道」談的是「宇宙總體如何自我平衡」  
   ――像生態、氣候、市場那種「系統層級」的規律：  
   哪裡過熱，就會透過風雨、盈虧、生死把多餘的削掉；哪裡過缺，就會透過滋養、回饋、循環把不足補上。  
   重點在「整體」會趨於均衡，並不保證「每一隻羊、每一棵樹」都能活得好；有時候個體正是被拿來「損」的那一方。  
   因此它是一條「宏觀、長線、統計意義」的法則：  
   月亮太滿就缺，水庫太滿就溢，價格太高就跌──「損有餘以補不足」。

2. 耶穌那句話（馬太效應）談的是「人心與行為的放大效應」  
   ――在同一條賽道裡，「已經擁有某種條件（資金、能力、信心、話語權）」的人，比較容易再拿到下一筆資源；  
   缺乏該條件的人，連原本僅有的一點也可能因為擠兌、邊緣化、失去信心而流失。  
   這是「微觀、短線、個體層次」的動力學：  
   錢滾錢、粉絲多的更容易被看見、英語越好越敢開口學更多英語……於是「有者遞增，無者遞減」。

3. 兩者其實互為因果  
   正因為微觀上「有者愈有」會一路狂奔，宏觀上才需要「損有餘補不足」的反向機制週期性介入，否則系統會崩潰。  
   市場泡沫吹到極致就會破裂；帝國擴張到過度就會瓦解；富者土地兼併到極點就會出現農民戰爭──這些都是「天之道」出來收尾。  
   換句話說：  
   聖經描述的是「正反饋迴路」（positive feedback），老子描述的是「負反饋迴路」（negative feedback）；  
   任何能長期存活的系統，必然同時內建這兩條迴路，只是時間尺度不同。

4. 落實到人生策略  
   ――你不能只指望「天之道」幫你均貧富；  
   在「馬太效應」還沒被「天道」校正之前，你得先設法讓自己「進入正的循環」：  
   累積一點初始優勢（本領、信用、健康、人脈），然後把得到的再投入升級，否則個體很可能在「天道」出手前就被淘汰。  
   但當你成為「有餘」那一端時，若不懂得主動「補不足」（慈善、分享、留白），天道遲早會用更粗暴的方式幫你「損有餘」。

5. 結論  
   兩句話都對，但對的是不同層次：  
   - 想理解世界怎麼運轉，記住「天之道」──最終沒有誰能永遠獨佔多餘。  
   - 想讓自己活得安全，記住「馬太效應」──先得讓自己「有」，而且別把「再給你更多」視為理所當然，因為那條放大曲線也會把你推向下一輪被「損」的靶心。  

用一句白話收束：  
「短期看馬太，長期看老子；個體要爭先，群體要留餘。」 [end of text]


