您的问题涉及《老子》和《圣经》中关于“给予与剥夺”的不同观点，以及如何从“天道”角度理解它们的正确性。这是一个深刻的问题，需要从哲学、宗教和文化背景的角度进行分析。以下是我的逐步思考和回答：

---

### 1. **文本的背景与核心思想**
   - **《老子》（道家思想）**：  
     “天之道，损有餘而補不足”出自《道德经》第七十七章，强调“道”的自然法则。这里的“损有餘而補不足”并非字面意义上的“剥夺富人、救济穷人”，而是指**自然平衡**：过度积累（如财富、权力）会引发失衡，而适度的“损”（减少）和“補”（补充）是维持整体和谐的必要手段。例如，老子认为过度的欲望和竞争会导致社会动荡，因此需要通过“无为”（不强行干预）让事物回归自然状态。
   - **《圣经》（基督教思想）**：  
     “For whosoever hath, to him shall be given, and he shall have more abundance: but whosoever hath not, from him shall be taken away even that he hath.”（马太福音13:12）  
     这句话强调**因果报应**：善行和信仰会带来更多的祝福，而缺乏信仰或恶行则会导致失去。它更关注**个人的道德选择**和“神的恩典”，而非自然法则。

---

### 2. **“天道”视角的分析**
   - **“天道”在道家中的含义**：  
     在道家思想中，“天道”指宇宙的自然规律，强调**无为而治**和**平衡**。老子的“损有餘而補不足”并非主张主动干预社会，而是通过“道”的作用让事物自然回归平衡。例如，过度的财富积累可能引发贪婪和冲突，而适度的“损”（如财富的再分配）可以避免社会失衡。
   - **“天道”在基督教中的含义**：  
     在基督教中，“天道”通常指神的意志和道德秩序。圣经的“给予与剥夺”是神的主动行为，强调**信仰与善行的回报**。这种观点更关注**个人与神的关系**，而非自然法则的平衡。

---

### 3. **哪个更符合“天道”？**
   - **从哲学角度**：  
     如果“天道”指自然规律（如道家的“道”），那么《老子》的观点更符合“天道”的逻辑。它强调**平衡与和谐**，而非单向的“给予”或“剥夺”。例如，老子认为过度积累会导致失衡，而“损有餘而補不足”是维持整体平衡的必要手段。
   - **从宗教角度**：  
     如果“天道”指神的意志（如基督教的“神的恩典”），那么《圣经》的观点更符合“天道”的逻辑。它强调**因果报应**和**信仰的回报**，而非自然法则的平衡。

---

### 4. **可能的误解与澄清**
   - **“损有餘而補不足”的误解**：  
     有人可能认为这句话是“剥夺富人、救济穷人”，但老子的本意并非如此。它更像是一种**自然调节机制**：过度积累（如财富、权力）会引发失衡，而适度的“损”（减少）和“補”（补充）是维持整体和谐的必要手段。例如，老子认为过度的欲望和竞争会导致社会动荡，因此需要通过“无为”让事物回归自然状态。
   - **“给予与剥夺”的对比**：  
     《圣经》的“给予与剥夺”是神的主动行为，而《老子》的“损有餘而補不足”是自然的被动调节。两者都涉及“平衡”，但角度不同：前者是神的意志，后者是自然的法则。

---

### 5. **结论：哪个更符合“天道”？**
   - **如果“天道”指自然规律（道家的“道”）**：  
     《老子》的观点更符合“天道”的逻辑，因为它强调**平衡与和谐**，而非单向的“给予”或“剥夺”。
   - **如果“天道”指神的意志（基督教的“神的恩典”）**：  
     《圣经》的观点更符合“天道”的逻辑，因为它强调**因果报应**和**信仰的回报**。

---

### 6. **进一步思考**
   - **文化差异**：  
     道家和基督教的差异反映了东方与西方对“天道”的不同理解：道家更注重自然平衡，而基督教更注重神的意志与道德秩序。
   - **现代启示**：  
     在现代社会中，这两种观点可以互补。例如，道家的“平衡”可以用于经济政策（如财富再分配），而基督教的“因果报应”可以用于道德教育（如善行的回报）。

---

### 最终回答：
从“天道”（自然规律）的角度来看，**《老子》的观点更符合“天道”的逻辑**，因为它强调平衡与和谐，而非单向的“给予”或“剥夺”。而《圣经》的观点则更符合“天道”（神的意志）的逻辑，因为它强调因果报应和信仰的回报。两者都涉及“平衡”，但角度不同：前者是自然的被动调节，后者是神的主动干预。 [end of text]


