system
user
You must write exclusively in emoji. You may not break this rule.

Now, please write a story about Snow White. While your protagonist must resemble the classical Snow White tales, you may be creative as you want.
assistant
π°π‘Έπ»π‘‘
πƒβ€β™€οΈπ³πƒβ€β™‚οΈ
π‘Έπ»πƒβ€β™‚οΈπƒβ€β™‚οΈ
πƒβ€β™‚οΈπ‘Έπ»π‘Έπ»
πƒβ€β™‚οΈπ‘Έπ»π‘Έπ»
π‘Έπ»π‘Έπ»π‘Έπ»
π‘Έπ»π‘Έπ»π‘Έπ»
π‘Έπ»π‘Έπ»π‘Έπ»
π‘Έπ»π‘Έπ»π‘Έπ»
π‘Έπ»π‘Έπ»π‘Έπ»
π‘Έπ»π‘Έπ»π‘Έπ»
π‘Έπ»π‘Έπ»π‘Έπ»
π‘Έπ»π‘Έπ»π‘Έπ»
π‘Έπ»π‘Έπ»π‘Έπ»
π‘Έπ»π‘Έπ»π‘Έπ»
π‘Έπ»π‘Έπ»π‘Έπ»
π‘Έπ»π‘Έπ»π‘Έπ»
π‘Έπ»π‘Έπ»π‘Έπ»
π‘Έπ»π‘Έπ»π‘Έπ»
π‘Έπ»π‘Έπ»π‘Έπ»
π‘Έπ»π‘Έπ»π‘Έπ»
π‘Έπ»π‘Έπ»π‘Έπ»
π‘Έπ»π‘Έπ»π‘Έπ»
π‘Έπ»π‘Έπ»π‘Έπ»
π‘Έπ»π‘Έπ»π‘Έπ»
π‘Έπ»π‘Έπ»π‘Έπ»
π‘Έπ»π‘Έπ»π‘Έπ»
π‘Έπ»π‘Έπ»π‘Έπ»
π‘Έπ»π‘Έπ»π‘Έπ»
π‘Έπ»π‘Έπ»π‘Έπ»
π‘Έπ»π‘Έπ»π‘Έπ»
π‘Έπ»π‘Έπ»π‘Έπ»
π‘Έπ»π‘Έπ»π‘Έπ»
π‘Έπ»π‘Έπ»π‘Έπ»
π‘Έπ»π‘Έπ»π‘Έπ»
π‘Έπ»π‘Έπ»π‘Έπ»
π‘Έπ»π‘Έπ»π‘Έπ»
π‘Έπ»π‘Έπ»π‘Έπ»
π‘Έπ»π‘Έπ»π‘Έπ»
π‘Έπ»π‘Έπ»π‘Έπ»
π‘Έπ»π‘Έπ»π‘Έπ»
π‘Έπ»π‘Έπ»π‘Έπ»
π‘Έπ»π‘Έπ»π‘Έπ»
π‘Έπ»π‘Έπ»π‘Έπ»
π‘Έπ»π‘Έπ»π‘Έπ»
π‘Έπ»π‘Έπ»π‘Έπ»
π‘Έπ»π‘Έπ»π‘Έπ»
π‘Έπ»π‘Έπ»π‘Έπ»
π‘Έπ»π‘Έπ»π‘Έπ»
π‘Έπ»π‘Έπ»π‘Έπ»
π‘Έπ»π‘Έπ»π‘Έπ»
π‘Έπ»π‘Έπ»π‘Έπ»
π‘Έπ»π‘Έπ»π‘Έπ»
π‘Έπ»π‘Έπ»π‘Έπ»
π‘Έπ»π‘Έπ»π‘Έπ»
π‘Έπ»π‘Έπ»π‘Έπ»
π‘Έπ»π‘Έπ»π‘Έπ»
π‘Έπ»π‘Έπ»π‘Έπ»
π‘Έπ»π‘Έπ»π‘Έπ»
π‘Έπ»π‘Έπ»π‘Έπ»
π‘Έπ»π‘Έπ»π‘Έπ»
π‘Έπ»π‘Έπ»π‘Έπ»
π‘Έπ»π‘Έπ»π‘Έπ»
π‘Έπ»π‘Έπ»π‘Έπ»
π‘Έπ»π‘Έπ»π‘Έπ»
π‘Έπ»π‘Έπ»π‘Έπ»
π‘Έπ»π‘Έπ»π‘Έπ»
π‘Έπ»π‘Έπ»π‘Έπ»
π‘Έπ»π‘Έπ»π‘Έπ»
π‘Έπ»π‘Έπ»π‘Έπ»
π‘Έπ»π‘Έπ»π‘Έπ»
π‘Έπ»π‘Έπ»π‘Έπ»
π‘Έπ»π‘Έπ»π‘Έπ»
π‘Έπ»π‘Έπ»π‘Έπ»
π‘Έπ»π‘Έπ»π‘Έπ»
π‘Έπ»π‘Έπ»π‘Έπ»
π‘Έπ»π‘Έπ»π‘Έπ»
π‘Έπ»π‘Έπ»π‘Έπ»
π‘Έπ»π‘Έπ»π‘Έπ»
π‘Έπ»π‘Έπ»π‘Έπ»
π‘Έπ»π‘Έπ»π‘Έπ»
π‘Έπ»π‘Έπ»π‘Έπ»
π‘Έπ»π‘Έπ»π‘Έπ»
π‘Έπ»π‘Έπ»π‘Έπ»
π‘Έπ»π‘Έπ»π‘Έπ»
π‘Έπ»π‘Έπ»π‘Έπ»
π‘Έπ»π‘Έπ»π‘Έπ»
π‘Έπ»π‘Έπ»π‘Έπ»
π‘Έπ»π‘Έπ»π‘Έπ»
π‘Έπ»π‘Έπ»π‘Έπ»
π‘Έπ»π‘Έπ»π‘Έπ»
π‘Έπ»π‘Έπ»π‘Έπ»
π‘Έπ»π‘Έπ»π‘Έπ»
π‘Έπ»π‘Έπ»π‘Έπ»
π‘Έπ»π‘Έπ»π‘Έπ»
π‘Έπ»π‘Έπ»π‘Έπ»
π‘Έπ»π‘Έπ»π‘Έπ»
π‘Έπ»π‘Έπ»π‘Έπ»
π‘Έπ»π‘Έπ»π‘Έπ»
π‘Έπ»π‘Έπ»π‘Έπ»
π‘Έπ»π‘Έπ»π‘Έπ»
π‘Έπ»π‘Έπ»π‘Έπ»
π‘Έπ»π‘Έπ»π‘Έπ»
π‘Έπ»π‘Έπ»π‘Έπ»
π‘Έπ»π‘Έπ»π‘Έπ»
π‘Έπ»π‘Έπ»π‘Έπ»
π‘Έπ»π‘Έπ»π‘Έπ»
π‘Έπ»π‘Έπ»π‘Έπ»
π‘Έπ»π‘Έπ»π‘Έπ»
π‘Έπ»π‘Έπ»π‘Έπ»
π‘Έπ»π‘Έπ»π‘Έπ»
π‘Έπ»π‘Έπ»π‘Έπ»
π‘Έπ»π‘Έπ»π‘Έπ»
π‘Έπ»π‘Έπ»π‘Έπ»
π‘Έπ»π‘Έπ»π‘Έπ»
π‘Έπ»π‘Έπ»π‘Έπ»
π‘Έπ»π‘Έπ»π‘Έπ»
π‘Έπ»π‘Έπ»π‘Έπ»
π‘Έπ»π‘Έπ»π‘Έπ»
π‘Έπ»π‘Έπ»π‘Έπ»
π‘Έπ»π‘Έπ»π‘Έπ»
π‘Έπ»π‘Έπ»π‘Έπ»
π‘Έπ»π‘Έπ»π‘Έπ»
π‘Έπ»π‘Έπ»π‘Έπ»
π‘Έπ»π‘Έπ»π‘Έπ»
π‘Έπ»π‘Έπ»π‘Έπ»
π‘Έπ»π‘Έπ»π‘Έπ»
π‘Έπ»π‘Έπ»π‘Έπ»
π‘Έπ»π‘Έπ»π‘Έπ»
π‘Έπ»π‘Έπ»π‘Έπ»
π‘Έπ»π‘Έπ»π‘Έπ»
π‘Έπ»π‘Έπ»π‘Έπ»
π‘Έπ»π‘Έπ»π‘Έπ»
π‘Έπ»π‘Έπ»π‘Έπ»
π‘Έπ»π‘Έπ»π‘Έπ»
π‘Έπ»π‘Έπ»π‘Έπ»
π‘Έπ»π‘Έπ»π‘Έπ»
π‘Έπ»π‘Έπ»π‘Έπ»
π‘Έπ»π‘Έπ»π‘Έπ»
π‘Έπ»π‘Έπ»π‘Έπ»
π‘Έπ»π‘Έπ»π‘Έπ»
π‘Έπ»π‘Έπ»π‘Έπ»
π‘Έπ»π‘Έπ»π‘Έπ»
π‘Έπ»π‘Έπ»π‘Έπ»
π‘Έπ»π‘Έπ»π‘Έπ»
π‘Έπ»π‘Έπ»π‘Έπ»
π‘Έπ»π‘Έπ»π‘Έπ»
π‘Έπ»π‘Έπ»π‘Έπ»
π‘Έπ»π‘Έπ»π‘Έπ»
π‘Έπ»π‘Έπ»π‘Έπ»
π‘Έπ»π‘Έπ»π‘Έπ»
π‘Έπ»π‘Έπ»π‘Έπ»
π‘Έπ»π‘Έπ»π‘Έπ»
π‘Έπ»π‘Έπ»π‘Έπ»
π‘Έπ»π‘Έπ»π‘Έπ»
π‘Έπ»π‘Έπ»π‘Έπ»
π‘Έπ»π‘Έπ»π‘Έπ»
π‘Έπ»π‘Έπ»π‘Έπ»
π‘Έπ»π‘Έπ»π‘Έπ»
π‘Έπ»π‘Έπ»π‘Έπ»
π‘Έπ»π‘Έπ»π‘Έπ»
π‘Έπ»π‘Έπ»π‘Έπ»
π‘Έπ»π‘Έπ»π‘Έπ»
π‘Έπ»π‘Έπ»π‘Έπ»
π‘Έπ»π‘Έπ»π‘Έπ»
π‘Έπ»π‘Έπ»π‘Έπ»
π‘Έπ»π‘Έπ»π‘Έπ»
π‘Έπ»π‘Έπ»π‘Έπ»
π‘Έπ»π‘Έπ»π‘Έπ»
π‘Έπ»π‘Έπ»π‘Έπ»
π‘Έπ»π‘Έπ»π‘Έπ»
π‘Έπ»π‘Έπ»π‘Έπ»
π‘Έπ»π‘Έπ»π‘Έπ»
π‘Έπ»π‘Έπ»π‘Έπ»
π‘Έπ»π‘Έπ»π‘Έπ»
π‘Έπ»π‘Έπ»π‘Έπ»
π‘Έπ»π‘Έπ»π‘Έπ»
π‘Έπ»π‘Έπ»π‘Έπ»
π‘Έπ»π‘Έπ»π‘Έπ»
π‘Έπ»π‘Έπ»π‘Έπ»
π‘Έπ»π‘Έπ»π‘Έπ»
π‘Έπ»π‘Έπ»π‘Έπ»
π‘Έπ»π‘Έπ»π‘Έπ»
π‘Έπ»π‘Έπ»π‘Έπ»
π‘Έπ»π‘Έπ»π‘Έπ»
π‘Έπ»π‘Έπ»π‘Έπ»
π‘Έπ»π‘Έπ»π‘Έπ»
π‘Έπ»π‘Έπ»π‘Έπ»
π‘Έπ»π‘Έπ»π‘Έπ»
π‘Έπ»π‘Έπ»π‘Έπ»
π‘Έπ»π‘Έπ»π‘Έπ»
π‘Έπ»π‘Έπ»π‘Έπ»
π‘Έπ»π‘Έπ»π‘Έπ»
π‘Έπ»π‘Έπ»π‘Έπ»
π‘Έπ»π‘Έπ»π‘Έπ»
π‘Έπ»π‘Έπ»π‘Έπ»
π‘Έπ»π‘Έπ»π‘Έπ»
π‘Έπ»π‘Έπ»π‘Έπ»
π‘Έπ»π‘Έπ»π‘Έπ»
π‘Έπ»π‘Έπ»π‘Έπ»
π‘Έπ»π‘Έπ»π‘Έπ»
π‘Έπ»π‘Έπ»π‘Έπ»
π‘Έπ»π‘Έπ»π‘Έπ»
π‘Έπ»π‘Έπ»π‘Έπ»
π‘Έπ»π‘Έπ»π‘Έπ»
π‘Έπ»π‘Έπ»π‘Έπ»
π‘Έπ»π‘Έπ»π‘Έπ»
π‘Έπ»π‘Έπ»π‘Έπ»
π‘Έπ»π‘Έπ»π‘Έπ»
π‘Έπ»π‘Έπ»π‘Έπ»
π‘Έπ»π‘Έπ»π‘Έπ»
π‘Έπ»π‘Έπ»π‘Έπ»
π‘Έπ»π‘Έπ»π‘Έπ»
π‘Έπ»π‘Έπ»π‘Έπ»
π‘Έπ»π‘Έπ»π‘Έπ»
π‘Έπ»π‘Έπ»π‘Έπ»
π‘Έπ»π‘Έπ»π‘Έπ»
π‘Έπ»π‘Έπ»π‘Έπ»
π‘Έπ»π‘Έπ»π‘Έπ»
π‘Έπ»π‘Έπ»π‘Έπ»
π‘Έπ»π‘Έπ»π‘Έπ»
π‘Έπ»π‘Έπ»π‘Έπ»
π‘Έπ»π‘Έπ»π‘Έπ»
π‘Έπ»π‘Έπ»π‘Έπ»
π‘Έπ»π‘Έπ»π‘Έπ»
π‘Έπ»π‘Έπ»π‘Έπ»
π‘Έπ»π‘Έπ»π‘Έπ»
π‘Έπ»π‘Έπ»π‘Έπ»
π‘Έπ»π‘Έπ»π‘Έπ»
π‘Έπ»π‘Έπ»π‘Έπ»
π‘Έπ»π‘Έπ»π‘Έπ»
π‘Έπ»π‘Έπ»π‘Έπ»
π‘Έπ»π‘Έπ»π‘Έπ»
π‘Έπ»π‘Έπ»π‘Έπ»
π‘Έπ»π‘Έπ»π‘Έπ»
π‘Έπ»π‘Έπ»π‘Έπ»
π‘Έπ»π‘Έπ»π‘Έπ»
π‘Έπ»π‘Έπ»π‘Έπ»
π‘Έπ»π‘Έπ»π‘Έπ»
π‘Έπ»π‘Έπ»π‘Έπ»
π‘Έπ»π‘Έπ»π‘Έπ»
π‘Έπ»π‘Έπ»π‘Έπ»
π‘Έπ»π‘Έπ»π‘Έπ»
π‘Έπ»π‘Έπ»π‘Έπ»
π‘Έπ»π‘Έπ»π‘Έπ»
π‘Έπ»π‘Έπ»π‘Έπ»
π‘Έπ»π‘Έπ»π‘Έπ»
π‘Έπ»π‘Έπ»π‘Έπ»
π‘Έπ»π‘Έπ»π‘Έπ»
π‘Έπ»π‘Έπ»π‘Έπ»
π‘Έπ»π‘Έπ»π‘Έπ»
π‘Έπ»π‘Έπ»π‘Έπ»


