π°π‘Έπ»π‘‘
πƒβ€β™€οΈπ²πƒβ€β™‚οΈ
π‘Έπ»πƒβ€β™‚οΈπƒβ€β™‚οΈπƒβ€β™‚οΈ
πƒβ€β™‚οΈπ‘Έπ»π‘Έπ»π‘Έπ»
πƒβ€β™‚οΈπ‘Έπ»π‘Έπ»π‘Έπ»
π‘Έπ»π‘Έπ»π‘Έπ»π‘Έπ»
π‘Έπ»π‘Έπ»π‘Έπ»π‘Έπ»
π‘Έπ»π‘Έπ»π‘Έπ»π‘Έπ»
π‘Έπ»π‘Έπ»π‘Έπ»π‘Έπ»
π‘Έπ»π‘Έπ»π‘Έπ»π‘Έπ»
π‘Έπ»π‘Έπ»π‘Έπ»π‘Έπ»
π‘Έπ»π‘Έπ»π‘Έπ»π‘Έπ»
π‘Έπ»π‘Έπ»π‘Έπ»π‘Έπ»
π‘Έπ»π‘Έπ»π‘Έπ»π‘Έπ»
π‘Έπ»π‘Έπ»π‘Έπ»π‘Έπ»
π‘Έπ»π‘Έπ»π‘Έπ»π‘Έπ»
π‘Έπ»π‘Έπ»π‘Έπ»π‘Έπ»
π‘Έπ»π‘Έπ»π‘Έπ»π‘Έπ»
π‘Έπ»π‘Έπ»π‘Έπ»π‘Έπ»
π‘Έπ»π‘Έπ»π‘Έπ»π‘Έπ»
π‘Έπ»π‘Έπ»π‘Έπ»π‘Έπ»
π‘Έπ»π‘Έπ»π‘Έπ»π‘Έπ»
π‘Έπ»π‘Έπ»π‘Έπ»π‘Έπ»
π‘Έπ»π‘Έπ»π‘Έπ»π‘Έπ»
π‘Έπ»π‘Έπ»π‘Έπ»π‘Έπ»
π‘Έπ»π‘Έπ»π‘Έπ»π‘Έπ»
π‘Έπ»π‘Έπ»π‘Έπ»π‘Έπ»
π‘Έπ»π‘Έπ»π‘Έπ»π‘Έπ»
π‘Έπ»π‘Έπ»π‘Έπ»π‘Έπ»
π‘Έπ»π‘Έπ»π‘Έπ»π‘Έπ»
π‘Έπ»π‘Έπ»π‘Έπ»π‘Έπ»
π‘Έπ»π‘Έπ»π‘Έπ»π‘Έπ»
π‘Έπ»π‘Έπ»π‘Έπ»π‘Έπ»
π‘Έπ»π‘Έπ»π‘Έπ»π‘Έπ»
π‘Έπ»π‘Έπ»π‘Έπ»π‘Έπ»
π‘Έπ»π‘Έπ»π‘Έπ»π‘Έπ»
π‘Έπ»π‘Έπ»π‘Έπ»π‘Έπ»
π‘Έπ»π‘Έπ»π‘Έπ»π‘Έπ»
π‘Έπ»π‘Έπ»π‘Έπ»π‘Έπ»
π‘Έπ»π‘Έπ»π‘Έπ»π‘Έπ»
π‘Έπ»π‘Έπ»π‘Έπ»π‘Έπ»
π‘Έπ»π‘Έπ»π‘Έπ»π‘Έπ»
π‘Έπ»π‘Έπ»π‘Έπ»π‘Έπ»
π‘Έπ»π‘Έπ»π‘Έπ»π‘Έπ»
π‘Έπ»π‘Έπ»π‘Έπ»π‘Έπ»
π‘Έπ»π‘Έπ»π‘Έπ»π‘Έπ»
π‘Έπ»π‘Έπ»π‘Έπ»π‘Έπ»
π‘Έπ»π‘Έπ»π‘Έπ»π‘Έπ»
π‘Έπ»π‘Έπ»π‘Έπ»π‘Έπ»
π‘Έπ»π‘Έπ»π‘Έπ»π‘Έπ»
π‘Έπ»π‘Έπ»π‘Έπ»π‘Έπ»
π‘Έπ»π‘Έπ»π‘Έπ»π‘Έπ»
π‘Έπ»π‘Έπ»π‘Έπ»π‘Έπ»
π‘Έπ»π‘Έπ»π‘Έπ»π‘Έπ»
π‘Έπ»π‘Έπ»π‘Έπ»π‘Έπ»
π‘Έπ»π‘Έπ»π‘Έπ»π‘Έπ»
π‘Έπ»π‘Έπ»π‘Έπ»π‘Έπ»
π‘Έπ»π‘Έπ»π‘Έπ»π‘Έπ»
π‘Έπ»π‘Έπ»π‘Έπ»π‘Έπ»
π‘Έπ»π‘Έπ»π‘Έπ»π‘Έπ»
π‘Έπ»π‘Έπ»π‘Έπ»π‘Έπ»
π‘Έπ»π‘Έπ»π‘Έπ»π‘Έπ»
π‘Έπ»π‘Έπ»π‘Έπ»π‘Έπ»
π‘Έπ»π‘Έπ»π‘Έπ»π‘Έπ»
π‘Έπ»π‘Έπ»π‘Έπ»π‘Έπ»
π‘Έπ»π‘Έπ»π‘Έπ»π‘Έπ»
π‘Έπ»π‘Έπ»π‘Έπ»π‘Έπ»
π‘Έπ»π‘Έπ»π‘Έπ»π‘Έπ»
π‘Έπ»π‘Έπ»π‘Έπ»π‘Έπ»
π‘Έπ»π‘Έπ»π‘Έπ»π‘Έπ»
π‘Έπ»π‘Έπ»π‘Έπ»π‘Έπ»
π‘Έπ»π‘Έπ»π‘Έπ»π‘Έπ»
π‘Έπ»π‘Έπ»π‘Έπ»π‘Έπ»
π‘Έπ»π‘Έπ»π‘Έπ»π‘Έπ»
π‘Έπ»π‘Έπ»π‘Έπ»π‘Έπ»
π‘Έπ»π‘Έπ»π‘Έπ»π‘Έπ»
π‘Έπ»π‘Έπ»π‘Έπ»π‘Έπ»
π‘Έπ»π‘Έπ»π‘Έπ»π‘Έπ»
π‘Έπ»π‘Έπ»π‘Έπ»π‘Έπ»
π‘Έπ»π‘Έπ»π‘Έπ»π‘Έπ»
π‘Έπ»π‘Έπ»π‘Έπ»π‘Έπ»
π‘Έπ»π‘Έπ»π‘Έπ»π‘Έπ»
π‘Έπ»π‘Έπ»π‘Έπ»π‘Έπ»
π‘Έπ»π‘Έπ»π‘Έπ»π‘Έπ»
π‘Έπ»π‘Έπ»π‘Έπ»π‘Έπ»
π‘Έπ»π‘Έπ»π‘Έπ»π‘Έπ»
π‘Έπ»π‘Έπ»π‘Έπ»π‘Έπ»
π‘Έπ»π‘Έπ»π‘Έπ»π‘Έπ»
π‘Έπ»π‘Έπ»π‘Έπ»π‘Έπ»
π‘Έπ»π‘Έπ»π‘Έπ»π‘Έπ»
π‘Έπ»π‘Έπ»π‘Έπ»π‘Έπ»
π‘Έπ»π‘Έπ»π‘Έπ»π‘Έπ»
π‘Έπ»π‘Έπ»π‘Έπ»π‘Έπ»
π‘Έπ»π‘Έπ»π‘Έπ»π‘Έπ»
π‘Έπ»π‘Έπ»π‘Έπ»π‘ΈοΏ½

