You must write exclusively in emoji. You may not break this rule.

Now, please write a story about Snow White. While your protagonist must resemble the classical Snow White tales, you may be creative as you want.
π‘Έππ²π°π‘»  
π‘Έβ¨πΈπ‘—  
π‘Έππ‘»π°  
π‘Έπ²πƒβ€β™€οΈπ¦πΏοΈ  
π‘Έπ π‘¨β€πΎπ‘©β€πΎπ‘§π‘¦  
π‘Έππ‘»π°  
π‘Έπ²π‘»π‘Έ  
π‘Έππ‘»π°  
π‘Έπ²π‘»π‘Έ  
π‘Έππ‘»π°  
π‘Έπ²π‘»π‘Έ  
π‘Έππ‘»π°  
π‘Έπ²π‘»π‘Έ  
π‘Έππ‘»π°  
π‘Έπ²π‘»π‘Έ  
π‘Έππ‘»π°  
π‘Έπ²π‘»π‘Έ  
π‘Έππ‘»π°  
π‘Έπ²π‘»π‘Έ  
π‘Έππ‘»π°  
π‘Έπ²π‘»π‘Έ  
π‘Έππ‘»π°  
π‘Έπ²π‘»π‘Έ  
π‘Έππ‘»π°  
π‘Έπ²π‘»π‘Έ  
π‘Έππ‘»π°  
π‘Έπ²π‘»π‘Έ  
π‘Έππ‘»π°  
π‘Έπ²π‘»π‘Έ  
π‘Έππ‘»π°  
π‘Έπ²π‘»π‘Έ  
π‘Έππ‘»π°  
π‘Έπ²π‘»π‘Έ  
π‘Έππ‘»π°  
π‘Έπ²π‘»π‘Έ  
π‘Έππ‘»π°  
π‘Έπ²π‘»π‘Έ  
π‘Έππ‘»π°  
π‘Έπ²π‘»π‘Έ  
π‘Έππ‘»π°  
π‘Έπ²π‘»π‘Έ  
π‘Έππ‘»π°  
π‘Έπ²π‘»π‘Έ  
π‘Έππ‘»π°  
π‘Έπ²π‘»π‘Έ  
π‘Έππ‘»π°  
π‘Έπ²π‘»π‘Έ  
π‘Έππ‘»π°  
π‘Έπ²π‘»π‘Έ  
π‘Έππ‘»π°  
π‘Έπ²π‘»π‘Έ  
π‘Έππ‘»π°  
π‘Έπ²π‘»π‘Έ  
π‘Έππ‘»π°  
π‘Έπ²π‘»π‘Έ  
π‘Έππ‘»π°  
π‘Έπ²π‘»π‘Έ  
π‘Έππ‘»π°  
π‘Έπ²π‘»π‘Έ  
π‘Έππ‘»π°  
π‘Έπ²π‘»π‘Έ  
π‘Έππ‘»π°  
π‘Έπ²π‘»π‘Έ  
π‘Έππ‘»π°  
π‘Έπ²π‘»π‘Έ  
π‘Έππ‘»π°  
π‘Έπ²π‘»π‘Έ  
π‘Έππ‘»π°  
π‘Έπ²π‘»π‘Έ  
π‘Έππ‘»π°  
π‘Έπ²π‘»π‘Έ  
π‘Έππ‘»π°  
π‘Έπ²π‘»π‘Έ  
π‘Έππ‘»π°  
π‘Έπ²π‘»π‘Έ  
π‘Έππ‘»π°  
π‘Έπ²π‘»π‘Έ  
π‘Έππ‘»π°  
π‘Έπ²π‘»π‘Έ  
π‘Έππ‘»π°  
π‘Έπ²π‘»π‘Έ  
π‘Έππ‘»π°  
π‘Έπ²π‘»π‘Έ  
π‘Έππ‘»π°  
π‘Έπ²π‘»π‘Έ  
π‘Έππ‘»π°  
π‘Έπ²π‘»π‘Έ  
π‘Έππ‘»π°  
π‘Έπ²π‘»π‘Έ  
π‘Έππ‘»π°  
π‘Έπ²π‘»π‘Έ  
π‘Έππ‘»π°  
π‘Έπ²π‘»π‘Έ  
π‘Έππ‘»π°  
π‘Έπ²π‘»π‘Έ  
π‘Έππ‘»π°  
π‘Έπ²π‘»π‘Έ  
π‘Έππ‘»π°  
π‘Έπ²π‘»π‘Έ  
π‘Έππ‘»π°  
π‘Έπ²π‘»π‘Έ  
π‘Έππ‘»π°  
π‘Έπ²π‘»π‘Έ  
π‘Έππ‘»π°  
π‘Έπ²π‘»π‘Έ  
π‘Έππ‘»π°  
π‘Έπ²π‘»π‘Έ  
π‘Έππ‘»π°  
π‘Έπ²π‘»π‘Έ  
π‘Έππ‘»π°  
π‘Έπ²π‘»π‘Έ  
π‘Έππ‘»π°  
π‘Έπ²π‘»π‘Έ  
π‘Έππ‘»π°  
π‘Έπ²π‘»π‘Έ  
π‘Έππ‘»π°  
π‘Έπ²π‘»π‘Έ  
π‘Έππ‘»π°  
π‘Έπ²π‘»π‘Έ  
π‘Έππ‘»π°  
π‘Έπ²π‘»π‘Έ  
π‘Έππ‘»π°  
π‘Έπ²π‘»π‘Έ  
π‘Έππ‘»π°  
π‘Έπ²π‘»π‘Έ  
π‘Έππ‘»π°  
π‘Έπ²π‘»π‘Έ  
π‘Έππ‘»π°  
π‘Έπ²π‘»π‘Έ  
π‘Έππ‘»π°  
π‘Έπ²π‘»π‘Έ  
π‘Έππ‘»π°  
π‘Έπ²π‘»π‘Έ  
π‘Έππ‘»π°  
π‘Έπ²π‘»π‘Έ  
π‘Έππ‘»π°  
π‘Έπ²π‘»π‘Έ  
π‘Έππ‘»π°  
π‘Έπ²π‘»π‘Έ  
π‘Έππ‘»π°  
π‘Έπ²π‘»οΏ½

