<|channel>thought
<channel|>To determine the optimal play, we must analyze the interaction between the scaling damage of **Kindle** and the activated ability of **Orim, Samite Healer**.

### The Variables
*   **Alice’s Hand:** 2x Kindle.
*   **Kindle’s Effect:** Deals $X$ damage, where $X = 2 + (\text{number of Kindles in all graveyards})$.
*   **Bob’s Board:** Orim, Samite Healer (1/3).
*   **Orim’s Ability:** Tap: Prevent the next 3 damage that would be dealt to any target this turn.

---

### The Analysis of Plays

#### Scenario A: Alice casts one Kindle immediately
If Alice casts one Kindle targeting Orim:
1.  **The Calculation:** There are 0 Kindles in graveyards. $X = 2 + 0 = 2$.
2.  **The Interaction:** Orim has 3 toughness. 2 damage is not enough to kill Orim.
3.  **Bob’s Response:** Bob will tap Orim to activate its ability. This prevents the 2 damage from Orim.
4.  **Outcome:** Orim survives, and Alice has used one spell and has only one Kindle left.

#### Scenario B: Alice attempts to "stack" the damage (The Trap)
Alice might think: *"If I cast both Kindles, the first one will go to the graveyard, increasing the damage of the second one."*

1.  **Alice casts Kindle #1:** $X = 2 + 0 = 2$.
2.  **Bob’s Response:** Bob taps Orim. The 2 damage is prevented.
3.  **The Graveyard State:** Kindle #1 resolves and is put into Alice's graveyard. There is now **1** Kindle in a graveyard.
4.  **Alice casts Kindle #2:** $X = 2 + 1 = 3$.
5.  **The Interaction:** Orim’s ability says "Prevent the next 3 damage... **this turn**." Since Bob already used the ability to prevent the first Kindle, the ability is spent.
6.  **Outcome:** Kindle #2 deals 3 damage to Orim. Orim dies.

**Wait—is Scenario B actually optimal for Bob?**
In Scenario B, Alice succeeds in killing Orim, but she has spent both her cards to do it. However, we must look at the **timing** of the ability.

#### Scenario C: The Optimal Play (The "Counter-Intuitive" Defense)
In Magic, players act in response to spells. If Alice casts her first Kindle, Bob does not have to wait for it to resolve to use Orim's ability.

**The Optimal Sequence:**
1.  **Alice casts Kindle #1** targeting Orim.
2.  **Bob responds** by tapping Orim to activate its ability.
3.  **Kindle #1 resolves:** The 2 damage is prevented by Orim's ability.
4.  **Kindle #1 is put into the graveyard.** (Graveyard count = 1).
5.  **Alice casts Kindle #2** targeting Orim.
6.  **The Calculation:** $X = 2 + 1 = 3$.
7.  **Kindle #2 resolves:** It deals 3 damage to Orim. Orim dies.

**Wait—there is a flaw in Alice's plan if Bob plays optimally.**
If Alice casts Kindle #1, and Bob taps Orim, Orim survives. Alice then casts Kindle #2. Kindle #2 deals 3 damage. Orim dies. 

**However, Alice's goal is to kill Orim. Bob's goal is to prevent Orim from dying.**
If Alice casts Kindle #1, Bob **must** tap Orim. If he doesn't, Orim takes 2 damage (leaving him at 1 toughness), and Alice can then cast Kindle #2 to deal 3 damage, killing him.

**The "Optimal" outcome for Bob is actually to let the first one hit if he can prevent the second.** But he can't. Because the first Kindle *must* go to the graveyard to make the second one strong enough to kill Orim, Bob is in a "lose-lose" situation regarding Orim's life, but he can control the efficiency.

### The Mathematical Reality
Alice has a "win condition" (killing Orim) if she can get the graveyard count to 1.
*   **Kindle 1:** 2 damage.
*   **Kindle 2:** 3 damage.

Because Orim's ability prevents "the next 3 damage," Bob's only way to save Orim is to ensure that **no single instance of damage equals or exceeds 3** after the ability is used. 

But Alice's second Kindle **will** deal 3 damage. 

### The Final Verdict

**Optimal Play for Alice:**
Alice must cast the Kindles one at a time. She casts Kindle #1. She does not cast them simultaneously (which isn't possible with standard casting). She waits for the first to resolve so it enters the graveyard, increasing the power of the second.

**Optimal Play for Bob:**
Bob's optimal play is to **tap Orim in response to the first Kindle.** 
*   If Bob *doesn't* tap Orim, Orim takes 2 damage. Alice then casts the second Kindle. The second Kindle deals 3 damage. Orim dies.
*   If Bob *does* tap Orim, the 2 damage is prevented. The first Kindle goes to the graveyard. Alice casts the second Kindle. The second Kindle deals 3 damage. Orim dies.

**The Outcome:**
**Orim dies.** 

**Why?** Because Orim's ability can only be used **once per turn**. Alice's deck is designed to scale. Even if Bob uses his "shield" to block the small hit (2 damage), he has exhausted his only defense against the larger hit (3 damage) that is mathematically guaranteed to follow once the first Kindle hits the graveyard. 

**Alice wins the exchange; Bob's Orim is destroyed.** [end of text]


