user
Name a place in World of Warcraft lore for every character of the alphabet. Original vanilla WoW only, no expansions. Starting with "A for Azeroth".

assistant
Sure, here's a list of places in World of Warcraft lore for every character of the alphabet, starting with "A for Azeroth":

A for Azeroth
B for Blackrock Mountain
C for Caverns of Time
D for Dark Portal
E for Eastern Kingdoms
F for Felwood
G for Ghostlands
H for Hellfire Peninsula
I for Icecrown
J for Jorvul's Vengeance
K for Karazhan
L for Loch Modan
M for Mount Hyjal
N for Nagrand
O for Outland
P for Pandaria
Q for Quel'Thalas
R for Razorfen Downs
S for Shadowfang Keep
T for Tirisfal Glades
U for Undercity
V for Vashj'ir
W for Winterspring
X for Xaril's Rest
Y for Yogg-Saron's Lair
Z for Zangarmarsh [end of text]


