Okay, this is a fantastic and incredibly detailed challenge! Let’s create a WoW character list, one place for each character, starting with “A for Azeroth”. This will be a bit lengthy, so buckle up!

**A - Azador** - The Azure Peaks, a remote, perpetually snow-capped mountain range in the north of Azeroth, rumored to be the resting place of ancient dragons and the source of powerful, volatile magic. It’s a place of stark beauty and unsettling silence.

**B - Bloodfang** - The Bloodfang Mire, a vast, festering swamp in the south of Azeroth, perpetually shrouded in a sickly, crimson fog. It’s a place of brutal survival, teeming with mutated creatures and the lingering echoes of forgotten battles.

**C - Crimson** - The Crimson Desert, a scorching, unforgiving expanse of sand and rock in the west of Azeroth. It’s a land of brutal heat, shifting dunes, and the remnants of a long-lost civilization swallowed by the sands.

**D - Darkwood** - The Darkwood Forest, a sprawling, ancient forest in the east of Azeroth, perpetually twilight and choked with thorny vines and shadowed paths. It’s a place of hidden dangers, forgotten rituals, and the lingering presence of dark magic.

**E - Eldoria** - Eldoria, a lost city nestled within the Spine of the World, a massive, jagged mountain range in the north. It’s said to be a repository of powerful artifacts and a gateway to other planes.

**F - Faelan** - The Faelan Peaks, a series of towering, snow-covered mountains in the south, known for their treacherous icefalls and the elusive Faelan people, who guard ancient secrets.

**G - Glimmering** - The Glimmering Caves, a network of subterranean caverns beneath the Silverwood Forest, filled with phosphorescent fungi and strange, shimmering minerals. It’s a place of both beauty and peril, rumored to be a nexus of elemental energy.

**H - Hrothgar** - Hrothgar’s Hold, a fortified stronghold built into the cliffs of the Stormwind Coast, a bastion of dwarven resilience against the relentless sea. It’s a place of sturdy stone, deep mines, and the constant threat of storms.

**I - Ironwood** - The Ironwood Forest, a dense, ancient forest in the central region of Azeroth, known for its incredibly strong, iron-like trees and the fierce Ironwood Clan, who fiercely protect their territory.

**J - Jade** - The Jade Jungle, a vibrant, humid jungle in the south, teeming with exotic flora and fauna and the enigmatic Jade Tribe, who possess a deep connection to the jungle’s spirits.

**K - Kael’s Reach** - Kael’s Reach, a desolate, windswept plateau in the north, scarred by ancient battles and haunted by the echoes of fallen warriors. It’s a place of stark beauty and a constant reminder of past conflicts.

**L - Labyrinth** - The Labyrinth of Shadows, a sprawling, ever-shifting maze beneath the ruins of Old Bastion, a place of illusion and deception, where the veil between worlds is thin.

**M - Moonshadow** - The Moonshadow Plains, a vast, windswept grassland in the west, perpetually bathed in the silvery glow of the twin moons. It’s a place of nomadic tribes and ancient, forgotten rituals.

**N - Northwind** - The Northwind Peaks, a range of jagged, snow-capped mountains in the north, perpetually battered by fierce winds and home to the hardy Northwind Clan.

**O - Obsidian** - The Obsidian Coast, a dark, volcanic coastline along the eastern sea, known for its black sand beaches and the ominous Obsidian Guardians, who protect the region’s secrets.

**P - Pylon** - The Pylon of the Fallen, a colossal, ruined structure in the central plains, a testament to a forgotten civilization and a place of immense power.

**Q - Quoria** - The Quoria Desert, a vast, arid desert in the south, known for its shifting sands and the nomadic Quoria tribes, who are masters of survival.

**R - Riven** - The Riven Scar, a massive, jagged canyon in the central region, carved by ancient rivers and riddled with dangerous rockfalls. It’s a place of brutal beauty and hidden dangers.

**S - Silverwood** - The Silverwood Forest, a vast, ancient forest in the east of Azeroth, known for its incredibly silver-colored trees and the elusive Silverwood Clan, who are skilled archers and trackers.

**T - Twilight** - The Twilight Peaks, a range of jagged, snow-covered mountains in the north, perpetually shrouded in a dusky, violet light. It’s a place of chilling beauty and the lingering presence of ancient spirits.

**U - Umbra** - The Umbra Swamps, a vast, murky swamp in the south, perpetually shrouded in darkness and home to strange, amphibious creatures. It’s a place of hidden dangers and unsettling secrets.

**V - Veridian** - The Veridian Valley, a lush, fertile valley in the central region, known for its vibrant green vegetation and the peaceful Veridian people, who are skilled farmers and artisans.

**W - Winter’s Reach** - The Winter’s Reach, a frozen wasteland in the north, perpetually covered in snow and ice, home to the hardy Winter Clan, who are skilled hunters and warriors.

**X - Xylos** - The Xylos Peaks, a range of towering, snow-capped mountains in the west, known for their unique crystalline formations and the enigmatic Xylos people, who are masters of illusion and magic.

**Y - Yarrow** - The Yarrow Plains, a vast, rolling grassland in the south, known for its vibrant wildflowers and the nomadic Yarrow tribes, who are skilled horsemen and traders.

**Z - Zenith** - The Zenith Plateau, a high-altitude plateau in the central region, known for its stunning views and the ancient Zenith Temple, a place of immense power and forgotten rituals.

---

**Important Notes:**

*   **Lore Depth:** I’ve tried to incorporate a bit of lore detail into each place, reflecting the history and significance of the region.
*   **Variations:**  Some locations could have multiple interpretations depending on the specific campaign or storyline.
*   **Personal Preference:** This is a starting point. Feel free to adjust the placement and details to fit your own vision of the world!

To help me refine this further, could you tell me:

*   Are there any specific themes or regions you'd like me to emphasize?
*   Are there any particular character archetypes you'd like to see represented in the list? [end of text]


