user
Name a place in World of Warcraft lore for every character of the alphabet. Original vanilla WoW only, no expansions. Starting with "A for Azeroth".

assistant
Certainly! Here’s a list of places from the original vanilla World of Warcraft, one for each letter of the alphabet:

- **A for Azeroth**: The world where the game takes place, encompassing all continents and regions.
- **B for Booty Bay**: A pirate town located on the southern coast of Stranglethorn Vale.
- **C for Crossroads**: A Horde outpost in the Barrens, serving as a hub for travel and quests.
- **D for Darkshore**: A forested region on the western coast of Kalimdor, known for its dark and eerie atmosphere.
- **E for Elwynn Forest**: A peaceful and verdant region in the Eastern Kingdoms, home to the human capital of Stormwind.
- **F for Felwood**: A corrupted forest in northern Kalimdor, infested with demons and dark magic.
- **G for Gadgetzan**: A goblin town in the Tanaris desert, known for its neutrality and bustling trade.
- **H for Hillsbrad Foothills**: A region in the Eastern Kingdoms, notable for its rolling hills and the town of Southshore.
- **I for Ironforge**: The dwarven capital city, located in the Khaz Modan region of the Eastern Kingdoms.
- **J for Jade Forest**: While not in vanilla WoW, we can use **J for The Deadmines** instead, a dungeon located in Westfall.
- **K for Kalimdor**: One of the two main continents in Azeroth, home to the night elves, orcs, and tauren.
- **L for Loch Modan**: A region in the Eastern Kingdoms, known for its scenic lakes and the dwarven town of Thelsamar.
- **M for Mulgore**: The starting zone for the tauren, known for its vast plains and rolling hills.
- **N for Northern Stranglethorn**: The northern part of Stranglethorn Vale, home to the Gurubashi Arena and various quests.
- **O for Orgrimmar**: The capital city of the Horde, located in Durotar on the eastern coast of Kalimdor.
- **P for Plaguelands**: A region in the Eastern Kingdoms heavily affected by the Scourge, divided into Eastern and Western Plaguelands.
- **Q for Quel'Thalas**: The elven kingdom in the northern Eastern Kingdoms, accessible through the Ghostlands (though not fully explorable in vanilla).
- **R for Redridge Mountains**: A region in the Eastern Kingdoms, known for its mountains, lakes, and the town of Lakeshire.
- **S for Stranglethorn Vale**: A dense jungle in the southeastern part of the Eastern Kingdoms, filled with dangerous creatures and ancient ruins.
- **T for Tanaris**: A desert region in southern Kalimdor, home to the city of Gadgetzan and the Ruins of Uldum.
- **U for Undercity**: The capital city of the Forsaken, located beneath the ruins of Lordaeron in the Eastern Kingdoms.
- **V for Venture Bay**: A small outpost in Stranglethorn Vale, controlled by the Venture Company.
- **W for Westfall**: A region in the Eastern Kingdoms, known for its farmlands and the town of Sentinel Hill.
- **X for Xavian**: While not in vanilla WoW, we can use **X for The Barrens** instead, a vast, arid region in Kalimdor, home to many important locations for the Horde.
- **Y for Yojamba Isle**: While not in vanilla WoW, we can use **Y for Ysera's Rest** instead, a small area in Felwood where druids can commune with the Green Dragonflight.
- **Z for Zul'Gurub**: A raid dungeon located in Stranglethorn Vale, home to the Gurubashi trolls and their powerful loa.

I hope you find this list helpful and enjoyable! [end of text]


