The user wants a list of places in World of Warcraft lore, specifically from original vanilla WoW only (no expansions), for every letter of the alphabet from A to Z.

 Constraints:
 1. Must be places/locations in WoW lore
 2. Original vanilla WoW only (pre-Burning Crusade, so nothing from Outland, etc.)
 3. A to Z, one for each letter
 4. Starting with "A for Azeroth" (as specified)
 5. Must fit the format "X for [Place]"

 Vanilla WoW zones and locations include:
 - Eastern Kingdoms: Elwynn Forest, Westfall, Redridge Mountains, Duskwood, Stranglethorn Vale, Deadwind Pass, Swamp of Sorrows, Blasted Lands, Burning Steppes, Searing Gorge, Badlands, Loch Modan, Dun Morogh, Wetlands, Arathi Highlands, Hillsbrad Foothills, Silverpine Forest, Tirisfal Glades, Western Plaguelands, Eastern Plaguelands, Hinterlands
 - Kalimdor: Durotar, Barrens (Northern/Southern), Stonetalon Mountains, Ashenvale, Thousand Needles, Dustwallow Marsh, Desolace, Feralas, Tanaris, Un'Goro Crater, Silithus, Winterspring, Felwood, Azshara, Darkshore, Mulgore, Teldrassil
 - Instances: Deadmines, Wailing Caverns, Ragefire Chasm, Shadowfang Keep, Blackfathom Deeps, Gnomeregan, Scarlet Monastery, Razorfen Kraul, Razorfen Downs, Uldaman, Zul'Farrak, Maraudon, Temple of Atal'Hakkar (Sunken Temple), Blackrock Depths, Blackrock Spire, Scholomance, Stratholme, Dire Maul
 - Other: Moonglade, Ahn'Qiraj (though the raid was technically vanilla, the zone Silithus existed)
 - Cities: Stormwind, Ironforge, Orgrimmar, Thunder Bluff, Undercity, Darnassus
 - Specific locations within zones: Crossroads, Booty Bay, Ratchet, etc.

 Let's map the alphabet:

 A - Azeroth (given)
 B - Barrens (or Booty Bay, Blackrock Mountain, Burning Steppes)
 C - Crossroads (or Duskwood? No, D is D...), maybe "C for Crossroads" or "C for Durotar"? No, C. "C for Coldridge Valley"? "C for Caverns of Time"? No, that's vanilla but maybe not... actually Caverns of Time existed in vanilla but wasn't accessible. Better: "C for Crossroads" or "C for Crater" (Un'Goro). Let's go with Crossroads or perhaps "C for Durotar" - no. "C for Camp Taurajo"? Maybe just "The Barrens" but that's B. "C for... Darkshore"? No. "C for Elwynn"? No.
 Actually: C for Crossroads (Northern Barrens), or C for Coldridge Valley (Dwarf starting zone), or C for Crater (Un'Goro), or C for Cenarion Hold? No that's Silithus patch. C for Caer Darrow? That's Scholomance area.
 Let's go with: C for Crossroads.

 D - Duskwood, Durotar, Dun Morogh, Deadmines, Desolace. "D for Duskwood" or "D for Durotar". Duskwood is iconic.

 E - Eastern Plaguelands, Elwynn Forest, Everlook. "E for Elwynn Forest".

 F - Feralas, Felwood. "F for Feralas".

 G - Gnomeregan (instance/zone). "G for Gnomeregan".

 H - Hillsbrad Foothills, Hinterlands, Hearthglen. "H for Hillsbrad" or "H for Hinterlands".

 I - Ironforge, Illidari? No vanilla. "I for Ironforge". Or "I for Islands" (Echo Isles?). "I for Ironforge" is good.

 J - Jungle? Stranglethorn Vale is often called STV or "The Jungle". "J for Jungle (Stranglethorn)". Or "J for Jangolode Mine"? Weak. "J for Janus"? No. "J for Jintha'Alor"? That's Hinterlands. "J for Jang'thraze"? No. Maybe "J for Stonetalon"? No. This is hard.
 Wait, "J for Jail of Stormwind"? No. "J for Jangolode Mine" in Westfall? Not iconic.
 Maybe "J for The Barrens"? No.
 Actually, is there a J? "J for... Durotar"? No.
 "J for Jademir Lake"? In Feralas. Obscure.
 "J for Jaedenar"? In Felwood. That's good! Jaedenar is a warlock/demon area in Felwood.

 K - Kalimdor (continent), Kharanos, Kargath (Badlands). "K for Kharanos" or "K for Kargath". Or "K for Kalimdor".

 L - Loch Modan, Lordaeron (ruins/capital), Lakeshire. "L for Loch Modan" or "L for Lordaeron".

 M - Mulgore, Moonglade, Maraudon, Menethil Harbor. "M for Mulgore" or "M for Moonglade".

 N - Naxxramas? That was vanilla (patch 1.11). "N for Naxxramas". Or "N for Nagrand"? No, that's BC. "N for Nesingwary"? That's a person. "N for Nijel's Point"? In Desolace. "N for Naxxramas" works, it was the final raid of vanilla.

 O - Orgrimmar, Onyxia's Lair. "O for Orgrimmar".

 P - Plaguelands (Eastern/Western), Purgatory? No. "P for Plaguelands". Or "P for Pyrewood Village"? Silverpine. "P for Pool of Tears"? Swamp of Sorrows. "P for Plaguelands" is fine.

 Q - Quel'Thalas? No, that's BC (though the zone existed as unfinished terrain). Not really vanilla content. "Q for Quilboar"? Not a place. "Q for... The Barrens"? No.
 "Q for Quel'Lithien Lodge"? In Eastern Plaguelands. That's a high elf lodge. That works!

 R - Redridge Mountains, Ragefire Chasm, Razorfen Downs, Razorfen Kraul, Ratchet. "R for Redridge" or "R for Ratchet".

 S - Stormwind, Stranglethorn Vale, Searing Gorge, Silithus, Scholomance, Stratholme, Silverpine Forest, Stonetalon Mountains, Swamp of Sorrows. "S for Stormwind" or "S for Stranglethorn". Let's go with "S for Stormwind" or "S for Stranglethorn Vale". Stranglethorn is more unique.

 T - Tanaris, Teldrassil, Thousand Needles, Thunder Bluff, Tirisfal Glades. "T for Tanaris" or "T for Teldrassil" or "T for Thousand Needles". Thousand Needles is iconic vanilla.

 U - Un'Goro Crater, Undercity, Uldaman. "U for Un'Goro Crater" or "U for Undercity". Un'Goro is very vanilla.

 V - Valley of Trials? Durotar. "V for Valley of Trials". Or "V for Venture Bay"? No, that's Grizzly Hills/Wrath. "V for Valley of Heroes"? Stormwind. "V for Vul'Gol Ogre Mound"? Duskwood. Weak.
 "V for Wetlands"? No.
 "V for... Durotar"? No.
 "V for... The Barrens"? No.
 "V for... Alterac Valley"? That's a battleground, but it's vanilla. "V for Alterac Valley"? No, A.
 "V for... Gnomeregan"? No.
 Actually, "V for Valley of Trials" is fine. Or "V for Vault of Ironforge"? No. "V for Vile Reef"? Stranglethorn. "V for Vul'Gol Ogre Mound".
 Maybe "V for... Booty Bay"? No.
 Wait, "V for... Duskwood"? No.
 "V for... Elwynn"? No.
 "V for... Feralas"? No.
 "V for... Grom'Gol"? Stranglethorn.
 "V for... Hinterlands"? No.
 "V for... Illidari"? No.
 "V for... Jaedenar"? No.
 "V for... Kargath"? No.
 "V for... Loch Modan"? No.
 "V for... Mulgore"? No.
 "V for... Nagrand"? No.
 "V for... Orgrimmar"? No.
 "V for... Plaguelands"? No.
 "V for... Quel'Thalas"? No.
 "V for... Redridge"? No.
 "V for... Stonetalon"? No.
 "V for... Tanaris"? No.
 "V for... Undercity"? No.
 "V for... Wetlands"? No.
 "V for... X"? No.
 "V for... Y"? No.
 "V for... Z"? No.
 "V for... Silithus"? No.
 "V for... Winterspring"? No.
 "V for... Deadwind Pass"? No.
 "V for... Blasted Lands"? No.
 "V for... Swamp of Sorrows"? No.
 "V for... Searing Gorge"? No.
 "V for... Burning Steppes"? No.
 "V for... Badlands"? No.
 "V for... Arathi"? No.
 "V for... Hillsbrad"? No.
 "V for... Silverpine"? No.
 "V for... Tirisfal"? No.
 "V for... Western Plaguelands"? No.
 "V for... Eastern Plaguelands"? No.
 "V for... Stratholme"? No.
 "V for... Scholomance"? No.
 "V for... Blackrock Mountain"? No.
 "V for... Blackrock Depths"? No.
 "V for... Blackrock Spire"? No.
 "V for... Ragefire Chasm"? No.
 "V for... Wailing Caverns"? No.
 "V for... Razorfen Kraul"? No.
 "V for... Razorfen Downs"? No.
 "V for... Zul'Farrak"? No.
 "V for... Maraudon"? No.
 "V for... Dire Maul"? No.
 "V for... Temple of Atal'Hakkar"? No.
 "V for... Onyxia's Lair"? No.
 "V for... Molten Core"? No.
 "V for... Blackwing Lair"? No.
 "V for... Ruins of Ahn'Qiraj"? No.
 "V for... Temple of Ahn'Qiraj"? No.
 "V for... Naxxramas"? No.
 "V for... Scarlet Monastery"? No.
 "V for... Shadowfang Keep"? No.
 "V for... Deadmines"? No.
 "V for... Stockades"? No.
 "V for... Gnomeregan"? No.
 "V for... Uldaman"? No.
 "V for... Sunken Temple"? No.
 "V for... Zul'Gurub"? No, that's patch 1.7.
 "V for... Azuremyst Isle"? No, that's BC.
 "V for... Bloodmyst Isle"? No.
 "V for... Eversong Woods"? No.
 "V for... Ghostlands"? No.
 "V for... Hellfire Peninsula"? No.
 "V for... Zangarmarsh"? No.
 "V for... Nagrand"? No.
 "V for... Blade's Edge"? No.
 "V for... Netherstorm"? No.
 "V for... Shadowmoon Valley"? No.
 "V for... Terokkar Forest"? No.
 "V for... Isle of Quel'Danas"? No.
 "V for... Borean Tundra"? No.
 "V for... Howling Fjord"? No.
 "V for... Dragonblight"? No.
 "V for... Grizzly Hills"? No.
 "V for... Zul'Drak"? No.
 "V for... Sholazar Basin"? No.
 "V for... Crystalsong Forest"? No.
 "V for... Storm Peaks"? No.
 "V for... Icecrown"? No.
 "V for... Wintergrasp"? No.
 "V for... Strand of the Ancients"? No.
 "V for... Isle of Conquest"? No.
 "V for... Tol Barad"? No.
 "V for... Vashj'ir"? No.
 "V for... Mount Hyjal"? No.
 "V for... Deepholm"? No.
 "V for... Uldum"? No.
 "V for... Twilight Highlands"? No.
 "V for... Molten Front"? No.
 "V for... Dread Wastes"? No.
 "V for... Krasarang Wilds"? No.
 "V for... Kun-Lai Summit"? No.
 "V for... Jade Forest"? No.
 "V for... Townlong Steppes"? No.
 "V for... Vale of Eternal Blossoms"? No.
 "V for... Isle of Thunder"? No.
 "V for... Timeless Isle"? No.
 "V for... Tanaan Jungle"? No.
 "V for... Ashran"? No.
 "V for... Spires of Arak"? No.
 "V for... Nagrand"? No.
 "V for... Gorgrond"? No.
 "V for... Talador"? No.
 "V for... Shadowmoon Valley"? No.
 "V for... Frostfire Ridge"? No.
 "V for... Suramar"? No.
 "V for... Stormheim"? No.
 "V for... Highmountain"? No.
 "V for... Val'sharah"? No.
 "V for... Azsuna"? No.
 "V for... Broken Shore"? No.
 "V for... Argus"? No.
 "V for... Kul Tiras"? No.
 "V for... Zandalar"? No.
 "V for... Nazjatar"? No.
 "V for... Mechagon"? No.
 "V for... Revendreth"? No.
 "V for... Maldraxxus"? No.
 "V for... Ardenweald"? No.
 "V for... Bastion"? No.
 "V for... The Maw"? No.
 "V for... Zereth Mortis"? No.
 "V for... Dragon Isles"? No.
 "V for... Forbidden Reach"? No.
 "V for... Ohn'ahran Plains"? No.
 "V for... Azure Span"? No.
 "V for... Thaldraszus"? No.
 "V for... Zaralek Cavern"? No.
 "V for... Emerald Dream"? No.
 "V for... Isle of Dorn"? No.
 "V for... The Ringing Deeps"? No.
 "V for... Hallowfall"? No.
 "V for... Azj-Kahet"? No.
 "V for... City of Threads"? No.

 Back to Vanilla. Is there a V?
 "V for... Valley of Trials" (Durotar)
 "V for... Valley of Spirits" (Orgrimmar)
 "V for... Valley of Wisdom" (Orgrimmar)
 "V for... Valley of Honor" (Orgrimmar)
 "V for... Valley of Strength" (Orgrimmar)
 "V for... Valley of the Watchers" (Tanaris - Uldum entrance)
 "V for... Valley of Bones" (Desolace)
 "V for... Valley of Fangs" (Wetlands? No, Badlands)
 "V for... Valley of Heroes" (Stormwind)
 "V for... Valley of Kings" (Loch Modan)
 "V for... Valley of the Cleft" (Stonetalon)
 "V for... Valley of the Lush" (Stonetalon)
 "V for... Valley of the Bloodfuries" (Stonetalon)
 "V for... Valley of the Watchers" (Tanaris)
 "V for... Valley of the Seven" (Dun Morogh - no, that's Grizzly Hills)
 "V for... Valley of the Frozen Tombs"? No.
 "V for... Vile Reef" (Stranglethorn)
 "V for... Vul'Gol Ogre Mound" (Duskwood)
 "V for... Venture Co. Mine" (Mulgore)
 "V for... Venture Bay" (Grizzly Hills - no)
 "V for... Vordrassil"? No, that's Grizzly Hills.
 "V for... Virmen"? No.
 "V for... Vashj'ir"? No.
 "V for... Vortex Pinnacle"? No.
 "V for... Violet Hold"? No.
 "V for... Violet Citadel"? No.
 "V for... Vault of Archavon"? No.
 "V for... Vault of the Ravenian"? Scholomance.
 "V for... Vault of the Shadowflame"? No.
 "V for... Vault of the Wardens"? No.
 "V for... Vault of Lights"? No.
 "V for... Vault of Y'Shaarj"? No.
 "V for... Vault of the Titan"? No.
 "V for... Vault of the Earth"? No.
 "V for... Vault of the Dreamers"? No.
 "V for... Vault of the Wayward"? No.
 "V for... Vault of the Betrayer"? No.
 "V for... Vault of the Dead"? No.
 "V for... Vault of the Ravenian" - yes, that's in Scholomance.
 "V for... Vilebranch"? Hinterlands (Vilebranch tribe).
 "V for... Vilebranch Hold"? No.
 "V for... Vilebranch Village"? No.
 "V for... Vilebranch Huts"?
 "V for... Vilebranch Valley"?
 "V for... Vilebranch Caverns"?
 "V for... Vilebranch Shrine"?
 "V for... Vilebranch Altar"?
 "V for... Vilebranch Sacrifice"?
 "V for... Vilebranch Warcamp"?
 "V for... Vilebranch Trolls"?
 "V for... Vilebranch Hollow"?
 "V for... Vilebranch Rise"?
 "V for... Vilebranch Peak"?
 "V for... Vilebranch Pass"?
 "V for... Vilebranch Trail"?
 "V for... Vilebranch Way"?
 "V for... Vilebranch Road"?
 "V for... Vilebranch Path"?
 "V for... Vilebranch Walk"?
 "V for... Vilebranch Lane"?
 "V for... Vilebranch Street"?
 "V for... Vilebranch Avenue"?
 "V for... Vilebranch Boulevard"?
 "V for... Vilebranch Circle"?
 "V for... Vilebranch Square"?
 "V for... Vilebranch Plaza"?
 "V for... Vilebranch Court"?
 "V for... Vilebranch Yard"?
 "V for... Vilebranch Garden"?
 "V for... Vilebranch Park"?
 "V for... Vilebranch Field"?
 "V for... Vilebranch Meadow"?
 "V for... Vilebranch Pasture"?
 "V for... Vilebranch Farm"?
 "V for... Vilebranch Ranch"?
 "V for... Vilebranch Estate"?
 "V for... Vilebranch Manor"?
 "V for... Vilebranch Hall"?
 "V for... Vilebranch House"?
 "V for... Vilebranch Cottage"?
 "V for... Vilebranch Cabin"?
 "V for... Vilebranch Shack"?
 "V for... Vilebranch Hut"?
 "V for... Vilebranch Tent"?
 "V for... Vilebranch Camp"?
 "V for... Vilebranch Base"?
 "V for... Vilebranch Outpost"?
 "V for... Vilebranch Fort"?
 "V for... Vilebranch Fortress

