user
Name a place in World of Warcraft lore for every character of the alphabet. Original vanilla WoW only, no expansions. Starting with "A for Azeroth".

model
Okay, this is a fun challenge! Sticking strictly to original Vanilla WoW (1.12.1) lore and locations, here's a place for each letter of the alphabet. It's tricky, as Vanilla lore wasn't *as* expansive as later expansions, so some are a bit of a stretch, but I've tried to be as accurate as possible. I'll include a brief explanation for each.  **Please read the notes at the very end about the limitations of this task!**

**A - Azeroth:** The planet itself! The entire world is the foundation of the game and lore.

**B - Blackrock Depths:** A sprawling dwarven mine complex beneath Blackrock Mountain, infested with demons and various monsters.

**C - Caverns of Time:** A nexus point where time itself is warped, allowing access to different eras of Azeroth's history.

**D - Deadmines:** A notorious thieves' guild hideout, once the home of the Scarlet Crusade, now overrun with kobolds and other creatures.

**E - Elwynn Forest:** The starting zone for Alliance characters, a peaceful (mostly) woodland area.

**F - Feralas:** A lush jungle zone, home to the night elves and various wild creatures.

**G - Gnomeregan:** A once-proud gnomish city, now contaminated by troggs and lepers after a disastrous experiment with leper gnome plague.

**H - Hillsbrad Foothills:** A contested zone between the Alliance and Horde, known for its strategic importance and the ruins of Aerie Peak.

**I - Ironforge:** The majestic dwarven capital city, carved deep within the mountains.

**J - Jungle of Ja'kal:** A small, hidden area within Feralas, accessible through a specific questline, featuring ancient ruins.

**K - Karazhan:** The Tower of the Kings, a mysterious and magically-charged structure once inhabited by the Medivh.

**L - Loch Modan:** A zone featuring a large lake and surrounding forests, home to the dwarves and various aquatic creatures.

**M - Maraudon:** A former Alliance fortress now occupied by quilboar and ogres, a constant source of conflict.

**N - Northern Barrens:** A harsh, arid region of the Barrens, populated by centaurs and other dangerous creatures.

**O - Oasis (Tanaris):** A small, vital source of water in the otherwise arid Tanaris desert.

**P - Plaguelands:** A desolate and corrupted zone, ravaged by the Scourge and the remnants of Lordaeron.

**Q - Quarry (Stranglethorn Vale):** A location within Stranglethorn Vale where goblins mine for resources.

**R - Razorfen Downs:** A haunted forest inhabited by furbolgs and other creatures, steeped in ancient lore.

**S - Stonetalon Mountains:** A rugged mountain range inhabited by tauren and various wild beasts.

**T - The Hinterlands:** A vast and varied zone, featuring forests, plains, and ruins, with a strong sense of mystery.

**U - Un'Goro Crater:** A prehistoric jungle crater, teeming with dinosaurs and other ancient creatures.

**V - Valley of Trials (Felwood):** A corrupted area within Felwood, where druids undergo trials to prove their worth.

**W - Westfall:** A farming region plagued by Defias Brotherhood bandits.

**X - Xantessa's Landing (Stranglethorn Vale):** A small port town in Stranglethorn Vale, primarily used by pirates and smugglers. (It's a bit of a stretch for "X," but it's the closest I can get!)

**Y - Yoru's Soul (Maraudon):** A specific boss encounter within Maraudon, named after a powerful shaman.

**Z - Zangarra (Un'Goro Crater):** A massive, ancient dinosaur skeleton found within Un'Goro Crater.



---

**Important Notes & Limitations:**

*   **Vanilla Scope:** I've *really* tried to stick to Vanilla (1.12.1) lore. Later expansions significantly expanded the world and its stories.
*   **Specificity:** Some letters were *extremely* difficult. "X" is a prime example. I had to get creative and use a location within a larger zone.
*   **"Places" Definition:** I've interpreted "place" broadly to include zones, specific locations within zones, and even named areas within dungeons.
*   **Lore Depth:** Vanilla lore was less detailed than later expansions. Some locations have minimal backstory, making it harder to justify their inclusion.
*   **Subjectivity:** Some choices are open to interpretation. What constitutes a "place" can be debated.



I hope you enjoyed this alphabetical tour of Vanilla WoW! It was a fun challenge to try and fit every letter into the original game's world. [end of text]


