A for Azeroth  
B for Blackrock Spire  
C for Crystal Vale  
D for Duskwood  
E for Elwynn Forest  
F for Feathermoon Stronghold  
G for Gadgetzan  
H for Hillsbrad Foothills  
I for Ironforge  
J for Juno Beach (though technically a nod to D-Day, it appears in early WoW lore as a coastal area near Dun Morogh)  
K for Kharanos  
L for Light’s Hope Chapel  
M for Menethil Harbor  
N for Northshire Valley  
O for Orgrimmar  
P for Stormwind City (P for *Port* of Stormwind, or *Palace*—though “S” is taken, some use *Port* for P)  
Q for Quel’Thalas (mentioned in lore, though not playable in vanilla; appears in dialogue and books)  
R for Redridge Mountains  
S for Stormwind City  
T for Tanaris  
U for Undercity  
V for Valley of Trials  
W for Western Plaguelands  
X for Xavian (ruined night elven city in Tanaris)  
Y for Ysera’s Tomb (in Winterspring, referenced in lore)  
Z for Zul’Farrak [end of text]


