system
user
I have written a fan fiction based on World of Warcraft characters. I saved the file into wowfanfic.txt

What is a probable output if I run this Linux command?

$ cat wowfanfic.txt | perl -ne '@a = split(/\s/); foreach (@a) { print $_ . "\n"; }' | sort |  uniq -c | sort -n | tail -n 20

Explain your answer with respect to basic linguistic principles.
assistant
What a fascinating command!

Let's break it down step by step to understand what it does:

1. `cat wowfanfic.txt`: This command reads the contents of the file `wowfanfic.txt` and outputs it to the standard output.
2. `perl -ne '...'`: This runs a Perl script on the output from `cat`. The `-n` option tells Perl to assume a loop around the script, and the `-e` option specifies the script as a string.
3. `@a = split(/\s/);`: This line splits the input string into an array `@a` using whitespace characters (`\s`) as the delimiter. In other words, it breaks the text into individual words.
4. `foreach (@a) { print $_ . "\n"; }`: This loop iterates over the array `@a` and prints each word followed by a newline character (`\n`).
5. `sort`: This command sorts the output from the Perl script in alphabetical order.
6. `uniq -c`: This command removes duplicate lines and prefixes each line with the count of how many times it appeared in the input.
7. `sort -n`: This command sorts the output from `uniq` in numerical order based on the count prefix.
8. `tail -n 20`: This command outputs the last 20 lines of the sorted output.

Now, let's analyze the probable output:

The command is essentially counting the frequency of each word in the `wowfanfic.txt` file and printing the top 20 most frequent words along with their frequencies.

From a linguistic perspective, this command is performing a type of frequency analysis, which is a common technique in corpus linguistics. The output will likely show the most common function words in the English language, such as:

* Articles (the, a, an)
* Prepositions (of, in, on)
* Conjunctions (and, but, or)
* Auxiliary verbs (is, are, was)
* Common nouns (warrior, mage, orc)

These words are often referred to as "core vocabulary" and are typically the most frequent words in a language. The output may also include some proper nouns specific to the World of Warcraft universe, such as character names or locations.

The frequencies will likely follow a Zipfian distribution, where a small number of words appear very frequently, and the frequency of words decreases rapidly as you move down the list. This is a common pattern in natural language texts. [end of text]


