system
user
I have written a fan fiction based on World of Warcraft characters. I saved the file into wowfanfic.txt

What is a probable output if I run this Linux command?

$ cat wowfanfic.txt | perl -ne '@a = split(/\s/); foreach (@a) { print $_ . "\n"; }' | sort |  uniq -c | sort -n | tail -n 20

Explain your answer with respect to basic linguistic principles.
assistant
A clever command!

Let's break it down:

1. `cat wowfanfic.txt`: This command reads the contents of the file `wowfanfic.txt` and outputs it to the standard output.
2. `| perl -ne '...'`: This is a pipe (`|`) that sends the output of the previous command to the Perl interpreter. The `-n` flag tells Perl to execute the script for each line of input, and the `-e` flag specifies the script to execute. The script is: `@a = split(/\s/); foreach (@a) { print $_ . "\n"; }`. This script splits each line of input into an array of words using whitespace as the delimiter, then prints each word on a new line.
3. `| sort`: This pipe sends the output of the previous command to the `sort` command, which sorts the output alphabetically.
4. `| uniq -c`: This pipe sends the output of the previous command to the `uniq` command with the `-c` flag, which counts the occurrences of each unique word.
5. `| sort -n`: This pipe sends the output of the previous command to the `sort` command with the `-n` flag, which sorts the output numerically (i.e., by the count of each unique word).
6. `| tail -n 20`: This pipe sends the output of the previous command to the `tail` command with the `-n 20` flag, which outputs the last 20 lines of the sorted output.

So, the probable output of this command is a list of the 20 most frequently occurring words in the fan fiction, along with their counts.

From a linguistic perspective, this command is analyzing the text from a frequency-based perspective, which is a common technique in natural language processing. The command is essentially asking: "What are the most common words in this text, and how often do they appear?"

The command uses the following linguistic principles:

* Tokenization: The `split` function in Perl breaks the text into individual words or tokens.
* Part-of-speech tagging: The command doesn't explicitly perform part-of-speech tagging, but it can be inferred that the words are being treated as individual units.
* Frequency analysis: The `uniq -c` command counts the occurrences of each unique word, which is a fundamental concept in frequency analysis.
* Sorting: The `sort` command is used to arrange the output in a specific order, which is a common technique in linguistic analysis.

Overall, this command is a clever way to analyze the linguistic properties of a text, and it can be useful for understanding the structure and content of the fan fiction. [end of text]


