We are given a command that processes a text file (wowfanfic.txt) and we need to explain the probable output with respect to basic linguistic principles.

Let's break down the command step by step:

1. `cat wowfanfic.txt` : This prints the contents of the file to standard output.

2. `| perl -ne '@a = split(/\s/); foreach (@a) { print $_ . "\n"; }'` :
   - The `-n` option wraps the code in a `while (<>) { ... }` loop, so it reads the input line by line.
   - For each line, it splits the line on whitespace (using `split(/\s/)`). Note: `\s` matches any whitespace (space, tab, newline, etc.). However, because we are reading line by line, the newline at the end of each line is already removed by the input record separator (which by default is newline). So `split(/\s/)` will split on any whitespace within the line, including multiple spaces or tabs.
   - Then it iterates over each word (or token) in `@a` and prints each one followed by a newline. So this step effectively tokenizes the text by splitting on whitespace and prints one word per line.

   Important: This tokenization is very basic. It does not handle punctuation. For example, if the text has "Hello, world!" then splitting on whitespace will give tokens: "Hello," and "world!". The punctuation is attached to the words.

3. `| sort` : This sorts the list of words (one per line) lexicographically.

4. `| uniq -c` : This counts the consecutive duplicate lines (after sorting, duplicates are adjacent). It prints the count followed by the word. So we get a list of words with their frequencies, but note that because of the basic tokenization, words with punctuation are considered different from the same word without punctuation.

5. `| sort -n` : This sorts numerically by the count (the first field). Since `uniq -c` outputs the count first, then a space, then the word, `sort -n` will sort by the numeric value of the first field (the count). So we get the words in increasing order of frequency.

6. `| tail -n 20` : This takes the last 20 lines of the sorted list. Since the list is sorted by increasing frequency, the last 20 lines are the 20 most frequent words (because the highest counts will be at the end).

So the overall command outputs the 20 most frequent words (tokens) in the file, where tokens are defined by splitting on whitespace (so including punctuation attached to words).

Now, with respect to basic linguistic principles:

- In linguistics, when analyzing word frequency, we often want to consider words in their lemma form (base form) and without punctuation. For example, "run", "runs", "running" are different tokens but the same lemma. Also, "word" and "word." should be considered the same word.

- The tokenization method used here (splitting on whitespace) does not:
   a) Remove punctuation. So "word" and "word." are different.
   b) Normalize case. So "Word" and "word" are different (unless the text is all lower case, but typically in fan fiction there will be capital letters at the start of sentences and for proper nouns).
   c) Handle contractions or hyphenated words appropriately. For example, "don't" might be split as "don't" (one token) but if there's a space after the apostrophe? Actually, splitting on whitespace will keep "don't" as one token because there's no space inside. But note that `split(/\s/)` will split on any whitespace, so if there are multiple spaces, it will produce empty strings? Actually, `split(/\s/)` without a limit will split on any whitespace and by default will remove leading empty fields and trailing empty fields? Let's check: In Perl, `split(/\s/)` is like `split(' ', $_)` which splits on whitespace and removes leading and trailing empty fields. But note: if there are consecutive whitespace characters, it will treat them as one separator? Actually, `split(/\s/)` with a pattern that matches a single whitespace character will split on every single whitespace, so if there are two spaces, it will produce an empty string between them? Let's test: 
   Example: "a  b" (two spaces). `split(/\s/)` will split at the first space, then at the second space, so we get: ('a', '', 'b'). But note that the `split` function in Perl with a pattern that matches a single character and without a limit will produce empty fields for consecutive matches. However, the code does not filter out empty strings. So if there are multiple consecutive whitespace characters, we might get empty strings in `@a`. Then the `foreach` will print an empty line for each empty string. Then when we sort and count, empty strings will be counted too.

   But wait: the `split(/\s/)` pattern: `\s` matches a single whitespace character. So if we have two spaces, we get an empty string between them. However, note that the input lines from `cat` have a newline at the end, but the `-n` loop in Perl chomps the input record (by default, the input record separator is newline, so `$_` does not include the newline). So the line does not end with a newline. But within the line, if there are multiple spaces, we get empty strings.

   However, in practice, for typical text, we might not have multiple consecutive spaces? But in fan fiction, the author might have used extra spaces for formatting? Possibly.

   Alternatively, if we want to split on any amount of whitespace, we should use `split(/\s+/)`. But the code uses `split(/\s/)` which splits on every single whitespace character. So it's more likely to produce empty strings.

   But note: the `print $_ . "\n"` will print an empty string as an empty line. Then when we sort, empty lines will be at the top (because empty string sorts before any non-empty string). Then `uniq -c` will count the empty lines. Then `sort -n` will put the empty lines at the beginning (count of empty lines might be high if there are many multiple spaces). Then `tail -n 20` will take the last 20, which are the most frequent non-empty words? Not necessarily: if the empty string is very frequent, it might be one of the top 20? But note: `sort -n` sorts numerically, so the highest counts are at the end. If the empty string has a high count, it will be near the end. But then `tail -n 20` will take the last 20, which includes the empty string if it is among the top 20 by count.

   However, in typical English text, multiple consecutive spaces are not common, so the empty string might not be very frequent. But we cannot be sure.

   Given that the command is run on a fan fiction, it's likely that the text is mostly normal prose, so multiple spaces might be rare. But we should consider the possibility.

   Alternatively, the author might have used tabs or other whitespace. But again, in typical prose, whitespace is used to separate words and we don't have multiple consecutive whitespace often.

   So, the tokenization is flawed because it doesn't handle multiple whitespace correctly and doesn't remove punctuation.

- The output will be a list of the 20 most frequent tokens (including punctuation and case-sensitive) in the file.

- With respect to linguistic principles, this is not a standard word frequency analysis because:
   - It does not normalize case: so "The" and "the" are different.
   - It does not remove punctuation: so "world" and "world." are different.
   - It may include empty strings if there are multiple consecutive whitespace characters.

   Therefore, the list will be dominated by common words (function words) but also by punctuated versions of words and capitalized versions.

   For example, in a typical English text, the most frequent words are "the", "of", "and", etc. But here, we might see "the" and "The" as separate, and also "the." if it appears at the end of a sentence.

   Also, note that the tokenization does not split on punctuation, so if there is a word like "don't", it remains as one token. But if there is a hyphenated word, it remains as one token too.

   So the output will be a list of 20 lines, each line containing a count and a token (which may include punctuation and be case-sensitive), sorted by increasing count (so the last 20 are the most frequent).

   Example of what the output might look like:

   1500 the
   1200 and
   1000 The
    900 of
    800 to
    ...
   But note: because of the `sort -n` and then `tail -n 20`, we are getting the 20 highest counts. So the output will be in increasing order of count? Actually, `sort -n` sorts in increasing order, so the last 20 are the largest counts. But then `tail -n 20` takes the last 20 lines, which are the 20 largest counts. However, note that `sort -n` will put the smallest first and largest last. So the output of `tail -n 20` will be the 20 most frequent, but in increasing order? Actually, the entire list is sorted by increasing count, so the last 20 are the 20 highest counts, and they are in increasing order among themselves? Yes, because the whole list is sorted. So the output will show the 20 most frequent words, with the least frequent of these 20 first and the most frequent last.

   But wait: the command does `sort -n` and then `tail -n 20`. So we get the 20 lines with the highest counts, and they are in increasing order (so the last line is the most frequent).

   However, note that if there are ties in count, the `sort -n` will then sort lexicographically by the rest of the line? Actually, `sort -n` only considers the numeric part at the beginning? The default behavior of `sort` when using `-n` is to sort based on the initial numeric string in each line. But if two lines have the same numeric string, then it will sort by the rest of the line (lexicographically). So for words with the same frequency, they will be sorted alphabetically.

   So the output will be:

   [count] [word]
   ...
   with the last line being the most frequent word (or one of the most frequent if there is a tie, and then the last one in alphabetical order among the ties? Actually, if there is a tie for the highest count, then the one that comes last alphabetically will be the last line? Because for the same numeric value, `sort -n` will then sort the rest of the line in ascending order? Let's check: `sort -n` sorts by the numeric value, and if equal, by the entire line? Actually, the default comparison for `sort` is to compare the entire line, but when using `-n`, it compares the initial numeric part and then if equal, it compares the rest of the line? The man page says: "sort -n" sorts numerically, but the entire line is used as the key? Actually, the `-n` option specifies a numeric sort on the entire line? Or on the first field? In the output of `uniq -c`, the count is at the beginning, then a space, then the word. So when we do `sort -n`, it will interpret the initial numeric string (the count) and sort by that. If two lines have the same count, then it will compare the rest of the line (the word) lexicographically. So for the same count, the words will be in alphabetical order.

   Therefore, the last 20 lines will be the 20 highest counts, and for each count, the words are in alphabetical order. And the very last line will be the word with the highest count, and if there are multiple words with the same highest count, the one that is last alphabetically will be last.

   But note: the command does `tail -n 20` after `sort -n`, so we are taking the last 20 lines of the entire sorted list. That means we are taking the 20 highest counts, but if there are more than 20 distinct counts, we are only taking the top 20 by count. However, if there are ties at the 20th position, we might get more than 20? No, because `tail -n 20` takes exactly 20 lines. But if the 20th highest count is shared by multiple words, then we might not get all of them? Actually, the list is sorted by count, so all words with the same count are together. If the 20th highest count is, say, 100, and there are 5 words with count 100, then the last 20 lines will include the last 5 of those 5? But wait, the list is sorted by increasing count, so the highest counts are at the end. Suppose we have:

   ... (lower counts)
   100 word1
   100 word2
   100 word3
   100 word4
   100 word5
   101 word6
   ...

   Then the last 20 lines will include the 5 words with count 100 and then the ones with 101, etc. But if we only want the top 20 by count, we might miss some words with the same count as the 20th if there are more than 20 words at that count? Actually, the command does not group by count and then take the top 20 counts. It takes the last 20 lines, which correspond to the 20 highest counts, but if there are ties at the boundary, we might get more than one word for the same count, but we are limited to 20 lines. So if the 20th highest count is shared by 3 words, then we will get only the last 3 of those 3? Actually, the list is sorted by count and then by word. So for the same count, the words are in alphabetical order. The last 20 lines will be the 20 highest counts, but if the 20th highest count is, say, 100, and there are 3 words with 100, then the last 20 lines will include the last 2 of the 3? Wait, let's think:

   Suppose we have a total of 1000 distinct words. The counts are sorted increasingly. The last 20 lines are the 20 highest counts. But if the 20th highest count is 100, and there are 3 words with count 100, then the words with count 100 will appear in the list at the position where count 100 starts. But if there are words with count 101, 102, etc., then the words with count 100 might not all be in the last 20? Actually, the last 20 lines are the 20 lines with the highest counts. If there are 3 words with count 100 and 2 words with count 101, then the last 5 lines would be:

   100 wordX (the last word with count 100 alphabetically)
   100 wordY
   100 wordZ
   101 wordA
   101 wordB

   But wait, the list is sorted by increasing count, so count 100 comes before 101. So the last 20 lines would be the 20 highest counts, meaning we start from the highest count and go down until we have 20 lines. So if the highest count is 200 and there is only one word with 200, then we take that one, then the next highest count, etc. But if the 20th highest count is 100, and there are 3 words with 100, then we would take all 3? Actually, the last 20 lines are the 20 lines at the end of the sorted list. The sorted list has all words sorted by count (increasing). So the end of the list has the highest counts. If we take the last 20 lines, we are taking the 20 words with the highest counts, but if there are ties, we might take more than one word for the same count, but we are limited to 20 lines. So if the 20th highest count is 100 and there are 3 words with 100, then we would take the last 3 of the words with count 100? But wait, the words with count 100 are together and sorted alphabetically. The last 20 lines would include the words with the highest counts. If there are words with count 101, they would come after 100? No, because 101 > 100, so in increasing order, 100 comes before 101. So the list is:

   ... (lower counts)
   100 word1
   100 word2
   100 word3
   101 word4
   101 word5
   ...

   So the last 20 lines would be the 20 highest counts, which would include the words with count 101 and then the words with count 100? Actually, no: because 101 is higher than 100, so in increasing order, 100 comes first, then 101. So the highest counts are at the very end. So the last line is the highest count. Then the second last is the next highest, etc. So if we take the last 20 lines, we are taking the 20 highest counts, but if there are multiple words with the same count, they are consecutive. So if the highest count is 200 and there is one word, then the last line is that word. Then the next highest count might be 199 with one word, etc. But if the 20th highest count is 100 and there are 3 words with 100, then the last 20 lines would include the 3 words with 100 only if there are not 20 words with counts higher than 100. Actually, the last 20 lines are the 20 lines at the end of the entire list. So if there are 20 words with counts higher than 100, then the last 20 lines would be those 20 words, and we would not see any word with count 100. But if there are only 15 words with counts higher than 100, then the last 20 lines would include those 15 and then 5 words with count 100 (the last 5 of the words with count 100? But wait, the words with count 100 are sorted alphabetically, so the last 5 of the words with count 100 would be the ones that are last alphabetically? Actually, the entire list is sorted by count and then by word. So for the same count, the words are in alphabetical order. So the words with count 100 are together and in alphabetical order. The last 20 lines would be the 20 highest counts. If we need to include some words with count 100, we would take the words with count 100 that are at the end of the list? But the words with count 100 are before the words with count 101? No, because 100 < 101, so in increasing order, 100 comes before 101. So the words with count 100 are not at the end if there are words with higher counts. Therefore, the last 20 lines are the 20 words with the highest counts, and if there are ties for the 20th highest count, we might not get all the words with that count because

