Okay, let's break down this Linux command and predict its output, then explain it through linguistic principles.

**Understanding the Command**

The command pipeline does the following:

1.  **`cat wowfanfic.txt`**:  Reads the entire content of the `wowfanfic.txt` file and sends it to standard output.

2.  **`| perl -ne '@a = split(/\s/); foreach (@a) { print $_ . "\n"; }'`**: This is the core processing step using Perl.
    *   `-n`:  Reads the input line by line (though in this case, `cat` sends the whole file as one stream, so it's effectively processing the entire file as one long line).
    *   `-e '...'`:  Executes the Perl code within the single quotes.
    *   `@a = split(/\s/);`:  This is the key part.  `split(/\s/)` splits the input (the entire file content) into an array `@a` using whitespace (`\s` which matches spaces, tabs, newlines, etc.) as the delimiter.  So, every word (or token) in the file becomes an element in the `@a` array.
    *   `foreach (@a) { print $_ . "\n"; }`:  This loop iterates through each element (`$_`) in the `@a` array (each word).  For each word, it prints the word followed by a newline character (`\n`).  This effectively prints each word on a separate line.

3.  **`| sort`**:  Sorts the output from Perl alphabetically (lexicographically), one word per line.

4.  **`| uniq -c`**:  Filters the sorted output, removing duplicate adjacent lines.  The `-c` option *counts* the number of times each unique line (word) appears consecutively.  The output of `uniq -c` will be lines like:
    ```
          5 the
          3 and
          2 a
          1 Arthas
    ```
    (The number is the count, followed by a space, then the word.)

5.  **`| sort -n`**:  Sorts the output from `uniq -c` numerically based on the count (the first field of each line).  The `-n` option ensures numerical sorting.  So, the lines with the lowest counts will come first.

6.  **`| tail -n 20`**:  Takes the last 20 lines of the numerically sorted output.  Since the sorting is ascending (lowest counts first), `tail -n 20` will show the 20 words that appeared the *fewest* times in the entire `wowfanfic.txt` file.

**Probable Output**

The output will be 20 lines, each formatted as:

```
   <count> <word>
```

Where:

*   `<count>` is a non-negative integer representing the number of times the word appeared in the file.
*   `<word>` is the actual word.

The lines will be sorted in ascending order of `<count>`.  The words will likely be:

*   Rare character names (e.g., "Kael'thas", "Illidan", "Tyrande")
*   Specific item names (e.g., "Ashbringer", "Frostmourne")
*   Unique location names (e.g., "Silvermoon", "Stormwind")
*   Less common verbs or adjectives used in the fan fiction.
*   Misspellings or unusual words.

**Example (Illustrative - Actual output depends on the file content):**

```
     1 Zaeldor
     1 Whisperwind
     1 Shattered
     1 Scourge
     1 Onyxia
     1 Malfurion
     1 Kaelthas
     1 Grommash
     1 Garrosh
     1 Deathwing
     1 Cairne
     1 Bloodfen
     1 Arthas
     1 Anduin
     1 Acherus
     1 Ysera
     1 Varian
     1 Stratholme
     1 Scarlet
     1 Quel'Thalas
```

**Explanation Through Linguistic Principles**

This command pipeline leverages several fundamental linguistic concepts:

1.  **Tokenization:** The `split(/\s/)` in Perl performs *tokenization*.  Tokenization is the process of breaking down a text into its smallest meaningful units (tokens).  In this case, the tokens are words, separated by whitespace.  This is a core step in many natural language processing (NLP) tasks.  The assumption here is that whitespace reliably separates words in the text.

2.  **Lexical Analysis:** The entire pipeline performs a form of basic lexical analysis.  Lexical analysis involves identifying and categorizing the tokens (words) in a text.  Here, we're not categorizing (e.g., part-of-speech tagging), but we are identifying the unique lexical items (words) present.

3.  **Frequency Distribution:** The `uniq -c` command calculates the *frequency distribution* of the tokens.  A frequency distribution shows how often each unique token appears in the corpus (the `wowfanfic.txt` file).  Frequency distributions are fundamental in linguistics for understanding the statistical properties of language.  Zipf's Law, for example, states that the frequency of a word is inversely proportional to its rank in the frequency table.  This command helps us see the tail end of that distribution (the least frequent words).

4.  **Corpus Linguistics:** The entire process treats the fan fiction as a *corpus* – a collection of texts used for linguistic analysis.  The pipeline extracts information about the vocabulary (lexicon) of this specific corpus.

5.  **Lexical Richness/Diversity:** The output indirectly reflects the *lexical richness* or *lexical diversity* of the fan fiction.  While we're not calculating a specific diversity metric, the fact that we're looking at the least frequent words suggests we're exploring the less common vocabulary used by the author.  A higher number of unique, low-frequency words might indicate a richer vocabulary.

6.  **Context-Free Tokenization Limitation:** The `split(/\s/)` approach is a simple, context-free tokenization method. It has limitations:
    *   **Punctuation:** Punctuation attached to words (e.g., "Arthas.") will be treated as part of the word.
    *   **Contractions:** Contractions (e.g., "don't") will be treated as single tokens.
    *   **Hyphenated Words:** Hyphenated words (e.g., "well-being") might be split incorrectly.
    *   **Special Characters:** Special characters within words (e.g., "Kael'thas") will be included.

**In summary:** The command pipeline performs a basic lexical analysis of the `wowfanfic.txt` file, calculating the frequency distribution of words and then displaying the 20 least frequent words. It demonstrates fundamental linguistic principles like tokenization, frequency analysis, and corpus linguistics, while also highlighting the limitations of simple tokenization methods. The output will be a list of words that appear very few times in the fan fiction, likely including rare names, items, or specific terms related to the World of Warcraft universe.
 [end of text]


