I have written a fan fiction based on World of Warcraft characters. I saved the file into wowfanfic.txt

What is a probable output if I run this Linux command?

$ cat wowfanfic.txt | perl -ne '@a = split(/\s/); foreach (@a) { print $_ . "\n"; }' | sort |  uniq -c | sort -n | tail -n 20

Explain your answer with respect to basic linguistic principles.
The command you provided is a pipeline of several Linux commands that processes the contents of the `wowfanfic.txt` file. Let's break down each part of the command and its expected output:

### Command Breakdown:

1. **`cat wowfanfic.txt`**:
   - This command reads the contents of the `wowfanfic.txt` file and outputs it to the standard output (stdout). Essentially, it prints the entire content of the file.

2. **`perl -ne '@a = split(/\s/); foreach (@a) { print $_ . "\n"; }'`**:
   - This Perl script reads each line of the input (which is the output of `cat wowfanfic.txt`), splits each line into words based on whitespace (spaces, tabs, etc.), and prints each word on a new line.
   - The `@a = split(/\s/)` splits the line into words.
   - `foreach (@a) { print $_ . "\n"; }` iterates over each word and prints it followed by a newline.

3. **`sort`**:
   - This command sorts the output alphabetically. Since the previous step outputs one word per line, this will sort all the words in the file alphabetically.

4. **`uniq -c`**:
   - The `uniq` command removes consecutive duplicate lines and counts them. The `-c` option adds a count of how many times each word appears.

5. **`sort -n`**:
   - This sorts the output numerically, based on the count of occurrences of each word.

6. **`tail -n 20`**:
   - This command outputs the last 20 lines of the sorted output. Since the previous step sorted by count, this will output the 20 most frequent words in the file.

### Expected Output:

The final output will be a list of the 20 most frequently occurring words in the `wowfanfic.txt` file, sorted by frequency from least to most frequent. Each line will show the count followed by the word.

### Example Output:

```
  1 the
  2 of
  3 in
  4 and
  5 to
  6 a
  7 is
  8 that
  9 it
  10 you
  11 are
  12 with
  13 as
  14 at
  15 for
  16 on
  17 his
  18 her
  19 was
  20 in
```

### Explanation:

- **Linguistic Principles**:
  - **Tokenization**: The Perl script splits the text into words (tokens) based on whitespace, which is a common approach in natural language processing.
  - **Frequency Analysis**: The `uniq -c` command counts the frequency of each word, which is a basic linguistic analysis technique to understand word usage in a text.
  - **Sorting**: The final sorting by frequency (from least to most) helps identify the most common words in the text, which can be useful for understanding the text's vocabulary and content.

In summary, the command will output the 20 least frequent words in the `wowfanfic.txt` file, sorted by frequency. This is useful for understanding the vocabulary usage and potentially identifying less common words or terms in the text. [end of text]


