==========
Let's break down the Linux command step by step to understand what it does and what the probable output would be:

### Command Breakdown:
1. `cat wowfanfic.txt`  
   - This reads the contents of the file `wowfanfic.txt` (your fan fiction) and outputs it to standard output.

2. `| perl -ne '@a = split(/\s/); foreach (@a) { print $_ . "\n"; }'`  
   - This pipes the output of `cat` to a Perl one-liner.  
   - The Perl script splits each line of text by whitespace (`\s`) into an array `@a`.  
   - Then, it iterates over each word in `@a` and prints it on a new line.  
   - Effectively, this splits the entire text into individual words, one per line.

3. `| sort`  
   - This sorts the list of words alphabetically (lexicographically).

4. `| uniq -c`  
   - This counts the frequency of each unique word (since the words are sorted, `uniq` can efficiently count consecutive duplicates).  
   - The `-c` flag prefixes each line with the count of occurrences.

5. `| sort -n`  
   - This sorts the lines numerically based on the count (the first number on each line).  
   - So, the most frequent words will appear at the end.

6. `| tail -n 20`  
   - This takes the last 20 lines of the sorted output, which will be the 20 most frequent words in the text, sorted by frequency (highest to lowest).

### Probable Output:
The output will be a list of the 20 most frequent words in your fan fiction, along with their counts, sorted from least frequent to most frequent (since `sort -n` sorts numerically, and `tail -n 20` takes the last 20, which are the highest counts). The format will be:
```
   count word
   count word
   ...
```

### Linguistic Principles:
1. **Word Frequency**: The command is essentially performing a word frequency analysis. In natural language, certain words (like "the", "and", "to", "of") are called "stop words" and are extremely common. These are likely to dominate the top of the list.  
2. **Content Words**: Nouns, verbs, and adjectives (content words) will also appear, but typically with lower frequencies than stop words unless they are central to the story (e.g., "Thrall", "Orgrimmar", "Lich King").  
3. **Case Sensitivity**: The command is case-sensitive (e.g., "Thrall" and "thrall" would be counted separately). If your fan fiction has inconsistent capitalization, this could affect the counts.  
4. **Punctuation and Numbers**: The Perl script splits by whitespace (`\s`), so words with punctuation (e.g., "Thrall's", "Orgrimmar!") would be split into separate tokens ("Thrall's" → "Thrall's", "Orgrimmar!" → "Orgrimmar!"). If you want to ignore punctuation, the script would need to be modified (e.g., using `s/[^\w]//g` to remove non-word characters).  
5. **Length of Words**: The command does not filter by word length, so very short words (like "a", "I", "to") will likely dominate the top of the list unless your fan fiction is unusually verbose or technical.

### Example Output:
If your fan fiction is about Thrall and the Lich King, the output might look something like:
```
      5 Thrall
      7 Lich
      8 King
     10 the
     12 and
     15 to
     20 of
     25 a
     30 in
     35 was
     40 for
     45 with
     50 he
     55 his
     60 that
     65 had
     70 as
     75 it
     80 was
```
(Note: These numbers are illustrative; the actual counts depend on your text.)

### Key Takeaways:
- The output will be the 20 most frequent words in your fan fiction, sorted by frequency (lowest to highest among the top 20).  
- Stop words (e.g., "the", "and", "to") will likely dominate unless your story is highly repetitive with specific WoW terms.  
- The analysis is case-sensitive and does not ignore punctuation, which might skew results if not accounted for.  

If you want to refine the analysis (e.g., ignore case or punctuation), you could modify the Perl script. Let me know if you'd like help with that!</think>### Probable Output Explanation

The command will output the **20 most frequently occurring words** in your fan fiction, sorted by **ascending frequency** (least frequent to most frequent among the top 20). Each line will show:  
`<count> <word>`

---

### Step-by-Step Breakdown of the Command:
1. **`cat wowfanfic.txt`**  
   Reads the entire content of your fan fiction file.

2. **`| perl -ne '@a = split(/\s/); foreach (@a) { print $_ . "\n"; }'`**  
   Splits the text into **individual words** (one word per line) using whitespace as the delimiter.  
   *Example:* "Thrall went to Orgrimmar" → `Thrall`, `went`, `to`, `Orgrimmar`.

3. **`| sort`**  
   Sorts all words **alphabetically** (e.g., `Orgrimmar`, `Thrall`, `to`, `went`).

4. **`| uniq -c`**  
   Counts occurrences of each unique word and prefixes the count.  
   *Example:* `3 Thrall`, `1 went`, `1 to`, `1 Orgrimmar`.

5. **`| sort -n`**  
   Sorts the lines **numerically** by the count (smallest count first).  
   *Example:* `1 Orgrimmar`, `1 to`, `1 went`, `3 Thrall`.

6. **`| tail -n 20`**  
   Extracts the **last 20 lines** (i.e., the 20 words with the highest counts).

---

### Linguistic Principles at Play:
1. **Zipf's Law**:  
   Natural languages follow a power-law distribution where a few words (e.g., "the", "and", "to") dominate frequency, while most words appear rarely. Your output will reflect this:  
   - **High-frequency words**: Likely stop words (e.g., "the", "a", "is", "in").  
   - **Low-frequency words**: Proper nouns (e.g., "Thrall", "Jaina") or specialized terms (e.g., "Frostmourne", "Scourge").

2. **Case Sensitivity**:  
   The command treats "Thrall" and "thrall" as **different words**. If your fan fiction has inconsistent capitalization, it may split counts for the same word.

3. **Punctuation Handling**:  
   Words with punctuation (e.g., "Orgrimmar!", "Thrall's") are **split separately** from their unpunctuated forms. For example:  
   - "Orgrimmar!" and "Orgrimmar" are counted as two distinct words.

4. **Content vs. Function Words**:  
   - **Function words** (e.g., "the", "of", "to") will dominate the top of the list.  
   - **Content words** (nouns, verbs, adjectives) will appear lower unless they are central to your story (e.g., "Lich King", "Warcraft").

---

### Example Output:
```
      1 Azeroth
      1 Deathwing
      1 Forsaken
      1 Gilneas
      1 Horde
      1 Illidan
      1 Jaina
      1 Lich
      1 Malfurion
      1 Orgrimmar
      1 Sylvanas
      1 Thrall
      1 Varian
      1 Worgen
      1 Wrathion
      1 Ysera
      2 and
      2 the
      3 to
      5 of
```

---

### Key Observations:
- **Stop words** ("the", "of", "to") will likely occupy the highest counts.  
- **Proper nouns** (character/locations) will appear if they are central to your plot.  
- **Punctuation/case sensitivity** may cause fragmented counts (e.g., "Orgrimmar" vs. "Orgrimmar!").  
- The output is **not filtered by word type** (e.g., ignores whether a word is a verb/noun).  

To refine this (e.g., ignore case/punctuation), you could modify the Perl script. Let me know if you'd like help with that!
==========
Prompt: 108 tokens, 260.451 tokens-per-sec
Generation: 1931 tokens, 49.709 tokens-per-sec
Peak memory: 60.562 GB
