The Linux command you've provided processes the text in `wowfanfic.txt` in several steps, and the output will be a list of the 20 most frequently occurring words in the file, along with their counts. Let's break down the command and understand how it works:

1. **`cat wowfanfic.txt`**: This command reads the contents of `wowfanfic.txt` and outputs it to the standard output (stdout).

2. **`perl -ne '@a = split(/\s/); foreach (@a) { print $_ . "\n"; }'`**: This Perl one-liner processes the input line by line. It splits each line into words using whitespace as the delimiter (`split(/\s/)`), and then iterates over each word (`foreach (@a)`). For each word, it prints the word followed by a newline (`print $_ . "\n"`). This effectively tokenizes the text into individual words.

3. **`sort`**: This command sorts the lines of the input (which are now individual words) in lexicographical order. This is important for the next step, which requires sorted data.

4. **`uniq -c`**: This command counts the occurrences of each unique line (word) in the sorted input. The `-c` option prefixes each line with the count of occurrences.

5. **`sort -n`**: This command sorts the lines based on the numeric value of the count (the number of occurrences) in ascending order. This ensures that the most frequent words appear first.

6. **`tail -n 20`**: This command outputs the last 20 lines of the input. Since the input is sorted by frequency, this results in the 20 most frequently occurring words and their counts.

### Probable Output

The output will be a list of 20 words, each followed by the number of times it appears in the text. The words will be ordered from the most frequent to the least frequent. For example:

```
100 the
50 and
40 of
30 in
20 to
15 a
10 that
9 it
8 is
7 for
6 on
5 with
4 by
3 as
2 from
1 this
1 are
1 be
1 have
```

### Explanation with Respect to Basic Linguistic Principles

- **Tokenization**: The command splits the text into words, which is a fundamental step in text analysis. This is crucial for understanding the frequency of words in the text.

- **Normalization**: By converting all words to lowercase (implicitly handled by the `split` function in Perl), the command normalizes the text, ensuring that words like "The" and "the" are treated as the same word.

- **Frequency Analysis**: The command performs a frequency analysis, which is a common task in natural language processing (NLP). This helps in understanding the most common words used in the text, which can provide insights into the themes and style of the writing.

- **Sorting and Limiting**: By sorting the words by frequency and limiting the output to the top 20, the command provides a concise summary of the text's content, focusing on the most significant words.

This command is a simple yet powerful tool for basic text analysis, leveraging the strengths of Unix text processing tools and Perl for pattern matching and text manipulation. [end of text]


