<|im_start|>user
I have written a fan fiction based on World of Warcraft characters. I saved the file into wowfanfic.txt

What is a probable output if I run this Linux command?

$ cat wowfanfic.txt | perl -ne '@a = split(/\s/); foreach (@a) { print $_ . "\n"; }' | sort |  uniq -c | sort -n | tail -n 20

Explain your answer with respect to basic linguistic principles.

<|im_start|>assistant
The command you've written is a bit complex, but it's basically asking to read a file, split each line into words, count the frequency of each word, sort the words by frequency, and then print the top 20 most frequent words.

Here's a breakdown of what each part of the command does:

1. `cat wowfanfic.txt`: This command reads the contents of the file `wowfanfic.txt` and stores them in the variable `$@`.

2. `perl -ne`: This is a Perl regular expression (regex) that tells Perl to read the file line by line. The `-n` option tells Perl to print each line as it reads it. The `-e` option tells Perl to execute the code in the following line.

3. `@a = split(/\s/); foreach (@a) { print $_ . }"\n"; }`: This line splits each line of the file into words using the regex `\s`, which matches any whitespace character (spaces, tabs, newlines, etc.). The words are stored in the array `@a`. The `foreach` loop then prints each word on a new line.

4. `sort`: This command sorts the array `@a` in ascending order.

5. `uniq`: This command removes duplicate words from the array `@a`.

6. `-c`: This command counts the frequency of each word in the array `@a`.

7. `sort`: This command sorts the array `@a` in descending order based on the frequency of each word.

8. `tail`: This command prints the last `n` lines of the file. In this case, `-n` is set to `20`, so it prints the last 20 lines of the file.

So, the output of this command would be a list of the 20 most frequent words in the file, sorted by frequency. The words would be printed on separate lines.

For example, if the file `wowfanfic.txt` contained the following text:

```
I am a player in World of Warcraft.
I play World of Warcraft every day.
World of Warcraft is a great game.
I love World of Warcraft.
```

The output of the command would be:

```
I
am
a
player
in
World
of
Warcraft
I
play
World
of
Warcraft
is
a
great
game
I
love
World
of
Warcraft
```

This output represents the 20 most frequent words in the file, sorted by frequency. The word "I" appears the most frequently, followed by "am", "a", "player", "in", "World", "of", "Warcraft", "I", "play", "World", "of", "Warcraft", "is", "a", "great", "game", "I", "love", "World", "of", "Warcraft". [end of text]


