The command you ran is a pipeline of several Unix utilities that together will produce a frequency‑sorted list of the unique words in your file, showing the 20 most common words (or fewer if the file has fewer than 20 distinct words). Below is a step‑by‑step breakdown of what each part does, followed by an explanation of the linguistic principles that shape the output.

---

## 1. What the command does (step‑by‑step)

```bash
cat wowfanfic.txt | perl -ne '@a = split(/\s/); foreach (@a) { print $_ . "\n"; }' | sort | uniq -c | sort -n | tail -n 20
```

| Step | Command | What it does | Result |
|------|---------|--------------|--------|
| 1 | `cat wowfanfic.txt` | Prints the entire file to STDOUT. | A stream of the raw text of your fan‑fiction. |
| 2 | `perl -ne '@a = split(/\s/); foreach (@a) { print $_ . "\n"; }'` | Splits the input on whitespace (`\s` = any space, tab, newline) and prints each token on its own line. | A list of all words (including punctuation attached to them) in the file, one per line. |
| 3 | `sort` | Sorts the list alphabetically. | All identical words become adjacent. |
| 4 | `uniq -c` | Collapses each run of identical lines into a single line, prefixed by the count of occurrences. | A list of unique words with their frequencies. |
| 5 | `sort -n` | Sorts the list numerically by the count (the first field). | Words are ordered from least frequent to most frequent. |
| 6 | `tail -n 20` | Prints the last 20 lines of the input. | The 20 most frequent words (or fewer if the file has fewer distinct words). |

---

## 2. What the output will look like

The final output will be a table of 20 lines (or fewer) that looks something like this:

```
   42 the
   45 and
   47 a
   48 to
   50 of
   52 in
   55 for
   58 that
   60 with
   63 as
   65 is
   68 on
   70 it
   73 you
   78 for
   82 or
   85 but
   90 and
   95 the
  102 and
```

*(The exact numbers and words will differ based on your fan‑fiction’s content.)*

Each line has two fields:

1. **A count** – how many times that word appears in the file.
2. **The word itself** – the token that was extracted by the Perl one‑liner.

Because the list is sorted by count in ascending order, the `tail -n 20` shows the words with the highest counts, i.e., the most frequent words.

---

## 3. Why the output looks the way it does – linguistic principles

### 3.1. Word frequency follows a Zipfian distribution

In any natural language text, a few words appear very often, while the vast majority appear only once or twice. This is known as **Zipf’s law** (or the “law of least effort”). In English, words like *the*, *and*, *of*, *to*, *a*, *in*, *that*, *is*, *it*, *you*, *for*, *or*, *but*, *as*, *on*, *with*, *in*, *by*, *from*, *be*, *have*, *do*, etc., dominate the frequency spectrum. Even in a fan‑fiction about World of Warcraft, you will still have a lot of these common English words because they are needed for grammatical structure.

### 3.2. Content words vs. function words

The most frequent words are typically **function words** (articles, prepositions, conjunctions, pronouns, auxiliary verbs) rather than **content words** (nouns, verbs, adjectives that carry the semantic payload). So even though your fan‑fiction may be about WoW characters and lore, the most frequent tokens will still be generic English words.

### 3.3. Tokenization issues

The Perl one‑liner splits on any whitespace (`\s`). This means that punctuation will be attached to words, e.g., `"World"` and `"World."` will be treated as distinct tokens. If your fan‑fiction contains a lot of punctuation (commons, periods, exclamation points, quotes, etc.), you may see tokens like `"the,"` or `"you?"` in the list. This can inflate the count of some words artificially and create many near‑duplicates.

If you want a cleaner tokenization, you could preprocess the text to strip punctuation (e.g., with `tr -d '[:punct:]'` or a more sophisticated regex in Perl). But the command as given does not do that.

### 3.4. Case sensitivity

The command is case‑sensitive. So `"The"` and `"the"` will be counted separately. If your fan‑fiction capitalizes the first word of sentences, you will see both `"the"` and `"The"` in the list, each with its own count. To make it case‑insensitive, you could add a `tr/A-Z/a-z` or modify the Perl script to `lc` each token.

### 3.5. Word length and morphological richness

Longer words (e.g., `"World"` vs. `"World!"`) are less likely to repeat many times, so they will appear near the bottom of the frequency list (or not at all if they appear only once). Morphologically rich languages (English is not extremely rich, but still) have many different forms of the same root (e.g., `"run"`, `"runs"`, `"running"`, `"ran"`). The command treats each of those as distinct tokens, so the frequency of the root concept is split across several entries.

### 3.6. Domain‑specific vocabulary

You may see some WoW‑specific words appear in the top 20 if your fan‑fiction is heavily focused on a particular topic and uses a limited set of terms repeatedly. For example, if you wrote a lot about `"raid"`, `"boss"`, `"dps"`, `"heps"`, `"tank"`, `"spell"`, `"ability"`, `"damage"`, `"healing"`, `"agg"`, `"pull"`, `"agg"`, `"agg"` (just kidding), those could appear in the top 20 if they are used more often than some generic words. But because generic English words are so frequent, they will almost always dominate the top of the list.

---

## 4. Example with a small sample

Suppose `wowfanfic.txt` contains:

```
Argh! The raid is a mess. The tank keeps losing aggro, and the healer can't keep up. 
The boss is hitting the tank hard. The tank should use a cooldown. 
The healer should spam heal the tank. The raid needs more DPS.
```

Running the command would produce something like:

```
   1 Argh!
   1 boss
   1 cooldown.
   1 DPS.
   1 hard.
   1 heal
   1 healer
   1 healer.
   1 hits
   1 is
   1 keep
   1 mess.
   1 more
   1 needs
   1 raid
   1 raid.
   1 should
   1 spam
   1 tank
   1 tank.
   1 up.
   2 a
   2 the
   2 The
   3 and
   4 the
```

After sorting numerically and taking the last 20 lines, you would see the most frequent words (including punctuation‑laden tokens). If you cleaned punctuation and normalized case, you would get a more meaningful list.

---

## 5. How to get a more linguistically meaningful list

If you want the output to be more useful for linguistic analysis, you could:

1. **Strip punctuation** before tokenizing, e.g.:

   ```bash
   cat wowfanfic.txt | tr -d '[:punct:]' | perl -ne '@a = split(/\s+/); foreach (@a) { print lc($_) . "\n"; }' | sort | uniq -c | sort -n | tail -n 20
   ```

   This removes punctuation and lowercases each token.

2. **Use a proper tokenizer** (e.g., `tokenize` from the `udpipe` or `textclean` packages in R, or a Python NLTK/ spaCy tokenizer) that handles contractions, hyphenated words, and Unicode correctly.

3. **Remove stopwords** (common function words) if you are interested in content words. You could filter out a predefined list of stopwords before the final `tail`.

---

## 6. TL;DR

- The command prints the 20 most frequent words (or tokens) in your fan‑fiction, sorted by frequency.
- The output will be dominated by common English function words (`the`, `and`, `of`, `to`, `a`, `in`, `that`, `is`, `it`, `you`, `for`, `or`, `but`, `as`, `on`, `with`, `by`, `from`, `be`, `have`, `do`, etc.).
- Any WoW‑specific terms will appear only if they are used more often than the generic words, which is unlikely unless the fan‑fiction is extremely repetitive.
- The tokenization is naive (splits on whitespace, keeps punctuation, case‑sensitive), so you may see many near‑duplicates.
- The pattern follows basic linguistic principles: Zipf’s law, the distinction between function and content words, and the effect of tokenization on frequency counts.

If you run the command on your actual `wowfanfic.txt`, you will see exactly which words dominate your text, and you can compare that to the generic English distribution to see if your fan‑fiction has any unusual lexical biases. Enjoy the analysis!
 [end of text]


