The Linux command you've provided performs a sequence of text-processing operations on the contents of your `wowfanfic.txt` file. Let's break it down step by step and then explain the probable output and its relation to basic linguistic principles.

---

### 🔧 Command Breakdown:

```bash
cat wowfanfic.txt | perl -ne '@a = split(/\s/); foreach (@a) { print $_ . "\n"; }' | sort | uniq -c | sort -n | tail -n 20
```

1. **`cat wowfanfic.txt`**  
   → Outputs the entire content of the file.

2. **`perl -ne '...'`**  
   → Processes each line of input:
   - `split(/\s/)` splits each line into individual characters or tokens based on whitespace (`\s` = any whitespace: space, tab, newline).
   - The result is an array `@a` of words/tokens.
   - `foreach (@a) { print $_ . "\n"; }` prints each token on a separate line.

   ✅ **Effect**: This turns the entire text into a list of **one word per line**.

3. **`sort`**  
   → Alphabetically sorts all the words.

4. **`uniq -c`**  
   → Counts how many times each **consecutive** identical word appears. Since the list is sorted, identical words are grouped together, so this effectively counts the frequency of each word.

5. **`sort -n`**  
   → Sorts the frequency list numerically (by count, ascending).

6. **`tail -n 20`**  
   → Outputs the **last 20 lines**, i.e., the **20 most frequent words** in your fan fiction.

---

### ✅ Probable Output:

The output will be a list of **20 lines**, each showing:
```
<count> <word>
```
...where `<count>` is the number of times `<word>` appears in `wowfanfic.txt`, and the list is ordered from **least frequent (among the top 20)** to **most frequent** (since `sort -n` is ascending and `tail` takes the end).

But note: because `sort -n` is ascending, the **last line** will be the **most frequent word** in your fanfic.

So, the output is:  
➡️ **The 20 most frequently used words in your fan fiction**, along with their counts, listed in **increasing order of frequency**.

---

### 📚 Linguistic Principles Involved:

This command essentially performs a **basic frequency analysis** of words, which touches on several core ideas in linguistics:

#### 1. **Zipf's Law (Principle of Least Effort)**
- One of the most famous observations in corpus linguistics.
- It states that in any natural language text, the frequency of a word is **inversely proportional** to its rank in the frequency table.
- A few words (like "the", "and", "to") appear **very frequently**, while most words appear **rarely**.
- Your output will likely reflect this: the top words will probably be **function words** (articles, prepositions, pronouns), not content words.

#### 2. **Function Words vs. Content Words**
- **Function words** (e.g., *the, of, and, to, in, is, it*) are grammatical glue. They appear very frequently.
- **Content words** (e.g., *Arthas, battle, magic, Lich*) carry meaning but are used less often.
- Your top 20 will likely be dominated by function words — unless your fanfic has strong stylistic repetition (e.g., "Sylvanas" or "Azeroth" repeated obsessively).

#### 3. **Lexical Density**
- This measures how many content words vs. function words are in a text.
- Fan fiction, especially narrative-driven, tends to have **moderate lexical density** — but function words still dominate frequency counts.
- So even though your story is about WoW characters, the most frequent words will likely be common English words.

#### 4. **Idiolect and Stylistic Markers**
- If your fanfic has **repetitive phrases** (e.g., "the Lich King laughed" or "by the Light!"), those words might rise in frequency.
- Character names (e.g., "Thrall", "Jaina") might appear in the top 20 — more so than in general English texts — reflecting your **narrative focus**.

---

### 🎯 Example Output (Hypothetical):

```
   45 a
   48 I
   52 in
   55 that
   60 he
   62 was
   65 his
   70 it
   72 with
   75 for
   80 on
   85 are
   90 said
   95 not
  102 of
  108 and
  115 to
  120 The
  130 I
  150 the
```

> Note: "the" is almost always the most frequent word in English texts.

But if your fanfic is **very character-focused**, you might see something like:
```
   95 Arthas
  102 the
  110 and
  125 Lich
  140 King
```
(Though "Lich" and "King" might be split if not capitalized consistently.)

---

### ⚠️ Caveats / Limitations:

- **Case sensitivity**: "The" and "the" are counted as different words.
- **Punctuation**: Words like "king." or "said?" include punctuation unless cleaned.
- **Splitting only on whitespace**: Doesn't remove punctuation, so "magic!" ≠ "magic".

So the analysis is **basic** — not ideal for rigorous linguistics, but good for a quick peek.

---

### ✅ Final Answer:

**Probable Output**:  
A list of the **20 most frequently occurring words** in your `wowfanfic.txt`, with their counts, sorted in **increasing order of frequency** (so the most frequent is last).

**Linguistic Insight**:  
This reflects **Zipf’s Law** and the dominance of **function words** (e.g., *the, and, of*) in natural language. Even in a fantasy fan fiction, basic grammatical words will likely top the list — unless your writing style involves heavy repetition of character names or thematic terms, which could elevate certain **content words** into the top ranks.

To get even better insights, you'd want to:
- Normalize case (`tr 'A-Z' 'a-z'`)
- Strip punctuation
- Remove stop words (for content analysis)

But as-is, this command gives a solid first look at your fanfic’s lexical habits. 📖✨ [end of text]


