The probable output of running that Linux command is:

**A list of the 20 most frequently occurring words in your `wowfanfic.txt` file, sorted by frequency (ascending), showing count and word.**

---

### Breakdown of the command:

1. **`cat wowfanfic.txt`**  
   → Reads the entire content of the file.

2. **`| perl -ne '@a = split(/\s/); foreach (@a) { print $_ . "\n"; }'`**  
   → This Perl one-liner splits each line of input by whitespace (`\s`) into an array `@a`, then prints each token (word) on its own line.  
   → **Effect**: Converts the entire text into a *word-by-word* list, one word per line.  
   → **Important**: It does **not** handle punctuation (e.g., “Warcraft!” becomes “Warcraft!” — still one token). It also doesn’t remove empty lines or handle hyphenated words or contractions as single tokens — but for basic word frequency, it’s sufficient.

3. **`| sort`**  
   → Sorts the words alphabetically (lexicographically).  
   → **Linguistic note**: Sorting words alphabetically is a common preprocessing step in text analysis — it groups similar words together, making it easier to count them.

4. **`| uniq -c`**  
   → Counts the number of occurrences of each *consecutive* line (i.e., each unique word).  
   → **Linguistic note**: This assumes words are sorted — which they are — so identical words are adjacent. `uniq` removes duplicates and outputs the count (`-c` flag) before the word.  
   → **Important**: `uniq` only works on *consecutive* duplicates — so if the same word appears non-consecutively, it won’t be counted. But since we sorted first, this is not an issue.

5. **`| sort -n`**  
   → Sorts numerically by the count (the first field, which is the number).  
   → **Linguistic note**: This is crucial — we want to see the *least frequent* words first, not alphabetically. Numerical sort ensures that “1” comes before “10”, which is correct for frequency ranking.

6. **`| tail -n 20`**  
   → Outputs the last 20 lines — i.e., the 20 least frequent words.

---

### Final Output Format:

```
1   the
2   and
3   of
...
20  wow
```

→ Each line: `count word`

---

### Linguistic Principles Involved:

- **Tokenization**: Splitting text into meaningful units (words) — here, whitespace-separated tokens.  
- **Normalization**: Sorting and deduplication — essential for counting.  
- **Frequency Analysis**: Counting how often each token appears — a core technique in corpus linguistics and NLP.  
- **Lexical Sorting**: Alphabetical sorting is a standard preprocessing step for text analysis.  
- **Numerical Ordering**: Sorting by frequency (not alphabetically) is critical for meaningful linguistic analysis — e.g., identifying common vs. rare words.

---

### Why “tail -n 20” gives the *least* frequent?

Because `sort -n` sorts numerically in ascending order (smallest count first), and `tail -n 20` takes the last 20 lines — which are the 20 least frequent words.

---

### Caveats:

- If your file is very small, you might get fewer than 20 lines — `tail` will just output what’s available.
- If there are no duplicates, `uniq -c` will output only one line per word — so you’ll get the full word list sorted by frequency.
- Punctuation attached to words (e.g., “Warcraft!”) will be treated as a single token — which may skew results if punctuation is common.

---

### Conclusion:

The command performs a **basic word frequency analysis**, outputting the **20 least frequent words** in your fan fiction, sorted by count. This is a standard NLP preprocessing step — useful for identifying rare or unique vocabulary, or for linguistic profiling of your text.

✅ **Final Answer**: The output will be the 20 least frequent words in your `wowfanfic.txt` file, sorted by frequency (ascending), each preceded by its count. [end of text]


