user
Briefly describe the cases of "R v Cunningham", "R v Caldwell", and "R v G". Then explain their significance and impact on modern UK law.

Make it as detailed as you can.

assistant
### R v Cunningham [1957] 2 QB 396

#### Case Summary:
**Facts:** Alfred Cunningham was charged with unlawfully and maliciously administering a noxious substance, namely gas, with the intent to endanger life or cause grievous bodily harm. He had left a gas tap running in a house, which resulted in his aunt being overcome by the fumes. Cunningham argued that he did not intend to cause harm and that he was unaware of the danger.

**Issue:** The key issue was whether the defendant had to have a specific intent to cause harm or whether it was sufficient that he was reckless as to whether harm might occur.

**Decision:** The Court of Appeal held that the prosecution must prove that the defendant knew that his actions were likely to cause harm and that he took the risk of that happening. The test for recklessness was subjective, meaning that the defendant must have been aware of the risk and still proceeded with the action.

#### Significance and Impact:
- **Subjective Recklessness:** The case established the principle of subjective recklessness, which requires the defendant to have been aware of the risk and to have taken it. This test is more stringent than an objective test, which would consider what a reasonable person would have known.
- **Mens Rea:** It emphasized the importance of mens rea (guilty mind) in criminal law, particularly in cases involving recklessness.
- **Modern Law:** The subjective test for recklessness in Cunningham was later applied in other areas of law, such as criminal damage, until it was replaced by the objective test in R v G (2003).

### R v Caldwell [1981] 1 All ER 961

#### Case Summary:
**Facts:** Lawrence Caldwell was charged with arson and criminal damage. He had set fire to a hotel, causing significant damage. Caldwell argued that he did not realize the risk of his actions and that he was not aware of the potential for harm.

**Issue:** The key issue was whether the test for recklessness should be subjective (as in Cunningham) or objective.

**Decision:** The House of Lords held that the test for recklessness should be objective. The defendant would be considered reckless if he did an act which in fact created an obvious risk, and when the risk was such that a reasonable person would have realized it. This objective test was seen as more appropriate for public safety and deterrence.

#### Significance and Impact:
- **Objective Recklessness:** Caldwell introduced the objective test for recklessness, which is less stringent than the subjective test. It considers what a reasonable person would have known, rather than what the defendant actually knew.
- **Public Policy:** The objective test was seen as a way to better protect public safety and to hold individuals accountable for risks that a reasonable person would have recognized.
- **Modern Law:** The objective test in Caldwell was widely applied in criminal law, particularly in cases involving criminal damage and public safety, until it was overturned by R v G (2003).

### R v G [2003] UKHL 50

#### Case Summary:
**Facts:** G, a 15-year-old, was charged with criminal damage under the Criminal Damage Act 1971. He had set fire to a letterbox, causing damage. G argued that he did not realize the risk of his actions and that he was not aware of the potential for harm.

**Issue:** The key issue was whether the objective test for recklessness established in Caldwell should be applied to children and young people, or whether a subjective test should be used.

**Decision:** The House of Lords held that the objective test for recklessness in Caldwell should not apply to children and young people. Instead, the subjective test from Cunningham should be used. The court reasoned that children and young people may not have the same level of understanding and awareness as adults, and that it would be unfair to hold them to the same standard.

#### Significance and Impact:
- **Subjective Recklessness for Minors:** R v G restored the subjective test for recklessness for children and young people, recognizing that they may not have the same cognitive abilities as adults.
- **Fairness and Justice:** The decision was seen as a more fair and just approach to dealing with young offenders, taking into account their age and development.
- **Modern Law:** The subjective test for recklessness in R v G is now the standard for children and young people in criminal law, while the objective test from Caldwell continues to apply to adults in certain contexts.

### Conclusion:
These cases have had a significant impact on the development of criminal law in the UK, particularly in the area of recklessness. R v Cunningham established the subjective test for recklessness, which was later replaced by the objective test in R v Caldwell. However, R v G restored the subjective test for children and young people, recognizing the need for a more nuanced approach to juvenile justice. These cases highlight the ongoing evolution of legal principles to balance public safety, fairness, and justice. [end of text]


