user
I have written a fan fiction based on World of Warcraft characters. I saved the file into wowfanfic.txt

What is a probable output if I run this Linux command?

$ cat wowfanfic.txt | perl -ne '@a = split(/\s/); foreach (@a) { print $_ . "\n"; }' | sort |  uniq -c | sort -n | tail -n 20

Explain your answer with respect to basic linguistic principles.

model
Okay, let's break down this Linux command and predict its output, along with an explanation of the linguistic principles involved.

**Understanding the Command**

This command is a pipeline of text processing tools, each performing a specific task on the output of the previous one. Here's a breakdown:

1. **`cat wowfanfic.txt`**: This command simply displays the contents of the file `wowfanfic.txt` to the standard output.

2. **`|` (Pipe)**: This symbol takes the output from the `cat` command and feeds it as input to the next command.

3. **`perl -ne '@a = split(/\s/); foreach (@a) { print $_ . "\n"; }'`**: This is the core of the processing. Let's dissect it:
   * `perl`:  Invokes the Perl interpreter.
   * `-n`:  This option tells Perl to read the input file line by line and execute the code for each line.
   * `-e`:  This option tells Perl to execute the following code directly.
   * `@a = split(/\s/);`: This is the Perl code.  It does the following:
      * `split(/\s/);`: This splits the current line of input into an array called `@a`.  `/\s/` is a regular expression that matches *any* whitespace character (spaces, tabs, newlines, etc.).  So, it splits the line wherever it finds whitespace.
   * `foreach (@a) { print $_ . "\n"; }`: This loop iterates through each element (`$_`) in the `@a` array and prints it followed by a newline character (`\n`).

4. **`|` (Pipe)**:  Again, this pipes the output of the Perl command to the next command.

5. **`sort`**: This command sorts the lines of text alphabetically.

6. **`|` (Pipe)**:  Pipes the sorted output to the next command.

7. **`uniq -c`**: This command counts the occurrences of each unique line.  The `-c` option tells `uniq` to prefix each line with the number of times it appears.

8. **`|` (Pipe)**:  Pipes the output of `uniq -c` to the next command.

9. **`sort -n`**: This command sorts the output of `uniq -c` numerically, based on the counts (the numbers).  This puts the most frequent lines at the top.

10. **`|` (Pipe)**:  Pipes the sorted output to the next command.

11. **`tail -n 20`**: This command displays the last 20 lines of the input.

**Probable Output**

The output will be a list of the 20 most frequent words or phrases from your `wowfanfic.txt` file, along with the number of times each one appears, sorted from most frequent to least frequent.

**Example:**

```
  12  Alliance
   8  Arthas
   7  Blizzard
   6  Death Knight
   5  Grommash
   5  Horde
   4  Jaina
   4  Legion
   4  Magus
   4  Ner'zhul
   4  Paladin
   4  Sylvanas
   3  Anduin
   3  Blood Elves
   3  Druid
   3  Kil'jaeden
   3  Mage
   3  Orc
   3  Shadowlands
   3  Void
```

**Linguistic Principles**

* **Tokenization:** The `split(/\s/)` part of the Perl command is a fundamental step in *tokenization*. Tokenization is the process of breaking down a text string into smaller units (tokens). In this case, the tokens are individual words or phrases separated by whitespace.  This is a core operation in Natural Language Processing (NLP).

* **Regular Expressions:** The `/\s/` is a regular expression. Regular expressions are powerful tools for pattern matching in text.  `\s` is a shorthand character class that matches any whitespace character.

* **Counting Frequency:** The `uniq -c` command is based on the principle of *frequency analysis*.  In linguistics, frequency analysis is the study of how often words or other linguistic units appear in a text.  It's a key technique for understanding the content and style of a text.

* **Sorting:** The `sort` commands are used to organize the data.  `sort` arranges items alphabetically (or numerically in the case of `sort -n`), and this is a common way to present information in a structured manner.

* **Text Analysis:**  The entire command represents a simple form of *text analysis*.  It's a way to extract meaningful information from a large amount of text data.


**Important Note:** The exact output will depend entirely on the content of your `wowfanfic.txt` file.  The more unique words and phrases you have, the more varied the output will be.  The command will also be sensitive to punctuation and capitalization.  If you want to normalize the text (e.g., convert everything to lowercase, remove punctuation), you'll need to add additional processing steps to the command pipeline.
 [end of text]


