Let's break down this Linux command and predict its output.

**Understanding the Command**

This command is designed to analyze the word frequencies in your `wowfanfic.txt` file. Here's a step-by-step explanation:

1. **`cat wowfanfic.txt`**: This part reads the contents of your `wowfanfic.txt` file and sends it to the next command in the pipeline.

2. **`| perl -ne '@a = split(/\s/); foreach (@a) { print $_ . "\n"; }`**: This is a Perl one-liner that processes the text:
   - `perl -ne`:  This tells Perl to execute the following code for each line (`-n`) of input.
   - `@a = split(/\s/);`: This splits each line into an array (`@a`) based on whitespace characters (`\s`).  Essentially, it breaks the text into individual words.
   - `foreach (@a) { print $_ . "\n"; }`: This loops through each word in the array `@a` and prints it on a separate line.

3. **`| sort`**: This pipes the output to the `sort` command, which sorts the words alphabetically.

4. **`| uniq -c`**: This pipes the sorted output to `uniq -c`, which counts the occurrences of each unique word and prints them in the format "count word".

5. **`| sort -n`**: This sorts the word counts numerically, so the most frequent words appear first.

6. **`| tail -n 20`**: Finally, this takes the last 20 lines of the sorted output, effectively showing you the 20 most frequent words in your fanfiction.

**Linguistic Principles at Play**

- **Tokenization:** The `split(/\s/)` command in Perl performs tokenization, breaking down the text into individual units (words) based on whitespace. This is a fundamental step in natural language processing.
- **Frequency Analysis:** The `uniq -c` command calculates word frequencies, which is a common linguistic analysis technique used to understand the distribution of words in a text.
- **Sorting:** Sorting the word counts (`sort -n`) allows us to easily identify the most common words.

**Probable Output**

The output will be a list of the 20 most frequent words in your `wowfanfic.txt` file, along with their counts.  

For example:

```
123 the
98 and
75 of
64 to
51 a
...
```



Let me know if you have any other questions! [end of text]


