
Alright, let me try to figure this out. So the user has a fan fiction based on World of Warcraft characters and saved it into a file called wowfanfic.txt. They want to know what the output would be if they run a specific Linux command on it.

The command they provided is: $ cat wowfanfic.txt | perl -ne '@a = split(/\s/); foreach (@a) { print $_ . "\n"; }' | sort | uniq -c | sort -n | tail -n 20

I need to break this down step by step.

First, the command starts with $ cat wowfanfic.txt. That's just copying the content of the file into the console. So the output of this command is the text of wowfanfic.txt.

Then, it's passed to a Perl script. The Perl command is: 

@a = split(/\s/); foreach (@a) { print $_ . "\n"; }

So let me parse this. The split function is used with the regular expression /\s/, which splits on any whitespace. So @a is an array of the words in the string. Then foreach loops over each element of @a and prints it followed by a new line.

So essentially, the content of wowfanfic.txt is processed into each word on a new line. So if the file has lines like "Character 1", "Character 2", etc., each line would be printed on a new line in the output.

Then the output is passed through sort, uniq -c, sort -n, tail -n 20.

Let me think about each step.

First step: The cat command outputs the entire content of wowfanic.txt. So whatever text is in that file.

Then the Perl command runs. So let's see:

The first line is @a = split(/\s/); So this splits the string into an array of words. So if the file has multiple lines, perhaps each line is a word? Or maybe the file is a single line? Not sure. But the split would process the entire content into an array of words.

Then foreach (@a) { print $_ . "\n"; }

So for each element in @a, which is each word, print it followed by a new line. So effectively, each word in the file is printed on a separate line.

So the output after the first two steps would be each word in wowfanfic.txt on a new line.

Then the next command is sort. So sorting the output. But what is the content? It's a bunch of lines each word from the file. So sorting them alphabetically.

Then uniq -c counts the number of unique characters. So it's counting how many unique words there are.

Then sort -n orders them by natural order, and tail -n 20 takes the last 20 lines.

So putting it all together:

The output would be the last 20 unique words from the file, sorted, in natural order.

But let me think again.

The command chain is:

1. cat wowfanfic.txt: outputs the content of the file.

2. The output is passed to a Perl script:

   - The script splits the content into words (split on whitespace), assigns to @a.

   - Then foreach loops over each word in @a, prints it followed by a new line.

   So effectively, each word is printed on a separate line.

3. Then sort: sorts all the lines alphabetically.

4. uniq -c: counts the number of unique words.

5. sort -n: sorts the unique words numerically or lexically.

6. tail -n 20: takes the last 20 lines.

So the output would be the last 20 unique words from the file, sorted lexically.

But wait, the file is wowfanfic.txt. So the content is the fan fiction. So perhaps it's a story or a narrative.

So the output would be the last 20 unique words from the content of the file, sorted.

But let me think about the exact steps.

The command is:

cat wowfanfic.txt | Perl script | sort | uniq -c | sort -n | tail -n 20

So the steps:

- The first part is the content of the file.

- Then the content is processed by the Perl script which outputs each word on a new line.

So the output after the first two steps is each word on a new line.

Then sort: sorts all those lines lexically.

uniq -c: counts the number of unique words.

Then sort -n: sorts the unique words numerically? Or natural order.

Then tail -n 20: takes the last 20 lines.

So the output would be the last 20 unique words from the file, sorted.

So for example, if the file has 100 words, after processing, the output would be the last 20 unique words sorted.

But since the user didn't provide the content of wowfanfic.txt, I can't give exact words. But perhaps the output is the last 20 unique words sorted.

But the question is about the probable output based on basic linguistic principles.

So the output would be the last 20 unique words from the content of the file, sorted in natural order.

So the command would process the file, output each word on a new line, then sort them, count unique, sort again, take last 20.

So the final output would be the last 20 unique words sorted lexically.

So in terms of output, it would be something like:

word1
word2
...
word20

But in sorted order.

So perhaps the output is the last 20 unique words from the file, sorted.

So to explain with basic linguistic principles:

- The cat command copies the text.

- The Perl script splits into words, prints each on a new line.

- Sorting orders them alphabetically.

- uniq -c counts unique words.

- Tail -n 20 takes last 20.

So the probable output is the last 20 unique words from the file, sorted.

So the answer would be something like:

The output is the last 20 unique words from the content of wowfanfic.txt, sorted lexicographically.

But since the user wants an explanation with respect to basic linguistic principles, perhaps just state that it's the last 20 unique words sorted.

So putting it together in a concise way.
</think>

The output is the last 20 unique words from the content of "wowfanfic.txt", sorted lexicographically. This is determined by processing the text through text splitting, sorting, and tailing. The command extracts unique words, sorts them, and outputs the last 20 in order.

**Explanation:**
The command processes the text by splitting into words, sorting them lexicographically, counting unique words, and tailing the last 20. Thus, the output is the last 20 unique words sorted. [end of text]


