This Linux command pipeline processes your `wowfanfic.txt` file in several stages to extract and analyze word frequencies. Here's a breakdown of what it does and the probable output, along with linguistic insights:

### Command Breakdown:
1. **`cat wowfanfic.txt`**: Reads the file.
2. **`perl -ne '@a = split(/\s/); foreach (@a) { print $_ . "\n"; }'`**:
   - Splits each line into words (using whitespace `\s` as a delimiter).
   - Prints each word on a new line (tokenization).
3. **`sort`**: Alphabetically sorts all words.
4. **`uniq -c`**: Counts occurrences of each unique word.
5. **`sort -n`**: Sorts words by frequency (ascending).
6. **`tail -n 20`**: Shows the **20 most frequent words**.

### Probable Output:
You'll see the 20 most common words in your fanfic, sorted by frequency. For example:
```
     15 and
     17 the
     18 his
     20 with
     22 Thrall
     23 he
     25 Jaina
     30 to
     32 was
     35 in
     40 of
     42 a
     45 her
     50 as
     52 for
     55 it
     60 that
     65 they
     70 she
    100 the
```

### Linguistic Principles:
1. **Zipf's Law**: 
   - Natural language follows a power-law distribution where a few words (e.g., function words like "the," "and," "to") dominate frequency counts. 
   - The output will likely show high-frequency function words (e.g., articles, prepositions) at the top.

2. **Tokenization**:
   - The `split(/\s/)` splits on whitespace, which is a simple but imperfect method (e.g., "Jaina's" → "Jaina's" instead of two tokens). Punctuation may remain attached to words.

3. **Proper Nouns**:
   - Character names (e.g., "Thrall," "Jaina") may appear prominently if your fanfic focuses on specific WoW characters.

4. **Morphology Ignored**:
   - "He" and "his" are counted separately despite being morphologically related (no stemming/lemmatization).

5. **Case Sensitivity**:
   - "The" and "the" would be counted separately unless normalized (your pipeline doesn’t lowercase words).

### Expected Adjustments:
- If you lowercased all words (`perl -ne 'print lc'` before splitting), frequencies for case-variant words would merge.
- Punctuation handling (e.g., stripping apostrophes/periods) would improve accuracy.

### Why This Matters for Fan Fiction:
- High-frequency words reflect narrative style (e.g., dialogue-heavy stories may have more pronouns like "she"/"they").
- Character names' frequencies can indicate POV focus (e.g., "Jaina" appearing often suggests she’s a central character).

Let me know if you'd like to refine the command for deeper analysis (e.g., ignoring stopwords, handling punctuation)! [end of text]


