The command you've provided processes the `wowfanfic.txt` file and outputs the 20 most frequently occurring words in descending order of frequency. Let's break down the command step by step to understand what it does:

1. **`cat wowfanfic.txt`**: This command reads the contents of the file `wowfanfic.txt` and outputs it to the standard output (stdout).

2. **`perl -ne '@a = split(/\s/); foreach (@a) { print $_ . "\n"; }'`**: This Perl one-liner processes each line of the input:
   - `-n` tells Perl to loop over each line of the input.
   - `@a = split(/\s/)` splits each line into an array `@a` of words, using whitespace as the delimiter.
   - `foreach (@a) { print $_ . "\n"; }` prints each word on a new line.

3. **`sort`**: This command sorts the words alphabetically.

4. **`uniq -c`**: This command counts the occurrences of each unique word and prefixes each line with the count.

5. **`sort -n`**: This command sorts the lines numerically based on the count, so the most frequent words come first.

6. **`tail -n 20`**: This command outputs the last 20 lines of the sorted and counted word list, which corresponds to the 20 most frequently occurring words.

### Explanation with Respect to Basic Linguistic Principles

1. **Tokenization**: The Perl script splits the text into individual words (tokens) based on whitespace. This is a fundamental step in text processing and is akin to breaking down a sentence into its constituent words.

2. **Frequency Analysis**: The `uniq -c` command counts the occurrences of each word. This is a basic form of frequency analysis, which is used in various linguistic studies to understand word usage patterns.

3. **Sorting**: The `sort` commands organize the words first alphabetically and then numerically by frequency. Sorting helps in identifying patterns and making data more interpretable.

4. **Selection**: The `tail -n 20` command selects the top 20 most frequent words. This is useful for identifying the most common vocabulary in the text, which can provide insights into the themes, characters, and settings of the fan fiction.

### Probable Output

The output will be a list of the 20 most frequently occurring words in the `wowfanfic.txt` file, along with their counts, sorted in descending order of frequency. For example:

```
      50 the
      45 and
      40 of
      35 to
      30 a
      25 in
      20 he
      18 was
      17 it
      16 his
      15 that
      14 for
      13 with
      12 on
      11 as
      10 her
       9 she
       8 but
       7 not
       6 or
```

This output shows that the word "the" appears 50 times, "and" appears 45 times, and so on. The words are sorted by their frequency, providing a clear picture of the most common terms used in the fan fiction. [end of text]


