The command you provided is a pipeline that processes the `wowfanfic.txt` file to analyze word frequency in your WoW fanfiction. Here's what each part does and what the output would likely look like, along with an explanation based on linguistic principles:

---

### **Command Breakdown:**
1. **`cat wowfanfic.txt`**
   - Reads the file and outputs its contents line by line.

2. **`perl -ne '@a = split(/\s/); foreach (@a) { print $_ . "\n"; }'`**
   - Splits each line into words (using whitespace `\s` as the delimiter) and prints each word on a new line.
   - This is essentially tokenizing the text into individual words (a fundamental step in text processing).

3. **`sort`**
   - Sorts the words alphabetically (lexicographical order).

4. **`uniq -c`**
   - Counts occurrences of each unique word (`-c` gives counts) and removes duplicates.
   - This is a frequency analysis step, counting how often each word appears.

5. **`sort -n`**
   - Sorts the words numerically by their frequency (ascending order).

6. **`tail -n 20`**
   - Shows the last 20 lines of the sorted output, which are the **20 most frequent words** in the text.

---

### **Probable Output:**
The output would be a list of the **20 most common words** in your WoW fanfiction, ranked from least to most frequent (since `sort -n` sorts in ascending order). The last few lines would show the highest-frequency words, such as:

```
    1234 the
    1123 and
     987 of
     842 to
     765 a
     654 in
     543 he
     432 she
     321 said
     298 or
     287 not
     276 but
     265 her
     254 his
     243 they
     232 were
     221 would
     210 could
     205 warcraft
```

*(Note: The actual numbers and words would depend on your specific fanfiction, but these are typical high-frequency words in English text.)*

---

### **Linguistic Explanation:**
1. **Tokenization (`split(/\s/)`)**
   - The text is broken into **tokens** (words or subword units). In this case, it splits on whitespace, which is a simple but effective way to separate words in English (though it may not handle punctuation perfectly, e.g., "said," vs. "said").

2. **Stop Words and Function Words**
   - The most frequent words in any text are usually **function words** (e.g., "the," "and," "of," "to," "a," "in"), which serve grammatical roles rather than carrying semantic meaning. These are called **stop words** in NLP (Natural Language Processing).
   - In your output, you’d likely see many of these (e.g., "the," "and," "of," "to," "a," "in," "he," "she," "said").

3. **Content Words vs. Function Words**
   - The **least frequent** words in the top-20 list (if sorted ascendingly) would still be function words, while the **most frequent** (last few lines) might include:
     - **Proper nouns**: Character names (e.g., "Garrosh," "Alleria," "Thrall"), race names (e.g., "orc," "elf"), or location names (e.g., "Stormwind," "Orgrimmar").
     - **Domain-specific terms**: WoW-related words like "warcraft," "alliance," "horde," "druid," "paladin," "deathknight," "quest," "raid," "boss," etc.
     - **Verbs of speech**: "said," "shouted," "whispered" (common in dialogue-heavy fanfiction).
     - **Pronouns**: "he," "she," "they," "his," "her."

4. **Fanfiction-Specific Patterns**
   - Since this is **fanfiction**, you might see:
     - **High frequency of character names** (e.g., "Jaina," "Varian," "Sylvanas").
     - **Dialogue tags**: "said," "asked," "replied," "growled."
     - **Fantasy/WoW-specific vocabulary**: "spell," "mana," "axe," "sword," "dragon," "demon."
     - **Emotional or action words**: "laughed," "screamed," "killed," "fought," "loved," "hated."
     - **Tense markers**: "would," "could," "had" (common in narrative past tense).

5. **Why `sort -n` and `tail -n 20`?**
   - The pipeline sorts by frequency (`sort -n`) and shows the top 20 (`tail -n 20`), but since `sort -n` is ascending, the **last 20 lines** are the most frequent. If you wanted descending order, you’d use `sort -nr` (reverse numeric sort), and then `head -n 20` would show the top 20.

---

### **Example of a More WoW-Specific Output:**
If your fanfiction is heavily lore-driven, the output might look like this (hypothetical):
```
    150 the
    140 and
    120 of
    100 to
     90 a
     80 in
     75 orc
     70 elf
     65 said
     60 warcraft
     55 horde
     50 alliance
     45 thrall
     40 garrosh
     38 alleria
     35 stormwind
     33 orgrimmar
     30 raid
     28 boss
     25 deathknight
```

---
### **What This Tells You About the Text:**
- **Genre/Theme**: High frequency of "horde," "alliance," "orc," "elf" suggests a lore-heavy or political story. Words like "raid," "boss," "deathknight" imply gameplay or dungeon-crawling elements.
- **Narrative Style**: Many "said" and pronouns ("he," "she") indicate dialogue-driven storytelling.
- **Character Focus**: Names like "Garrosh," "Alleria," or "Thrall" reveal which characters are central.

---
### **Improvements to the Command:**
If you wanted a more refined analysis, you could:
1. **Normalize case**: Use `perl -ne 'print lc($_)'` to lowercase all words (so "The" and "the" are counted together).
2. **Remove punctuation**: Use `tr -d '[:punct:]'` to strip punctuation from words.
3. **Filter stop words**: Exclude common words like "the," "and," etc., to focus on meaningful terms.
4. **Use `sort -nr`**: To show the most frequent words first (descending order).

Example improved command:
```bash
cat wowfanfic.txt | tr '[:upper:]' '[:lower:]' | tr -d '[:punct:]' | perl -ne '@a = split(/\s/); foreach (@a) { print $_ . "\n"; }' | sort | uniq -c | sort -nr | head -n 20
``` [end of text]


