A delightful intersection of World of Warcraft, Linux, and linguistics! Let's break down the command and predict the probable output, explaining it through the lens of basic linguistic principles.

**Command Breakdown**

1. `cat wowfanfic.txt`: Displays the content of your fan fiction text file.
2. `perl -ne '@a = split(/\s/); foreach (@a) { print $_ . "\n"; }'`:
	* `-n` processes the input file line by line.
	* `split(/\s/)`: Splits each line into an array `@a` using **whitespace characters** (spaces, tabs, newlines) as delimiters, effectively **tokenizing** the text into individual **tokens** (words or word-like sequences).
	* `foreach (@a) { print $_ . "\n"; }`: Prints each token on a new line.
3. `sort`: Sorts the output alphabetically.
4. `uniq -c`: Counts consecutive identical lines, outputting each unique line with its **frequency count**.
5. `sort -n`: Sorts the output **numerically** by the frequency count.
6. `tail -n 20`: Displays the **last 20 lines** of the sorted output, which, due to the preceding numerical sort, shows the **20 most frequent tokens**.

**Probable Output**

Given the linguistic principles involved, here's a likely output format for the last 20 lines (most frequent tokens):

```
  1 the
  2 and
  3 a
  4 of
  5 to
  6 in
  7 that
  8 is
  9 for
 10 with
 11 as
 12 on
 13 at
 14 by
 15 or
 16 I
 17 you
 18 this
 19 said
 20 **[Context-dependent, e.g., a common WoW name, a frequent verb (e.g., "kill", "go"), or a common adjective (e.g., "dark", "high")]**
```

**Explanation through Basic Linguistic Principles**

1. **Tokenization**: The command splits the text into individual words or tokens. This is based on the linguistic concept of **word boundaries**, often marked by whitespace in written language.

2. **Frequency Analysis**:
   - **High Frequency of Function Words**: The top entries (`the`, `and`, `a`, `of`, etc.) are likely **function words** (prepositions, conjunctions, articles). These have high frequencies in most texts due to their grammatical roles, illustrating the principle that **function words are more common than content words** in language use.
   - **Lower Frequency of Content Words**: As you move down the list, **content words** (nouns, verbs, adjectives) appear. These are more meaningful in terms of content but less frequent. The 20th entry is speculative because it depends on your fan fiction's content:
     - **Proper Nouns (e.g., Character/Location Names from WoW)**: If a character (e.g., "Thrall", "Sylvanas") or location (e.g., "Azeroth", "Orgrimmar") is central to your story, it might appear here.
     - **Action Verbs (e.g., "kill", "attack", "cast")**: Given the nature of WoW, verbs related to actions common in the game could be frequent.
     - **Adjectives (e.g., "dark", "powerful")**: Descriptive words common in fantasy narratives might also rank high.

3. **Linguistic Patterns Reflected**:
   - **Zipf's Law**: The output indirectly reflects Zipf's Law, where a small number of words (function words) have very high frequencies, and many words (content words) have low frequencies.
   - **Content vs. Function Words**: The distinction in frequency between function and content words highlights their different roles in language structure and meaning conveyance. [end of text]


