Let's break down the command and what it does, step by step, and then explain the linguistic principles at play.

### The Command Breakdown

```bash
cat wowfanfic.txt | perl -ne '@a = split(/\s/); foreach (@a) { print $_ . "\n"; }' | sort | uniq -c | sort -n | tail -n 20
```

#### 1. `cat wowfanfic.txt`
- **Purpose:** Displays the contents of `wowfanfic.txt` on the terminal.
- **Effect:** Outputs the text file's content as a stream of lines.

#### 2. Pipe (`|`) to Perl script
- **Perl Script Explanation:**
  ```perl
  -ne '@a = split(/\s/); foreach (@a) { print $_ . "\n"; }'
  ```
  - `-ne ...` means "execute this block of code for each line as it is read".
  - `split(/\s/)` splits each input line into an array of whitespace-separated tokens (words).
  - `@a = ...` assigns that array to `@a`.
  - `foreach (@a) { print $_ . "\n"; }` prints each word from the line, one per line, followed by a newline.
  - **Net Effect:** For each line in the input file, the script outputs each word on its own line (with an extra blank line after each word due to the trailing `\n`). So, if a line is `"The cat sat"`, the output will be:
    ```
    The
    cat
    sat
    (blank line)
    ```

#### 3. Pipe (`|`) to `sort`
- **Purpose:** Sorts the stream of words alphabetically.

#### 4. Pipe (`|`) to `uniq -c`
- **Purpose:** Counts consecutive duplicate words.
  - `uniq` removes duplicate lines, but `-c` prints the count before each unique word.
  - So, if the sorted stream has `"the"`, `"the"`, `"cat"`, it becomes:
    ```
    2 the
    1 cat
    ```

#### 5. Pipe (`|`) to `sort -n`
- **Purpose:** Sorts the output numerically (by count), so you see the most frequent words first.

#### 6. Pipe (`|`) to `tail -n 20`
- **Purpose:** Shows the last (i.e., 20 most frequent) lines from the sorted, counted output.

---

## What is the probable output?

The output will be a list of the **20 most frequent words** in your fan fiction, ordered from most to least common, each preceded by its count. For example:

```
12 the
10 and
8 of
6 to
5 in
...
```

Each line will have the format:  
`<count> <word>`

These words are the most common 20 in your text, after all the processing.

---

## Linguistic Principles at Play

Let's analyze the linguistic (text processing) principles here:

### 1. **Tokenization**
- The script splits lines into **tokens (words)** using `split(/\s/)`. This is the process of breaking text into meaningful units (words), ignoring punctuation attached to words (unless it's part of the word itself). This is a basic step in natural language processing (NLP).

### 2. **Bag of Words Model**
- By outputting each word individually (regardless of context), the script is using the **bag-of-words model**—a simplification where the order and context of words are ignored, and only the frequency of each word matters. This is useful for basic frequency analysis but not for semantic analysis.

### 3. **Text Normalization (Case Insensitivity?)**
- The command as written is case-sensitive (since `split(/\s/)` preserves case). If you want true case-insensitive counting, you'd need to lowercase everything first. But as written, "The" and "the" are counted separately.

### 4. **Frequency Counting**
- `uniq -c` counts the number of times each word appears in the sequence. This is classic **frequency analysis**, a fundamental operation in text mining.

### 5. **Sorting and Ranking**
- The use of `sort` and `sort -n` (numeric sort by count) allows the results to be **ranked by frequency**, so the most common words appear first.

### 6. **Selecting Top N (Top 20)**
- `tail -n 20` extracts the last 20 lines from the sorted list, which, due to the previous sorting, are the **20 most frequent words**.

---

## Summary

**Probable Output:**  
A list of the 20 most frequently occurring words in your fan fiction, each on its own line in the format `N word`, ordered from most to least frequent.

**Linguistic Principles:**
- **Tokenization:** Breaking text into words.
- **Frequency Analysis:** Counting occurrences of each token.
- **Ranking:** Sorting by frequency.
- **Bag-of-words Model:** Ignoring word order and context for frequency counting.
- **Text Processing Pipeline:** Chaining together standard Unix and Perl text-processing tools to analyze and summarize text.

These steps are fundamental in computational linguistics and text analysis, allowing us to quickly identify the most common themes or vocabulary in a body of text. [end of text]


