Here is a fictional list of 30 events in CSV format with random dates and times in the 2020s. Some of the events have conflicting start and end times:

```csv
Event Name,Start Date,Start Time,End Date,End Time
Tech Conference 2023,2023-04-15,09:00,2023-04-17,17:00
Summer Music Festival,2023-07-20,12:00,2023-07-22,23:59
Business Summit,2023-09-10,08:30,2023-09-12,16:00
Art Exhibition,2023-05-05,10:00,2023-05-07,18:00
Charity Run,2023-10-15,07:00,2023-10-15,12:00
Film Festival,2023-06-25,14:00,2023-06-28,22:00
Holiday Market,2023-12-01,10:00,2023-12-03,18:00
Startup Expo,2023-03-20,09:00,2023-03-22,17:00
Comedy Night,2023-08-10,19:00,2023-08-10,22:00
Book Launch,2023-04-20,15:00,2023-04-20,17:00
Fashion Show,2023-07-15,18:00,2023-07-15,21:00
Food Festival,2023-09-25,11:00,2023-09-27,19:00
Charity Gala,2023-11-10,18:00,2023-11-10,23:00
Science Symposium,2023-02-28,09:00,2023-03-02,17:00
Dance Performance,2023-06-10,19:00,2023-06-10,21:00
Sports Tournament,2023-05-20,08:00,2023-05-22,16:00
Photography Workshop,2023-08-05,10:00,2023-08-07,18:00
Wine Tasting,2023-10-25,17:00,2023-10-25,20:00
Coding Bootcamp,2023-04-05,09:00,2023-04-07,17:00
Yoga Retreat,2023-07-01,08:00,2023-07-03,16:00
Pet Expo,2023-09-05,10:00,2023-09-07,18:00
Cooking Class,2023-06-05,14:00,2023-06-05,17:00
Garden Party,2023-11-20,15:00,2023-11-20,18:00
Career Fair,2023-03-10,09:00,2023-03-12,17:00
Theater Show,2023-05-15,19:00,2023-05-15,21:00
Health Seminar,2023-08-20,10:00,2023-08-22,18:00
Art Workshop,2023-10-05,10:00,2023-10-07,18:00
Networking Event,2023-04-10,18:00,2023-04-10,21:00
DIY Craft Fair,2023-07-10,11:00,2023-07-12,19:00
```

### Conflicting Events:
1. **Tech Conference 2023** (2023-04-15, 09:00 - 2023-04-17, 17:00) conflicts with **Coding Bootcamp** (2023-04-05, 09:00 - 2023-04-07, 17:00) because they overlap on 2023-04-15 and 2023-04-16.
2. **Summer Music Festival** (2023-07-20, 12:00 - 2023-07-22, 23:59) conflicts with **Fashion Show** (2023-07-15, 18:00 - 2023-07-15, 21:00) because they overlap on 2023-07-20.
3. **Business Summit** (2023-09-10, 08:30 - 2023-09-12, 16:00) conflicts with **Food Festival** (2023-09-25, 11:00 - 2023-09-27, 19:00) because they overlap on 2023-09-10.
4. **Art Exhibition** (2023-05-05, 10:00 - 2023-05-07, 18:00) conflicts with **Sports Tournament** (2023-05-20, 08:00 - 2023-05-22, 16:00) because they overlap on 2023-05-05.
5. **Charity Run** (2023-10-15, 07:00 - 2023-10-15, 12:00) conflicts with **Wine Tasting** (2023-10-25, 17:00 - 2023-10-25, 20:00) because they overlap on 2023-10-15.

These conflicts occur due to overlapping dates and times between the events. [end of text]


