
Sure, here is a fictional list of events in CSV format:

```
Event Name,Start Date,Start Time,End Date,End Time
Tech Conference,2022-05-15,09:00,2022-05-15,17:00
Art Exhibition,2022-05-15,10:00,2022-05-15,16:00
Music Festival,2022-05-16,18:00,2022-05-16,23:00
Business Workshop,2022-05-17,14:00,2022-05-17,16:00
Charity Gala,2022-05-18,19:00,2022-05-18,22:00
Sports Tournament,2022-05-19,09:00,2022-05-19,18:00
Film Screening,2022-05-20,20:00,2022-05-20,22:00
Cooking Class,2022-05-21,11:00,2022-05-21,13:00
Yoga Retreat,2022-05-22,08:00,2022-05-22,12:00
Book Launch,2022-05-23,15:00,2022-05-23,17:00
Gardening Workshop,2022-05-24,10:00,2022-05-24,12:00
Photography Exhibition,2022-05-25,13:00,2022-05-25,17:00
Dance Performance,2022-05-26,19:00,2022-05-26,21:00
Tech Meetup,2022-05-27,18:00,2022-05-27,20:00
Fashion Show,2022-05-28,16:00,2022-05-28,18:00
Comedy Night,2022-05-29,20:00,2022-05-29,22:00
Business Seminar,2022-05-30,09:00,2022-05-30,11:00
Art Workshop,2022-05-31,14:00,2022-05-31,16:00
Music Concert,2022-06-01,19:00,2022-06-01,22:00
Tech Conference,2022-06-02,09:00,2022-06-02,17:00
Art Exhibition,2022-06-02,10:00,2022-06-02,16:00
Music Festival,2022-06-03,18:00,2022-06-03,23:00
Business Workshop,2022-06-04,14:00,2022-06-04,16:00
Charity Gala,2022-06-05,19:00,2022-06-05,22:00
Sports Tournament,2022-06-06,09:00,2022-06-06,18:00
Film Screening,2022-06-07,20:00,2022-06-07,22:00
Cooking Class,2022-06-08,11:00,2022-06-08,13:00
Yoga Retreat,2022-06-09,08:00,2022-06-09,12:00
Book Launch,2022-06-10,15:00,2022-06-10,17:00
Gardening Workshop,2022-06-11,10:00,2022-06-11,12:00
```

Now, let's identify the events that have conflicts:

1. "Tech Conference" and "Art Exhibition" on 2022-06-02: The "Tech Conference" starts at 09:00 and ends at 17:00, while the "Art Exhibition" starts at 10:00 and ends at 16:00. These events overlap from 10:00 to 16:00.

2. "Music Festival" and "Business Workshop" on 2022-06-03: The "Music Festival" starts at 18:00 and ends at 23:00, while the "Business Workshop" starts at 14:00 and ends at 16:00. These events do not overlap as they are on the same day but at different times.

3. "Charity Gala" and "Sports Tournament" on 2022-06-05: The "Charity Gala" starts at 19:00 and ends at 22:00, while the "Sports Tournament" starts at 09:00 and ends at 18:00. These events do not overlap as they are on the same day but at different times.

4. "Film Screening" and "Cooking Class" on 2022-06-07: The "Film Screening" starts at 20:00 and ends at 22:00, while the "Cooking Class" starts at 11:00 and ends at 13:00. These events do not overlap as they are on the same day but at different times.

5. "Yoga Retreat" and "Book Launch" on 2022-06-09: The "Yoga Retreat" starts at 08:00 and ends at 12:00, while the "Book Launch" starts at 15:00 and ends at 17:00. These events do not overlap as they are on the same day but at different times.

6. "Gardening Workshop" and "Fashion Show" on 2022-06-11: The "Gardening Workshop" starts at 10:00 and ends at 12:00, while the "Fashion Show" starts at 16:00 and ends at 18:00. These events do not overlap as they are on the same day but at different times.

The only conflict is between "Tech Conference" and "Art Exhibition" on 2022-06-02. The other events listed do not have any conflicts as they are scheduled at different times on the same day or on different days altogether. [end of text]


