```csv
Event Name,Start Date,Start Time,End Date,End Time
Annual Tech Conference,2023-05-15,09:00,2023-05-17,17:00
Art Gallery Opening,2022-11-03,14:30,2022-11-03,20:00
City Marathon,2024-04-07,06:00,2024-04-07,12:30
Music Festival,2023-08-12,13:00,2023-08-14,22:00
Corporate Retreat,2023-01-10,08:00,2023-01-12,18:00
Film Screening Night,2024-02-29,19:00,2024-02-29,21:30
School Science Fair,2023-03-20,09:00,2023-03-20,15:00
Winter Fashion Show,2022-12-18,18:00,2022-12-18,22:00
Startup Pitch Day,2023-07-05,10:00,2023-07-05,16:00
Local Farmers Market,2024-01-15,07:00,2024-01-15,13:00
International Robotics Expo,2023-10-20,08:00,2023-10-22,19:00
Family Picnic Day,2023-06-18,11:00,2023-06-18,18:00
New Year’s Eve Party,2023-12-31,20:00,2024-01-01,02:00
Summer Music Festival,2024-07-10,15:00,2024-07-12,23:00
University Graduation Ceremony,2023-05-12,10:00,2023-05-12,13:00
Tech Hackathon,2023-09-08,08:00,2023-09-09,20:00
Holiday Craft Fair,2022-12-05,10:00,2022-12-05,18:00
Business Networking Mixer,2023-11-22,17:00,2023-11-22,21:00
Spring Garden Party,2024-04-14,12:00,2024-04-14,19:00
Winter Solstice Celebration,2022-12-21,18:00,2022-12-21,23:00
AI Innovation Summit,2023-12-01,09:00,2023-12-03,17:00
Children’s Theater Performance,2023-04-03,14:00,2023-04-03,16:30
Corporate Training Workshop,2024-03-11,09:00,2024-03-11,16:00
New Year’s Eve Countdown,2023-12-31,22:00,2024-01-01,01:00
Summer Camp Opening,2024-06-15,08:00,2024-06-15,10:00
International Film Festival,2023-09-15,11:00,2023-09-25,23:00
Tech Product Launch,2023-08-20,14:00,2023-08-20,16:00
Winter Sports Gala,2022-01-07,19:00,2022-01-07,23:00
Music Concert Series,2023-07-25,19:30,2023-07-25,22:00
Annual Charity Gala,2024-05-05,18:00,2024-05-05,23:30
```

### Conflicts Detected:

After analyzing the events, here are the **conflicting events** and the reasons why they conflict:

1. **New Year’s Eve Party (2023-12-31, 20:00 – 2024-01-01, 02:00)**  
   **Conflict with:** *New Year’s Eve Countdown (2023-12-31, 22:00 – 2024-01-01, 01:00)*  
   **Why:** The New Year’s Eve Party starts at 20:00 on Dec 31, 2023, and ends at 02:00 on Jan 1, 2024. The Countdown event runs from 22:00 to 01:00 on the same day. Since the Countdown overlaps with the Party (22:00–01:00), they **conflict** in time and likely location (both are New Year’s Eve events).

2. **AI Innovation Summit (2023-12-01, 09:00 – 2023-12-03, 17:00)**  
   **Conflict with:** *International Film Festival (2023-09-15, 11:00 – 2023-09-25, 23:00)*  
   **Wait — no conflict here.** These are on different dates (Sep vs Dec). So **no conflict**.

3. **Music Festival (2023-08-12, 13:00 – 2023-08-14, 22:00)**  
   **Conflict with:** *Tech Hackathon (2023-09-08, 08:00 – 2023-09-09, 20:00)*  
   **No conflict** — different dates.

4. **Summer Music Festival (2024-07-10, 15:00 – 2024-07-12, 23:00)**  
   **Conflict with:** *Tech Hackathon (2023-09-08, 08:00 – 2023-09-09, 20:00)*  
   **No conflict** — different years.

5. **Annual Tech Conference (2023-05-15, 09:00 – 2023-05-17, 17:00)**  
   **Conflict with:** *University Graduation Ceremony (2023-05-12, 10:00 – 2023-05-12, 13:00)*  
   **No conflict** — different dates.

6. **AI Innovation Summit (2023-12-01, 09:00 – 2023-12-03, 17:00)**  
   **Conflict with:** *New Year’s Eve Party (2023-12-31, 20:00 – 2024-01-01, 02:00)*  
   **No conflict** — different dates.

✅ **Only one confirmed conflict:**

- **New Year’s Eve Party (2023-12-31 20:00 – 2024-01-01 02:00)**  
  **vs**  
  **New Year’s Eve Countdown (2023-12-31 22:00 – 2024-01-01 01:00)**

👉 **Conflict Reason:** The Countdown event occurs **entirely within** the time window of the New Year’s Eve Party (22:00–01:00 on Dec 31, 2023). Since both are likely held at the same venue or require similar resources (e.g., crowd management, security, stage), they **conflict** in time and space.

---

### ✅ Final Answer:
**Only one conflict exists:**
- **New Year’s Eve Party** and **New Year’s Eve Countdown** overlap between **22:00 and 01:00 on December 31, 2023**, making them incompatible if they are meant to occur at the same location or require shared resources. [end of text]


