```csv
Event Name,Start Date,Start Time,End Date,End Time
Tech Summit 2024,2024-03-15,09:00,2024-03-15,17:00
Annual Charity Gala,2024-05-20,18:00,2024-05-21,02:00
Q1 Financial Review,2024-01-10,10:00,2024-01-10,12:00
Summer Music Festival,2024-07-04,14:00,2024-07-06,23:00
Product Launch Event,2024-03-15,14:00,2024-03-15,16:00
Team Building Workshop,2024-02-28,09:00,2024-02-28,17:00
International Conference,2024-06-12,08:30,2024-06-14,18:00
Board Meeting,2024-06-12,09:00,2024-06-12,11:00
Holiday Party,2024-12-20,17:00,2024-12-20,22:00
Webinar Series: AI,2024-04-05,13:00,2024-04-05,15:00
Marketing Strategy Session,2024-04-05,14:00,2024-04-05,16:00
Customer Appreciation Day,2024-09-10,10:00,2024-09-10,14:00
Hackathon 2024,2024-11-02,09:00,2024-11-03,09:00
Quarterly All-Hands,2024-03-25,11:00,2024-03-25,12:30
Networking Mixer,2024-03-25,11:30,2024-03-25,13:30
Design Sprint,2024-08-15,09:00,2024-08-16,17:00
Sales Kickoff,2024-08-15,10:00,2024-08-15,16:00
Wellness Retreat,2024-10-05,08:00,2024-10-07,18:00
Innovation Fair,2024-05-10,10:00,2024-05-10,18:00
Leadership Summit,2024-05-10,14:00,2024-05-10,17:00
Community Outreach,2024-02-14,12:00,2024-02-14,16:00
Data Analytics Workshop,2024-07-22,09:00,2024-07-22,12:00
Cybersecurity Seminar,2024-07-22,10:00,2024-07-22,13:00
Global Tech Expo,2024-09-18,08:00,2024-09-20,18:00
Startup Pitch Night,2024-09-18,19:00,2024-09-18,22:00
Employee Training Day,2024-01-25,09:00,2024-01-25,17:00
Client Onboarding,2024-01-25,10:00,2024-01-25,15:00
Year-End Review,2024-12-15,13:00,2024-12-15,16:00
New Year's Eve Party,2024-12-31,20:00,2025-01-01,02:00
Spring Cleaning Drive,2024-03-30,08:00,2024-03-30,12:00
```

### Conflicting Events Analysis

Here are the events that have time conflicts (overlapping start and end times) based on the generated data:

1.  **Tech Summit 2024** vs. **Product Launch Event**
    *   **Why:** Both are scheduled for **2024-03-15**.
    *   **Tech Summit:** 09:00 – 17:00
    *   **Product Launch:** 14:00 – 16:00
    *   **Conflict:** The Product Launch falls entirely within the Tech Summit timeframe.

2.  **International Conference** vs. **Board Meeting**
    *   **Why:** Both are scheduled for **2024-06-12**.
    *   **International Conference:** 08:30 – 18:00 (Starts on the 12th, ends on the 14th)
    *   **Board Meeting:** 09:00 – 11:00
    *   **Conflict:** The Board Meeting occurs during the first day of the International Conference.

3.  **Webinar Series: AI** vs. **Marketing Strategy Session**
    *   **Why:** Both are scheduled for **2024-04-05**.
    *   **Webinar:** 13:00 – 15:00
    *   **Marketing Strategy:** 14:00 – 16:00
    *   **Conflict:** They overlap between 14:00 and 15:00.

4.  **Quarterly All-Hands** vs. **Networking Mixer**
    *   **Why:** Both are scheduled for **2024-03-25**.
    *   **Quarterly All-Hands:** 11:00 – 12:30
    *   **Networking Mixer:** 11:30 – 13:30
    *   **Conflict:** They overlap between 11:30 and 12:30.

5.  **Sales Kickoff** vs. **Design Sprint**
    *   **Why:** Both are scheduled for **2024-08-15**.
    *   **Sales Kickoff:** 10:00 – 16:00
    *   **Design Sprint:** 09:00 – 17:00 (Starts on the 15th, ends on the 16th)
    *   **Conflict:** The Sales Kickoff occurs entirely within the first day of the Design Sprint.

6.  **Innovation Fair** vs. **Leadership Summit**
    *   **Why:** Both are scheduled for **2024-05-10**.
    *   **Innovation Fair:** 10:00 – 18:00
    *   **Leadership Summit:** 14:00 – 17:00
    *   **Conflict:** The Leadership Summit falls entirely within the Innovation Fair timeframe.

7.  **Data Analytics Workshop** vs. **Cybersecurity Seminar**
    *   **Why:** Both are scheduled for **2024-07-22**.
    *   **Data Analytics:** 09:00 – 12:00
    *   **Cybersecurity:** 10:00 – 13:00
    *   **Conflict:** They overlap between 10:00 and 12:00.

8.  **Global Tech Expo** vs. **Startup Pitch Night**
    *   **Why:** Both are scheduled for **2024-09-18**.
    *   **Global Tech Expo:** 08:00 – 18:00
    *   **Startup Pitch Night:** 19:00 – 22:00
    *   **Conflict:** *Correction:* These do **not** conflict. The Expo ends at 18:00 and the Pitch Night starts at 19:00. This was a false positive in my initial scan.

9.  **Employee Training Day** vs. **Client Onboarding**
    *   **Why:** Both are scheduled for **2024-01-25**.
    *   **Employee Training:** 09:00 – 17:00
    *   **Client Onboarding:** 10:00 – 15:00
    *   **Conflict:** The Client Onboarding falls entirely within the Employee Training Day.

**Summary of Conflicts:**
There are **8** distinct pairs of conflicting events. The most common cause is scheduling a shorter, specific meeting (like a Board Meeting or Workshop) inside the timeframe of a larger, all-day event (like a Conference or Training Day) on the same date. [end of text]


