Of course. Here is a fictional list of 30 events in the requested CSV format, followed by an analysis of the conflicts.

### CSV Data

```csv
Event Name,Start Date,Start Time,End Date,End Time
Project Alpha Kickoff,2023-10-05,09:00,2023-10-05,11:30
Lunch with Investors,2023-10-05,12:00,2023-10-05,13:15
Team Sync Meeting,2023-10-10,14:00,2023-10-10,15:00
Product Demo Prep,2023-10-17,10:00,2023-10-17,12:00
Budget Review,2023-10-23,13:00,2023-10-23,15:30
Website Redesign Brainstorm,2023-10-02,11:00,2023-10-02,12:30
Quarterly Planning Session,2023-11-06,09:00,2023-11-07,16:00
Coffee with Mentor,2023-10-12,08:30,2023-10-12,09:15
Marketing Strategy Workshop,2023-10-18,09:00,2023-10-18,17:00
Client A Call,2023-10-05,10:45,2023-10-05,11:45
Server Maintenance Window,2023-10-21,23:00,2023-10-22,03:00
UX Design Review,2023-10-11,15:00,2023-10-11,16:30
Company All-Hands,2023-10-31,14:00,2023-10-31,16:00
New Hire Onboarding,2023-10-09,10:00,2023-10-09,16:00
Conference Call - Vendor B,2023-10-16,11:00,2023-10-16,12:00
Data Analysis Deep Dive,2023-10-25,09:00,2023-10-25,12:00
Team Building Activity,2023-10-13,13:00,2023-10-13,17:00
Financial Forecast Meeting,2023-10-23,14:00,2023-10-23,16:00
Product Launch,2023-11-10,00:00,2023-11-11,23:59
Training: New Software Tool,2023-10-19,13:00,2023-10-19,15:00
One-on-One with Manager,2023-10-10,15:30,2023-10-10,16:30
Interview Candidate #1,2023-10-04,14:00,2023-10-04,15:00
Social Media Campaign Review,2023-10-06,10:00,2023-10-06,11:00
Board of Directors Meeting,2023-10-30,08:00,2023-10-30,12:00
Networking Event,2023-10-26,18:00,2023-10-26,21:00
System Architecture Discussion,2023-10-11,16:00,2023-10-11,17:30
Bug Triage,2023-10-03,10:00,2023-10-03,11:30
Release Deployment,2023-10-20,20:00,2023-10-21,02:00
Sales Pipeline Review,2023-10-12,09:30,2023-10-12,11:00
Industry Webinar,2023-10-24,15:00,2023-10-24,16:30
```

### Conflict Analysis

Here are the events that conflict and the reason for each conflict:

1.  **Conflict 1: `Project Alpha Kickoff` and `Client A Call`**
    *   **Date:** October 5, 2023
    *   **Reason:** The Project Alpha Kickoff ends at 11:30. However, the Client A Call starts at 10:45 and ends at 11:45. This creates an overlap from 10:45 to 11:30, making it impossible to be fully present in both meetings.

2.  **Conflict 2: `Budget Review` and `Financial Forecast Meeting`**
    *   **Date:** October 23, 2023
    *   **Reason:** These are two separate meetings scheduled back-to-back in the same afternoon. The Budget Review is from 13:00 to 15:30, and the Financial Forecast Meeting is from 14:00 to 16:00. They overlap for a full hour (from 14:00 to 15:30), representing a clear scheduling conflict.

3.  **Conflict 3: `Team Sync Meeting` and `One-on-One with Manager`**
    *   **Date:** October 10, 2023
    *   **Reason:** The Team Sync Meeting ends at 15:00, and the One-on-One with Manager starts at 15:30. While there is a 30-minute gap, this is an extremely tight turnaround with no buffer time, risking the one-on-one being late or the sync meeting running over. In a practical sense, this is often considered a conflict for the individual's schedule.

4.  **Conflict 4: `UX Design Review` and `System Architecture Discussion`**
    *   **Date:** October 11, 2023
    *   **Reason:** These meetings are scheduled consecutively. The UX Design Review ends at 16:30, and the System Architecture Discussion starts at 16:00. This creates a 30-minute overlap (from 16:00 to 16:30), meaning you would have to leave one meeting early or join the other late.

5.  **Conflict 5: `Coffee with Mentor` and `Sales Pipeline Review`**
    *   **Date:** October 12, 2023
    *   **Reason:** The Coffee with Mentor ends at 09:15. The Sales Pipeline Review starts at 09:30. Similar to Conflict #3, this only leaves a 15-minute gap. If the coffee meeting runs even slightly over time or if any travel is involved between locations, it would cause a conflict for the start of the Sales Pipeline Review.

6.  **Multi-Day Conflict: `Quarterly Planning Session` and `Product Launch`**
    *   **Dates:** November 6-7 and November 10-11
    *   **Reason:** While these multi-day events do not overlap in time, they create a conflict in terms of focus and energy. Having a major two-day planning session immediately followed a few days later by a massive two-day product launch would likely require significant preparatory work during the gap days (Nov 8-9), creating an implicit scheduling conflict for that entire week. This is a resource and bandwidth conflict rather than a direct time overlap. [end of text]


