Here’s a fictional CSV with 30 random events in the 2020s, including some conflicts:

```csv
Event Name,Start Date,Start Time,End Date,End Time
Tech Conference,2023-05-15,09:00,2023-05-15,17:00
Team Meeting,2024-02-10,14:00,2024-02-10,15:30
Product Launch,2022-11-20,10:00,2022-11-20,12:00
Networking Mixer,2023-08-05,18:00,2023-08-05,21:00
Workshop: AI Basics,2025-01-12,13:00,2025-01-12,16:00
Hackathon,2023-05-15,08:00,2023-05-17,20:00
Board Retreat,2024-07-22,09:00,2024-07-24,16:00
Webinar: Marketing Trends,2022-09-30,11:00,2022-09-30,12:30
Annual Gala,2025-03-08,19:00,2025-03-08,23:00
Team Building,2023-05-15,16:00,2023-05-15,18:00
Client Pitch,2024-04-18,10:30,2024-04-18,12:00
Training Session,2023-11-11,09:00,2023-11-11,13:00
Company Picnic,2022-06-25,12:00,2022-06-25,17:00
Strategy Workshop,2024-02-10,13:00,2024-02-10,17:00
Product Demo,2023-08-05,17:00,2023-08-05,19:00
Leadership Summit,2025-01-12,10:00,2025-01-12,15:00
Sales Kickoff,2023-05-16,08:00,2023-05-16,18:00
HR Training,2024-07-22,14:00,2024-07-22,16:00
Investor Meeting,2022-09-30,10:00,2022-09-30,11:30
Charity Run,2025-03-08,08:00,2025-03-08,12:00
Design Sprint,2023-05-15,14:00,2023-05-15,17:00
All-Hands Meeting,2024-04-18,09:00,2024-04-18,10:00
Code Review,2023-11-11,14:00,2023-11-11,16:00
Holiday Party,2022-12-15,18:00,2022-12-15,22:00
Budget Planning,2024-02-10,15:00,2024-02-10,17:00
Customer Feedback Session,2023-08-05,16:00,2023-08-05,18:00
Team Lunch,2025-01-12,12:00,2025-01-12,13:30
Project Deadline,2023-05-17,00:00,2023-05-17,23:59
New Hire Orientation,2024-07-23,09:00,2024-07-23,12:00
Quarterly Review,2022-09-30,09:00,2022-09-30,12:00
```

### Conflicts:
1. **Tech Conference (2023-05-15, 09:00–17:00)** conflicts with:
   - **Hackathon (2023-05-15, 08:00–2023-05-17, 20:00)**: Overlaps the entire day.
   - **Team Building (2023-05-15, 16:00–18:00)**: Overlaps the last hour of the conference.
   - **Design Sprint (2023-05-15, 14:00–17:00)**: Overlaps the last 3 hours.

2. **Team Meeting (2024-02-10, 14:00–15:30)** conflicts with:
   - **Strategy Workshop (2024-02-10, 13:00–17:00)**: Overlaps entirely.
   - **Budget Planning (2024-02-10, 15:00–17:00)**: Overlaps the last 30 minutes.

3. **Networking Mixer (2023-08-05, 18:00–21:00)** conflicts with:
   - **Product Demo (2023-08-05, 17:00–19:00)**: Overlaps the first hour.
   - **Customer Feedback Session (2023-08-05, 16:00–18:00)**: Ends as the mixer starts (potential back-to-back scheduling issue).

4. **Workshop: AI Basics (2025-01-12, 13:00–16:00)** conflicts with:
   - **Leadership Summit (2025-01-12, 10:00–15:00)**: Overlaps the first 3 hours.
   - **Team Lunch (2025-01-12, 12:00–13:30)**: Ends 30 minutes before the workshop starts (tight but manageable).

5. **Investor Meeting (2022-09-30, 10:00–11:30)** conflicts with:
   - **Webinar: Marketing Trends (2022-09-30, 11:00–12:30)**: Overlaps the last 30 minutes.
   - **Quarterly Review (2022-09-30, 09:00–12:00)**: Overlaps entirely.

Conflicts occur when events share the same date and their time ranges overlap partially or fully. For example, two meetings scheduled simultaneously or a long event (like the Hackathon) spanning multiple days will conflict with shorter events on those days. [end of text]


