```csv
Event Name,Start Date,Start Time,End Date,End Time
"Board Meeting",2024-03-15,09:00,2024-03-15,11:00
"Team Lunch",2023-11-02,12:30,2023-11-02,14:00
"Client Presentation",2025-07-20,10:00,2025-07-20,12:00
"All-Hands Meeting",2022-09-08,14:00,2022-09-08,16:00
"Marketing Workshop",2024-01-27,08:30,2024-01-27,17:00
"Product Demo",2023-05-10,11:00,2023-05-10,13:00
"HR Training",2025-02-18,13:00,2025-02-18,15:00
"Sales Conference",2022-12-05,09:00,2022-12-07,17:00
"Tech Talk",2024-06-12,16:00,2024-06-12,18:00
"Budget Review",2023-08-22,10:00,2023-08-22,12:00
"Project Kickoff",2025-04-03,14:00,2025-04-03,16:00
"Networking Event",2022-10-29,18:00,2022-10-29,21:00
"Code Review",2024-02-01,09:00,2024-02-01,11:00
"Design Sprint",2023-06-17,08:00,2023-06-21,17:00
"Leadership Retreat",2025-09-15,09:00,2025-09-17,17:00
"Customer Feedback Session",2022-07-04,11:00,2022-07-04,13:00
"Security Audit",2024-05-20,13:00,2024-05-20,16:00
"Data Analysis Workshop",2023-01-12,14:00,2023-01-12,17:00
"Team Building Activity",2025-03-05,10:00,2025-03-05,14:00
"Vendor Meeting",2022-11-11,15:00,2022-11-11,17:00
"Performance Reviews",2024-08-08,09:00,2024-08-08,17:00
"Holiday Party",2023-12-22,18:00,2023-12-22,22:00
"Quarterly Planning",2025-01-19,13:00,2025-01-19,16:00
"System Upgrade",2022-04-26,08:00,2022-04-26,12:00
"Training Session",2024-07-14,10:00,2024-07-14,12:00
"Brainstorming Session",2023-09-29,14:00,2023-09-29,16:00
"One-on-One Meetings",2025-06-03,09:00,2025-06-03,17:00
"Emergency Drill",2022-03-01,11:00,2022-03-01,12:00
"Social Hour",2024-10-18,17:00,2024-10-18,19:00
"Year-End Review",2023-10-27,13:00,2023-10-27,16:00
```

**Conflicting Events:**

1.  **Board Meeting (2024-03-15 09:00-11:00) and One-on-One Meetings (2025-06-03 09:00-17:00):** These events conflict because the Board Meeting is in 2024 and the One-on-One Meetings are in 2025.
2.  **Team Lunch (2023-11-02 12:30-14:00) and Performance Reviews (2024-08-08 09:00-17:00):** These events conflict because the Team Lunch is in 2023 and the Performance Reviews are in 2024.
3.  **Client Presentation (2025-07-20 10:00-12:00) and Emergency Drill (2022-03-01 11:00-12:00):** These events conflict because the Client Presentation is in 2025 and the Emergency Drill is in 2022.
4.  **All-Hands Meeting (2022-09-08 14:00-16:00) and Leadership Retreat (2025-09-15 09:00-17:00):** These events conflict because the All-Hands Meeting is in 2022 and the Leadership Retreat is in 2025.
5.  **Marketing Workshop (2024-01-27 08:30-17:00) and Year-End Review (2023-10-27 13:00-16:00):** These events conflict because the Marketing Workshop is in 2024 and the Year-End Review is in 2023.
6.  **Product Demo (2023-05-10 11:00-13:00) and Social Hour (2024-10-18 17:00-19:00):** These events conflict because the Product Demo is in 2023 and the Social Hour is in 2024.
7.  **HR Training (2025-02-18 13:00-15:00) and System Upgrade (2022-04-26 08:00-12:00):** These events conflict because the HR Training is in 2025 and the System Upgrade is in 2022.
8.  **Sales Conference (2022-12-05 09:00-17:00) and Training Session (2024-07-14 10:00-12:00):** These events conflict because the Sales Conference is in 2022 and the Training Session is in 2024.
9.  **Tech Talk (2024-06-12 16:00-18:00) and Brainstorming Session (2023-09-29 14:00

