Sure, here are 30 fictional events with their start date/time and end date/time, formatted in CSV:

1. **Event 1:**
   - **Start Date:** 2020-01-01
   - **Start Time:** 08:00
   - **End Date:** 2020-01-02
   - **End Time:** 17:00

2. **Event 2:**
   - **Start Date:** 2020-01-01
   - **Start Time:** 10:00
   - **End Date:** 2020-01-02
   - **End Time:** 18:00

3. **Event 3:**
   - **Start Date:** 2020-01-01
   - **Start Time:** 14:00
   - **End Date:** 2020-01-02
   - **End Time:** 20:00

4. **Event 4:**
   - **Start Date:** 2020-01-01
   - **Start Time:** 09:00
   - **End Date:** 2020-01-02
   - **End Time:** 11:00

5. **Event 5:**
   - **Start Date:** 2020-01-01
   - **Start Time:** 12:00
   - **End Date:** 2020-01-02
   - **End Time:** 14:00

6. **Event 6:**
   - **Start Date:** 2020-01-01
   - **Start Time:** 15:00
   - **End Date:** 2020-01-02
   - **End Time:** 17:00

7. **Event 7:**
   - **Start Date:** 2020-01-01
   - **Start Time:** 08:00
   - **End Date:** 2020-01-02
   - **End Time:** 16:00

8. **Event 8:**
   - **Start Date:** 2020-01-01
   - **Start Time:** 10:00
   - **End Date:** 2020-01-02
   - **End Time:** 18:00

9. **Event 9:**
   - **Start Date:** 2020-01-01
   - **Start Time:** 14:00
   - **End Date:** 2020-01-02
   - **End Time:** 20:00

10. **Event 10:**
    - **Start Date:** 2020-01-01
    - **Start Time:** 09:00
    - **End Date:** 2020-01-02
    - **End Time:** 11:00

11. **Event 11:**
    - **Start Date:** 2020-01-01
    - **Start Time:** 12:00
    - **End Date:** 2020-01-02
    - **End Time:** 14:00

12. **Event 12:**
    - **Start Date:** 2020-01-01
    - **Start Time:** 15:00
    - **End Date:** 2020-01-02
    - **End Time:** 17:00

13. **Event 13:**
    - **Start Date:** 2020-01-01
    - **Start Time:** 08:00
    - **End Date:** 2020-01-02
    - **End Time:** 16:00

14. **Event 14:**
    - **Start Date:** 2020-01-01
    - **Start Time:** 10:00
    - **End Date:** 2020-01-02
    - **End Time:** 18:00

15. **Event 15:**
    - **Start Date:** 2020-01-01
    - **Start Time:** 14:00
    - **End Date:** 2020-01-02
    - **End Time:** 20:00

16. **Event 16:**
    - **Start Date:** 2020-01-01
    - **Start Time:** 09:00
    - **End Date:** 2020-01-02
    - **End Time:** 11:00

17. **Event 17:**
    - **Start Date:** 2020-01-01
    - **Start Time:** 12:00
    - **End Date:** 2020-01-02
    - **End Time:** 14:00

18. **Event 18:**
    - **Start Date:** 2020-01-01
    - **Start Time:** 15:00
    - **End Date:** 2020-01-02
    - **End Time:** 17:00

19. **Event 19:**
    - **Start Date:** 2020-01-01
    - **Start Time:** 08:00
    - **End Date:** 2020-01-02
    - **End Time:** 16:00

20. **Event 20:**
    - **Start Date:** 2020-01-01
    - **Start Time:** 10:00
    - **End Date:** 2020-01-02
    - **End Time:** 18:00

21. **Event 21:**
    - **Start Date:** 2020-01-01
    - **Start Time:** 14:00
    - **End Date:** 2020-01-02
    - **End Time:** 20:00

22. **Event 22:**
    - **Start Date:** 2020-01-01
    - **Start Time:** 09:00
    - **End Date:** 2020-01-02
    - **End Time:** 11:00

23. **Event 23:**
    - **Start Date:** 2020-01-01
    - **Start Time:** 12:00
    - **End Date:** 2020-01-02
    - **End Time:** 14:00

24. **Event 24:**
    - **Start Date:** 2020-01-01
    - **Start Time:** 15:00
    - **End Date:** 2020-01-02
    - **End Time:** 17:00

25. **Event 25:**
    - **Start Date:** 2020-01-01
    - **Start Time:** 08:00
    - **End Date:** 2020-01-02
    - **End Time:** 16:00

26. **Event 26:**
    - **Start Date:** 2020-01-01
    - **Start Time:** 10:00
    - **End Date:** 2020-01-02
    - **End Time:** 18:00

27. **Event 27:**
    - **Start Date:** 2020-01-01
    - **Start Time:** 14

