We need to generate a fictional list of 30 events with start/end date/time in CSV format. Some events should conflict. The dates should be random (not sorted) and in the 2020s. Then we need to identify which events conflict and explain why.

Let me think about how to generate this:

1. Create 30 events with random names
2. Assign random dates in the 2020s (2020-2029)
3. Assign random start times
4. Assign end times that are after start times (some could be same day, some multi-day)
5. Ensure some conflicts - meaning overlapping time periods
6. Make sure the CSV is properly formatted
7. After generating, analyze for conflicts

For conflicts, I need to check if any two events overlap. Two events conflict if:
- Event A starts before Event B ends AND
- Event A ends after Event B starts

Let me generate the events first. I'll create a variety of event types and make some intentionally overlap.

I'll create events with:
- Single day events (same start and end date)
- Multi-day events
- Different durations
- Some with same dates but overlapping times
- Some that span across days overlapping with others

Let me generate random dates between 2020-01-01 and 2029-12-31. For times, I'll use hours from 00:00 to 23:00.

I'll create a list and then manually check for conflicts or intentionally create them.

Let me create the events:

1. Conference A - 2023-03-15 09:00 to 2023-03-17 17:00
2. Meeting B - 2023-03-16 14:00 to 2023-03-16 15:00 (conflicts with Conference A)
3. Workshop C - 2024-07-20 10:00 to 2024-07-20 16:00
4. Training D - 2024-07-20 13:00 to 2024-07-20 18:00 (conflicts with Workshop C)
5. Seminar E - 2025-11-10 08:00 to 2025-11-10 12:00
6. Webinar F - 2022-09-05 11:00 to 2022-09-05 12:30
7. Product Launch G - 2022-09-05 12:00 to 2022-09-05 14:00 (conflicts with Webinar F)
8. Retreat H - 2021-06-12 09:00 to 2021-06-14 17:00
9. Interview I - 2021-06-13 10:00 to 2021-06-13 11:00 (conflicts with Retreat H)
10. Workshop J - 2027-04-08 14:00 to 2027-04-08 16:00
11. Conference K - 2027-04-08 15:30 to 2027-04-08 17:30 (conflicts with Workshop J)
12. Training L - 2020-02-20 09:00 to 2020-02-20 17:00
13. Meeting M - 2020-02-20 16:00 to 2020-02-20 18:00 (conflicts with Training L)
14. Webinar N - 2028-10-25 10:00 to 2028-10-25 11:00
15. Seminar O - 2028-10-25 10:30 to 2028-10-25 12:00 (conflicts with Webinar N)
16. Product Launch P - 2026-08-15 09:00 to 2026-08-15 13:00
17. Workshop Q - 2026-08-15 12:00 to 2026-08-15 15:00 (conflicts with Product Launch P)
18. Conference R - 2029-12-01 08:00 to 2029-12-03 18:00
19. Meeting S - 2029-12-02 09:00 to 2029-12-02 10:00 (conflicts with Conference R)
20. Training T - 2023-11-22 13:00 to 2023-11-22 17:00
21. Webinar U - 2023-11-22 16:00 to 2023-11-22 18:00 (conflicts with Training T)
22. Seminar V - 2024-05-18 09:00 to 2024-05-18 11:00
23. Workshop W - 2024-05-18 10:00 to 2024-05-18 12:00 (conflicts with Seminar V)
24. Retreat X - 2021-11-30 09:00 to 2021-12-02 17:00
25. Meeting Y - 2021-12-01 14:00 to 2021-12-01 15:00 (conflicts with Retreat X)
26. Product Launch Z - 2025-03-10 10:00 to 2025-03-10 14:00
27. Training AA - 2025-03-10 13:00 to 2025-03-10 16:00 (conflicts with Product Launch Z)
28. Conference AB - 2022-07-07 09:00 to 2022-07-09 17:00
29. Webinar AC - 2022-07-08 11:00 to 2022-07-08 12:00 (conflicts with Conference AB)
30. Seminar AD - 2020-09-15 08:00 to 2020-09-15 10:00

Wait, I need 30 rows. Let me count... I have 30 now. Let me make sure they're random and not sorted. I'll shuffle the order.

Actually, let me create them more randomly and ensure proper CSV format. I'll make the event names more varied.

Let me generate them more systematically:

I'll create events with intentional conflicts in pairs/groups:
- Group 1: Conference + Meeting (overlap)
- Group 2: Workshop + Training (same day overlap)
- Group 3: Webinar + Product Launch (overlap)
- Group 4: Retreat + Interview (multi-day overlap)
- Group 5: Workshop + Conference (overlap)
- Group 6: Training + Meeting (overlap)
- Group 7: Webinar + Seminar (overlap)
- Group 8: Product Launch + Workshop (overlap)
- Group 9: Conference + Meeting (multi-day)
- Group 10: Training + Webinar (overlap)
- Group 11: Seminar + Workshop (overlap)
- Group 12: Retreat + Meeting (multi-day)
- Group 13: Product Launch + Training (overlap)
- Group 14: Conference + Webinar (multi-day)
- Plus some standalone events

Let me create a proper list with random dates:

1. Tech Summit 2023,2023-05-15,09:00,2023-05-17,17:00
2. Team Standup,2023-05-16,14:00,2023-05-16,15:00 (conflicts with Tech Summit)
3. Design Workshop,2024-08-20,10:00,2024-08-20,16:00
4. Security Training,2024-08-20,13:00,2024-08-20,18:00 (conflicts with Design Workshop)
5. Marketing Seminar,2025-12-10,08:00,2025-12-10,12:00
6. AI Webinar,2022-10-12,11:00,2022-10-12,12:30
7. Product Launch Alpha,2022-10-12,12:00,2022-10-12,14:00 (conflicts with AI Webinar)
8. Leadership Retreat,2021-07-18,09:00,2021-07-20,17:00
9. Candidate Interview,2021-07-19,10:00,2021-07-19,11:00 (conflicts with Leadership Retreat)
10. Coding Workshop,2027-05-22,14:00,2027-05-22,16:00
11. Innovation Conference,2027-05-22,15:30,2027-05-22,17:30 (conflicts with Coding Workshop)
12. Onboarding Training,2020-03-25,09:00,2020-03-25,17:00
13. Budget Meeting,2020-03-25,16:00,2020-03-25,18:00 (conflicts with Onboarding Training)
14. Cloud Webinar,202

