Below is the generated list of 30 events in CSV format, followed by an analysis of conflicts. Note that conflicts are identified based on overlapping time slots for the same day(s), assuming each event's time is in the same timezone (e.g., all in UTC for simplicity).

### Generated Events (CSV Format)

```
"Event Name","Start Date","Start Time","End Date","End Time"
"Tech Expo","2022-05-10","09:00","2022-05-10","17:00"
"Marathon Run","2023-03-20","07:00","2023-03-20","12:00"
"Art Festival","2020-08-15","10:00","2020-08-17","20:00"
"Conference A","2021-11-05","08:00","2021-11-06","18:00"
"Music Night","2022-05-10","19:00","2022-05-10","22:00"
"Sports Day","2023-04-01","09:00","2023-04-01","16:00"
"Book Fair","2020-12-25","11:00","2020-12-26","19:00"
"Tech Workshop","2021-11-05","09:00","2021-11-05","12:00"
"Charity Event","2022-07-04","14:00","2022-07-04","18:00"
"Film Festival","2023-02-14","18:00","2023-02-16","22:00"
"Science Symposium","2021-06-30","08:00","2021-07-01","17:00"
"Food Festival","2022-08-15","12:00","2022-08-15","21:00"
"Business Summit","2020-10-20","09:00","2020-10-21","16:00"
"Yoga Day","2023-03-20","10:00","2023-03-20","11:30"
"Gaming Tournament","2021-11-06","10:00","2021-11-06","20:00"
"Environmental Conference","2022-04-22","08:00","2022-04-23","18:00"
"Comedy Night","2020-12-25","20:00","2020-12-25","23:00"
"Art Workshop","2023-02-14","10:00","2023-02-14","13:00"
"Marathon Training","2023-03-19","08:00","2023-03-19","10:00"
"Tech Conference","2021-06-30","09:00","2021-06-30","17:00"
"Charity Run","2022-07-04","09:00","2022-07-04","12:00"
"Science Fair","2020-10-20","11:00","2020-10-20","16:00"
"Music Festival","2022-05-11","12:00","2022-05-11","22:00"
"Business Lunch","2023-04-01","12:00","2023-04-01","14:00"
"Environmental Rally","2022-04-22","10:00","2022-04-22","12:00"
"Film Premiere","2021-11-05","19:00","2021-11-05","21:00"
"Book Signing","2020-08-15","14:00","2020-08-15","16:00"
"Sports Conference","2023-02-14","09:00","2023-02-14","12:00"
"Gaming Event","2022-08-15","18:00","2022-08-15","22:00"
```

### Conflict Analysis

Conflicts are identified based on overlapping start and end times on the **same day(s)** for simplicity. Inter-day conflicts (e.g., an event ending on one day and another starting the next, with potential setup/clash) are not highlighted unless the events span across days and overlap.

| **Conflict ID** | **Event 1** | **Event 2** | **Conflict Reason** |
| --- | --- | --- | --- |
| 1    | Tech Expo    | Music Night | Same Day (2022-05-10), Time Overlap (Tech Expo ends at 17:00, Music Night starts at 19:00) **[No Actual Time Overlap, Incorrectly Flagged]** |
| 2    | Conference A | Tech Workshop | Same Day (2021-11-05), Time Overlap (Concurrent Sessions) |
| 3    | Charity Event | Charity Run | Same Day (2022-07-04), Time Overlap (Charity Run ends at 12:00, Charity Event starts at 14:00) **[No Actual Time Overlap, Incorrectly Flagged]** |
| 4    | Science Symposium | Tech Conference | Same Day (2021-06-30), Time Overlap (Concurrent Sessions) |
| 5    | Book Fair | Comedy Night | Same Day (2020-12-25), Time Overlap (Book Fair ends at 19:00, Comedy Night starts at 20:00) **[No Actual Time Overlap, Incorrectly Flagged]** |
| 6    | Environmental Conference | Environmental Rally | Same Day (2022-04-22), Time Overlap (Environmental Rally is within Conference hours) |
| 7    | Art Festival | Book Signing | Same Day (2020-08-15), Time Overlap (Concurrent Sessions) |
| 8    | Sports Day | Business Lunch | Same Day (2023-04-01), Time Overlap (Concurrent Sessions) |
| 9    | Film Festival | Sports Conference | Same Day (2023-02-14), Time Overlap (Concurrent Sessions) |
| 10   | Food Festival | Gaming Event | Same Day (2022-08-15), Time Overlap (Concurrent Sessions) |
| 11   | Business Summit | Science Fair | Same Day (2020-10-20), Time Overlap (Concurrent Sessions) |
| 12   | Marathon Run | Yoga Day | Same Day (2023-03-20), Time Overlap (Yoga Day is within Marathon hours) |
| 13   | Conference A | Film Premiere | Same Day (2021-11-05), Time Overlap (Conference A ends at 18:00, Film Premiere starts at 19:00) **[No Actual Time Overlap, Incorrectly Flagged]** |
| 14   | Marathon Training | Marathon Run | Same Day (2023-03-20), Sequential but Potentially Conflicting (Logistical/Participant Overlap) **[Not a Time Overlap, More of a Sequential/Logical Conflict]** |

### Correction and Clarification on Conflicts

Upon review, conflicts **1, 3, 5, 13** were incorrectly flagged as time overlaps. They either have no overlap or are sequential without overlapping times. **Conflict 14** highlights a logical/sequential conflict rather than a time overlap.

**Actual Time Overlaps/Conflicts:**

| **Conflict ID** | **Event 1** | **Event 2** | **Conflict Reason** |
| --- | --- | --- | --- |
| 2    | Conference A | Tech Workshop | Same Day (2021-11-05), Time Overlap |
| 4    | Science Symposium | Tech Conference | Same Day (2021-06-30), Time Overlap |
| 6    | Environmental Conference | Environmental Rally | Same Day (2022-04-22), Time Overlap |
| 7    | Art Festival | Book Signing | Same Day (2020-08-15), Time Overlap |
| 8    | Sports Day | Business Lunch | Same Day (2023-04-01), Time Overlap |
| 9    | Film Festival | Sports Conference | Same Day (2023-02-14), Time Overlap |
| 10   | Food Festival | Gaming Event | Same Day (2022-08-15), Time Overlap |
| 11   | Business Summit | Science Fair | Same Day (2020-10-20), Time Overlap |
| 12   | Marathon Run | Yoga Day | Same Day (2023-03-20), Time Overlap |

### Logical/Sequential Conflict (Not Time Overlap):

| **Conflict ID** | **Event 1** | **Event 2** | **Conflict Reason** |
| --- | --- | --- | --- |
| 14   | Marathon Training | Marathon Run | Same Day (2023-03-20), Sequential but Potentially Conflicting | [end of text]


