 Here is a list of 30 fictional events with their start and end dates/times in CSV format:

Event Name,Start Date,Start Time,End Date,End Time
Annual Charity Gala,10/15/2023,18:00,10/15/2023,23:00
Summer Music Festival,07/12/2024,12:00,07/14/2024,23:00
Book Club Meeting,02/18/2022,14:00,02/18/2022,16:00
Tech Conference,05/10/2022,09:00,05/12/2022,17:00
Community Yard Sale,09/16/2022,08:00,09/16/2022,14:00
Art Exhibition,03/22/2023,11:00,03/26/2023,18:00
Food Truck Festival,11/05/2022,12:00,11/05/2022,20:00
Holiday Bazaar,12/10/2022,10:00,12/10/2022,18:00
Sports Tournament,06/18/2023,09:00,06/20/2023,17:00
Comedy Night,08/12/2022,19:00,08/12/2022,22:00
Fashion Show,04/21/2023,18:00,04/21/2023,21:00
Craft Fair,01/28/2023,10:00,01/28/2023,17:00
Car Show,07/02/2023,10:00,07/02/2023,16:00
Job Fair,11/18/2022,11:00,11/18/2022,16:00
Farmers Market,05/27/2023,08:00,05/27/2023,13:00
Poetry Reading,03/15/2023,19:00,03/15/2023,21:00
Theater Performance,02/25/2023,19:00,02/25/2023,22:00
Film Festival,06/03/2023,14:00,06/05/2023,22:00
Cooking Class,08/05/2022,10:00,08/05/2022,13:00
Charity Run,10/29/2022,09:00,10/29/2022,12:00
Science Fair,01/14/2023,10:00,01/14/2023,17:00
Wine Tasting,04/07/2023,18:00,04/07/2023,21:00
Concert,09/30/2023,19:00,09/30/2023,22:00
Dance Competition,02/11/2023,12:00,02/11/2023,20:00
Magic Show,11/26/2022,19:00,11/26/2022,21:00
Pet Show,07/22/2023,10:00,07/22/2023,16:00

Conflicting events:

1. Tech Conference and Job Fair: Both events take place on November 18, 2022. The Tech Conference starts at 9:00 and ends at 17:00, while the Job Fair starts at 11:00 and ends at 16:00. They overlap between 11:00 and 16:00.
2. Annual Charity Gala and Comedy Night: Both events take place on October 15, 2023. The Annual Charity Gala starts at 18:00 and ends at 23:00, while the Comedy Night starts at 19:00 and ends at 22:00. They overlap between 19:00 and 22:00.
3. Cooking Class and Charity Run: Both events take place on October 29, 2022. The Cooking Class starts at 10:00 and ends at 13:00, while the Charity Run starts at 9:00 and ends at 12:00. They overlap between 9:00 and 12:00.
4. Art Exhibition and Science Fair: Both events take place on January 14, 2023. The Art Exhibition starts on March 22, 2023, and ends on March 26, 2023, but it still overlaps with the Science Fair, which takes place on January 14, 2023, from 10:00 to 17:00.
5. Concert and Magic Show: Both events take place on November 26, 2022. The Concert starts at 19:00 and ends at 22:00, while the Magic Show starts at 19:00 and ends at 21:00. They overlap between 19:00 and 21:00. [end of text]


