这个有趣的故事是关于经典童话**《三只小猪》**的。这段文字完全使用 Emoji 表情符号生动地讲述了一个完整的冒险故事。

下面是详细的情节解析：

**第一幕：幸福生活**
> 🐷🐷🐷 🏡🏠🏘️
*   **含义**：故事开始，有三只小猪（🐷🐷🐷），它们分别盖好了自己的房子：一栋是草房（🏡），一栋是木屋（🏠），还有一栋是砖房（🏘️）。

**第二幕：大灰狼来了**
> 🐺💨💨💨
*   **含义**：一只大灰狼（🐺）气势汹汹地跑来了（💨💨💨 表示快速移动的风声或奔跑），它准备去抓小猪。

**第三幕：吹倒第一栋房**
> 🏡💥🐷🐷🏃‍♀️🏃‍♂️
*   **含义**：大灰狼首先来到了草房（🏡），它用力一吹，房子瞬间倒塌或爆炸（💥）。住在里面的两只小猪（🐷🐷）吓得惊慌失措，拔腿就跑（🏃‍♀️🏃‍♂️）。

**第四幕：吹倒第二栋房**
> 🏠🐺💨💨💨
*   **含义**：大灰狼接着来到了木屋（🏠），它再次鼓起腮帮子用力吹气（💨💨💨），木屋也被吹垮了。

**第五幕：最后的堡垒**
> 🏘️🐺😠😠😠
*   **含义**：大灰狼追到了最后一栋砖房（🏘️）。但是这次不管它怎么吹，房子都纹丝不动。大灰狼变得非常生气（😠😠😠），因为它进不去。

**第六幕：烟囱的陷阱**
> 🔥🚒💦🐺🤕
*   **含义**：大灰狼试图从烟囱爬进去，但聪明的小猪在壁炉里生起了火（🔥），甚至可能用了像消防水管（🚒）或水泵（💦）一样的工具来对付它。结果大灰狼不仅没抓到猪，反而被烫伤或摔伤，狼狈逃窜，头上缠上了绷带（🤕）。

**第七幕：欢庆胜利**
> 🐷🐷🐷 🎉🥳🏡🏘️
*   **含义**：三只小猪（🐷🐷🐷）终于战胜了大灰狼，它们在坚固的砖房里开心地庆祝（🎉🥳），从此过上了幸福快乐的生活。

**总结：**
这是一段非常有创意的“表情符号叙事”，仅用简单的图标就完整还原了《三只小猪》从建房、遇险、斗争到最终胜利的全过程。 [end of text]


