这段表情符号（Emoji）讲述的是经典的童话故事**《三只小猪》**（The Three Little Pigs）。

以下是详细的逐行解读：

1.  **🐷🐷🐷 🏡🏠🏘️**
    *   **解读**：三只小猪分别建造了房子。
    *   **细节**：🏡 通常代表稻草屋（第一只小猪建的），🏠 代表木头屋（第二只小猪建的），🏘️ 代表砖头屋（第三只小猪建的，看起来更坚固）。

2.  **🐺💨💨💨**
    *   **解读**：大灰狼来了，并且用力吹气。
    *   **细节**：💨💨💨 表示狼在猛烈地吹气，试图吹倒房子。

3.  **🏡💥🐷🐷🏃‍♀️🏃‍♂️**
    *   **解读**：稻草屋被吹倒了，第一只和第二只小猪逃跑。
    *   **细节**：💥 表示房子倒塌或爆炸的效果。🏃‍♀️🏃‍♂️ 表示两只小猪惊慌失措地逃跑，逃向第二只小猪的木头屋。

4.  **🏠🐺💨💨💨**
    *   **解读**：大灰狼来到木头屋前，再次用力吹气。
    *   **细节**：这次目标是 🏠（木头屋）。

5.  **🏘️🐺😠😠😠**
    *   **解读**：木头屋也被吹倒了（或者狼发现吹不倒砖头屋，感到愤怒），狼来到了砖头屋前，非常生气。
    *   **注意**：这里可能省略了木头屋倒塌的过程，直接跳到狼在砖头屋前发怒 😠😠😠，因为砖头屋吹不倒。

6.  **🔥🚒💦🐺🤕**
    *   **解读**：狼试图从烟囱爬进砖头屋，结果掉进火里受伤了。
    *   **细节**：🔥 代表炉火。🚒💦 可能象征消防员或水，但在这个语境下，更常见的情节是狼掉进煮沸的水锅或火堆里。🤕 表示狼受伤了（头上包着绷带）。
    *   *注：有些版本中是猪妈妈或小猪们用水浇灭狼，或者狼被烫到。这里的 🚒💦 可能暗示用水灭火或救火，最终导致狼失败。*

7.  **🐷🐷🐷 🎉🥳🏡🏘️**
    *   **解读**：三只小猪安全了，开始庆祝。
    *   **细节**：🎉🥳 表示派对和庆祝。🏡🏘️ 表示他们回到了安全的家（主要是坚固的砖头屋）。

### 总结：
这是一个用表情符号浓缩版的《三只小猪》故事：
> 三只小猪建了不同材料的房子 → 大灰狼吹倒了前两座房子 → 小猪们逃到砖头屋 → 狼吹不倒砖头屋，气得要命 → 狼从烟囱爬入，掉进火里受伤 → 三只小猪安全庆祝。

这个故事教导我们：**勤劳和准备充分（如建砖头屋）能带来安全和成功。** 🐷🏠💪 [end of text]


