这组表情符号讲述的是一个经典童话故事——《三只小猪》的简短版本。下面我将用中文详细解释每一行的含义：

---

🐷🐷🐷 🏡🏠🏘️  
**三只小猪**开始建造自己的房子。  
- 🐷🐷🐷 代表三只小猪。  
- 🏡（草屋）、🏠（木屋）、🏘️（砖屋）代表它们分别用不同材料建造的房子。通常在故事中，第一只小猪用稻草建房，第二只用木头，第三只用砖头。

---

🐺💨💨💨  
**大灰狼**来了，它跑得很快，吹气准备破坏房子。  
- 🐺 是大灰狼。  
- 💨 表示它用力吹气，想要吹倒房子。

---

🏡💥🐷🐷🏃‍♀️🏃‍♂️  
大灰狼吹倒了**草屋**（🏡），房子爆炸了（💥），前两只小猪逃跑（🏃‍♀️🏃‍♂️）。  
- 草屋最不坚固，被狼一口气吹倒。  
- 两只小猪惊慌逃跑，去投奔住在更坚固房子里的兄弟。

---

🏠🐺💨💨💨  
大灰狼又来到**木屋**（🏠），继续吹气。  
- 木屋比草屋结实，但在故事中通常也被狼吹倒了（虽然现实中很难）。

---

🏘️🐺😠😠😠  
现在狼来到**砖屋**（🏘️），但砖屋很坚固，吹不倒，狼变得非常生气（😠😠😠）。  
- 砖屋是第三只聪明的小猪建的，能抵御狼的攻击。  
- 狼尝试各种办法都无法进入，因此愤怒。

---

🔥🚒💦🐺🤕  
狼决定从烟囱爬进去，想用火熏小猪，但小猪们早有准备，在炉子里烧开水。狼滑下来被烫伤（🤕）。  
- 🔥 表示火或热水。  
- 🚒💦 可能表示消防或水，暗示危险和救援，也代表小猪用水反击。  
- 🐺🤕 表示狼最终受伤失败。

---

🐷🐷🐷 🎉🥳🏡🏘️  
三只小猪安全了，庆祝胜利（🎉🥳），最终幸福地住在砖屋里（🏡🏘️）。  
- 它们团结一致，战胜了大灰狼。  
- 故事传达了“勤劳和智慧胜过懒惰”的道理。

---

### 总结：
这组表情符号生动地讲述了《三只小猪》的故事，寓意深刻：
- 第一只小猪懒惰，用稻草建房，房子不坚固。  
- 第二只稍好，用木头建房，但仍不够安全。  
- 第三只勤劳聪明，用砖头建房，最终保护了大家。  
- 大灰狼象征危险和挑战，只有充分准备才能应对。

这个故事教育孩子们：**做事要认真、有远见，不能图省事，否则会付出代价。** [end of text]


