这段表情符号串其实是一则“三小猪”故事的极简版连环画，用 7 个镜头把整件事讲了一遍。下面逐帧拆解，并给出完整中文剧情。

1. 🐷🐷🐷 🏡🏠🏘️  
   三只小猪各自盖房：  
   • 第一只小猪用茅草（🏡 草屋）  
   • 第二只小猪用木头（🏠 木屋）  
   • 第三只小猪用砖头（🏘️ 砖房，也代表整个村庄）

2. 🐺💨💨💨  
   大灰狼登场，先深吸一口气，准备“吹房子”。

3. 🏡💥🐷🐷🏃‍♀️🏃‍♂️  
   草屋被一口气吹爆（💥），两只小猪（🏃‍♀️🏃‍♂️）仓皇逃跑，只剩第三只小猪还留在砖房里。

4. 🏠🐺💨💨💨  
   大灰狼追到木屋，再吹，木屋也倒了。

5. 🏘️🐺😠😠😠  
   狼气急败坏地来到砖房前，怎么吹也吹不倒，气得直跺脚（😠😠😠）。

6. 🔥🚒💦🐺🤕  
   狼恼羞成怒，爬烟囱想偷袭，结果小猪早把锅烧开。狼掉进热水里（🔥💦），被烫得嗷嗷叫（🤕），消防员（🚒）象征“灭火”——其实是小猪自救成功。

7. 🐷🐷🐷 🎉🥳🏡🏘️  
   危机解除，三只小猪在坚固的砖房里开派对（🎉🥳），从此幸福地生活在安全的村庄里。

一句话总结：  
三只小猪分别盖了草屋、木屋、砖屋，大灰狼吹倒前两间，却在砖屋前吃瘪，最终自食其果；小猪们欢庆胜利，故事圆满结束。 [end of text]


