这段表情符号讲述的是经典的童话故事**《三只小猪》**（The Three Little Pigs）。

以下是详细的逐行解读：

1.  **🐷🐷🐷 🏡🏠🏘️**
    *   **含义**：三只小猪分别建造了房子。
    *   **细节**：🏡 通常代表稻草屋（最简陋），🏠 代表木屋（中等），🏘️ 代表砖房（最坚固）。这对应故事中三只小猪不同的建造选择。

2.  **🐺💨💨💨**
    *   **含义**：大灰狼来了，并且用力吹气。
    *   **细节**：💨💨💨 表示狼在猛烈地吹气，试图吹倒房子。

3.  **🏡💥🐷🐷🏃‍♀️🏃‍♂️**
    *   **含义**：稻草屋被吹倒了，两只小猪逃跑。
    *   **细节**：💥 表示房子倒塌。🏃‍♀️🏃‍♂️ 表示住在稻草屋和木屋里的两只小猪惊慌逃跑到第三只小猪的砖房里。

4.  **🏠🐺💨💨💨**
    *   **含义**：大灰狼来到木屋前，再次用力吹气。
    *   **细节**：虽然原文中这里写的是 🏠（木屋），但在故事逻辑中，狼吹倒了木屋后，三只小猪都逃到了砖房。这里的表情可能表示狼吹倒了第二座房子，或者狼在吹气攻击。

5.  **🏘️🐺😠😠😠**
    *   **含义**：大灰狼来到砖房前，非常生气。
    *   **细节**：😠😠😠 表示狼因为吹不倒砖房而感到愤怒和挫败。

6.  **🔥🚒💦🐺🤕**
    *   **含义**：狼试图从烟囱爬进去，结果掉进火里受伤了。
    *   **细节**：🔥 代表炉火。🚒💦 可能象征消防员或灭火，但在童话原版中，通常是猪妈妈在锅里烧开水，狼掉进去被烫伤了。🤕 表示狼受伤了（头上包着绷带）。*注：这里的 🚒💦 可能是对“水/火”冲突或狼被制服的一种夸张表现。*

7.  **🐷🐷🐷 🎉🥳🏡🏘️**
    *   **含义**：三只小猪安全了，开始庆祝。
    *   **细节**：🎉🥳 表示派对和庆祝，🏡🏘️ 表示他们回到了安全的家（主要是砖房）。

### 总结
这是一个用表情符号浓缩版的《三只小猪》故事：
**三只小猪建房子 → 狼吹倒前两座 → 小猪逃到砖房 → 狼吹不倒砖房 → 狼从烟囱入侵失败并受伤 → 小猪们胜利庆祝。**

这个故事教导我们：**勤劳和扎实的基础（如砖房）能带来安全和成功，而偷懒和投机取巧（如稻草屋）会带来危险。** [end of text]


