这是一个非常生动且充满叙事性的**Emoji 故事（Emoji Story）**。它通过一系列表情符号的排列组合，讲述了一个关于**“狼来了”（The Boy Who Cried Wolf）**寓言故事的现代、幽默且带有反转的版本。

下面是对这个故事的详细中文解读：

### 📖 故事剧情详解

**1. 平静的生活 (The Calm Before)**
> 🐷🐷🐷 🏡🏠🏘️
*   **画面**：三只猪（🐷🐷🐷）在三个房子（🏡🏠🏘️）里安安稳稳地生活。
*   **含义**：故事开始时，猪群过着平静、安全的生活。

**2. 狼的出现与逃跑 (The Wolf Arrives)**
> 🐺💨💨💨
*   **画面**：一只狼（🐺）呼啸着（💨💨💨）冲了过来。
*   **含义**：危险降临，狼正在快速接近猪群。

**3. 恐慌与逃离 (Panic and Escape)**
> 🏡💥🐷🐷🏃‍♀️🏃‍♂️
*   **画面**：一个房子爆炸（💥），两只猪（🐷🐷）惊慌失措地奔跑（🏃‍♀️🏃‍♂️）。
*   **含义**：狼袭击了其中一个房子，猪群陷入极度恐慌，开始四散奔逃。

**4. 狼的追击 (The Pursuit)**
> 🏠🐺💨💨💨
*   **画面**：狼继续呼啸着追逐（💨💨💨）。
*   **含义**：狼并没有放弃，它正在紧追不舍。

**5. 狼的愤怒 (The Wolf's Anger)**
> 🏘️🐺😠😠😠
*   **画面**：狼追到了最后一个房子（🏘️），表情变得非常愤怒（😠😠😠）。
*   **含义**：狼终于追到了最后一头猪，它非常生气，准备进行最后的攻击。

**6. 悲剧与救援 (The Tragedy and Rescue)**
> 🔥🚒💦🐺🤕
*   **画面**：房子着火了（🔥），消防车来了（🚒），喷出水（💦），狼受伤了（🤕）。
*   **含义**：这是故事的关键转折点。狼因为某种原因（可能是被人类误认为是猪群在放火，或者狼自己不小心引发了火灾，亦或是人类为了救猪而采取了极端措施）导致房子起火。结果，狼被消防员制服并受了伤。
    *   *注：在这个版本中，狼似乎“死里逃生”或者至少被制服了，而不是被猪吃掉。*

**7. 结局：庆祝胜利 (The Celebration)**
> 🐷🐷🐷 🎉🥳🏡🏘️
*   **画面**：三只猪（🐷🐷🐷）再次聚集，伴随着庆祝（🎉🥳）和幸存的房子（🏡🏘️）。
*   **含义**：危机解除，猪群幸存了下来，它们正在庆祝这场“劫后余生”。

---

### 💡 核心寓意与幽默点

1.  **对经典寓言的解构**：
    传统的“狼来了”故事中，狼是捕食者，最终会被猎人或村民射杀。但在这个 Emoji 故事中，**狼反而成了受害者**（被火烧伤）。这暗示了人类（或社会机制）介入后，狼并没有得逞，反而付出了代价。

2.  **讽刺“狼来了”的谎言**：
    如果我们将这个故事理解为“狼来了”的变体：
    *   也许猪群之前一直在喊“狼来了”（制造恐慌），导致狼真的来了。
    *   或者，狼真的来了，但猪群因为之前的恐慌而过度反应，最终导致了火灾（比如为了逃跑而破坏房屋，或者人类误判）。
    *   无论哪种解释，结局都是**狼受伤，猪幸存**。这讽刺了那些总是制造恐慌的人，或者展示了危机处理中意想不到的结果。

3.  **视觉叙事**：
    这个序列非常流畅，从平静到混乱，再到冲突，最后以庆祝结束，形成了一个完整的闭环。特别是最后狼受伤（🤕）而猪庆祝（🎉🥳）的反差，是这个故事最有趣的地方。

**总结：**
这是一个关于**危机、混乱、意外转折和幸存**的微型故事。它用 Emoji 生动地描绘了一场狼与猪的遭遇战，最终以狼受伤、猪庆祝的戏剧性结局收尾，既有趣又带有一点黑色幽默。 [end of text]


