这段文字和符号组合看起来像是一组**表情符号和简短场景描述**，形成了一种**非语言的叙事或情感表达**。以下是逐步分析：

---

### 1. **符号含义**
   - **🐷🐷🐷**：三只猪（可能代表“猪猪”或“猪猪猪”），常用于表达可爱、憨厚或家庭场景。
   - **🏡🏠🏘️**：房子（可能代表“家”或“居住环境”），可能暗示场景的起点或背景。
   - **🐺💨💨💨**：狼（可能代表“狼”或“危险”），加上“💨”（气流）可能表示奔跑、逃跑或威胁。
   - **🏡💥🐷🐷🏃‍♀️🏃‍♂️**：房子爆炸（💥）后，猪（🐷）在奔跑（🏃‍♀️/🏃‍♂️），可能暗示冲突或逃离。
   - **🏠 wolves💨💨💨**：房子后出现狼（可能重复或强调威胁）。
   - **🏘️🐺😠😠😠**：村庄（ comps）后出现狼（🐺），加上“😠”（生气）可能表示狼的愤怒或敌意。
   - **🔥🚒💦🐺**：火（🔥）、消防车（🚒）、水（💦）和狼（🐺），可能暗示紧急情况或冲突升级。
   - **🐷🐷🐷 🎉🥳🏡 comps**：三只猪（🐷）庆祝（🎉/🥳），最后回到房子（🏡）和村庄（ comps），可能表示结局或和解。

---

### 2. **可能的场景或故事**
   - **冲突与逃离**：  
     狼（🐺）可能在房子（🏠）或村庄（ comps）中出现，引发冲突（💥），猪（🐷）可能因恐惧或危险而逃跑（🏃‍♀️/🏃‍♂️）。  
     狼的愤怒（😠）和火（🔥）可能暗示暴力或危险升级，消防车（🚒）和水（💦）可能试图灭火或控制局势。

   - **结局与和解**：  
     猪（🐷）在爆炸后庆祝（🎉/🥳），可能象征“重生”或“和解”，最终回到房子（🏡）和村庄（ comps），暗示冲突的结束。

---

### 3. **可能的隐喻或文化背景**
   - **“三只猪”**：可能参考《三只小猪》的童话故事，但这里可能被改编为更暴力或紧张的情节（如狼的威胁）。  
   - **“狼”与“猪”的对立**：可能象征自然与人类、危险与无辜的冲突。  
   - **表情符号的组合**：通过符号的重复和组合，形成一种**视觉叙事**，可能用于社交媒体、表情包或短篇故事。

---

### 4. **可能的用途**
   - **表情包或网络梗**：可能是一组流行的网络表情，用于表达特定情绪（如恐惧、冲突、庆祝）。  
   - **短篇故事或漫画脚本**：可能是一段简短的视觉叙事，用于社交媒体或动画脚本。  
   - **文化符号**：可能结合了西方童话（如《三只小猪》）和东方文化（如“猪”在中国文化中的象征意义）。

---

### 总结
这段文字和符号组合可能是一组**视觉叙事**，通过符号的重复和组合，表达冲突、恐惧、庆祝和和解等情感。它可能源于网络文化、表情包或改编自经典童话的短篇故事。如果需要更具体的解释（如某个符号的含义或故事背景），可以进一步分析！ [end of text]


