这段符号和图标看起来像是一个简化的、类似漫画或游戏中的情节描述，结合了动物、建筑和一些符号来表达一个故事。以下是详细的解释：

---

### 故事梗概：
这个故事可能是一个关于村庄（或社区）与野兽（狼）之间的冲突和最终解决的小故事。以下是逐步的详细解释：

1. **🐷🐷🐷 🏡🏠🏘️**
   - **猪（🐷）和房子（🏡🏠🏘️）**：这个部分可能表示一个村庄或社区，里面住着一群猪（可能代表村民或居民）。猪可能代表村民，房子代表村庄。

2. **🐺💨💨💨**
   - **狼（🐺）和风（💨）**：狼开始出现在村庄附近，并且可能是从远处（风吹来）而来。这暗示着狼可能是一个威胁，正在接近村庄。

3. **🏡💥🐷🐷🏃‍♀️🏃‍♂️**
   - **房子（🏡）爆炸（💥）和猪（🐷）逃跑（🏃‍♀️🏃‍♂️）**：村庄遭遇了某种灾难（可能是狼的袭击或其他威胁），导致房子爆炸或被破坏，村民（猪）开始逃跑。

4. **🏠🐺💨💨💨**
   - **房子（🏠）和狼（🐺）继续袭击**：狼继续向村庄进攻，可能已经进入村庄内部。

5. **🏘️🐺😠😠😠**
   - **村庄（🏘️）和愤怒的狼（😠😠😠）**：狼已经非常愤怒，可能已经造成了严重的破坏，村庄处于危机之中。

6. **🔥🚒💦🐺🤕**
   - **火（🔥）、消防车（🚒）、水（💦）、狼（🐺）和受伤（🤕）**：村庄可能发生了火灾，消防车赶来救援，但狼仍然在造成破坏，村民受伤。

7. **🐷🐷🐷 🎉🥳🏡🏘️**
   - **猪（🐷）和庆祝（🎉🥳）的村庄（🏡🏘️）**：最终，村庄得到了拯救，村民（猪）庆祝胜利，恢复了平静。

---

### 整体故事解释：
这个故事可能是一个关于村庄遭遇外来威胁（狼）的故事，经过一系列的冲突和危机后，最终通过某种方式（比如消防车救援、村民团结等）战胜了灾难，恢复了和平与繁荣。猪可能代表村民，狼代表外来的威胁或灾难。

### 可能的寓意：
- 团结与合作：村民（猪）在面对威胁时，通过合作和努力最终战胜了灾难。
- 克服困难：尽管一开始遭遇了巨大的挑战，但最终还是克服了困难，恢复了正常生活。

这个故事类似于童话故事或漫画中的情节，通过简单的图标和符号来表达复杂的情感和故事线索。 [end of text]


