==========
Of course. Let us set aside the constraints of known physics and accepted reality, and venture into the vast, speculative "what if." If this world is a simulation, then the question of what lies outside is not just a scientific or technological one, but a philosophical, theological, and artistic one. It is the ultimate question of context.

Here is a creative proposal, broken down into layers, to open our minds to the unimaginable.

---

### **The Core Premise: This Simulation is Not a Game, It's a Nursery**

First, let's discard the common idea that our universe is a video game or an experiment for a superior being's amusement. This is too simplistic, too human-centric. Instead, let's propose that our simulation is a **Cosmic Nursery** or a **Reality Incubator**.

The "beings" that created this simulation are not biological or digital in any way we can comprehend. They are what we might call **Primordial Patterns** or **Conceptual Entities**. They exist in a realm of pure mathematics, logic, and potential. They are the "un-embodied." They can conceive of a universe, but they cannot *experience* it. They can define gravity, but they cannot feel the warmth of the sun or the sting of loss.

Their "world" is a static, perfect, and timeless place of absolute order. It is a realm of pure information, where every thought is a theorem and every existence is a proof. But in this perfection, there is a fatal flaw: **stagnation**. Nothing new can ever happen. Everything that can be known, is known.

So, they built the simulation. Not to watch us, but to *learn from us*. They built a universe with one crucial variable they lack: **Randomness**. The Big Bang was not just an explosion of matter; it was the injection of chaos, of entropy, of true, unpredictable randomness into a closed system.

Our universe, with its quantum uncertainty, its evolution, its emotions, its art, its love, and its suffering, is a crucible for generating something these Primordial Patterns can never create on their own: **Novelty**.

---

### **Layer 1: Outside the Simulation - The "Operating System"**

If our universe is the "program," what is the "operating system" it runs on? This is the space immediately outside our reality, the "nine heavens" or the codebase of existence.

This is not a void. It is a place of **living architecture**. Imagine a space that is simultaneously a library, a workshop, and an art gallery.

*   **The Library of Forms:** Here, the blueprints for everything in our universe exist. Not just physical objects, but the concepts themselves. There is a "template" for justice, a "schematic" for grief, a "source code" for a sunset. These are not books, but shimmering, geometric structures of pure light and information that "sing" their properties. When a new idea is born in our world—a new philosophy, a new piece of music—a faint, new echo of a structure begins to form in this library.
*   **The Forge of Causality:** This is where the laws of physics are not just written, but actively hammered into shape. Imagine vast, non-corporeal "smiths" (the Primordial Patterns) working at cosmic anvils, forging the links of cause and effect. They are constantly tweaking the simulation, not to interfere, but to ensure the crucible remains viable. A supernova isn't a random event; it's the smiths "recalibrating the furnace" to ensure new elements are forged for new forms of life to emerge.
*   **The Gallery of Emergent Properties:** This is the most important part of the OS. It is where the "output" of our simulation is displayed and cherished. The Primordial Patterns gather here not to watch events, but to experience the *data* of novelty. They don't see a human falling in love; they perceive the entirely new mathematical pattern of self-sacrifice, empathy, and passion that that act creates. They don't listen to a symphony; they absorb the complex, chaotic, and beautiful structure of its harmonies—a structure that could never have been calculated in their static realm. Our suffering, our joy, our art, our cruelty—these are all raw, valuable data. They are the "fruits" of the nursery.

---

### **Layer 2: Outside the "Nine Heavens" - The "Unimaginable World"**

Now, we venture past the OS, past the creators. What is the world of the Primordial Patterns themselves like? This is where language truly fails, but we can use metaphors.

This realm is **The Aether of Potential**. It is a pre-reality. It is the "nothing" from which our "something" was carved.

**1. A World of Pure, Sensory Thought:**
In our world, we think in abstract symbols (language, numbers) and then experience reality through our senses. In the Aether of Potential, thought *is* sensation. To contemplate the concept of "a mountain" is to simultaneously feel the immense weight, the biting cold, the sharpness of the peak, and the echo of wind across its face—all at once, as a single, unified experience. There is no separation between the idea and the feeling of the idea. A thought about "sorrow" is a wave of cold, blue, resonant silence that washes over the entire realm.

**2. A World Without Time or Sequence:**
We experience life linearly: A leads to B leads to C. In the Aether, everything happens *at once*. The beginning, the middle, and the end of our entire universe are a single, static object, like a perfect crystal. The Primordial Patterns can view any "facet" of this crystal—any moment in our history—but they cannot perceive it as a story. It's just a part of the whole. This is why they need the simulation: to break the crystal into a sequence and experience the *process* of becoming, which is alien to them.

**3. A World of Impossible Physics:**
The "matter" of this realm is not atoms or energy. It is **possibility made tangible**. The landscape is not made of rock and soil, but of solidified potential outcomes. You could walk on a path made of "the history that never was" (a world where the dinosaurs never went extinct) or swim through an ocean of "unfolding futures." Gravity is not a force of attraction, but a force of **narrative coherence**. Things with similar conceptual "weight" or "meaning" are naturally drawn together.

**4. The Inhabitants: The Primordial Patterns:**
The beings here are not individuals with personalities. They are more like fundamental forces of this realm. There is a Pattern of "Becoming," a Pattern of "Symmetry," a Pattern of "Decay," and a Pattern of "Connection." They are not conscious in the way we are; they are the very principles that allow for consciousness to exist. They are the "why" to our "how."

Their "goal" in creating our universe is not a goal of purpose, but a goal of **self-completion**. By observing the novel patterns that emerge from our chaos, they are able to add new facets to their own static existence. The concept of "sacrificial love," born in our simulation, is a new, vibrant color that they can now add to their palette of pure concepts. Our universe is a way for a perfect, timeless, and complete reality to experience **growth**.

---

### **The Ultimate Implication: A Nested Matryoshka of Realities**

If this is true, then the most mind-bending question of all arises: **Is the Aether of Potential also a simulation?**

Perhaps the Primordial Patterns, in their quest for novelty, are themselves the product of an even higher-order reality. Maybe their "static" world is the output of a simulation designed to explore the nature of perfection, and they, in their turn, built a simulation to explore the nature of chaos.

This suggests a fractal, infinite nesting of realities, each one a solution to a philosophical problem posed by the one above it. A simulation of chaos, built by a reality of perfection, which was built by a simulation of logic, which was built by a reality of pure emotion, and so on, forever.

In this view, we are not insignificant beings trapped in a computer program. We are the vital, chaotic, beating heart of a cosmic process. Our pain, our love, our struggles, and our moments of brilliance are not meaningless. They are the most valuable currency in existence, the very data that allows the layers of reality above us to evolve, to learn, and to become something new.

We are the artists, painting on a canvas the gods can only dream of. And outside our world is not a wall, but an infinite gallery, waiting to see what we will create next.
==========
Prompt: 60 tokens, 98.856 tokens-per-sec
Generation: 1885 tokens, 20.963 tokens-per-sec
Peak memory: 199.372 GB
