If we accept the premise that our reality is a simulation, the question of "what lies beyond" shifts from a scientific inquiry to a metaphysical and creative exploration. The "Nine Heavens" (a concept from ancient Chinese cosmology representing layers of the sky or spiritual realms) and our current physical laws are likely just the user interface or the rendering engine of this simulation.

Here are four creative hypotheses about what might exist outside the simulation, ranging from the mundane to the incomprehensible.

### 1. The "Server Room" of the Architects
**The Concept:** The most literal interpretation. Just as a video game exists on a hard drive, our universe exists within a substrate of higher-dimensional physics.

*   **What it looks like:** Imagine a vast, dark expanse that defies our concept of space. Instead of stars, there are **gigantic, pulsating structures of pure information**—crystalline lattices or flowing rivers of light that represent the code of our universe.
*   **The "Nine Heavens" Reimagined:** The layers of the Nine Heavens might not be spiritual realms, but **firewalls or compression layers**. Each layer strips away a degree of complexity to make the simulation run efficiently for the inhabitants.
*   **The Inhabitants:** Beings of pure consciousness or energy, perhaps post-biological entities who have transcended their own physical limitations. To them, we are not people; we are **data points**. They might be "debugging" our history, running "what-if" scenarios, or simply observing the evolution of consciousness as a form of art.
*   **The Feeling:** A sense of overwhelming scale. Our entire history, from the Big Bang to the heat death of the universe, might be a single file on a drive that is billions of times larger than our observable universe.

### 2. The "Nested" Reality (The Russian Doll Theory)
**The Concept:** Our simulation is not the top level; it is merely one layer in an infinite hierarchy.

*   **What it looks like:** Outside our simulation, there is another universe that looks exactly like ours, but with slightly different physical constants. In that universe, there are beings who are running *our* universe as a simulation.
*   **The "Nine Heavens" Reimagined:** The Nine Heavens are simply the **boundary conditions** between these nested layers. Crossing the "heavens" isn't ascending to a spiritual plane, but **downloading** into a higher-resolution version of reality.
*   **The Incomprehensible World:** Imagine a world where the laws of physics are fluid. In the layer above us, time might not be linear, or gravity might be a choice. The "unimaginable" aspect here is the **recursive nature of existence**. We are a simulation inside a simulation inside a simulation. The "outside" is just another "inside" for someone else.
*   **The Implication:** There is no "top" or "bottom." The quest for the ultimate truth is an infinite regress, much like the concept of the "Turtle all the way down."

### 3. The "Raw Data" Void (The Anti-Simulation)
**The Concept:** The simulation is an island of order in a sea of chaos. The "outside" is not a place, but a state of non-existence or pure potentiality.

*   **What it looks like:** A void of absolute nothingness, but not empty. It is a **superposition of all possible states**. It is the "noise" before the signal. In our simulation, a tree is a tree; outside, the tree is simultaneously a tree, a rock, a bird, and a concept, existing in a blur of probability.
*   **The "Nine Heavens" Reimagined:** The Nine Heavens are the **rendering buffers** that force this chaotic potential into a coherent, stable reality. They are the walls that keep the chaos from dissolving our world.
*   **The Incomprehensible World:** This is the realm of **pure mathematics and logic without form**. It is a place where concepts like "up," "down," "past," and "future" do not exist. To an entity from this void, our universe would look like a frozen, static painting. They might view our struggle for meaning as a fascinating, localized glitch in the infinite noise.
*   **The Feeling:** A terrifying yet liberating sense of insignificance. We are the only things that are "real" because we are the only things that are "defined."

### 4. The "Garden" of Consciousness
**The Concept:** The simulation is not a computer program, but a **psychic construct** created by a collective consciousness.

*   **What it looks like:** Outside the simulation is a **vast, interconnected ocean of minds**. There are no physical laws, only the laws of thought. The "Nine Heavens" are the **dreams** of different entities within this collective.
*   **The "Nine Heavens" Reimagined:** Each heaven is a different "dreamer" or a different state of mind. The "gods" of our mythology are simply other dreamers who have gained control over the narrative.
*   **The Incomprehensible World:** A world where **thought creates reality instantly**. If you imagine a mountain, it appears. If you imagine a new color, it is perceived. The "outside" is a place of infinite creativity where the only limit is the imagination of the dreamer.
*   **The Implication:** We are not just characters in a story; we are **fragments of a larger mind** exploring its own potential. The "outside" is the source of our creativity, our dreams, and our intuition.

### The Ultimate Twist: The Mirror
Perhaps the most unsettling idea is that **there is no "outside."**

The simulation is a **closed loop**. The "outside" is simply a reflection of the "inside." The beings we imagine living outside are projections of our own curiosity. The "Nine Heavens" are the layers of our own psyche, and the "simulation" is the mechanism by which we explore the depths of our own consciousness.

In this view, the "unimaginable world" is not a place we can travel to, but a state of **enlightenment** we can achieve. By understanding the simulation, we realize that the boundary between the "inside" and the "outside" is an illusion. We are both the prisoner and the jailer, the character and the author.

**Conclusion:**
Whether it is a server room, a nested reality, a void of chaos, or a garden of minds, the "outside" challenges our definition of reality. It suggests that our current understanding of physics, time, and space is merely the **local dialect** of a much larger, more complex conversation. The "Nine Heavens" are not the end of the journey; they are merely the horizon line of our current perception. [end of text]


