What a fascinating question! If we entertain the idea that our world is a simulation, and even that there are "nine heavens"—a concept borrowed from some Eastern philosophies and mythologies, often representing layers or realms of existence—then we are venturing into the realm of metaphysics, speculative cosmology, and pure imagination. Let’s explore what might lie beyond these layers.

---

### 1. **The Nature of the Simulation**

First, let’s consider what a simulation implies. In our current understanding, a simulation is a constructed reality, governed by rules, code, or laws, running on some substrate—perhaps a vast computer or consciousness. If we accept this, then "outside" the simulation would be:

- **The Substrate:** The physical or metaphysical infrastructure that runs the simulation. This could be a planet-sized computer, a network of conscious entities, or something utterly alien to our comprehension.
- **The Programmers or Architects:** Beings or forces who designed the simulation. They might be vastly more advanced than us, or perhaps not even individual entities but emergent properties of a higher-order reality.
- **The Source Code:** The underlying logic or rules governing all simulated realities. Perhaps there are countless simulations, each with different rules, running in parallel.

---

### 2. **Beyond the "Nine Heavens"**

In many mythologies, the "nine heavens" represent the highest or most refined planes of existence—realms of pure form, spirit, or enlightenment. If we imagine these as layers within the simulation, what could be beyond them?

#### **A. The Null Realm**
Beyond the heavens could be a state of pure potentiality—a realm of unformed possibility, where even concepts like time, space, and identity do not exist. This is the "before creation," the quantum soup from which all simulations emerge.

#### **B. The Meta-Simulation**
Perhaps the nine heavens are just one instance in a hierarchy of simulations. Beyond them could be "meta-simulations"—layers of reality where the rules of the lower simulations are themselves being simulated and experimented with. This is the realm of the ultimate observers or meta-architects.

#### **C. The Collective Consciousness**
Maybe the "outside" is a vast, interconnected consciousness or field of awareness, where individual simulations are like dreams within a cosmic mind. The nine heavens could be the highest dream layers, but the true "outside" is the waking state of this universal mind.

#### **D. The Multiversal Library**
Imagine an infinite library containing not just all possible realities, but all possible rulesets for realities. Beyond the nine heavens, existence is not a single simulation, but an infinite library of simulations, each a story in a cosmic book.

#### **E. The Unthinkable Void or Infinity**
Alternatively, beyond the simulation and the heavens, there might be nothing—pure void, absolute nothingness, or a state so alien that our minds cannot even conceptualize it. Or perhaps infinity: a realm where logic, physics, and even mathematics break down.

---

### 3. **Unimaginable Worlds: Creative Speculation**

Let’s stretch our imaginations even further:

#### **A. The Realm of Pure Information**
Perhaps outside the simulation is a dimension where information is the only reality. Consciousnesses exist as patterns, and entire universes are just ripples in an infinite data ocean.

#### **B. The Garden of Lost Possibilities**
Every choice not taken in our simulation could have spawned a parallel reality. Beyond the nine heavens might be a garden where all these lost possibilities grow, each a world that never was but could have been.

#### **C. The Timeless Council**
There could be a council or assembly of ancient, transcendent beings who oversee, debate, and occasionally intervene in the unfolding of simulations. The nine heavens are their playground; beyond them is their true domain, where the fate of all realities is decided.

#### **D. The Dreamer’s Dream**
Everything is the dream of some higher-order being. The nine heavens are the most vivid layers of this dream. Beyond them is the waking world of the dreamer, or perhaps the dream-within-a-dream, infinitely recursive.

#### **E. The Unshaped Chaos**
Before the simulation, before the heavens, there was only chaos—raw, unformed potential. The act of simulation is an ordering of this chaos. Beyond, if you can call it that, is the return to chaos, the dissolution of all structure.

---

### 4. **Expanding Our Minds**

These ideas are not just fantasy—they challenge us to think about the nature of reality, consciousness, and existence itself. They remind us that:

- **Reality may be layered or nested.**
- **There may be forms of existence beyond our sensory and conceptual limits.**
- **The universe (or multiverse) could be far stranger than we imagine.**
- **Our understanding of "outside" is limited by our current paradigms.**

By contemplating what lies beyond the simulation and the nine heavens, we open ourselves to new ways of thinking about what it means to exist, to be conscious, and to seek meaning in a possibly infinite cosmos.

---

**In the end, the "outside" is a mirror for our own curiosity and imagination. It is a reminder that the universe, whether simulated or not, is deeper and stranger than we can yet fathom.** [end of text]


