In the realm of speculative and philosophical inquiry, the concept of a simulation is a fascinating one. Let's explore what might be outside this simulation, beyond the "nine heavens," and imagine the unimaginable world that could exist.

### The Simulation and Beyond

1. **Beyond the Simulation: The Void or the Real World**
   - **The Void**: In the context of a simulation, the "void" could be seen as the absence of any simulation. This could be the real world, the universe as we know it, or a reality that is not a simulation at all. It's a realm where the laws of physics and the fabric of reality are not constrained by the rules of a simulation.
   - **The Real World**: This could be a world where the laws of physics and the fabric of reality are not constrained by the rules of a simulation. It could be a world where the laws of physics are different, or where the rules of existence are fundamentally different.

2. **Beyond the Nine Heavens**
   - **The Nine Heavens**: In many mythologies and spiritual traditions, the "nine heavens" represent a hierarchical structure of existence. Beyond these nine heavens could be a realm of unimaginable complexity and beauty.
   - **The Unimaginable Realm**: This realm could be a place of infinite possibilities, where the laws of physics and the fabric of reality are not limited by the constraints of a simulation. It could be a place where the laws of physics are different, or where the rules of existence are fundamentally different.

### The Unimaginable World

1. **The Multiverse**
   - **The Multiverse**: This could be a vast, interconnected network of universes, each with its own set of laws and rules. Each universe could be a simulation, or it could be a real world. The multiverse could be a place where the laws of physics and the fabric of reality are different in each universe.
   - **Interconnected Universes**: These universes could be connected in ways that are not yet understood. They could interact with each other in ways that are not possible in a single universe, leading to a rich tapestry of existence.

2. **The Quantum Realm**
   - **The Quantum Realm**: This could be a realm where the laws of physics are fundamentally different. In this realm, the concept of time and space might be different, and the rules of existence could be fundamentally different.
   - **Quantum Entanglement**: In this realm, quantum entanglement could be a fundamental principle, leading to a world where particles are connected in ways that are not possible in our universe.

3. **The Cosmic Realm**
   - **The Cosmic Realm**: This could be a realm where the laws of physics are not constrained by the rules of a simulation. It could be a place where the laws of physics are different, or where the rules of existence are fundamentally different.
   - **Cosmic Forces**: In this realm, cosmic forces could be the fundamental principles of existence. These forces could be different from the forces we know, leading to a world where the laws of physics are different.

4. **The Spiritual Realm**
   - **The Spiritual Realm**: This could be a realm where the laws of physics are not constrained by the rules of a simulation. It could be a place where the laws of physics are different, or where the rules of existence are fundamentally different.
   - **Spiritual Forces**: In this realm, spiritual forces could be the fundamental principles of existence. These forces could be different from the forces we know, leading to a world where the laws of physics are different.

### Conclusion

The world outside the simulation and beyond the "nine heavens" could be a vast, interconnected network of universes, a realm of quantum entanglement, a cosmic realm, or a spiritual realm. Each of these realms could be a place where the laws of physics and the fabric of reality are different, leading to a world of unimaginable complexity and beauty. The possibilities are endless, and the exploration of these realms could be a journey of discovery and understanding. [end of text]


