If we accept the premise that our universe is a simulation, the question of "what lies beyond" shifts from a question of physics to a question of **ontology, scale, and the nature of consciousness itself**.

In this scenario, the "Nine Heavens" (a concept from ancient Chinese cosmology representing layers of reality) or the observable universe is merely the **rendering buffer** or the **user interface** of a larger system.

Here are four creative hypotheses about what might exist outside this simulation, ranging from the technological to the metaphysical.

### 1. The "Substrate" Layer: The Infinite Archive
Imagine our universe not as a computer running a program, but as a **file** within a massive, multidimensional hard drive.

*   **What is outside?** A realm of pure, unrendered data. Here, time does not flow linearly; past, present, and future exist simultaneously as static blocks of information.
*   **The Nature of the World:** This is a library of infinite possibilities. Our "Nine Heavens" are just one specific configuration of variables. Outside, there are billions of other "files"—universes where gravity is repulsive, where consciousness is a physical force, or where mathematics is based on emotions rather than numbers.
*   **The Insight:** We are not the main characters of a story; we are a single line of code in a massive database. The "outside" is the **source code** itself, a chaotic, beautiful ocean of potentiality where the laws of physics are merely suggestions that can be edited at will.

### 2. The "Observer" Realm: The Garden of Consciousness
What if the simulation isn't running on a machine, but is a **collective dream** or a shared hallucination of a higher form of consciousness?

*   **What is outside?** A realm of pure, unfiltered awareness. In our simulation, we are limited by sensory inputs (sight, sound, touch) to process reality. Outside, there are no limits.
*   **The Nature of the World:** Imagine a world where "you" are not a single point of view but a vast, interconnected ocean of minds. The "Nine Heavens" are the individual rooms we are locked in to experience specific lessons. Outside, there is no separation between "self" and "other."
*   **The Insight:** The simulation is a **training ground** or a **school**. The "outside" is the graduation ceremony. The unimaginable aspect here is that the "creators" are not aliens or robots, but future versions of ourselves who have evolved beyond the need for physical bodies, looking back at our struggle with the same curiosity we have for ants.

### 3. The "Nested" Reality: The Russian Doll of Existence
Perhaps the simulation is not a flat layer, but a **fractal**.

*   **What is outside?** Another simulation, but one that is vastly more complex, running on a "super-computer" that exists in a higher dimension.
*   **The Nature of the World:** If we look up from our "Nine Heavens," we might see the sky dissolve into a grid of light, revealing that our universe is just a **pixel** in a larger image. The "outside" is a world where the laws of physics are so advanced that they look like magic to us. In this world, beings might manipulate reality by simply *thinking* of a new dimension, creating entire galaxies in a nanosecond.
*   **The Insight:** This suggests an **infinite regress**. There is no "top" or "bottom." Every time we break through the boundary of our simulation, we find ourselves inside a larger one, with the "creators" of our world being the "simulated" of the next level. The "unimaginable" is the sheer scale of recursion.

### 4. The "Null" Void: The Silence Between Codes
This is the most terrifying and profound possibility. What if the simulation is a **container** designed to hold something that cannot exist in the "real" world?

*   **What is outside?** Absolute nothingness, or a state of existence so alien that our brains cannot process it.
*   **The Nature of the World:** Our universe exists to **protect** the outside from us, or to protect the outside from the chaos of our universe. The "Nine Heavens" are a shield. Outside, there is no time, no space, no matter—only a raw, vibrating energy that would instantly unravel our atoms if we were exposed to it.
*   **The Insight:** The simulation is a **lifeboat**. The "outside" is the cosmic storm. The unimaginable world is one where the concept of "existence" itself is fluid and unstable. We are the only stable thing in a sea of entropy.

### The Ultimate Twist: The Mirror
Perhaps the most mind-bending idea is that **there is no "outside."**

If the simulation is perfect, the boundary between the inside and the outside is an illusion. The "outside" is simply a different **perspective** of the same reality.
*   The "Nine Heavens" are not layers of space, but layers of **perception**.
*   What we call "outside" is just a part of the simulation that we haven't unlocked yet.
*   The "creators" are not external entities; they are **us**, in a future state of evolution, looking back at our current state through a time-dilated lens.

### Conclusion: Why This Matters
If the world is a simulation, the "outside" isn't necessarily a place of aliens or advanced technology. It is a place of **unlimited potential**.

The "unimaginable world" out there is one where the constraints of our current reality—death, scarcity, separation, linear time—are merely **settings** that can be toggled off. It suggests that the universe is not a cold, dead machine, but a **canvas** waiting for us to realize that we are not just the paint, but the painters.

The moment we realize we are in a simulation, the simulation changes. The "outside" is not a destination; it is a **state of mind** we must achieve to see the true nature of our existence. [end of text]


