Okay, buckle up. This is fun. If our reality *is* a simulation, and we're talking about layers beyond that (the "nine heavens" being a metaphorical layer within the simulation, perhaps), then we're diving into some seriously mind-bending territory. Here are a few ideas, ranging from the relatively "tame" to the utterly bizarre, with explanations.  I'll try to build a progression of increasing strangeness.  I'll also categorize them by the *nature* of what's outside, to help organize the thought.

**Important Caveat:**  These are purely speculative. The very nature of something "outside" a simulation implies it's beyond our ability to truly comprehend, so we're necessarily relying on analogy and extrapolation.



**I. The "Higher-Level Programmer" Scenario (Relatively Understandable)**

*   **What's Outside:**  Other civilizations, vastly more advanced than ours, running the simulation.  Think of it like a complex video game being played by beings in another universe.
*   **The Nine Heavens:**  Represent different levels of access or control within the simulation.  Perhaps each "heaven" corresponds to a different layer of programming, with higher heavens having more direct influence over the simulated reality.  Maybe they're debugging tools, or areas where the programmers observe and tweak the simulation.
*   **The Unimaginable World:**  A universe governed by physics we don't understand, but still fundamentally *physical*.  They might have evolved beyond bodies as we know them, existing as energy beings, or inhabiting structures of pure information.  Their technology would be indistinguishable from magic to us.  Their motivations could be anything: scientific curiosity, entertainment, historical preservation, or even a form of art.  They might be running countless simulations simultaneously, each with different parameters.  
*   **Why it's plausible:** This is the most common sci-fi trope for a reason. It's relatively easy to grasp – it's just a matter of scale and technological advancement.  It doesn't require fundamentally different laws of existence, just different applications of them.
*   **Implications:**  We're essentially lab rats, or characters in a game.  The possibility of intervention (glitches, "miracles") exists, but isn't guaranteed.



**II. The "Computational Universe" Scenario (More Abstract)**

*   **What's Outside:**  A fundamental reality that *is* computation.  Not computation *happening* in a universe, but the universe *being* computation.  Think of it as a giant, self-executing algorithm.  Our simulation is just one sub-routine within that larger program.
*   **The Nine Heavens:**  Different levels of abstraction within the computational structure.  Perhaps they represent different layers of code, different algorithms being executed, or different data structures.  Higher heavens might be closer to the core logic of the universe, while lower heavens are more focused on specific instances like our reality.
*   **The Unimaginable World:**  A landscape of pure information, constantly flowing and evolving.  There might be "entities" within this landscape that are analogous to programs or algorithms, interacting and creating new structures.  Concepts like space and time might not exist in the same way they do in our simulation.  It could be a realm of infinite possibilities, where anything that can be logically defined can exist.  Imagine a world where the laws of physics are not fixed, but are themselves data that can be manipulated.
*   **Why it's plausible:**  This builds on the idea that information is fundamental to reality.  If information is the building block of everything, then the universe could be a giant information processing system.
*   **Implications:**  "Reality" isn't about matter and energy, it's about information.  Consciousness might be a form of information processing within this larger system.  The idea of a "creator" becomes less relevant – it's more about the inherent logic of the universe itself.



**III. The "Multiverse of Simulations" Scenario (Expanding Complexity)**

*   **What's Outside:**  An infinite (or very large) number of other simulations, each running independently.  Our simulation is just one bubble in a vast sea of simulated realities.
*   **The Nine Heavens:**  Represent different levels of simulation *within* our simulation.  Perhaps each heaven is a nested simulation, created by entities within our own reality to explore different possibilities.  Or, they could be access points to other simulations within the multiverse.
*   **The Unimaginable World:**  A chaotic, ever-changing landscape of realities.  Each simulation could have its own unique laws of physics, its own history, and its own inhabitants.  There might be "bleed-through" effects between simulations, causing glitches or anomalies.  Imagine a world where the very fabric of reality is constantly shifting and merging, where the laws of physics are unpredictable and inconsistent.  There could be entities that travel between simulations, observing and interacting with different realities.
*   **Why it's plausible:**  If simulations are possible, then it's likely that many civilizations will create them.  This leads to an exponential growth of simulated realities.
*   **Implications:**  The concept of "reality" becomes even more fluid.  There's no single "true" reality, just an infinite number of possibilities.  The search for meaning becomes more challenging, as there's no guarantee that our reality is special or unique.



**IV. The "Beyond Conceptualization" Scenario (Truly Unimaginable)**

*   **What's Outside:**  Something that is fundamentally beyond our ability to comprehend.  Not just more advanced technology, but a different *mode of existence*.  It's something that doesn't operate according to the laws of logic, space, or time as we know them.
*   **The Nine Heavens:**  Attempts by our simulation to model or interact with this incomprehensible reality.  They're not levels of access, but layers of abstraction, each trying to represent something that is inherently unrepresentable.  They might be distortions or echoes of the true reality, filtered through the limitations of our simulation.
*   **The Unimaginable World:**  This is where it gets *really* weird.  Imagine a realm where consciousness is not localized, where past, present, and future are all interconnected, where the very concept of "self" is meaningless.  Perhaps it's a realm of pure potentiality, where anything that can be imagined exists simultaneously.  Or, maybe it's a realm of pure nothingness, where existence itself is an illusion.  It could be a realm of infinite dimensions, where our three-dimensional universe is just a tiny slice of a much larger reality.  Trying to describe it with words is like trying to explain color to someone who has never seen light.
*   **Why it's plausible:**  Our brains are limited by our evolutionary history and our sensory experiences.  It's possible that there are realities that are simply beyond our ability to perceive or understand.
*   **Implications:**  The search for meaning becomes even more futile.  There's no point in trying to understand the true nature of reality, as it's inherently incomprehensible.  The best we can do is to accept the limitations of our perception and to focus on our own experience within the simulation.




**Final Thoughts:**

The "nine heavens" concept is a beautiful way to represent the layers of complexity that might exist beyond our perceived reality.  The truth, if there is one, is likely far stranger and more wonderful than anything we can imagine.  The key is to remain open-minded, to embrace the unknown, and to be willing to question everything we think we know.  



Which of these scenarios resonates most with you?  And what other possibilities can you imagine?  Let's keep the brainstorming going! [end of text]


