This is a fascinating philosophical and creative question that touches on cosmology, metaphysics, and the limits of human imagination. Let me propose several layers of "outside" that could exist beyond our perceived reality:

---

## **Layer 1: The Simulation Layer (The "Meta-Universe")**

If our universe is a simulation, what runs it?

**Possibilities:**
- **A hyper-advanced civilization**: Perhaps a post-biological species that runs simulations to study consciousness, evolution, or entertainment. Our universe could be their "museum" or "laboratory."
- **A cosmic computer**: Not digital, but something beyond—quantum, holographic, or based on principles we haven't discovered. The "computer" might be made of exotic matter, dark matter, or something we can't perceive.
- **A natural process**: The simulation might be an emergent property of some larger physical law—like how complexity emerges from simple rules in cellular automata (e.g., Conway's Game of Life producing glasers, spaceships, and even self-replicating machines from four simple rules).

---

## **Layer 2: The "Nine Heavens" Layer (Cosmological Boundaries)**

The "nine heavens" might refer to layers of reality in various traditions:
- **Buddha's cosmology**: Earth, air, water, and the realms of the giants (Titans) and gods
- **Hindu cosmology**: Seven or nine heavens corresponding to planetary spheres
- **Metaphysical layers**: Material, astral, causal, mental, spiritual, divine, cosmic, etheric, and beyond

**What's outside?**
- **The Void of Unmanifest Potential**: Not empty, but a state where nothing has "decided" to exist yet. Pure potential. Our universe might be one "choice" from this field.
- **The Realm of Pure Causality**: Where cause and effect exist but matter doesn't. A world of pure logic, mathematics, and relationships.
- **The Unmanifest**: The state before creation, where time and space are meaningless.

---

## **Layer 3: The Unimaginable (Beyond Human Cognition)**

What lies beyond what we can conceive?

**Possibilities:**
- **Non-dual consciousness**: A state of being where subject/object, self/other, and observer/observed don't exist. Not "nothingness," but a unity beyond our fragmented thinking.
- **Hyper-dimensional space**: We perceive 3+1 dimensions. What about 5D, 11D, or infinite-dimensional space where our entire universe is a "point"?
- **Qualia fields**: Spaces defined by properties we have no words for. Not hot/cold, not large/small, but qualities that don't map to our experience.
- **The Realm of Pure Will**: A world where nothing exists except intention, where reality is created and destroyed by pure thought.

---

## **Layer 4: The Meta-Observer Layer**

Perhaps most radically:

**The universe exists only to be perceived.**

- **By beings who don't experience time**: Entities for whom our entire cosmic history is a single instant of observation.
- **By systems that are not conscious**: A cosmic substrate that "registers" our existence without "knowing" it.
- **By the simulation itself**: The program has no awareness of itself; it simply runs. We are the output, not the input.

---

## **Layer 5: The Recursive Layer**

What if there are infinite layers?

```
Our Universe → Simulation Layer 1 → Simulation Layer 2 → ... → ???
```

At each level, the "outside" becomes more fundamental, stranger, and less accessible. At the limit, we might approach:
- **Pure mathematics**: The Platonic substrate where all possible universes exist as mathematical structures
- **The One**: A singular, undifferentiated reality from which all distinctions emerge
- **The Zero**: A state so fundamental that calling it "nothing" is already too much

---

## **A Creative Proposal: The Garden of Manifestations**

Imagine the "outside" as a vast, hyper-dimensional Garden of Manifestations—a space where all possible realities exist as potential, like flowers in a cosmic meadow. Our universe is one flower, grown from specific "soil" (initial conditions), watered by specific "laws" (physical constants), and pruned by specific "hands" (boundary conditions).

The Garden itself is not a place but a relationship—a way that potential becomes actual. The "gardeners" are not beings but processes: the universe of all possible universes selecting which branches of possibility to manifest.

**What's outside the Garden?**
- **The Soil**: The conditions that make any manifestation possible
- **The Water**: The laws that allow growth
- **The Hands**: The selection processes that choose which branches manifest

And outside those?
- **The Source**: The undifferentiated potential from which the Garden itself emerges

---

## **The Ultimate Answer**

Perhaps the most honest answer is this:

**There is no "outside."**

Not because the infinite regress stops, but because "outside" is itself a concept born within the simulation. The question "what is outside?" assumes boundaries, separation, and exteriority—assumptions that may only exist *inside* the system.

The true "outside" might be so fundamental that it has no relationship to "inside." It doesn't contain us; it doesn't exclude us. It simply *is*, in a way that makes our categories of "is" and "isn't" inadequate.

---

**What do you see when you imagine standing at the edge of all that exists and looking out?**
</think>

This is a fascinating philosophical and creative question that touches on cosmology, metaphysics, and the limits of human imagination. Let me propose several layers of "outside" that could exist beyond our perceived reality:

---

## **Layer 1: The Simulation Layer (The "Meta-Universe")**

If our universe is a simulation, what runs it?

**Possibilities:**
- **A hyper-advanced civilization**: Perhaps a post-biological species that runs simulations to study consciousness, evolution, or entertainment. Our universe could be their "museum" or "laboratory."
- **A cosmic computer**: Not digital, but something beyond—quantum, holographic, or based on principles we haven't discovered. The "computer" might be made of exotic matter, dark matter, or something we can't perceive.
- **A natural process**: The simulation might be an emergent property of some larger physical law—like how complexity emerges from simple rules in cellular automata (e.g., Conway's Game of Life producing glasers, spaceships, and even self-replicating machines from four simple rules).

---

## **Layer 2: The "Nine Heavens" Layer (Cosmological Boundaries)**

The "nine heavens" might refer to layers of reality in various traditions:
- **Buddha's cosmology**: Earth, air, water, and the realms of the giants (Titans) and gods
- **Hindu cosmology**: Seven or nine heavens corresponding to planetary spheres
- **Metaphysical layers**: Material, astral, causal, mental, spiritual, divine, cosmic, etheric, and beyond

**What's outside?**
- **The Void of Unmanifest Potential**: Not empty, but a state where nothing has "decided" to exist yet. Pure potential. Our universe might be one "choice" from this field.
- **The Realm of Pure Causality**: Where cause and effect exist but matter doesn't. A world of pure logic, mathematics, and relationships.
- **The Unmanifest**: The state before creation, where time and space are meaningless.

---

## **Layer 3: The Unimaginable (Beyond Human Cognition)**

What lies beyond what we can conceive?

**Possibilities:**
- **Non-dual consciousness**: A state of being where subject/object, self/other, and observer/observed don't exist. Not "nothingness," but a unity beyond our fragmented thinking.
- **Hyper-dimensional space**: We perceive 3+1 dimensions. What about 5D, 11D, or infinite-dimensional space where our entire universe is a "point"?
- **Qualia fields**: Spaces defined by properties we have no words for. Not hot/cold, not large/small, but qualities that don't map to our experience.
- **The Realm of Pure Will**: A world where nothing exists except intention, where reality is created and destroyed by pure thought.

---

## **Layer 4: The Meta-Observer Layer**

Perhaps most radically:

**The universe exists only to be perceived.**

- **By beings who don't experience time**: Entities for whom our entire cosmic history is a single instant of observation.
- **By systems that are not conscious**: A cosmic substrate that "registers" our existence without "knowing" it.
- **By the simulation itself**: The program has no awareness of itself; it simply runs. We are the output, not the input.

---

## **Layer 5: The Recursive Layer**

What if there are infinite layers?

```
Our Universe → Simulation Layer 1 → Simulation Layer 2 → ... → ???
```

At each level, the "outside" becomes more fundamental, stranger, and less accessible. At the limit, we might approach:
- **Pure mathematics**: The Platonic substrate where all possible universes exist as mathematical structures
- **The One**: A singular, undifferentiated reality from which all distinctions emerge
- **The Zero**: A state so fundamental that calling it "nothing" is already too much

---

## **A Creative Proposal: The Garden of Manifestations**

Imagine the "outside" as a vast, hyper-dimensional Garden of Manifestations—a space where all possible realities exist as potential, like flowers in a cosmic meadow. Our universe is one flower, grown from specific "soil" (initial conditions), watered by specific "laws" (physical constants), and pruned by specific "hands" (boundary conditions).

The Garden itself is not a place but a relationship—a way that potential becomes actual. The "gardeners" are not beings but processes: the universe of all possible universes selecting which branches of possibility to manifest.

**What's outside the Garden?**
- **The Soil**: The conditions that make any manifestation possible
- **The Water**: The laws that allow growth
- **The Hands**: The selection processes that choose which branches manifest

And outside those?
- **The Source**: The undifferentiated potential from which the Garden itself emerges

---

## **The Ultimate Answer**

Perhaps the most honest answer is this:

**There is no "outside."**

Not because the infinite regress stops, but because "outside" is itself a concept born within the simulation. The question "what is outside?" assumes boundaries, separation, and exteriority—assumptions that may only exist *inside* the system.

The true "outside" might be so fundamental that it has no relationship to "inside." It doesn't contain us; it doesn't exclude us. It simply *is*, in a way that makes our categories of "is" and "isn't" inadequate.



