Here are the answers to your questions:

### 1. How high would you have to count before you would use the letter "A" in the English language spelling of a whole number?

You would have to count to **one thousand** (1,000).

*   **Explanation:** In the standard American and British English naming system for whole numbers, the letter "A" does not appear in any number from 1 to 999.
    *   1–9: one, two, three, four, five, six, seven, eight, nine
    *   10–19: ten, eleven, twelve, thirteen, fourteen, fifteen, sixteen, seventeen, eighteen, nineteen
    *   20–99: twenty, thirty, forty, fifty, sixty, seventy, eighty, ninety
    *   100–999: one hundred, two hundred, ..., nine hundred ninety-nine
*   The first number to contain the letter "A" is **one thousand** (1,000).
*   *Note:* In some older British usage or specific dialects, "and" is inserted (e.g., "one hundred **and** one"), which would make the answer 101. However, in standard modern English (especially American English), "and" is not used in whole number spelling, making 1,000 the correct answer.

### 2. Complete this sentence: "The quick brown fox ..."; What is the sentence famous for?

**Completed sentence:** "The quick brown fox **jumps over the lazy dog**."

**Fame:** This sentence is famous for being a **pangram**. A pangram is a sentence that contains every letter of the alphabet at least once. It is commonly used for:
*   Testing typewriters, keyboards, and fonts.
*   Practicing handwriting.
*   Demonstrating typefaces in design.

### 3. Write a short story of the three little pigs who met Little Red Riding Hood.

**The Wolf’s Second Chance**

The three little pigs—Porky, Prissy, and Porkchop—were enjoying a peaceful afternoon in their sturdy brick house. They had learned their lesson well: hard work pays off. Outside, the wind rustled the leaves, and the sun warmed the garden where they grew carrots and corn.

Suddenly, a shadow fell across the window. It wasn’t the huffing, puffing wolf from their past, but a young, nervous-looking wolf in a red hooded cloak. He was carrying a basket of cookies.

"Excuse me," the wolf said, his voice trembling. "I’m looking for my grandmother’s house. I got lost in the woods."

Porky peeked through the curtain. "Isn’t that Little Red Riding Hood’s wolf?" he whispered.

Prissy squinted. "No, look. He’s wearing a red hood. He’s probably a cousin. Or maybe he’s just confused."

Porkchop, the youngest and most curious, opened the door. "Come in," he said kindly. "You look lost. And hungry."

The wolf blinked. "You’re not going to eat me?"

"We don’t eat wolves," Porky said. "We’re vegetarians. Mostly."

The wolf stepped inside, surprised by the warmth and the smell of fresh bread. "I’m sorry about my uncle," he said. "He had a bad reputation. I’m trying to be better."

Little Red Riding Hood, who had been following her cousin, peeked in from the garden gate. "Cousin! There you are! I’ve been looking everywhere for you. Grandma made apple pie."

The wolf’s eyes lit up. "Apple pie? I love apple pie!"

The three little pigs smiled. They invited the wolf and Little Red Riding Hood in for tea and pie. That afternoon, the brick house echoed with laughter, not huffing and puffing. The pigs realized that not everyone who looks scary is dangerous, and the wolf realized that kindness was a better path than fear.

From that day on, the three little pigs and Little Red Riding Hood became unlikely friends, and the wolf became the neighborhood’s most reliable baker. [end of text]


