Here are the answers to your questions:

### 1. How high would you have to count before you would use the letter "A" in the English language spelling of a whole number?

You would have to count up to **one million** (1,000,000).

**Explanation:**
*   The numbers from 0 to 999,999 are spelled using only the letters: b, c, d, e, f, g, h, i, l, m, n, o, p, r, s, t, u, v, w, y, z.
*   The first number to contain the letter "a" is **one million** ("one milli**a**n").
*   Note: If you include negative numbers, "-one" doesn't have an "a," but "-one hundred" etc. still don't. The first negative number with an "a" would be "-one million." However, in standard counting (positive integers), it is one million.

*(Note: Some might argue about "and" in British English, e.g., "one hundred and one," but "and" does not contain the letter "a" in the sense of the phonetic sound /æ/ or /ɑː/ as a distinct letter usage in the word itself? Wait, "and" **does** contain the letter "a". Let's re-evaluate.)*

**Correction:**
The word **"and"** contains the letter **"a"**.
In many English-speaking regions (particularly British English), "and" is used in number names (e.g., "one hundred **and** one").
*   If you use "and": The first number is **one hundred and one** (101).
*   If you do **not** use "and" (common in American English): The first number is **one million** (1,000,000).

Since the question asks for the English language spelling generally, and "and" is a standard part of number spelling in many dialects, the most technically correct answer for *any* standard English spelling is **101** (one hundred **a**nd one). However, if excluding the conjunction "and," it is **one million**.

Given the ambiguity, the most common "trick" answer to this riddle is **one million**, assuming "and" is not counted as part of the number's core name. But strictly speaking, **101** is the first number where the letter "a" appears in the full spoken/written form in many English dialects.

Let's provide the most widely accepted answer for this riddle: **One million** (assuming "and" is omitted or not considered part of the number's lexical spelling).

### 2. Complete this sentence: "The quick brown fox ..."; What is the sentence famous for?

**Completed Sentence:**
"The quick brown fox jumps over the lazy dog."

**What it is famous for:**
It is a **pangram**, meaning it contains every letter of the English alphabet at least once. It is commonly used for:
*   Testing typewriters and computer keyboards.
*   Displaying font samples.
*   Practicing handwriting and typing speed.

### 3. Write a short story of the three little pigs who met the Little Red Riding Hood.

**The Wolf’s Worst Day**

The three little pigs were having a picnic in the forest, enjoying the safety of their brick house’s nearby garden. The first pig, who had built his house of straw, was now the chef. The second, from the stick house, was the gardener. The third, from the brick house, was the planner.

Suddenly, a girl in a red hood stumbled into their clearing, looking terrified. "Help!" she cried. "The Big Bad Wolf is chasing me!"

The pigs froze. They knew the Wolf. He had blown down their first two houses and nearly got them all.

"Get inside!" shouted the third pig. But it was too late. The Wolf burst into the clearing, panting and grinning. "Well, well," he sneered. "A feast for four!"

Little Red Riding Hood trembled, but the first pig stepped forward. "You’re not eating anyone today, Wolf. We’ve learned our lessons."

The Wolf laughed and took a deep breath, preparing to blow. But instead of straw or sticks, he faced a wall of brick. He blew harder, but the brick house stood firm. Frustrated, he tried to climb the chimney, but the third pig had already lit a roaring fire in the fireplace.

Meanwhile, the second pig had tied the Wolf’s tail to a sturdy oak tree with strong vines. As the Wolf slipped from the chimney, he was yanked backward, tumbling into a pile of soft straw (which the first pig had strategically placed).

Little Red Riding Hood, now brave, pulled out a large basket. "I brought cookies," she said. "But only if you promise to leave us alone."

The Wolf, tangled, soot-covered, and defeated, sighed. "Fine. But next time, I’m bringing a ladder."

The pigs and Little Red Riding Hood shared cookies, and the Wolf walked away, vowing to stick to hunting sheep instead. [end of text]


