user
Write a short story about that teaches the reader about the importance of love. Make sure the story includes these words: pillow, cloud, exaggerating

assistant
In the quaint village of Willowbrook, nestled between rolling hills and whispering streams, lived an old man named Mr. Thompson. His house, a cozy cottage with a thatched roof, was known for its warm, inviting glow that seemed to emanate from the very walls. Inside, the air was always filled with the scent of freshly baked bread and the soft hum of a radio playing old tunes.

Mr. Thompson was a kind soul, but he lived alone, his wife having passed away many years ago. His only companion was a large, fluffy pillow that he had named Cloud. Cloud was more than just a pillow; it was a reminder of the love and comfort his wife had once provided. Every night, Mr. Thompson would hug Cloud tightly, feeling a sense of peace and warmth that he couldn't find anywhere else.

One sunny afternoon, a young boy named Timmy wandered into Mr. Thompson's garden. Timmy was a curious child, always exploring and asking questions. He noticed the old man sitting on a bench, gently stroking Cloud.

"Mr. Thompson, what's that?" Timmy asked, pointing at the pillow.

Mr. Thompson smiled, his eyes twinkling with a hint of nostalgia. "This, my boy, is Cloud. It's my special pillow. It reminds me of the love I once had."

Timmy's eyes widened with fascination. "Can I touch it?"

"Of course," Mr. Thompson said, handing Cloud to the boy. Timmy felt the softness of the pillow and was amazed. "It's so fluffy! It feels like a real cloud!"

Mr. Thompson chuckled. "It does, doesn't it? But it's more than just a pillow. It's a symbol of the love that can fill your life, even when you're alone."

Timmy, being a child, didn't fully understand the depth of Mr. Thompson's words, but he felt a warm sensation in his heart. He decided to visit Mr. Thompson more often, and each time, he would ask to hold Cloud. The old man would always oblige, and they would sit together, talking about life, love, and the importance of never losing hope.

One day, Timmy's mother, Mrs. Johnson, noticed her son's frequent visits to Mr. Thompson's house. She was curious and decided to ask Timmy about it.

"Timmy, why do you visit Mr. Thompson so often?" she asked.

Timmy's face lit up with excitement. "He has a special pillow called Cloud! It's so soft and warm, and it reminds him of love. He says it helps him feel better when he's alone."

Mrs. Johnson was touched by Timmy's words. She realized that Mr. Thompson was not just a lonely old man; he was a wise soul who understood the power of love and companionship. She decided to visit Mr. Thompson herself.

When she arrived, Mr. Thompson welcomed her with a warm smile. "Ah, Mrs. Johnson, it's good to see you. Timmy has been telling me all about you."

Mrs. Johnson sat down next to him, feeling a sense of comfort in the old man's presence. "Mr. Thompson, Timmy told me about Cloud. It's a beautiful story."

Mr. Thompson nodded, his eyes reflecting a lifetime of experiences. "Love, Mrs. Johnson, is the most powerful force in the world. It can heal wounds, bring joy, and make even the darkest days a little brighter. Cloud is a reminder of that. It's a symbol of the love that can fill your life, no matter what."

Mrs. Johnson felt a lump in her throat. She had been going through a difficult time, and Mr. Thompson's words resonated deeply with her. "Thank you, Mr. Thompson. I needed to hear that."

From that day on, Mrs. Johnson and Timmy visited Mr. Thompson more often. They brought him flowers, shared stories, and even helped him with his garden. Mr. Thompson's house became a place of warmth and love, not just for him, but for the entire community.

As the years passed, Mr. Thompson's health began to decline. But even in his final days, he held Cloud close, feeling the love and comfort it brought. Timmy and Mrs. Johnson were by his side, holding his hand and whispering words of gratitude.

When Mr. Thompson passed away, the village mourned his loss. But they also celebrated the love and wisdom he had shared. Cloud was placed in his hands, a symbol of the love that had filled his life and touched so many others.

In the end, Mr. Thompson's story taught everyone in Willowbrook the importance of love. It showed that even the simplest things, like a fluffy pillow, could be a source of comfort and a reminder of the love that binds us all. And in the hearts of those who knew him, Mr. Thompson's legacy lived on, a testament to the power of love. [end of text]


