Every evening, after the streetlights blinked awake, old Mrs. Delgado sat on her stoop with a faded pillow on her lap. The pillow had once been bright red, but years of sun and sorrow had bleached it to the color of a shy cloud at dawn. People hurried past, exaggerating their busyness so they wouldn’t have to stop and remember that the woman had lost her husband the winter before.  

One Thursday, seven-year-old Milo zig-zagged up the sidewalk, clutching a half-eaten cookie like a trophy. He paused in front of her.  
“Why do you hug that pillow like it’s a person?” he asked, crumbs exaggerating the question.  

Mrs. Delgado smiled the way a cloud lets a little light through.  
“It’s not just stuffing,” she said. “It’s every night I rested my head on his shoulder. When I hold it, I’m not holding cloth—I’m holding love that’s still warm.”  

Milo frowned, trying to see the warmth she described. All he saw was cotton.  
“Love can’t stay inside cotton,” he declared, proud of his scientific certainty.  

“Come back tomorrow,” she replied. “Bring something you love. We’ll test your theory.”  

The next afternoon, Milo returned with his favorite marble—swirls of blue like tiny oceans. Mrs. Delgado placed the marble inside the pillow’s small tear and stitched it shut with thread the color of sunset.  

“Now sit,” she said.  

They leaned against the railing, shoulder to shoulder, the pillow between them. Milo felt the marble press gently against his ribs. He waited for magic, but nothing happened—until he noticed the quiet. No cars, no barking dogs, only the soft hush of two hearts beating at different speeds.  

Mrs. Delgado began to talk about her husband: how he used to call every thunderstorm “the sky’s drum solo,” how he’d sneak strawberries into her coat pocket when she wasn’t looking. With every story, the marble seemed to grow warmer, as if the memories were heating it from the inside.  

Milo’s eyes widened. “It’s like the marble is listening.”  

“Love doesn’t need ears,” she whispered. “It just needs room.”  

That night, Milo couldn’t sleep. He kept thinking of the marble glowing like a night-light beneath worn fabric. The next morning, he marched back with his whole marble collection. One by one, they slipped inside the pillow—each sphere carrying a tiny piece of his trust.  

Neighbors began to slow down. A jogger donated a movie ticket stub; a florist tucked in a dried violet; the grumpy baker surrendered a joke he’d written on a napkin. The pillow grew lumpy and heavy, but Mrs. Delgado held it higher, her arms no longer trembling.  

Weeks later, a fierce storm cracked the sky open. Lightning turned the street white, and wind flung trash cans like toys. Milo ran to Mrs. Delgado’s porch, soaked and shivering. She opened the door, pressed the pillow to his chest, and wrapped her arms around both boy and cushion. Inside the stuffing, marbles clicked like soft applause.  

Under the roar of the storm, Milo heard something else: the steady thump of another heartbeat, steady and sure. He realized it wasn’t coming from the pillow at all—it was coming from the woman who had chosen to keep loving even after the world had taken the one she loved most.  

When morning came, the storm had passed, but the pillow remained. Milo understood then that love isn’t something you keep; it’s something you let others feel. He reached into the tear, pulled out a single marble, and rolled it across the floorboards toward her feet.  

“For you,” he said. “So you can carry it when you walk to the market.”  

Mrs. Delgado laughed, the sound bright as a brand-new cloud. She tucked the marble into her pocket, right next to a strawberry she’d bought on impulse.  

Years later, when Milo left for college, he found a small package on his doorstep. Inside was the same marble, now attached to a keychain, and a note:  

“Love multiplies when you give it away. Thank you for teaching an old woman how to carry it lightly.”  

He hung the keychain on his dorm-room lamp, where it caught the light like a miniature sunrise. And every time he felt lonely, he pressed it to his heart and felt the echo of a porch, a storm, and a pillow that had once been empty—until a boy and a neighborhood filled it with the only thing that never runs out. [end of text]


