<seed:think>
Got it, the user wants a short story that teaches the importance of love, and it needs to include "pillow", "cloud", and "exaggerating". Let me start by thinking about a relatable scenario. Maybe a child and a parent? That often highlights love naturally.

First, the elements: pillow. Maybe a childhood pillow, something with memories. Cloud could be a metaphor or a literal element, like looking at clouds together. Exaggerating—maybe the parent exaggerates something to show love, like how much they care.

Let me outline a character. Maybe a young girl, Lila, who's feeling unappreciated or confused about love. Her grandma could be the wise one. Grandmas often use gentle lessons. The pillow: maybe Lila's old pillow, stuffed animal inside? Or a pillow grandma made. Clouds: maybe they watch clouds together, grandma tells a story about the clouds representing love. Exaggerating: grandma might exaggerate how much she loves Lila, or how the pillow is special, to make Lila understand love isn't just big gestures.

Start with Lila being upset, maybe arguing with a friend who said love is only grand things. She goes to grandma, who's knitting. Grandma notices she's sad. They sit on the porch, look at clouds. Grandma points to a cloud that looks like a dragon, then says, "When you were little, you thought that pillow was magic—said it held all the hugs in the world." Lila remembers her pillow, maybe with a stitched heart, given by grandma. Grandma admits she was "exaggerating a little" when she said the pillow would keep her safe, but "love’s kind of like that, isn’t it? We exaggerate the small things because they matter most."

Then, maybe Lila realizes that grandma's daily acts—knitting, stories, the pillow—are love. The cloud lesson: clouds look big but are made of tiny water droplets, like love is made of tiny moments. Exaggerating isn't lying; it's emphasizing the value of what's true. End with Lila feeling loved, understanding that love is in the small, exaggeratedly important things.

Check if all words are included: pillow (yes, the special one), cloud (watching clouds, cloud as dragon), exaggerating (grandma admits to exaggerating the pillow's magic). Theme: importance of love in small, everyday moments, seen through the lens of a childhood pillow and cloud-watching, with exaggeration as a way to highlight love's depth.

Make sure the story flows emotionally. Start with Lila's confusion, move to grandma's gentle lesson, use sensory details (the pillow's softness, the cloud's shape, grandma's voice). End with Lila's realization, tying it all together. Avoid being too preachy; show, don't tell. Maybe Lila hugs the pillow later, feeling grandma's love through it. That should work.</seed:think>**The Pillow, the Cloud, and the Art of Exaggerating**  

Lila sat on the porch steps, staring at her scuffed sneakers, while her best friend Mia laughed from the driveway. “Love’s just stuff like movies—big gestures, grand speeches!” Mia had declared earlier. “My mom barely even says ‘I love you’ unless she’s sorry.” Lila’s throat tightened. Her grandma *did* say “I love you,” but it was always soft, like a secret, tucked into the crook of her neck when they folded laundry or stirred soup. Was that… enough?  

“Mind some company?”  

Grandma’s voice was as warm as the quilt she’d draped over Lila’s shoulders that morning. She plopped down next to Lila, her knitting needles clicking softly. “You look like you’re arguing with a cloud.” She nodded to the sky, where a wispy white shape drifted by, resembling nothing so much as a lopsided pancake.  

Lila snorted. “Mia says love has to be *big*. Like, superhero big.”  

Grandma smiled, poking Lila’s cheek with a needle (gently—she never hurt). “Hmm. Let me ask you something: When you were five, you had that pillow. The one with the stitched-on sunflowers, covered in tea stains from when you spilled your sippy cup?”  

Lila’s eyes lit up. *That* pillow. She’d slept with it for years, even after the sunflowers faded to gray. “Grandma sewed it herself! Said it held all the hugs she couldn’t give during the day.”  

“Ah, there we go.” Grandma leaned back, pointing to the cloud, which had now morphed into a dragon with a tiny tail. “I may have been… *exaggerating* a little. The pillow didn’t *hold* hugs. It was just a bunch of cotton and thread.”  

Lila frowned. “Then why did I believe it?”  

“Because love’s like that, kiddo. We exaggerate the small things because they’re the only things that stick. That pillow wasn’t magic—it was *me*, trying to tell you you were safe. Even when I wasn’t in the room, that sunflower pillow was my voice, saying, ‘I’m here.’” She tapped Lila’s hand. “You think Mia’s mom doesn’t love her? Maybe she shows it in her own way—like remembering Mia hates pickles, or staying up late to fix her bike tire. Those aren’t ‘big’ gestures. But they’re *her* kind of exaggerating. Making the tiny stuff feel like the whole world.”  

Lila looked at the cloud again, now a fluffy sheep. She thought of her grandma: the way she hummed off-key while baking, how she’d cry at sad dog commercials, how she’d let Lila “help” plant tomatoes even though Lila mostly just kicked dirt. None of it was superhero stuff. But… it was *everything*.  

“Grandma,” she said quietly, “do you still think that pillow held hugs?”  

Grandma laughed, a sound like wind through chimes. “I think it held *you*. And love’s never too small to be real—especially when someone’s willing to exaggerate a little to make you believe it.”  

That night, Lila hugged her sunflower pillow to her chest, its fabric soft and worn. Outside, a cloud drifted by, looking just like a giant, lopsided “I love you.” She realized then: Love wasn’t about the size of the gesture. It was about the courage to care enough—to exaggerate the little things, to make them feel like magic. And in that magic, she was already home. [end of text]


