In a world where love is often misunderstood, a young girl named Lily found herself in a world of clouds and pillows. She had always been fascinated by the delicate and intricate patterns that adorned the clouds, but she had never realized that love was as intricate and beautiful as those patterns.

One day, Lily stumbled upon a cloud that was so beautiful that it seemed to be made of love. The cloud was so full of love that it seemed to be made of the most precious and rarest of gems. Lily was amazed and inspired by the cloud's beauty, and she decided to take a closer look at it.

As she did, she realized that the cloud was not just a beautiful gem, but a living being. It was a cloud that was made of love, and it was alive and breathing. The cloud was not just a cloud, but a cloud that was made of love, and it was alive and breathing.

Lily was amazed and inspired by the cloud's beauty, and she decided to take a closer look at it. She realized that the cloud was not just a beautiful gem, but a living being. It was a cloud that was made of love, and it was alive and breathing.

Lily was amazed and inspired by the cloud's beauty, and she decided to take a closer look at it. She realized that the cloud was not just a beautiful gem, but a living being. It was a cloud that was made of love, and it was alive and breathing.

Lily was amazed and inspired by the cloud's beauty, and she decided to take a closer look at it. She realized that the cloud was not just a beautiful gem, but a living being. It was a cloud that was made of love, and it was alive and breathing.

Lily was amazed and inspired by the cloud's beauty, and she decided to take a closer look at it. She realized that the cloud was not just a beautiful gem, but a living being. It was a cloud that was made of love, and it was alive and breathing.

Lily was amazed and inspired by the cloud's beauty, and she decided to take a closer look at it. She realized that the cloud was not just a beautiful gem, but a living being. It was a cloud that was made of love, and it was alive and breathing.

Lily was amazed and inspired by the cloud's beauty, and she decided to take a closer look at it. She realized that the cloud was not just a beautiful gem, but a living being. It was a cloud that was made of love, and it was alive and breathing.

Lily was amazed and inspired by the cloud's beauty, and she decided to take a closer look at it. She realized that the cloud was not just a beautiful gem, but a living being. It was a cloud that was made of love, and it was alive and breathing.

Lily was amazed and inspired by the cloud's beauty, and she decided to take a closer look at it. She realized that the cloud was not just a beautiful gem, but a living being. It was a cloud that was made of love, and it was alive and breathing.

Lily was amazed and inspired by the cloud's beauty, and she decided to take a closer look at it. She realized that the cloud was not just a beautiful gem, but a living being. It was a cloud that was made of love, and it was alive and breathing.

Lily was amazed and inspired by the cloud's beauty, and she decided to take a closer look at it. She realized that the cloud was not just a beautiful gem, but a living being. It was a cloud that was made of love, and it was alive and breathing.

Lily was amazed and inspired by the cloud's beauty, and she decided to take a closer look at it. She realized that the cloud was not just a beautiful gem, but a living being. It was a cloud that was made of love, and it was alive and breathing.

Lily was amazed and inspired by the cloud's beauty, and she decided to take a closer look at it. She realized that the cloud was not just a beautiful gem, but a living being. It was a cloud that was made of love, and it was alive and breathing.

Lily was amazed and inspired by the cloud's beauty, and she decided to take a closer look at it. She realized that the cloud was not just a beautiful gem, but a living being. It was a cloud that was made of love, and it was alive and breathing.

Lily was amazed and inspired by the cloud's beauty, and she decided to take a closer look at it. She realized that the cloud was not just a beautiful gem, but a living being. It was a cloud that was made of love, and it was alive and breathing.

Lily was amazed and inspired by the cloud's beauty, and she decided to take a closer look at it. She realized that the cloud was not just a beautiful gem, but a living being. It was a cloud that was made of love, and it was alive and breathing.

Lily was amazed and inspired by the cloud's beauty, and she decided to take a closer look at it. She realized that the cloud was not just a beautiful gem, but a living being. It was a cloud that was made of love, and it was alive and breathing.

Lily was amazed and inspired by the cloud's beauty, and she decided to take a closer look at it. She realized that the cloud was not just a beautiful gem, but a living being. It was a cloud that was made of love, and it was alive and breathing.

Lily was amazed and inspired by the cloud's beauty, and she decided to take a closer look at it. She realized that the cloud was not just a beautiful gem, but a living being. It was a cloud that was made of love, and it was alive and breathing.

Lily was amazed and inspired by the cloud's beauty, and she decided to take a closer look at it. She realized that the cloud was not just a beautiful gem, but a living being. It was a cloud that was made of love, and it was alive and breathing.

Lily was amazed and inspired by the cloud's beauty, and she decided to take a closer look at it. She realized that the cloud was not just a beautiful gem, but a living being. It was a cloud that was made of love, and it was alive and breathing.

Lily was amazed and inspired by the cloud's beauty, and she decided to take a closer look at it. She realized that the cloud was not just a beautiful gem, but a living being. It was a cloud that was made of love, and it was alive and breathing.

Lily was amazed and inspired by the cloud's beauty, and she decided to take a closer look at it. She realized that the cloud was not just a beautiful gem, but a living being. It was a cloud that was made of love, and it was alive and breathing.

Lily was amazed and inspired by the cloud's beauty, and she decided to take a closer look at it. She realized that the cloud was not just a beautiful gem, but a living being. It was a cloud that was made of love, and it was alive and breathing.

Lily was amazed and inspired by the cloud's beauty, and she decided to take a closer look at it. She realized that the cloud was not just a beautiful gem, but a living being. It was a cloud that was made of love, and it was alive and breathing.

Lily was amazed and inspired by the cloud's beauty, and she decided to take a closer look at it. She realized that the cloud was not just a beautiful gem, but a living being. It was a cloud that was made of love, and it was alive and breathing.

Lily was amazed and inspired by the cloud's beauty, and she decided to take a closer look at it. She realized that the cloud was not just a beautiful gem, but a living being. It was a cloud that was made of love, and it was alive and breathing.

Lily was amazed and inspired by the cloud's beauty, and she decided to take a closer look at it. She realized that the cloud was not just a beautiful gem, but a living being. It was a cloud that was made of love, and it was alive and breathing.

Lily was amazed and inspired by the cloud's beauty, and she decided to take a closer look at it. She realized that the cloud was not just a beautiful gem, but a living being. It was a cloud that was made of love, and it was alive and breathing.

Lily was amazed and inspired by the cloud's beauty, and she decided to take a closer look at it. She realized that the cloud was not just a beautiful gem, but a living being. It was a cloud that was made of love, and it was alive and breathing.

Lily was amazed and inspired by the cloud's beauty, and she decided to take a closer look at it. She realized that the cloud was not just a beautiful gem, but a living being. It was a cloud that was made of love, and it was alive and breathing.

Lily was amazed and inspired by the cloud's beauty, and she decided to take a closer look at it. She realized that the cloud was not just a beautiful gem, but a living being. It was a cloud that was made of love, and it was alive and breathing.

Lily was amazed and inspired by the cloud's beauty, and she decided to take a closer look at it. She realized that the cloud was not just a beautiful gem, but a living

