Here is a detailed review of your text, focusing on **grammar mistakes (especially tense and subject-verb agreement issues)**, **serious stylistic issues**, and **other significant problems**. Minor stylistic or sentence structure issues have been intentionally excluded as requested.

---

### **Grammar Mistakes (Tense & Agreement Issues)**

1. **"And while this might seem to an unwarranted assault..."**  
   → Incorrect preposition and awkward phrasing. "Seem to" is not used correctly here. Should be: *"seem like an unwarranted assault"* or *"seem to be an unwarranted assault."*  
   → *Tense/agreement issue:* "might seem" is correct, but the construction "seem to an" is grammatically invalid.

2. **"I can't help but agree that he's probably onto something..."**  
   → Subject-verb agreement is fine, but **"he"** is ambiguous. The subject earlier is "Andreessen Horowitz" (a firm), not a person. Using "he" refers to a singular male individual, which misrepresents the entity. This creates a **pronoun agreement error**—the antecedent is plural/collective, not singular male.

3. **"My analysis back then was exactly on the same line of logic..."**  
   → "Back then" refers to past time, but "was" is correct. However, "on the same line of logic" is awkward and non-standard. More natural: *"along the same lines of logic."*  
   → *Tense issue:* The shift from past ("was") to present ("don't seem") is acceptable, but the inconsistency in tense between "was" and "don't seem" is jarring without clear justification.

4. **"it seems their monopolies are still functional and they can probably squeeze quite a bit of profit from the monopolies..."**  
   → **Redundancy and pronoun agreement issue:** "monopolies" is plural, but "it seems" is singular. The subject "it" does not agree with the plural "monopolies."  
   → *Tense issue:* "are still functional" (present) is fine, but the following "can probably squeeze" is also present tense—this is acceptable, but the lack of temporal clarity between "are" and "can" weakens precision.

5. **"And as we've seen with their (GOOG mainly) first round of layoffs in early 2023, McKinsey Pichai is definitely ready..."**  
   → **Subject-verb agreement error:** "McKinsey Pichai" is a compound noun (McKinsey is a consulting firm, Pichai is a person). The phrase "McKinsey Pichai" is not a standard name. If referring to Sundar Pichai, it should be "Sundar Pichai" — "McKinsey" is not part of his name.  
   → *Tense error:* "is definitely ready" (present) contrasts with "we've seen" (present perfect), but the event (2023 layoffs) is past. The present tense "is" implies ongoing readiness, which is acceptable, but the confusion between "McKinsey" (a firm) and "Pichai" (a person) creates a **semantic and grammatical confusion**.

---

### **Serious Stylistic Issues**

1. **Misuse of "he" to refer to a firm (Andreessen Horowitz)**  
   → This is a **major stylistic and logical error**. Andreessen Horowitz is a venture capital firm, not a person. Referring to it as "he" is incorrect and misleading. It undermines credibility and creates confusion. Should be: *"they" or "the firm."*

2. **"In America We Trust" as a standalone phrase**  
   → This is a **highly problematic stylistic choice**. It's a parody of the U.S. currency slogan, but used here as a rhetorical device to suggest blind faith in capitalism. However, it's **tone-deaf and potentially inflammatory**, especially in a critical analysis of corporate behavior. It reads as ironic but lacks context, making it seem like a cheap rhetorical flourish rather than a serious argument.

3. **"The ruthless capitalist engine is taking over to ensure financial 'efficiency'"**  
   → **Overly reductive and loaded language.** "Ruthless capitalist engine" is a **pejorative, polemical phrase** that frames capitalism as inherently evil or mechanical. This undermines the argument’s credibility by introducing emotional bias rather than analytical rigor. It’s not just stylistic—it’s a **serious rhetorical flaw** that distorts the discussion.

4. **"product enshittification"**  
   → While this term is used in tech culture (e.g., "enshittification" = degradation of product quality), using it in a serious analytical context **undermines the tone** and makes the argument seem dismissive or unserious. It’s a **slang term** that lacks precision and is inappropriate for a formal or semi-formal critique.

5. **"People who know approximately how much I make by referencing levels.fyi or otherwise might wonder why I live so frugally"**  
   → This sentence is **overly self-referential and awkwardly phrased**. The phrase "by referencing levels.fyi or otherwise" is vague and grammatically clumsy. It also introduces a **personal anecdote** that distracts from the central argument. The stylistic choice to include this detail undermines the essay’s coherence and focus.

---

### **Other Significant Problems**

1. **Confusion between "McKinsey" and "Sundar Pichai"**  
   → This is a **serious factual error**. McKinsey & Company is a consulting firm. Sundar Pichai is the CEO of Google (Alphabet). They are not the same person. Saying "McKinsey Pichai" is **factually incorrect** and damages the author’s credibility. This is not a minor mistake—it’s a **major factual inaccuracy**.

2. **Misrepresentation of "GOOG" as a company**  
   → GOOG is a stock ticker symbol for Alphabet Inc., not a standalone company. While common in casual speech, referring to "GOOG" as if it were a company (e.g., "GOOG mainly") is **inaccurate** in formal or analytical writing. It should be "Alphabet" or "Google" (the parent company).

3. **"I had no ounce of doubt that they can cut costs by almost half without really affecting day to day operations"**  
   → **Overstatement and lack of evidence.** Claiming that a major tech company can cut costs by 50% without affecting operations is **unrealistic and unsupported**. This is not just a stylistic issue—it’s a **serious factual overreach** that weakens the argument.

4. **"the party's gonna end sooner or later"**  
   → This phrase is **colloquial and unprofessional** in a critical analysis. It undermines the seriousness of the argument. While it may be intended as a metaphor, it’s too informal and emotionally charged for the context.

5. **"we're still sane though, just unique circumstances"**  
   → This is **vague, unprofessional, and undermines the argument**. The phrase "we're still sane" is ambiguous and emotionally charged. It introduces a **personal, subjective judgment** that has no place in a rational critique of capitalism and labor markets. It also fails to clarify what "unique circumstances" are, making it **incoherent**.

---

### Summary of Key Issues (5+ per category):

| Category | Issues |
|--------|--------|
| **Grammar (Tense/Agreement)** | 1. "seem to an" → incorrect preposition<br>2. "he" used for a firm (Andreessen Horowitz)<br>3. "it seems their monopolies are..." → subject-verb mismatch<br>4. "McKinsey Pichai" → incorrect compound name<br>5. "is definitely ready" vs. past event → tense inconsistency |
| **Serious Stylistic Issues** | 1. Misuse of "he" for a firm<br>2. "In America We Trust" as rhetorical device<br>3. "Ruthless capitalist engine" – loaded language<br>4. "Enshittification" – slang in serious context<br>5. Overly personal, self-referential sentence about income |
| **Other Significant Problems** | 1. "McKinsey Pichai" – factual error<br>2. Referring to "GOOG" as a company<br>3. Claiming 50% cost cuts without impact – unsupported<br>4. "The party's gonna end" – colloquial and unprofessional<br>5. "We're still sane" – vague, subjective, unprofessional |

---

### Recommendation:
Revise the text to:
- Use **"they"** or **"the firm"** instead of "he" for Andreessen Horowitz.
- Correct **"McKinsey Pichai"** to **"Sundar Pichai"**.
- Replace **"GOOG"** with **"Alphabet"** or **"Google"**.
- Remove **"In America We Trust"** and **"enshittification"** for more formal tone.
- Replace **"he"** and **"we're still sane"** with precise, professional language.
- Avoid **overstatements** like "50% cost cuts without impact" unless backed by evidence.

This will significantly improve clarity, credibility, and professionalism. [end of text]


