Here is the review of the text, focusing on grammar, agreement, tense, and serious stylistic issues as requested.

### Grammar, Tense, and Agreement Issues

1.  **Missing Article / Idiom Error**: In the phrase "seem to an unwarranted assault," the word "be" is missing. It should read "seem **to be** an unwarranted assault."
2.  **Subject-Verb Agreement**: In the sentence "Those who read history knows," the subject "Those" is plural, but the verb "knows" is singular. It should be "Those who read history **know**."
3.  **Spelling/Word Choice (Homophone)**: In the phrase "every industry goes through this phrase," the word "phrase" (a group of words) is incorrect in this context. The intended word is "**phase**" (a distinct stage of development).
4.  **Idiom/Quantifier Error**: The phrase "I had no ounce of doubt" is incorrect. The standard idiom is "I had **not an ounce** of doubt" or "I had **no doubt**." "No ounce" is not a standard quantifier construction.
5.  **Preposition/Article Usage**: In "expectation what their careers would look like," the noun "expectation" requires a preposition to connect to the following clause. It should be "expectation **of** what their careers..." or "expectation **as to** what..."
6.  **Subject-Verb Agreement (Relative Clause)**: In the clause "besides small pockets of AI, which in practice currently is operationally much smaller," the relative pronoun "which" refers to "pockets" (plural). Therefore, the verb should be plural: "which... currently **are** operationally much smaller."
7.  **Capitalization Error**: In the parenthetical "(as a whole) to recoup their capital investments," the capitalization of "In America We Trust" earlier in the sentence is stylistically aggressive, but strictly speaking, the phrase "In America We Trust" is a proper noun phrase (referencing the motto) but used here as a sentence fragment. However, a more glaring error is the capitalization of "True Abundance" later in the text. While stylistic, "True" does not require capitalization unless it is a defined proper noun in a specific context, which makes it look like a typo or inconsistent styling.
8.  **Tense Consistency**: In the sentence "People in more mature industries generally have a reasonable expectation what their careers would look like," the main verb is present tense ("have"), but the subordinate clause uses conditional past ("would look"). While acceptable in some contexts, it creates a slight tense clash. It flows better as "what their careers **will** look like" (future) or "what their careers **look** like" (general truth).

### Serious Stylistic Issues

1.  **Inconsistent Tone and Register**: The text oscillates wildly between casual internet slang ("McKinsey Pichai," "enshittification," "shitty," "gonna") and formal economic analysis ("monotonic-increasing," "paradigm shift," "capitalist perspective"). This lack of a consistent voice undermines the authority of the argument.
2.  **Overuse of Parenthetical Asides**: The text relies heavily on long, complex parenthetical statements to deliver crucial information (e.g., the entire section about "In America We Trust" and the "15 years" prediction, or the explanation of the "funny stack"). This disrupts the narrative flow and makes the sentences difficult to parse.
3.  **Informal/Colloquial Phrasing in Analytical Context**: Phrases like "McKinsey Pichai" (a derogatory nickname), "funny stack," and "shitty" are too informal for a piece discussing market logic, antitrust, and career strategy. They detract from the seriousness of the financial analysis being presented.
4.  **Vague and Hyperbolic Language**: The use of absolute terms like "REALLY fast" (in all caps) and "definitely ready to do whatever" weakens the argument by sounding emotional rather than analytical. Similarly, "True Abundance" is capitalized without definition, which feels like forced emphasis rather than a clear conceptual distinction.
5.  **Run-on Sentences and Comma Splices**: Several sentences are excessively long and string together multiple independent clauses with commas or dashes, making the logic hard to follow. For example, the sentence starting "This necessarily involves layoffs..." attempts to cover labor equilibrium, wage stagnation, product degradation, and antitrust history all in one breath.
6.  **Unclear Referents**: In the phrase "my technical expertise is... in some funny stack that nobody in their right mind uses," the ellipsis (...) is used to create a pause, but the sentence structure becomes awkward. It is unclear if the speaker is being self-deprecating or genuinely describing a niche; the phrasing "nobody in their right mind uses" is hyperbolic and dismissive of the speaker's own skills, which creates a confusing rhetorical stance.

### Other Problems (Logic, Clarity, and Mechanics)

1.  **Logical Contradiction in Self-Description**: The author states their expertise is in a stack "nobody in their right mind uses," yet immediately follows with "we're still sane though." This is a confusing logical loop that undermines the credibility of the technical assessment.
2.  **Ambiguous Antecedent**: In the sentence "I can't help but agree that he's probably onto something," the pronoun "he" is used, but the previous sentence refers to "Andreessen Horowitz" (a firm) and "people in big tech." It is unclear if "he" refers to a specific person within Andreessen Horowitz (like Marc Andreessen) or if the author is personifying the firm.
3.  **Inconsistent Capitalization for Emphasis**: The text uses all-caps for emphasis in "REALLY fast" and "True Abundance," but not for other significant terms. This inconsistency looks like a lack of editorial polish.
4.  **Redundant Phrasing**: The phrase "monotonic-increasing" is a mathematical term used in a general career context. While precise, it is jargon-heavy and slightly awkward compared to "consistently increasing" or "steadily rising," creating a barrier to readability for a general audience.
5.  **Confusing Metaphor**: The phrase "In America We Trust they're capitalist enough to not kill their golden goose" mixes a national motto with a fable metaphor in a way that feels clunky. It implies that the *country* trusts the companies, or that the companies trust the country, but the syntax makes the agent of "trust" ambiguous. [end of text]


