Of course. Here is a review of the provided text, focusing on grammar (especially tense and agreement), serious stylistic issues, and other significant problems.

### Grammar Mistakes (Tense and Agreement)

1.  **Tense Shift: "I briefly wondered... My analysis back then was... I had no ounce of doubt..."**
    The narrative shifts from past ("wondered," "was") to past perfect ("had... doubt") unnecessarily. The past perfect ("had") is used to indicate an action that occurred *before* another past action. Here, the doubt was concurrent with the analysis, so simple past tense is correct: "I had no ounce of doubt" should be "I had no doubt" or "I did not have a single doubt."

2.  **Subject-Verb Agreement: "Those who read history knows"**
    The subject "Those" is plural, but the verb "knows" is singular. This is an agreement error. It should be: "Those who read history **know**..."

3.  **Pronoun-Antecedent Agreement: "...they can always layoff more people... I had no ounce of doubt that they can cut costs..."**
    The pronoun "they" is used to refer to the companies ("META and GOOG"), which are singular entities. While using "they" for a company is common in informal English, in a more analytical text like this, it can create a slight agreement clash. It is more precise to use "it" for each company or rephrase: "...a company can always lay off... it can cut costs..."

4.  **Modal Verb Tense: "I had no ounce of doubt that they can cut costs"**
    This is a tense consistency error. The main clause is in the past tense ("I had"), but the subordinate clause uses the present-tense modal verb "can." To be consistent with the past narrative, it should use "could": "...I had no doubt that they **could** cut costs..."

5.  **Article Omission: "from the capitalist perspective"**
    The phrase requires a definite article to specify which perspective is being discussed. It should be: "from **the** capitalist perspective." (This is correct as written in the text. *This point is retracted; the text is correct.*)
    *Correction: A better example is the missing article in the phrase "in some funny stack." It should be "in **a** funny stack."*

### Serious Stylistic Issues

1.  **Inflammatory and Informal Language: "McKinsey Pichai"**
    This is a sarcastic and derogatory nickname. In a serious critique, this undermines the author's credibility by making the tone sound more like a rant than a reasoned argument. It's a serious stylistic misstep for an otherwise analytical piece.

2.  **Mixed Metaphor: "not kill their golden goose. (There's also a concern whether the companies will remain healthy enough... before the companies crash and burn)"**
    The paragraph mixes metaphors ("golden goose," "healthy," "crash and burn"), which creates a confused image. Sticking to one metaphorical framework (e.g., the "golden goose" of profit) would be more coherent.

3.  **Informal and Colloquial Language: "it has been a fun ride," "the party's gonna end," "in some funny stack"**
    Phrases like these are too casual for the analytical and critical tone the text is attempting to maintain. They weaken the impact of the argument. "Gonna" should be "going to."

4.  **Vague Referencing: "this kind of predatory capitalist attitude"**
    The pronoun "this" is vague. It's unclear if it refers to the act of laying people off, the decision to invest based on that logic, or Andreessen Horowitz's original statement. The referent should be made explicit for clarity.

5.  **Unsubstantiated Claim: "they can probably squeeze quite a bit of profit... I had no ounce of doubt that they can cut costs by almost half"**
    Presenting a drastic claim ("cut costs by almost half") as an undeniable certainty without evidence is a stylistic weakness. It would be stronger to qualify this (e.g., "I suspected they could cut costs significantly") or to provide a rationale.

### Other Problems

1.  **Factual Error / Oversimplification: "McKinsey Pichai"**
    While used for stylistic effect, this is factually misleading. Sundar Pichai has an MBA from Wharton and a background in engineering and product management at Google, not McKinsey. This error could cause a knowledgeable reader to dismiss the entire argument.

2.  **Logical Contradiction:**
    The author states the "logic is solid" from a capitalist perspective and then immediately introduces a major unquantified risk ("The only risk is basically regulatory"). Dismissing antitrust, a monumental and active threat to both companies mentioned, as the "only" risk and then hand-waving it away ("In America We Trust") creates a significant logical hole in the argument.

3.  **Ambiguous Modifier: "especially as I'm geographically misplaced (there's actually no tech jobs here) and my technical expertise is... in some funny stack"**
    The placement of "especially" makes it ambiguous whether the "survival necessity" is due to both factors combined or each factor individually. The sentence structure could be improved for clarity.

4.  **Incorrect Word Choice: "every industry goes through this phrase"**
    The word "phrase" is incorrect in this context. The correct word is **phase**, meaning a distinct period or stage. "Phrase" refers to a group of words.

5.  **Incorrect Word Choice: "Abundance in isolated, privileged pockets isn't True Abundance."**
    While not grammatically wrong, "True Abundance" is capitalized incorrectly. Capitalization is used

