**Grammar Mistakes (Tense and Agreement Issues)**

1. **Tense Inconsistency:**  
   - "I briefly wondered whether it would be a good idea to buy some at the relatively low prices -- in particular META and GOOG."  
     *Issue:* The narrative shifts between past and present without clear markers. The sentence starts in past tense ("I wondered"), but the analysis that follows is presented in present tense ("they don't seem to be capable..."), causing confusion.

2. **Subject-Verb Agreement:**  
   - "when shareholders are unhappy, they can always layoff more people to reduce costs..."  
     *Issue:* "Layoff" should be "lay off" (two words), and the subject "they" is fine, but the sentence could be clearer by specifying "the companies can lay off employees."

3. **Verb Tense Agreement:**  
   - "McKinsey Pichai is definitely ready to do whatever pleases the shareholders in this regard."  
     *Issue:* "McKinsey Pichai" is likely a typo for "Sundar Pichai." Regardless, the present tense "is ready" is fine, but the context suggests this readiness was demonstrated in the past (referring to 2023 layoffs), so past tense might be more accurate.

4. **Agreement in Collective Nouns:**  
   - "the ruthless capitalist engine is taking over to ensure financial 'efficiency'."  
     *Issue:* "The engine" is singular, but the concept it represents is abstract and could be pluralized or rephrased for clarity, though not strictly incorrect.

5. **Incorrect Use of Present Tense for General Truths:**  
   - "In America We Trust they're capitalist enough to not kill their golden goose."  
     *Issue:* The phrase "In America We Trust" is a play on the motto, but the sentence structure is awkward. More importantly, the present tense "are" should be "are" (not "they're"), but the main issue is the run-on and unclear logic.

---

**Serious Stylistic Issues**

1. **Overuse of Parentheticals and Asides:**  
   - Multiple sentences are interrupted by parenthetical statements or asides (e.g., "if only because I would have hated how I participated and enabled this kind of predatory capitalist attitude -- but ideological concerns aside, the logic is solid.").  
     *Issue:* This disrupts the flow and makes the argument harder to follow.

2. **Ambiguous Pronouns and References:**  
   - "McKinsey Pichai is definitely ready to do whatever pleases the shareholders..."  
     *Issue:* "McKinsey Pichai" is likely a typo, but even if corrected, the phrasing is awkward and unclear. It's not clear if "McKinsey" is meant to refer to the consulting firm or is a mistake.

3. **Inconsistent Tone and Register:**  
   - The text shifts between formal analysis, sarcastic asides ("the party's gonna end sooner or later"), and colloquialisms ("In America We Trust").  
     *Issue:* This inconsistency in tone can confuse readers and dilute the main argument.

4. **Overly Long and Complex Sentences:**  
   - "That, and when shareholders are unhappy, they can always layoff more people to reduce costs and increase margins and profit, and I had no ounce of doubt that they can cut costs by almost half without really affecting day to day operations."  
     *Issue:* This sentence is convoluted and difficult to parse, reducing clarity.

5. **Vague or Redundant Phrasing:**  
   - "Abundance in isolated, privileged pockets isn't True Abundance."  
     *Issue:* The phrase "True Abundance" is not defined and comes off as vague or philosophical without context.

---

**Other Problems**

1. **Typographical Errors:**  
   - "layoff" should be "lay off" (two words).
   - "McKinsey Pichai" is likely a typo for "Sundar Pichai."

2. **Awkward or Incorrect Phrasing:**  
   - "I mean, people who know approximately how much I make by referencing levels.fyi or otherwise..."  
     *Issue:* The phrasing is awkward and could be simplified for clarity.

3. **Ambiguous Statements:**  
   - "I always knew we're in a state of flux."  
     *Issue:* The tense is inconsistent ("I always knew" is past perfect, but "we're" is present). Should be "I always knew we were..."

4. **Unfinished or Dangling Thoughts:**  
   - "besides small pockets of AI, which in practice currently is operationally much smaller than general tech"  
     *Issue:* The sentence is incomplete or unclear in its comparison.

5. **Lack of Paragraph Breaks for Clarity:**  
   - The entire text is one long paragraph, making it difficult to follow the argument and transitions between ideas.

---

Let me know if you want a revised version or further breakdown of any specific section. [end of text]


