<|im_start|>user
Write an essay on aspirin.
<|im_end|>
<|im_start|>assistant
Aspirin, also known as acetylsalicylic acid, is a medication that has been widely used for over a century. It is primarily known for its pain-relieving, anti-inflammatory, and fever-reducing properties. This essay will explore the history, mechanism of action, therapeutic uses, side effects, and the ongoing research on aspirin.

History:
The discovery of aspirin dates back to the late 19th century. In 1897, the German chemist Felix Hoffmann synthesized acetylsalicylic acid at the Bayer Company. Hoffmann's goal was to create a pain reliever that was less harsh on the stomach than the existing painkillers of the time. The name "aspirin" is derived from the Latin word "spirum," which means "willow tree," as willow bark has been used for centuries to treat pain and inflammation.

Mechanism of Action:
Aspirin works by inhibiting the enzyme cyclooxygenase (COX), which is responsible for the production of prostaglandins and thromboxanes. Prostaglandins are involved in the inflammatory process, while thromboxanes promote platelet aggregation. By inhibiting COX, aspirin reduces inflammation, pain, and fever, and also prevents blood clot formation.

Therapeutic Uses:
Aspirin has a wide range of therapeutic uses, including:

1. Pain relief: Aspirin is effective in treating mild to moderate pain, such as headaches, dental pain, and menstrual cramps.
2. Anti-inflammatory: Aspirin is used to reduce inflammation and swelling in various conditions, such as arthritis and gout.
3. Fever reduction: Aspirin can help lower fever, making it a common treatment for colds and flu.
4. Preventive medicine: Aspirin is used in preventive medicine to reduce the risk of cardiovascular events, such as heart attacks and strokes, in certain individuals.

Side Effects:
While aspirin is generally safe for most people, it can cause side effects, including:

1. Gastrointestinal issues: Aspirin can irritate the stomach lining, leading to nausea, vomiting, and stomach pain.
2. Bleeding: Aspirin inhibits platelet aggregation, which can increase the risk of bleeding, including gastrointestinal bleeding and bruising.
3. Allergic reactions: Some individuals may experience allergic reactions to aspirin, which can range from mild rashes to severe anaphylaxis.

Ongoing Research:
Research on aspirin continues to evolve, with new findings and applications being discovered. Some of the ongoing research includes:

1. Aspirin in cancer prevention: Studies are exploring the potential of aspirin in reducing the risk of certain types of cancer, such as colorectal cancer.
2. Aspirin in cardiovascular disease: Researchers are investigating the optimal dosages and duration of aspirin therapy for cardiovascular disease prevention.
3. Aspirin in neurodegenerative diseases: There is growing interest in the potential of aspirin in reducing the risk of neurodegenerative diseases, such as Alzheimer's disease.

In conclusion, aspirin is a versatile medication with a long history of use. Its mechanism of action, therapeutic uses, and side effects make it an important tool in the treatment of various conditions. Ongoing research continues to expand our understanding of aspirin's potential benefits and risks, ensuring its safe and effective use in the future.
<|im_end|>