The user wants me to continue an article that starts with: "Everybody called her Aspirin -- she always looked like she was aspiring to become a special state of being, and just looking at her made your headache go away."

This is a creative writing prompt. I need to:
1. Analyze the opening line - it's metaphorical, playful, and establishes a character with a nickname
2. Continue the article in a way that maintains the tone and style
3. Develop the character of "Aspirin"
4. Keep the whimsical, slightly surreal quality
5. Make it feel complete as an article

The opening suggests:
- A nickname based on a pun (aspiring/aspirin)
- Someone who has a calming/therapeutic presence
- A sense of transformation or becoming
- A slightly magical realist tone

I should write something that:
- Expands on who this person is
- Gives examples of her effect on people
- Maintains the wordplay and metaphorical language
- Has a narrative arc or at least a satisfying conclusion
- Could be a character sketch, a short story, or a creative nonfiction piece

Let me think about structure:
- Opening is established
- I should describe her more - appearance, mannerisms
- Show specific instances of her "aspirin-like" qualities
- Maybe explore the origin of the nickname
- Build to some kind of resolution or deeper understanding

Tone: Whimsical, slightly poetic, observational, maybe a touch melancholic but ultimately uplifting. The voice feels like a narrator who knows this person.

Let me draft some ideas:
- Physical description that matches the metaphor
- Anecdotes about people interacting with her
- The contrast between her ordinary life and her extraordinary effect
- Perhaps a moment where she herself needs "aspirin"
- Or a revelation about her own perspective

I'll aim for a piece that feels like a complete magazine article or short story vignette. Around 300-500 words would be appropriate for a complete-feeling piece.

Let me write:

Paragraph 1: Expand on her physical presence and daily life
Paragraph 2: Specific anecdotes/examples
Paragraph 3: Her own awareness (or lack thereof) of this quality
Paragraph 4: A deeper look at what "aspiring" means for her
Paragraph 5: Concluding thought that ties it back to the metaphor

I want to avoid clichés and keep the language fresh. The "headache going away" is a great central metaphor to build on. I can talk about:
- The types of headaches she cures (literal and metaphorical)
- How she moves through the world
- What she aspires to
- The irony that she might have her own headaches

Let me write a draft:

---

She worked at the library's front desk, where the fluorescent lights hummed like angry wasps and patrons arrived clutching their temples. On Tuesdays, the senior citizens' computer class would shuffle in, muttering about passwords and pop-up ads, their faces pinched with technological rage. By the time they left, they'd be laughing about how they'd "only deleted the internet once," and somehow they'd remember her name was actually Margaret.

Children from the nearby elementary school would barrel through the doors, screaming recess energy into the quiet rooms, and she'd kneel to their level and ask, "What kind of story pain are you trying to fix today?" They'd giggle at the odd question and suddenly know exactly whether they needed dragons or dinosaurs, and leave with their small storms calmed.

The nickname had stuck since college, when her roommate, a philosophy major with chronic migraines, had first sketched the pun on a bathroom mirror in lipstick. But it was her biology professor who made it official, after watching her explain mitosis to a struggling classmate using only a plate of scrambled eggs from the dining hall. "You render the complex digestible," he'd said, which was both accurate and, given the eggs, a little on the nose.

What nobody realized was that Margaret herself carried a constant low-grade ache. She aspired to become a special state of being, yes, but the state was "useful," which is a heavier ambition than it sounds. She had a habit of taking broken things—shattered mugs, torn pages, fractured friendships—and mending them with a patience that looked like magic. Her apartment was full of repaired objects that were somehow more beautiful for their cracks, gold lacquer running through a ceramic handle like lightning.

One rainy Thursday, a man came in whose headache was visible in the set of his shoulders. He'd lost his job, he told the air between them, and his wife, and the ability to see what came next. Margaret listened, then handed him a book on urban gardening and a flyer for the community choir. "Sometimes," she said, "we need to grow something loud." He left with both, bewildered but lighter.

She didn't know she had this power. She thought she was simply being decent, which is the most powerful illusion of all. The state she was aspiring to wasn't special—it was present. While everyone else was busy becoming, Margaret had mastered the art of being, and in that stillness, the world's headaches unclenched.

---

Hmm, that's okay but feels a bit disjointed. Let me try to make it flow better and be more cohesive. I should also add more sensory details and maintain that slightly elevated, observational tone from the opening.

Let me revise:

1. Start with her physical presence and setting
2. Give concrete examples of her effect on different people
3. Explore the origin and her own perspective
4. Build to a moment of self-realization or a deeper truth
5. End with a strong, resonant final line

Better draft:

She moved through the world like a cool compress against a fever. At the library where she worked, the fluorescent lights hummed their anxious song, and patrons arrived clutching their temples, squinting at the world through pain-filtered vision. Margaret—Aspirin to everyone but her mother—would look up from her desk, and something in the set of her shoulders, the particular angle of her smile, would make people exhale tensions they hadn't named.

The nickname started in college, as these things do. Her roommate, a philosophy major prone to existential migraines, had scrawled it on their bathroom mirror in lipstick: "Aspirin: she takes the pain away." It stuck like a burr, even after the roommate dropped out to find herself in a yurt somewhere. By senior year, professors were using it too. "Go see Aspirin," they'd tell freshmen panicking about thesis statements. "She'll dissolve your anxiety."

She had a way of listening that made you hear yourself clearly. When the local baker's daughter came in, reeling from her first real heartbreak, Margaret didn't offer platitudes. She handed her a book of Mary Oliver poems and said, "Here. These are about loving the world when people fail you." The girl left with tears still wet but breathing easier, as if something had been metabolized.

What nobody knew was that Margaret's own head throbbed with the weight of other people's ease. She carried their dissolved headaches like a silent debt, a pharmacokinetic burden. She aspired to become a special state of being, yes, but the state was simply "useful," which is a heavier ambition than it sounds. Her apartment was a museum of broken things she'd mended—vases spiderwebbed with gold lacquer, a chair wobbling on carefully carved replacement legs, a rescued cactus that had learned to bloom in impossible conditions.

One Tuesday, a man came in whose pain had settled into his bones. He'd lost his job, then his wife, then his faith in sequence. Margaret listened to his story, then pushed a book across the desk: "The Botany of Desire." "You need to remember," she said, "that we evolve toward what heals us." He left with the book and a phone number for the community garden, his shoulders an inch higher.

The secret, if there was one, was that Margaret didn't try to fix. She simply absorbed, metabolized, transformed. While others chased extraordinary destinies, she had mastered the radical art of being present. In that stillness, headaches dissolved—not because she took them away, but because she made space for them to leave on their own.

---

This is better but still feels a bit choppy. Let me try to make it more fluid and article-like. I should vary sentence structure and build more atmosphere.

Final attempt:

She worked at the library's front desk, where the fluorescent lights hummed like angry wasps and patrons arrived clutching their temples. Margaret—Aspirin to everyone but her mother—would look up from her desk, and something in the set of her shoulders, the particular angle of her smile, would make people exhale tensions they hadn't yet named.

The nickname started in college, as these things do. Her roommate, a philosophy major prone to existential migraines, had scrawled it on their bathroom mirror in lipstick: "Aspirin: she takes the pain away." It stuck like a burr, even after the roommate dropped out to find herself in a yurt somewhere. By senior year, professors were sending students to her: "Go see Aspirin. She'll dissolve your anxiety."

She had a way of listening that made you hear yourself clearly. When the local baker's daughter came in, reeling from her first real heartbreak, Margaret didn't offer platitudes. She handed her a book of Mary Oliver poems and said, "Here. These are

