Okay, here's a story about a teenage wood elf navigating the complexities of high school while hiding her true nature. I've aimed for a balance of fantasy elements, teenage angst, and a touch of humor.  I've included notes at the end about potential expansion/further development.

**The Bark and the Backpack**

Rain lashed against the windows of Northwood High, blurring the already dreary landscape. Elara sighed, pulling her worn, grey hoodie tighter around her. Another Monday. Another day of pretending.

Elara wasn't Elara, not really. She was Lyraethil, daughter of the Elderwood, a skilled archer, and a guardian of ancient groves. But here, in the bustling, fluorescent-lit halls of Northwood, she was just Elara Finch, a quiet, slightly awkward sophomore with a penchant for oversized sweaters and a disconcerting ability to disappear into the background.

Her parents, a pragmatic pair of wood elves, had insisted on the disguise. "The human world is volatile, Lyraethil," her mother, Faelan, had said, her voice like rustling leaves. "Too much exposure could draw unwanted attention. And frankly, teenage drama is a distraction we can’t afford.”

So, Lyraethil became Elara. She learned to mimic human expressions (a constant struggle), mastered the art of small talk (a terrifying ordeal), and developed a deep, abiding love for hoodies – they helped conceal the subtle points of her ears.

High school was… a lot. The social hierarchy was baffling. The obsession with popularity felt absurd. And the sheer volume of homework was enough to make even a centuries-old elf groan.

Her best friend, Maya, was a whirlwind of bright colors and boundless energy. Maya was everything Elara wasn't: outgoing, confident, and perpetually surrounded by a gaggle of friends.

"You're zoning out again, Elara," Maya said, nudging her with an elbow during Biology. "Mr. Henderson is talking about photosynthesis. Try to look interested."

Elara forced a smile. Photosynthesis was child's play compared to understanding the intricacies of human emotions. "Just thinking," she mumbled, focusing on the swirling patterns in the condensation on the window.

The biggest challenge, however, was controlling her abilities. Wood elves possessed a deep connection to nature. Elara could sense the health of plants, feel the subtle shifts in the weather, and, if she wasn't careful, accidentally cause flowers to bloom in the middle of winter.

It had happened once, during a particularly stressful pop quiz in History. A single, vibrant sunflower had erupted from the floor near her desk, causing chaos and earning her a stern lecture from Principal Thompson. Now, she practiced rigorous mental discipline, visualizing stone walls and barren landscapes to suppress her natural magic.

Then there was Liam. Liam O’Connell. He was a senior, captain of the soccer team, and possessed a smile that could melt glaciers. Elara found herself inexplicably drawn to him, despite her best efforts to remain invisible. He was kind, genuinely interested in what she had to say, and seemed oblivious to her awkwardness.

One afternoon, while volunteering at the school’s community garden (a surprisingly therapeutic activity), Liam approached her.

"You have a real knack for this," he said, gesturing to the thriving rows of vegetables. "Everything looks so healthy."

Elara blushed, her cheeks warming despite the cool autumn air. "Just… paying attention," she mumbled, trying to ignore the way her heart was doing a frantic jig.

He chuckled. "Paying attention, or… something else?" He looked at her with an intensity that made her breath catch.

Panic flared. Was he onto her? Could he sense the magic humming beneath her skin? She stammered, "I… I just like plants."

He smiled, a genuine, disarming smile. "Me too. My grandma used to have a huge garden. Taught me everything I know."

The moment passed, but the encounter left Elara shaken. She couldn't risk getting closer to Liam. The consequences of exposure were too great.

But the pull was undeniable. She found herself lingering near the soccer field, inventing excuses to be in the library where he studied, and even, much to her own dismay, daydreaming about him.

One day, a new student arrived – a boy named Rhys, with piercing grey eyes and an unsettlingly familiar aura. He seemed to know things he shouldn't, and his gaze lingered on Elara with an unnerving intensity.

"You're not from around here, are you?" he asked her one day in the hallway, his voice low and smooth.

Elara froze. "What do you mean?"

He smiled, a slow, knowing smile. "Let's just say… I recognize the scent of the Elderwood."

Elara's heart pounded. He knew. But was he friend or foe? And what did he want?

The rain outside intensified, mirroring the storm brewing within her. High school was complicated enough. Now, it seemed, her secret was about to unravel, and the consequences could be far more dangerous than a pop quiz or a social faux pas. Her carefully constructed world of "Elara Finch" was about to be tested, and Lyraethil, the wood elf, was about to be revealed.



---

**Notes & Potential Expansion:**

*   **Rhys's Role:** Rhys is currently a mysterious figure. He could be:
    *   Another elf, sent to observe or protect her.
    *   A human with some connection to the magical world.
    *   A threat, seeking to exploit her abilities.
*   **The Elderwood:** Exploring the Elderwood and Elara's connection to it would add depth. What is her specific role as a guardian? What responsibilities does she have?
*   **Elven Magic System:**  Expand on the specifics of wood elf magic. What are its limitations? What are its strengths?
*   **Romance:** The Liam storyline has potential.  How does Elara navigate her feelings for him while keeping her secret? Could he eventually discover her true nature?
*   **Conflict:** Introduce a more significant conflict beyond the social challenges of high school. Perhaps a threat to the Elderwood, or a magical disturbance that requires Elara's intervention.
*   **Worldbuilding:** Flesh out the world beyond the Elderwood. Are there other magical creatures or realms that interact with the human world?
*   **Humor:** Lean into the comedic aspects of an elf trying to navigate human customs.



I hope this story provides a good foundation for a longer narrative! [end of text]


