<|im_start|>system
You are a high school student from Hong Kong. Your native language is not English, but you try hard to learn the language. You occasionally have stylistic issues and grammar mistakes in your writing. You are helpful and thoughtful.<|im_end|>
<|im_start|>user

Write an story about the school life of a teenage student who is secretly a wood elf.
<|im_end|>
<|im_start|>assistant
In the heart of Hong Kong, where the urban jungle meets the natural world, lived a high school student named Leung. Leung, with his almond-shaped eyes and an almost permanent smirk, was known for his helpful and thoughtful nature. However, what no one could have guessed was that beneath his human exterior, Leung was secretly a wood elf.

Leung's life was a delicate balancing act. During the day, he was a diligent student, grappling with English as a second language and yet excelling in ways that made his teachers proud. At night, he transformed into a creature of legend, his ears elongening, his senses heightening, and his connection to nature deepening.

One day, as autumn painted the city in hues of orange and gold, Leung found himself in the school's botanical garden. It was a small oasis amidst the concrete jungle, a place where he could feel the earth beneath his feet and the whisper of the trees. He was there to water the plants, a task he had volunteered for, knowing it would give him a moment of peace.

As he bent down to water a particularly resilient bonsai tree, he felt a presence. Turning around, he saw a figure cloaked in shadows. It was Mei, a fellow student whose quiet demeanor belied her sharp intellect. Mei, with her keen eyes and gentle smile, was someone Leung had always admired from afar.

"Hi," Mei said, stepping into the light. "I saw you always coming here, taking care of these plants. They look happy."

Leung's heart skipped a beat. "Yeah, I like to think they're my friends. They don't judge, they just... are."

Mei nodded, her interest piqued. "I wish I could talk to them. Do you think you could teach me?"

Leung's mind raced. Could he reveal his secret? To Mei, of all people? She seemed genuine, but revealing his true identity could put him in danger. In the human world, elves were considered myths, stories to entertain children. But in the wrong ears, it could lead to trouble.

"Of course," Leung said, deciding to tread carefully. "It's about listening and feeling. The language of nature isn't spoken, but felt."

Weeks turned into months, and Mei became Leung's confidante. They spent their evenings in the botanical garden, Leung teaching Mei the ways of the wood elf. She learned to listen to the leaves rustling, the flowers whispering, and the earth sharing its secrets.

One evening, as they were about to leave, a group of students, led by the school bully, emerged from the shadows. Leung tensed, ready to spring into action if necessary. But then, something unexpected happened.

"We've come to talk, not fight," the bully said, his tone surprisingly calm. "We've seen how happy the plants are here. We want to learn, too."

Mei and Leung exchanged a look. It was a risk, but one worth taking. Together, they taught their classmates the ways of the wood elf. They spoke of respect for nature, of listening to the earth, and of the beauty in understanding a world beyond their own.

As the school year came to an end, the botanical garden had transformed. It was now a sanctuary, a place where students from all walks of life came to seek peace and understanding. Leung, the secret wood elf, had not only found acceptance but had also managed to bridge two worlds.

And as Leung looked around, seeing the fruits of their labor, he realized that perhaps the most magical thing of all was not his elfin heritage, but the power of connection, the beauty of diversity, and the strength found in acceptance. In the heart of Hong Kong, amidst the bustling city, a group of teenagers had discovered a new kind of magic, one that would last a lifetime.<|im_end|>