Okay, here's a story about a teenage wood elf navigating the complexities of high school, leaning into the secrecy and subtle challenges of his identity. It’s aiming for a balance of realism and a touch of magical wonder.

---

The rain in Oakhaven was always a bit… insistent. It hammered against the stained-glass windows of Northwood High, a sound that always felt like a low, mournful hum beneath Leo’s skin. He’d learned to ignore it, to focus on the frantic energy of the hallways, the jostling of classmates, the pressure of trying to fit in. He was 16, a painfully ordinary teenager, and utterly, irrevocably a wood elf.

Leo wasn’t *supposed* to be. His family, the Silvanwood Clan, had been keepers of the ancient forest for centuries, their existence a carefully guarded secret. He’d been found, a babe swaddled in moss and leaves, abandoned at the edge of the Blackwood – a notoriously dense and rarely-traveled section of the forest. The Clan, after a lengthy, agonizing deliberation, had chosen to raise him, teaching him the ways of the trees, the language of the birds, and the subtle magic that pulsed beneath the earth. 

But Leo wasn’t *just* a wood elf. He possessed a quiet, almost unsettling grace, a way of moving that felt like a ripple in the air, and a strange, instinctive understanding of the forest’s rhythms. He could coax a wilting flower back to life with a touch, sense the shift in the wind before it arrived, and, most disconcertingly, he could *hear* the trees. Not in a literal, booming way, but a feeling, a vibration of their history, their needs, their pain. 

School was a minefield. He’d perfected the art of blending in – perpetually slightly damp clothes, a nervous habit of fiddling with his braided hair, a tendency to avoid eye contact. He’d learned to mimic the casual chatter of the other students, to laugh at jokes he didn’t understand, to feign interest in subjects he barely grasped. 

“You’re awfully quiet, Leo,” a girl named Maya, with a cascade of fiery red hair and a penchant for sketching, said one afternoon, as he was meticulously arranging a collection of smooth river stones. “You’re lost in thought.”

He forced a smile. “Just… thinking about the rain.” 

It wasn’t a lie. He was thinking about the way the rain smelled, the way it smelled of earth and decay, of ancient secrets. He was thinking about the feeling of being utterly, profoundly alone. 

His secret wasn’t just about him. His mother, Elara, had been increasingly worried. The Clan elders had noticed a subtle shift in his behavior – a heightened sensitivity, a strange, almost melancholic stillness. They’d begun to subtly monitor his interactions, their expressions a mixture of concern and a quiet, unsettling curiosity. 

The pressure was mounting. He’d overheard whispers amongst the older students – rumors of “strange occurrences” in the forest, of a “shadow” lingering near the Blackwood. He knew, with a chilling certainty, that his secret wasn’t just a burden; it was a potential threat. 

One day, during a particularly intense history lesson on the history of the forest, Mr. Davies, a perpetually grumpy history teacher, started asking questions about the “natural world.” Leo felt a surge of panic. He instinctively reached out, his hand brushing against a thick, ancient oak. The tree pulsed with a faint, warm light, and he felt a wave of images – a young elf, lost and vulnerable, struggling to understand the forest’s secrets. 

Mr. Davies froze, his face pale. “Leo,” he said, his voice low, “are you… alright?”

Leo’s carefully constructed facade crumbled. He couldn’t lie anymore. He confessed, the words tumbling out in a rush, a torrent of fear and longing. He told them about the Silvanwood Clan, about his ability to hear the trees, about the constant struggle to maintain his secret. 

The silence that followed was thick with disbelief, then a strange, hesitant acceptance.  

“We’ve been watching you, Leo,” Maya said softly, her eyes filled with a quiet understanding. “It’s… complicated.”

The next few weeks were a whirlwind. The Clan elders, surprisingly, weren’t angry. They were fascinated. They saw a potential for a bridge between the human and the forest, a way to protect the balance. 

It wasn’t easy. There were still stares, still whispers, still the constant fear of exposure. But Leo began to find a small, fragile community among the students – a group of like-minded individuals who appreciated his unique perspective. He discovered that his ability to communicate with the forest wasn’t a curse, but a gift – a way to understand the world in a way that others couldn’t. 

He still felt like an outsider, a shadow in the sunlight. But as he stood beneath the rain-washed branches of the Blackwood, listening to the rustling leaves and the ancient wisdom of the trees, he realized that maybe, just maybe, being a wood elf wasn’t about hiding. Maybe it was about finding a place where he could truly belong, a place where his two worlds could coexist, a place where he could finally, truly, be himself. 

---

**To help me tailor this story further, could you tell me:**

*   **What kind of tone are you looking for?** (More whimsical and fantastical, or more grounded and realistic?)
*   **Are there any specific elements you'd like to see included?** (e.g., a romance subplot, a deeper exploration of the Clan’s history, a specific challenge Leo faces?) [end of text]


