The fluorescent lights of Northwood High hummed with a frequency that made Kaelen's ears twitch involuntarily. To the other students, it was just the annoying buzz of a dying bulb in the cafeteria. To Kaelen, it sounded like a swarm of angry hornets trapped in a metal box.

He adjusted his hoodie, pulling the hood up just enough to cast a shadow over his face. It was a necessary precaution. In a world of concrete, asphalt, and digital screens, being a Wood Elf was less of a magical advantage and more of a logistical nightmare.

"Hey, Kael! You coming to the game tonight?" asked Marcus, slapping him on the back with a force that would have knocked a human off balance.

Kaelen flinched, his reflexes kicking in. He had to consciously slow his movements, forcing his body to move with the sluggish, heavy gait of a human teenager. "Yeah, sure," he mumbled, keeping his voice low. "Just need to finish this math homework first."

"Math? Seriously?" Marcus laughed, grabbing a tray of pizza. "You're the guy who aced the biology test without studying. You're basically a genius."

Kaelen forced a smile. *If only you knew,* he thought. *I didn't study biology; I just remembered the life cycles of the Great Elder Trees from my childhood in the Whispering Weald.*

The real challenge wasn't the academics; it was the environment.

**The Sensory Overload**

By third period, the sensory assault was becoming unbearable. The smell of floor wax, cheap perfume, and stale sweat created a toxic cocktail that made Kaelen's nose wrinkle. He sat in the back of Mr. Henderson's History class, staring out the window.

Outside, a single oak tree stood in the school courtyard. It was a sad, stunted thing, its bark scarred by graffiti and its leaves yellowing prematurely from pollution. But to Kaelen, it was a beacon. He could feel its slow, rhythmic pulse, a faint heartbeat of green energy struggling against the concrete.

*Focus,* he told himself. *Don't reach out. Don't listen to the roots.*

"Kaelen," Mr. Henderson's voice cut through his trance. "Care to share your thoughts on the Industrial Revolution?"

Kaelen blinked, his eyes—usually a piercing, mossy green—shifting to a duller hazel under the influence of his contact lenses. "It... changed how people lived, sir. Faster. Louder."

"Correct," Henderson nodded. "Though some might argue it came at a cost to nature."

Kaelen's heart skipped a beat. *Yes,* he thought, *it severed the connection. It silenced the songs of the forest.* He quickly looked down at his notebook, scribbling something that looked like notes but was actually a tiny, intricate drawing of a fern.

**The Lunchtime Crisis**

Lunch was the most dangerous time. The cafeteria was a cacophony of shouting, clattering trays, and the smell of processed food. Kaelen usually ate in the library, but today, the library was full. He found a corner near the exit, trying to make himself small.

Suddenly, a drop of water hit his shoulder. Then another.

"Whoa, it's raining," a girl named Sarah said, looking up at the skylight. "But the sky is clear outside."

Kaelen froze. He looked up. A small, invisible leak in the roof was dripping directly onto him. But it wasn't just water. It was condensation from the humidity of the room, reacting to his natural aura.

*Oh no,* he panicked. *I'm not suppressing my moisture control.*

A tiny, vibrant green shoot erupted from the floor near his sneaker, growing rapidly. It curled around his ankle, blooming into a small, perfect white flower in seconds.

"Whoa," Sarah whispered, her eyes widening. "Did that just... grow?"

Kaelen's heart hammered against his ribs. If they saw him, if they realized he wasn't human, the rumors would start. *Alien. Mutant. Freak.*

"Uh," Kaelen stammered, his voice trembling. "It's... a prank. A really good one. I bought it online."

He reached down, his hand moving with unnatural speed, and plucked the flower. He crushed it in his fist, the magic dissipating into a puff of harmless pollen. "See? Just a prop."

Sarah squinted, looking at his hand, then at the floor where the soil had briefly turned rich and dark before reverting to linoleum. "Okay... weird. You have really fast hands, though."

"Practice," Kaelen lied, shoving his hands deep into his pockets. "Video games."

**The Secret Sanctuary**

The bell rang, signaling the end of the day. Kaelen didn't go to the bus stop. Instead, he slipped out the side door, heading toward the overgrown patch of woods behind the school gym. It was a forgotten corner, fenced off and labeled "Do Not Enter: Construction Zone."

To the humans, it was a dump of weeds and trash. To Kaelen, it was a sanctuary.

As soon as he stepped past the chain-link fence, the air changed. The smell of exhaust faded, replaced by the scent of damp earth and pine. The hum of the city dulled to a whisper.

He dropped his backpack and let his guard down. His posture straightened, his spine elongating slightly. The hazel contacts were gone, revealing eyes that shimmered with the depth of an ancient forest.

"Hello, little ones," he whispered.

The weeds seemed to lean toward him. A cluster of dandelions turned their faces to the sun, blooming instantly. A small squirrel, usually skittish, hopped onto his shoulder, chattering softly.

Kaelen closed his eyes, extending his senses. He felt the roots of the nearby trees, the flow of water underground, the slow, steady breath of the earth. For a moment, he wasn't a teenager struggling to fit in at Northwood High. He was a child of the forest, a guardian of the green.

He spent twenty minutes there, just listening. He helped a sapling push through a patch of compacted soil with a gentle touch of his finger. He sang a low, wordless melody that made the leaves rustle in a rhythm only he could hear.

**The Return**

The sun began to set, casting long, orange shadows across the school grounds. Kaelen knew he had to go. His parents were expecting him home for dinner, and he had to remember to act "normal" again.

He took a deep breath, inhaling the scent of the wild one last time. Then, he pulled his hood up, adjusted his posture to be slouchy and human, and walked back toward the fence.

As he stepped back into the school parking lot, the world felt heavy and gray again. The fluorescent lights of the gym flickered on, buzzing like angry hornets.

"Hey, Kael!" Marcus called out, leaning against his car. "You ready for the game? You look a little... refreshed."

Kaelen smiled, a genuine, small smile this time. "Yeah, Marcus. Just needed some fresh air."

He walked toward the bus, his sneakers crunching on the gravel. He was a Wood Elf in a world of steel and glass, a secret keeper in a school of secrets. But as long as he had that patch of woods behind the gym, and as long as he could keep his magic hidden in the cracks of the concrete, he knew he could survive.

After all, even the strongest trees start as tiny seeds in the hardest soil. And Kaelen was just getting started. [end of text]


