The user wants me to review English translations of Cantonese sentences. The translations are done by a native Cantonese speaker who may not be fluent in English. I need to:
1. Review each English translation
2. Suggest modifications if needed
3. Keep sentences simple, fluent, native-sounding, and to the point
4. If no changes are needed, output the original sentence

Let me analyze each sentence:

1. "你咁趕做咩啫，你慌人哋唔等你咩？ Why are you hurry? Why do you worry that they won't wait for you?"
   - "Why are you hurry?" is grammatically incorrect. Should be "Why are you in a hurry?" or "Why are you hurrying?"
   - "Why do you worry that they won't wait for you?" is okay but could be more natural. The Cantonese "慌" here means "worried/afraid", and "人哋唔等你" means "people won't wait for you". The tone is rhetorical/slightly chiding.
   - The structure could be smoother. Maybe combine or rephrase for better flow.
   - "Why are you in such a hurry? Are you worried they won't wait for you?" sounds more natural.
   - Or even simpler: "Why are you rushing? Are you afraid they won't wait for you?"
   - The original translation has two questions, which matches the Cantonese structure. Let me keep that but fix the grammar.
   - "Why are you hurrying? Are you worried they won't wait for you?" - this is better.
   - "Why are you in such a hurry? Worried they won't wait for you?" - more concise.
   - The Cantonese "做咩啫" is colloquial, like "why are you doing this?" or "what's the rush?"
   - "慌" can be "worried" or "afraid"
   - Let me think about the nuance: "你慌人哋唔等你咩" - the "慌" here is like "are you worried/afraid that..." and the "咩" at the end makes it rhetorical.
   - A more natural version might be: "Why are you in such a hurry? Are you worried they won't wait for you?"
   - Or: "What's the rush? Worried they won't wait for you?"
   - The original has two separate questions, which matches the Cantonese. Let me keep that structure but fix the grammar.
   - "Why are you hurrying? Are you worried they won't wait for you?" - this is good.
   - "Why are you in such a hurry? Worried they won't wait for you?" - more concise and natural.
   - I think the second option is better - it's more to the point and fluent.

2. "佢份人夠大量，唔同班𡃁仔計較。 He is a magnanimous person, he doesn't haggle over trivial issues with the kids."
   - "佢份人" is a colloquial way of saying "he as a person" or "his character"
   - "夠大量" means "very generous/big-hearted/tolerant"
   - "唔同...計較" means "doesn't fuss over/bother about"
   - "班𡃁仔" means "the kids/children"
   - "magnanimous" is a bit formal/wordy for this context. "Big-hearted" or "generous" might be better.
   - "haggle over trivial issues" is a bit clunky. "Doesn't fuss over small things" or "doesn't sweat the small stuff" would be more natural.
   - The comma splice is also an issue - two independent clauses joined by a comma.
   - Could be: "He's a big-hearted person who doesn't fuss over small things with the kids."
   - Or: "He's very tolerant and doesn't fuss over small things with the kids."
   - "magnanimous" is correct but maybe too formal. "big-hearted" or "generous" is more natural.
   - "haggle" is more about bargaining/negotiating prices. "計較" here means "to make a fuss over small matters" or "to be petty".
   - Better options: "He doesn't fuss over small things with the kids" or "He doesn't sweat the small stuff with the kids."
   - Let me try: "He's a generous person who doesn't fuss over small things with the kids."
   - Or more simply: "He's very tolerant and doesn't fuss over small things with the kids."
   - The original uses "magnanimous" which is accurate but a bit high-register. "Big-hearted" or "generous" might be better.
   - "He is big-hearted and doesn't fuss over small things with the kids." - this fixes the comma splice too.
   - "He doesn't sweat the small stuff with the kids." - but this loses the "夠大量" part.
   - Let me keep both ideas: "He's a generous person who doesn't fuss over small things with the kids."
   - Or: "He's very tolerant and doesn't fuss over small things with the kids."
   - I think "big-hearted" is more natural than "magnanimous" for this context.
   - "He is big-hearted and doesn't fuss over small things with the kids." - this is good.
   - "He doesn't fuss over small things with the kids." - this is simpler but loses the first part.
   - The original has two clauses, so I should probably keep that structure but make it grammatically correct.
   - "He's a big-hearted person who doesn't fuss over small things with the kids." - this is good.
   - Or split it: "He's big-hearted. He doesn't fuss over small things with the kids." - but that changes the structure.
   - Let me go with: "He's a big-hearted person who doesn't fuss over small things with the kids."

3. "學語文冇捷徑，要靠大量浸淫。 There is no shortcut to learn a language; the key is massive exposure to it."
   - "to learn a language" should be "to learning a language" or "in learning a language"
   - "massive exposure" is okay but "immersion" might be better for "浸淫"
   - "浸淫" means immersion, deep exposure, soaking in it
   - "massive exposure" is a bit literal. "immersion" is the standard term.
   - "There is no shortcut to learning a language; it requires immersion." - more concise
   - "There are no shortcuts to learning a language; you need immersion." - also good
   - The original is close but has a small grammar issue and could be more natural.
   - "There is no shortcut to learning a language; the key is immersion." - better
   - Or simpler: "There are no shortcuts to learning a language; immersion is key."
   - Or: "Learning a language has no shortcuts; it requires immersion."
   - Let me think about the nuance: "要靠大量浸淫" means "must rely on massive immersion"
   - "There are no shortcuts to learning a language; you need to immerse yourself." - this is very natural
   - "There is no shortcut to learning a language; immersion is key." - also very good
   - The original is understandable but slightly awkward. "massive exposure" is okay but "immersion" is more precise and natural.
   - I'll suggest: "There are no shortcuts to learning a language; immersion is key."

4. "小新喺同事面前讚美女朋友有幾温柔。 Siu-san praises his girlfriend in front of his colleagues for her being very tender."
   - "

