user
Consider this scenario:

Alice: Are you eating healthy?
Bob: Yes! Today I ate aged organic milk tossed over seasoned tomato purée spread on baked whole wheat.
Alice: Wow! Let me see.
Bob: (sends Alice a photo)
Alice: wtf

---
Question: what happened? What did Bob eat and was it healthy?


assistant
<Thought>
Alright, I need to understand what happened in this scenario between Alice and Bob. Let's break it down step by step. Alice asks Bob if he's eating healthy, and Bob responds by describing his meal in detail: "Aged organic milk tossed over seasoned tomato purée spread on baked whole wheat." Alice is intrigued and says, "Wow! Let me see," indicating she wants to see a photo of his meal. Bob then sends her a photo, and Alice's reaction is "wtf."

First, let's analyze Bob's description of his meal. He mentions "aged organic milk," which suggests he's using milk that has been aged, possibly to enhance its flavor or nutritional profile. "Tossed over seasoned tomato purée" implies that he's mixing the aged milk with a tomato-based sauce that has been seasoned with various herbs and spices. Finally, this mixture is spread on "baked whole wheat," indicating that the base of his meal is a whole wheat product, likely bread or a similar item.

Now, considering Alice's reaction, "wtf," it seems she was surprised or confused by Bob's meal. This could be due to several reasons. Maybe the combination of aged organic milk and tomato purée on whole wheat is unconventional in her perception of healthy eating. Alternatively, she might be questioning the nutritional value of such a meal or perhaps the presentation of the dish.

Let's think about the healthiness of Bob's meal. Aged organic milk is generally considered healthy due to its organic certification, which means it's produced without synthetic pesticides or fertilizers. Tomatoes are a good source of vitamins and minerals, and seasoning with herbs and spices can add flavor without additional calories. Baked whole wheat products are typically healthier than their refined counterparts because they retain more nutrients and fiber.

However, the term "tossed over" might imply that Bob is using a significant amount of oil or butter to toss the milk and tomato purée together, which could increase the calorie content. Additionally, if the seasoning includes high-calorie ingredients like butter or cream, that could affect the overall nutritional profile of the meal.

Another angle to consider is the presentation. Alice's reaction suggests that the meal looked unusual or unexpected, which might have led to her confusion or surprise. This could be a case of miscommunication or differing perceptions of what constitutes a healthy meal.

Perhaps Bob is experimenting with new recipes or trying to incorporate more diverse flavors into his diet, which might be why Alice found his meal surprising. It's also possible that Bob is passionate about cooking and enjoys creating unique dishes, leading to Alice's reaction.

In summary, Bob's meal consists of aged organic milk tossed with seasoned tomato purée and spread on baked whole wheat. While the ingredients themselves are generally healthy, the method of preparation and the presentation might have led Alice to react with surprise or confusion, questioning the healthiness of the meal.

</Thought>
<Output>
Bob consumed a meal consisting of aged organic milk tossed with seasoned tomato purée and spread on baked whole wheat. While the ingredients are generally healthy, the combination and preparation method may have surprised Alice, leading her to question the meal's healthiness.
</Output> [end of text]


