Below is a thorough commentary on the provided text, analyzing its various aspects, interpreting its meaning, and offering suggestions for enhancement or expansion where applicable.

### **Structure and Format**

* **Format**: The text is presented in a poetic or lyrical format, with short, concise lines, suggesting a focus on impactful, immediate impressions rather than detailed explanation.
* **Structure**: Linear, with each line building upon the previous to convey a sequence of events or a cause-effect relationship.

### **Content Analysis**

1. **"inertia of running"**
   - **Meaning**: This line suggests a state where the momentum of running is so strong that it overrides the ability to immediately stop or change direction. Inertia, in physics, is the resistance of an object to changes in its motion. Here, it's metaphorically (or literally, depending on context) applied to Mario's running.
   - **Implication**: Sets the scene for a scenario where momentum plays a crucial role.

2. **"makes Mario slip"**
   - **Character Introduction**: Introduces Mario, presumably the protagonist of this scenario, known from the popular video game series.
   - **Action Consequence**: Direct consequence of the inertia mentioned, indicating a loss of control.
   - **Implication**: Suggests a platform or surface that does not provide sufficient traction for Mario's momentum.

3. **"into the abyss"**
   - **Consequence Escalation**: The slip leads to a severe outcome, falling into an abyss, implying a significant drop with potentially dire consequences.
   - **Atmosphere**: Adds a sense of danger and finality to the scenario.

4. **"skill issue"**
   - **Analysis of Cause**: Contrasts with the preceding physical/mechanical cause (inertia) by introducing a subjective judgment on the protagonist's ability.
   - **Tone**: Could be interpreted as somewhat humorous or ironic, given the sudden shift from a physically driven sequence to a skill-based critique.
   - **Ambiguity**: Leaves open whether this is a self-assessment, an observer's comment, or a narrative voice's insight.

### **Interpretations and Possible Contexts**

- **Video Game Context (Most Likely)**: Given Mario's presence, this could describe a gameplay moment where the player's inability to control Mario's momentum leads to a fall, with "skill issue" humorously or critically commenting on the player's skill level.
  
- **Literary or Poetic Interpretation**: Could be seen as a metaphor for the consequences of unchecked momentum in life, with "Mario" being a placeholder for any individual, and "skill issue" reflecting on personal control or decision-making abilities.

- **Educational/Physics Context**: A simplified example to illustrate the concept of inertia, using a relatable character, with the final line perhaps prompting a discussion on how skill (e.g., in controlling speed) interacts with physical principles.

### **Suggestions for Enhancement or Expansion**

#### **For Clarity and Depth**

- **Add Contextual Setup**: A preceding line or two to establish the setting (e.g., "On Mushroom Kingdom's slippery slopes") could enhance immersion.
- **Elaborate on Consequences**: What happens after falling into the abyss? This could add depth or a call to action.

#### **For Emotional or Thematic Resonance**

- **Character Emotional Response**: A line indicating Mario's feeling (e.g., "Mario's desperate cry") could add an emotional layer.
- **Thematic Expansion**: Explore the "skill issue" further; is it a recurring problem for Mario, leading to a theme of self-improvement?

#### **For Humor or Tone Clarification**

- **Emphasize the Irony/Humor**: If intended to be humorous, adding a line that exaggerates the "skill issue" (e.g., "A skill issue, or just a bad day?") could clarify the tone.
- **Visuals (if applicable)**: In a multimedia context, accompanying visuals could greatly enhance the comedic effect or clarify the tone.

#### **Educational Enhancement**

- **Physics Principle Highlight**: Explicitly state the physics concept demonstrated (inertia) for clarity in an educational setting.
- **Solution Line**: Offer a line on how skill (e.g., "A well-timed jump" or "Slowing down in time") could have prevented the fall, to teach problem-solving based on the principle.

### **Example of an Expanded Version (Combining Suggestions)**

```
On Mushroom Kingdom's slippery slopes,
inertia of running
makes Mario slip
into the abyss, 
a bottomless, echoing fall.
Mario's desperate cry, lost in the void.
Skill issue, or just a bad day?
(A lesson in inertia's might, and the importance of timely brakes)
```

### **Questions for the Author (to Clarify Intent and Context)**

1. What is the primary context for this piece (educational, literary, humorous, etc.)?
2. Is "skill issue" meant to be humorous, critical, or analytical?
3. Are there plans for this to be part of a larger work, or is it a standalone piece?
4. How important is character development or emotional resonance in this context?
5. Are there any specific themes (e.g., perseverance, physics education) you wish to emphasize? [end of text]


