This phrase — *"inertia of running makes Mario slip into the abyss, skill issue"* — is a concise, meme-influenced commentary that blends physics, gaming culture, and self-deprecating humor. Let’s unpack it thoroughly, layer by layer, examining its linguistic, conceptual, cultural, and rhetorical implications.

---

### **1. Literal Interpretation: Physics and Game Mechanics**
At face value, the statement attempts to explain a common *Super Mario* gameplay scenario — Mario slipping off a ledge while running — through a pseudo-scientific lens.

- **"Inertia of running"**:  
  Inertia is the tendency of an object in motion to stay in motion unless acted upon by an external force. In Mario’s case, when he runs off a platform, his horizontal momentum carries him forward, and if there's no ground beneath him, he begins to fall. The phrase anthropomorphizes this physics principle to Mario’s movement mechanics.

  However, in most Mario games, Mario doesn’t actually *slip* off ledges unless the player misjudges timing or input. Instead, he *jumps* or *falls* off. The word "slip" implies a loss of control — perhaps due to poor footing, momentum mismanagement, or slippery surfaces (like ice or wet terrain in certain levels). This could be a poetic exaggeration or a nod to the game’s sometimes inconsistent collision detection.

- **"Makes Mario slip into the abyss"**:  
  The "abyss" is a recurring motif in Mario games — a bottomless pit, lava pool, or void that signifies instant death. The imagery evokes dramatic stakes: a heroic journey cut short by a single misstep. The phrase uses hyperbolic language to elevate a simple mistake into a tragic, almost mythic fall.

- **"Skill issue"**:  
  This is a popular internet slang term, especially in competitive gaming communities, used to dismiss a loss or failure as the result of the player’s lack of ability rather than game design, luck, or external factors. It’s often used sarcastically or toxically, implying that anyone with sufficient skill could have avoided the mistake.

  Its inclusion here serves multiple rhetorical purposes: it shifts blame from the game or the situation to the player, injecting a layer of blame, irony, or self-awareness.

---

### **2. Rhetorical and Stylistic Analysis**

#### **A. Brevity and Memetic Quality**
The phrase is structured like a viral tweet or a meme caption — short, punchy, and loaded with cultural shorthand. It mimics the tone of:
- **Game commentary reels** on YouTube/TikTok, where creators narrate deaths with pseudo-intellectual flair.
- **"Edgy" gaming hot takes**, where complex ideas are reduced to pithy, often ironic statements.
- **Absurdist humor**, where the mismatch between the scientific term ("inertia") and the trivial context (Mario slipping) creates comedic dissonance.

The juxtaposition of pseudo-intellectual language ("inertia") with a trivial gaming moment, followed by the dismissive "skill issue," creates a layered irony.

#### **B. Irony and Self-Awareness**
There's a strong layer of irony here:
- The speaker pretends to analyze a game scenario with scientific rigor, only to conclude with a blunt, often toxic, judgment.
- The phrase mocks both the over-analysis of games and the toxic gamer culture that blames players for every setback.
- It could also be read as a parody of pseudo-intellectual takes — where people use complex terms to sound smart while saying something trivial or obvious.

#### **C. Tone: Sarcastic, Cynical, or Playful?**
The tone is ambiguous and depends on context:
- **Sarcastic**: Mocking both the player ("you died because you suck") and the over-analysis of games.
- **Cynical**: Reflecting a jaded view of gaming culture, where failure is always the player’s fault.
- **Playful/Whimsical**: Using dramatic language to make light of a common frustration in a humorous, exaggerated way.

The phrase walks a fine line between clever and cringey — a hallmark of meme culture.

---

### **3. Cultural and Gaming Context**

#### **A. Mario as a Cultural Archetype**
Mario is one of the most recognizable video game characters, and his gameplay is deeply familiar to millions. The scenario described — running off a ledge and falling — is a rite of passage for new players. It’s a moment of learning, but in this phrase, it’s framed as a tragic, almost physics-driven inevitability.

This framing plays into the **"mascot logic"** of Mario games — where even death is part of a larger, almost mythic struggle. The "abyss" evokes not just a game over screen, but a metaphor for failure, the void, or existential dread — all filtered through a childlike, cartoonish lens.

#### **B. "Skill Issue" as Cultural Lexicon**
The phrase "skill issue" has evolved beyond gaming:
- Originally used in competitive games (e.g., Valorant, Apex Legends) to blame players for their lack of mechanical skill.
- Now a broader internet meme, often used ironically or self-deprecatingly.
- It reflects a **blame culture** in gaming — where players are expected to be perfect, and any mistake is a moral failing rather than a learning opportunity.

By ending with "skill issue," the phrase:
- Mocks toxic elitism ("you died? just get better").
- Acknowledges the player’s frustration while dismissing it as trivial.
- Invites a reaction — whether eye-rolls, laughs, or defensive replies.

#### **C. Absurdism and Video Game Philosophy**
The phrase fits into a broader tradition of **video game absurdism** — where players reflect on the arbitrary rules and tragicomic outcomes of games with a philosophical twist. Think of:
- "The Legend of Zelda: I am the hero of time, but I fell into a pit — is this fate?"
- "In Celeste, I die because of my own incompetence — and that’s the point."
- "In Dark Souls, I ragequit because the universe hates me."

Here, the abyss becomes a metaphor for failure, and inertia becomes a stand-in for human fallibility.

---

### **4. Psychological and Emotional Layers**

- **Frustration and Catharsis**: For many players, dying repeatedly in a game can be infuriating. This phrase might serve as a way to externalize that frustration — to laugh at the situation rather than rage at the controller.
- **Coping Mechanism**: By framing the death as a "skill issue," the speaker might be engaging in **defensive humor** — deflecting shame by owning the failure with irony.
- **Tribal Identity**: Using terms like "skill issue" aligns the speaker with a certain gaming subculture — one that values self-deprecation, competitiveness, and dark humor.

---

### **5. Potential Interpretations and Alternate Readings**

| Interpretation | Explanation |
|----------------|-------------|
| **Toxic Take** | A serious, elitist dismissal: "You died because you're bad, not because the game is unfair." |
| **Self-Deprecating Joke** | The speaker is mocking themselves — "Yeah, I slipped because I suck, lol." |
| **Satirical Critique** | Mocking the over-seriousness of gaming discourse — turning a simple death into a pseudo-scientific tragedy is absurd. |
| **Existential Parable** | A metaphor for life: we run forward, inertia carries us, and we fall into the abyss of our own mistakes — all a skill issue. |
| **Absurdist Meme** | It’s just nonsense, meant to be funny because it’s so over-the-top. |

---

### **6. Linguistic Breakdown**

- **"Inertia of running"**:  
  Grammatically, this is a noun phrase functioning as the subject. It’s slightly awkward — "inertia" is a technical term, and pairing it with "running" feels overly formal. This mismatch is intentional — it creates the humorous contrast.

- **"Makes Mario slip"**:  
  The verb "slip" is key. It implies a lack of friction or traction — perhaps a deliberate game mechanic (like ice tiles) or a metaphor for losing control.

- **"Into the abyss"**:  
  Poetic and dramatic. "Abyss" elevates the stakes beyond a simple "pit" or "lava." It evokes the unknown, the void, the end.

- **"Skill issue"**:  
  Colloquial, blunt, and loaded. Ends the sentence abruptly, like a mic drop or a troll comment.

---

### **7. Broader Commentary on Gaming Culture**

This phrase is a microcosm of several tensions in gaming culture:
- **Player vs. Game Design**: Is the death due to bad design (e.g., slippery controls) or bad skill?
- **Seriousness vs. Playfulness**: When does analysis enhance

