This four-line poem — “inertia of running / makes Mario slip / into the abyss / skill issue” — is a minimalist, absurdist, and thematically layered piece that uses game mechanics as a metaphor for existential or psychological failure. Though brief, it packs a punch through juxtaposition, irony, and recursive self-awareness. Let’s break it down thoroughly.

—

**1. Literal Interpretation: Game Mechanics**

The poem references *Super Mario*, one of the most iconic video game franchises. In many Mario games — especially early 2D platformers — running is a core mechanic. However, running can sometimes lead to unintended consequences: if Mario runs too fast or off a ledge, he can slip or fall — often into a pit, void, or “abyss.” This is a literal game mechanic: momentum without control leads to failure.

So, “inertia of running” — the physics of motion — becomes the cause of the fall. The “abyss” is the game’s death zone. The “skill issue” is the player’s failure to control the character properly.

—

**2. Metaphorical Layer: Human Behavior & Failure**

The poem transcends its gaming context. “Inertia of running” can be read as a metaphor for:

- **Impulsive action without foresight** — running forward without checking your surroundings.
- **Overconfidence in momentum** — believing that because you’re moving, you’re succeeding.
- **The illusion of progress** — moving forward, but in the wrong direction, leading to disaster.

“Makes Mario slip / into the abyss” becomes a metaphor for:

- **Falling into despair or failure** — not because of a lack of effort, but because of poor timing, misjudgment, or lack of control.
- **The trap of momentum** — sometimes, the more you push forward, the more you fall.

“Skill issue” — this is the punchline. It’s not that Mario is broken; it’s that the player is. The game is fair. The player is not. The “skill issue” is a self-deprecating, almost cynical, acknowledgment that the failure is due to human error — not the system.

—

**3. Irony & Absurdism**

The poem is built on irony:

- The “inertia of running” — a natural, even noble, physical impulse — becomes the cause of downfall.
- The “abyss” — a dramatic, almost poetic image — is reduced to a game mechanic.
- “Skill issue” — a phrase used in gaming communities to blame the player — is the final, blunt, and slightly humorous conclusion.

This is absurdist humor: the gravity of the abyss is undercut by the casualness of “skill issue.” It’s like saying, “I fell because I’m bad at this game,” when the real tragedy is that the game is designed to punish momentum.

—

**4. Structural & Stylistic Analysis**

- **Line breaks**: Each line is short, stark, and deliberate. The poem doesn’t explain — it *shows*. The reader must infer the connection between the lines.
- **Rhythm**: The lines are uneven, mirroring the chaotic, unpredictable nature of failure in games — and in life.
- **Tone**: Deadpan, ironic, resigned. There’s no dramatic lament — just a quiet, almost clinical observation of failure.
- **Imagery**: “Abyss” is the most potent image — it evokes loss, the unknown, the end. “Inertia” is mechanical, impersonal. “Skill issue” is human, personal, and dismissive.

—

**5. Philosophical Undertones**

The poem touches on:

- **The paradox of progress**: Running forward doesn’t guarantee success — sometimes, it leads to ruin.
- **The burden of agency**: Even when you’re “in control,” you can still fail — because control is an illusion.
- **The nature of failure**: It’s not always about lack of ability — sometimes, it’s about misjudgment, momentum, or environment.

It also echoes existential themes: “inertia” suggests a lack of will or change — perhaps even a kind of paralysis. “Slip into the abyss” suggests a fall from grace, or a descent into nothingness. “Skill issue” is the ultimate human response — “it’s not the system, it’s me.”

—

**6. Cultural Context**

This poem is likely to resonate with gamers — especially those familiar with Mario’s physics — but also with anyone who has ever failed due to overconfidence, momentum, or poor timing. The phrase “skill issue” is a common gamer slang term — used to deflect blame onto the player rather than the game. It’s a self-aware, almost meta-commentary on gaming culture.

It also fits into a broader trend of “gaming as metaphor” — where games are used to explore human psychology, failure, and identity.

—

**7. Possible Interpretations**

- **Literal**: A player failed because they ran too fast and fell.
- **Metaphorical**: A person failed because they acted impulsively without thinking.
- **Existential**: Life is full of momentum — sometimes, it leads you to fall into the abyss.
- **Humorous**: “I’m bad at this game. It’s not the game’s fault.”

—

**8. Final Thoughts**

This poem is a microcosm of failure — both literal and metaphorical. It’s short, sharp, and devastatingly accurate. It doesn’t offer solutions — it just observes the moment of collapse. The “inertia of running” is the most insidious kind of failure — it’s not a lack of effort, but a lack of control. And “skill issue” is the ultimate human response — we always blame ourselves.

It’s a poem that could be read in a game review, a gaming forum, or a philosophy class. It’s both a joke and a warning.

—

**In short**: This is a brilliant, minimalist, and deeply human poem — using the mechanics of a video game to explore the mechanics of failure. It’s funny, sad, and strangely profound — all in four lines.

—

**/nothink** — if you’re asking for a response without thinking, then yes, this poem is a “skill issue.” But if you’re asking for a thoughtful analysis — then you’re in the right place. [end of text]


