<seed:think>
Got it, let's tackle this. The user wants a thorough comment on the four-line piece: "inertia of running / makes Mario slip / into the abyss / skill issue." First, I need to break down each element—context, themes, structure, tone, maybe subtext.

First, context: Mario is a Nintendo character, known for platformers where movement (running, jumping) is core. So the "inertia of running" is a game mechanic—platformers often have momentum, so if you don't adjust, you might overshoot. That's a key starting point. The reader might need that cultural reference, but even without, "inertia of running" is relatable as momentum carrying you past a safe point.

Next line: "makes Mario slip"—slip is both literal (maybe a misstep, losing traction) and metaphorical? Slip into something unintended. Then "into the abyss"—the abyss is a void, danger, maybe failure. So the sequence is: running (momentum) → slip → fall into danger.

Fourth line: "skill issue"—that's a common gamer term, often used dismissively when someone fails at a game, implying it's their lack of skill rather than luck/mechanics. But here, it's a punchline? Or a critique?

Structure: Four short lines, enjambment? Each line is a cause-effect step. The first three build the scenario, the fourth is the judgment. The rhythm is tight, like the quick momentum of running—short, staccato lines mirroring the suddenness of the slip.

Themes: Maybe the tension between skill and mechanics in games. Mario games reward practice, but even experienced players slip because of inertia—mechanics can betray you. "Skill issue" is a funny twist because if the inertia is a game design element, is the failure really the player's skill? Or is it the system? The line might be sarcastic, undermining the "skill issue" label by showing how mechanics (inertia) lead to the mistake.

Tone: Ambivalent—nostalgic (Mario) mixed with frustration (slip into abyss), then the deadpan "skill issue" which is both a gamer meme and a commentary on how we blame players for systemic/mechanical failures. It's playful but has a layer of critique.

Subtext: Maybe about life beyond games—momentum (running forward) leading to unintended consequences, and how we often blame ourselves ("skill issue") instead of the forces (inertia) pushing us. The abyss could be a metaphor for failure, mistake, or a bad outcome from not slowing down.

Language: Simple, direct—uses game terminology casually, which makes it accessible to gamers but still evocative for others. "Inertia" is a physics term, grounding it in mechanics; "abyss" is dramatic, elevating the minor slip into something existential.

Interpretations: Is it a joke about gaming failures? A reflection on how mechanics shape player experience? A commentary on self-blame? Probably all three. The brevity allows multiple readings—literal (Mario game fail) to metaphorical (life's momentum leading to missteps).

Also, the contrast between "inertia of running" (active, forward motion) and "slip into the abyss" (passive, falling) — the loss of control despite effort. "Skill issue" then undercuts the drama by reducing it to a player flaw, but maybe that's the point: we're so quick to blame skill that we ignore the mechanics that led there.

Need to tie all these together: start with context (Mario, platformers), break down each line's role, discuss structure and tone, explore themes (skill vs. mechanics, momentum vs. control, self-blame), and maybe the emotional resonance—frustration, nostalgia, recognition of universal experiences (losing control when you're moving too fast).</seed:think>The four-line piece—**"inertia of running / makes Mario slip / into the abyss / skill issue"**—is a deceptively compact meditation on game mechanics, player experience, and the tension between control, blame, and momentum. To unpack it thoroughly, we can analyze its **context**, **structure**, **themes**, and **subtext**, layered with both literal (gaming) and metaphorical (universal) resonance.


### **1. Context: Mario, Platformers, and the Language of Games**  
At its core, the piece leans into **Nintendo’s Mario franchise**—a touchstone for platformer games where *momentum* (running, jumping) is both a tool and a trap. In Mario games (e.g., *Super Mario Bros.*), players learn to balance speed with precision: run too fast, and you might overshoot a jump, miss a ledge, or (as here) slip into a pit. The "inertia of running" is a literal game mechanic—physics that reward forward motion but punish overconfidence.  

But the reference to Mario also evokes **nostalgia** (for generations of gamers) and **familiarity** (the shared frustration of "one more jump" failures). Even non-gamers might grasp the dynamic: momentum carries you past what you intended, leading to a sudden, humiliating mistake.


### **2. Structure: A Tight, Cinematic Cause-Effect Chain**  
The four lines unfold as a **mini-narrative**—a three-act setup (problem → action → consequence) capped by a deadpan punchline:  
- **Line 1**: "inertia of running" – Establishes the *force* (momentum) driving the action. Short, declarative, and grounded in physics (inertia = resistance to change in motion).  
- **Line 2**: "makes Mario slip" – The *trigger*: momentum overrides control, leading to a loss of traction (literal slip) or focus (metaphorical). The word "makes" is key—it frames the slip as *caused* by inertia, not just Mario’s "fault."  
- **Line 3**: "into the abyss" – The *consequence*: a dramatic, existential fall (the "abyss" is both a game pit and a metaphor for failure, uncertainty, or "the void" of a missed opportunity). The escalation from "slip" to "abyss" amplifies the stakes, turning a minor mistake into something existential.  
- **Line 4**: "skill issue" – The *twist*: a quintessential gamer meme, often used to dismissively blame players for failures ("it’s not the game’s fault—you’re bad"). Here, it’s a punchline that undercuts the drama… but also invites questioning: *Is it really a "skill issue" if the mechanics (inertia) pushed Mario there?*  


### **3. Themes: Skill vs. Mechanics, Control vs. Momentum**  
The piece hinges on a **critique of the "skill issue" trope**—the gamer culture habit of blaming players for failures caused by *systemic or mechanical design*. Let’s break this down:  

- **Skill as a scapegoat**: "Skill issue" is a lazy way to avoid acknowledging that games (like life) have forces beyond individual control. In Mario, inertia is a *designed mechanic*—players don’t "choose" to have momentum; they learn to work with it. If Mario slips, is it his "skill" or the game’s physics? The line mocks this false dichotomy.  
- **Momentum as both liberating and destructive**: Running is empowering (progress, speed, excitement), but inertia can be blind—you’re moving so fast you don’t see the edge until it’s too late. This mirrors real life: career momentum, habit, or ambition can carry us into risky situations we didn’t intend.  
- **The absurdity of failure**: The "abyss" is overkill for a slip—exaggerating the stakes of a small mistake. This humor highlights how we often inflate minor failures (a missed jump, a work deadline) into existential crises, then blame ourselves ("skill issue") to avoid discomfort.  


### **4. Tone: Playful Nostalgia + Subversive Critique**  
The tone is **ambivalent**—equal parts fondness for gaming and sarcasm toward how we talk about failure:  
- **Playful**: The Mario reference is nostalgic, evoking the joy (and frustration) of childhood gaming. The brevity and rhythm (short, staccato lines) mirror the quick, sudden nature of a platformer slip—like the game itself, it’s lighthearted.  
- **Subversive**: The final line twists the "skill issue" meme into a commentary on blame. By framing the slip as *caused by inertia* (not skill), the piece asks: *Why do we so quickly blame the player instead of the system?* It’s a quiet challenge to gamer culture’s "git gud" mentality and, by extension, to broader societal habits of self-blame.  


### **5. Metaphorical Resonance: Beyond Games**  
While rooted in gaming, the piece speaks to universal experiences:  
- **The trap of momentum**: We often keep "running" (working, chasing goals, staying in routines) because stopping feels risky—even if it leads us astray. The "abyss" becomes any outcome of unchecked momentum: burnout, regret, a relationship falling apart.  
- **The myth of "control"**: We like to think we’re in charge, but external forces (inertia, circumstance, others) often steer us. The "skill issue" line mocks the delusion that *all* failures are personal—some are just… physics.  
- **Humor in imperfection**: The piece finds beauty in the messiness of trying: Mario isn’t a "bad" player; he’s a player *dealing with a system*. The joke is on the idea that perfection (or "skill") should erase the humanity of failing.  


### **Conclusion: A Microcosm of Gaming and Life**  
In four lines, the piece captures the essence of platformers—and of being human. It’s a love letter to Mario’s chaos, a critique of how we blame ourselves for systemic failures, and a reminder that sometimes, slipping into the abyss isn’t about skill… it’s about the inertia of keeping going. The final line ("skill issue") isn’t a dismissal; it’s a wink—acknowledging that even the best players fall, and that’s okay.  

Ultimately, it’s a testament to how games (and game culture) reflect life: messy, unpredictable, and full of moments where you’re just trying to stay on the ledge… while the world keeps pushing you forward. [end of text]


