### Thorough Commentary on the Four-Line Piece

**inertia of running  
makes Mario slip  
into the abyss  
skill issue**

This is a compact, four-line poem that compresses a familiar video game scenario into a miniature narrative. It works on several levels—mechanical, comedic, and rhetorical—and rewards close reading.

#### 1. Form and Structure
- **Lineation**: The piece is deliberately short and crisp. Each line is a single clause, which creates a staccato rhythm that mirrors the quick, reactive play of a platformer. The brevity also mimics the way a player experiences a mistake: sudden, brief, and consequential.
- **Enjambment**: The lines flow without punctuation, which keeps the momentum going. The lack of periods or commas makes the reader feel the forward motion of Mario’s run, even as it leads to disaster.
- **Rhyme and Sound**: There’s no explicit rhyme, but the assonance in “running” and “slip” (the short “i” sound) and the alliteration in “skill issue” (the hard “s”) add subtle texture. The final line’s bluntness is amplified by the hard consonants.

#### 2. Narrative Compression
- **The Setup**: “inertia of running” establishes the physics of the game world. Inertia is the tendency of an object to keep moving unless acted upon by a force. Here, it’s the player’s decision to keep running that sets the stage.
- **The Action**: “makes Mario slip” is the consequence. The slip is both literal (Mario loses traction) and figurative (the player loses control). It’s a concise way to show cause and effect.
- **The Stakes**: “into the abyss” raises the stakes. The abyss is a classic platformer hazard—a void that represents failure, reset, or loss of progress. It’s also a metaphor for the consequences of overconfidence or poor timing.
- **The Diagnosis**: “skill issue” is the punchline. It’s a modern, internet-age phrase that shifts the blame from the game’s mechanics to the player’s ability. It’s both a self-deprecating joke and a commentary on how we rationalize failure in skill-based systems.

#### 3. Themes and Implications
- **Agency vs. Determinism**: The poem plays with the tension between player agency and game mechanics. Is Mario’s fall due to the player’s “skill issue” or the game’s physics? The phrase “inertia of running” suggests that the player’s action (running) is the root cause, but “skill issue” implies that the player should have known better. This reflects real debates in gaming about whether a failure is due to the player or the design.
- **Humor and Self-Reflection**: The humor comes from the juxtaposition of a dramatic fall (“into the abyss”) and a mundane diagnosis (“skill issue”). It’s a way of coping with failure by trivializing it. The poem also invites self-reflection: how often do we blame ourselves for mistakes that are partly systemic?
- **The Absurdity of Failure**: The abyss is an over-the-top consequence for a simple slip, which highlights the absurdity of video game logic. It’s a reminder that games often punish minor errors with extreme outcomes, and that “skill issue” is a way of accepting that absurdity.

#### 4. Language and Diction
- **Word Choice**: “Inertia” is a technical term that feels out of place in a casual poem, which adds a layer of irony. It’s a precise, scientific word used to describe a playful, chaotic moment. “Slip” is a simple, physical verb that contrasts with the grandiosity of “abyss.” “Skill issue” is colloquial and modern, grounding the poem in contemporary gaming culture.
- **Tone**: The tone is deadpan. The poem doesn’t dwell on drama or emotion; it states facts and then delivers a punchline. This restraint makes the humor more effective.

#### 5. Cultural Context
- **Gaming Culture**: “Skill issue” is a meme in gaming communities, often used to dismiss complaints about difficulty or unfairness. The poem taps into that culture by framing a classic platformer fail in those terms. It’s a nod to the way gamers talk about failure and mastery.
- **Platformer Tropes**: Mario is the quintessential platformer protagonist, and the abyss is a staple hazard. The poem references these tropes to create instant recognition. It’s a micro-homage to the genre.

#### 6. Potential Interpretations
- **Literal**: A player runs too far, slips, and falls into a pit. The “skill issue” is the player’s failure to stop or jump in time.
- **Metaphorical**: The “inertia of running” could represent life’s momentum—how we keep moving forward even when we should stop. The “abyss” could be failure or loss, and “skill issue” could be a self-critique of poor judgment.
- **Satirical**: The poem could be a satire of how we rationalize failure. By blaming “skill,” we avoid examining systemic issues (e.g., poor game design, unfair mechanics).

#### 7. Strengths and Weaknesses
- **Strengths**:
  - **Concision**: It says a lot in very few words.
  - **Relatability**: Most gamers have experienced this exact scenario.
  - **Humor**: The contrast between the dramatic fall and the casual diagnosis is funny.
  - **Layered Meaning**: It works on literal, metaphorical, and cultural levels.

- **Weaknesses**:
  - **Overreliance on Tropes**: It leans heavily on familiar gaming imagery, which might limit its appeal to non-gamers.
  - **Punchline Predictability**: “Skill issue” is a common phrase, so the ending might feel familiar rather than surprising.
  - **Lack of Nuance**: The poem doesn’t explore the complexity of failure—it just states it and moves on.

#### 8. Overall Assessment
This is a tight, effective piece that captures a universal gaming experience with wit and economy. It’s not trying to be profound; it’s trying to be funny and relatable. And it succeeds. The poem’s strength lies in its ability to turn a moment of frustration into a moment of shared understanding. It’s a small, sharp observation about how we play, fail, and laugh at ourselves.

If I were to offer a suggestion for expansion, it might be to play with the tension between the technical (“inertia”) and the colloquial (“skill issue”) even more. For example, could the poem explore how the game’s physics (inertia) and the player’s psychology (skill) interact? But as it stands, it’s a perfect micro-narrative—brief, funny, and surprisingly resonant. [end of text]


