This four-line poem is a fascinating piece of micro-fiction that operates on multiple levels: it is a literal description of a video game mechanic, a metaphor for human failure, and a biting commentary on the culture of competitive gaming.

Here is a thorough breakdown of the text, analyzing its mechanics, themes, and cultural resonance.

### 1. The Literal Layer: Physics and Game Design
On the surface, the poem describes a specific, frustrating moment in the *Super Mario* franchise (particularly *Super Mario 64*, *Super Mario Galaxy*, or *Super Mario Odyssey*).

*   **"Inertia of running"**: This refers to the physics engine of the game. Mario is not a character who stops instantly; he has momentum. When the player presses "forward," Mario accelerates. When they release the button, he coasts. This "inertia" is a deliberate design choice to make movement feel weighty and fluid, but it creates a margin for error.
*   **"Makes Mario slip / into the abyss"**: This is the consequence of that physics. In many 3D Mario games, the "abyss" (a pit, a void, or a bottomless drop) is the primary hazard. The word "slip" is crucial here. It implies a loss of traction or control. The player didn't necessarily *jump* into the pit; they failed to brake in time. The inertia carried them over the edge.
*   **The Mechanic**: This highlights the tension between **player intent** and **game physics**. The player wanted to stop, but the code dictated that the character would keep moving.

### 2. The Thematic Layer: The Illusion of Control
The poem explores the relationship between the player and the avatar.

*   **The Disconnect**: The poem suggests that the character (Mario) is not a perfect extension of the player's will. He is a physical object subject to laws of motion. The "inertia" is an external force that the player must constantly fight against.
*   **The "Slip"**: This word carries a double meaning. It refers to the character's feet losing grip on the ground, but it also refers to the player's mental "slip"—a momentary lapse in judgment, a miscalculation of distance, or a failure to account for the momentum.
*   **The Abyss**: In gaming, the abyss represents the ultimate reset. It is the void where progress is lost. The transition from "running" (progress) to "abyss" (failure) is instantaneous, emphasizing how fragile success can be.

### 3. The Cultural Layer: "Skill Issue"
The final two lines, **"skill issue"**, completely shift the tone from descriptive to accusatory. This is the punchline that recontextualizes the entire poem.

*   **Origin**: "Skill issue" is a term popularized in competitive gaming communities (like *League of Legends*, *Overwatch*, or *Counter-Strike*). It is a dismissive phrase used to tell a losing player that their failure is not due to bad luck, bad design, or unfair mechanics, but solely because they lack the necessary ability.
*   **The Shift in Blame**:
    *   *Lines 1-3* describe a situation where the **physics** (inertia) caused the failure. It sounds almost like an accident or a flaw in the game's design.
    *   *Line 4* asserts that the **player** is at fault. It argues that a "good" player would have anticipated the inertia, calculated the stopping distance, and avoided the pit.
*   **The Brutality**: The phrase is cold and clinical. It strips away the narrative of "Mario slipping" and replaces it with a judgment of the human operator. It implies that if you understand the physics of the game, you should never slip. Therefore, slipping is proof of incompetence.

### 4. Stylistic Analysis
The structure of the poem is minimalist and rhythmic, mimicking the suddenness of the event.

*   **Enjambment**: The line breaks create a staccato rhythm.
    *   *inertia of running* (The setup, the cause)
    *   *makes Mario slip* (The action, the immediate result)
    *   *into the abyss* (The destination, the finality)
    *   *skill issue* (The verdict, the aftermath)
*   **Tone**: The tone shifts from observational to fatalistic to sarcastic. The lack of punctuation (except for the implied line breaks) creates a sense of rushing, mirroring the momentum of the character running off the edge.
*   **Capitalization**: The lack of capitalization gives it a raw, internet-native feel, like a tweet, a Discord message, or a forum post. It feels immediate and unpolished.

### 5. Synthesis: The Paradox of "Skill"
The most profound aspect of this poem is the paradox it presents regarding "skill."

Is it a **skill issue** if the game's physics are unforgiving?
*   If the game is designed with high inertia, is it the player's fault for not adapting, or is it the game's fault for being difficult?
*   The poem suggests that in the modern gaming mindset, **any** failure is a personal failing. The "skill issue" label is used to absolve the game of any responsibility. It turns a mechanical limitation (inertia) into a moral judgment on the player.

### Conclusion
This short text is a perfect encapsulation of the modern gaming experience. It captures the frustration of fighting against game physics, the visceral feeling of falling into a void, and the harsh, often toxic, culture of competitive gaming that demands perfection.

It tells a story of a moment where **physics** (inertia) meets **human error** (the slip), and the final verdict is delivered not by the game engine, but by the community: **"You didn't fail the game; you failed yourself."** It is a micro-narrative of failure that is both technically accurate and culturally biting. [end of text]


