The provided text is a concise, self-aware commentary on a common gaming experience, blending humor, frustration, and meta-commentary. Here's a thorough breakdown:

---

### **1. "Inertia of running"**  
- **Literal Meaning**: Refers to the physical concept of inertia (an object's resistance to changes in motion). In gaming, this could metaphorically describe the momentum of movement (e.g., Mario's speed or acceleration).  
- **Gaming Context**: In games like *Super Mario*, inertia might relate to how Mario's movement feels "stiff" or unresponsive, especially when transitioning between actions (e.g., running, jumping, or stopping).  
- **Tone**: Slightly technical or physics-oriented, but here it’s used playfully to highlight a flaw in gameplay mechanics.

---

### **2. "Makes Mario slip"**  
- **Literal Meaning**: Mario, the iconic video game character, is slipping. This could imply a loss of control, a glitch, or a design flaw.  
- **Gaming Context**: In *Super Mario* games, slipping might occur due to:  
  - **Physics Engine Issues**: Unintended movement (e.g., sliding on ice or slopes).  
  - **Control Scheme Flaws**: Poor input responsiveness or unintended inputs.  
  - **Game Design**: Intentional mechanics (e.g., slippery surfaces in *Super Mario Bros. 3*).  
- **Tone**: Frustrating and humorous, suggesting a "skill issue" (see below).

---

### **3. "Into the abyss"**  
- **Literal Meaning**: A metaphor for failure, danger, or a game over.  
- **Gaming Context**:  
  - **Game Over Screen**: Mario falling into a pit or bottomless void.  
  - **Metaphorical "Abyss"**: A deeper issue (e.g., poor game design, player frustration, or a lack of polish).  
- **Tone**: Dramatic and ironic, contrasting the lightheartedness of Mario games with the severity of the outcome.

---

### **4. "Skill issue"**  
- **Literal Meaning**: A problem with the player's ability or the game's design.  
- **Gaming Context**:  
  - **Player Skill**: The player might be struggling with controls, timing, or level design.  
  - **Game Design**: The game might have unbalanced mechanics (e.g., excessive inertia, slippery surfaces, or unclear objectives).  
- **Tone**: Sarcastic and self-deprecating, mocking the idea that the problem is the player's fault rather than the game's.

---

### **Overall Tone and Style**  
- **Humor**: The text uses absurdity and irony to mock gaming frustrations. The juxtaposition of "inertia" (a physics term) with "slipping" and "abyss" creates a darkly comedic tone.  
- **Self-Awareness**: The phrase "skill issue" is a meta-commentary on the gaming community's tendency to blame players for design flaws.  
- **Cultural References**:  
  - **Mario**: A beloved character, making the slip feel personal and relatable.  
  - **Gaming Culture**: The text reflects common frustrations in platformers, where precise controls and physics are critical.  

---

### **Possible Interpretations**  
1. **Game Design Critique**: The text could be a critique of games with poor physics or control schemes (e.g., *Super Mario Odyssey* or *Super Mario 64*).  
2. **Player Frustration**: A humorous take on the "skill issue" trope, where players blame themselves for game flaws.  
3. **Meme Culture**: The structure resembles internet memes or "rage comics," using minimal text to convey a universal gaming experience.  

---

### **Conclusion**  
The text is a witty, self-aware commentary on the intersection of physics, gameplay, and player frustration. It uses Mario as a symbol of gaming's challenges, blending humor with a critique of design flaws. The phrase "skill issue" adds a layer of irony, suggesting that the problem isn't the player but the game's mechanics. Overall, it’s a concise, culturally resonant piece that captures the absurdity of gaming struggles. [end of text]


