<|im_start|>user
Consider this a free prompt. Write about whatever topic you want.

<|im_start|>assistant
Title: The Art of Balancing Work and Life

Introduction:

In today's fast-paced world, finding the perfect balance between work and life has become a significant challenge for many individuals. The demands of professional life often spill over into personal time, leaving little room for relaxation, hobbies, and relationships. This article explores the importance of striking a balance between work and life, and provides practical tips on how to achieve this equilibrium.

The Importance of Balancing Work and Life:

Balancing work and life is crucial for several reasons. Firstly, it helps to prevent burnout, which is a state of emotional, physical, and mental exhaustion caused by prolonged stress. Burnout can lead to decreased productivity, poor decision-making, and even health issues. By maintaining a healthy balance between work and life, individuals can reduce the risk of burnout and maintain their overall well-being.

Secondly, balancing work and life allows individuals to pursue their passions and interests outside of work. Engaging in hobbies and activities that bring joy and fulfillment can help to reduce stress and improve mental health. Furthermore, having a diverse range of interests can also enhance creativity and problem-solving skills, which can be beneficial in the workplace.

Lastly, balancing work and life is essential for maintaining strong relationships with family and friends. Spending quality time with loved ones can help to foster deeper connections and provide emotional support during challenging times. Additionally, having a strong support system can also help to reduce stress and improve overall well-being.

Tips for Balancing Work and Life:

1. Set clear boundaries: Establishing clear boundaries between work and personal life is essential for achieving balance. This can include setting specific work hours, avoiding work-related tasks during personal time, and disconnecting from technology during non-work hours.

2. Prioritize self-care: Taking care of oneself is crucial for maintaining balance. This can include getting enough sleep, eating a healthy diet, exercising regularly, and engaging in activities that promote relaxation and stress reduction.

3. Delegate tasks: If possible, delegate tasks at work to reduce the workload and free up time for personal activities. This can also help to improve productivity and reduce stress.

4. Learn to say no: It is essential to learn to say no to additional work or commitments that may interfere with personal time. Saying no can help to prevent overcommitment and reduce stress.

5. Schedule time for hobbies and interests: Make time for hobbies and interests outside of work. This can include activities such as reading, painting, gardening, or playing sports.

6. Spend quality time with loved ones: Make time for family and friends. This can include activities such as going out for dinner, watching a movie, or simply spending time together at home.

7. Practice mindfulness: Mindfulness can help to reduce stress and improve overall well-being. This can include practices such as meditation, yoga, or deep breathing exercises.

Conclusion:

Balancing work and life is essential for maintaining overall well-being and preventing burnout. By setting clear boundaries, prioritizing self-care, delegating tasks, learning to say no, scheduling time for hobbies and interests, spending quality time with loved ones, and practicing mindfulness, individuals can achieve a healthy balance between work and life. Ultimately, finding this balance can lead to increased productivity, improved mental health, and stronger relationships with family and friends. [end of text]


