<seed:think>
Got it, the user said to write about whatever topic I want. Let me pick something that's personal and relatable, maybe something about the quiet moments that often get overlooked. People usually talk about big events, but the small, everyday things can be really meaningful.

First, I should think of specific examples. Maybe morning routines, like the smell of coffee, the sound of a bird outside. Or little interactions, like a neighbor's wave, a child's laugh. These moments might seem trivial, but they weave together to make life feel full.

I need to make it sensory—describe the sights, sounds, smells. That way, the reader can picture it. Maybe start with a morning scene: waking up before the alarm, the soft light, the smell of coffee from the kitchen. Then move to other moments, like walking to the store and noticing a flower growing through a crack, or a friend sending a random text just to say "thinking of you."

Also, explore why these moments matter. In a world that's always rushing, we often ignore them, but they're the anchors. They remind us of connection, presence, and gratitude. Maybe include a reflection on how noticing these small things can shift our perspective from stress to appreciation.

Avoid being too abstract. Keep it concrete with details. Maybe add a personal touch, like a memory of my grandma making tea and chatting, or a rainy day where I stayed inside and read a book, listening to the rain. Those specific memories make the essay more authentic.

Structure: Start with a vivid scene to hook the reader. Then expand to other small moments, explaining their significance. Conclude with a reflection on how these moments are the essence of a meaningful life, not the big milestones.

Check the tone—warm, nostalgic, a bit introspective. Make sure it flows naturally, like a quiet conversation. Avoid clichés, but embrace universal feelings. Everyone has experienced these small joys, so the reader should relate.

Let me outline:

1. Opening: Waking up early, sensory details (light, coffee smell, bird chirp).
2. Morning routine: Making coffee, the ritual, the quiet before the day starts.
3. Walk to the bakery: Neighbor's wave, flower in the crack, the baker's smile.
4. Afternoon: Friend's text, reading by the window, rain sound.
5. Evening: Cooking with a loved one, the smell of dinner, laughter.
6. Reflection: These moments are the "glue" of life, more important than achievements.
7. Closing: A quiet moment at night, feeling grateful for the small things.

That should work. Now, flesh out each section with details to make it vivid. Use specific senses—touch (warm coffee cup), smell (fresh bread), sound (rain on the roof), sight (sunlight through leaves). Make sure each moment ties back to the theme of finding beauty in the ordinary.</seed:think>**The Quiet Symphony of Small Things**  

I wake before the alarm, as I often do on weekends—not to the blare of a speaker, but to the soft *creak* of the floorboard by the window, where the sun has just painted the edge of the world pink. It’s a sound so faint it might be mistaken for a dream, but it’s real: the world, easing into wakefulness, one tiny signal at a time.  

First comes the smell: coffee, brewing in the kitchen. Not the harsh, instant kind, but the slow, gurgling pour of grounds into hot water, a aroma that curls through the house like a hug. My partner is already there, standing at the counter, sleeves rolled up, humming off-key to a song from the 90s. They don’t notice me yet—too busy stirring the pot, the spoon clinking gently against the ceramic. When they do, they turn, eyes crinkling, and say, “Sleep well?” It’s not a question. It’s a ritual. A *yes* in disguise.  

Later, I walk to the corner store for milk. The air is crisp, carrying the faint scent of pine from the tree outside Mrs. Hernandez’s house—she’s the one who waters her plants on the porch every morning, even in rain. Today, a sparrow perches on the windowsill of the bakery, pecking at a crumb someone left. The baker, Mr. Lee, waves from behind the counter, his apron stained with flour, and calls, “Fresh croissants! Warm enough to melt your boots.” I buy one, buttery and flaky, and as I bite into it, the sun hits the sidewalk, turning the wet spots from last night’s rain into a thousand tiny rainbows.  

These are the moments we forget to photograph. The ones that don’t make it to Instagram or family dinner stories. They’re the *in-between*: the way your cat curls into your lap while you’re on the phone, purring so loud it drowns out the caller; the text from a friend that says, “Just saw a dog wearing a sweater—made me think of you”; the sound of rain tapping the roof as you read a book you’ve already read three times.  

I used to think life was about the big moments: graduations, weddings, promotions. The things that feel like milestones, like proof we’re “doing something.” But lately, I’ve been rethinking that. Last month, my grandma came to visit. She’s 82, and her hands shake when she pours tea, but she still makes it exactly how I like it—weak, with a dash of honey. We sat on the porch, watching the clouds drift by, and she didn’t say much. Just every so often, she’d reach over and squeeze my hand, like she was making sure I was still there. That day, there were no gifts, no speeches, no fanfare. Just two people, quiet, together. And when she left, I realized that was the best “moment” I’d had all year.  

Small things are the glue. They’re the reason we come back to the day, even when it’s hard. They’re the reminders that love isn’t always grand gestures—it’s the way your roommate leaves a note on the fridge saying, “I made extra oatmeal” when they know you’re having a bad day. It’s the stranger who holds the door open, smiling, like they’re glad you’re there too.  

Tonight, I’ll cook dinner with my partner. We’ll chop vegetables while talking about nothing—how the mail was late, what we saw on the news, whether the cat ate the plant again. The kitchen will fill with the smell of garlic and rosemary, and the radio will play a song we both know by heart. Afterward, we’ll sit on the couch, feet up, and watch a movie we’ve seen a hundred times. No plans, no rush. Just… *us*.  

Later, when I go to bed, I’ll listen to the house settle—the heater clicking off, the cat snoring in the bedroom, the distant hum of a car on the street. And I’ll think: This is it. This is the life. Not the milestones, but the million tiny, unplanned, perfect moments that add up to something bigger than the sum of their parts.  

The world is loud. It’s full of noise and demands and “shoulds.” But if you slow down—really slow down—you’ll hear it: the quiet symphony of small things. The coffee brewing. The bird at the bakery. The hand squeeze from your grandma. These are the notes that make the song worth singing.  

And isn’t that enough? [end of text]


