Consider this a free prompt. Write about whatever topic you want.
Sure! Let's dive into the concept of "balance"—a topic that resonates deeply in both personal and philosophical contexts.

---

### The Art of Balance: A Universal Constant

Balance is a concept that transcends physicality and extends into the realms of philosophy, psychology, and even spirituality. It is the invisible thread that weaves through the tapestry of life, connecting the disparate elements of existence into a cohesive whole. Whether we are aware of it or not, balance is a constant pursuit—a dance between opposing forces that, when harmonized, create a sense of equilibrium.

#### Physical Balance
At its most basic level, balance refers to the ability to maintain stability, whether standing on one foot, walking a tightrope, or navigating the uneven terrain of life. Our bodies are marvels of engineering, equipped with systems—like the vestibular apparatus in the inner ear—that help us maintain balance even in the most precarious situations. Yet, physical balance is more than just a biological function; it is a metaphor for the broader concept of balance in all its forms.

#### Emotional Balance
Emotions, like the tides of the ocean, ebb and flow with a rhythm that is both unpredictable and inevitable. Finding emotional balance means learning to ride the waves of joy and sorrow, anger and serenity, without being swept away by their intensity. It is about recognizing that both highs and lows are essential parts of the human experience, and that true balance lies in accepting them without judgment.

#### Work-Life Balance
In the modern world, the concept of work-life balance has become a buzzword, often accompanied by a sense of guilt or inadequacy. We strive to juggle careers, relationships, hobbies, and self-care, often feeling like we are failing at one or more of these aspects. Yet, balance is not about achieving perfection in every area; it is about finding a rhythm that allows us to thrive without burning out. It is about recognizing that sometimes, the scales will tip, and that is okay—as long as we are mindful of bringing them back into alignment.

#### The Balance of Opposites
Philosophically, balance is often seen as the reconciliation of opposites. Yin and Yang, for example, represent the dualistic nature of existence, where light and dark, active and passive, male and female, are not mutually exclusive but rather complementary forces that together create harmony. This idea is echoed in the Taoist principle of wu wei, which suggests that true action arises from non-action, and that the most effective way to achieve balance is to allow it to emerge naturally.

#### Spiritual Balance
In spiritual traditions, balance is often associated with the concept of equilibrium between the material and the divine, the self and the universe. It is about finding a sense of inner peace that is not dependent on external circumstances, and recognizing that our true nature is one of wholeness and unity. Spiritual balance is the realization that we are both part of something greater and yet complete within ourselves.

---

### The Pursuit of Balance

The pursuit of balance is not a destination but a journey—one that requires constant adjustment, self-awareness, and a willingness to embrace change. It is a reminder that life is not meant to be static; it is meant to be dynamic, fluid, and ever-evolving. Balance is not about achieving perfection but about finding a state of being that feels right for us in any given moment.

In the end, balance is not something we find; it is something we create. It is the art of living, the dance of existence, and the harmony that emerges when we learn to navigate the complexities of life with grace and mindfulness.

So, let us embrace the pursuit of balance, knowing that it is not a destination but a way of being—a constant reminder that life, in all its beauty and chaos, is a delicate and wondrous dance.

--- 

What are your thoughts on balance? How do you strive to achieve it in your own life? [end of text]


