The most strategically prudent course of action for Marco is to **accept the commission, procure the Medici-sourced lapis lazuli through discreet intermediaries while maintaining plausible deniability, and frame the acquisition as an act of *virtù* and resourcefulness that ultimately serves the Albizzi's honor—thereby strengthening his *reputazione* as a master artisan bound by loyalty to his patrons.**

### Why This Course is Prudent:

#### 1. **Refusal or Obvious Defiance Destroys *Clientela* and *Reputazione***
- The *clientela* system binds artisans to powerful patrons like the Albizzi. Refusing the commission or failing to use the specified material would be seen as defiance, inviting punitive retaliation (fines, blacklisting, legal action).
- The Albizzi’s contract likely includes severe penalties for non-compliance. Marco’s livelihood depends on his reputation for reliability.
- Openly sourcing from the Medici would expose disloyalty, violating the *fiducia* (trust) inherent in the patron-client relationship.

#### 2. **Procuring the Lapis Lazuli is Non-Negotiable—But Must Be Done Indirectly**
- The material is specified not just for quality, but as a *symbol* of the Albizzi’s status. Substituting it would diminish the reliquary’s value and insult the patron.
- Marco must therefore acquire the lapis, but **through covert channels**:
  - Use a neutral merchant or a Medici-aligned artisan as an unwitting or silent intermediary.
  - Arrange payment through third parties, masking the Medici connection.
  - Ensure no direct contact or written trace links him to the rival family.
- This leverages Renaissance Florence’s dense network of trade and favors, where such discreet transactions were common and expected among elites.

#### 3. **Frame the Act as *Virtù*—Demonstrating Skill, Ingenuity, and Loyalty**
- *Virtù* (excellence, resourcefulness, manly prowess) is the cardinal virtue for maintaining status.
- Marco should **publicly emphasize the difficulty and risk** he undertook to secure the "perfect" stone—perhaps hinting at perilous journeys, bribes to bandits, or overcoming scarcity—without naming the Medici.
- By transforming a potential liability (dependence on rivals) into a narrative of heroic dedication to the Albizzi’s vision, he **converts a vulnerability into a demonstration of loyalty and mastery**.
- This aligns with contemporary ideals: Castiglione’s *Courtier* praises *sprezzatura* (effortless mastery), which includes making hard tasks appear graceful.

#### 4. **Preserve *Reputazione* Through Strategic Ambiguity and Patron-Centric Outcomes**
- Marco’s *reputazione* hinges on being seen as:
  - **Indispensable** to elite patrons (by delivering the impossible),
  - **Discreet** (never exposing the Medici link),
  - **Unquestioningly loyal** (prioritizing the Albizzi’s honor above all).
- If rumors of Medici involvement surface, Marco must be prepared with a **plausible, Albizzi-flattering explanation**—e.g., the stone was "liberated" from corrupt middlemen, or he used a long-forgotten cache predating the feud.
- The Albizzi, pragmatic in their own interests, may prefer not to know the truth if the outcome glorifies them.

#### 5. **Long-Term Positioning: From Artisan to Trusted *Confidant***
- Successfully navigating this crisis positions Marco not just as a craftsman, but as a **discreet problem-solver**—a valuable *virtù* in a society rife with factional tension.
- Future commissions may follow, and his reputation for delivering under pressure (while respecting the *rules of the game*) will attract other elite patrons.
- He avoids becoming collateral damage in the Albizzi-Medici rivalry by never forcing the patron to choose between punishing him or admitting their own dependence on rivals.

---

### Conclusion:
Marco’s optimal strategy is **covert compliance elevated into a performance of *virtù***. By securing the lapis lazuli through hidden channels, then publicly celebrating the achievement as a testament to his devotion and skill, he fulfills the contract while reinforcing the very social bonds that protect him. This transforms a dangerous dilemma into an opportunity to enhance his standing—proving that in Renaissance Florence, *how* one serves is as critical as the service itself. The silence about the Medici role is not deception, but **necessary discretion in a society where loyalty is performative, reputation is currency, and *virtù* is survival**. [end of text]


