In the context of 15th-century Florence, Marco’s dilemma is deeply intertwined with the political, social, and economic realities of *città* life, where reputation (*reputazione*), loyalty (*clientela*), and personal ambition (*virtù*) are paramount. Given the stakes—fulfilling a prestigious commission while avoiding the wrath of the Albizzi—Marco must navigate this carefully. Here’s a strategically prudent course of action, grounded in Renaissance Florentine norms:

---

### **1. Assess the Risks and Rewards**
   - **Albizzi’s Power**: The Albizzi are a dominant family in Florence, and their contracts are binding under the *consorteria* (guild-like alliances) and the broader social contract of Florentine society. Breaking a contract or being seen as disloyal could lead to ostracism, loss of future commissions, or worse—physical harm (e.g., exile, imprisonment, or assassination, as seen in the case of the Pazzi conspiracy).
   - **Medici’s Control**: The Medici control the lapis lazuli supply, making them a critical intermediary. However, the Medici are also rivals of the Albizzi, and their own reputation hinges on maintaining alliances. Marco must weigh whether the Medici would risk alienating the Albizzi by aiding him, or if they might exploit the situation to undermine the Albizzi further.
   - **Marco’s *Reputazione***: His standing as an artisan depends on his ability to deliver high-quality work while maintaining trust. A reputation for dishonesty or backstabbing would ruin his career.

---

### **2. Leverage *Clientela* and Indirect Alliances**
   - **Find a Mediator**: Marco should seek out a trusted intermediary—a *client* (a patron or ally) who has influence with both the Albizzi and the Medici. This could be a fellow artisan, a merchant, or even a minor noble with ties to both families. The intermediary could negotiate the acquisition of lapis lazuli under the guise of a "shared interest" (e.g., a mutual friend or a third-party buyer).
     - *Why?* Direct negotiation with the Medici would be seen as treachery by the Albizzi, but an indirect approach preserves deniability. The intermediary can frame the transaction as a business deal rather than a personal betrayal.
   - **Appeal to Shared Economic Interests**: If the intermediary is a merchant, Marco could argue that the Medici’s monopoly on lapis lazuli is stifling competition. This might make the Medici more willing to supply him discreetly, as it could weaken the Albizzi’s leverage over other artisans.

---

### **3. Create a Plausible Deniability**
   - **Misrepresent the Source**: If Marco must acquire the lapis lazuli directly, he could claim it was obtained through a "rare opportunity" (e.g., a deceased merchant’s estate, a foreign trader’s shipment, or a "lost" shipment that resurfaced). This avoids direct accusation of collusion with the Medici.
     - *Why?* Florentine society values *virtù* (cunning and adaptability), and a well-crafted lie that holds up under scrutiny is often better than the truth if it protects one’s standing.
   - **Use a False Flag**: If possible, Marco could commission the lapis lazuli through a third party (e.g., a lesser-known artisan or a foreign buyer) and have it delivered to him indirectly. This way, the Albizzi cannot trace the source back to him.
     - *Why?* The Albizzi would be more likely to investigate Marco’s own workshop than a convoluted supply chain.

---

### **4. Prepare for Contingencies**
   - **Build a Backup Plan**: If the lapis lazuli cannot be obtained, Marco should have a substitute material (e.g., cheaper but high-quality alternatives like azurite or a different gemstone) ready. This ensures he can fulfill the commission without relying solely on the Medici’s goodwill.
     - *Why?* The Albizzi would expect a flawless product. If Marco can deliver something comparable, they may not suspect foul play.
   - **Cultivate Multiple Patrons**: Diversifying his client base (e.g., securing commissions from the Medici or other powerful families) reduces his dependence on the Albizzi. This gives him leverage if he needs to "play both sides" in the future.
     - *Why?* In Florentine politics, no single patron is reliable. Marco’s survival depends on maintaining a web of alliances.

---

### **5. Manage Perception and Reputation**
   - **Publicly Affirm Loyalty to the Albizzi**: Marco should ensure that his public statements and actions reinforce his devotion to the Albizzi. This could include:
     - Attending their banquets or religious events.
     - Praising their patronage in public forums (e.g., guild meetings, churches).
     - Commissioning other work for them to show his commitment.
     - *Why?* In Florentine society, *reputazione* is everything. If the Albizzi suspect Marco of disloyalty, they will act preemptively to discredit him before he can act against them.
   - **Avoid Direct Conflict**: Marco should never openly challenge the Albizzi’s authority or accuse them of wrongdoing. Instead, he should navigate the situation with silence or indirect maneuvering.
     - *Why?* Direct confrontation is dangerous. The Albizzi’s ruthlessness is legendary (e.g., the expulsion of the Medici in 1434), and Marco’s life could be at risk if he appears to be a threat.

---

### **6. Consider the Long-Term Strategic Play**
   - **Weaken the Albizzi’s Monopoly**: If Marco can subtly undermine the Albizzi’s control over artisans (e.g., by securing supplies from other sources), he might position himself as a valuable asset to a rival faction (e.g., the Medici or another powerful family) in the future.
     - *Why?* Florentine politics is a zero-sum game. Marco’s best long-term strategy is to ensure he is indispensable to multiple players, not just one.
   - **Wait for a Favorable Shift in Power**: If the Medici are gaining influence (e.g., through political maneuvering or economic strength), Marco might bide his time until the Albizzi’s grip weakens. This could make it safer to negotiate with the Medici.
     - *Why?* The Medici’s rise in the 1430s–1450s shows that power dynamics shift. Marco should not act in haste but instead wait for the right moment.

---

### **7. The Most Strategically Prudent Course: A Hybrid Approach**
Given these considerations, Marco’s best course of action is likely a **combination of indirect negotiation and reputation management**:
   1. **Secure the Lapis Lazuli Through a Trusted Intermediary**:
      - Find a merchant or artisan with ties to both the Albizzi and the Medici. This person could act as a go-between, framing the transaction as a "business opportunity" rather than a personal favor.
      - If possible, use a third-party buyer (e.g., a foreign merchant) to obscure the Medici’s involvement.
   2. **Create Plausible Deniability**:
      - If direct negotiation is unavoidable, Marco should claim the lapis lazuli was obtained through an "unexpected" source (e.g., a deceased merchant’s estate) to avoid direct accusation.
   3. **Publicly Reinforce Loyalty to the Albizzi**:
      - Attend their events, praise their patronage, and ensure his public image remains untarnished.
   4. **Prepare a Backup Plan**:
      - Have a substitute material ready in case the lapis lazuli cannot be obtained, ensuring he can deliver a comparable product.
   5. **Diversify His Patronage**:
      - Secure commissions from other powerful families (e.g., the Medici, Strozzi, or Riccardi) to reduce his dependence on the Albizzi.

---
### **Why This Works**
- **Preserves *Reputazione***: By avoiding direct collusion with the Medici and maintaining public loyalty to the Albizzi, Marco protects his standing in Florentine society.
- **Reduces Risk**: Indirect negotiation and plausible deniability minimize the chance of discovery, while a backup plan ensures he can fulfill the commission even if the primary source fails.
- **Leverages *Virtù***: Marco’s cunning and adaptability (*virtù*) allow him to navigate the treacherous political landscape without openly betraying the Albizzi.
- **Positions Him for the Future**: By diversifying his alliances and preparing

