In 15th-century Florence, Marco's strategic predicament requires careful navigation of the complex social and economic structures that governed artisan life. The most prudent course of action for Marco, given his goals of fulfilling the commission and protecting his long-term livelihood, would be to **secure the lapis lazuli through discreet, indirect means while maintaining plausible deniability**.

Here's why this approach is strategically optimal under Florentine Renaissance norms:

## The Strategic Approach

**1. Indirect Acquisition Through Third Parties**
Marco should arrange for the lapis lazuli to be procured through a trusted intermediary—a fellow artisan, merchant, or even a minor client—who can negotiate with Medici agents. This preserves Marco's direct involvement while maintaining his reputation as a loyal Albizzi contractor.

**2. Leveraging Clientela Networks**
Marco should utilize his existing *clientela* relationships to find someone with legitimate business ties to the Medici. This could be a fellow craftsman who has worked for Medici patrons, or a merchant with established trade connections. The transaction would appear to be a normal commercial exchange rather than a direct negotiation.

**3. Maintaining Reputational Integrity**
By avoiding direct contact with Medici agents, Marco preserves his *reputazione* as a loyal servant of the Albizzi. In Florentine society, reputation was paramount—*reputazione* was the foundation of one's social and economic standing. Direct involvement with a rival family would immediately damage his standing.

## Why This Approach Works Within Florentine Norms

**The Concept of Virtù:**
Marco's *virtù* (personal excellence and moral character) is demonstrated not by avoiding difficult situations, but by navigating them skillfully while maintaining honor. His *virtù* is shown in his ability to solve the problem without compromising his loyalty or reputation.

**The Importance of Reputazione:**
Florentine society placed enormous value on *reputazione*. Marco's reputation as a reliable, loyal artisan is his most valuable asset. Directly negotiating with the Medici would immediately mark him as disloyal, potentially leading to the loss of future commissions and social standing.

**Clientela and Social Networks:**
The *clientela* system meant that Marco's success depended on maintaining good relationships with his patrons. The Albizzi's ruthless enforcement of contracts meant that any perceived disloyalty would be severely punished. By using indirect methods, Marco maintains his position within the *clientela* structure.

## The Practical Implementation

Marco could:
- Approach a trusted fellow artisan who has Medici connections
- Use a legitimate merchant who trades with Medici-controlled territories
- Arrange for a minor transaction that appears unrelated to the commission
- Ensure all documentation and communication is conducted through intermediaries

This approach allows Marco to:
1. **Successfully complete the commission** with the required materials
2. **Maintain his reputation** as a loyal Albizzi contractor
3. **Preserve his social standing** within Florentine artisan circles
4. **Avoid direct confrontation** with either family's enforcement mechanisms

The key insight is that in Renaissance Florence, success often required not just skill, but the ability to navigate complex social relationships while maintaining the appearance of loyalty and integrity. Marco's *virtù* would be demonstrated not by avoiding the challenge, but by solving it in a way that preserved his position within the social hierarchy.

This strategy reflects the sophisticated understanding of power dynamics and social maneuvering that characterized Florentine Renaissance society, where success often depended on the ability to work within constraints while maintaining one's reputation and position. [end of text]


