Based on the intricate social and political fabric of 15th-century Florence, the most strategically prudent course of action for Marco is to **publicly feign inability to locate the specific stone while privately securing the lapis lazuli through a neutral, third-party intermediary (a *mercante* or banker with no direct Medici affiliation), and then presenting the finished work as the result of a "miraculous discovery" or a fortuitous anonymous donation.**

Here is the detailed reasoning for this strategy, analyzed through the lenses of *clientela*, *virtù*, and *reputazione*.

### 1. Managing *Clientela* (The Client-Patron Bond)
In Renaissance Florence, the relationship between an artisan and a patron was not merely transactional; it was a form of *clientela*. The patron (Albizzi) provided protection and status, while the client (Marco) provided loyalty and service.

*   **The Trap:** If Marco openly negotiates with the Medici, he violates the exclusivity of his bond with the Albizzi. In the hyper-partisan atmosphere of Florence, interacting with a rival family for business could be interpreted as political fraternization or espionage.
*   **The Solution:** By using a neutral intermediary—perhaps a foreign merchant from Genoa or a Florentine banker with ties to the Church—Marco creates a layer of *plausible deniability*. He technically does not break bread with the enemy. He fulfills his material obligation to the Albizzi (the specific stone) without violating his social obligation to shun their rivals.

### 2. Preserving *Reputazione* (Reputation)
*Reputazione* was the currency of the artisan. It encompassed not just skill, but reliability, piety, and social standing.

*   **The Risk of Refusal:** If Marco tells the Albizzi he cannot get the stone because the Medici control the mine, he appears incompetent or weak. In a culture that valued *virtù* (manly excellence and capability), admitting defeat to a rival family's blockade would damage his standing as a master craftsman.
*   **The Risk of Discovery:** If he is caught dealing directly with a Medici agent, his reputation as a loyal Florentine is destroyed. He would be branded a mercenary without honor.
*   **The Solution:** Securing the stone through a back channel allows Marco to present the finished reliquary as a triumph of his resourcefulness. By framing the acquisition as a "fortunate find" (perhaps claiming a stash of the specific lapis was found in an old merchant’s inventory), he protects his reputation for competence while keeping his hands clean of Medici association.

### 3. Exercising *Virtù* (Ingenuity and Force of Character)
*Virtù* was the ability to shape one's destiny through skill, intelligence, and boldness, as opposed to being a victim of *fortuna* (fortune/luck).

*   **The Application:** A man of *virtù* does not say "I cannot" because of political obstacles. He finds a way. By navigating the black market or using intermediaries to bypass the Medici-Albizzi rivalry, Marco demonstrates the cunning and adaptability expected of a great Renaissance artist.
*   **The Narrative:** When he delivers the reliquary, he can privately hint to the Albizzi that acquiring the stone required "great discretion and effort." This flatters the Albizzi, suggesting that Marco went to the ends of the earth for them, reinforcing their status as patrons powerful enough to command the impossible.

### Why this is the *only* viable option
*   **Refusing the commission** is impossible; rejecting a powerful family like the Albizzi is social and professional suicide.
*   **Using a substitute stone** violates the contract and insults the Albizzi's taste, implying they cannot distinguish quality or that he is defying their specific will.
*   **Direct negotiation** is too dangerous; the risk of the Medici exposing him (to embarrass the Albizzi) or the Albizzi discovering him is too high.

### Summary
Marco must act with the **subtlety of a diplomat and the cunning of a spy**. He must fulfill the material requirement (the Medici lapis) while completely obscuring the method of acquisition. By delivering the desired object through a neutral channel, he satisfies the Albizzi's demand for specific luxury, upholds his *virtù* as a solver of impossible problems, and maintains his *reputazione* as a loyal client, thereby ensuring his survival and prosperity in Florence’s cutthroat society. [end of text]


