To answer this question, we must consider the intricate web of social, economic, and political relationships that defined 15th-century Florence, particularly during the height of the rivalry between the Albizzi and Medici families. Let’s break down the key concepts and how they apply to Marco’s predicament:

### Key Concepts

#### 1. **Clientela**
*Clientela* refers to the system of patronage and reciprocal obligations that structured Florentine society. An artisan like Marco is a client of the Albizzi family, who are his patrons. In return for their patronage (the commission), Marco is expected to provide loyalty, skill, and, crucially, results. Breaching this trust could mean loss of future commissions and social ostracism.

#### 2. **Virtù**
*Virtù* is a Renaissance ideal meaning resourcefulness, cunning, and the ability to navigate and even manipulate circumstances to one’s advantage. It is not just brute strength or ruthlessness, but the capacity to act decisively and shrewdly in complex situations.

#### 3. **Reputazione**
*Reputazione* is one’s reputation or standing in the community. In Florence, a good reputation was vital for an artisan’s success, attracting future commissions and ensuring social respectability. Scandal or perceived disloyalty could ruin Marco’s *reputazione*.

---

### Marco’s Dilemma

Marco is caught between two powerful families:
- The **Albizzi**, his direct patrons, who expect loyalty and secrecy.
- The **Medici**, who control the only source of the required lapis lazuli.

If he is discovered negotiating with the Medici, the Albizzi may see it as a betrayal and punish him severely. However, if he cannot obtain the lapis, he cannot fulfill the commission and will lose the Albizzi’s patronage and possibly his reputation.

---

### Strategic Analysis

#### Option 1: Attempt to Find an Alternative Source
- **Feasibility:** The problem states the lapis is from a *specific* Medici-controlled mine, implying no viable alternative.
- **Risk:** If he fails to deliver, he risks the wrath of the Albizzi and loss of future work.

#### Option 2: Secretly Negotiate with the Medici
- **Necessity:** To fulfill the commission, this is likely unavoidable.
- **Risk:** Discovery by the Albizzi could lead to severe punishment or even physical harm.
- **Opportunity:** If handled with great care, Marco could maintain secrecy and deliver the reliquary as promised.

#### Option 3: Attempt to Deceive Both Parties
- For example, by substituting the lapis or falsifying documentation.
- **Risk:** If discovered, the consequences from either family could be even more severe, and Marco’s *reputazione* would be ruined.

---

### Applying Renaissance Norms

#### **Virtù in Action**
A man of *virtù* would not act rashly but would use cunning, discretion, and intermediaries. He would seek to fulfill his obligations to the Albizzi while navigating the dangerous politics between the two families.

#### **Prudent Steps for Marco:**
1. **Use an Intermediary or Go-Between:**  
   Engage a trusted, discreet third party—a fellow artisan, a less prominent member of his workshop, or a neutral merchant—to approach the Medici agent. This provides a layer of deniability.

2. **Maintain Absolute Secrecy:**  
   Ensure that no one connected directly to the Albizzi knows of the arrangement. Use coded language, indirect references, and ensure payments are made through intermediaries.

3. **Leverage Mutual Interest:**  
   The Medici may appreciate the opportunity to profit from the Albizzi’s commission, even if indirectly. Marco could appeal to the Medici agent’s self-interest, offering a discreet arrangement that benefits both parties without direct association.

4. **Prepare a Contingency Plan:**  
   Should the Albizzi suspect anything, Marco should have a plausible story ready—perhaps that the lapis was obtained through a distant relative or another source, if such a story can be credibly constructed.

5. **Deliver Exceptional Work:**  
   By exceeding expectations in the quality of the reliquary, Marco can reinforce his *reputazione* and make it less likely the Albizzi will scrutinize the details of his work too closely.

6. **Maintain Discretion in the Future:**  
   If the commission is successful and the secret remains hidden, Marco should be even more circumspect in future dealings, perhaps seeking to cultivate relationships with both families to reduce dependence on either.

---

### Conclusion

**The most strategically prudent course for Marco is to secretly negotiate with the Medici agent through intermediaries, ensuring absolute discretion and maintaining a plausible deniability. He should deliver the commission flawlessly and, if possible, enhance his reputation through the quality of his work. This approach leverages *virtù*—resourcefulness and cunning—while minimizing the risk to his *reputazione* and physical safety, and maintaining the delicate balance of *clientela* in Florentine society.**

By acting with subtlety and prudence, Marco can fulfill his obligations to the Albizzi, avoid their wrath, and preserve his standing and future prospects in a society where reputation and political acumen are as valuable as craftsmanship itself. [end of text]


