This is a fantastic scenario highlighting the complex social and political landscape of 15th-century Florence. Marco’s situation is a delicate balancing act, and his most strategically prudent course of action isn’t simply about acquiring the lapis lazuli; it’s about navigating the intricate web of relationships and reputations. Here’s a breakdown of his best approach, considering *clientela*, *virtù*, and *reputazione*:

**1. Understanding the Core Dynamics – The Layers of Risk:**

* **Albizzi’s Ruthlessness:** They aren’t just enforcing contracts; they’re demonstrating power and establishing a precedent.  Punishment for disloyalty could range from financial ruin to physical harm – a serious threat to an artisan’s livelihood.
* **Medici’s Control:** The Medici’s monopoly on the lapis lazuli isn’t just about price; it’s about control and influence.  Direct confrontation is almost certainly a losing proposition.
* **Florentine Society (Clientela & Virtù):**
    * **Clientela:** Marco needs to cultivate and maintain relationships with powerful patrons – not just the Albizzi, but potentially others who can offer protection or influence. This is about reciprocal obligations and demonstrating value.
    * **Virtù:** *Virtù* isn’t just about moral goodness; it’s about skill, cunning, and the ability to navigate difficult situations with grace and intelligence.  Marco needs to project an image of *virtù* – a man capable of achieving difficult goals through cleverness, not brute force.
    * **Reputazione:** Maintaining a good reputation is *everything*.  A damaged *reputazione* can destroy an artisan’s career.


**2. Marco’s Strategic Course of Action – A Multi-Pronged Approach:**

* **Initial Deference & Strategic Silence (Phase 1: Observation & Assessment):** Marco’s immediate response should be to *fully* accept the commission from the Albizzi. He needs to demonstrate unwavering loyalty and enthusiasm. Simultaneously, he must subtly gather information. This includes:
    * **Observing Albizzi behavior:**  How do they interact with the Medici? What are their vulnerabilities? Who are the key figures within the family?
    * **Networking discreetly:**  He should attend social events, subtly engaging with other artisans, merchants, and even minor officials, building a network of contacts.
* **The Medici Negotiation – A Calculated Risk (Phase 2: Controlled Engagement):**  Marco *must* acquire the lapis lazuli, but not through direct confrontation. He needs a discreet intermediary – ideally someone already connected to the Medici, perhaps a merchant or a minor courtier. This intermediary should be paid handsomely, but the payment should be structured to appear as a legitimate business transaction, not a bribe.  Crucially, Marco should *not* reveal the Albizzi’s involvement.
* **Cultivating a Secondary Patron (Phase 3: Diversification & Protection):** This is the most critical element. Marco needs to identify and cultivate a *secondary* patron – someone who isn’t directly aligned with the Albizzi or Medici. This could be a wealthy merchant, a prominent humanist scholar, or even a member of a different, less powerful noble family.  This patron provides:
    * **Financial Security:**  A backup source of income if the Albizzi become suspicious.
    * **Political Leverage:**  The patron can potentially intervene on Marco’s behalf if trouble arises.
    * **A Shield of *Reputazione*:**  Association with a respected patron enhances Marco’s own *reputazione*.
* **Subtle Demonstrations of *Virtù* (Throughout):** Marco should consistently demonstrate his skill and dedication to the commission, but without arrogance. He should be willing to accept challenges and demonstrate his ability to overcome obstacles – subtly showcasing his *virtù* without drawing undue attention.
* **Maintaining a Low Profile with the Albizzi:**  Marco should continue to be deferential and agreeable, but avoid any actions that could be interpreted as disloyal or overly ambitious.  He needs to appear as a skilled craftsman, not a scheming politician.



**Why this is the most prudent approach:**

This strategy prioritizes long-term survival and reputation over immediate gain. It acknowledges the power dynamics at play and seeks to navigate them through a combination of diplomacy, strategic alliances, and calculated risk.  Directly challenging the Albizzi or Medici would almost certainly lead to ruin. By focusing on building relationships, cultivating a secondary patron, and demonstrating *virtù* through skillful execution, Marco significantly increases his chances of fulfilling the commission, protecting his livelihood, and maintaining his standing within Florentine society.

---

Do you want me to delve deeper into any specific aspect of this strategy, such as:

*   The potential risks involved in each phase?
*   Specific types of intermediaries Marco might use?
*   How Marco might subtly demonstrate *virtù*? [end of text]


