 In 15th-century Florence, navigating the complex web of political and social alliances was crucial for survival and success. Given the context, Marco must balance fulfilling the commission with maintaining his reputation and ensuring his long-term livelihood. Here’s a strategically prudent course of action for Marco:

### 1. **Discreet Negotiation with the Medici**
Marco should discreetly negotiate with a Medici agent to acquire the lapis lazuli. This negotiation must be conducted with utmost secrecy to avoid drawing the Albizzi's attention. The Medici, being a powerful family, might be willing to engage in such a transaction if they see an advantage, such as gaining leverage over the Albizzi or simply profiting from the sale.

### 2. **Maintain Plausible Deniability**
Marco should ensure that any dealings with the Medici are conducted through intermediaries or in a manner that cannot be directly traced back to him. This will help maintain plausible deniability if the Albizzi ever question his loyalty.

### 3. **Leverage *Clientela* Relationships**
Marco can leverage his existing *clientela* relationships to find a trusted intermediary who can handle the negotiations with the Medici. This intermediary should be someone who understands the delicate political landscape and can be trusted to keep the transaction confidential.

### 4. **Demonstrate *Virtù* in His Work**
Marco should focus on demonstrating his *virtù* (excellence and skill) in creating the reliquary. By producing a masterpiece, he can impress the Albizzi and potentially mitigate any suspicions they might have about his dealings. Excellent craftsmanship can also enhance his *reputazione*, making him more valuable to both the Albizzi and other potential patrons.

### 5. **Maintain Transparency with the Albizzi**
While keeping the specifics of the lapis lazuli acquisition secret, Marco should maintain transparency with the Albizzi regarding the progress of the reliquary. Regular updates and demonstrations of his commitment to the project will help build trust and reduce the likelihood of suspicion.

### 6. **Seek Legal or Contractual Protection**
If possible, Marco should seek legal or contractual protection that outlines the specific requirements of the commission, including the use of the rare lapis lazuli. This can provide a layer of defense if the Albizzi question his methods.

### 7. **Cultivate Alternative Patrons**
To safeguard his long-term livelihood, Marco should cultivate relationships with other potential patrons. This diversification can protect him from the whims of any single powerful family and provide a safety net if his dealings with the Albizzi or Medici go awry.

### Why This Approach is Prudent:
- **Discretion and Plausible Deniability**: Protects Marco from direct accusations of disloyalty.
- **Leveraging Relationships**: Utilizes existing networks to navigate the complex political landscape.
- **Demonstrating Excellence**: Enhances Marco’s reputation and value, making him less expendable.
- **Transparency and Protection**: Builds trust with the Albizzi and provides legal cover.
- **Diversification**: Ensures long-term stability and reduces dependence on a single patron.

By following this strategy, Marco can fulfill the commission while minimizing the risks to his reputation and livelihood in the intricate and often treacherous world of Florentine Renaissance society. [end of text]


