In the complex, high-stakes world of 15th-century Florence, where power, reputation, and patronage are interwoven with artistry and survival, Marco’s situation demands a delicate balance of *virtù*, *reputazione*, and strategic *clientela* management. Given his dual objectives—fulfilling the Albizzi commission *and* preserving his long-term livelihood and standing—his most strategically prudent course of action is:

> **To discreetly acquire the lapis lazuli through a carefully orchestrated, deniable transaction with a Medici agent, while simultaneously cultivating a plausible, morally defensible narrative that positions his actions as necessary for artistic excellence and the greater glory of the Albizzi family—thereby preserving his *reputazione* and securing future patronage from both families.**

### Why This Is the Optimal Strategy:

#### 1. **Respect for the Contract (Virtù and *Reputazione*)**
Marco’s primary obligation is to deliver a masterpiece that meets the Albizzi’s exacting standards. Failure to do so—due to lack of materials—would be a catastrophic breach of *virtù* (the Renaissance ideal of skill, courage, and effectiveness) and would destroy his *reputazione* (reputation), which is the foundation of any artisan’s career. The Albizzi are known for punishing disloyalty, but they are also deeply invested in prestige. If Marco can deliver a reliquary of unmatched beauty—especially one that showcases the rare, luminous lapis lazuli—his *virtù* will be celebrated, and his *reputazione* will be elevated, even if the means are shadowy.

#### 2. **The Necessity of the Medici Connection: *Clientela* and Realpolitik**
The Medici control the lapis lazuli supply, not by accident but by design—this is part of their broader network of economic and political influence. To bypass them would be to defy a powerful patronage system. By engaging a Medici agent *in secret*, Marco is not betraying the Albizzi; he is navigating the *real* power structure of Florence. In Renaissance Florence, *clientela* is not just about loyalty—it’s about survival. The Medici are not merely rivals; they are the *de facto* rulers of the city’s economy and culture. To ignore their influence is to court disaster.

However, Marco must act with *virtù*—not through open defiance, but through cunning and discretion. He must ensure that:
- The transaction is anonymous (e.g., through a third party, a trusted merchant, or a Medici agent who operates in the shadows).
- The lapis is acquired without leaving a paper trail or implicating himself directly.
- The Albizzi remain unaware of the Medici connection—this is critical.

#### 3. **Narrative Control: Protecting *Reputazione***
If discovered, Marco’s actions could be framed as treachery. But if handled correctly, he can reframe the narrative:
- He can claim that the lapis lazuli was *unusually difficult to source*, and that he had to go to great lengths to secure it—perhaps even traveling to distant mines or negotiating with foreign traders—without naming the Medici.
- He can emphasize that the *quality* of the lapis was essential to the reliquary’s spiritual and artistic power, and that he chose the best possible material to honor the Albizzi’s legacy.
- He can subtly suggest that the Albizzi’s own wealth and influence were instrumental in securing the rare material—implying that their status, not his own actions, made the acquisition possible.

This narrative allows Marco to appear as a loyal, resourceful artisan who went above and beyond—not a traitor.

#### 4. **Long-Term *Clientela* and Future Patronage**
By successfully completing the reliquary with the finest materials, Marco will earn the admiration of the Albizzi—*if* they believe he acted loyally. But more importantly, he will have quietly earned the *respect* of the Medici. Even if they never acknowledge his role, they will remember an artisan who understood the rules of the game: one who could deliver under pressure, who knew when to bend the rules, and who did so without causing scandal.

This opens the door to future commissions from the Medici or their allies—without ever having to declare allegiance. In Renaissance Florence, *indirect* patronage is often more valuable than direct. Marco’s ability to operate in the shadows, while delivering visible results, makes him a *valuable asset*—not a threat.

#### 5. **The Risk of Inaction: A Career-Ending Mistake**
If Marco refuses to acquire the lapis lazuli—either out of fear or principle—he risks:
- Delivering a subpar reliquary, which would damage his *reputazione*.
- Being seen as incompetent or disloyal by the Albizzi.
- Losing future commissions, even from other powerful families who value *virtù* and results.

In a society where *reputazione* is everything, failure to deliver is worse than deception.

---

### Conclusion:
Marco’s most strategically prudent course is to **acquire the lapis lazuli through a discreet, deniable transaction with a Medici agent, while crafting a narrative that frames his actions as necessary for artistic excellence and loyalty to the Albizzi**. This approach:
- Upholds *virtù* by ensuring the reliquary’s success.
- Respects the *clientela* system by navigating, not defying, the Medici’s power.
- Protects his *reputazione* by avoiding exposure and maintaining plausible deniability.
- Secures his long-term standing by positioning himself as a master of the political and economic realities of Renaissance Florence.

In the end, Marco’s true *virtù* lies not in moral purity, but in his ability to *survive and thrive*—not by choosing sides, but by mastering the art of *necessary discretion*. [end of text]


