### 1. Main Thesis
The text argues that God is an all-encompassing mechanism or law that creates every possibility, including both joy and suffering, rather than a personal deity with human emotions. It posits that human suffering and the perception of evil are ultimately subjective choices made by individuals who select specific perspectives and experiences within God's infinite creation. Consequently, the author suggests that recognizing this agency allows one to change their reality, as the belief in suffering is a choice that can be altered at any moment.

### 2. Do you agree?
I do not fully agree, primarily because the text conflates the *existence* of objective suffering with the *perception* of it. While it is true that our subjective experience is filtered through our consciousness, claiming that a person experiencing genocide, torture, or starvation has "chosen" their suffering ignores the reality of external constraints, trauma, and the lack of agency many victims face. The argument that one can simply "move" or change their mind to escape suffering risks minimizing the profound, often involuntary nature of human pain and the systemic forces that cause it.

### 3. Short Poem

In God's vast law, all things are spun,
A mechanism where all is done.
Not love like ours, but vast and deep,
Where every path and choice we keep.

We are the vessels, small and bright,
To taste the dark and taste the light.
The pain we feel, the tears we shed,
Are shadows cast by what we've said.

For in the end, the view is ours,
To choose the joy or choose the hours.
The tiger doll may seem so real,
But wake and see the truth reveal.

You chose the place, you chose the time,
To walk the path of space and rhyme.
If suffering stands before your eyes,
You hold the key to open skies. [end of text]


