# 1. 銀包

(a) 我個銀包唔見咗，入面有身份證同埋五百蚊現金。
(b) 佢成日將銀包放喺後褲袋，好容易畀人扒。
(c) 呢個銀包係我阿媽送畀我嘅生日禮物，好有紀念價值。

# 2. 睇怕

(a) 睇怕今晚會落大雨，你記得帶遮出門呀。
(b) 佢遲到成個鐘，睇怕唔會嚟㗎喇。
(c) 睇怕呢間舖頭執笠啦，成日都冇乜客。

# 3. 陰功

(a) 個細路仔跌親喊到收唔到聲，真係陰功。
(b) 佢病到咁重都冇人照顧，好陰功。
(c) 陰功囉，隻狗仔畀人遺棄喺街邊。

# 4. 暗諷

(a) 佢講嘢成日暗諷人，聽到都幾難受。
(b) 篇文章暗諷政府施政失當，引起好大迴響。
(c) 佢表面上讚你，其實係暗諷你唔夠資格。

# 5. 居心叵測

(a) 佢突然對你咁好，睇嚟居心叵測，你要小心啲。
(b) 呢個人成日喺老闆面前講你壞話，明顯居心叵測。
(c) 佢借錢畀你之後，不停要你幫手做嘢，真係居心叵測。

# 6. 分贓

(a) 班賊仔搶完金舖之後，喺荒廢嘅工廠分贓。
(b) 佢哋兩兄弟為咗分贓不均而反臉。
(c) 警察趕到現場嗰陣，佢哋正喺度分贓。

# 7. 防災

(a) 政府呼籲市民做好防災措施，應對即將來臨嘅颱風。
(b) 呢個商場定期舉行防災演習，確保員工知道點樣疏散。
(c) 防災意識要提高，唔好等到出事先後悔。

# 8. 炸粉

(a) 炸雞髀之前要蘸勻炸粉，先會脆卜卜。
(b) 呢隻牌子嘅炸粉炸出嚟特別鬆化。
(c) 我唔小心將成包炸粉倒瀉咗，要再去買過。

# 9. 振夫綱

(a) 佢成日畀老婆鬧，想振夫綱都振唔到。
(b) 佢話要振夫綱，結果仲係要聽老婆話。
(c) 舊時啲男人好重視振夫綱，唔想畀人話怕老婆。

# 10. 監守自盜

(a) 個保安員監守自盜，偷咗公司成幾十萬貨物。
(b) 銀行職員監守自盜，將客戶嘅錢轉去自己戶口。
(c) 佢身為會計，竟然監守自盜，挪用公款去賭錢。 [end of text]


