# 1. 銀包

(a) 我出門口太急，唔記得帶銀包，結果連巴士都坐唔到。
(b) 佢喺街市買餸嗰陣，唔小心俾人扒咗個銀包。
(c) 哥哥個銀包係真皮造嘅，價錢一啲都唔平。

# 2. 睇怕

(a) 個天黑墨墨咁，睇怕就嚟會落大雨咯。
(b) 佢今次考試成績咁差，睇怕要留班啦。
(c) 件事搞成咁，睇怕佢哋兩個好難再合作落去。

# 3. 陰功

(a) 架車撞完隻狗就走咗去，真係陰功。
(b) 佢咁細個就冇咗阿爸阿媽，真係陰功豬咯。
(c) 做人唔好咁陰功，否則會有報應㗎。

# 4. 暗諷

(a) 佢喺會議上面講咗好多說話，暗諷嗰個唔做事嘅同事。
(b) 呢篇文章表面上係讚美，其實係暗諷時弊。
(c) 佢成日都鍾意用暗諷嘅方式嚟批評人，真係令人討厭。

# 5. 居心叵測

(a) 呢個人突然對你咁好，肯定係居心叵測，你要小心啲呀。
(b) 佢哋成班人喺度密謀，睇落去已經係居心叵測。
(c) 呢個計劃聽落好吸引，但其實係居心叵測，想呃你啲錢啫。

# 6. 分贓

(a) 班賊搶完銀行之後，就匿埋喺舊樓度分贓。
(b) 佢哋為咗分贓不均，竟然打起上嚟。
(c) 警方喺現場拘捕咗幾個涉嫌分贓嘅疑犯。

# 7. 防災

(a) 我哋平時要做好防災工作，唔好等到意外發生先至後悔。
(b) 政府每年都會舉辦防災演習，提高市民嘅警覺性。
(c) 呢個防災包入面有齊晒急救用品同埋乾糧。

# 8. 炸粉

(a) 媽媽買咗包炸粉返嚟，準備今晚整炸雞翼俾我哋食。
(b) 呢隻牌子嘅炸粉炸出嚟嘅嘢食特別脆口。
(c) 你開咗包炸粉之後，記得要封好個袋口，唔好俾佢受潮。

# 9. 振夫綱

(a) 佢老婆惡到出晒名，佢想振夫綱都冇辦法啦。
(b) 佢喺屋企俾老婆鬧到頭都抬唔起，仲講話要振夫綱？
(c) 佢成日喺朋友面前扮大佬話要振夫綱，其實係怕老婆㗎。

# 10. 監守自盜

(a) 個會計利用職權之便監守自盜，挪用咗公司大筆公款。
(b) 佢身為管理員，竟然監守自盜，偷咗倉庫入面嘅貨。
(c) 呢單監守自盜嘅案件，令到公司損失慘重。 [end of text]


