# 1. 銀包

(a) 我出門口記住帶定銀包，唔係話食飯嗰陣唔夠錢畀。
(b) 個銀包用到咁舊都唔捨得換，話係阿嫲留低紀念品㗎。
(c) 咁多人行緊街，你要睇實個銀包呀，小心扒手。

# 2. 睇怕

(a) 睇怕今日會落大雨，我哋帶定把遮出門比較穩陣。
(b) 睇怕佢唔記得咗約會時間，我哋等多陣先算啦。
(c) 呢個計劃睇怕行唔通，我哋要諗個後備方案。

# 3. 陰功

(a) 個個都話佢做錯事，但其實佢先係最陰功嗰個，被人屈都唔識還擊。
(b) 咁細個就要出嚟幫手賺錢養家，真係陰功。
(c) 買咗個蛋糕返嚟，一唔小心跌咗落地，真係陰功。

# 4. 暗諷

(a) 佢講嗰啲說話聽落好似讚美，其實係暗諷我做得唔好。
(b) 老細喺會議度暗諷嗰幾個經常遲到嘅員工，叫佢哋自重。
(c) 佢成日喺社交網暗諷人，搞到大家都唔鍾意佢。

# 5. 居心叵測

(a) 個人突然對你咁好，肯定居心叵測，你要小心啲。
(b) 佢提議合作嗰陣個樣鬼鬼祟祟，我覺得佢居心叵測。
(c) 呢個計劃表面話係為咗大家好，其實背後居心叵測。

# 6. 分贓

(a) 班賊劫完銀行就躲喺荒郊野嶺度分贓。
(b) 佢哋以為神不知鬼不覺，點知分贓嗰陣俾差人拉咗。
(c) 呢單案入面，佢負責偷嘢，另外嗰個就負責分贓。

# 7. 防災

(a) 學校每年都會搞防災演習，教學生遇到火災點樣逃生。
(b) 政府呼籲市民要做好防災措施，儲備好食水同糧食。
(c) 喺呢個地區，防災工作一定要做好，因為好易發生水災。

# 8. 炸粉

(a) 食炸雞翼嗰陣要點啲炸粉，咁先夠味。
(b) 佢整嘅炸魚皮好特別，因為佢用咗秘製炸粉。
(c) 買炸粉要留意牌子，唔係個個牌子炸出嚟都咁脆嘅。

# 9. 振夫綱

(a) 佢老婆咁兇，佢仲想振夫綱？講笑咋嘛。
(b) 舊時嘅男人好大男人，成日都話要振夫綱。
(c) 佢喺屋企邊個都唔聽，唯有靠振夫綱嚟發洩吓。

# 10. 監守自盜

(a) 個倉務員話俾人偷嘢，其實係佢自己監守自盜。
(b) 公司發現賬目有問題，原來係會計監守自盜。
(c) 監守自盜係好嚴重嘅罪行，一旦捉到就要坐監。 [end of text]


