以下係各詞語嘅三句廣東話句子：

### 1. 銀包

(a) 佢攜帶銀包出門，覺得自己好有錢嘅感覺。
(b) 銀包滿滿嘅，點會有人偷？
(c) 佢銀包落咗地，內容物散滿地。

### 2. 睇怕

(a) 睇怕咗，點會有人敢偷你？
(b) 佢睇怕得好緊，連自己都睇唔見。
(c) 睇怕咗嘅包，仲會被偷？

### 3. 陰功

(a) 佢練好多年陰功，體質超強。
(b) 陰功練得好，病都唔易落。
(c) 佢用陰功治病，效果超級好。

### 4. 暗諷

(a) 佢暗諷我笨，點會我知道？
(b) 老師暗諷學生冇問題，但冇人聽得懂？
(c) 佢經常用暗諷批評人。

### 5. 居心叵測

(a) 佢居心叵測，想偷我東西。
(b) 你居心叵測，點會我信你？
(c) 佢個居心叵測，最終被揭露。

### 6. 分贓

(a) 盜賊分贓之後，各走各路。
(b) 佢唔肯分贓，結果被報復。
(c) 分贓不均，導致內鬥。

### 7. 防災

(a) 政府推行防災計劃，民眾安全感增強。
(b) 防災教育很重要，大家要學。
(c) 佢專門研究防災技術。

### 8. 炸粉

(a) 佢被女友炸粉，傷心好幾日。
(b) 男友出軛，女友即刻炸粉。
(c) 佢炸粉之後，立即刪除所有聯繫。

### 9. 振夫綱

(a) 佢努力振夫綱，家庭和睦。
(b) 老公失業，老婆出力振夫綱。
(c) 佢用振夫綱的方法，改善家庭關係。

### 10. 監守自盜

(a) 佢監守自盜，最終被捕。
(b) 監獄管理失敗，典獄長監守自盜。
(c) 佢任監守自盜，最終被揭露。 [end of text]


