# 1. 銀包

(a) 佢出街唔帶銀包，只帶部手機，真係夠潮。
(b) 我銀包入面嘅錢唔知點解又少咗。
(c) 你唔好成日亂擺銀包，到時唔見咗就慘。

# 2. 睇怕

(a) 今日天氣咁差，睇怕要落大雨。
(b) 佢個樣睇怕係唔開心。
(c) 睇怕我今日唔得閒，要加班。

# 3. 陰功

(a) 佢個樣真係陰功，成日黑面。
(b) 你唔好咁陰功嘅，有咩事講出嚟。
(c) 今日嘅天氣陰功到極，成日灰蒙蒙。

# 4. 暗諷

(a) 佢講嘢好有技巧，成日暗諷人但又唔會俾人捉到痛腳。
(b) 佢嗰句話係對你嘅暗諷，你唔好唔知。
(c) 你唔好成日暗諷人，會傷感情嘅。

# 5. 居心叵測

(a) 佢嘅行為真係令人懷疑，我睇怕佢居心叵測。
(b) 你唔好咁容易信人，有啲人居心叵測。
(c) 佢嘅目的唔單純，我估佢居心叵測。

# 6. 分贓

(a) 佢哋幾個做咗嘢後，就開始分贓。
(b) 佢哋分贓唔均，結果鬧到分崩離析。
(c) 佢哋分贓嘅過程被攝影機拍到，結果俾警察捉咗。

# 7. 防災

(a) 學校定期舉行防災演習，確保學生安全。
(b) 我哋要學會防災知識，以備不時之需。
(c) 政府應該加強防災措施，減少災害帶來嘅損失。

# 8. 炸粉

(a) 做炸雞要用好多炸粉。
(b) 佢炸嘅蝦好食，炸粉用得啱啱好。
(c) 炸粉唔單止可以用嚟炸嘢食，仲可以用嚟做其他菜式。

# 9. 振夫綱

(a) 佢話要振夫綱，唔畀老婆管。
(b) 佢嘗試振夫綱，但最後都係老婆話事。
(c) 佢話要振夫綱，但老婆一瞪眼佢就投降。

# 10. 監守自盜

(a) 佢係倉庫嘅管理員，但係竟然監守自盜。
(b) 佢監守自盜嘅行為被同事發現，結果被開除。
(c) 佢以為自己監守自盜唔會俾人知，點知最後俾警察捉咗。 [end of text]


