<|channel>thought
<channel|>Here are the translations of the Chinglish phrases into Cantonese:

1. **gor doe yau gor bin tai lo ah**
=> 咁多有咁多變睇落呀 (Or more naturally: 咁多變睇落呀)

2. **ngor ng sik use fai zi gah, use chi gang duck ng duck?**
=> 我唔識用 Facebook 呀，用咗會唔會得唔得？ (Or: 我唔識用 Facebook，用咗會唔會唔得呀？)

3. **mud yeah lei ga?**
=> 冇嘢嚟㗎？ (Or: 冇嘢嚟呀？)

4. **but yuu yat chai yum cha lah**
=> 唔好，有一陣飲茶啦 (Or: 唔好呀，有一陣飲茶啦)

5. **gor password send jor hui nei gor yahoo email lu**
=> 個 password send 咗去你個 Yahoo email 囉

6. **farn hok ho sun fu lor, gei si sin fong ga**
=> 返學好辛苦囉，幾時新放㗎？ (Or: 返學好辛苦囉，幾時新放假呀？)

7. **yau chin lar, daap dik si farn hok...**
=> 有錢啦，答得係返學...

8. **kui doe 9 ng connect 8 ge, man kui yat yeung yeah kui jau darp dai yeung**
=> 幾多個唔 connect 呀，慢幾樣呀佢就跌到咁樣 (Note: This phrase is quite heavy on slang/typos, likely meaning: 幾多個唔 connect 呀，慢幾樣呀佢就跌到咁樣)

9. **need boot gei, wait me, ng hoe hoi chi ju**
=> Need 不記 (Not clear, likely: 唔記得咗), wait me, 我唔會喺之後 (Or: 我唔會喺遲啲)

10. **yap sat yim sat gum gan gap zai**
=> 一失一失咁緊緊夾在 (Likely: 一失一失咁緊緊夾住) [end of text]


