Here are the translations from Chinglish to Cantonese:

1. 你有冇搞定咗個生意啦啊？
=> 你有冇搞定咗個生意啦啊？ (nei yau moe gou ding zao go bin tai la ah?)

2. 我食咗個使用咗嘅飛機，食咗個去廣州嘅鴨子？
=> 我食咗個使用咗嘅飛機，食咗個去廣州嘅鴨子？ (ngor sik zao go sik yau zao ge fei zi, sik zao go kei gwong zau ge ap zi?)

3. 你係邊個呀？
=> 你係邊個呀？ (nei hai bin go ngah?)

4. 但有啲茶餐廳飲茶啦
=> 但有啲茶餐廳飲茶啦 (but yau yat chai yum cha lah)

5. 要密碼send到我個yahoo電郵啦
=> 要密碼send到我個yahoo電郵啦 (yau mih6 mok6 siam1 daat3 ngoh5 go yah6oh6 iu4 mou4 laa1)

6. 假日好去.sun fun，去西環啦
=> 假日好去.sun fun，去西環啦 (faan6 hok6 hou2 keui5 sun fun, keui5 si1 wun4 laa1)

7. 有錢啦，打咗個西環...
=> 有錢啦，打咗個西環... (yau5 cin4 laa1, daap3 zaa6 go si1 wun4...)

8. 九個connect八個，我個一間間連接都唔係咁快
=> 九個connect八個，我個一間間連接都唔係咁快 (gau6 go cong6 nek6 baat3 go, ngoh5 go yih6 gaan1 gaan1 lin4 gik6 dauh6 m4 haih6 gam1 faai3)

9. 需要boot，等我，我會回電你
=> 需要boot，等我，我會回電你 (saiu4 yiuh6 boot, dang6 ngoh5, ngoh5 wuih6 wai4 din6 nei5)

10. 一食就食咗個甘甘嘅
=> 一食就食咗個甘甘嘅 (yih6 sik6 zeoi3 sik6 zao go gan1 gan1 ge)

Note: The translation of Chinglish to Cantonese can be tricky as it often involves understanding the context and the intended meaning behind the words. The translations provided are based on the most likely interpretation of the Chinglish phrases. Some phrases may have multiple interpretations, and the provided translations are the most common ones. [end of text]


