Here are the translations of the Chinglish phrases into natural Cantonese (with some adjustments for grammar and natural flow, while preserving the original intent):

---

1. **gor doe yau gor bin tai lo ah**  
=> **嗰多又有嗰便大嘢呀？**  
*(That one more, that one also big thing? → That one has that, this one has this?)*

2. **ngor ng sik use fai zi gah, use chi gang duck ng duck?**  
=> **我而家食飯先啦，仲食緊雞扒又點樣？**  
*(I eating now first lah, still eating chicken burger how like?)*

3. **mud yeah lei ga?**  
=> **木野咩嘢呀？**  
*(What kinda wood thing? → What is this?)*

4. **but yuu yat chai yum cha lah**  
=> **巴士有啲飲茶啦**  
*(Bus got some tea time → The bus is kinda like having tea time)*

5. **gor password send jor hui nei gor yahoo email lu**  
=> **嗰密碼發左會俾你嗰Yahoo郵箱啦**  
*(That password sent will give you that Yahoo email box)*

6. **farn hok ho sun fu lor, gei si sin fong ga**  
=> **放學好辛苦囉，幾时新房加？**  
*(School release very辛苦 lah, when new house add? → When moving to new house?)*

7. **yau chin lar, daap sik si farn hok...**  
=> **有錢啦，搭識死放學...**  
*(Got money lah, ride with dead school... → Got money now, hanging out after school?)*

8. **kui doe 9 ng connect 8 ge, man kui yat yeung yeah kui jau darp dai yeung**  
=> **九蚊連接八個，點解一樣九蚊有搭大獎呀？**  
*(9 bucks connect 8 people, why still 9 bucks got big prize?)*

9. **need boot gei, wait me, ng hoe hoi chi ju**  
=> **需要幾多，等我啲，呢個會比較貼實**  
*(Need how much, wait me, this one will be cheaper)*

10. **yap sat yim sat gum gan gap zai**  
=> **業務用眼冇眨喎**  
*(Business eye no blink → Busy working hard without blinking)*

---

Let me know if you'd like them in Jyutping or IPA for pronunciation reference! [end of text]


