Okay, I need to translate these Chinglish phrases into Cantonese. Let me start by understanding what Chinglish is here. From the description, it's Cantonese spoken but written using English characters based on pronunciation, with some English words mixed in. So each phrase is a romanization of Cantonese sounds, possibly with some English words inserted.

First, I should recall that Cantonese romanization can vary, but common systems like Jyutping or Yale might be referenced here. However, since it's Chinglish as used by Hong Kongers in the 90s, it's likely ad-hoc, based on how they typed Cantonese sounds using English keys.

Let me tackle each one step by step.

1. "gor doe yau gor bin tai lo ah"

Breaking it down:
- gor: likely "哥" (go1 in Jyutping, meaning brother or guy)
- doe: could be "多" (do1, meaning more) or maybe "哋" (dei2, plural marker)? Wait, "doe" might be "哋" as in plural for people. But "gor doe" – "哥哋" is a common term for "guys" or "brothers" (plural). So "gor doe" = 哥哋 (go1 dei2)
- yau: 有 (jau5, to have)
- gor: again 哥? Or maybe "個"? Wait, "gor" could be "個" (go3, measure word) but in the first part it was likely 哥. Hmm, need to check context.
Wait, the phrase is "gor doe yau gor bin tai lo ah"

If "gor doe" is 哥哋 (guys), then "yau" is 有, then "gor" might be 個 (go3), "bin" is 邊 (bin1, where), "tai" is 睇 (tai2, to watch/see), "lo" is 啦 (lo3, particle), "ah" is 啊 (aa3, particle).

So: 哥哋有個邊睇啦啊？ But that doesn't make much sense. Maybe "gor bin" is "個邊" but that's not standard. Alternatively, "gor" as 個, "bin" as 邊, so "個邊" meaning "which one"? But usually it's "邊個" (bin1 go3).

Wait, maybe "gor" in "yau gor bin" is actually "有個邊" but that's not right. Let's think phonetically.

Alternative approach: sound it out.

"gor" = go (as in "go")
"doe" = deu (like "dew")
"yau" = yau (like "yowl")
"gor" = go
"bin" = bin (like "bin")
"tai" = tie (like "tie")
"lo" = lo (like "low")
"ah" = ah

In Cantonese, common phrases: maybe "哥哋有冇個邊睇啦啊？" but that seems off.

Wait, the example given: "nei ho" => 你好. So "nei" is 你 (nei5), "ho" is 好 (hou2). So they're using English letters to approximate Cantonese pronunciation.

Another example: "nei yau moe tai sing con ah?" => 你有冇睇歌唱比賽呀？

Breaking that down:
- nei = 你
- yau = 有
- moe = 冇 (mou5, not have)
- tai = 睇
- sing = 歌 (but wait, 歌 is go1, but here it's "sing" – maybe it's "sing" as in singing? Wait the translation is 歌唱比賽, so "sing con" might be 歌唱 (go1 coeng3). So "sing" = 歌, "con" = 唱? But in Jyutping, 歌 is go1, 唱 is coeng3. Hmm, maybe they're using English spelling based on how it sounds to them.

Wait, "sing" for 歌? 歌 is pronounced "go" in Cantonese, not "sing". That doesn't match. Unless... oh! Wait, maybe it's not direct phonetic but they're using English words that sound similar? Or perhaps it's a mix where some parts are English.

Wait the example translation: "nei yau moe tai sing con ah?" becomes 你有冇睇歌唱比賽呀？

So "sing con" corresponds to 歌唱. But 歌 is go1, 唱 is coeng3. How does "sing con" become that?

Perhaps "sing" is meant to be "song" as in the English word, but in the context of 歌唱 (song singing)? But the translation is 歌唱比賽, which is singing contest.

Wait, maybe "sing" here is a mishearing or miswriting of 歌. But 歌 doesn't sound like "sing". Unless... in some romanization systems? Yale romanization for Cantonese: 歌 is gō, 唱 is cheung. Not matching.

Alternative idea: perhaps "Chinglish" here includes code-switching where English words are used directly. So "sing" might be the English word "sing", but in the phrase it's part of 歌唱比賽. Wait, the translation has 歌唱比賽, so "sing con" is 歌唱, and maybe "ah?" is 呀？ but the example has "ah?" at the end corresponding to 呀？.

Wait in the example: "nei yau moe tai sing con ah?" => 你有冇睇歌唱比賽呀？

So:
- nei = 你
- yau = 有
- moe = 冇
- tai = 睇
- sing = 歌? But how?
- con = 唱? 
- ah? = 呀？

This is confusing. Maybe "sing" is a typo or mishearing for "song", and they used "song" to represent 歌? But 歌 is not pronounced like "song" in Cantonese.

Wait, perhaps it's based on Mandarin? No, the context is Hong Kong Cantonese.

Another thought: maybe the writer is using English spelling to approximate the Cantonese sound as they hear it, but with some inconsistencies.

Let's look at the sounds:

歌 (go1) – if someone hears it as "go", but they wrote "sing"? That doesn't match.

Unless... oh! Wait a minute. In the example, it's "tai sing con" – 睇歌唱. Maybe "sing" is not for 歌 but for the English word "sing", and "con" is for "contest"? But the translation is 歌唱比賽, so 比賽 is missing? Wait no: the translation is 你有冇睇歌唱比賽呀？ which is "Have you watched the singing contest?"

So "tai" = 睇 (watch), "sing con" = 歌唱 (song sing), but then where is 比賽? Unless "con" stands for 比賽? But 比賽 is bei2 coi3.

This is tricky. Maybe "con" is short for "contest" in English, so "sing con" = sing contest (English), but in the translation it's rendered as 歌唱比賽. So perhaps in Chinglish, they mix English words directly, and the translation converts those English parts to Chinese.

Ah! That makes sense. The description says: "English is also code-mixed into it as is the habit of many Hong Kong people."

So in the Chinglish phrase, some parts are Cantonese written in English letters (based on pronunciation), and some parts are actual English words.

In the example: "nei yau moe tai sing con ah?"

- nei: Cantonese 你 (nei5)
- yau: 有 (jau5)
- moe: 冇 (mou5)
- tai: 睇 (tai2)
- sing: English word "sing" (but in context, it's part of 歌唱比賽, so maybe they meant "sing" as in the activity, but the translation uses Chinese for 歌唱)
Wait, but the translation has 歌唱比賽, so "sing con" corresponds to 歌唱比賽? That seems like a stretch.

Alternative interpretation: "sing" is a misromanization of 歌. How?

If someone types Cantonese using English keyboard without proper input method, they might use similar sounds. For example, 歌 is go1, but if they don't have Chinese input, they might type "go" for 歌. But in the example it's "sing", not "go".

Wait, unless it's a typo or mishearing. Maybe the original speaker said something that sounded like "sing" to the writer.

This is getting too bogged down. Let me try to find a pattern from the examples given.

Example 1: nei ho => 你好
- nei = 你
- ho = 好

Example 2: nei yau moe tai sing con ah? => 你有冇睇歌唱比賽呀？

Let's map:
nei -> 你
yau -> 有
moe -> 冇
tai -> 睇
sing -> ? 
con -> ?
ah? -> 呀？

If I assume that "sing con" together is 歌唱比賽, but that's three characters for two words. Maybe "sing" is 歌 and "con" is 唱比賽? No.

Wait, perhaps "sing" is meant to be "song" (English), and "con" is "contest" (English), so "sing con" = sing contest, which in Chinese is 歌唱比賽. So the Chinglish uses English words for some parts, and the translation converts those English words to Chinese.

That seems plausible. So in the Chinglish phrase:
- Parts that are Cantonese sounds are written using English letters approximating the pronunciation.
- Parts that are English words are left as English (or slightly adapted).

In example 2:
- nei: Cantonese (你)
- yau: Cantonese (有)
- moe: Cantonese (冇)
- tai: Cantonese (睇)
- sing: English word "sing" (but in the context of the phrase, it's part of the concept)
- con: English word "con" (short for contest?)
- ah: Cantonese particle (呀)

But the translation is 你有冇睇歌唱比賽呀？, so "sing con" becomes 歌唱比賽.

Therefore, "sing" corresponds to 歌唱 and "con" corresponds to 比賽? Not quite, but maybe collectively.

Alternatively, maybe "sing" is a mishearing of 歌, and "con" is a mishearing of 比賽, but that seems weak.

Another idea: in Hong Kong English-influenced Cantonese, sometimes they use English words directly. So "sing" might be intended as the English word, but when translating to Cantonese, we replace it with the appropriate Chinese term.

Given the translation provided, for the purpose of this task, I should:
- Identify which parts are Cantonese (written in English letters based on pronunciation)
- Identify which parts are English words (to be translated to Chinese)
- Convert the Cantonese-sounding parts to actual Chinese characters
- Translate the English parts to Chinese

Let's test this on example 2:

"nei yau moe tai sing con ah?"

Assume:
- nei: Cantonese sound for 你 -> 你
- yau: Cantonese for 有 -> 有
- moe: Cantonese for 冇 -> 冇
- tai: Cantonese for 睇 -> 睇
- sing: English word -> needs translation. In context, it's part of "sing contest" so 歌唱
- con: English word (contest) -> 比賽
- ah: Cantonese particle -> 呀

But then "sing con" would be two English words translating to 四個 Chinese characters? That doesn't align word-wise, but semantically it works: "sing contest" = 歌唱比賽.

Similarly, in example 1: "nei ho" -> 你好, both parts are Cantonese.

Okay, this seems like a viable approach.

So general strategy:
1. Split the Chinglish phrase into words (by spaces)
2. For each word:
   a. If it looks like an English word (and makes sense as English in context), translate it to Chinese
   b. Else, treat it as a Cantonese pronunciation written in English letters, and convert to Chinese characters based on sound

But determining what's English vs Cantonese-sounding might be tricky. However, given the context of Hong Kongers mixing English, some words will be obvious English (like "password", "email", "yahoo", etc. in the phrases to translate).

Let's apply this to the first phrase to translate: "gor doe yau gor bin tai lo ah"

Split into words: ["gor", "doe", "yau", "gor", "bin", "tai", "lo", "ah"]

Now, assess each:
- gor: could be Cantonese (e.g., 哥 or 個) or maybe English "gore"? Unlikely. In HK context, "gor" often refers to 哥 (brother/guy)
- doe: could be 哋 (plural marker) or English "doe" (female deer)? Unlikely in this context, so probably 哋
- yau: clearly Cantonese 有 (sounds like "yowl")
- gor: again, likely 哥 or 個
- bin: Cantonese 邊 (sounds like "bin")
- tai: Cantonese 睇 (sounds like "tie")
- lo: Cantonese 啦 (sounds like "lo")
- ah: Cantonese 啊 (sounds like "ah")

So all these seem to be Cantonese-sounding, no obvious English words. Let's convert each to Chinese based on pronunciation.

Need to map the English letter approximations to Cantonese sounds.

Common mappings (based on how Hong Kongers might type):
- "g" or "go" for 哥 (go1)
- "doe" for 哋 (dei2) – since 哋 is dei2, and "doe" approximates that (like "dough" but shorter)
- "yau" for 有 (jau5) – "yau" as in "yowl"
- "gor" again for 哥 or 個? If first gor was 哥, second might be 個 (go3)
- "bin" for 邊 (bin1)
- "tai" for 睇 (tai2)
- "lo" for 啦 (lo3 or lo4? Usually lo3 for sentence-ending particle)
- "ah" for 啊 (aa3 or aa4? Usually aa3 for question)

Let's check standard pronunciations:

In Jyutping:
- 哥: go1
- 哋: dei2
- 有: jau5
- 個: go3
- 邊: bin1
- 睇: tai2
- 啦: lo3 (or lo4, but lo3 is common for softening)
- 啊: aa3

Now, the phrase: gor doe yau gor bin tai lo ah

If we take:
- gor -> 哥 (go1)
- doe -> 哋 (dei2)
- yau -> 有 (jau5)
- gor -> 個 (go3)  [since having two 哥 in a row doesn't make much sense here]
- bin -> 邊 (bin1)
- tai -> 睇 (tai2)
- lo -> 啦 (lo3)
- ah -> 啊 (aa3)

So: 哥哋有個邊睇啦啊？

But that doesn't sound right. "哥哋有個邊睇啦啊？" translates to "Guys have a where to watch ah?" which is nonsensical.

Alternative: maybe the second "gor" is also 哥, so "哥哋有哥邊睇啦啊？" still bad.

Perhaps "gor bin" is meant to be "個邊" but that's not standard; usually it's "邊個" for "which one".

Wait, maybe "yau gor bin" is "有冇個邊" but "moe" is 冇, not present here.

Another idea: in the phrase, "yau" might be part of "有冇" but it's just "yau", not "yau moe". Unless "moe" is missing, but the phrase is "gor doe yau gor bin..."

Wait, let's look at the structure. It ends with "lo ah", which is likely 啦啊, a common ending for questions or statements.

Perhaps it's "哥哋有冇個邊睇啦啊？" but where is the 冇? The word "moe" isn't there; it's "yau" which is 有, not 冇.

Unless "doe" is being misinterpreted. What if "doe" is not 哋 but something else?

"doe" could be:
- 多 (do1) – more
- 嗲 (dei2) – but that's an adjective for cute
- 哋 (dei2) – plural marker

In HK Cantonese, 哋 is very common as a plural marker for people, e.g., 我哋 (we), 你哋 (you guys), 哥哋 (guys).

So "gor doe" = 哥哋 is very likely.

Then "yau" = 有

Then what's left: "gor bin tai lo ah"

If "gor" is 個, "bin" is 邊, then "個邊" – but in Cantonese, to ask "which one" it's "邊個", not "個邊". However, sometimes in speech, word order can vary, but 邊個 is standard.

Wait, maybe "gor bin" is actually "有個邊" but we already had yau.

Alternative parsing: "gor doe yau" = 哥哋有 (guys have), then "gor bin" = 個邊? Still odd.

Perhaps "bin" is not 邊 but 比? 比 is bei2, not bin.

"bin" as in "been" (English) but that seems unlikely.

Another thought: in the example, "tai" was 睇, so "tai" here is likely 睇.

So "tai lo ah" = 睇啦啊？ which could be "watch lo ah" as in "are you watching?"

So the phrase might be: 哥哋有 [something] 睇啦啊？

What could "gor bin" be? If "gor" is 個 and "bin" is 邊, maybe it's supposed to be "個邊" but meaning "which one" in a different word order? Or perhaps it's a mishearing of "邊個".

Wait, what if "gor" is actually "有" but we already have yau? No.

Let's consider that in Chinglish, sometimes they drop tones or sounds, so approximations might be off.

Perhaps "gor bin" is meant to be "個邊" but the speaker intended "邊個" and mist

