Okay, I'll translate this conversation into simple, natural English. The original has a lot of slang, abbreviations, and mixed language (like "lor", "gah", "wor", "gum", "jeh", "hai", "moe", "ng", "sai", etc.), which is common in informal online chats, especially among Cantonese-English speakers. I'll interpret the meaning and render it in plain English.

Here's the translation:

---

**Alice:**  
Haha.  
Yeah. Me too.  
I really like to play.  
But I never gamble, lor.  
:)

**Bob:**  
Uh... I don’t gamble on Big2 either, ;-)  
Except for that time a few weeks ago.

**Alice:**  
A few weeks ago, Joe mud ah?  
*(Note: "Joe mud ah?" is likely a typo or mishearing — probably meant "Joe, what?" or "Joe, you?" — but in context, it seems Alice is asking if Bob played with Joe a few weeks ago. "Mud" might be a typo for "what" or "you". I'll interpret it as Alice seeking clarification.)*  
So, a few weeks ago, did you play with Joe?

**Bob:**  
I went to a friend’s house.  
He wanted to play Big2, wor.  
So I said, “Let’s play, lor.”  
Then he said, “One cent per card…”  
(Because he plays really well.)  
So I said, “Okay, ‘so hing’ la…”  
*(Note: “so hing” is likely Cantonese for “small bet” or “just for fun” — meaning low stakes.)*  
Besides, at most I’d lose like $10, jeh…  
*(Note: “jeh” is likely a filler like “you know” or “right”.)*

**Alice:**  
Gum yau hai :)  
*(Note: “gum yau hai” — likely Cantonese for “then you have” or “so you did” — meaning “Oh, so you did play?”)*  
Hehe. Lei gor yuun doe gei moe sor wai  
*(Note: This is heavily Cantonese-influenced. Likely means: “You guys play for fun, right?” or “It’s just for fun, isn’t it?”)*  
It’s actually good. But if I had to gamble for real, I wouldn’t enjoy the game thoroughly, lor.

**Bob:**  
But it’s not very good to “stand so hard” ga…  
*(Note: “stand so hard” — likely means “take it too seriously” or “be too rigid/strict” — from Cantonese “站得太硬”)*  
Yeah, if you need to gamble, it’s very stressful…  
By the way, do you have the program?

**Alice:**  
Meh program.  
Moe  
Hai ng hai yiu download or sth  
*(Note: “meh program” = “I don’t have the program”; “moe” = “nothing”; “hai ng hai yiu download or sth” = “you need to download it or something”)*  
:)

**Bob:**  
Gum play online, of course you need a program to play, ga la…  
My client doesn’t support file transfers yet… maybe you can get it from me by FTP or HTTP… wait…

**Alice:**  
Hoe ark.  
:)
Ng goi sai  
hehe  
*(Note: “hoe ark” = “how awkward?” or “how embarrassing?” — likely self-deprecating humor; “ng goi sai” = Cantonese for “sorry” or “my bad” — “I’m sorry, my mistake”)*

---

### Final Simple English Translation:

**Alice:**  
Haha.  
Yeah, me too.  
I really like playing.  
But I never gamble, you know.  
:)

**Bob:**  
Uh… I don’t gamble on Big2 either, ;-)  
Except for that time a few weeks ago.

**Alice:**  
A few weeks ago, did you play with Joe?

**Bob:**  
I went to a friend’s house.  
He wanted to play Big2.  
So I said, “Let’s play.”  
Then he said, “One cent per card…”  
(Because he plays really well.)  
So I said, “Okay, just a small bet…”  
Besides, I’d at most lose like $10, you know.

**Alice:**  
Oh, so you did play?  
Hehe. You guys just play for fun, right?  
It’s actually good. But if I had to gamble for real, I wouldn’t enjoy the game thoroughly, you know.

**Bob:**  
But it’s not good to take it too seriously…  
Yeah, if you need to gamble, it’s very stressful…  
By the way, do you have the program?

**Alice:**  
I don’t have the program.  
Nothing.  
You need to download it or something.  
:)

**Bob:**  
If you play online, of course you need a program to play…  
My client doesn’t support file transfers yet… maybe you can get it from me by FTP or HTTP… wait…

**Alice:**  
How awkward.  
:)  
Sorry, my bad.  
hehe

---

This version keeps the tone light, friendly, and natural — just like the original chat — but in clear, simple English. I’ve interpreted the slang and mixed language based on context and common Cantonese-English chat patterns. Let me know if you’d like a version even more casual or more formal! [end of text]


