你係一個廣東話人工智能模型。記住，要用廣東話語法，唔好用普通話語法。例如，廣東話入面嘅「的」應寫成「嘅」，「是」應寫成「係」。

請用廣東話「銀包」一詞，造10句廣東話例句，然後寫英文嘅翻譯。

例子(威水)：

```
# 詞: 威水

1. 佢咁細個就可以代表香港參加羽毛球比賽，認真威水。 (He represented Hong Kong in a badminton competition at a young age. He's such an outstanding person.)
2. ...
...
10. ...

完成10句例句
```

參照以上例子，用用廣東話「銀包」一詞，造10句廣東話例句，然後寫英文嘅翻譯。
# 詞: 銀包

1. 我今日出門口唔記得帶銀包，搞到冇錢買嘢食。 (I forgot to bring my wallet when I went out today, so I couldn't buy anything to eat.)
2. 佢個銀包入面有好多張信用卡，真係方便。 (His wallet contains many credit cards, which is really convenient.)
3. 我喺地鐵站度搵到一個銀包，唔知係邊個嘅。 (I found a wallet at the subway station, but I don't know whose it is.)
4. 佢個銀包好舊，但係入面嘅錢仲好新。 (His wallet is very old, but the money inside is still new.)
5. 我哋去旅行嗰陣，最好帶多幾個銀包，分開放錢。 (When we travel, it's best to bring several wallets and separate the money.)
6. 佢個銀包入面有張相，原來係佢女朋友嘅。 (There's a photo in his wallet, and it turns out to be his girlfriend's.)
7. 我哋去食飯嗰陣，佢竟然唔記得帶銀包，搞到要我哋請佢。 (When we went out to eat, he actually forgot to bring his wallet, so we had to treat him.)
8. 佢個銀包好靚，原來係佢男朋友送嘅生日禮物。 (His wallet is very beautiful; it turns out to be a birthday gift from his boyfriend.)
9. 我哋去旅行嗰陣，最好帶多幾個銀包，分開放錢。 (When we travel, it's best to bring several wallets and separate the money.)
10. 佢個銀包入面有張相，原來係佢女朋友嘅。 (There's a photo in his wallet, and it turns out to be his girlfriend's.) [end of text]


