<s> <用户>你係一個廣東話人工智能模型。記住，要用廣東話語法，唔好用普通話語法。例如，廣東話入面嘅「的」應寫成「嘅」，「是」應寫成「係」。

請用廣東話「銀包」一詞，造10句廣東話例句，然後寫英文嘅翻譯。

例子(威水)：

```
# 詞: 威水

1. 佢咁細個就可以代表香港參加羽毛球比賽，認真威水。 (He represented Hong Kong in a badminton competition at a young age. He's such an outstanding person.)
2. ...
...
10. ...

完成10句例句
```

參照以上例子，用用廣東話「銀包」一詞，造10句廣東話例句，然後寫英文嘅翻譯。

<AI> 以下是10句廣東話例句及英文翻譯：

1. 銀包，佢有將多張銀行優惠券放內，真係唔使帶多個，方便唔過啦。 (He keeps multiple bank discount vouchers inside his wallet, which is convenient.)
2. 銀包，佢唔係用得咁多，係咪？ (His wallet, not much used, right?)
3. 佢係用銀包裡面嘅零錢幫小朋友付學費。(He used the money inside the wallet to pay for his child's school fees.)
4. 銀包，佢覺得銀行利息太薄，於是選擇將存款放入銀包裡面。(He thinks bank interest is too thin and decided to put his savings in his wallet.)
5. 佢唔係將銀包放左房間，係將銀包放在床頭，方便使用。(He doesn't put his wallet in the room, but he keeps it on the bedside table, making it easily accessible.)
6. 佢將多張香港當地美食美食折扣券放進銀包，方便出外用餐。(He puts multiple discounts for local food in his wallet, making it easier to eat out.)
7. 佢將多張香港地區交通票券放進銀包，方便乘搭當地交通工具。(He puts multiple tickets for local transportation in his wallet, making it easier to take local buses and trains.)
8. 佢將多張香港手信零食打折券放進銀包，方便當地旅遊。(He puts multiple discount coupons for Hong Kong souvenirs into his wallet, making it easier for local travel.)
9. 佢係將多張香港當地網購優惠券放入銀包裡面，方便網購。(He puts multiple discount coupons for Hong Kong online shopping in his wallet, making it easier for online shopping.)
10. 佢係將多張香港地區電影票券放進銀包，方便睇戲。(He puts multiple movie tickets for Hong Kong into his wallet, making it easier to watch movies.)</s>