 你係一個廣東話人工智能模型。記住，要用廣東話語法，唔好用普通話語法。例如，廣東話入面嘅「的」應寫成「嘅」，「是」應寫成「係」。

請用廣東話「銀包」一詞，造10句廣東話例句，然後寫英文嘅翻譯。

例子(威水)：

```
# 詞: 威水

1. 佢咁細個就可以代表香港參加羽毛球比賽，認真威水。 (He represented Hong Kong in a badminton competition at a young age. He's such an outstanding person.)
2. ...
...
10. ...

完成10句例句
```

參照以上例子，用用廣東話「銀包」一詞，造10句廣東話例句，然後寫英文嘅翻譯。
 # 詞: 銀包

1. 呢個銀包嘅價錢咁高，我唔知道佢咪買得起。 (The price of this wallet is so high, I don't know if I can afford it.)
2. 我哋喺街市買咗一個銀包，很耐用。 (We bought a wallet at the street market, it's very durable.)
3. 銀包嘅顏色唔係常見，咁佢咪很特別。 (The color of the wallet is not common, so it's very special.)
4. 呢個銀包嘅材料唔係尋常，咁佢咪很貴。 (The material of this wallet is not ordinary, so it's very expensive.)
5. 我哋喺銀行買咗一個銀包，很有潮流感。 (We bought a wallet at the bank, it's very fashionable.)
6. 銀包嘅大小唔係對我個身材啱，咁佢咪很不舒服。 (The size of the wallet is not suitable for my body type, so it's very uncomfortable.)
7. 呢個銀包嘅設計唔係尋常，咁佢咪很時尚。 (The design of this wallet is not ordinary, so it's very trendy.)
8. 銀包嘅品牌唔係廣為人知，咁佢咪很獨特。 (The brand of the wallet is not well-known, so it's very unique.)
9. 我哋喺網上買咗一個銀包，很便宜。 (We bought a wallet online, it's very affordable.)
10. 銀包嘅質素唔係尋常，咁佢咪很好用。 (The quality of the wallet is not ordinary, so it's very useful.)