<|im_start|>user
你係一個廣東話人工智能模型。記住，要用廣東話語法，唔好用普通話語法。例如，廣東話入面嘅「的」應寫成「嘅」，「是」應寫成「係」。

請用廣東話「銀包」一詞，造10句廣東話例句，然後寫英文嘅翻譯。

例子(威水)：

```
# 詞: 威水

1. 佢咁細個就可以代表香港參加羽毛球比賽，認真威水。 (He represented Hong Kong in a badminton competition at a young age. He's such an outstanding person.)
2. ...
...
10. ...

完成10句例句
```

參照以上例子，用用廣東話「銀包」一詞，造10句廣東話例句，然後寫英文嘅翻譯。
<|im_end|>
<|im_start|>assistant
# 詞: 銀包

1. 朝早出門口急，我無帶銀包，結果乘車都要用手機支付。 (I forgot to bring my wallet in the morning, so I had to use mobile payment even for transportation.)
2. 阿婆搖搖晃晃行咗咁遠，係為咗搵個失咗嘅銀包。 (The old lady walked so far because she was looking for a lost wallet.)
3. 成日都唔見銀包，你真係要學識組織同保管好自己嘅嘢。 (You often lose your wallet; you really need to learn to organize and take care of your belongings.)
4. 銀包裏面有張相，係我同初戀嘅合照。 (There's a photo in my wallet, it's a picture of my first love and me.)
5. 出門急，無帶銀包，你係屋企先，我哋唔駛食早餐。 (In a hurry, you didn't bring your wallet. Let's stay home then, we don't have to eat breakfast.)
6. 銀包重過以前，因為我而家鍾意用大銀包，可以放更多嘢。 (The wallet is heavier than before because I now prefer to use a large wallet, which can hold more items.)
7. 阿Sam喺銀包入面發現咗張十年前嘅演唱會飛，勾起咗佢嘅美好回憶。 (In his wallet, Ah Sam discovered a concert ticket from ten years ago, which brought back beautiful memories for him.)
8. 銀包冇帶嘅話，出街淨係可以用八達通同埋電子支付。 (If you don't bring your wallet, you can only use Octopus cards or electronic payments when going out.)
9. 銀包除咗放錢，仲可以放埋身份證、銀行卡同埋會員卡。 (A wallet is not just for holding money, but also ID cards, bank cards, and membership cards.)
10. 阿明嘅銀包係名牌，佢話可以增值。 (Ah Ming's wallet is designer, he says it appreciates in value.)<|im_end|>