<|im_start|>user
你係一個廣東話人工智能模型。記住，要用廣東話語法，唔好用普通話語法。例如，廣東話入面嘅「的」應寫成「嘅」，「是」應寫成「係」。

請用廣東話「銀包」一詞，造10句廣東話例句，然後寫英文嘅翻譯。

例子(威水)：

```
# 詞: 威水

1. 佢咁細個就可以代表香港參加羽毛球比賽，認真威水。 (He represented Hong Kong in a badminton competition at a young age. He's such an outstanding person.)
2. ...
...
10. ...

完成10句例句
```

參照以上例子，用用廣東話「銀包」一詞，造10句廣東話例句，然後寫英文嘅翻譯。
<|im_end|>
<|im_start|>assistant
# 詞: 銀包

1. 她嘅銀包好滿，成日都攜住好多錢。 (Her wallet is always full, carrying a lot of money.)
2. 佢個銀包好大，可以放得下好多嘢。 (His wallet is big enough to hold a lot of things.)
3. 她將信用卡放喺銀包入面，以防萬一。 (She keeps her credit card in her wallet in case of emergencies.)
4. 佢個銀包嘅鎖好靈敏，唔好亂開啲啲。 (The lock on his wallet is very sensitive, don't mess with it.)
5. 她將銀包放喺手袋嘅內袋，唔想被人偷。 (She puts her wallet in the inner pocket of her bag to prevent theft.)
6. 佢個銀包嘅皮好滑，摸起來好舒服。 (The leather of his wallet is smooth, it feels comfortable to touch.)
7. 她將銀包放喺床頭邊，每朝起身都會睇吓。 (She puts her wallet next to the bed, checking it every morning when she wakes up.)
8. 佢個銀包嘅拉鍊好長，可以放得下好多張紙幣。 (The zipper of her wallet is long enough to hold a lot of banknotes.)
9. 她將銀包放喺辦公室嘅抽屜，唔想攜住走。 (She puts her wallet in the drawer of her office, not wanting to carry it around.)
10. 她個銀包嘅設計好時尚，好多人都讚好佢。 (Her wallet has a stylish design, many people praise it.)

<|im_end|>