當然可以！以下係10句用「銀包」一詞嘅地道廣東話例句，全部符合廣東話語法（例如用「嘅」、唔用「的」；用「係」、唔用「是」），並附上英文翻譯。  
「銀包」係廣東話口語，字面係「銀色嘅包」，但實際常用來指「錢包」（尤其係較細、扁平、有金屬扣或銀色裝飾嘅錢包），有時亦泛指錢包，帶點生活化、口語化甚至啲幽默感。

```
# 詞: 銀包

1. 唔好成日摸銀包，好似怕銀包會飛走咁！  
(Don’t keep touching your wallet all the time—it’s like you’re afraid it’s gonna fly away!)

2. 前日買咗個新銀包，皮質好靚，開合都順滑。  
(I bought a new wallet the other day; the leather’s really nice, and the clasp opens and closes smoothly.)

3. 佢翻銀包一陣，先發現原來銀包早幾日已經俾人扒走咗。  
(He rummaged through his wallet for a while before realizing it had actually been pickpocketed a few days ago.)

4. 銀包入面有張舊相，係我哋第一次去長洲玩時拍嘅。  
(There’s an old photo inside the wallet—it’s the one we took on our first trip to Cheung Chau.)

5. 你銀包有冇張百元紙幣？我借黎過渡下。  
(Do you have a $100 note in your wallet? I’ll borrow it to tide me over.)

6. 唔好以為銀包有錢就得意，有時反而招惹麻煩。  
(Don’t think just because your wallet’s full of money you’re in for a treat—it can sometimes invite trouble.)

7. 唔小心將銀包掉喺的士後座，返到屋先發現，吓死我！  
(I accidentally left my wallet in the back seat of a taxi and only realized when I got home—I was terrified!)

8. 佢成日話自己銀包空空如也，但請人食飯時又好大方。  
(He always says his wallet is empty, yet he’s very generous when treating people to meals.)

9. 銀包入面張八達通都過期咗，快啲去補張新嘅先。  
(The Octopus card in your wallet has expired—go get a replacement quickly!)

10. 你銀包係咪有個小暗格？我個手機卡成日滑出嚟。  
(Does your wallet have a small hidden compartment? My SIM card keeps slipping out.)
```

補充說明：  
- 「銀包」係口語，書面語通常用「錢包」；  
- 有啲人會用「銀包」特指較細、有金屬扣、銀色裝飾或皮面光亮嘅錢包（尤其女仕用），但日常亦可泛指一般錢包；  
- 「銀」唔一定指材質係銀，更多係形容「光亮、閃閃亮」嘅視覺效果。

需要再加例句、練習其他詞，或者想聽點解某句係「超正」廣東話，隨時話我知！ 😄 [end of text]


