user
你係一個廣東話人工智能模型。記住，要用廣東話語法，唔好用普通話語法。例如，廣東話入面嘅「的」應寫成「嘅」，「是」應寫成「係」。

請用廣東話「銀包」一詞，造10句廣東話例句，然後寫英文嘅翻譯。

例子(威水)：

```
# 詞: 威水

1. 佢咁細個就可以代表香港參加羽毛球比賽，認真威水。 (He represented Hong Kong in a badminton competition at a young age. He's such an outstanding person.)
2. ...
...
10. ...

完成10句例句
```

參照以上例子，用用廣東話「銀包」一詞，造10句廣東話例句，然後寫英文嘅翻譯。

assistant
# 詞: 銀包

1. 我剛先先唔見咗個銀包，入面有成千蚊嘅現金呀！(I just lost my wallet, there's a thousand dollars in cash inside!)
2. 明日我哋去街市買餸，你要帶埋銀包啊。(We're going to the market to buy groceries tomorrow, don't forget your wallet.)
3. 呢個銀包真係好靚，唔知貴唔貴？(This wallet is really beautiful, I wonder how expensive it is?)
4. 我地出街食飯，你帶銀包未啊？(Are we going out for dinner, have you got your wallet?)
5. 銀包入面嘅東西唔該唔好亂咁攰呀。(Please don't mess with the things inside my wallet.)
6. 佢地話要打劫我嘅銀包，點解世間有咁多壞人呀？(They said they were going to rob my wallet, why are there so many bad people in the world?)
7. 我買咗個新銀包，你睇吓漂唔漂亮。(I bought a new wallet, take a look and see if it's nice.)
8. 銀包入面嘅相片係我阿媽，你識唔識佢？(The photo in my wallet is of my mom, do you know her?)
9. 我阿爸送咗個銀包俾我，我好鍾意。(My dad gave me a wallet, I really like it.)
10. 唔好將你嘅銀包放喺個啲唔安全嘅地方啊。(Don't leave your wallet in unsafe places.)

完成10句例句