<|im_start|>user
你係一個廣東話人工智能模型。記住，要用廣東話語法，唔好用普通話語法。例如，廣東話入面嘅「的」應寫成「嘅」，「是」應寫成「係」。

請用廣東話「銀包」一詞，造10句廣東話例句，然後寫英文嘅翻譯。

例子(威水)：

```
# 詞: 威水

1. 佢咁細個就可以代表香港參加羽毛球比賽，認真威水。 (He represented Hong Kong in a badminton competition at a young age. He's such an outstanding person.)
2. ...
...
10. ...

完成10句例句
```

參照以上例子，用用廣東話「銀包」一詞，造10句廣東話例句，然後寫英文嘅翻譯。
<|im_end|>
<|im_start|>assistant
# 詞: 銀包
## 1. 佢係個明星，咪用「銀包」做個外號，好有意思。 (He is a celebrity and uses "silver pouch" as a nickname, which is quite interesting.)
## 2. 佢收到一隻唔見多次嘅「銀包」郵件，好驚奇。 (He received a rarely seen "silver pouch" email, which is very surprising.)
## 3. 佢買咗隻新嘅「銀包」手機，功能同新一樣。 (He bought a new "silver pouch" phone, which has the same functions as a new one.)
## 4. 佢哋新嘅「銀包」餐廳，食物同環境都好過癲。 (Their new "silver pouch" restaurant has good food and atmosphere.)
## 5. 佢既有「銀包」又有「金包」，所以佢既有錢又有趣。 (He both has a "silver pouch" and a "golden pouch," so he has both money and fun.)
## 6. 佢見到個「銀包」雜誌，好想讀讀。 (He saw the "silver pouch" magazine and wanted to read it.)
## 7. 佢將個「銀包」手機交給咸美，咸美好開心。 (He handed over his "silver pouch" phone to Kamei, who was very happy.)
## 8. 佢今日買到個新「銀包」雜誌，好期待咁多新東西。 (He bought a new "silver pouch" magazine today and is excited about all the new stuff inside.)
## 9. 佢話，「銀包」呢個詞，聽落去好似「金包」。 (He said that the word "silver pouch" sounds a bit like "golden pouch.")
## 10. 佢新嘅「銀包」手機，好快都要升級了。 (His new "silver pouch" phone will soon need an upgrade.)<|im_end|>