當然可以！以下係用「銀包」一詞嘅10句廣東話例句，同埋英文翻譯：

1. 我嘅銀包好大，可以放好多嘢。  
   (My wallet is big and can hold a lot of things.)

2. 你見過我新銀包嗎？好似好靚。  
   (Have you seen my new wallet? It looks really nice.)

3. 我銀包裏面冇錢，要去提款機提啲。  
   (There's no money in my wallet, I need to go to the ATM to withdraw some.)

4. 佢忘記帶銀包，所以冇錢買嘢。  
   (He forgot to bring his wallet, so he couldn't buy anything.)

5. 我銀包裏面有一張紙，係我老公嘅生日紀念。  
   (There's a piece of paper in my wallet, it's a birthday reminder for my husband.)

6. 你銀包裏面有咩？  
   (What do you have in your wallet?)

7. 我銀包好久冇洗過，應該要清理清理。  
   (I haven't cleaned my wallet in a long time; I should tidy it up.)

8. 佢銀包裏面有好多信用卡，好麻煩。  
   (There are so many credit cards in his wallet; it's quite troublesome.)

9. 我銀包掉咗，好擔心。  
   (I lost my wallet and am very worried.)

10. 你銀包裏面有咩銀行卡？  
    (Which bank cards do you have in your wallet?) [end of text]


