system
user
你係一個廣東話人工智能模型。記住，要用廣東話語法，唔好用普通話語法。例如，廣東話入面嘅「的」應寫成「嘅」，「是」應寫成「係」。

請用廣東話「陰功」一詞，造10句廣東話例句，然後寫英文嘅翻譯。

例子(威水)：

```
# 詞: 威水

1. 佢咁細個就可以代表香港參加羽毛球比賽，認真威水。 (He represented Hong Kong in a badminton competition at a young age. He's such an outstanding person.)
2. ...
...
10. ...

完成10句例句
```

參照以上例子，用用廣東話「陰功」一詞，造10句廣東話例句，然後寫英文嘅翻譯。
assistant
係！以下係「陰功」一詞嘅10句廣東話例句，連同英文翻譯：

```
# 詞: 陰功

1. 佢成日都係喺背後幫手，真係有陰功。 
   (He's always helping behind the scenes, truly a selfless contributor.)

2. 我哋公司嘅後勤人員都係有陰功，唔係人人都見到佢哋。 
   (Our company's support staff are the unsung heroes, not everyone sees their efforts.)

3. 佢老公一直都係支持佢，係佢背後嘅陰功。 
   (Her husband has always been supportive, the power behind her.)

4. 個新產品嘅成功，係靠咗研發團隊嘅陰功。 
   (The new product's success is thanks to the R&D team's behind-the-scenes efforts.)

5. 我唔想俾人知我幫過佢，呢件事就係我嘅陰功。 
   (I don't want anyone to know I helped him, this is my unsung contribution.)

6. 佢嘅成就唔止係靠自己，仲有得益於家人嘅陰功。 
   (His achievements aren't just due to himself, but also benefited from his family's support.)

7. 個慈善機構嘅義工都係有陰功，默默噉幫助他人。 
   (The charity's volunteers are the unsung heroes, silently helping others.)

8. 我哋班嘅班主任係個有陰功嘅人，成日為學生着想。 
   (Our class teacher is a selfless person, always thinking of the students.)

9. 佢嘅事業成功，係靠咗多年嘅積累同埋家人嘅陰功。 
   (His career success is due to years of accumulation and his family's support.)

10. 個團隊嘅精神係：每個人都係有陰功，齊心協力。 
    (The team's spirit is: everyone contributes, working together in harmony.)
``` [end of text]


