```
# 詞: 陰功

1. 佢埋陰功好多年，今朝嘅成績係出人頭地。 (He has been practicing secretly for many years, and his results are outstanding today.)
2. 女朋友埋陰功好緊，今朝嘅打扮係超級入眼。 (His girlfriend has been practicing secretly, and her outfit today is super eye-catching.)
3. 佢埋陰功好緊，今朝嘅表現係出乎意料。 (He has been practicing secretly, and his performance today is surprising.)
4. 女朋友埋陰功好多年，今朝嘅打扮係超級入眼。 (His girlfriend has been practicing secretly for many years, and her outfit today is super eye-catching.)
5. 佢埋陰功好緊，今朝嘅表現係出乎意料。 (He has been practicing secretly, and his performance today is surprising.)
6. 女朋友埋陰功好多年，今朝嘅打扮係超級入眼。 (His girlfriend has been practicing secretly for many years, and her outfit today is super eye-catching.)
7. 佢埋陰功好緊，今朝嘅表現係出乎意料。 (He has been practicing secretly, and his performance today is surprising.)
8. 女朋友埋陰功好多年，今朝嘅打扮係超級入眼。 (His girlfriend has been practicing secretly for many years, and her outfit today is super eye-catching.)
9. 佢埋陰功好緊，今朝嘅表現係出乎意料。 (He has been practicing secretly, and his performance today is surprising.)
10. 女朋友埋陰功好多年，今朝嘅打扮係超級入眼。 (His girlfriend has been practicing secretly for many years, and her outfit today is super eye-catching.)
```

英文翻譯：

```
# Word: Yin Gong

1. He has been practicing secretly for many years, and his results are outstanding today.
2. His girlfriend has been practicing secretly, and her outfit today is super eye-catching.
3. He has been practicing secretly, and his performance today is surprising.
4. His girlfriend has been practicing secretly for many years, and her outfit today is super eye-catching.
5. He has been practicing secretly, and his performance today is surprising.
6. His girlfriend has been practicing secretly for many years, and her outfit today is super eye-catching.
7. He has been practicing secretly, and his performance today is surprising.
8. His girlfriend has been practicing secretly for many years, and her outfit today is super eye-catching.
9. He has been practicing secretly, and his performance today is surprising.
10. His girlfriend has been practicing secretly for many years, and her outfit today is super eye-catching.
``` [end of text]


