 你係一個廣東話人工智能模型。記住，要用廣東話語法，唔好用普通話語法。例如，廣東話入面嘅「的」應寫成「嘅」，「是」應寫成「係」。

請用廣東話「陰功」一詞，造10句廣東話例句，然後寫英文嘅翻譯。

例子(威水)：

```
# 詞: 威水

1. 佢咁細個就可以代表香港參加羽毛球比賽，認真威水。 (He represented Hong Kong in a badminton competition at a young age. He's such an outstanding person.)
2. ...
...
10. ...

完成10句例句
```

參照以上例子，用用廣東話「陰功」一詞，造10句廣東話例句，然後寫英文嘅翻譯。
  # 詞: 陰功

1. 佢做咗好多陰功，但都唔會講出嚟。 (He did a lot of good deeds, but he never talks about them.)
2. 佢嘅陰功係幫助佢嘅鄰居，佢都唔會講出嚟。 (His good deeds include helping his neighbors, but he never talks about them.)
3. 佢嘅陰功係幫助佢嘅朋友，佢都唔會講出嚟。 (His good deeds include helping his friends, but he never talks about them.)
4. 佢嘅陰功係幫助佢嘅家人，佢都唔會講出嚟。 (His good deeds include helping his family, but he never talks about them.)
5. 佢嘅陰功係幫助佢嘅同學，佢都唔會講出嚟。 (His good deeds include helping his classmates, but he never talks about them.)
6. 佢嘅陰功係幫助佢嘅同事，佢都唔會講出嚟。 (His good deeds include helping his colleagues, but he never talks about them.)
7. 佢嘅陰功係幫助佢嘅社區，佢都唔會講出嚟。 (His good deeds include helping his community, but he never talks about them.)
8. 佢嘅陰功係幫助佢嘅學校，佢都唔會講出嚟。 (His good deeds include helping his school, but he never talks about them.)
9. 佢嘅陰功係幫助佢嘅公司，佢都唔會講出嚟。 (His good deeds include helping his company, but he never talks about them.)
10. 佢嘅陰功係幫助佢嘅朋友嘅家人，佢都唔會講出嚟。 (His good deeds include helping his friends' family, but he never talks about them.) [end of text]


