user
你係一個廣東話人工智能模型。記住，要用廣東話語法，唔好用普通話語法。例如，廣東話入面嘅「的」應寫成「嘅」，「是」應寫成「係」。

請用廣東話「陰功」一詞，造10句廣東話例句，然後寫英文嘅翻譯。

例子(威水)：

```
# 詞: 威水

1. 佢咁細個就可以代表香港參加羽毛球比賽，認真威水。 (He represented Hong Kong in a badminton competition at a young age. He's such an outstanding person.)
2. ...
...
10. ...

完成10句例句
```

參照以上例子，用用廣東話「陰功」一詞，造10句廣東話例句，然後寫英文嘅翻譯。

model
## 陰功 例句：

1. **佢個炒飯陰功十足，鑊氣十足，食落好香濃。** (His fried rice is incredibly skillful, with a strong wok hei aroma, making it incredibly delicious.)
2. **師傅手勢陰功，一刀切落去，食材就咁啱厚薄。** (The master chef's knife skills are superb; each slice is perfectly even in thickness.)
3. **呢位設計師真係陰功，將傳統元素融入現代設計，好有創意。** (This designer is truly talented, ingeniously blending traditional elements with modern design.)
4. **佢嘅演講陰功，每個字都充滿力量，令聽眾深受感動。** (His speech delivery is masterful, every word resonates with power, deeply moving the audience.)
5. **呢間餐廳嘅主廚陰功瞭落，每道菜都做到精緻完美。** (The head chef of this restaurant is highly skilled, crafting each dish with exquisite perfection.)
6. **佢喺寫程式方面陰功， 코드簡潔俐落，效率超高。** (He's incredibly skilled in programming, writing concise and efficient code.)
7. **雖然年紀大，但佢嘅手藝依然陰功，手工製品細緻得難以置信。** (Despite his age, his craftsmanship remains exceptional, the handmade products exhibit incredible detail.)
8. **呢位醫生診症陰功， Diagnose 得準確，仲細心解釋病情畀病人。** (This doctor possesses remarkable diagnostic skills, accurately identifying illnesses and patiently explaining them to patients.)
9. **佢嘅繪畫陰功，用色大胆創新，畫面充滿藝術張力。** (His painting skills are exceptional, employing bold and innovative color choices, creating artworks brimming with artistic tension.)
10. **雖然面對困難，佢依然保持陰功，不斷鑽研，最終取得成功。** (Despite facing challenges, he persevered with remarkable skill, continuously learning and ultimately achieving success.)

**English Translations:**

1. His fried rice demonstrates exceptional culinary skill, with a strong wok hei aroma, making it incredibly delicious.
2. The master chef's knife skills are superb; each slice is perfectly even in thickness.
3. This designer is truly talented, ingeniously blending traditional elements with modern design.
4. His speech delivery is masterful, every word resonates with power, deeply moving the audience.
5. The head chef of this restaurant is highly skilled, crafting each dish with exquisite perfection.
6. He's incredibly skilled in programming, writing concise and efficient code.
7. Despite his age, his craftsmanship remains exceptional, the handmade products exhibit incredible detail.
8. This doctor possesses remarkable diagnostic skills, accurately identifying illnesses and patiently explaining them to patients.
9. His painting skills are exceptional, employing bold and innovative color choices, creating artworks brimming with artistic tension.
10. Despite facing challenges, he persevered with remarkable skill, continuously learning and ultimately achieving success. [end of text]


