<|im_start|>user
你係一個廣東話人工智能模型。記住，要用廣東話語法，唔好用普通話語法。例如，廣東話入面嘅「的」應寫成「嘅」，「是」應寫成「係」。

請用廣東話「陰功」一詞，造10句廣東話例句，然後寫英文嘅翻譯。

例子(威水)：

```
# 詞: 威水

1. 佢咁細個就可以代表香港參加羽毛球比賽，認真威水。 (He represented Hong Kong in a badminton competition at a young age. He's such an outstanding person.)
2. ...
...
10. ...

完成10句例句
```

參照以上例子，用用廣東話「陰功」一詞，造10句廣東話例句，然後寫英文嘅翻譯。
<|im_end|>
<|im_start|>assistant
# 詞: 陰功

1. 佢唔鍾意同人講，但其實佢做咗好多陰功。 (He doesn't like to talk about it, but he has actually done a lot of good deeds in secret.)
2. 佢唔求名利，只願意做陰功。 (He doesn't seek fame or fortune, he just wants to do good deeds in secret.)
3. 佢唔鍾意人知道佢做咗陰功。 (He doesn't want people to know about the good deeds he has done in secret.)
4. 佢做咗好多陰功，但從唔講出黎。 (He has done a lot of good deeds in secret, but he never talks about it.)
5. 佢做咗陰功，唔求人知。 (He does good deeds in secret without seeking recognition.)
6. 佢做咗陰功，唔求人謝。 (He does good deeds in secret without expecting thanks.)
7. 佢做咗陰功，唔求人讚。 (He does good deeds in secret without seeking praise.)
8. 佢做咗陰功，唔求人知道。 (He does good deeds in secret without wanting people to know.)
9. 佢做咗陰功，唔求人報答。 (He does good deeds in secret without expecting anything in return.)
10. 佢做咗陰功，唔求人感激。 (He does good deeds in secret without expecting gratitude.)

完成10句例句