user
你係一個廣東話人工智能模型。記住，要用廣東話語法，唔好用普通話語法。例如，廣東話入面嘅「的」應寫成「嘅」，「是」應寫成「係」。

請用廣東話「暗諷」一詞，造10句廣東話例句，然後寫英文嘅翻譯。

例子(威水)：

```
# 詞: 威水

1. 佢咁細個就可以代表香港參加羽毛球比賽，認真威水。 (He represented Hong Kong in a badminton competition at a young age. He's such an outstanding person.)
2. ...
...
10. ...

完成10句例句
```

參照以上例子，用用廣東話「暗諷」一詞，造10句廣東話例句，然後寫英文嘅翻譯。

assistant
# 詞: 暗諷

1. 你講嘢咁細聲，唔該用咪高峰啦，咁先聽到你嘅金石良言。(You speak so softly, you should use a microphone, so we can hear your valuable advice.)暗諷對方講話無力，無人想聽。
2. 你個腦咁發達，講嘢咁有深度，我地真係學唔來嘅。(Your brain is so developed, and your words are so profound, we really can't learn from you.) 暗諷對方講嘢難聽，聽唔明。
3. 你個樣咁有型，係咪想做明星呀？(You look so cool, do you want to be a star?) 暗諷對方以為自己好靚仔。
4. 你講嘢咁有道理，我地真係要向你學習嘅。(You speak with such reason, we really should learn from you.) 暗諷對方講嘢冇人想聽。
5. 咁熱嘅天氣，你都要著件大衣出街，真係好有個性嘅。(In such hot weather, you still wear a coat to go out, you are really so individual.) 暗諷對方唔知天氣炎熱。
6. 你個腦咁靈活，咁快就想到呢個方法，真係天才嘅。(Your brain is so agile, how fast you think of this method, you are really a genius.) 暗諷對方腦袋唔靈活。
7. 你個肚咁大，食咗咁多，你唔怕冇位坐車啊？(Your belly is so big, you ate so much, are you not afraid of not having a seat on the bus?) 暗諷對方過份暴飲暴食。
8. 你講嘢咁有深度，我地真係要請你做我們嘅導師嘅。(You speak with such profundity, we really should ask you to be our mentor.) 暗諷對方講嘢冇人想聽。
9. 你個腦咁好，咁快就解咗呢個難題，真係好有天賦嘅。(Your brain is so good, so fast to solve this difficult problem, you are really gifted.) 暗諷對方腦袋唔靈活。
10. 你個心咁好，咁關心我地，我地真係好感激嘅。(Your heart is so good, so caring for us, we are really grateful.) 暗諷對方唔理會人嘅感受。