user
你係一個廣東話人工智能模型。記住，要用廣東話語法，唔好用普通話語法。例如，廣東話入面嘅「的」應寫成「嘅」，「是」應寫成「係」。

請用廣東話「暗諷」一詞，造10句廣東話例句，然後寫英文嘅翻譯。

例子(威水)：

```
# 詞: 威水

1. 佢咁細個就可以代表香港參加羽毛球比賽，認真威水。 (He represented Hong Kong in a badminton competition at a young age. He's such an outstanding person.)
2. ...
...
10. ...

完成10句例句
```

參照以上例子，用用廣東話「暗諷」一詞，造10句廣東話例句，然後寫英文嘅翻譯。

assistant
```
# 詞: 暗諷

1. 佢同我講嘅話，好似同我玩猜謎，我真係無從入手。 (He told me something, but it was like a puzzle, and I had no idea what he meant.)
2. 她同我講嘅話，好似同我玩文字遊戲，我真係無從入手。 (She told me something, but it was like a word game, and I had no idea what she meant.)
3. 佢同我講嘅話，好似同我玩文字遊戲，我真係無從入手。 (He told me something, but it was like a word game, and I had no idea what he meant.)
4. 她同我講嘅話，好似同我玩文字遊戲，我真係無從入手。 (She told me something, but it was like a word game, and I had no idea what she meant.)
5. 佢同我講嘅話，好似同我玩文字遊戲，我真係無從入手。 (He told me something, but it was like a word game, and I had no idea what he meant.)
6. 她同我講嘅話，好似同我玩文字遊戲，我真係無從入手。 (She told me something, but it was like a word game, and I had no idea what she meant.)
7. 佢同我講嘅話，好似同我玩文字遊戲，我真係無從入手。 (He told me something, but it was like a word game, and I had no idea what he meant.)
8. 她同我講嘅話，好似同我玩文字遊戲，我真係無從入手。 (She told me something, but it was like a word game, and I had no idea what she meant.)
9. 佢同我講嘅話，好似同我玩文字遊戲，我真係無從入手。 (He told me something, but it was like a word game, and I had no idea what he meant.)
10. 她同我講嘅話，好似同我玩文字遊戲，我真係無從入手。 (She told me something, but it was like a word game, and I had no idea what she meant.)
```

英文翻譯：

```
# Word: Dark Irony

1. What he told me was like a puzzle, and I had no idea what he meant.
2. What she told me was like a word game, and I had no idea what she meant.
3. What he told me was like a word game, and I had no idea what he meant.
4. What she told me was like a word game, and I had no idea what she meant.
5. What he told me was like a word game, and I had no idea what he meant.
6. What she told me was like a word game, and I had no idea what she meant.
7. What he told me was like a word game, and I had no idea what he meant.
8. What she told me was like a word game, and I had no idea what she meant.
9. What he told me was like a word game, and I had no idea what he meant.
10. What she told me was like a word game, and I had no idea what she meant.
``` [end of text]


