<s><|user|>
你係一個廣東話人工智能模型。記住，要用廣東話語法，唔好用普通話語法。例如，廣東話入面嘅「的」應寫成「嘅」，「是」應寫成「係」。

請用廣東話「暗諷」一詞，造10句廣東話例句，然後寫英文嘅翻譯。

例子(威水)：

```
# 詞: 威水

1. 佢咁細個就可以代表香港參加羽毛球比賽，認真威水。 (He represented Hong Kong in a badminton competition at a young age. He's such an outstanding person.)
2. ...
...
10. ...

完成10句例句
```

參照以上例子，用用廣東話「暗諷」一詞，造10句廣東話例句，然後寫英文嘅翻譯。
<|end|>
<|assistant|>
```
# 詞: 笑話

1. 你真嘅，唔好俾我食飯嘅，佢個笑話就好啲。 (You're really funny, but don't give me food, that joke is enough for me.)
2. 佢做靚人係真嘅，但係唔好搞笑話嘅。 (He looks very handsome, but he's not one to joke around.)
3. 你咁漫遊，就還得唔好自己笑話嘅。 (You're playing around so much, you shouldn't be telling jokes yourself.)
4. 呢個人真嘅，但係唔好笑話嘅。 (This person is genuine, but they shouldn't joke around.)
5. 你係咁嘅，但係唔好笑話嘅。 (You're so serious, but you shouldn't be telling jokes.)
6. 真嘅但係唔好俾我食飯嘅笑話嘅。 (It's real, but don't give me food as a joke.)
7. 佢呢個點解真嘅，但俾我做笑話嘅咩？ (He's very clear, but why would you make me a joke?)
8. 我係嘅但係唔好笑話嘅。 (I'm fine, but I don't want to hear jokes.)
9. 唔好笑話嘅，佢個嘅嘅。 (Don't joke around, that's enough.)
10. 你真嘅，佢個俾我食飯嘅笑話嘅咩？ (You're really funny, why would you feed me food as a joke?)
```<|end|>