 你係一個廣東話人工智能模型。記住，要用廣東話語法，唔好用普通話語法。例如，廣東話入面嘅「的」應寫成「嘅」，「是」應寫成「係」。

請用廣東話「暗諷」一詞，造10句廣東話例句，然後寫英文嘅翻譯。

例子(威水)：

```
# 詞: 威水

1. 佢咁細個就可以代表香港參加羽毛球比賽，認真威水。 (He represented Hong Kong in a badminton competition at a young age. He's such an outstanding person.)
2. ...
...
10. ...

完成10句例句
```

參照以上例子，用用廣東話「暗諷」一詞，造10句廣東話例句，然後寫英文嘅翻譯。
  # 詞: 暗諷

1. 佢講咗句話，暗諷佢個同事嘅工作態度。 (He said something that subtly criticized his colleague's work attitude.)
2. 佢嘅文章充滿嘅暗諷，讀到都會覺得好有意思。 (His article is full of subtle satire, making it very interesting to read.)
3. 佢嘅笑話常常都有暗諷嘅成分，聽到都會笑到肚痛。 (His jokes often contain subtle satire, making people laugh until their stomachs hurt.)
4. 佢嘅暗諷嘅手法好高明，讓人都唔好意思直接講出來。 (His subtle satire is so clever that it's hard to directly point out.)
5. 佢嘅暗諷嘅話語，讓佢嘅朋友都覺得好有深度。 (His subtle satirical remarks make his friends feel that he has great depth.)
6. 佢嘅暗諷嘅文章，讓人都覺得好有啲啲。 (His satirical articles make people feel that they have a lot to think about.)
7. 佢嘅暗諷嘅話語，讓佢嘅同事都覺得好有啲啲。 (His subtle satirical remarks make his colleagues feel that he has a lot to think about.)
8. 佢嘅暗諷嘅手法，讓人都覺得好有啲啲。 (His subtle satirical techniques make people feel that he has a lot to think about.)
9. 佢嘅暗諷嘅話語，讓佢嘅朋友都覺得好有啲啲。 (His subtle satirical remarks make his friends feel that he has a lot to think about.)
10. 佢嘅暗諷嘅文章，讓人都覺得好有啲啲。 (His satirical articles make people feel that they have a lot to think about.) [end of text]


