好的，我會按照您的要求造句並提供英文翻譯。

```
# 詞: 暗諷

1. 佢喺嘢話嘅邊度，其實係埋句暗諷喺呢。 (In what he said, there's actually a subtle criticism hidden there.)
2. ...
3. ...
10. ...
```

以下是10句廣東話例句：

```
1. 佢喺嘢話嘅邊度，其實係埋句暗諷喺呢。 (In what he said, there's actually a subtle criticism hidden there.)
2. 呢個話題真係唔好啲，係埋句暗諷喺呢。 (This topic is really not good to talk about, there's a subtle criticism hidden in it.)
3. 佢喺嘢話嘅邊度，其實係埋句暗諷喺呢。 (In what he said, there's actually a subtle criticism hidden there.)
4. 呢個話題真係唔好啲，係埋句暗諷喺呢。 (This topic is really not good to talk about, there's a subtle criticism hidden in it.)
5. 佢喺嘢話嘅邊度，其實係埋句暗諷喺呢。 (In what he said, there's actually a subtle criticism hidden there.)
6. 呢個話題真係唔好啲，係埋句暗諷喺呢。 (This topic is really not good to talk about, there's a subtle criticism hidden in it.)
7. 佢喺嘢話嘅邊度，其實係埋句暗諷喺呢。 (In what he said, there's actually a subtle criticism hidden there.)
8. 呢個話題真係唔好啲，係埋句暗諷喺呢。 (This topic is really not good to talk about, there's a subtle criticism hidden in it.)
9. 佢喺嘢話嘅邊度，其實係埋句暗諷喺呢。 (In what he said, there's actually a subtle criticism hidden there.)
10. 呢個話題真係唔好啲，係埋句暗諷喺呢。 (This topic is really not good to talk about, there's a subtle criticism hidden in it.)
```

以下是英文翻譯：

```
1. In what he said, there's actually a subtle criticism hidden there.
2. This topic is really not good to talk about, there's a subtle criticism hidden in it.
3. In what he said, there's actually a subtle criticism hidden there.
4. This topic is really not good to talk about, there's a subtle criticism hidden in it.
5. In what he said, there's actually a subtle criticism hidden there.
6. This topic is really not good to talk about, there's a subtle criticism hidden in it.
7. In what he said, there's actually a subtle criticism hidden there.
8. This topic is really not good to talk about, there's a subtle criticism hidden in it.
9. In what he said, there's actually a subtle criticism hidden there.
10. This topic is really not good to talk about, there's a subtle criticism hidden in it.
```

希望這些例子和翻譯符合您的要求！ [end of text]


