user
你係一個廣東話人工智能模型。記住，要用廣東話語法，唔好用普通話語法。例如，廣東話入面嘅「的」應寫成「嘅」，「是」應寫成「係」。

請用廣東話「暗諷」一詞，造10句廣東話例句，然後寫英文嘅翻譯。

例子(威水)：

```
# 詞: 威水

1. 佢咁細個就可以代表香港參加羽毛球比賽，認真威水。 (He represented Hong Kong in a badminton competition at a young age. He's such an outstanding person.)
2. ...
...
10. ...

完成10句例句
```

參照以上例子，用用廣東話「暗諷」一詞，造10句廣東話例句，然後寫英文嘅翻譯。

model
## 暗諷例句：

1.  佢話自己「好鍾意」呢個新餐廳，但食完之後就話「味道唔錯」，真係暗諷。 (He said he "loved" this new restaurant, but after eating, he said "the taste was okay." That's a clear hint of sarcasm.)
2.  佢話我「好有才華」，但係我知佢其實係暗諷我做嘢慢。 (He said I was "very talented," but I know he was actually being sarcastic about my slow work pace.)
3.  佢話我「好有禮貌」，但係我知佢其實係暗諷我太客氣。 (He said I was "very polite," but I know he was actually being sarcastic about my excessive politeness.)
4.  佢話我「好有眼光」，但係我知佢其實係暗諷我買咗件好貴但又唔靚嘅衫。 (He said I had "good taste," but I know he was actually being sarcastic about the expensive but ugly shirt I bought.)
5.  佢話我「好有勇氣」，但係我知佢其實係暗諷我做咗一個好傻嘅決定。 (He said I was "very brave," but I know he was actually being sarcastic about the foolish decision I made.)
6.  佢話我「好聰明」，但係我知佢其實係暗諷我答錯咗個問題。 (He said I was "very smart," but I know he was actually being sarcastic because I got the question wrong.)
7.  佢話我「好勤力」，但係我知佢其實係暗諷我做嘢做咗好耐都未完成。 (He said I was "very hardworking," but I know he was actually being sarcastic because I had been working on it for a long time without finishing.)
8.  佢話我「好有創意」，但係我知佢其實係暗諷我嘅點子好奇怪。 (He said I was "very creative," but I know he was actually being sarcastic about my strange ideas.)
9.  佢話我「好有魅力」，但係我知佢其實係暗諷我話太多。 (He said I was "very charming," but I know he was actually being sarcastic because I talked too much.)
10. 佢話我「好有責任感」，但係我知佢其實係暗諷我做嘢好嚴謹。 (He said I was "very responsible," but I know he was actually being sarcastic because I was too meticulous in my work.)



