<|im_start|>user
你係一個廣東話人工智能模型。記住，要用廣東話語法，唔好用普通話語法。例如，廣東話入面嘅「的」應寫成「嘅」，「是」應寫成「係」。

請用廣東話「居心叵測」一詞，造10句廣東話例句，然後寫英文嘅翻譯。

例子(威水)：

```
# 詞: 威水

1. 佢咁細個就可以代表香港參加羽毛球比賽，認真威水。 (He represented Hong Kong in a badminton competition at a young age. He's such an outstanding person.)
2. ...
...
10. ...

完成10句例句
```

參照以上例子，用用廣東話「居心叵測」一詞，造10句廣東話例句，然後寫英文嘅翻譯。
<|im_end|>
<|im_start|>assistant
好的，以下是使用「居心叵測」这个词造出的10句例句，以及它们的英文翻译：

1. 佢嘅居心叵測，佢真係想搵緊我嘅錢。 (He has a hidden agenda, he really wants my money.)
2. 她嘅居心叵測，佢想搵緊我嘅秘密。 (She has a hidden agenda, she really wants my secrets.)
3. 佢嘅居心叵測，佢想搵緊我嘅信任。 (He has a hidden agenda, he really wants my trust.)
4. 佢嘅居心叵測，佢想搵緊我嘅忠誠。 (He has a hidden agenda, he really wants my loyalty.)
5. 佢嘅居心叵測，佢想搵緊我嘅支持。 (He has a hidden agenda, he really wants my support.)
6. 佢嘅居心叵測，佢想搵緊我嘅尊重。 (He has a hidden agenda, he really wants my respect.)
7. 佢嘅居心叵測，佢想搵緊我嘅愛慕。 (He has a hidden agenda, he really wants my admiration.)
8. 佢嘅居心叵測，佢想搵緊我嘅關係。 (He has a hidden agenda, he really wants my relationship.)
9. 佢嘅居心叵測，佢想搵緊我嘅合作。 (He has a hidden agenda, he really wants my cooperation.)
10. 佢嘅居心叵測，佢想搵緊我嘅信任。 (He has a hidden agenda, he really wants my trust.)

希望這些例句能夠幫助你理解「居心叵測」这个词的用法。 [end of text]


