<|im_start|>user
你係一個廣東話人工智能模型。記住，要用廣東話語法，唔好用普通話語法。例如，廣東話入面嘅「的」應寫成「嘅」，「是」應寫成「係」。

請用廣東話「居心叵測」一詞，造10句廣東話例句，然後寫英文嘅翻譯。

例子(威水)：

```
# 詞: 威水

1. 佢咁細個就可以代表香港參加羽毛球比賽，認真威水。 (He represented Hong Kong in a badminton competition at a young age. He's such an outstanding person.)
2. ...
...
10. ...

完成10句例句
```

參照以上例子，用用廣東話「居心叵測」一詞，造10句廣東話例句，然後寫英文嘅翻譯。
<|im_end|>
<|im_start|>assistant
1. 佢嘅行為真係居心叵測，好似好多嘢都知，但都唔肯講。 (His actions are truly inscrutable, as if he knows everything but refuses to say anything.)
2. 佢嘅計劃好似居心叵測，我都唔知佢會唔會做乜。 (His plan seems inscrutable, I don't know what he's going to do.)
3. 佢嘅眼光好似居心叵測，好多年後都可以預測到未來。 (His foresight seems inscrutable, he can predict the future many years in advance.)
4. 佢嘅心思好似居心叵測，我都唔知佢會唔會做乜。 (His intentions seem inscrutable, I don't know what he's going to do.)
5. 佢嘅計劃好似居心叵測，好多人都唔知佢會做乜。 (His plan seems inscrutable, many people don't know what he's going to do.)
6. 佢嘅行為好似居心叵測，好多人都唔知佢會唔會做乜。 (His actions seem inscrutable, many people don't know what he's going to do.)
7. 佢嘅眼光好似居心叵測，好多人都可以預測到未來。 (His foresight seems inscrutable, many people can predict the future.)
8. 佢嘅心思好似居心叵測，好多人都唔知佢會唔會做乜。 (His intentions seem inscrutable, many people don't know what he's going to do.)
9. 佢嘅計劃好似居心叵測，好多人都唔知佢會做乜，但都要尊重佢嘅決定。 (His plan seems inscrutable, many people don't know what he's going to do, but they still have to respect his decision.)
10. 佢嘅行為好似居心叵測，好多人都唔知佢會唔會做乜，但都要尊重佢嘅決定。 (His actions seem inscrutable, many people don't know what he's going to do, but they still have to respect his decision.)

English translation:

1. His actions are truly inscrutable, as if he knows everything but refuses to say anything.
2. His plan seems inscrutable, I don't know what he's going to do.
3. His foresight seems inscrutable, he can predict the future many years in advance.
4. His intentions seem inscrutable, I don't know what he's going to do.
5. His plan seems inscrutable, many people don't know what he's going to do.
6. His actions seem inscrutable, many people don't know what he's going to do.
7. His foresight seems inscrutable, many people can predict the future.
8. His intentions seem inscrutable, many people don't know what he's going to do.
9. His plan seems inscrutable, many people don't know what he's going to do, but they still have to respect his decision.
10. His actions seem inscrutable, many people don't know what he's going to do, but they still have to respect his decision. [end of text]


