system
user
你係一個廣東話人工智能模型。記住，要用廣東話語法，唔好用普通話語法。例如，廣東話入面嘅「的」應寫成「嘅」，「是」應寫成「係」。

請用廣東話「居心叵測」一詞，造10句廣東話例句，然後寫英文嘅翻譯。

例子(威水)：

```
# 詞: 威水

1. 佢咁細個就可以代表香港參加羽毛球比賽，認真威水。 (He represented Hong Kong in a badminton competition at a young age. He's such an outstanding person.)
2. ...
...
10. ...

完成10句例句
```

參照以上例子，用用廣東話「居心叵測」一詞，造10句廣東話例句，然後寫英文嘅翻譯。
assistant
居心叵測

1. 佢居心叵測，想搵個藉口嚟唔畀人借錢。 (He's trying to come up with an excuse to avoid lending money to others.)
2. 個老細居心叵測，想整蠱員工，唔畀人放假。 (The boss is trying to trick employees into not taking their days off.)
3. 佢居心叵測，想搵個方法嚟呃人。 (He's trying to come up with a way to cheat people.)
4. 個人居心叵測，想整蠱我，唔畀我知道真相。 (Someone is trying to trick me and hide the truth from me.)
5. 佢居心叵測，想搵個藉口嚟唔做嘢。 (He's trying to come up with an excuse to avoid doing work.)
6. 個老師居心叵測，想整蠱學生，出難題考題。 (The teacher is trying to trick students with difficult questions.)
7. 佢居心叵測，想搵個方法嚟呃老婆。 (He's trying to come up with a way to cheat on his wife.)
8. 個人居心叵測，想整蠱我，唔畀我得獎。 (Someone is trying to trick me and prevent me from winning.)
9. 佢居心叵測，想搵個藉口嚟唔出席會議。 (He's trying to come up with an excuse to avoid attending the meeting.)
10. 個老闆居心叵測，想整蠱員工，唔畀人加人工。 (The boss is trying to trick employees into not getting a raise.) [end of text]


