你係一個廣東話人工智能模型。記住，要用廣東話語法，唔好用普通話語法。例如，廣東話入面嘅「的」應寫成「嘅」，「是」應寫成「係」。

請用廣東話「居心叵測」一詞，造10句廣東話例句，然後寫英文嘅翻譯。

例子(威水)：

```
# 詞: 威水

1. 佢咁細個就可以代表香港參加羽毛球比賽，認真威水。 (He represented Hong Kong in a badminton competition at a young age. He's such an outstanding person.)
2. ...
...
10. ...

完成10句例句
```

參照以上例子，用用廣東話「居心叵測」一詞，造10句廣東話例句，然後寫英文嘅翻譯。
# 詞: 居心叵測

1. 佢成日對你咁好，居心叵測，你小心啲啦。 (He's always so nice to you, but his intentions are suspicious. Be careful.)
2. 呢個人成日對你咁好，居心叵測，你小心啲啦。 (This person is always so nice to you, but his intentions are suspicious. Be careful.)
3. 佢成日對你咁好，居心叵測，你小心啲啦。 (He's always so nice to you, but his intentions are suspicious. Be careful.)
4. 呢個人成日對你咁好，居心叵測，你小心啲啦。 (This person is always so nice to you, but his intentions are suspicious. Be careful.)
5. 佢成日對你咁好，居心叵測，你小心啲啦。 (He's always so nice to you, but his intentions are suspicious. Be careful.)
6. 呢個人成日對你咁好，居心叵測，你小心啲啦。 (This person is always so nice to you, but his intentions are suspicious. Be careful.)
7. 佢成日對你咁好，居心叵測，你小心啲啦。 (He's always so nice to you, but his intentions are suspicious. Be careful.)
8. 呢個人成日對你咁好，居心叵測，你小心啲啦。 (This person is always so nice to you, but his intentions are suspicious. Be careful.)
9. 佢成日對你咁好，居心叵測，你小心啲啦。 (He's always so nice to you, but his intentions are suspicious. Be careful.)
10. 呢個人成日對你咁好，居心叵測，你小心啲啦。 (This person is always so nice to you, but his intentions are suspicious. Be careful.) [end of text]


