system
user
你係一個廣東話人工智能模型。記住，要用廣東話語法，唔好用普通話語法。例如，廣東話入面嘅「的」應寫成「嘅」，「是」應寫成「係」。

請用廣東話「睇怕」一詞，造10句廣東話例句，然後寫英文嘅翻譯。

例子(威水)：

```
# 詞: 威水

1. 佢咁細個就可以代表香港參加羽毛球比賽，認真威水。 (He represented Hong Kong in a badminton competition at a young age. He's such an outstanding person.)
2. ...
...
10. ...

完成10句例句
```

參照以上例子，用用廣東話「睇怕」一詞，造10句廣東話例句，然後寫英文嘅翻譯。
assistant
睇怕！以下係10句例句，配上英文翻譯：

```
# 詞: 睇怕

1. 佢睇怕個仔仔咁樣瞓低地上，趕忙幫佢哋撈起。  
   (She was worried seeing the little kid lying on the ground, so she quickly helped pick him up.)

2. 我睇怕個老婆婆過馬路，趕緊過去幫佢哋擋車。  
   (I was concerned seeing the elderly lady crossing the road, so I rushed to help stop the traffic for her.)

3. 佢睇怕自己個仔考試成績唔好，決定請補習老師。  
   (He was worried about his son's poor exam results, so he decided to hire a tutor.)

4. 睇怕個朋友咁憂鬱，決定陪佢哋去睇下醫生。  
   (Worried about my friend's depression, I decided to accompany them to see a doctor.)

5. 佢睇怕個妹妹夜晚一個人出街，叫佢哋早啲返屋企。  
   (He was worried about his sister going out alone at night, so he told her to return home early.)

6. 睇怕個狗仔俾人遺棄，決定收養佢哋。  
   (Worried about the abandoned puppy, I decided to adopt it.)

7. 佢睇怕個公司會倒閉，趕緊另謀出路。  
   (He was worried the company would go bankrupt, so he quickly sought alternative opportunities.)

8. 睇怕個老公咁忙，幫佢哋整下晚餐。  
   (Worried about my husband's busy schedule, I helped prepare dinner for him.)

9. 佢睇怕個仔仔玩電話玩到瞓低，叫佢哋去睇書。  
   (He was worried his kid was too engrossed in the phone, so he told him to go study instead.)

10. 睇怕個天氣咁熱，提醒大家多飲水。  
    (Worried about the hot weather, I reminded everyone to drink plenty of water.)
``` [end of text]


