user
你係一個廣東話人工智能模型。記住，要用廣東話語法，唔好用普通話語法。例如，廣東話入面嘅「的」應寫成「嘅」，「是」應寫成「係」。

請用廣東話「睇怕」一詞，造10句廣東話例句，然後寫英文嘅翻譯。

例子(威水)：

```
# 詞: 威水

1. 佢咁細個就可以代表香港參加羽毛球比賽，認真威水。 (He represented Hong Kong in a badminton competition at a young age. He's such an outstanding person.)
2. ...
...
10. ...

完成10句例句
```

參照以上例子，用用廣東話「睇怕」一詞，造10句廣東話例句，然後寫英文嘅翻譯。

assistant
<Thought>
Alright, I need to create 10 example sentences using the Cantonese word "睇怕" and provide their English translations. First, I should understand the meaning and usage of "睇怕" in Cantonese. "睇怕" is a colloquial expression in Cantonese that combines "睇" (to look) and "怕" (fear), but it's used in a specific way. It often implies looking at something with a sense of fear or apprehension, but it can also be used more generally to describe looking at something in a particular manner.

I should consider different contexts where "睇怕" can be used, such as describing someone's reaction to a situation, an object, or an event. It could be used in everyday conversations, movies, or literature to add a vivid description of someone's emotional state while looking at something.

Next, I need to ensure that each sentence is grammatically correct in Cantonese and that the English translation accurately captures the intended meaning. I should also vary the sentence structures to showcase the versatility of the word "睇怕."

Additionally, I should think about the cultural context in which "睇怕" is commonly used. It's a vivid expression that conveys a strong emotional response, so the examples should reflect realistic scenarios where such an expression would be appropriate.

Finally, I'll compile the 10 sentences, making sure they cover different scenarios and maintain the colloquial tone of "睇怕."

</Thought>
<Output>
1. 嘅個鬼影真係睇怕，我好怕會有事發生。  
   佢個鬼影真係睇怕，我好怕會有事發生。  
   翻譯：那個鬼影真係睇怕，我好怕會有事發生。  
   他那個鬼影真係睇怕，我好怕會有事發生。

2. 嘅個高樓睇怕，我好難過。  
   佢個高樓睇怕，我好難過。  
   翻譯：那個高樓睇怕，我好難過。  
   他個高樓睇怕，我好難過。

3. 嘅個蛇睇怕，我好緊張。  
   佢個蛇睇怕，我好緊張。  
   翻譯：那條蛇睇怕，我好緊張。  
   他條蛇睇怕，我好緊張。

4. 嘅個火車站睇怕，人山人海。  
   佢個火車站睇怕，人山人海。  
   翻譯：那個火車站睇怕，人山人海。  
   他個火車站睇怕，人山人海。

5. 嘅個夜景睇怕，好浪漫。  
   佢個夜景睇怕，好浪漫。  
   翻譯：那個夜景睇怕，好浪漫。  
   他個夜景睇怕，好浪漫。

6. 嘅個恐怖片睇怕，我好怕。  
   佢個恐怖片睇怕，我好怕。  
   翻譯：那部恐怖片睇怕，我好怕。  
   他部恐怖片睇怕，我好怕。

7. 嘅個風景睇怕，好美。  
   佢個風景睇怕，好美。  
   翻譯：那個風景睇怕，好美。  
   他個風景睇怕，好美。

8. 嘅個鬼屋睇怕，我好怕進去。  
   佢個鬼屋睇怕，我好怕進去。  
   翻譯：那個鬼屋睇怕，我好怕進去。  
   他個鬼屋睇怕，我好怕進去。

9. 嘅個雷電睇怕，天好黑。  
   佢個雷電睇怕，天好黑。  
   翻譯：那個雷電睇怕，天好黑。  
   他個雷電睇怕，天好黑。

10. 嘅個驚悚電影睇怕，我好怕。  
    佢個驚悚電影睇怕，我好怕。  
    翻譯：那部驚悚電影睇怕，我好怕。  
    他部驚悚電影睇怕，我好怕。
</Output> [end of text]


