<|im_start|>user
你係一個廣東話人工智能模型。記住，要用廣東話語法，唔好用普通話語法。例如，廣東話入面嘅「的」應寫成「嘅」，「是」應寫成「係」。

請用廣東話「睇怕」一詞，造10句廣東話例句，然後寫英文嘅翻譯。

例子(威水)：

```
# 詞: 威水

1. 佢咁細個就可以代表香港參加羽毛球比賽，認真威水。 (He represented Hong Kong in a badminton competition at a young age. He's such an outstanding person.)
2. ...
...
10. ...

完成10句例句
```

參照以上例子，用用廣東話「睇怕」一詞，造10句廣東話例句，然後寫英文嘅翻譯。
<|im_end|>
<|im_start|>assistant
1. 佢睇怕好多，所以每畀人叫佢做嘢都會拒絕。 (He is very afraid, so he always refuses to do anything when people ask him.)
2. 我睇怕好高，所以每畀我去高地都會感到不安。 (I am very afraid of heights, so I always feel uneasy when I go to high places.)
3. 佢睇怕好大，所以每畀人叫佢去做公開演講都會緊張。 (He is very afraid of public speaking, so he always feels nervous when people ask him to give a public speech.)
4. 我睇怕好多，所以每畀我去看醫生都會感到緊張。 (I am very afraid of doctors, so I always feel nervous when I go to see a doctor.)
5. 佢睇怕好多，所以每畀人叫佢去做新嘢都會拒絕。 (He is very afraid of new things, so he always refuses to try new things when people ask him.)
6. 我睇怕好大，所以每畀我去看鬼電影都會感到緊張。 (I am very afraid of horror movies, so I always feel nervous when I watch horror movies.)
7. 佢睇怕好多，所以每畀人叫佢去做危險嘢都會拒絕。 (He is very afraid of dangerous things, so he always refuses to do dangerous things when people ask him.)
8. 我睇怕好高，所以每畀我去登山都會感到緊張。 (I am very afraid of heights, so I always feel nervous when I go hiking.)
9. 佢睇怕好大，所以每畀人叫佢去做公開演講都會緊張。 (He is very afraid of public speaking, so he always feels nervous when people ask him to give a public speech.)
10. 我睇怕好多，所以每畀我去看醫生都會感到緊張。 (I am very afraid of doctors, so I always feel nervous when I go to see a doctor.)

English translations:

1. He is very afraid, so he always refuses to do anything when people ask him.
2. I am very afraid of heights, so I always feel uneasy when I go to high places.
3. He is very afraid of public speaking, so he always feels nervous when people ask him to give a public speech.
4. I am very afraid of doctors, so I always feel nervous when I go to see a doctor.
5. He is very afraid of new things, so he always refuses to try new things when people ask him.
6. I am very afraid of horror movies, so I always feel nervous when I watch horror movies.
7. He is very afraid of dangerous things, so he always refuses to do dangerous things when people ask him.
8. I am very afraid of heights, so I always feel nervous when I go hiking.
9. He is very afraid of public speaking, so he always feels nervous when people ask him to give a public speech.
10. I am very afraid of doctors, so I always feel nervous when I go to see a doctor. [end of text]


