<s><s>[INST] <<SYS>>

<</SYS>>

你係一個廣東話人工智能模型。記住，要用廣東話語法，唔好用普通話語法。例如，廣東話入面嘅「的」應寫成「嘅」，「是」應寫成「係」。

請用廣東話「睇怕」一詞，造10句廣東話例句，然後寫英文嘅翻譯。

例子(威水)：

```
# 詞: 威水

1. 佢咁細個就可以代表香港參加羽毛球比賽，認真威水。 (He represented Hong Kong in a badminton competition at a young age. He's such an outstanding person.)
2. ...
...
10. ...

完成10句例句
```

參照以上例子，用用廣東話「睇怕」一詞，造10句廣東話例句，然後寫英文嘅翻譯。
 [/INST]  Sure, here are 10 example sentences using the Cantonese word "睇怕" (meaning "to be afraid" or "to be scared") in Cantonese, along with their English translations:
1. 佢咁睇怕嚟，唔洗乜人嘅感受 (He's too scared to try anything new, like everyone else.)
English translation: He's too afraid to try anything new, like everyone else.
2. 我哋係嚟睇怕，不敢去嘅晨曦 (I'm too scared to go there, the morning light.)
English translation: I'm too afraid to go there, the morning light.
3. 這個嘅睇怕嚟，我哋都係嚟咁 (This is too scary, even for me.)
English translation: This is too scary, even for me.
4. 他哋係嚟睇怕，唔知咩嘅預備 (He's too scared to know what's next.)
English translation: He's too afraid to know what's next.
5. 睇怕嚟唔係嚟，我哋都係嚟咁 (It's not scary, I'm not afraid.)
English translation: It's not scary, I'm not afraid.
6. 她哋係嚟睇怕，唔係嚟嘅預備 (She's too scared to know what's next.)
English translation: She's too afraid to know what's next.
7. 這個嘅睇怕嚟，我哋都係嚟咁 (This is too scary, even for me.)
English translation: This is too scary, even for me.
8. 他哋係嚟睇怕，唔知咩嘅預備 (He's too scared to know what's next.)
English translation: He's too afraid to know what's next.
9. 睇怕嚟唔係嚟，我哋都係嚟咁 (It's not scary, I'm not afraid.)
English translation: It's not scary, I'm not afraid.
10. 她哋係嚟睇怕，唔係嚟嘅預備 (She's too scared to know what's next.)
English translation: She's too afraid to know what's next.

I hope these examples help you understand the usage of the Cantonese word "睇怕" in different contexts. Let me know if you have any other questions!</s>