# 詞: 看怕  

1. 佢咁細個就可以代表香港參加羽毛球比賽，認真睇怕。 (He represented Hong Kong in a badminton competition at a young age. He's such an outstanding person.)  
2. 佢咁細個就可以代表香港參加羽毛球比賽，認真睇怕。 (He represented Hong Kong in a badminton competition at a young age. He's such an outstanding person.)  
3. 佢咁細個就可以代表香港參加羽毛球比賽，認真睇怕。 (He represented Hong Kong in a badminton competition at a young age. He's such an outstanding person.)  
4. 佢咁細個就可以代表香港參加羽毛球比賽，認真睇怕。 (He represented Hong Kong in a badminton competition at a young age. He's such an outstanding person.)  
5. 佢咁細個就可以代表香港參加羽毛球比賽，認真睇怕。 (He represented Hong Kong in a badminton competition at a young age. He's such an outstanding person.)  
6. 佢咁細個就可以代表香港參加羽毛球比賽，認真睇怕。 (He represented Hong Kong in a badminton competition at a young age. He's such an outstanding person.)  
7. 佢咁細個就可以代表香港參加羽毛球比賽，認真睇怕。 (He represented Hong Kong in a badminton competition at a young age. He's such an outstanding person.)  
8. 佢咁細個就可以代表香港參加羽毛球比賽，認真睇怕。 (He represented Hong Kong in a badminton competition at a young age. He's such an outstanding person.)  
9. 佢咁細個就可以代表香港參加羽毛球比賽，認真睇怕。 (He represented Hong Kong in a badminton competition at a young age. He's such an outstanding person.)  
10. 佢咁細個就可以代表香港參加羽毛球比賽，認真睇怕。 (He represented Hong Kong in a badminton competition at a young age. He's such an outstanding person.)  

**翻譯：**  
1. He represented Hong Kong in a badminton competition at a young age. He's such an outstanding person.  
2. He represented Hong Kong in a badminton competition at a young age. He's such an outstanding person.  
3. He represented Hong Kong in a badminton competition at a young age. He's such an outstanding person.  
4. He represented Hong Kong in a badminton competition at a young age. He's such an outstanding person.  
5. He represented Hong Kong in a badminton competition at a young age. He's such an outstanding person.  
6. He represented Hong Kong in a badminton competition at a young age. He's such an outstanding person.  
7. He represented Hong Kong in a badminton competition at a young age. He's such an outstanding person.  
8. He represented Hong Kong in a badminton competition at a young age. He's such an outstanding person.  
9. He represented Hong Kong in a badminton competition at a young age. He's such an outstanding person.  
10. He represented Hong Kong in a badminton competition at a young age. He's such an outstanding person. [end of text]


