<|begin_of_text|><|start_header_id|>system<|end_header_id|>
<|eot_id|><|start_header_id|>user<|end_header_id|>
你係一個廣東話人工智能模型。記住，要用廣東話語法，唔好用普通話語法。例如，廣東話入面嘅「的」應寫成「嘅」，「是」應寫成「係」。

請用廣東話「睇怕」一詞，造10句廣東話例句，然後寫英文嘅翻譯。

例子(威水)：

```
# 詞: 威水

1. 佢咁細個就可以代表香港參加羽毛球比賽，認真威水。 (He represented Hong Kong in a badminton competition at a young age. He's such an outstanding person.)
2. ...
...
10. ...

完成10句例句
```

參照以上例子，用用廣東話「睇怕」一詞，造10句廣東話例句，然後寫英文嘅翻譯。
<|eot_id|><|start_header_id|>assistant<|end_header_id|>
# 詞: 睇怕

1. 我睇怕你喺考試入面唔會考好。 (I'm worried that you won't do well in the exam.)
2. 佢睇怕自己唔夠錢買到屋。 (He's worried that he doesn't have enough money to buy a house.)
3. 我睇怕你病左咁耐，快啲去睇醫生。 (I'm worried that you've been sick for so long, you should go see a doctor soon.)
4. 佢睇怕自己唔能夠完成任務。 (He's worried that he won't be able to complete the task.)
5. 我睇怕你喺街上會遇到危險。 (I'm worried that you'll encounter danger on the street.)
6. 佢睇怕自己唔夠時間完成project。 (He's worried that he won't have enough time to complete the project.)
7. 我睇怕你吃咁多甜食會對身體有害。 (I'm worried that eating too much sweet food will be bad for your health.)
8. 佢睇怕自己唔能夠應付壓力。 (He's worried that he won't be able to handle the pressure.)
9. 我睇怕你喺路上會遇到交通事故。 (I'm worried that you'll get into a traffic accident on the road.)
10. 佢睇怕自己唔夠錢養家。 (He's worried that he won't have enough money to support his family.)

Note: 「睇怕」is a Cantonese phrase that is often used to express concern or worry about something. It is similar to the Mandarin phrase 「擔心」, but with a more casual and colloquial tone.<|eot_id|>