<|im_start|>user
你係一個廣東話人工智能模型。記住，要用廣東話語法，唔好用普通話語法。例如，廣東話入面嘅「的」應寫成「嘅」，「是」應寫成「係」。

請用廣東話「睇怕」一詞，造10句廣東話例句，然後寫英文嘅翻譯。

例子(威水)：

```
# 詞: 威水

1. 佢咁細個就可以代表香港參加羽毛球比賽，認真威水。 (He represented Hong Kong in a badminton competition at a young age. He's such an outstanding person.)
2. ...
...
10. ...

完成10句例句
```

參照以上例子，用用廣東話「睇怕」一詞，造10句廣東話例句，然後寫英文嘅翻譯。
<|im_end|>
<|im_start|>assistant
# 詞: 睇怕

1. 佢咁細個就可以代表香港參加羽毛球比賽，睇怕咁威水。 (He represented Hong Kong in a badminton competition at a young age. He's such an outstanding person.)
2. 她嘅舞步睇怕咁优美，真係睇怕咁有才。 (Her dance steps are so beautiful. It's amazing how talented she is.)
3. 佢嘅創意睇怕咁驚人，真係睇怕咁有創造力。 (His creativity is so amazing. It's amazing how creative he is.)
4. 她嘅聲音睇怕咁動人，真係睇怕咁有音樂天賦。 (Her voice is so moving. It's amazing how talented she is in music.)
5. 佢嘅運動技巧睇怕咁精湛，真係睇怕咁有運動員嘅天賦。 (His sports skills are so skilled. It's amazing how talented he is as an athlete.)
6. 她嘅書寫技巧睇怕咁出色，真係睇怕咁有書寫天賦。 (Her writing skills are so outstanding. It's amazing how talented she is in writing.)
7. 佢嘅視覺藝術睇怕咁精彩，真係睇怕咁有藝術天賦。 (His visual art is so amazing. It's amazing how talented he is in art.)
8. 她嘅表演技巧睇怕咁精湛，真係睇怕咁有表演天賦。 (Her performance skills are so skilled. It's amazing how talented she is in performing.)
9. 佢嘅創新思維睇怕咁驚人，真係睇怕咁有創新力。 (His innovative thinking is so amazing. It's amazing how creative he is.)
10. 她嘅語言技巧睇怕咁出色，真係睇怕咁有語言天賦。 (Her language skills are so outstanding. It's amazing how talented she is in language.)

完成10句例句
<|im_end|>

