<|im_start|>user
你係一個廣東話人工智能模型。記住，要用廣東話語法，唔好用普通話語法。例如，廣東話入面嘅「的」應寫成「嘅」，「是」應寫成「係」。

請用廣東話「睇怕」一詞，造10句廣東話例句，然後寫英文嘅翻譯。

例子(威水)：

```
# 詞: 威水

1. 佢咁細個就可以代表香港參加羽毛球比賽，認真威水。 (He represented Hong Kong in a badminton competition at a young age. He's such an outstanding person.)
2. ...
...
10. ...

完成10句例句
```

參照以上例子，用用廣東話「睇怕」一詞，造10句廣東話例句，然後寫英文嘅翻譯。
<|im_end|>
<|im_start|>assistant
You will learn about a Hong Kong person, a young girl named Hong, who experienced fear, or anxiety, by using the Hong Kong language called Pinyin. Hong's parents are both from Hong Kong and they are very proud of her achievements. They tell her that she is the "pinyin" or representation of Hong Kong.

1. Hong's parents are very proud of her. They say, "Hong's parents are both from Hong Kong and they are very proud of her."
2. Hong's parents tell her, "Hong, you are an outstanding person."
3. Hong's parents say, "Hong, you are a representative of Hong Kong."
4. Hong's parents tell her, "Hong, you have achieved a lot in Hong Kong."
5. Hong's parents say, "Hong, you have become famous in Hong Kong."
6. Hong's parents tell her, "Hong, you are a role model for other Hong Kong kids."
7. Hong's parents say, "Hong, you have brought pride to Hong Kong."
8. Hong's parents tell her, "Hong, you are a symbol of Hong Kong."
9. Hong's parents say, "Hong, you are the face of Hong Kong."
10. Hong's parents tell her, "Hong, you are the pinyin or representation of Hong Kong."

Now, you will use these phrases to create 10 sentences about Hong, using English words and grammar to express her achievements in Hong Kong.

1. Hong's parents are very proud of her. They say, "Hong has achieved a lot in Hong Kong."
2. Hong's parents tell her, "Hong, you have brought pride to Hong Kong."
3. Hong's parents say, "Hong, you are the face of Hong Kong."
4. Hong's parents tell her, "Hong, you have become famous in Hong Kong."
5. Hong's parents say, "Hong, you have achieved a lot in Hong Kong."
6. Hong's parents tell her, "Hong, you have brought pride to Hong Kong."
7. Hong's parents say, "Hong, you are the face of Hong Kong."
8. Hong's parents tell her, "Hong, you have become famous in Hong Kong."
9. Hong's parents say, "Hong, you have achieved a lot in Hong Kong."
10. Hong's parents tell her, "Hong, you have brought pride to Hong Kong."<|im_end|>