The user wants me to create sentences in Cantonese using the provided words. The key instruction is to use Cantonese grammar, not Mandarin grammar. This means using "嘅" instead of "的", "係" instead of "是", etc.

Let me go through each word and create a natural-sounding Cantonese sentence with English translation.

1. 飲茶 - Already provided, good example.
2. 圖書館 - Already provided, good example.
3. 養聲 - "保養聲線、聲帶，令到唔會過份勞損，或者勞損之後康復"
   Cantonese: 歌手平時要識得養聲，唔可以成日喊。
   English: Singers need to know how to take care of their voice, they can't cry all the time.

4. 票尾 - "喺張#飛 度搣落嚟留返畀持有者做#收據 嘅嗰部份"
   Cantonese: 入場之後記住要留低票尾，到時可以憑票尾抽獎。
   English: Remember to keep the ticket stub after entering, you can use it for the lucky draw later.

5. hacker - "#hack 入人哋部電腦嘅人"
   Cantonese: 嗰個hacker入侵咗銀行嘅電腦系統。
   English: That hacker invaded the bank's computer system.

6. 石斛蘭 - "植物名；一種蘭花，特點係會依附喺樹上面生長"
   Cantonese: 石斛蘭係一種會生喺樹上面嘅蘭花。
   English: Dendrobium is a type of orchid that grows on trees.

7. 吊詭 - "#矛盾、#悖論"
   Cantonese: 呢個問題好吊詭，點解都唔啱。
   English: This question is very paradoxical, none of the answers seem right.

8. 吊詭 - "似非而是、荒謬"
   Cantonese: 佢講嘅說話好吊詭，聽落似係真係假。
   English: What he said is paradoxical, it sounds both true and false.

9. 各為其主 - "各自為咗主子、上級佢哋嘅利益，嘅佢哋指示下，未免同對方為敵"
   Cantonese: 兩間公司嘅員工各為其主，競爭得好激烈。
   English: Employees of the two companies each serve their own masters, the competition is very fierce.

10. 軨蓋 - "即係#呔軨"
    Cantonese: 我架車嘅軨蓋俾人偷咗。
    English: The hubcap of my car was stolen.

11. 打哥夫 - "打#高爾夫球"
    Cantonese: 佢放假最鍾意就係去打哥夫。
    English: His favorite thing to do on vacation is playing golf.

12. 免揀 - "指所售賣嘅貨品唔畀人揀"
    Cantonese: 呢啲蘋果免揀，十蚊一斤。
    English: These apples are sold as-is, ten dollars per catty.

13. 擺闊佬 - "展現闊氣，擺出財力雄厚嘅姿態"
    Cantonese: 佢成日喺人哋面前擺闊佬，其實冇幾多錢。
    English: He always shows off his wealth in front of others, but actually doesn't have much money.

14. 廣播劇 - "喺收音機定時播放嘅連續劇"
    Cantonese: 以前冇電視睇，淨係聽廣播劇。
    English: In the past, there was no TV to watch, only radio dramas to listen to.

15. 錄影機 - "#錄影 嘅機器（量詞：部）"
    Cantonese: 部錄影機壞咗，唔錄得低。
    English: The video recorder is broken, it can't record.

16. 吟詩吟唔甩 - "表示證據確鑿，無法抵賴"
    Cantonese: 佢吟詩吟唔甩，大家都知係佢做嘅。
    English: The evidence is irrefutable, everyone knows he did it.

17. 佈道大會 - "宗教嘅傳道大會"
    Cantonese: 教會下禮拜會舉辦佈道大會。
    English: The church will hold an evangelistic meeting next week.

18. 寫手 - "#寫作 嘅人。"
    Cantonese: 佢係一個專業寫手，成日寫小說。
    English: He is a professional writer, always writing novels.

19. 寫手 - "代替他人寫作嘅人。"
    Cantonese: 有啲學生會請寫手幫手寫論文。
    English: Some students hire ghostwriters to help write their essays.

20. 代打 - "#代替 另一人#打機。"
    Cantonese: 佢搵人代打上分，俾人舉報咗。
    English: He got someone to play games on his behalf to boost his rank and got reported.

21. 茶碗 - "用嚟飲茶嘅碗，通常會理解為由陶瓷燒製而成嘅日本茶道道具。"
    Cantonese: 呢個茶碗係日本製造嘅，好靚。
    English: This tea bowl is made in Japan, very beautiful.

22. 茶隔 - "將茶葉同茶湯分開嘅道具..."
    Cantonese: 沖茶嗰陣記得放茶隔，唔好俾茶葉走出嚟。
    English: Remember to put a tea strainer when brewing tea, don't let the tea leaves escape.

23. 只許州官放火，不准百姓點燈 - "比喻權貴階層可以為所欲為..."
    Cantonese: 老闆自己成日遲到，但係員工遲到一分鐘都唔得，真係只許州官放火，不准百姓點燈。
    English: The boss is always late himself, but employees can't be even one minute late - it's a case of "the magistrate can set fires but the common people can't light lamps".

24. 獨唱 - "一個人唱，唔係同人一齊唱"
    Cantonese: 佢今晚會獨唱一首歌。
    English: She will sing a song solo tonight.

25. 快人快事 - "爽快人做嘢爽快"
    Cantonese: 佢係快人快事，決定咗就即刻做。
    English: He's a decisive person, once he decides he acts immediately.

26. 四腳獸 - "指兩個人喺公廁入面親熱甚至做愛..."
    Cantonese: 嗰兩個人喺廁所做四腳獸，俾人影到相。
    English: Those two were caught on camera being intimate in the toilet.

27. 無米粥 - "初步嘅洽談..."
    Cantonese: 我哋而家只係煲緊無米粥，事成唔成仲未知。
    English: We're just having preliminary discussions, it's not certain if it'll work out.

28. 義會 - "舊時低下階層嘅借貸或者集資活動..."
    Cantonese: 以前啲街坊會組織義會，幫大家周轉。
    English: In the past, neighbors would organize rotating savings associations to help each other financially.

29. 榜文 - "貼喺#榜 上面嘅文字"
    Cantonese: 官府貼咗榜文出嚟，話要徵兵。
    English: The government posted a notice saying they need to conscript soldiers.

30. MK名 - "係指#MK 喺網上會用嘅名..."
    Cantonese: 佢個MK名係「堅系醉愛孤獨」，好典型。
    English: His MK username is "Truly Drunk on Love with Solitude", very typical.

Let me review these to ensure they use proper Cantonese grammar:
- Use 嘅 instead of 的
- Use 係 instead of 是
- Use 唔 instead of 不
- Use 咗 for past tense
- Use 啲 for plural
- Use 嗰 for that
- Use 呢 for this
- Use 佢 for he/she
- Use 我哋 for we
- Use 嘅 at the end of possessive structures
- Use 咗 for completed actions
- Use 緊 for ongoing actions
- Use 會 for future tense
- Use 冇 for don't have
- Use 冇幾多 for not much
- Use 成日 for always
- Use 淨係 for only
- Use 俾 for by/passive
- Use 搵 for look for/find
- Use 鍾意 for like
- Use 架 for vehicle classifier
- Use 部 for machine classifier
- Use 啲 for plural marker
- Use 嗰 for that
- Use 呢 for this

The sentences look good. I'll format them consistently with the examples provided.3. 養聲

廣東話：歌手平時要識得養聲，唔可以成日喊。
English: Singers need to know how to take care of their voice, they can't cry all the time.

4. 票尾

廣東話：入場之後記住要留低票尾，到時可以憑票尾抽獎。
English: Remember to keep the ticket stub after entering, you can use it for the lucky draw later.

5. hacker

廣東話：嗰個hacker入侵咗銀行嘅電腦系統。
English: That hacker invaded the bank's computer system.

6. 石斛蘭

廣東話：石斛蘭係一種會生喺樹上面嘅蘭花。
English: Dendrobium is a type of orchid that grows on trees.

7. 吊詭

廣東話：呢個問題好吊詭，點解都唔啱。
English: This question is very paradoxical, none of the answers seem right.

8. 吊詭

廣東話：佢講嘅說話好吊詭，聽落似係真係假。
English: What he said is paradoxical, it sounds both true and false.

9. 各為其主

廣東話：兩間公司嘅員工各為其主，競爭得好激烈。
English: Employees of the two companies each serve their own masters, the competition is very fierce.

10. 軨蓋

廣東話：我架車嘅軨蓋俾人偷咗。
English: The hubcap of my car was stolen.

11. 打哥夫

廣東話：佢放假最鍾意就係去打哥夫。
English: His favorite thing to do on vacation is playing golf.

12. 免揀

廣東話：呢啲蘋果免揀，十蚊一斤。
English: These apples are sold as-is, ten dollars per catty.

13. 擺闊佬

廣東話：佢成日喺人哋面前擺闊佬，其實冇幾多錢。
English: He always shows off his wealth in front of others, but actually doesn't have much money.

14. 廣播劇

廣東話：以前冇電視睇，淨係聽廣播劇。
English: In the past, there was no TV to watch, only radio dramas to listen to.

15. 錄影機

廣東話：部錄影機壞咗，唔錄得低。
English: The video recorder is broken, it can't record.

16. 吟詩吟唔甩

廣東話：佢吟詩吟唔甩，大家都知係佢做嘅。
English: The evidence is irrefutable, everyone knows he did it.

17. 佈道大會

廣東話

