3. 養聲

廣東話：歌手要經常養聲，以免聲線受損。
English: Singers need to take care of their voices regularly to prevent damage.

4. 票尾

廣東話：我哋睇完戲之後，將票尾剪咗留低做收據。
English: After we finished watching the movie, we cut the stub and kept it as a receipt.

5. hacker

廣東話：呢個 hacker 黑咗我哋公司嘅電腦系統。
English: This hacker hacked our company's computer system.

6. 石斛蘭

廣東話：石斛蘭係一種依附喺樹上面生長嘅蘭花。
English: Dendrobium is a type of orchid that grows attached to trees.

7. 吊詭

廣東話：呢個問題真係吊詭，我哋要再深入研究。
English: This problem is really paradoxical; we need to study it more deeply.

8. 各為其主

廣東話：呢兩個公司係競爭對手，各自為其主。
English: These two companies are competitors, each working for their own interests.

9. 軨蓋

廣東話：我哋去睇車時，試咗下軨蓋。
English: When we went to test drive the car, we tried the hood.

10. 打哥夫

廣東話：我哋週末去打哥夫，享受下大自然。
English: We went golfing on the weekend to enjoy nature.

11. 免揀

廣東話：呢間店嘅貨品係免揀嘅，你哋可以隨便揀。
English: The goods in this store are all available without selection; you can choose freely.

12. 擆闊佬

廣東話：佢哋喺酒樓擺闊佬，請咗好多朋友。
English: They showed off their wealth at a restaurant and invited many friends.

13. 廣播劇

廣東話：我哋每週都係收聽呢套廣播劇。
English: We listen to this radio drama every week.

14. 錄影機

廣東話：我哋用錄影機拍咗下呢個活動。
English: We used a video camera to record this event.

15. 吟詩吟唔甩

廣東話：佢哋嘅證據真係吟詩吟唔甩，無法抵賴。
English: Their evidence is irrefutable, making it impossible to deny.

16. 佈道大會

廣東話：我哋參加咗呢個佈道大會，聽咗好多感動嘅講道。
English: We attended this evangelistic conference and heard many inspiring sermons.

17. 寫手

廣東話：呢位寫手寫咗好多小說，好受歡迎。
English: This writer has written many novels that are very popular.

18. 代打

廣東話：我哋請咗人代打，因為我哋唔識玩。
English: We hired someone to play for us because we don't know how to play.

19. 茶碗

廣東話：我哋用茶碗飲茶，感覺好傳統。
English: We used teacups to drink tea, which feels very traditional.

20. 茶隔

廣東話：我哋用茶隔將茶葉同茶湯分開。
English: We used a tea strainer to separate the tea leaves from the tea.

21. 只許州官放火，不准百姓點燈

廣東話：呢個比喻真係好生動，形容權貴階層可以為所欲為。
English: This metaphor is very vivid, describing how the privileged class can do as they please.

22. 獨唱

廣東話：我哋睇咗呢位歌手嘅獨唱表演，真係好震撼。
English: We watched this singer's solo performance, which was truly impressive.

23. 快人快事

廣東話：佢哋係快人快事，做嘢好有效率。
English: They are quick and efficient in their work.

24. 四腳獸

廣東話：呢個詞真係好形象，形容公廁入面嘅行為。
English: This term is very vivid, describing behavior in public restrooms.

25. 無米粥

廣東話：我哋先係煲無米粥，仲未有詳細計劃。
English: We are just starting to discuss, without detailed plans yet.

26. 義會

廣東話：呢個義會係舊時低下階層嘅借貸活動。
English: This loan association was a lending activity for the lower classes in the past.

27. 榜文

廣東話：我哋睇咗榜文，知道邊個中咗獎。
English: We read the announcement and found out who won the prize.

28. MK名

廣東話：呢個 MK 名真係好特別，睇落好有個性。
English: This MK name is really unique and looks very distinctive. [end of text]


