3. 養聲

廣東話：聽日要上台唱歌，今晚我要早啲瞓覺養聲。
English: I have to sing on stage tomorrow, so I need to sleep early tonight to rest my voice.

4. 票尾

廣東話：記得保留張飛嘅票尾，到時可以攞去換紀念品㗎。
English: Remember to keep the ticket stub, you can exchange it for a souvenir later.

5. hacker

廣東話：間公司俾hacker入侵，搞到好多客戶資料外洩。
English: The company got hacked, causing a lot of customer data to leak.

6. 石斛蘭

廣東話：我阿媽好鍾意種石斛蘭，佢話啲花開得好靚。
English: My mum really likes growing dendrobium orchids, she says the flowers bloom beautifully.

7. 吊詭

廣東話：呢個邏輯問題好吊詭，諗極都唔明點解會咁。
English: This logic problem is really paradoxical, I can't figure out why it's like that no matter how hard I think.

8. 吊詭

廣東話：呢幅畫嘅風格好吊詭，睇落怪怪地但又好吸引。
English: The style of this painting is quite absurd, it looks weird but strangely captivating.

9. 各為其主

廣東話：雖然我哋係好朋友，但喺商場上各為其主，都唔會手軟㗎。
English: Although we're good friends, in business we each serve our own masters and won't hold back.

10. 軨蓋

廣東話：架車個軨蓋唔見咗，要去車房配返個新嘅。
English: The wheel cover of the car is missing, need to go to the garage to get a new one fitted.

11. 打哥夫

廣東話：老闆成日約客戶去打哥夫，傾生意順便做下運動。
English: The boss often invites clients to play golf, discussing business while getting some exercise.

12. 免揀

廣東話：呢間舖頭賣嘅生果係免揀㗎，買到邊個就邊個。
English: The fruits sold at this shop are no-picking, you get whichever one you get.

13. 擺闊佬

廣東話：佢成日請人食飯又俾小費，其實只係想擺闊佬啫。
English: He's always treating people to meals and giving big tips, actually he just wants to show off his wealth.

14. 廣播劇

廣東話：我阿爺以前好鍾意聽收音機播嘅廣播劇，晚晚都追住聽。
English: My grandpa used to love listening to radio dramas on the radio, he followed them every night.

15. 錄影機

廣東話：屋企部錄影機壞咗，錄唔到電視節目喇。
English: The video recorder at home is broken, can't record TV programmes anymore.

16. 吟詩吟唔甩

廣東話：你仲想賴？閉路電視影到你成個過程，吟詩吟唔甩啦！
English: Still want to deny it? The CCTV captured the whole process, the evidence is irrefutable!

17. 佈道大會

廣東話：教會下個月會搞個佈道大會，邀請咗好多嘉賓嚟分享見證。
English: The church is holding an evangelistic conference next month, inviting many guests to share their testimonies.

18. 寫手

廣東話：佢係一個網絡小說寫手，每日都要更新幾千字。
English: He's an online novel writer, having to update several thousand words every day.

19. 寫手

廣東話：有啲學生請寫手代做功課，呢種行為好唔老實。
English: Some students hire ghostwriters to do their homework, this behaviour is very dishonest.

20. 代打

廣東話：佢請人代打升咗上最高級數，但自己根本唔識玩。
English: He paid someone to play for him and ranked up to the highest level, but he doesn't actually know how to play at all.

21. 茶碗

廣東話：呢個茶碗係日本帶返嚟嘅，手工好精緻。
English: This tea bowl was brought back from Japan, the craftsmanship is very exquisite.

22. 茶隔

廣東話：沖茶嗰陣記得用茶隔，唔係啲茶葉會流落個杯度。
English: Remember to use the tea strainer when brewing tea, otherwise the tea leaves will fall into the cup.

23. 只許州官放火，不准百姓點燈

廣東話：老細自己成日遲到，但員工遲一分鐘都鬧，真係只許州官放火，不准百姓點燈。
English: The boss is always late himself, but scolds employees for being even a minute late, truly one rule for the powerful and another for the ordinary people.

24. 獨唱

廣東話：今次音樂會最後一首係獨唱，由首席女高音演出。
English: The final piece at this concert is a solo, performed by the lead soprano.

25. 快人快事

廣東話：佢做人快人快事，有咩決定都唔會拖泥帶水。
English: He's a straightforward person who acts quickly, never dawdling when making decisions.

26. 四腳獸

廣東話：商場個廁所成日有人見到四腳獸，管理處要加強巡邏先得。
English: People often spot "four-legged beasts" in the mall's toilets, the management needs to strengthen patrols.

27. 無米粥

廣東話：呢單生意而家只係煲緊無米粥，未落實到細節，你暫時咪張揚住。
English: This deal is still just preliminary discussions, the details aren't confirmed yet, so don't publicise it for now.

28. 義會

廣東話：以前啲街坊會夾份搞義會，邊個有急事就可以攞啲錢應急。
English: In the past, neighbours would pool money into rotating savings clubs, so whoever had an emergency could take some money to tide them over.

29. 榜文

廣東話：古代嘅榜文會貼喺城門口，等百姓知道朝廷嘅消息。
English: In ancient times, official notices would be posted at city gates to inform the common people of court news.

30. MK名

廣東話：佢個網名係「堅系愛你_謝絕騷擾」，真係好MK名。
English: His online name is "TrulyLoveYou_NoDisturbance", such a typical MK-style name. [end of text]


