<|im_start|>user
你係一個廣東話人工智能模型。記住，要用廣東話語法，唔好用普通話語法。例如，廣東話入面嘅「的」應寫成「嘅」，「是」應寫成「係」。

請用下面提供嘅廣東話詞語造句。
With use the provided Cantonese words to make sentences.

# 詞語

1. 飲茶 (去茶樓食嘢，通常只係指喺早市或者午市嘅時候食點心)
2. 圖書館 (一個地方，人哋可以去度借書或者睇書)
3. 養聲 (保養聲線、聲帶，令到唔會過份勞損，或者勞損之後康復)
4. 票尾 (喺張#飛 度搣落嚟留返畀持有者做#收據 嘅嗰部份)
5. hacker (#hack 入人哋部電腦嘅人)
6. 石斛蘭 (植物名；一種蘭花，特點係會依附喺樹上面生長)
7. 吊詭 (#矛盾、#悖論)
8. 吊詭 (似非而是、荒謬)
9. 各為其主 (各自為咗主子、上級佢哋嘅利益，嘅佢哋指示下，未免同對方為敵)
10. 軨蓋 (即係#呔軨)
11. 打哥夫 (打#高爾夫球)
12. 免揀 (指所售賣嘅貨品唔畀人揀)
13. 擺闊佬 (展現闊氣，擺出財力雄厚嘅姿態)
14. 廣播劇 (喺收音機定時播放嘅連續劇)
15. 錄影機 (#錄影 嘅機器（量詞：部）)
16. 吟詩吟唔甩 (表示證據確鑿，無法抵賴)
17. 佈道大會 (宗教嘅傳道大會)
18. 寫手 (#寫作 嘅人。)
19. 寫手 (代替他人寫作嘅人。)
20. 代打 (#代替 另一人#打機。)
21. 茶碗 (用嚟飲茶嘅碗，通常會理解為由陶瓷燒製而成嘅日本茶道道具。)
22. 茶隔 (將茶葉同茶湯分開嘅道具，大概有兩種用法，一種係可以裝住茶葉，放入沖泡器具入面，到茶湯沖好嘅時候就可以拎起嘅；而另一種就係就咁一個篩或者網，俾人擺喺茶杯或者茶壺上面，喺斟茶嘅時候先將茶葉同茶湯分離。)
23. 只許州官放火，不准百姓點燈 (比喻權貴階層可以為所欲為，老百姓嘅正當言行就受到種種限制；又或一個人言行雙重標準。源於宋朝一個州長叫田登，要求百姓避諱唔准用「登」字同音嘅字，於是大家就將「燈」改稱為「火」。到咗元宵節嘅時候，政府貼出告示：「本州依例放火三日」。)
24. 獨唱 (一個人唱，唔係同人一齊唱)
25. 快人快事 (爽快人做嘢爽快)
26. 四腳獸 (指兩個人喺公廁入面親熱甚至做愛。喺廁所外面門縫望落去，會見到四隻腳，因此稱為四腳獸。)
27. 無米粥 (初步嘅洽談。因為事情所涉嘅重要條件同細節都未有著落，所以為謹慎計，只是話「煲無米粥」，以免他人期望過高。)
28. 義會 (舊時低下階層嘅借貸或者集資活動。因為佢地冇抵押或者擔保，難以向銀行借錢，於是就集合朋友、鄰居、同業等，將大家嘅錢定期集合起嚟供會，邊個急需用錢，就可以畀利息#標會，拎咗筆錢，然後分期本息還返畀其他人。當所有人都投完標，個會就會結束。又稱標會、銀會、合會。)
29. 榜文 (貼喺#榜 上面嘅文字)
30. MK名 (係指#MK 喺網上會用嘅名，配有意味不明嘅特殊符號，或者配上特定字頭嘅名。特定字頭包括：堅系、醉愛、絕對、唯愛、跳制、謝絕等。)

####

1. 飲茶

廣東話：我尋日同朋友去飲茶，叫咗好多點心。
English: I went to yum cha with my friends yesterday and ordered a lot of dim sum.

2. 圖書館

廣東話：你屋企附近有冇圖書館？
English: Is there a library near your home?
<|im_end|>
<|im_start|>assistant
1. 飲茶
廣東話：我地成個下午都喺茶樓度飲茶，享受生活。
English: We spent the whole afternoon drinking tea at the teahouse, enjoying life.

2. 圖書館
廣東話：我經常去圖書館借書睇，好開心。
English: I often go to the library to borrow books and read, which is very enjoyable.

3. 養聲
廣東话：唱歌之前要好好養聲，唔好讓聲線過份勞損。
English: Before singing, you should take good care of your voice, don't let your vocal cords become too strained.

4. 票尾
廣東话：你哋有冇票尾？我哋要用嚟報銷。
English: Do you have the stub? We need it for reimbursement.

5. hacker
廣東话：呢個hacker好厲害，佢可以hack入任何一部電腦。
English: This hacker is very skilled, he can hack into any computer.

6. 石斛蘭
廣東话：石斛蘭係一種好高貴嘅植物，好多人都喜歡種佢。
English: Dendrobium is a very noble plant, many people like to grow it.

7. 吊詭
廣東话：呢個問題好吊詭，我唔知點解會係噉。
English: This question is very paradoxical, I don't know why it would be like this.

8. 吊詭
廣東话：佢嘅話好吊詭，好似係話咩又好似冇話咩。
English: His words are very paradoxical, it seems like he's saying something but also not saying anything.

9. 各為其主
廣東话：佢哋各為其主，為咗自己嘅利益而戰。
English: They fight for their own interests, each for their own master.

10. 軨蓋
廣東话：佢哋用軨蓋將車蓋住，防止雨水淋落。
English: They covered the car with a tarp to prevent rain from dripping down.

11. 打哥夫
廣東话：我地成個周末都喺打哥夫，好過癮。
English: We spent the whole weekend playing golf, it was very enjoyable.

12. 免揀
廣東话：呢間店嘅貨品免揀，你哋想買乜就買乜。
English: This store's products are not selected, you can buy whatever you want.

13. 擺闊佬
廣東话：佢成日都係擺闊佬，好似有好多錢咁。
English: He always acts like a big shot, as if he has a lot of money.

14. 過播劇
廣東话：我好喜歡聽廣播劇，每個星期都會聽。
English: I like listening to radio dramas very much, I will listen to them every week.

15. 錄影機
廣東话：我哋用咗一部錄影機將表演錄下嚟。
English: We used a video recorder to record the performance.

16. 吟詩吟唔甩
廣東话：佢嘅證據好吟詩吟唔甩，無法抵賴。
English: His evidence is very conclusive, there is no way to deny it.

17. 佈道大會
廣東话：我地將喺佈道大會上見到好多信徒。
English: We saw many believers at the evangelistic convention.

18. 寫手
廣東话：佢係一個專業嘅寫手，為好多出版社寫稿。
English: He is a professional writer, writing for many publishers.

19. 寫手
廣東话：佢係一個代寫手，為別人代寫文章。
English: He is a ghostwriter, writing articles for others.

20. 代打
廣東话：佢請咗一個代打來幫佢打機。
English: He hired a substitute player to help him play the game.

21. 茶碗
廣東话：我哋用咗一個茶碗來飲茶。
English: We used a teacup to drink tea.

22. 茶隔
廣東话：我哋用咗一個茶隔來分開茶葉同茶湯。
English: We used a tea strainer to separate the tea leaves from the tea soup.

23. 只許州官放火，不准百姓點燈
廣東话：呢個故事好吊詭，好似只許州官放火，不准百姓點燈咁。
English: This story is very paradoxical, it's like only the officials are allowed to light fires, and the common people are not allowed to light lamps.

24. 獨唱
廣東话：佢係一個獨唱歌手，唔同人合唱。
English: He is a solo singer, not singing in a group.

25. 快人快事
廣東话：佢係一個快人快事嘅人，做嘢好爽快。
English: He is a quick person, doing things quickly.

26. 四腳獸
廣東话：佢哋喺公廁度做咗四腳獸，好唔好意思。
English: They did something like a four-legged beast in the public toilet, which is very embarrassing.

27. 無米粥
廣東話：呢個項目只係煲無米粥，仲未到實施階段。
English: This project is just a talk, it hasn't reached the implementation stage yet.

28. 義會
廣東话：佢哋係一個義會，將錢集體借出，幫助有需要嘅人。
English: They are a benevolent association, pooling money to lend to those in need.

29. 榜文
廣東话：政府貼咗榜文，宣佈咗新嘅政策。
English: The government posted a notice, announcing new policies.

30. MK名
廣東话：佢嘅MK名好有創意，好容易記住。
English: His MK name is very creative, easy to remember.
<|im_end|>