### 詞語造句

1. **飲茶**  
   廣東話：我尋日同朋友去飲茶，叫咗好多點心。  
   English: I went to yum cha with my friends yesterday and ordered a lot of dim sum.

2. **圖書館**  
   廣東話：你屋企附近有冇圖書館？  
   English: Is there a library near your home?

3. **養聲**  
   廣東話：歌手平時會做聲帶保養，養聲好重要。  
   English: Singers usually take care of their vocal cords; vocal care is very important.

4. **票尾**  
   廣東話：買完戲飛記住留低票尾做收據。  
   English: Remember to keep the stub of the ticket as a receipt after buying a movie ticket.

5. **hacker**  
   廣東話：呢個hacker好犀利，入侵咗人哋嘅電腦。  
   English: This hacker is very skilled; he hacked into someone’s computer.

6. **石斛蘭**  
   廣東話：石斛蘭係一種依附樹上生長嘅蘭花。  
   English: Dendrobium is a type of orchid that grows attached to trees.

7. **吊詭**  
   廣東話：呢個情況好吊詭，明明係好事但結果變壞。  
   English: This situation is very paradoxical; it was a good thing but turned out badly.

8. **吊詭**  
   廣東話：佢講嘅嘢好吊詭，似非而是。  
   English: What he said is very paradoxical; it sounds absurd but makes sense.

9. **各為其主**  
   廣東話：呢場比賽兩隊各為其主，鬥得好激烈。  
   English: In this match, both teams are fighting for their own side; it’s very intense.

10. **軨蓋**  
    廣東話：車嘅軨蓋壞咗，要換過一個。  
    English: The tire cap of the car is broken; we need to replace it.

11. **打哥夫**  
    廣東話：週末我哋去高爾夫球場打哥夫。  
    English: We went to the golf course to play golf this weekend.

12. **免揀**  
    廣東話：呢間鋪頭嘅貨品免揀，唔畀你慢慢揀。  
    English: The goods in this shop are not for selection; you can’t pick them freely.

13. **擺闊佬**  
    廣東話：佢成日擺闊佬，話自己好有錢。  
    English: He always shows off his wealth, claiming he’s very rich.

14. **廣播劇**  
    廣東話：阿婆鍾意聽收音機入面嘅廣播劇。  
    English: Grandma likes listening to radio dramas on the radio.

15. **錄影機**  
    廣東話：呢部錄影機好舊，但仲可以用。  
    English: This video recorder is old, but it still works.

16. **吟詩吟唔甩**  
    廣東話：佢做錯嘢，證據確鑿，吟詩吟唔甩。  
    English: He made a mistake; the evidence is solid and undeniable.

17. **佈道大會**  
    廣東話：教會下星期會搞佈道大會。  
    English: The church will hold a evangelistic meeting next week.

18. **寫手**  
    廣東話：佢係個專業嘅寫手，幫人寫文章。  
    English: He is a professional writer who helps people write articles.

19. **寫手**  
    廣東話：呢個寫手專門代人寫情書。  
    English: This ghostwriter specializes in writing love letters for others.

20. **代打**  
    廣東話：佢請咗個代打幫佢打機。  
    English: He hired a substitute player to play games for him.

21. **茶碗**  
    廣東話：日本茶道用嘅茶碗好精緻。  
    English: The tea bowls used in Japanese tea ceremony are very delicate.

22. **茶隔**  
    廣東話：沖茶嘅時候用茶隔可以隔走茶葉。  
    English: When brewing tea, a tea infuser can separate the tea leaves.

23. **只許州官放火，不准百姓點燈**  
    廣東話：呢個老闆只許自己遲到，但唔準員工遲到，真係只許州官放火，不准百姓點燈。  
    English: This boss allows himself to be late but doesn’t allow employees to be late; it’s really a case of “only officials may set fires, but common people aren’t allowed to light lamps.”

24. **獨唱**  
    廣東話：今晚音樂會有個獨唱環節。  
    English: Tonight’s concert has a solo performance segment.

25. **快人快事**  
    廣東話：佢做嘢快人快事，唔拖泥帶水。  
    English: He works quickly and decisively, without hesitation.

26. **四腳獸**  
    廣東話：公廁入面有人做四腳獸，被人發現。  
    English: Someone was caught doing intimate acts in a public restroom.

27. **無米粥**  
    廣東話：我哋而家只係煲無米粥，仲未傾到具體細節。  
    English: We’re just having preliminary talks now; we haven’t discussed the specific details yet.

28. **義會**  
    廣東話：以前低下階層會搞義會嚟借錢。  
    English: In the past, people from lower classes would organize rotating credit associations to borrow money.

29. **榜文**  
    廣東話：學校貼咗張榜文，話邊個考第一。  
    English: The school posted a notice announcing who came first in the exam.

30. **MK名**  
    廣東話：佢個網名叫「堅系MK名」，好有特色。  
    English: His online name is “堅系MK名,” which is very distinctive. [end of text]


