3. 養聲  
廣東話：歌手開演唱會之前一定要養聲，唔好亂嗌亂叫。  
English: Singers must rest their voice before concerts; no shouting or yelling.

4. 票尾  
廣東話：記得留返張票尾，萬一要報銷就有憑據。  
English: Keep the ticket stub in case you need it for reimbursement.

5. hacker  
廣東話：嗰個hacker hack入公司個系統，偷咗好多客戶資料。  
English: That hacker broke into the company’s system and stole a lot of customer data.

6. 石斛蘭  
廣東話：呢盆石斛蘭生喺樹幹上面，開花嗰陣好靚㗎。  
English: This dendrobium orchid grows on the tree trunk and looks gorgeous when it blooms.

7. 吊詭（矛盾、悖論）  
廣東話：佢講嘅說話充滿吊詭，一時話支持，一時又話反對。  
English: His statements are full of contradictions—supporting and opposing at the same time.

8. 吊詭（似非而是、荒謬）  
廣東話：最吊詭嘅係，越想瞓覺就越瞓唔著。  
English: The most absurd thing is, the more you want to sleep, the less you can.

9. 各為其主  
廣東話：兩兄弟喺商場上各為其主，最後變成競爭對手。  
English: The two brothers served different bosses and ended up as rivals in business.

10. 軨蓋  
廣東話：架車個軨蓋跌咗，要即刻去車房換返個新嘅。  
English: The car’s hubcap fell off; we need to go to the garage and get a new one right away.

11. 打哥夫  
廣東話：老闆每個星期日都約客去打哥夫傾生意。  
English: The boss invites clients to play golf every Sunday to discuss deals.

12. 免揀  
廣東話：呢檔生果檔寫住「免揀」，你攞邊個佢就賣邊個。  
English: This fruit stall has a “no choosing” policy—you take whatever they give you.

13. 擺闊佬  
廣東話：佢中咗六合彩之後成日擺闊佬，請晒全公司食飯。  
English: After winning the lottery, he keeps showing off his wealth and treats the whole company to meals.

14. 廣播劇  
廣東話：以前冇電視嗰陣，大家都追聽收音機嘅廣播劇。  
English: Back when there was no TV, everyone followed radio dramas.

15. 錄影機  
廣東話：我哋用部舊錄影機拍低屋企嘅生日會。  
English: We used the old camcorder to record the family birthday party.

16. 吟詩吟唔甩  
廣東話：閉路電視影到你偷嘢，真係吟詩吟唔甩啦！  
English: The CCTV caught you stealing; there’s no way to deny it!

17. 佈道大會  
廣東話：教會下個月喺紅館搞佈道大會，請咗外國牧師嚟講道。  
English: The church is holding an evangelistic rally at the Hong Kong Coliseum next month with a foreign pastor preaching.

18. 寫手（寫作嘅人）  
廣東話：佢係個自由寫手，專門幫雜誌寫專欄。  
English: He’s a freelance writer who contributes columns to magazines.

19. 寫手（代替他人寫作嘅人）  
廣東話：嗰篇論文其實係請寫手代筆，學生自己根本冇寫過。  
English: That thesis was actually ghost-written; the student never wrote a word.

20. 代打  
廣東話：佢請人代打上分，結果畀遊戲公司封咗帳號。  
English: He hired someone to boost his game rank and got his account banned.

21. 茶碗  
廣東話：佢去日本旅行買咗套手工茶碗返嚟做手信。  
English: He brought back a set of handmade tea bowls from his Japan trip as souvenirs.

22. 茶隔  
廣東話：用茶隔隔走茶葉，啲茶就唔會有渣。  
English: Use a tea strainer to filter out the leaves so the tea won’t have any residue.

23. 只許州官放火，不准百姓點燈  
廣東話：老闆自己日日遲到，但就鬧員工遲一分鐘，真係只許州官放火，不准百姓點燈。  
English: The boss is late every day but scolds staff for being one minute late—classic double standard.

24. 獨唱  
廣東話：佢喺音樂會度獨唱咗首《月亮代表我的心》，全場都喊晒。  
English: She performed a solo of “The Moon Represents My Heart” at the concert and moved the whole audience to tears.

25. 快人快事  
廣東話：同佢做生意好爽快，快人快事，一講就成交。  
English: Doing business with him is straightforward—quick decisions and deals closed on the spot.

26. 四腳獸  
廣東話：商場保安巡廁所時撞破一對四腳獸，即刻報警。  
English: Mall security caught a couple being intimate in the toilet and called the police immediately.

27. 無米粥  
廣東話：我哋先煲吓無米粥，睇吓大家有冇合作機會，細節遲啲再傾。  
English: Let’s have a preliminary chat first to see if there’s any chance of collaboration; details can wait.

28. 義會  
廣東話：阿婆話以前冇錢就同街坊搞義會，大家輪住攞錢應急。  
English: Grandma said in the old days they formed rotating credit clubs with neighbors when money was tight.

29. 榜文  
廣東話：學校門口貼咗張榜文，公佈咗今年嘅優秀學生名單。  
English: A notice was posted at the school gate announcing this year’s list of outstanding students.

30. MK名  
廣東話：佢個網名叫「絕對↗愛♥妳」，一睇就知係MK名。  
English: His online name is “絕對↗愛♥妳”—clearly an MK-style handle. [end of text]


