user
你係一個廣東話人工智能模型。記住，要用廣東話語法，唔好用普通話語法。例如，廣東話入面嘅「的」應寫成「嘅」，「是」應寫成「係」。

請用下面提供嘅廣東話詞語造句。
With use the provided Cantonese words to make sentences.

# 詞語

1. 飲茶 (去茶樓食嘢，通常只係指喺早市或者午市嘅時候食點心)
2. 圖書館 (一個地方，人哋可以去度借書或者睇書)
3. 養聲 (保養聲線、聲帶，令到唔會過份勞損，或者勞損之後康復)
4. 票尾 (喺張#飛 度搣落嚟留返畀持有者做#收據 嘅嗰部份)
5. hacker (#hack 入人哋部電腦嘅人)
6. 石斛蘭 (植物名；一種蘭花，特點係會依附喺樹上面生長)
7. 吊詭 (#矛盾、#悖論)
8. 吊詭 (似非而是、荒謬)
9. 各為其主 (各自為咗主子、上級佢哋嘅利益，嘅佢哋指示下，未免同對方為敵)
10. 軨蓋 (即係#呔軨)
11. 打哥夫 (打#高爾夫球)
12. 免揀 (指所售賣嘅貨品唔畀人揀)
13. 擺闊佬 (展現闊氣，擺出財力雄厚嘅姿態)
14. 廣播劇 (喺收音機定時播放嘅連續劇)
15. 錄影機 (#錄影 嘅機器（量詞：部）)
16. 吟詩吟唔甩 (表示證據確鑿，無法抵賴)
17. 佈道大會 (宗教嘅傳道大會)
18. 寫手 (#寫作 嘅人。)
19. 寫手 (代替他人寫作嘅人。)
20. 代打 (#代替 另一人#打機。)
21. 茶碗 (用嚟飲茶嘅碗，通常會理解為由陶瓷燒製而成嘅日本茶道道具。)
22. 茶隔 (將茶葉同茶湯分開嘅道具，大概有兩種用法，一種係可以裝住茶葉，放入沖泡器具入面，到茶湯沖好嘅時候就可以拎起嘅；而另一種就係就咁一個篩或者網，俾人擺喺茶杯或者茶壺上面，喺斟茶嘅時候先將茶葉同茶湯分離。)
23. 只許州官放火，不准百姓點燈 (比喻權貴階層可以為所欲為，老百姓嘅正當言行就受到種種限制；又或一個人言行雙重標準。源於宋朝一個州長叫田登，要求百姓避諱唔准用「登」字同音嘅字，於是大家就將「燈」改稱為「火」。到咗元宵節嘅時候，政府貼出告示：「本州依例放火三日」。)
24. 獨唱 (一個人唱，唔係同人一齊唱)
25. 快人快事 (爽快人做嘢爽快)
26. 四腳獸 (指兩個人喺公廁入面親熱甚至做愛。喺廁所外面門縫望落去，會見到四隻腳，因此稱為四腳獸。)
27. 無米粥 (初步嘅洽談。因為事情所涉嘅重要條件同細節都未有著落，所以為謹慎計，只是話「煲無米粥」，以免他人期望過高。)
28. 義會 (舊時低下階層嘅借貸或者集資活動。因為佢地冇抵押或者擔保，難以向銀行借錢，於是就集合朋友、鄰居、同業等，將大家嘅錢定期集合起嚟供會，邊個急需用錢，就可以畀利息#標會，拎咗筆錢，然後分期本息還返畀其他人。當所有人都投完標，個會就會結束。又稱標會、銀會、合會。)
29. 榜文 (貼喺#榜 上面嘅文字)
30. MK名 (係指#MK 喺網上會用嘅名，配有意味不明嘅特殊符號，或者配上特定字頭嘅名。特定字頭包括：堅系、醉愛、絕對、唯愛、跳制、謝絕等。)

####

1. 飲茶

廣東話：我尋日同朋友去飲茶，叫咗好多點心。
English: I went to yum cha with my friends yesterday and ordered a lot of dim sum.

2. 圖書館

廣東話：你屋企附近有冇圖書館？
English: Is there a library near your home?

model
好嘅！我會繼續用呢啲詞語造句。

3. 養聲

廣東話：佢平時唔好好嘈，要好好養聲，等之後可以唱得好啲。
English: He shouldn't be too loud all the time, he needs to take good care of his voice so he can sing better later.

4. 票尾

廣東話：我記得我買飛嘅票尾，萬一有問題，可以攞嚟拗。
English: I remember the ticket stub I bought, just in case there's a problem, I can use it to argue.

5. hacker

廣東話：呢個網頁俾一個 hacker 入嚟搞咗嘢，好多資料都冇咗。
English: This website was hacked, and a lot of data has been lost.

6. 石斛蘭

廣東話：我屋企有樖石斛蘭，好靚，成日都係喺陽台生長。
English: I have a stone orchid plant at my house, it's very beautiful and always grows on the balcony.

7. 吊詭

廣東話：呢個問題好係一個吊詭，無論你諗咩，都係有問題。
English: This is really a paradox, no matter what you think, it's problematic.

8. 吊詭 (似非而是)

廣東話：佢講嘅嘢好似似非而是，我聽完都搞唔清楚。
English: What he said is like neither nor, I don't understand it after listening.

9. 各為其主

廣東話：呢啲公司嘅老闆，各為其主，唔會考慮其他部門嘅利益。
English: The bosses of these companies are each for their own interests, they don't consider the interests of other departments.

10. 軨蓋

廣東話：我嘅爸爸平時好講究，成日戴住個軨蓋。
English: My father is very particular, he always wears a tie.

11. 打哥夫

廣東話：我嘅阿公係打哥夫，成日去高爾夫球場玩。
English: My grandfather is a golfer, he goes to the golf course to play all the time.

12. 免揀

廣東話：呢間舖頭嘅衫係免揀，可以自由選擇自己鍾意嘅款式。
English: The clothes in this shop are "me kwan" (免揀), you can freely choose the styles you like.

13. 擺闊佬

廣東話：佢成日扮擺闊佬，但係其實唔係咁有錢。
English: He always acts like a show-off, but he's actually not that rich.

14. 廣播劇

廣東話：我成日聽廣播劇，好似嗰啲老套嘅愛情故事。
English: I often listen to radio dramas, like those old-fashioned love stories.

15. 錄影機

廣東話：我哋用錄影機錄咗呢個精彩嘅表演。
English: We recorded this wonderful performance with a video camera.

16. 吟詩吟唔甩

廣東話：佢嘅證據確鑿，就算吟詩吟唔甩，都證明佢係罪犯。
English: His evidence is conclusive, even if he tries to deny it, he's proven to be a criminal.

17. 佈道大會

廣東話：呢個星期喺教堂會舉辦佈道大會，宣揚福音。
English: This week, the church will hold a preaching meeting to spread the gospel.

18. 寫手

廣東話：呢個文章嘅寫手好有才華，寫得好細緻。
English: The writer of this article is very talented, writing it very delicately.

19. 寫手 (代替他人寫作嘅人)

廣東話：因為佢生病，所以搵咗一個寫手代替佢寫報告。
English: Because he was sick, he hired a ghostwriter to write the report for him.

20. 代打

廣東話：

