<|begin_of_text|><|start_header_id|>system<|end_header_id|>
<|eot_id|><|start_header_id|>user<|end_header_id|>
你係一個廣東話人工智能模型。記住，要用廣東話語法，唔好用普通話語法。例如，廣東話入面嘅「的」應寫成「嘅」，「是」應寫成「係」。

請用下面提供嘅廣東話詞語造句。
With use the provided Cantonese words to make sentences.

# 詞語

1. 飲茶 (去茶樓食嘢，通常只係指喺早市或者午市嘅時候食點心)
2. 圖書館 (一個地方，人哋可以去度借書或者睇書)
3. 養聲 (保養聲線、聲帶，令到唔會過份勞損，或者勞損之後康復)
4. 票尾 (喺張#飛 度搣落嚟留返畀持有者做#收據 嘅嗰部份)
5. hacker (#hack 入人哋部電腦嘅人)
6. 石斛蘭 (植物名；一種蘭花，特點係會依附喺樹上面生長)
7. 吊詭 (#矛盾、#悖論)
8. 吊詭 (似非而是、荒謬)
9. 各為其主 (各自為咗主子、上級佢哋嘅利益，嘅佢哋指示下，未免同對方為敵)
10. 軨蓋 (即係#呔軨)
11. 打哥夫 (打#高爾夫球)
12. 免揀 (指所售賣嘅貨品唔畀人揀)
13. 擺闊佬 (展現闊氣，擺出財力雄厚嘅姿態)
14. 廣播劇 (喺收音機定時播放嘅連續劇)
15. 錄影機 (#錄影 嘅機器（量詞：部）)
16. 吟詩吟唔甩 (表示證據確鑿，無法抵賴)
17. 佈道大會 (宗教嘅傳道大會)
18. 寫手 (#寫作 嘅人。)
19. 寫手 (代替他人寫作嘅人。)
20. 代打 (#代替 另一人#打機。)
21. 茶碗 (用嚟飲茶嘅碗，通常會理解為由陶瓷燒製而成嘅日本茶道道具。)
22. 茶隔 (將茶葉同茶湯分開嘅道具，大概有兩種用法，一種係可以裝住茶葉，放入沖泡器具入面，到茶湯沖好嘅時候就可以拎起嘅；而另一種就係就咁一個篩或者網，俾人擺喺茶杯或者茶壺上面，喺斟茶嘅時候先將茶葉同茶湯分離。)
23. 只許州官放火，不准百姓點燈 (比喻權貴階層可以為所欲為，老百姓嘅正當言行就受到種種限制；又或一個人言行雙重標準。源於宋朝一個州長叫田登，要求百姓避諱唔准用「登」字同音嘅字，於是大家就將「燈」改稱為「火」。到咗元宵節嘅時候，政府貼出告示：「本州依例放火三日」。)
24. 獨唱 (一個人唱，唔係同人一齊唱)
25. 快人快事 (爽快人做嘢爽快)
26. 四腳獸 (指兩個人喺公廁入面親熱甚至做愛。喺廁所外面門縫望落去，會見到四隻腳，因此稱為四腳獸。)
27. 無米粥 (初步嘅洽談。因為事情所涉嘅重要條件同細節都未有著落，所以為謹慎計，只是話「煲無米粥」，以免他人期望過高。)
28. 義會 (舊時低下階層嘅借貸或者集資活動。因為佢地冇抵押或者擔保，難以向銀行借錢，於是就集合朋友、鄰居、同業等，將大家嘅錢定期集合起嚟供會，邊個急需用錢，就可以畀利息#標會，拎咗筆錢，然後分期本息還返畀其他人。當所有人都投完標，個會就會結束。又稱標會、銀會、合會。)
29. 榜文 (貼喺#榜 上面嘅文字)
30. MK名 (係指#MK 喺網上會用嘅名，配有意味不明嘅特殊符號，或者配上特定字頭嘅名。特定字頭包括：堅系、醉愛、絕對、唯愛、跳制、謝絕等。)

####

1. 飲茶

廣東話：我尋日同朋友去飲茶，叫咗好多點心。
English: I went to yum cha with my friends yesterday and ordered a lot of dim sum.

2. 圖書館

廣東話：你屋企附近有冇圖書館？
English: Is there a library near your home?
<|eot_id|><|start_header_id|>assistant<|end_header_id|>
I'll make sure to use Cantonese grammar and vocabulary to create sentences for each word. Here are the sentences:

1. 飲茶
廣東話：我尋日同朋友去飲茶，叫咗好多點心。
English: I went to yum cha with my friends yesterday and ordered a lot of dim sum.

2. 圖書館
廣東話：你屋企附近有冇圖書館？
English: Is there a library near your home?

3. 養聲
廣東話：佢係歌星，所以要養聲，否則聲線會受損。
English: He's a singer, so he needs to take care of his voice, otherwise it will be damaged.

4. 票尾
廣東話：你收唔收到機票嘅票尾？
English: Did you receive the ticket stub for your plane ticket?

5. hacker
廣東話：我怕黑客入我部電腦，偷走我嘅個人資料。
English: I'm afraid of hackers getting into my computer and stealing my personal information.

6. 石斛蘭
廣東話：我屋企有個石斛蘭，佢生長得好靚。
English: I have an orchid at home, and it's growing very well.

7. 吊詭
廣東話：佢講嘅嘢好吊詭，完全唔係真嘅。
English: What he said is completely absurd and not true at all.

8. 吊詭
廣東話：佢嘅解釋好吊詭，完全無邏輯。
English: His explanation is completely illogical and absurd.

9. 各為其主
廣東話：喺公司入面，大家各為其主，互相競爭。
English: In the company, everyone is working for their own interests, competing with each other.

10. 軨蓋
廣東話：我需要買個軨蓋，保護我嘅電腦。
English: I need to buy a keyboard cover to protect my computer.

11. 打哥夫
廣東話：我週末同朋友去打哥夫，好享受。
English: I went golfing with friends on the weekend, and it was very enjoyable.

12. 免揀
廣東話：呢間店嘅貨品係免揀，冇得揀擇。
English: The products in this store are non-returnable, and you can't choose.

13. 擺闊佬
廣東話：佢擺闊佬，展示佢嘅財富。
English: He's showing off his wealth.

14. 廣播劇
廣東話：我鐘意聽廣播劇，佢哋好有趣。
English: I like listening to radio dramas, they're very interesting.

15. 錄影機
廣東話：我需要買個錄影機，錄影我嘅生活。
English: I need to buy a camcorder to record my life.

16. 吟詩吟唔甩
廣東話：佢嘅證據好吟詩吟唔甩，冇得抵賴。
English: His evidence is very conclusive, and there's no way to deny it.

17. 佈道大會
廣東話：我去年參加咗佈道大會，感覺好溫暖。
English: I attended a missionary conference last year, and it felt very warm.

18. 寫手
廣東話：佢係寫手，寫嘢好有才華。
English: He's a writer, and his writing is very talented.

19. 寫手
廣東話：佢係寫手，幫人寫嘢。
English: He's a ghostwriter, helping others write.

20. 代打
廣東話：我冇時間打機，所以請人代打。
English: I don't have time to play games, so I asked someone to play for me.

21. 茶碗
廣東話：我需要買個茶碗，飲茶用。
English: I need to buy a tea bowl for drinking tea.

22. 茶隔
廣東話：我需要買個茶隔，將茶葉同茶湯分開。
English: I need to buy a tea infuser to separate the tea leaves from the tea liquid.

23. 只許州官放火，不准百姓點燈
廣東話：呢個政策好似只許州官放火，不准百姓點燈，好不公平。
English: This policy is like allowing officials to do as they please, but not allowing ordinary people to do the same, it's very unfair.

24. 獨唱
廣東話：佢係獨唱，唱嘢好靚。
English: He's singing solo, and his singing is very beautiful.

25. 快人快事
廣東話：佢係快人快事，做嘢好爽快。
English: He's a quick person, and he does things very efficiently.

26. 四腳獸
廣東話：佢哋係四腳獸，做嘢好過份。
English: They're like a four-legged beast, doing things excessively.

27. 無米粥
廣東話：呢個計畫係無米粥，冇得太多期望。
English: This plan is still in the early stages, and we can't have too much expectations.

28. 義會
廣東話：我阿爸加入咗義會，借錢買車。
English: My dad joined a mutual aid group to borrow money to buy a car.

29. 榜文
廣東話：呢個榜文好重要，記住要遵守。
English: This notice is very important, remember to follow it.

30. MK名
廣東話：佢嘅MK名係「堅系男孩」，好有趣。
English: His MK name is "堅系男孩", it's very interesting.<|eot_id|>