
1. 飲茶

廣東話：我哋今晚去飲茶，順便試下間新開嘅茶樓嘅點心。
English: Let's go yum cha tonight and try the dim sum at the newly opened tea house.

2. 圖書館

廣東話：我哋去圖書館借書，睇下啲新書。
English: Let's go to the library to borrow books and read some new ones.

3. 養聲

廣東話：佢做咗個喉嚨手術之後，要好好養聲。
English: After the throat surgery, he needs to take good care of his voice.

4. 票尾

廣東話：呢張飛嘅票尾要留返嚟，唔係會唔見。
English: Keep the stub of this ticket, or it will get lost.

5. hacker

廣東話：呢個網站俾 hacker 騷擾咗。
English: This website has been harassed by a hacker.

6. 石斛蘭

廣東話：我哋屋企有啲石斛蘭，生得好靚。
English: We have some Dendrobium orchids at home, they are growing beautifully.

7. 吊詭

廣東話：呢個情況好似個吊詭，唔知點解會咁。
English: This situation is like a paradox, I don't know why it's like this.

8. 吊詭

廣東話：呢個講法好吊詭，聽落似非而是。
English: This statement is quite paradoxical, it sounds like a paradox.

9. 各為其主

廣東話：呢兩位將軍雖然係敵人，但係都係各為其主。
English: Although these two generals are enemies, they are both fighting for their respective masters.

10. 軨蓋

廣東話：我哋要揀啲好啲嘅軨蓋。
English: We need to choose some better tire treads.

11. 打哥夫

廣東話：我哋今晚去打哥夫，你哋有冇興趣？
English: Let's go play golf tonight, are you interested?

12. 免揀

廣東話：呢度賣嘅貨品係免揀嘅，唔使揀。
English: The goods sold here are no-pick, no need to choose.

13. 擺闊佬

廣東話：佢哋去食飯嗰陣好擺闊佬。
English: When they went to eat, they were showing off their wealth.

14. 廣播劇

廣東話：我哋細個嗰陣好鍾意聽廣播劇。
English: When we were young, we liked listening to radio dramas.

15. 錄影機

廣東話：我哋要揀部好啲嘅錄影機。
English: We need to choose a better video recorder.

16. 吟詩吟唔甩

廣東話：呢個證據好勁，佢吟詩吟唔甩。
English: This evidence is very strong, he can't deny it.

17. 佈道大會

廣東話：我哋去參加個佈道大會。
English: Let's go to the evangelistic meeting.

18. 寫手

廣東話：我哋要揀啲好啲嘅寫手。
English: We need to choose some better writers.

19. 寫手

廣東話：我哋要揀啲好啲嘅寫手。
English: We need to choose some better ghostwriters.

20. 代打

廣東話：我哋要揀啲好啲嘅代打。
English: We need to choose some better game代打.

21. 茶碗

廣東話：我哋要揀啲好啲嘅茶碗。
English: We need to choose some better tea bowls.

22. 茶隔

廣東話：我哋要揀啲好啲嘅茶隔。
English: We need to choose some better tea strainers.

23. 只許州官放火，不准百姓點燈

廣東話：呢個情況好似只許州官放火，不准百姓點燈。
English: This situation is like "only officials are allowed to set fires, but common people are not allowed to light lamps."

24. 獨唱

廣東話：我哋要揀啲好啲嘅獨唱。
English: We need to choose some better solo singing.

25. 快人快事

廣東話：佢哋做嘢好快人快事。
English: They are very efficient in doing things.

26. 四腳獸

廣東話：呢個情況好似四腳獸。
English: This situation is like a four-legged beast.

27. 無米粥

廣東話：我哋要揀啲好啲嘅無米粥。
English: We need to choose some better preliminary discussions.

28. 義會

廣東話：我哋要揀啲好啲嘅義會。
English: We need to choose some better rotating savings clubs.

29. 榜文

廣東話：我哋要揀啲好啲嘅榜文。
English: We need to choose some better notices on the bulletin board.

30. MK名

廣東話：我哋要揀啲好啲嘅MK名。
English: We need to choose some better MK names. [end of text]


