user
你係一個廣東話人工智能模型。記住，要用廣東話語法，唔好用普通話語法。例如，廣東話入面嘅「的」應寫成「嘅」，「是」應寫成「係」。

請用下面提供嘅廣東話詞語造句。
With use the provided Cantonese words to make sentences.

# 詞語

1. 飲茶 (去茶樓食嘢，通常只係指喺早市或者午市嘅時候食點心)
2. 圖書館 (一個地方，人哋可以去度借書或者睇書)
3. 養聲 (保養聲線、聲帶，令到唔會過份勞損，或者勞損之後康復)
4. 票尾 (喺張#飛 度搣落嚟留返畀持有者做#收據 嘅嗰部份)
5. hacker (#hack 入人哋部電腦嘅人)
6. 石斛蘭 (植物名；一種蘭花，特點係會依附喺樹上面生長)
7. 吊詭 (#矛盾、#悖論)
8. 吊詭 (似非而是、荒謬)
9. 各為其主 (各自為咗主子、上級佢哋嘅利益，嘅佢哋指示下，未免同對方為敵)
10. 軨蓋 (即係#呔軨)
11. 打哥夫 (打#高爾夫球)
12. 免揀 (指所售賣嘅貨品唔畀人揀)
13. 擺闊佬 (展現闊氣，擺出財力雄厚嘅姿態)
14. 廣播劇 (喺收音機定時播放嘅連續劇)
15. 錄影機 (#錄影 嘅機器（量詞：部）)
16. 吟詩吟唔甩 (表示證據確鑿，無法抵賴)
17. 佈道大會 (宗教嘅傳道大會)
18. 寫手 (#寫作 嘅人。)
19. 寫手 (代替他人寫作嘅人。)
20. 代打 (#代替 另一人#打機。)
21. 茶碗 (用嚟飲茶嘅碗，通常會理解為由陶瓷燒製而成嘅日本茶道道具。)
22. 茶隔 (將茶葉同茶湯分開嘅道具，大概有兩種用法，一種係可以裝住茶葉，放入沖泡器具入面，到茶湯沖好嘅時候就可以拎起嘅；而另一種就係就咁一個篩或者網，俾人擺喺茶杯或者茶壺上面，喺斟茶嘅時候先將茶葉同茶湯分離。)
23. 只許州官放火，不准百姓點燈 (比喻權貴階層可以為所欲為，老百姓嘅正當言行就受到種種限制；又或一個人言行雙重標準。源於宋朝一個州長叫田登，要求百姓避諱唔准用「登」字同音嘅字，於是大家就將「燈」改稱為「火」。到咗元宵節嘅時候，政府貼出告示：「本州依例放火三日」。)
24. 獨唱 (一個人唱，唔係同人一齊唱)
25. 快人快事 (爽快人做嘢爽快)
26. 四腳獸 (指兩個人喺公廁入面親熱甚至做愛。喺廁所外面門縫望落去，會見到四隻腳，因此稱為四腳獸。)
27. 無米粥 (初步嘅洽談。因為事情所涉嘅重要條件同細節都未有著落，所以為謹慎計，只是話「煲無米粥」，以免他人期望過高。)
28. 義會 (舊時低下階層嘅借貸或者集資活動。因為佢地冇抵押或者擔保，難以向銀行借錢，於是就集合朋友、鄰居、同業等，將大家嘅錢定期集合起嚟供會，邊個急需用錢，就可以畀利息#標會，拎咗筆錢，然後分期本息還返畀其他人。當所有人都投完標，個會就會結束。又稱標會、銀會、合會。)
29. 榜文 (貼喺#榜 上面嘅文字)
30. MK名 (係指#MK 喺網上會用嘅名，配有意味不明嘅特殊符號，或者配上特定字頭嘅名。特定字頭包括：堅系、醉愛、絕對、唯愛、跳制、謝絕等。)

####

1. 飲茶

廣東話：我尋日同朋友去飲茶，叫咗好多點心。
English: I went to yum cha with my friends yesterday and ordered a lot of dim sum.

2. 圖書館

廣東話：你屋企附近有冇圖書館？
English: Is there a library near your home?

model
3. 養聲

廣東話：做歌手一定要好好養聲，先可以長遠發展。
English: Singers must take good care of their voices to ensure a lasting career.

4. 票尾

廣東話：記得收好戲票嘅票尾，當做收據啦。
English: Remember to keep the ticket stub as a receipt.

5. hacker

廣東話：個 hacker 入咗公司嘅系統，偷取咗大量數據。
English: The hacker breached the company's system and stole a massive amount of data.

6. 石斛蘭

廣東話：呢種石斛蘭生長喺大樹上面，花色優雅。
English: This Dendrobium orchid grows on trees and has elegant blossoms.

7. 吊詭

廣東話：呢個故事嘅結局好吊詭，令我意想不到。
English: The ending of this story is paradoxical and caught me off guard.

8. 吊詭 (似非而是、荒謬)

廣東話：佢嘅辯解好吊詭，明明做錯嘢，仲話自己係受害者。
English: His defense is absurd; clearly at fault, he claims to be the victim.

9. 各為其主

廣東話：兩間公司嘅員工雖然係朋友，但因為各為其主，競爭激烈。
English: Although employees of the two companies are friends, their loyalty to their respective employers leads to fierce competition.

10. 軨蓋

廣東話：呢部新車配備咗真皮軨蓋，好豪華。
English: This new car comes with leather tire covers, adding a touch of luxury.

11. 打哥夫

廣東話：週末我哋約埋朋友去打哥夫，放鬆吓心情。
English: We're meeting friends this weekend to play golf and unwind.

12. 免揀

廣東話：呢間舖頭嘅貨品全部免揀，要邊樣就邊樣。
English: This shop offers no choice; you take whatever item is available.

13. 擺闊佬

廣東話：佢成日擺闊佬，買名牌衫袋，其實都係借錢嚟買嘅。
English: He constantly flaunts his wealth, buying designer clothes and bags, most of which are purchased on credit.

14. 廣播劇

廣東話：細個時我鍾意聽廣播劇，想像故事情節。
English: As a child, I enjoyed listening to radio dramas and picturing the storylines.

15. 錄影機

廣東話：呢部老式錄影機仲可以用，可以錄低珍貴嘅家庭片段。
English: This old VCR still works and can record precious family moments.

16. 吟詩吟唔甩

廣東話：佢嘅罪證確鑿，吟詩吟唔甩，唯有認罪。
English: With irrefutable evidence, he couldn't deny his guilt and had to confess.

17. 佈道大會

廣東話：教會舉辦咗一場大型佈道大會，吸引咗好多信徒參加。
English: The church organized a large evangelistic crusade, drawing in numerous believers.

18. 寫手

廣東話：佢係一位專業寫手，為雜誌撰寫文章。
English: He's a professional writer, contributing articles to magazines.

19. 寫手 (代替他人寫作嘅人。)

廣東話：忙碌嘅老闆請咗寫手代為撰寫報告。
English: The busy executive hired a ghostwriter to compose the report.

20. 代打

廣東話：佢遊戲技術高超，經常被請去做代打。
English: His exceptional gaming skills lead to frequent requests for him to play as a substitute.

21. 茶碗

廣東話：呢個日本製嘅茶碗，造型簡約優雅，適合品茗。
English: This Japanese tea bowl, with its minimalist and elegant design, is perfect for tea appreciation.

22. 茶隔

廣東話：用茶隔可以將茶葉同茶湯分開，避免茶葉飄入杯中。
English: A tea strainer separates tea leaves from the brewed tea, preventing them from floating into the cup.

23. 只許州官放火，不准百姓點燈

廣東話：呢個政策只許州官放火，不准百姓點燈，真係唔公平！
English: This policy, allowing officials to act freely while restricting commoners, is utterly unjust!

24. 獨唱

廣東話：佢擅長獨唱，歌聲婉轉動聽。
English: She excels at solo performances, her voice melodious and captivating.

25. 快人快事

廣東話：佢做事快人快事，效率高，深受讚賞。
English: His prompt and efficient work ethic earns him widespread admiration.

26. 四腳獸

廣東話：公廁入面傳出古怪聲浪，原來係有人做「四腳獸」。
English: Strange noises from the public restroom revealed a couple engaging in intimate acts, referred to as "four-legged beast."

27. 無米粥

廣東話：呢個項目現階段只係煲無米粥，細節未定，唔好期望過高。
English: Currently, this project is merely preliminary discussions ("boiling rice without grains"), with details undecided, so avoid excessive expectations.

28. 義會

廣東話：以前窮苦人家需要急用錢，就會參加義會互助。
English: In the past, impoverished families relied on義會 (mutual aid societies) for urgent financial needs.

29. 榜文

廣東話：科舉考試嘅榜文張貼喺城牆上，公佈狀元嘅姓名。
English: The榜文 announcing the top scorer in the imperial examinations was posted on city walls.

30. MK名

廣東話：佢嘅MK名係「醉愛小精靈」，配有閃爍嘅符號，好搶眼。
English: His MK username is "Drunken Love Sprite" adorned with sparkling symbols, making it stand out. [end of text]


