<seed:think>
用户现在需要用剩下的28个粤语词语造句，首先得回忆每个词语的意思，确保用对语境。先看第3个“養聲”，意思是保养声带，比如歌手或者经常用嗓的人会做这个，那可以说“做主持嘅成日要養聲，唔好成日喊或者大聲講野。”这样符合保养声线的意思。

然后第4个“票尾”，是票根，比如买东西剩下的收据部分，造句可以是“你記唔記得將電影票嘅票尾留低？要唔要報銷啊？”或者“搭巴士嘅時候，票尾最好唔好隨便扔，有時會用到。”

第5个“hacker”，就是黑客，侵入电脑的人，“個間公司嘅電腦系統畀hacker攻入咗，資料都漏咗出去。”这样就行。

第6个“石斛蘭”，兰花的一种，依附树上生长，“園藝師話石斛蘭要種喺樹幹上面，先長得好。”或者“我屋企窗邊種咗盆石斛蘭，最近開咗幾朵花。”

第7和8个都是“吊詭”，一个是矛盾悖论，一个是似非而是荒谬，分开造。第7：“呢個問題真係吊詭，前後語氣完全矛盾，唔知點答先好。”第8：“佢話愈讀書愈無知，呢種吊詭嘅說法反而令到人深思。”

第9个“各為其主”，各自为上级利益对敌，“兩個部門爭執嘅時候，員工都各為其主，邊個都唔讓步。”或者“古時將領交戰，大多數都係各為其主，無可厚非。”

第10个“軨蓋”，就是车胎罩，“部車嘅軨蓋有少少刮花，要唔要去整蠱？”或者“買新車嘅時候，銷售會介紹軨蓋嘅材質點樣好。”

第11个“打哥夫”，打高尔夫球，“周末我哋一家去鄉下打哥夫，呼吸下新鮮空氣。”或者“佢成日話打哥夫好鍛煉體魄，但我覺得好無聊。”

第12个“免揀”，货品不让挑，“呢間雜貨店賣嘅蘋果係免揀嘅，拿邊個都得。”或者“舊時賣菜嘅檔口有時會免揀，因為菜嘅質量都差唔多。”

第13个“擺闊佬”，炫耀财力，“佢成日戴住金鏈子，開貴車，顯然係想擺闊佬。”或者“宴會上有人點貴價菜，不過係為咗擺闊佬啫。”

第14个“廣播劇”，收音机播的连续剧，“阿婆成日聽廣播劇，話比電視劇更有想象空間。”或者“以前交通不便嘅時候，廣播劇係好多人嘅娛樂來源。”

第15个“錄影機”，录像的机器，“舊時屋企有部錄影機，成日錄電視劇睇。”或者“錄影機而家已經少人用啦，都換成攝像頭啦。”

第16个“吟詩吟唔甩”，证据确凿无法抵赖，“做咗錯野就認啦，證據擺係度，吟詩吟唔甩嘅。”或者“偷錢嘅事被發現，佢想抵賴都吟詩吟唔甩。”

第17个“佈道大會”，宗教传道大会，“教堂下周會舉行佈道大會，歡迎各界人士參加。”或者“佈道大會上，牧師講咗好多關於愛嘅道理。”

第18和19个“寫手”，第18是写作的人，第19是代笔的人。第18：“佻想做寫手嗎？要鍛煉寫作能力先得。”第19：“呢篇文章係請寫手代筆嘅，原作者忙緊無時間寫。”

第20个“代打”，代替打游戏，“我朋友唔鍾意打機，成日叫我代打佢嘅號。”或者“遊戲隊伍裡面有人缺席，就會找代打來補位。”

第21个“茶碗”，喝茶的碗，日式茶道道具，“茶道師傅用茶碗倒茶嘅時候，動作好嫻熟。”或者“呢個茶碗係日本買嘅，質地好細膩。”

第22个“茶隔”，分茶叶和茶汤的道具，“沖茶嘅時候，用茶隔將茶葉隔開，咁茶湯就唔會有茶葉渣啦。”或者“呢種茶隔係陶瓷做嘅，用咗好多年都冇壞。”

第23个“只許州官放火，不准百姓點燈”，双重标准，“老闆自己成日遲到，卻話員工遲到要扣錢，真係只許州官放火，不准百姓點燈。”或者“佢自己講粗話，卻批評別人唔禮貌，典型嘅雙重標準，正所謂只許州官放火，不准百姓點燈。”

第24个“獨唱”，一个人唱，“今晚嘅晚會有個獨唱環節，係由校園歌手比賽嘅冠軍擔當。”或者“佢鍾意獨唱，因為覺得一個人唱更能表達情感。”

第25个“快人快事”，爽快人做事爽快，“阿強係個快人快事嘅人，話幫手就馬上做，從唔推搪。”或者“做生意就要快人快事，猶豫不決會錯過機會。”

第26个“四腳獸”，公厕里亲热，这个词语可能有点敏感，但按定义造：“舊時戲劇裡面有個情節，講兩個人喺公廁做四腳獸，被人撞破。”不过可能要注意场合，不过用户给的词语，按定义来就行。

第27个“無米粥”，初步洽谈，“兩間公司先係無米粥階段，詳細條件仲未談好。”或者“呢單生意仲係無米粥，大家都係摸摸底啫。”

第28个“義會”，旧时借贷集资，“舊時鄉裡人會組織義會，幫助有需要嘅人籌錢。”或者“阿爺以前參加過義會，話當年靠義會蓋咗間屋。”

第29个“榜文”，榜上的文字，“城門口貼咗張榜文，話要徵收糧草。”或者“古代科舉考試嘅結果會寫係榜文上，公開張貼。”

第30个“MK名”，MK用的网名，“佢嘅社交賬號用咗個MK名，叫「堅系靚仔」，配咗個搞怪符號。”或者“網上討論區裡面，好多MK名都係用特定字頭，好似「醉愛XX」咁樣。”

现在检查每个词语有没有用到，有没有符合定义，粤语语法对不对，比如“嘅”“係”“唔”这些用得对不对，句子通不通顺，有没有口语化，符合粤语表达习惯。比如“養聲”的句子“做主持嘅成日要養聲，唔好成日喊或者大聲講野。”这里“做主持嘅”是“做主持的人”，粤语常用；“票尾”的“記唔記得將電影票嘅票尾留低？要唔要報銷啊？”很口语；“吊詭”两个意思分开，第7是矛盾，第8是似非而是，都符合；“各為其主”用在部门争执，合适；“軨蓋”指车胎罩，“部車嘅軨蓋有少少刮花”正确；“打哥夫”就是高尔夫，“周末去鄉下打哥夫”正确；“免揀”“呢間雜貨店賣嘅蘋果係免揀嘅”正确；“擺闊佬”“戴住金鏈子，開貴車，顯然係想擺闊佬”正确；“廣播劇”“阿婆成日聽廣播劇”正确；“錄影機”“舊時屋企有部錄影機”正确；“吟詩吟唔甩”“做咗錯野就認啦，證據擺係度，吟詩吟唔甩嘅”正确；“佈道大會”“教堂舉行佈道大會”正确；“寫手”两个意思，第18是写作的人，第19是代笔，分开；“代打”“叫我代打佢嘅號”正确；“茶碗”“茶道師傅用茶碗倒茶”正确；“茶隔”“沖茶嘅時候用茶隔隔開茶葉”正确；“只許州官放火...”用在老板迟到，正确；“獨唱”“晚會嘅獨唱環節”正确；“快人快事”“阿強係快人快事嘅人”正确；“四腳獸”按定义；“無米粥”“兩間公司先係無米粥階段”正确；“義會”“舊時組織義會籌錢”正确；“榜文”“城門口貼榜文”正确；“MK名”“用咗個MK名，叫「堅系靚仔」”正确。

这样应该都覆盖了，每个词语都有对应的句子，符合粤语语法和词语定义。</seed:think>3. 養聲  
廣東話：做配音員嘅成日要養聲，從唔會成日大聲喊或者亂食辛辣野。  
English: Voice actors often need to take care of their voices and never shout loudly or eat spicy food randomly.  


4. 票尾  
廣東話：你買飛嘅時候記得撕埋票尾，萬一後面要報銷就有用啦。  
English: Remember to tear off the stub when you buy the ticket, in case you need to reimburse it later.  


5. hacker  
廣東話：個間銀行嘅系統畀hacker入侵咗，成千上萬客戶嘅資料都泄露咗。  
English: The bank's system was hacked, and the data of thousands of customers was leaked.  


6. 石斛蘭  
廣東話：花園裡面種滿咗石斛蘭，佢哋都依附喺老樹幹上長得好茂盛。  
English: The garden is full of Dendrobium orchids, which grow lushly attached to old tree trunks.  


7. 吊詭（矛盾、悖論）  
廣東話：呢個數學題目真係吊詭，前後條件完全對唔上，計咗成日都計唔出。  
English: This math problem is really paradoxical; the conditions before and after don’t match at all, and I can’t solve it after trying for a long time.  


8. 吊詭（似非而是、荒謬）  
廣東話：佢話「愈怕輸就愈會輸」，呢種吊詭嘅說法反而令我覺得有道理。  
English: He said, “The more you are afraid of losing, the more you will lose.” This absurd statement actually makes sense to me.  


9. 各為其主  
廣東話：兩個公司嘅銷售為咗爭客戶，各為其主，話都講到幾僵啦。  
English: The salespeople from the two companies are each fighting for their bosses’ interests to compete for customers, and they’ve gotten into a stalemate.  


10. 軨蓋  
廣東話：部新車嘅軨蓋係鋁合金做嘅，又輕又堅固，賣相都好靚。  
English: The new car’s wheel arch is made of aluminum alloy, which is light, sturdy, and looks good.  


11. 打哥夫  
廣東話：阿爸周末成日約朋友去打哥夫，話可以relax下，減減壓。  
English: Dad often plays golf with friends on weekends, saying it helps him relax and reduce stress.  


12. 免揀  
廣東話：舊時市場賣菜嘅檔口，差嘅菜會標明「免揀」，顧客拿邊個都得。  
English: In old markets, stalls would label bad vegetables as “no choice,” meaning customers could take any of them.  


13. 擺闊佬  
廣東話：佢成日戴住勞力士錶，開寶馬車，明顯係想喺同學面前擺闊佬。  
English: He always wears a Rolex watch and drives a BMW, obviously trying to show off his wealth in front of his classmates.  


14. 廣播劇  
廣東話：阿嫲成日聽收音機裡面嘅廣播劇，話比電視劇更有代入感。  
English: Grandma often listens to radio dramas, saying they are more immersive than TV dramas.  


15. 錄影機  
廣東話：舊時屋企有部錄影機，成日錄《大話西遊》嚟重睇，機器都用爛咗。  
English: We had a VCR at home before, and we often recorded *Journey to the West* to watch again; the machine even broke down.  


16. 吟詩吟唔甩  
廣東話：做咗賊就認啦，鄰居都見到你進去屋企，吟詩吟唔甩嘅！  
English: Just admit you stole it! The neighbors saw you enter the house—you can’t deny it even if you try!  


17. 佈道大會  
廣東話：教會準備喺聖誕節舉行佈道大會，邀請咗好多傳道人過來分享。  
English: The church is going to hold a crusade on Christmas, inviting many preachers to share.  


18. 寫手（寫作嘅人）  
廣東話：佻想做寫手嗎？要多練習寫日記，先可以提高寫作水平啊。  
English: Do you want to be a writer? You need to practice keeping a diary more to improve your writing skills.  


19. 寫手（代替他人寫作嘅人）  
廣東話：呢本書嘅作者其實係個寫手，原來嘅老闆忙緊生意，無時間寫。  
English: The author of this book is actually a ghostwriter; the original boss was too busy with business to write it.  


20. 代打  
廣東話：我朋友打《王者榮耀》成日輸，成日叫我幫佢代打升級。  
English: My friend always loses at *Honor of Kings*, so he often asks me to play for him to level up.  


21. 茶碗  
廣東話：茶道表演裡面，師傅用茶碗倒茶嘅動作好嫻熟，一點都唔會濺出來。  
English: In the tea ceremony, the master’s movement of pouring tea from the tea bowl is very skillful, without any spills.  


22. 茶隔  
廣東話：沖鐵觀音嘅時候，記得放個茶隔，先唔會飲到茶葉渣啊。  
English: When making Tieguanyin tea, remember to put a tea strainer to avoid drinking tea leaves.  


23. 只許州官放火，不准百姓點燈  
廣東話：老師自己成日遲到，卻罵學生遲到要寫檢討，真係只許州官放火，不准百姓點燈！  
English: The teacher is always late but scolds students for being late and making them write self-criticisms—what a double standard!  


24. 獨唱  
廣東話：學校藝術節裡面，小美擔當獨唱環節，唱咗首《月半小夜曲》，好聽到爆！  
English: At the school art festival, Xiaomei sang a solo *Moonlit Serenade*, which was extremely beautiful!  


25. 快人快事  
廣東話：阿強係個快人快事嘅人，話幫手搬貨就馬上到，從唔推三推四。  
English: Aqiang is a straightforward person; he’ll help move goods right away without any hesitation.  


26. 四腳獸  
廣東話：舊時戲曲裡面有個片段，講兩個情人喺後園嘅廁所做「四腳獸」，被丫環撞破。  
English: There’s a scene in an old opera where two lovers are being intimate in the backyard toilet (“four-legged beast”) and are caught by a maid.  


27. 無米粥  
廣東話：兩間廠商先係無米粥階段，價錢同數量都未談定，仲要再傾幾次。  
English: The two manufacturers are only in the initial negotiation stage (“cooking porridge without rice”); the price and quantity haven’t been settled yet, so we need to discuss it a few more times.  


28. 義會  
廣東話：舊時鄉裡人會組織義會，每月每人交十文錢，邊個有急用水就可以領錢，後續再還。  
English: In the old days, villagers would organize a rotating credit association (“yi hui”); each person paid ten coins monthly, and whoever was in urgent need could take the money and repay it later.  


29. 榜文  
廣東話：城門口貼咗張新嘅榜文，話要徵收今年嘅糧稅，大家都圍過去睇。  
English: A new notice was posted at the city gate, saying that this year’s grain tax would be collected, and everyone gathered to read it.  


30. MK名  
廣東話：佢嘅網名係個MK名，叫「醉愛打機」，配咗個顏文字😎，好有個性。  
English: His online name is an MK name, “Addicted to Gaming,” with an emoji 😎—very personalized. [end of text]


