好呀！以下係用你提供嘅詞語，用正確廣東話語法同口語寫成嘅句子（每句都附上英文翻譯，方便你對照）：

---

1. **飲茶**  
廣東話：我哋星期六朝早一定要去飲茶，點心都預訂好喇！  
English: We *have* to go for yum cha Saturday morning—the dim sum’s already booked!

2. **圖書館**  
廣東話：呢度個圖書館開到晚上十點，我成個禮拜都喺度溫書。  
English: This library’s open until 10 p.m., and I’ve been studying there all week.

3. **養聲**  
廣東話：佢下個月要開個人演唱會，成個月都在養聲，連話都少講。  
English: He’s got a solo concert next month, so he’s been养声 (preserving his voice) for a whole month—even talking less.

4. **票尾**  
廣東話：飛機落地之後，我即刻將票尾撕落嚟，留返做登機證明。  
English: After the plane landed, I immediately tore off the ticket stub to keep as proof of boarding.

5. **hacker**  
廣東話：公司個IT部成日捉到hacker偷睇內部電郵，真係頭痛。  
English: The company’s IT dept keeps catching hackers peeking at internal emails—such a headache.

6. **石斛蘭**  
廣東話：呢盆石斛蘭好耐之前就放喺露台，依家開咗幾朵花，好靚。  
English: This Dendrobium orchid’s been on the balcony for ages—and now it’s blooming a few flowers, so beautiful.

7. **吊詭**（矛盾／悖論）  
廣東話：「越努力越運氣差」？咁樣講真係好吊詭。  
English: “The harder you try, the unluckier you get”? That’s so paradoxical.

8. **吊詭**（似非而是／荒謬）  
廣東話：佢話自己係素食者，但成日偷食火腿三文治，真係好吊詭。  
English: He claims he’s a vegetarian, yet he’s always sneaking ham sandwiches—so absurdly contradictory.

9. **各為其主**  
廣東話：雖然我哋喺會議上爭到面紅耳赤，但其實各為其主，冇乜私人恩怨。  
English: Although we argued fiercely in the meeting, it was just each of us representing our own side—no personal grudges.

10. **軨蓋**  
廣東話：部車個軨蓋壞咗，風一吹就「彭彭」響，好煩人。  
English: The car’s steering wheel cover’s broken—it makes a *thump-thump* sound when the wind blows, so annoying.

11. **打哥夫**  
廣東話：阿強成個禮拜日都去打哥夫，連約會都推咗。  
English: Qiang goes to play golf every Sunday—even skips dates.

12. **免揀**  
廣東話：呢間快時裝店係免揀，所有衫都係預設尺碼，唔畀你試穿。  
English: This fast-fashion store is *mien2 jin2* (no selection)—all clothes come pre-sized, and you can’t try them on.

13. **擺闊佬**  
廣東話：佢請客食飯，一餐就點咗八百蚊嘅龍蝦，真係擺闊佬。  
English: He treated everyone to dinner and ordered a $800 lobster—total show-off.

14. **廣播劇**  
廣東話：我小學時成日偷聽電台個廣播劇，聽到入神，連功課都忘記做。  
English: When I was in primary school, I’d secretly listen to radio dramas—so into them I’d even forget my homework.

15. **錄影機**  
廣東話：阿婆成日話：「我哋成日用部錄影機錄TVB劇，等下班返嚟再睇。」  
English: Grandma always says: “We used to record TVB dramas on the VCR, then watch them after work.”

16. **吟詩吟唔甩**  
廣東話：警察將監控片段一放，個疑犯即刻啞口無言，真係吟詩吟唔甩。  
English: Once the police played the surveillance footage, the suspect was speechless—*yam4 si1 jam4 m4 saai3* (can’t deny it, evidence’s solid).

17. **佈道大會**  
廣東話：呢個禮拜六，教會喺體育館搞個好大型嘅佈道大會，請咗知名牧師来讲道。  
English: This Saturday, the church’s holding a big evangelistic rally in the stadium—featuring a famous pastor.

18. **寫手**（寫作之人）  
廣東話：呢個雜誌嘅專欄寫手，原來係位退休教授，文筆好犀利。  
English: The columnist for this magazine? Turns out he’s a retired professor—his writing’s sharp as hell.

19. **寫手**（代筆之人）  
廣東話：佢請咗個寫手幫佢寫自傳，自己只係口述，唔親自落筆。  
English: He hired a ghostwriter to pen his autobiography—he just dictated it; didn’t write a single word himself.

20. **代打**  
廣東話：我臨時有事去唔到，就叫兄弟代打，幫我打場籃球。  
English: I couldn’t make it last minute, so I asked my brother to *daai3 daa2* (sub in) and play basketball for me.

21. **茶碗**  
廣東話：呢個茶碗係日本老匠人手製，釉色溫潤，握落嚟好舒服。  
English: This chawan (tea bowl) is handcrafted by a Japanese artisan—the glaze is soft and warm to hold.

22. **茶隔**  
廣東話：泡鐵觀音要用茶隔，先至唔會有茶渣落進杯入面。  
English: You need a *caa4 gaak3* (tea strainer) when brewing Tieguanyin, so no tea leaves end up in the cup.

23. **只許州官放火，不准百姓點燈**  
廣東話：老闆成日遲到都冇人話佢，但員工遲到5分鐘就扣錢——真係只許州官放火，唔准百姓點燈！  
English: The boss’s always late and gets away with it, but staff get docked pay for being 5 minutes late—total double standard!

24. **獨唱**  
廣東話：今晚K房，我唱首獨唱，唔係合唱，你哋靜靜聽啦～  
English: Tonight at karaoke, I’m doing a solo—no group singing—just sit back and listen!

25. **快人快事**  
廣東話：佢話做就做，唔拖唔拉，真係快人快事！  
English: He said, “If it’s to be done, just do it”—no delays, no nonsense. Classic *faai3 jan4 faai3 si6*!

26. **四腳獸**  
廣東話：公廁外面貼張紙：「禁止偷窺四腳獸」，其實係諷刺情侶喺廁所親熱。  
English: There’s a sign outside the men’s room: “No peeping Toms of *seoi3 gok3 sau3* (four-legged beasts)”—a tongue-in-cheek warning about couples fooling around inside.

27. **無米粥**  
廣東話：佢哋話想合作開發新產品，但連初步方案都冇，淨係煲緊無米粥。  
English: They say they wanna co-develop a new product, but they don’t even have a draft proposal—just blowing hot air (*bou1 gam2 mou4 zuk6*).

28. **義會**  
廣東話：以前鄉下人會組織義會，大家每月攞幾蚊，緊急時就可以標會借錢。  
English: Back in the day, villagers formed *yi6 wui6* (charitable associations)—everyone chipped in monthly, and those in need could bid for the pooled fund.

29. **榜文**  
廣東話：縣衙門口貼咗張榜文，寫住「即日起禁止私鑄銅錢」。  
English: A notice was posted at the county office: “Private minting of copper coins prohibited effective immediately.”

30. **MK名**  
廣廣東話：佢個MK名係「醉愛小熊熊」，個「熊」字重寫成「能」，真係好中二～  
English: His MK name is *Zui Ai Xiao Xiong Xiong* (“Drunk in Love with Little Bears”)—and he

