收到，我已經明白你嘅要求。以下係用你提供嘅廣東話詞語造嘅句子，全部都會嚴格遵守廣東話語法（例如用「嘅」、「係」、「咗」等）：

1. **飲茶**
   廣東話：週末嘅早晨，我哋習慣去茶樓**飲茶**，邊食蝦餃邊傾計。

2. **圖書館**
   廣東話：為咗準備考試，我成日去**圖書館**借書溫習，嗰度好靜。

3. **養聲**
   廣東話：歌手喺開演唱會之前，一定要好好**養聲**，唔好食辣嘢或者飲凍嘢。

4. **票尾**
   廣東話：買完戲票之後，記得收好張**票尾**，萬一有問題可以攞嚟做證明。

5. **hacker**
   廣東話：個**hacker**好快就**hack**咗入公司嘅系統，偷咗好多機密資料。

6. **石斛蘭**
   廣東話：佢屋企種咗幾盆**石斛蘭**，佢哋好鍾意依附喺樹幹上面生長。

7. **吊詭** (矛盾、悖論)
   廣東話：個情況真係好**吊詭**，明明係想幫人，點解最後反而搞到大家更唔開心？

8. **吊詭** (似非而是、荒謬)
   廣東話：呢個政策聽落好合理，但實行起嚟卻好**吊詭**，完全達唔到預期效果。

9. **各為其主**
   廣東話：雖然佢哋以前係好朋友，但係而家**各為其主**，喺商場上就要互相競爭。

10. **軨蓋**
    廣東話：部車嘅**軨蓋**撞凹咗，我要搵個師傅幫手整返佢。

11. **打哥夫**
    廣東話：週末佢唔會返屋企，因為佢約咗一班朋友去**打哥夫**。

12. **免揀**
    廣東話：呢個批發市場嘅貨品係**免揀**嘅，你買幾多就要幾多，唔可以揀。

13. **擺闊佬**
    廣東話：佢成日喺朋友面前**擺闊佬**，其實個荷包都係空嘅。

14. **廣播劇**
    廣東話：細個嗰陣，我哋最鍾意喺收音機聽**廣播劇**，靠想像力去補足畫面。

15. **錄影機**
    廣東話：以前我哋會用**錄影機**將電視節目錄低，而家就全部用手機或者電腦啦。

16. **吟詩吟唔甩**
    廣東話：證據咁確鑿，你仲想點？真係**吟詩吟唔甩**啦！

17. **佈道大會**
    廣東話：教會喺週末舉辦咗一個大型**佈道大會**，吸引咗好多人參加。

18. **寫手** (寫作的人)
    廣東話：佢係一個好有創意嘅**寫手**，寫嘅小說好吸引讀者。

19. **寫手** (代筆的人)
    廣東話：嗰本書其實唔係名人自己寫嘅，係請咗個**寫手**代筆嘅。

20. **代打**
    廣東話：我今晚有嘢做，唔可以**代打**你嗰場機，你自己搞掂啦。

21. **茶碗**
    廣東話：佢好鍾意收集日本嘅**茶碗**，每一個都係手工燒製嘅。

22. **茶隔**
    廣東話：斟茶嗰陣記得用**茶隔**，唔好將茶葉倒落杯入面畀人飲。

23. **只許州官放火，不准百姓點燈**
    廣東話：個老闆自己成日遲到，卻要員工準時到，真係**只許州官放火，不准百姓點燈**。

24. **獨唱**
    廣東話：今晚嘅音樂會，佢會獻上一首**獨唱**，好期待佢嘅表現。

25. **快人快事**
    廣東話：佢係個**快人快事**嘅人，答應咗嘅嘢一定即刻幫你搞掂。

26. **四腳獸**
    廣東話：（註：此詞較粗俗，僅作例句）嗰對情侶喺公廁入面搞到好似**四腳獸**咁，真係唔知點講佢哋。

27. **無米粥**
    廣東話：而家只係**煲無米粥**，好多細節都未定，大家唔好太早興奮。

28. **義會**
    廣東話：舊時啲窮人冇錢，就靠**義會**互相幫手，有急用嗰個就可以標會拎錢。

29. **榜文**
    廣東話：古代官府會喺城門口貼**榜文**，通知百姓有關新嘅法令。

30. **MK 名**
    廣東話：佢個網名係典型嘅**MK 名**，成堆奇怪符號同「唯愛」、「跳制」呢啲字。 [end of text]


