3. 養聲

廣東話：你係個好學的人，係係好學。
English: You are a good student, you are a good student.

4. 票尾

廣東話：這張票係係收據，係係收據。
English: This ticket is a receipt, this ticket is a receipt.

5. hacker (#hack 入人哋部電腦嘅人)

廣東話：你係個好學的人，係係好學。
English: You are a good student, you are a good student.

6. 石斛蘭 (植物名；一種蘭花，特點係會依附喺樹上面生長)

廣東話：你係個好學的人，係係好學。
English: You are a good student, you are a good student.

7. 吊詭 (#矛盾、#悖論)

廣東話：你係個好學的人，係係好學。
English: You are a good student, you are a good student.

8. 吊詭 (似非而是、荒謬)

廣東話：你係個好學的人，係係好學。
English: You are a good student, you are a good student.

9. 各為其主 (各自為咗主子、上級佢哋嘅利益，嘅佢哋指示下，未免同對方為敵)

廣東話：你係個好學的人，係係好學。
English: You are a good student, you are a good student.

10. 軨蓋 (即係#呔軨)

廣東話：你係個好學的人，係係好學。
English: You are a good student, you are a good student.

11. 打哥夫 (打#高爾夫球)

廣東話：你係個好學的人，係係好學。
English: You are a good student, you are a good student.

12. 免揀 (指所售賣嘅貨品唔畀人揀)

廣東話：你係個好學的人，係係好學。
English: You are a good student, you are a good student.

13. 擺闊佬 (展現闊氣，擺喺茶杯或者茶壺上面，喺斟茶嘅時候先將茶葉同茶湯分離。)

廣東話：你係個好學的人，係係好學。
English: You are a good student, you are a good student.

14. 廣播劇 (喺收音機定時播放嘅連續劇)

廣東話：你係個好學的人，係係好學。
English: You are a good student, you are a good student.

15. 錄影機 (#錄影 嘅機器（量詞：部）)

廣東話：你係個好學的人，係係好學。
English: You are a good student, you are a good student.

16. 吟詩吟唔甩 (表示證據確鑿，無法抵賴)

廣東話：你係個好學的人，係係好學。
English: You are a good student, you are a good student.

17. 佈道大會 (宗教嘅傳道大會)

廣東話：你係個好學的人，係係好學。
English: You are a good student, you are a good student.

18. 寫手 (#寫作 嘅人。)

廣東話：你係個好學的人，係係好學。
English: You are a good student, you are a good student.

19. 寫手 (代替他人寫作嘅人。)

廣東話：你係個好學的人，係係好學。
English: You are a good student, you are a good student.

20. 代打 (#代替 另一人#打機。)

廣東話：你係個好學的人，係係好學。
English: You are a good student, you are a good student.

21. 茶碗 (用嚟飲茶嘅碗，通常會理解為由陶瓷燒製而成嘅日本茶道道具。)

廣東話：你係個好學的人，係係好學。
English: You are a good student, you are a good student.

22. 茶隔 (將茶葉同茶湯分開嘅道具，大概有兩種用法，一種係可以裝住茶葉，放入沖泡器具入面，到茶湯沖好嘅時候就可以拎起嘅；而另一種就係就咁一個篩或者網，俾人擺喺茶杯或者茶壺上面，喺斟茶嘅時候先將茶葉同茶湯分離。)

廣東話：你係個好學的人，係係好學。
English: You are a good student, you are a good student.

23. 只許州官放火，不准百姓點燈 (比喻權貴階層可以為所欲為，老百姓嘅正當言行就受到種種限制；又或一個人言行雙重标准。源於宋朝一個州長叫田登，要求百姓避諱唔准用「登」字同音嘅字，於是大家就將「燈」改稱為「火」。到咗元宵節嘅時候，政府貼出告示：「本州依例放火三日」。)

廣東話：你係個好學的人，係係好學。
English: You are a good student, you are a good student.

24. 獨唱 (一個人唱，唔係同人一齊唱)

廣東話：你係個好學的人，係係好學。
English: You are a good student, you are a good student.

25. 快人快事 (爽快人做嘢爽快)

廣東話：你係個好學的人，係係好學。
English: You are a good student, you are a good student.

26. 四腳獸 (指兩個人喺公廁入面親熱甚至做愛。喺廁所外面門縫望落去，會見到四隻腳，因此稱為四腳獸。)

廣東話：你係個好學的人，係係好學。
English: You are a good student, you are a good student.

27. 無米粥 (初步嘅洽談。因為事情所涉嘅重要條件同細節都未有著落，所以為謹慎計，只是話「煲無米粥」，以免他人期望過高。)

廣東話：你係個好學的人，係係好學。
English: You are a good student, you are a good student.

28. 義會 (舊時低下階層嘅借貸或者集資活動。因為佢地冇抵押或者擔保，難以向銀行借錢，於是就集合朋友、鄰居、同業等，將大家嘅錢定期集合起嚟供會，邊個急需用錢，就可以畀利息#標會，拎咗筆錢，然後分期本息還返畀其他人。當所有人都投完標，個會就會結束。又稱標會、銀會、合會。)

廣東話：你係個好學的人，係係好學。
English: You are a good student, you are a good student.

29. 榜文 (貼喺#榜 上面嘅文字)

廣東話：你係個好學的人，係係好學。
English: You are a good student, you are a good student.

30. MK名 (係指#MK 喺網上會用嘅名，配有意味不明嘅特殊符號，或者配上特定字頭嘅名。特定字頭包括：堅系、醉愛、絕對、唯愛、跳制、謝絕等。)

廣東話：你係個好學的人，係係好學。
English: You are a good student, you are a good student. [end of text]


