1. **養聲**
   我哋公司嘅歌手都要定期去養聲，好唔使聲線過份勞損，否則唱咗幾場就會聲音沙啲。

2. **票尾**
   你哋買咗機票之後，記得留意票尾，因為有時候票尾都有重要嘅資訊，例如行李政策或者退票條款。

3. **hacker**
   我哋公司最近發現有hacker入侵我哋嘅電腦系統，所以請咗專業人士去檢查，防止資料被竊取。

4. **石斛蘭**
   我屋企陽台上種咗一盆石斛蘭，佢好漂亮，但係要好好照顧，因為佢係附生植物，需要依附喺樹上生長。

5. **吊詭**
   佢話咗「我唔想去，但係又好想去」，真係吊詭，好難決定。

6. **吊詭**
   佢講咗一個吊詭嘅故事，講到最後都令我哋哭笑不得。

7. **各為其主**
   我哋兩個公司雖然合作，但係每個人都要各為其主，唔好為對方利益而犧牲自己嘅利益。

8. **軨蓋**
   你哋講話好軨蓋，我都唔知你講咗咩，要講清楚點。

9. **打哥夫**
   我哋公司有個員工好愛打哥夫，每個星期都會去打幾場，好放鬆。

10. **免揀**
    我哋店內嘅貨品都是免揀，你哋可以隨意選擇，唔好擔心唔到位。

11. **擺闊佬**
    佢最近好擺闊佬，每次出街都會帶咗好多名牌包包，令我哋好羨慕。

12. **廣播劇**
    我小時候好愛聽廣播劇，特別係《西遊記》嘅廣播劇，令我好入迷。

13. **錄影機**
    我哋家有部舊錄影機，但係現在都唔使，因為都有智能手機可以錄影。

14. **吟詩吟唔甩**
    佢講咗「我都見到佢入面」，吟詩吟唔甩，證據都有，唔好再抵賴。

15. **佈道大會**
    我哋教會下星期都會舉辦佈道大會，歡迎大家來聽講道。

16. **寫手**
    我哋雜誌聘請咗一個專業寫手，幫我哋寫文章。

17. **寫手**
    佢係一個專業寫手，經常幫不同嘅作家代筆，但係佢都唔會公開自己嘅身份。

18. **代打**
    我哋網上遊戲平台有很多玩家會找人代打，但係都係違規嘅。

19. **茶碗**
    我哋飲茶時都會用日本嘅茶碗，因為佢比較精緻，好適合飲茶。

20. **茶隔**
    我哋飲茶時都會用茶隔，好令茶湯同茶葉分開，飲起嚟更清爽。

21. **只許州官放火，不准百姓點燈**
    佢講話好只許州官放火，不准百姓點燈，令我哋好不滿意。

22. **獨唱**
    佢好愛獨唱，每次都會自己唱歌，唔好意思同人一齊唱。

23. **快人快事**
    佢做事好快人快事，我哋都好佩服佢嘅效率。

24. **四腳獸**
    我哋公廁外面好多次都見到四腳獸，真係好吊詭。

25. **無米粥**
    我哋初步嘅洽談都只是煲無米粥，因為細節都未有確定。

26. **義會**
    我哋村裏都有義會，大家可以互相借貸，好方便。

27. **榜文**
    我哋校園裏都有貼咗榜文，講到下星期嘅活動安排。

28. **MK名**
    佢喺網上用咗一個MK名，好難猜到佢真正嘅名字。 [end of text]


