We need to produce sentences in Cantonese using each provided word/phrase. The user gave examples for first two items. We need to continue for the rest (3-30). Must use Cantonese grammar, using 嘅, 係 etc. Provide Cantonese sentence and English translation. Ensure we follow the pattern: For each word, give Cantonese sentence using that word, then English translation.

We must not use Mandarin syntax; use Cantonese particles like 嘅, 係, 嘢, etc. Also ensure we use the words exactly as given.

We need to produce for each item 3-30.

Let's craft sentences.

We'll list each number with Cantonese sentence and English translation.

Be careful with words that have multiple meanings (like 吊詭 appears twice with different explanations). We'll treat each entry separately.

We'll need to incorporate the word appropriately.

Let's go.

3. 養聲

Sentence: 我每日早晨都做少少養聲嘅練習，防止嗌嘶。

English: I do a little voice maintenance exercise every morning to prevent hoarseness.

Make sure to use Cantonese grammar: 我每日早晨都做少少養聲嘅練習，防止嗌嘶。 Good.

4. 票尾

Sentence: 你記得保留飛機票尾，畢竟係收據嘅一部份。

English: Remember to keep the ticket stub, as it's part of the receipt.

5. hacker

Sentence: 該黑客入侵了公司伺服器，盜取了大量客戶資料。

But need Cantonese: 該黑客入侵咗公司伺服器，盜咗好多客戶資料。

English: The hacker broke into the company's server and stole a lot of customer data.

6. 石斛蘭

Sentence: 石斛蘭係一種依附喺樹上生長嘅蘭花，好適合放喺陽台。

English: Dendrobium orchid is an orchid that grows attached to trees, suitable for balcony.

7. 吊詭 (first meaning: 矛盾、悖論)

Sentence: 佢講嘅話好吊詭，明明話要環保，又同時俾塑膠袋。

English: What he said is contradictory; he says he wants to be eco-friendly but also gives out plastic bags.

8. 吊詭 (second meaning: 似非而是、荒謬)

Sentence: 有人話地球係平嘅，呢種吊詭嘅觀點已經被科學推翻。

English: Some people say the earth is flat; this absurd notion has been disproved by science.

9. 各為其主

Sentence: 喺呢場談判中，各為其主，雙方難以達成共識。

English: In this negotiation, each side looks out for its own interests, making agreement difficult.

10. 軨蓋

Sentence: 佢買咗一套新嘅西裝，連同軨蓋一齊帶返屋企。

English: He bought a new suit, including the collar cover, and brought it home.

11. 打哥夫

Sentence: 週末我同老友去打哥夫，享受陽光同新鮮空氣。

English: On weekends I go play golf with old friends, enjoying the sunshine and fresh air.

12. 免揀

Sentence: 呢間超市嘅蔬菜都係免揀，顧客直接拿走就得。

English: The vegetables at this supermarket are pre-packed; customers just take them without picking.

13. 擺闊佬

Sentence: 佢今日穿咗金表、名牌西裝，明顯係擺闊佬嘅樣子。

English: He wore a gold watch and designer suit today, clearly showing off his wealth.

14. 廣播劇

Sentence: 我鍾意喺睇晚新聞前聽一齊廣播劇，特別係古裝愛情故事。

English: I like listening to radio dramas before the evening news, especially historical romance.

15. 錄影機

Sentence: 我買咗一部新嘅錄影機，用嚟記錄家庭聚會嘅瞬間。

English: I bought a new camcorder to record family gatherings.

16. 吟詩吟唔甩

Sentence: 證據確鑿，吟詩吟唔甩，佢肯定係偷咗公司機密。

English: The evidence is solid; there's no way he can deny stealing company secrets.

17. 佈道大會

Sentence: 教會每月都會舉辦佈道大會，邀請不同背景嘅信徒參與。

English: The church holds a preaching meeting each month, inviting believers of various backgrounds.

18. 寫手 (寫作嘅人)

Sentence: 佢係一位資深寫手，專門寫科幻小說。

English: He is a seasoned writer who specializes in science fiction novels.

19. 寫手 (代替他人寫作嘅人)

Sentence: 因為老闆太忙，佢請咗一位寫手幫佢起草報告。

English: Because the boss is too busy, he hired a writer to draft reports on his behalf.

20. 代打

Sentence: 我同學請我代打佢嘅網絡遊戲，幫佢升級。

English: My classmate asked me to play his online game for him to help him level up.

21. 茶碗

Sentence: 我鍾意用瓷製茶碗飲茶，感覺更加溫潤。

English: I like using porcelain tea cups to drink tea; it feels smoother.

22. 茶隔

Sentence: 泡茶時我會用茶隔將茶葉同茶湯分開，免得茶渣落入杯中。

English: When brewing tea, I use a tea strainer to separate leaves from liquor, avoiding tea dregs in the cup.

23. 只許州官放火，不准百姓點燈

Sentence: 呢句俗話反映出權勢階層雙重標準，只許州官放火，不准百姓點燈。

English: This saying reflects the double standards of the powerful: officials may set fires, but civilians cannot light lamps.

24. 獨唱

Sentence: 她喺演唱會中獨唱一首情歌，全場安靜聆聽。

English: She performed a solo love song at the concert, with the audience listening in silence.

25. 快人快事

Sentence: 佢係一個快人快事嘅人，做嘢從來不拖泥帶水。

English: He is a swift person who handles tasks quickly without delay.

26. 四腳獸

Sentence: 聽說有人喺公廁入面做四腳獸，令到其他人感到不適。

English: Rumor has it that some people engage in intimate acts in public toilets, making others uncomfortable.

27. 無米粥

Sentence: 我哋先係無米粥嘅階段，先討論大方向，等條件成熟再詳細計劃。

English: We are still at the "no-rice porridge" stage, discussing only the general direction before detailed planning.

28. 義會

Sentence: 早年鄉村裡有許多義會，幫助沒有抵押嘅人們周轉資金。

English: In the past, many rural mutual aid societies helped people without collateral to manage finances.

29. 榜文

Sentence: 學校操場貼咗一張榜文，宣布本週嘅課外活動時間表。

English: The school playground posted a notice announcing this week's extracurricular schedule.

30. MK名

Sentence: 佢嘅MK名係「堅系愛無敵」，帶咗好多特殊符號，喺網上好有辨識度。

English: His MK name is "Firmly Love Invincible," with many special symbols, making it highly recognizable online.

Now produce final answer with each item numbered, Cantonese sentence and English translation. Ensure we use Cantonese grammar: 嘅, 係, etc. Already done.

Let's output.

</think>

3. 養聲  
廣東話：我每日早晨都做少少養聲嘅練習，防止嗌嘶。  
English: I do a little voice‑maintenance exercise every morning to prevent hoarseness.  

4. 票尾  
廣東話：你記得保留飛機票尾，畢竟係收據嘅一部份。  
English: Remember to keep the ticket stub, as it’s part of the receipt.  

5. hacker  
廣東話：該黑客入侵咗公司伺服器，盜咗好多客戶資料。  
English: The hacker broke into the company’s server and stole a lot of customer data.  

6. 石斛蘭  
廣東話：石斛蘭係一種依附喺樹上生長嘅蘭花，好適合放喺陽台。  
English: Dendrobium orchid is an orchid that grows attached to trees, suitable for a balcony.  

7. 吊詭 (矛盾、悖論)  
廣東話：佢講嘅話好吊詭，明明話要環保，又同時俾塑膠袋。  
English: What he said is contradictory; he says he wants to be eco‑friendly but also gives out plastic bags.  

8. 吊詭 (似非而是、荒謬)  
廣東話：有人話地球係平嘅，呢種吊詭嘅觀點已經被科學推翻。  
English: Some people say the earth is flat; this absurd notion has been disproved by science.  

9. 各為其主  
廣東話：喺呢場談判中，各為其主，雙方難以達成共識。  
English: In this negotiation, each side looks out for its own interests, making agreement difficult.  

10. 軨蓋  
廣東話：佢買咗一套新嘅西裝，連同軨蓋一齊帶返屋企。  
English: He bought a new suit, including the collar cover, and brought it home.  

11. 打哥夫  
廣東話：週末我同老友去打哥夫，享受陽光同新鮮空氣。  
English: On weekends I go play golf with old friends, enjoying the sunshine and fresh air.  

12. 免揀  
廣東話：呢間超市嘅蔬菜都係免揀，顧客直接拿走就得。  
English: The vegetables at this supermarket are pre‑packed; customers just take them without picking.  

13. 擺闊佬  
廣東話：佢今日穿咗金表、名牌西裝，明顯係擺闊佬嘅樣子。  
English: He wore a gold watch and designer suit today, clearly showing off his wealth.  

14. 廣播劇  
廣東話：我鍾意喺睇晚新聞前聽一齊廣播劇，特別係古裝愛情故事。  
English: I like listening to radio dramas before the evening news, especially historical romance.  

15. 錄影機  
廣東話：我買咗一部新嘅錄影機，用嚟記錄家庭聚會嘅瞬間。  
English: I bought a new camcorder to record family gatherings.  

16. 吟詩吟唔甩  
廣東話：證據確鑿，吟詩吟唔甩，佢肯定係偷咗公司機密。  
English: The evidence is solid; there’s no way he can deny stealing company secrets.  

17. 佈道大會  
廣東話：教會每月都會舉辦佈道大會，邀請不同背景嘅信徒參與。  
English: The church holds a preaching meeting each month, inviting believers of various backgrounds.  

18. 寫手 (寫作嘅人)  
廣東話：佢係一位資深寫手，專門寫科幻小說。  
English: He is a seasoned writer who specializes in science‑fiction novels.  

19. 寫手 (代替他人寫作嘅人)  
廣東話：因為老闆太忙，佢請咗一位寫手幫佢起草報告。  
English: Because the boss is too busy, he hired a writer to draft reports on his behalf.  

20. 代打  
廣東話：我同學請我代打佢嘅網絡遊戲，幫佢升級。  
English: My classmate asked me to play his online game for him to help him level up.  

21. 茶碗  
廣東話：我鍾意用瓷製茶碗飲茶，感覺更加溫潤。  
English: I like using porcelain tea cups to drink tea; it feels smoother.  

22. 茶隔  
廣東話：泡茶時我會用茶隔將茶葉同茶湯分開，免得茶渣落入杯中。  
English: When brewing tea, I use a tea strainer to separate leaves from liquor, avoiding tea dregs in the cup.  

23. 只許州官放火，不准百姓點燈  
廣東話：呢句俗話反映出權勢階層雙重標準，只許州官放火，不准百姓點燈。  
English: This saying reflects the double standards of the powerful: officials may set fires, but civilians cannot light lamps.  

24. 獨唱  
廣東話：她喺演唱會中獨唱一首情歌，全場安靜聆聽。  
English: She performed a solo love song at the concert, with the audience listening in silence.  

25. 快人快事  
廣東話：佢係一個快人快事嘅人，做嘢從來不拖泥帶水。  
English: He is a swift person who handles tasks quickly without delay.  

26. 四腳獸  
廣東話：聽說有人喺公廁入面做四腳獸，令到其他人感到不適。  
English: Rumor has it that some people engage in intimate acts in public toilets, making others uncomfortable.  

27. 無米粥  
廣東話：我哋先係無米粥嘅階段，先討論大方向，等條件成熟再詳細計劃。  
English: We are still at the “no‑rice porridge” stage, discussing only the general direction before detailed planning.  

28. 義會  
廣東話：早年鄉村裡有許多義會，幫助沒有抵押嘅人們周轉資金。  
English: In the past, many rural mutual‑aid societies helped people without collateral to manage finances.  

29. 榜文  
廣東話：學校操場貼咗一張榜文，宣布本週嘅課外活動時間表。  
English: The school playground posted a notice announcing this week's extracurricular schedule.  

30. MK名  
廣東話：佢嘅MK名係「堅系愛無敵」，帶咗好多特殊符號，喺網上好有辨識度。  
English: His MK name is “Firmly Love Invincible,” with many special symbols, making it highly recognizable online. [end of text]


