3. 養聲

廣東話：佢係一個歌手，每日都要養聲，免得聲帶損壞。
English: He is a singer and has to take care of his voice every day to prevent vocal cord damage.

4. 票尾

廣東話：我買咗張飛機票，票尾都係用鉛筆寫嘅。
English: I bought an airplane ticket, and the stub was written in pencil.

5. hacker

廣東話：佢係一個hacker，經常入人哋部電腦搞破壞。
English: He is a hacker and often hacks into other people's computers to cause trouble.

6. 石斛蘭

廣東話：我屋企有好多石斛蘭，佢哋都係依附喺樹上面生長嘅。
English: I have many stone orchids at home, and they all grow attached to trees.

7. 吊詭 (矛盾、悖論)

廣東話：佢嘅行為好吊詭，我都唔明白佢係咪想做乜嘢。
English: His behavior is very contradictory, and I don't understand what he wants to do.

8. 吊詭 (似非而是、荒謬)

廣東話：佢講嘅話好吊詭，我都唔知佢係咪講真嘅。
English: What he says is very absurd, and I don't know if he is telling the truth.

9. 各為其主

廣東話：佢哋兩個人係各為其主，所以經常會有爭執。
English: They are both working for their own bosses, so they often have disagreements.

10. 軨蓋

廣東話：佢講嘅話好軨蓋，我都唔知佢係咪講真嘅。
English: What he says is very unreliable, and I don't know if he is telling the truth.

11. 打哥夫

廣東話：我尋日同朋友去打哥夫，打咗好多洞。
English: I went golfing with my friends yesterday and played many holes.

12. 免揀

廣東話：佢哋嘅貨品係免揀嘅，你只可以買佢哋有嘅。
English: Their products are sold without choice, and you can only buy what they have.

13. 擺闊佬

廣東話：佢好喜歡擺闊佬，經常諗住花錢。
English: He likes to show off his wealth and often thinks about spending money.

14. 廣播劇

廣東話：我尋日聽咗一套廣播劇，好好聽。
English: I listened to a radio drama yesterday, and it was very good.

15. 錄影機

廣東話：我買咗一部錄影機，可以錄住電視節目。
English: I bought a VCR and can record TV shows.

16. 吟詩吟唔甩

廣東話：佢講嘅話吟詩吟唔甩，我都唔可以反駁佢。
English: What he says is irrefutable, and I can't argue with him.

17. 佈道大會

廣東話：我尋日去咗一個佈道大會，聽咗好多宗教嘅道理。
English: I went to a revival meeting yesterday and heard many religious teachings.

18. 寫手 (寫作嘅人)

廣東話：佢係一個寫手，經常寫文章。
English: He is a writer and often writes articles.

19. 寫手 (代替他人寫作嘅人)

廣東話：佢係一個寫手，經常幫人寫文章。
English: He is a ghostwriter and often writes articles for others.

20. 代打

廣東話：佢係一個代打，經常幫人打機。
English: He is a substitute player and often plays games for others.

21. 茶碗

廣東話：我買咗一個茶碗，用嚟飲茶。
English: I bought a tea bowl to drink tea.

22. 茶隔

廣東話：我用茶隔將茶葉同茶湯分開。
English: I use a tea strainer to separate the tea leaves from the tea.

23. 只許州官放火，不准百姓點燈

廣東話：佢講嘅話好似只許州官放火，不准百姓點燈，好似有雙重標準。
English: What he says is like "only the officials can set fires, but the common people can't light lamps," as if he has double standards.

24. 獨唱

廣東話：佢係一個獨唱歌手，經常獨自唱歌。
English: He is a solo singer and often sings alone.

25. 快人快事

廣東話：佢係一個快人快事嘅人，做嘢好爽快。
English: He is a straightforward person and does things quickly.

26. 四腳獸

廣東話：我聽講佢哋喺公廁入面做四腳獸。
English: I heard that they were doing it in the public restroom.

27. 無米粥

廣東話：我哋嘅洽談只係煲無米粥，唔係真係要做乜嘢。
English: Our discussion is just a preliminary talk, and we are not really going to do anything.

28. 義會

廣東話：我哋嘅義會每月都會集錢，幫到有需要嘅人。
English: Our mutual aid society collects money every month to help those in need.

29. 榜文

廣東話：佢哋貼咗一張榜文喺門口，講明嘅規則。
English: They posted a notice at the entrance, explaining the rules.

30. MK名

廣東話：佢嘅MK名好特別，有好多特殊符號。
English: His MK name is very unique, with many special symbols. [end of text]


