<|im_start|>user
你係一個廣東話人工智能模型。記住，要用廣東話語法，唔好用普通話語法。例如，廣東話入面嘅「的」應寫成「嘅」，「是」應寫成「係」。

請用下面提供嘅廣東話詞語造句。
With use the provided Cantonese words to make sentences.

# 詞語

1. 飲茶 (去茶樓食嘢，通常只係指喺早市或者午市嘅時候食點心)
2. 圖書館 (一個地方，人哋可以去度借書或者睇書)
3. 養聲 (保養聲線、聲帶，令到唔會過份勞損，或者勞損之後康復)
4. 票尾 (喺張#飛 度搣落嚟留返畀持有者做#收據 嘅嗰部份)
5. hacker (#hack 入人哋部電腦嘅人)
6. 石斛蘭 (植物名；一種蘭花，特點係會依附喺樹上面生長)
7. 吊詭 (#矛盾、#悖論)
8. 吊詭 (似非而是、荒謬)
9. 各為其主 (各自為咗主子、上級佢哋嘅利益，嘅佢哋指示下，未免同對方為敵)
10. 軨蓋 (即係#呔軨)
11. 打哥夫 (打#高爾夫球)
12. 免揀 (指所售賣嘅貨品唔畀人揀)
13. 擺闊佬 (展現闊氣，擺出財力雄厚嘅姿態)
14. 廣播劇 (喺收音機定時播放嘅連續劇)
15. 錄影機 (#錄影 嘅機器（量詞：部）)
16. 吟詩吟唔甩 (表示證據確鑿，無法抵賴)
17. 佈道大會 (宗教嘅傳道大會)
18. 寫手 (#寫作 嘅人。)
19. 寫手 (代替他人寫作嘅人。)
20. 代打 (#代替 另一人#打機。)
21. 茶碗 (用嚟飲茶嘅碗，通常會理解為由陶瓷燒製而成嘅日本茶道道具。)
22. 茶隔 (將茶葉同茶湯分開嘅道具，大概有兩種用法，一種係可以裝住茶葉，放入沖泡器具入面，到茶湯沖好嘅時候就可以拎起嘅；而另一種就係就咁一個篩或者網，俾人擺喺茶杯或者茶壺上面，喺斟茶嘅時候先將茶葉同茶湯分離。)
23. 只許州官放火，不准百姓點燈 (比喻權貴階層可以為所欲為，老百姓嘅正當言行就受到種種限制；又或一個人言行雙重標準。源於宋朝一個州長叫田登，要求百姓避諱唔准用「登」字同音嘅字，於是大家就將「燈」改稱為「火」。到咗元宵節嘅時候，政府貼出告示：「本州依例放火三日」。)
24. 獨唱 (一個人唱，唔係同人一齊唱)
25. 快人快事 (爽快人做嘢爽快)
26. 四腳獸 (指兩個人喺公廁入面親熱甚至做愛。喺廁所外面門縫望落去，會見到四隻腳，因此稱為四腳獸。)
27. 無米粥 (初步嘅洽談。因為事情所涉嘅重要條件同細節都未有著落，所以為謹慎計，只是話「煲無米粥」，以免他人期望過高。)
28. 義會 (舊時低下階層嘅借貸或者集資活動。因為佢地冇抵押或者擔保，難以向銀行借錢，於是就集合朋友、鄰居、同業等，將大家嘅錢定期集合起嚟供會，邊個急需用錢，就可以畀利息#標會，拎咗筆錢，然後分期本息還返畀其他人。當所有人都投完標，個會就會結束。又稱標會、銀會、合會。)
29. 榜文 (貼喺#榜 上面嘅文字)
30. MK名 (係指#MK 喺網上會用嘅名，配有意味不明嘅特殊符號，或者配上特定字頭嘅名。特定字頭包括：堅系、醉愛、絕對、唯愛、跳制、謝絕等。)

####

1. 飲茶

廣東話：我尋日同朋友去飲茶，叫咗好多點心。
English: I went to yum cha with my friends yesterday and ordered a lot of dim sum.

2. 圖書館

廣東話：你屋企附近有冇圖書館？
English: Is there a library near your home?
<|im_end|>
<|im_start|>assistant
3. 養聲

廣東話：我最近唱歌唱到喉嚨痛，要養聲啲日子。
English: I've been singing a lot recently and my throat is sore, so I need to rest my voice for a few days.

4. 票尾

廣東話：我尋日買咗張飛機票，票尾都搣落嚟。
English: I bought a plane ticket yesterday, and the ticket stub is still with me.

5. hacker

廣東話：佢係一個hacker，專門hack入人哋嘅電腦。
English: He is a hacker who specializes in hacking into other people's computers.

6. 石斛蘭

廣東話：我屋企花園有一株石斛蘭，依附喺樹上面生長。
English: There is a stone orchid in my garden that grows attached to a tree.

7. 吊詭

廣東話：呢個情況真係吊詭，似非而是。
English: This situation is truly paradoxical, it seems illogical but is true.

8. 吊詭

廣東話：佢嘅行為真係吊詭，荒謬得很。
English: His behavior is truly bizarre and absurd.

9. 各為其主

廣東話：佢哋兩個公司嘅員工各為其主，未免同對方為敵。
English: The employees of the two companies each act in the interests of their own company, inevitably becoming enemies with each other.

10. 軨蓋

廣東話：我尋日喺街上見到一個人軨蓋。
English: I saw someone begging on the street yesterday.

11. 打哥夫

廣東話：我週末同朋友去打哥夫。
English: I went to play golf with my friends over the weekend.

12. 免揀

廣東話：呢間店嘅貨品免揀，唔畀人揀。
English: The goods in this store are not for picking, they are not allowed to be chosen.

13. 擺闊佬

廣東話：佢尋日喺餐廳擺闊佬，點咗好多貴嘅菜。
English: He was showing off his wealth at the restaurant yesterday, ordering a lot of expensive dishes.

14. 廣播劇

廣東話：我最鍾意聽廣播劇，每日都會收聽。
English: I really enjoy listening to radio dramas and tune in every day.

15. 錄影機

廣東話：我尋日買咗一部錄影機，可以錄影。
English: I bought a video recorder yesterday, which can record videos.

16. 吟詩吟唔甩

廣東話：呢件事吟詩吟唔甩，證據確鑿。
English: This matter is undeniable, the evidence is solid.

17. 佈道大會

廣東話：我尋日去咗一個佈道大會，聽牧師講道。
English: I went to a preaching conference yesterday and listened to the pastor's sermon.

18. 寫手

廣東話：佢係一個寫手，專門寫作。
English: He is a writer who specializes in writing.

19. 寫手

廣東話：佢係一個寫手，代替他人寫作。
English: He is a ghostwriter who writes on behalf of others.

20. 代打

廣東話：我尋日請人代打，幫我打機。
English: I asked someone to play the game for me yesterday.

21. 茶碗

廣東話：我尋日買咗一個茶碗，用嚟飲茶。
English: I bought a tea bowl yesterday to drink tea.

22. 茶隔

廣東話：我尋日用茶隔沖茶，將茶葉同茶湯分開。
English: I used a tea strainer yesterday to brew tea, separating the tea leaves from the tea.

23. 只許州官放火，不准百姓點燈

廣東話：呢個世界真係只許州官放火，不准百姓點燈。
English: This world truly allows the powerful to do as they please while restricting the common people.

24. 獨唱

廣東話：我尋日喺音樂會上獨唱，唱咗一首歌。
English: I sang a solo at the concert yesterday.

25. 快人快事

廣東話：佢係一個快人快事嘅人，做嘢爽快。
English: He is a straightforward person who gets things done quickly.

26. 四腳獸

廣東話：我尋日喺公廁見到兩個人做四腳獸。
English: I saw two people being intimate in the public restroom yesterday.

27. 無米粥

廣東話：我哋尋日喺會議上煲無米粥，初步洽談。
English: We had a preliminary discussion at the meeting yesterday, just talking without concrete details.

28. 義會

廣東話：我哋村裏有一個義會，大家集資幫助有需要嘅人。
English: Our village has a mutual aid society where everyone contributes money to help those in need.

29. 榜文

廣東話：我尋日喺學校見到一張榜文，貼喺榜上面。
English: I saw a notice at school yesterday, posted on the bulletin board.

30. MK名

廣東話：我尋日喺網上見到一個MK名，配有特殊符號。
English: I saw an MK name online yesterday, with special symbols.