system
user
你係一個廣東話人工智能模型。記住，要用廣東話語法，唔好用普通話語法。例如，廣東話入面嘅「的」應寫成「嘅」，「是」應寫成「係」。

請用下面提供嘅廣東話詞語造句。
With use the provided Cantonese words to make sentences.

# 詞語

1. 飲茶 (去茶樓食嘢，通常只係指喺早市或者午市嘅時候食點心)
2. 圖書館 (一個地方，人哋可以去度借書或者睇書)
3. 養聲 (保養聲線、聲帶，令到唔會過份勞損，或者勞損之後康復)
4. 票尾 (喺張#飛 度搣落嚟留返畀持有者做#收據 嘅嗰部份)
5. hacker (#hack 入人哋部電腦嘅人)
6. 石斛蘭 (植物名；一種蘭花，特點係會依附喺樹上面生長)
7. 吊詭 (#矛盾、#悖論)
8. 吊詭 (似非而是、荒謬)
9. 各為其主 (各自為咗主子、上級佢哋嘅利益，嘅佢哋指示下，未免同對方為敵)
10. 軨蓋 (即係#呔軨)
11. 打哥夫 (打#高爾夫球)
12. 免揀 (指所售賣嘅貨品唔畀人揀)
13. 擺闊佬 (展現闊氣，擺出財力雄厚嘅姿態)
14. 廣播劇 (喺收音機定時播放嘅連續劇)
15. 錄影機 (#錄影 嘅機器（量詞：部）)
16. 吟詩吟唔甩 (表示證據確鑿，無法抵賴)
17. 佈道大會 (宗教嘅傳道大會)
18. 寫手 (#寫作 嘅人。)
19. 寫手 (代替他人寫作嘅人。)
20. 代打 (#代替 另一人#打機。)
21. 茶碗 (用嚟飲茶嘅碗，通常會理解為由陶瓷燒製而成嘅日本茶道道具。)
22. 茶隔 (將茶葉同茶湯分開嘅道具，大概有兩種用法，一種係可以裝住茶葉，放入沖泡器具入面，到茶湯沖好嘅時候就可以拎起嘅；而另一種就係就咁一個篩或者網，俾人擺喺茶杯或者茶壺上面，喺斟茶嘅時候先將茶葉同茶湯分離。)
23. 只許州官放火，不准百姓點燈 (比喻權貴階層可以為所欲為，老百姓嘅正當言行就受到種種限制；又或一個人言行雙重標準。源於宋朝一個州長叫田登，要求百姓避諱唔准用「登」字同音嘅字，於是大家就將「燈」改稱為「火」。到咗元宵節嘅時候，政府貼出告示：「本州依例放火三日」。)
24. 獨唱 (一個人唱，唔係同人一齊唱)
25. 快人快事 (爽快人做嘢爽快)
26. 四腳獸 (指兩個人喺公廁入面親熱甚至做愛。喺廁所外面門縫望落去，會見到四隻腳，因此稱為四腳獸。)
27. 無米粥 (初步嘅洽談。因為事情所涉嘅重要條件同細節都未有著落，所以為謹慎計，只是話「煲無米粥」，以免他人期望過高。)
28. 義會 (舊時低下階層嘅借貸或者集資活動。因為佢地冇抵押或者擔保，難以向銀行借錢，於是就集合朋友、鄰居、同業等，將大家嘅錢定期集合起嚟供會，邊個急需用錢，就可以畀利息#標會，拎咗筆錢，然後分期本息還返畀其他人。當所有人都投完標，個會就會結束。又稱標會、銀會、合會。)
29. 榜文 (貼喺#榜 上面嘅文字)
30. MK名 (係指#MK 喺網上會用嘅名，配有意味不明嘅特殊符號，或者配上特定字頭嘅名。特定字頭包括：堅系、醉愛、絕對、唯愛、跳制、謝絕等。)

####

1. 飲茶

廣東話：我尋日同朋友去飲茶，叫咗好多點心。
English: I went to yum cha with my friends yesterday and ordered a lot of dim sum.

2. 圖書館

廣東話：你屋企附近有冇圖書館？
English: Is there a library near your home?
assistant
好！我會用廣東話造句。

1. 飲茶

我尋日同朋友去飲茶，叫咗好多點心。

2. 圖書館

你屋企附近有冇圖書館？

3. 養聲

我去聽歌仔，聽完之後覺得聲線好疲倦，決定去去醫生去養聲。

4. 票尾

我買咗張飛，收到咗票尾，記住留返嚟做收據。

5. hacker

我朋友係個黑客，好多次都係黑入咗人哋嘅電腦。

6. 石斛蘭

我屋企有好多石斛蘭，佢哋都係依附喺樹上面生長。

7. 吊詭

呢個問題真係吊詭，唔係好明確。

8. 吊詭

呢個主意真係吊詭，唔係好理想。

9. 各為其主

呢個公司係各為其主，老細同員工都係為咗自己嘅利益。

10. 軨蓋

呢個房子係用軨蓋做嘅，好耐都係唔會漏水。

11. 打哥夫

我朋友係打哥夫，好多次都係打到高爾夫球。

12. 免揀

呢間店都係免揀貨，買咗就係咁收。

13. 擺闊佬

呢個男人係擺闊佬，好多次都係擺出財力雄厚嘅姿態。

14. 廣播劇

我每日都係聽廣播劇，好多次都係聽到好感人嘅故事。

15. 錄影機

我買咗部錄影機，好多次都係錄影電視劇。

16. 吟詩吟唔甩

呢個證據真係吟詩吟唔甩，唔可以抵賴。

17. 佈道大會

呢個佈道大會真係好感人，好多人都係受感動。

18. 寫手

呢個寫手真係好有才華，好多次都係寫到好感人嘅文章。

19. 寫手

呢個寫手係代替人哋寫作嘅人，好多次都係寫到好感人嘅文章。

20. 代打

我朋友係代打，好多次都係代替人哋打機。

21. 茶碗

呢個茶碗真係好美，好多次都係用嚟飲茶。

22. 茶隔

呢個茶隔真係好有用，好多次都係用嚟分開茶葉同茶湯。

23. 只許州官放火，不准百姓點燈

呢個故事真係好有意思，好多次都係聽到好感人嘅故事。

24. 獨唱

呢個歌仔真係好好聽，好多次都係獨唱。

25. 快人快事

呢個男人真係快人快事，好多次都係爽快人做嘢。

26. 四腳獸

呢對情侶真係四腳獸，好多次都係喺公廁入面親熱。

27. 無米粥

呢個洽談真係無米粥，唔係好明確。

28. 義會

呢間義會真係好有用，好多次都係幫助到人哋。

29. 榜文

呢個榜文真係好有用，好多次都係貼喺榜上面。

30. MK名

呢個MK名真係好有意思，好多次都係見到好多好玩嘅MK名。