3. 養聲

廣東話：佢係個專業嘅歌手，平時好注重養聲。
English: He is a professional singer and pays great attention to vocal care.

4. 票尾

廣東話：我買咗張飛去旅行，票尾要好奀保存，返嚟要報銷嘅。
English: I bought a ticket for a trip, and I need to keep the stub for reimbursement.

5. hacker

廣東話：呢個 hacker 好勁，可以黑入政府嘅伺服器。
English: This hacker is really skilled and can hack into government servers.

6. 石斛蘭

廣東話：我屋企養咗一盆石斛蘭，好靚嘅。
English: I have a pot of dendrobium orchid at home, it's very beautiful.

7. 吊詭

廣東話：呢件事好吊詭，表面看似冇 問題，但深層次有好多矛盾。
English: This matter is quite paradoxical; it seems fine on the surface, but there are many contradictions at a deeper level.

8. 吊詭

廣東話：佢嘅講法好吊詭，好似冇 啦咁，但又冇法駁。
English: His argument is quite paradoxical; it sounds absurd, but you can't really refute it.

9. 各為其主

廣東話：我哋都明白，大家各為其主，冇得諗咁多。
English: We all understand; everyone is working for their own boss, so we can't think too much about it.

10. 軨蓋

廣東話：呢部車嘅軨蓋好靚，好有型。
English: This car's hood is very nice and stylish.

11. 打哥夫

廣東話：週末我同幾個朋友去打哥夫，好放鬆。
English: On the weekend, I went golfing with a few friends, it was very relaxing.

12. 免揀

廣東話：呢間店嘅貨品都係免揀嘅，價錢都係固定嘅。
English: The items in this store are all non-selectable, and the prices are fixed.

13. 擺闊佬

廣東話：佢成日擺闊佬， Actually 佢冇幾有錢。
English: He always acts rich, but actually, he's not that wealthy.

14. 廣播劇

廣東話：我細個好鍾意聽廣播劇，好有想像空間。
English: When I was a kid, I really enjoyed listening to radio dramas; they were very imaginative.

15. 錄影機

廣東話：我買咗部新錄影機，打算去旅行時用。
English: I bought a new video camera and plan to use it on my trip.

16. 吟詩吟唔甩

廣東話：你做咗錯事，有證據確鑿，吟詩吟唔甩嘅。
English: You did something wrong, and there's solid evidence; you can't talk your way out of it.

17. 佈道大會

廣東話：呢個週末有個大型佈道大會，好多人去參加。
English: There's a large evangelistic meeting this weekend, and many people are attending.

18. 寫手

廣東話：佢係個著名嘅寫手，好多雜誌都請佢寫文章。
English: He is a famous writer, and many magazines hire him to write articles.

19. 寫手

廣東話：我搵咗個寫手幫我寫論文，省咗好多時間。
English: I hired a writer to help me write my thesis, saving a lot of time.

20. 代打

廣東話：我唔係好鍾意打機，有時會搵人代打。
English: I'm not a big fan of gaming, so sometimes I hire someone to play for me.

21. 茶碗

廣東話：呢個茶碗好有日本風味，我好鍾意。
English: This tea bowl has a very Japanese style, and I really like it.

22. 茶隔

廣東話：用茶隔沖茶好方便，茶葉唔會流到茶杯入面。
English: Using a tea strainer is very convenient; the tea leaves won't end up in the teacup.

23. 只許州官放火，不准百姓點燈

廣東話：呢個政策好不公平，只許州官放火，不准百姓點燈。
English: This policy is very unfair; it's like the officials can do whatever they want, but the common people are restricted.

24. 獨唱

廣東話：佢喺演唱會上獨唱咗一首歌，好動聽。
English: He performed a solo at the concert, and it was very beautiful.

25. 快人快事

廣東話：佢係個快人快事嘅人，做嘢好爽快。
English: He is a straightforward person who gets things done quickly.

26. 四腳獸

廣東話：呢個公廁好唔安全，有時會見到四腳獸，好恐怖。
English: This public toilet is not very safe; sometimes you can see people engaging in intimate activities, which is quite scary.

27. 無米粥

廣東話：我哋先煲無米粥，等細節都落實先講下一步。
English: Let's just have a preliminary discussion; we'll talk about the next steps once all the details are settled.

28. 義會

廣東話：舊時好多低下階層都會參加義會，幫補家用。
English: In the past, many people from lower-income backgrounds would participate in mutual aid societies to help make ends meet.

29. 榜文

廣東話：古時嘅榜文會貼喺城門口，通知市民重要嘅事項。
English: In ancient times, official notices would be posted at the city gates to inform citizens of important matters.

30. MK名

廣東話：佢喺網上用嘅 MK名 好有特色，冇人識佢真名。
English: His online MK name is very unique; no one knows his real name. [end of text]


