3. 養聲

廣東話：佢做歌手之前，會去學養聲。
English: Before becoming a singer, he would learn how to take care of his voice.

4. 票尾

廣東話：我搣住飛機票尾，準備去機場。
English: I'm holding onto the ticket stub, ready to go to the airport.

5. hacker

廣東話：呢個公司嘅電腦係被黑客入侵咗。
English: The company's computer was hacked by a hacker.

6. 石斛蘭

廣東話：我屋企養咗好多石斛蘭。
English: I have many orchids of the Dendrobium species at home.

7. 吊詭

廣東話：呢個問題真係吊詭，唔知點解。
English: This question is really paradoxical, I don't know why.

8. 吊詭

廣東話：佢講嘅嘢真係吊詭，好似非係咁咁。
English: What he said is really absurd, it seems like it's not that way.

9. 各為其主

廣東話：兩隊人馬各為其主，互相對抗。
English: The two teams are fighting for their respective masters.

10. 軻蓋

廣東話：我搵緊個車，但係車軷蓋冇開。
English: I'm looking for a car, but the trunk lid is closed.

11. 打哥夫

廣東話：佢個周末會同朋友去打哥夫。
English: He will play golf with his friends this weekend.

12. 免揀

廣東話：呢個店嘅貨品係免揀嘅。
English: The goods in this store are non-selectable.

13. 擺闊佬

廣東話：佢個生日會擺闊佬，請咗好多朋友。
English: He threw a lavish birthday party and invited many friends.

14. 廣播劇

廣東話：我聽咗好多廣播劇。
English: I've listened to many radio dramas.

15. 錄影機

廣東話：我搵緊部錄影機，想錄下呢個表演。
English: I'm looking for a video camera to record this performance.

16. 吟詩吟唔甩

廣東話：佢個報告寫得好，吟詩吟唔甩。
English: His report was well-written,无可抵赖。

17. 佈道大會

廣東話：我會去參加呢個佈道大會。
English: I will attend this evangelistic meeting.

18. 寫手

廣東話：佢個寫手寫嘅文章真係好。
English: The writer he hired wrote a really good article.

19. 寫手

廣東話：佢個寫手寫嘅文章真係好。
English: The ghostwriter he hired wrote a really good article.

20. 代打

廣東話：佢個朋友代打咗佢個遊戲。
English: His friend substituted for him in the game.

21. 茶碗

廣東話：我搵緊個茶碗，想飲茶。
English: I'm looking for a tea bowl to drink tea.

22. 茶隔

廣東話：我搵緊個茶隔，想沖茶。
English: I'm looking for a tea strainer to brew tea.

23. 只許州官放火，不准百姓點燈

廣東話：呢個政策真係只許州官放火，不准百姓點燈。
English: This policy is really like only allowing officials to do as they please while restricting the people.

24. 獨

