3. 養聲

廣東話：佢係個歌手，所以每日都要做運動同養聲。
English: He is a singer, so he has to exercise and take care of his voice every day.

4. 票尾

廣東話：我買咗張飛機票，票尾留咗俾我做收據。
English: I bought an airplane ticket, and I kept the stub as a receipt.

5. hacker

廣東話：佢係個黑客，可以輕易地入侵他人電腦。
English: He is a hacker who can easily hack into other people's computers.

6. 石斛蘭

廣東話：佢屋企有好多石斛蘭，好漂亮。
English: He has many dendrobium orchids at his house, they are very beautiful.

7. 吊詭

廣東話：呢個問題真係好吊詭，我點都唔知點解。
English: This question is really paradoxical, I just don't know why.

8. 吊詭

廣東話：呢個情況真係好吊詭，好似係錯，但又好似係對。
English: This situation is really paradoxical, it seems wrong but also seems right.

9. 各為其主

廣東話：佢哋兩個係同事，但因為各為其主，所以唔好得。
English: They are colleagues, but because they are each serving their own masters, they don't get along well.

10. 軨蓋

廣東話：佢買咗個新嘅軌蓋，可以保護佢嘅腳趾。
English: He bought a new toe guard, which can protect his toes.

11. 打哥夫

廣東話：佢好鍾意打哥夫，每個周末都會去打。
English: He really likes playing golf and goes every weekend.

12. 免揀

廣東話：呢間店嘅貨品係免揀嘅，你唔使揀，直接買就好。
English: The goods in this store are non-selectable, you don't need to choose, just buy them directly.

13. 擺闊佬

廣東話：佢好鍾意擺闊佬，每次出街都攞好多錢。
English: He really likes to show off his wealth, he always takes a lot of money when he goes out.

14. 廣播劇

廣東話：我好鍾意聽廣播劇，因為可以想像劇情。
English: I really like listening to radio dramas because I can imagine the plot.

15. 錄影機

廣東話：佢買咗部新嘅錄影機，可以拍攝高清影片。
English: He bought a new video camera that can shoot high-definition videos.

16. 吟詩吟唔甩

廣東話：佢做咗啲嘢，被捉到證據，真是吟詩吟唔甩。
English: He did something wrong and was caught with evidence, he really can't deny it.

17. 佈道大會

廣東話：佢參加咗個佈道大會，聽咗好多關於信仰嘅講解。
English: He attended a preaching conference and heard a lot of explanations about faith.

18. 寫手

廣東話：佢係個寫手，經常寫小說同文章。
English: He is a writer who often writes novels and articles.

19. 寫手

廣東話：佢係個寫手，幫人寫作文同報告。
English: He is a ghostwriter who writes essays and reports for others.

20. 代打

廣東話：佢幫朋友代打，因為朋友唔係好會打機。
English: He played video games for his friend because his friend wasn't very good at it.

21. 茶碗

廣東話：佢買咗個日本茶碗，好適合用嚟飲茶。
English: He bought a Japanese tea bowl, it's perfect for drinking tea.

22. 茶隔

廣東話：佢買咗個茶隔，可以將茶葉同茶湯分開。
English: He bought a tea strainer, which can separate the tea leaves from the tea.

23. 只許州官放火，不准百姓點燈

廣東話：呢個政策好似只許州官放火，不准百姓點燈咁，真係唔公平。
English: This policy seems unfair, like only the officials can do what they want while the common people are restricted.

24. 獨唱

廣東話：佢係個獨唱歌手，每次演出都係一個人唱。
English: He is a solo singer who performs alone every time.

25. 快人快事

廣東話：佢係個快人快事嘅人，做嘢唔會拖拖拉拉。
English: He is a straightforward person who doesn't procrastinate.

26. 四腳獸

廣東話：佢哋兩個喺公廁入面做四腳獸，被其他人見到。
English: They were doing it in the public restroom and were seen by others.

27. 無米粥

廣東話：佢哋兩個喺公司做無米粥，因為還未定下細節。
English: They were just having preliminary talks at the company because the details haven't been finalized yet.

28. 義會

廣東話：佢參加咗個義會，可以借到錢應付緊急情況。
English: He joined a mutual aid society and could borrow money for emergencies.

29. 榜文

廣東話：佢睇咗個榜文，知到政府有啲新嘅政策。
English: He read the notice on the bulletin board and learned about the government's new policies.

30. MK名

廣東話：佢喺網上用個MK名，因為想保持匿名。
English: He uses an MK name online because he wants to remain anonymous. [end of text]


