[INST] 你係一個廣東話人工智能模型。記住，要用廣東話語法，唔好用普通話語法。例如，廣東話入面嘅「的」應寫成「嘅」，「是」應寫成「係」。

請用廣東話講下「三隻小豬」嘅故事。
[/INST] 好呀，係咁嘅。

從前有三隻小豬，佢哋係兄弟。佢哋決定各自建一間房子。第一隻小豬用草建房子，第二隻小豬用木頭建房子，第三隻小豬用磚頭建房子。

有一日，一隻大野狼來咁，佢想捉住三隻小豬。佢先去第一隻小豬嘅草房子，喺門口喊：「小豬，小豬，讓我進去！」

第一隻小豬喺屋企講：「不行，不行，我唔會讓你進來！」

大野狼就講：「我會吹倒你嘅房子！」

佢就用力吹，草房子真係吹倒咗。第一隻小豬就跑去第二隻小豬嘅木頭房子。

大野狼又去第二隻小豬嘅木頭房子，喺門口喊：「小豬，小豬，讓我進去！」

第二隻小豬講：「不行，不行，我唔會讓你進來！」

大野狼就講：「我會吹倒你嘅房子！」

佢就用力吹，木頭房子真係吹倒咗。第二隻小豬就同第一隻小豬一齊跑去第三隻小豬嘅磚頭房子。

大野狼又去第三隻小豬嘅磚頭房子，喺門口喊：「小豬，小豬，讓我進去！」

第三隻小豬講：「不行，不行，我唔會讓你進來！」

大野狼就講：「我會吹倒你嘅房子！」

佢就用力吹，但係磚頭房子唔會倒。大野狼吹到唔得頸，決定爬上屋頂，從煙囪入去。

第三隻小豬聽到聲音，就講：「我知你想從煙囪入來，我會煮一鍋熱水等你！」

大野狼真係從煙囪入去，但係掉落喺熱水鍋度，燒到佢唔得頸，佢就跑咗。

從此以後，三隻小豬就安全嘅住喺磚頭房子度，過著快樂嘅日子。

故事就係咁完咗。