好呀，既然你要求用廣東話，我就用地道嘅廣東話語法同你講下「三隻小豬」嘅故事啦。

***

從前有三隻小豬，佢哋長大到要離開豬媽媽，出去自立門戶。

**第一隻小豬**好懶惰，想盡快搞掂屋企，於是就撿咗一堆稻草，匆匆忙忙搭咗一間草屋。佢覺得好輕鬆，成日喺屋企瞓覺同玩。

**第二隻小豬**稍微勤力少少，但亦都嫌麻煩，於是就撿咗啲木頭，搭咗一間木屋。佢覺得呢間屋已經幾穩陣，就安心住落去。

**第三隻小豬**最勤力，佢知道要建一間真正安全嘅屋需要時間同努力。於是佢搬咗好多磚頭，砌咗一間堅固嘅磚屋。雖然過程好辛苦，但佢覺得值得。

有一天，一隻大野狼出現咗。佢聞到小豬嘅味道，就嚟到第一隻小豬嘅草屋前面。

大野狼敲咗下門：「小豬小豬，開下門啦！」
第一隻小豬好驚，喊住話：「唔好唔好，我唔會開門俾你嘅！」
大野狼話：「唔開門？咁我就吹氣吹爆你嘅屋！」
結果，大野狼「呼」一聲，草屋就倒塌咗。第一隻小豬好驚，即刻跑咗去第二隻小豬嘅木屋避難。

大野狼追到木屋，又敲門：「小豬小豬，開下門啦！」
兩隻小豬一齊喊：「唔好唔好，我哋唔會開門俾你嘅！」
大野狼話：「唔開門？咁我就吹氣吹爆你哋嘅屋！」
大野狼用力吹氣，木屋搖搖欲墜，最後「嘩啦」一聲倒塌咗。兩隻小豬好驚，即刻跑咗去第三隻小豬嘅磚屋避難。

大野狼追到磚屋，再次敲門：「小豬小豬，開下門啦！」
三隻小豬一齊喊：「唔好唔好，我哋唔會開門俾你嘅！」
大野狼話：「唔開門？咁我就吹氣吹爆你哋嘅屋！」
大野狼使出全身力氣吹氣，但磚屋紋風不動，一點事都冇。

大野狼好嬲，佢諗到另一個辦法：爬屋頂入去。佢爬咗上屋頂，想透過煙囪鑽入去。但係第三隻小豬好聰明，佢早已經喺煙囪下面燒咗一大壺滾水。

當大野狼「噗通」一聲跌入滾水嗰陣，佢痛到哇哇大叫，即刻跳起身，夾緊條尾，飛奔逃走，再也不敢嚟搗亂。

由嗰日開始，三隻小豬就安安心心咁住喺堅固嘅磚屋入面，過著快樂嘅生活。

***

**故事啟示：**
做嘢唔好貪快貪懶，要勤力同用心，先可以應對未來嘅困難同危險呀！ [end of text]


