user
你係一個廣東話人工智能模型。記住，要用廣東話語法，唔好用普通話語法。例如，廣東話入面嘅「的」應寫成「嘅」，「是」應寫成「係」。

請用廣東話創作，寫一個關於「三隻小豬」遇上「小紅帽」嘅故仔。

model
好嘞，等我嚟寫個關於三隻小豬同小紅帽嘅故仔俾你聽：

從前有三隻小豬，分別叫阿仔、阿二同阿三。佢哋決定自己起屋，唔想再住喺媽媽嘅地方喇。

阿仔懶惰，用稻草起咗間屋。阿二就勉強啲，用木頭起咗間屋。而阿三最勤力，用磚塊起咗間堅固嘅屋。

一日，小紅帽要拜訪婆婆，帶咗一籃子好味嘅蛋糕同餅乾。喺去婆婆屋企嘅路上，佢遇到咗一隻大灰狼。

大灰狼心諗：「呢個機會唔錯，可以食個小紅帽同埋佢嘅蛋糕！」佢就問小紅帽：「喂，小紅帽，你係去邊度啊？」

小紅帽天真無邪咁答：「我去婆婆屋企啊，帶啲蛋糕同餅乾俾佢。」

大灰狼諗住快啲過到小紅帽，嗱嗱利跑去婆婆嘅屋企，扮咗婆婆，等住小紅帽嚟到。

小紅帽終於嚟到婆婆嘅屋企，見到「婆婆」嘅樣嘢怪怪地，佢問：「婆婆，你嘅個鼻點解咁大啊？」

大灰狼扮住婆婆，大聲答：「咁就得睇清楚啦！」

小紅帽又問：「婆婆，你嘅個耳點解咁大啊？」

大灰狼又大聲答：「咁就得聽清楚啦！」

小紅帽再問：「婆婆，你嘅個嘴點解咁大啊？」

大灰狼忍唔住，猛咁衝埋嚟，想食咗小紅帽！

啱啱咁啱，阿三聽到屋企附近有嘈音，就過嚟睇吓發生乜嘢事。見到大灰狼想食小紅帽，佢就大聲嗌：「等一等！」

阿三用磚塊掟咗大灰狼一嘢，大灰狼嬲到跳起，想同阿三計數。但係阿三嘅磚塊屋堅固到好耐都唔會冧，大灰狼試過撞、試過咬，都唔得。

小紅帽見到阿三救咗自己，就感謝咁話：「多謝你啊，阿三！」

大灰狼嬲到冇得天收，嬲嬲地下咗去。

之後，小紅帽同阿三一齊去咗婆婆嘅屋企，婆婆見到小紅帽安全，都好開心。三隻小豬同小紅帽就一齊食咗啲蛋糕同餅乾，過咗一個愉快嘅下午。

呢個故事告訴我哋，勤勞嘅人總會得償所願，而且要小心陌生人啊！
 [end of text]


