<seed:think>
用户现在需要我用粤语创作一个三只小猪遇到小红帽的故事，首先得回忆一下这两个经典角色的特点：三只小猪是盖房子， brick house、stick house、hay house，还有大灰狼；小红帽是去外婆家，带蛋糕和葡萄酒，遇到大灰狼。首先要把场景结合起来，可能需要一个相遇的契机，比如小红帽去外婆家的路上经过三只小猪的房子？或者三只小猪出门遇到小红帽？

首先设定地点，比如郊外，小红帽提着篮子走，路过小猪的房子，这样比较自然。然后三只小猪的性格：老大懒，盖草房；老二一般，盖木房；老三勤快，盖砖房。小红帽的性格：善良、有点粗心但勇敢。大灰狼呢？还是想吃小红帽和外婆，或者小猪？可以让冲突结合，比如大灰狼同时盯上了小红帽和小猪？

然后情节发展：小红帽遇到小猪，可能一开始有点怕，因为小猪的房子？比如草房的老大出来打招呼，小红帽以为是小动物，然后一起玩，然后大灰狼出现，想骗小红帽进去草房，或者先骗小猪？比如大灰狼假装外婆，或者假装好心人？

要注意粤语的语法和用词，比如“嘅”“係”“咩”“呀”这些语气词，让故事有粤语的亲切感。还要有对话，符合角色性格：老三比较稳重，会提醒小红帽小心；老大可能有点调皮；老二可能比较中立；小红帽会问问题，比如“你地係邊度呀？”之类的。

可能的结构：开头介绍小红帽去外婆家，经过一片树林，看到三间房子（草、木、砖），好奇进去看，遇到三只小猪，聊天，然后大灰狼出现，假装外婆或者猎人，想骗他们，然后三只小猪用智慧和团结对付大灰狼，比如砖房最坚固，小红帽帮忙拿东西砸大灰狼，最后一起脱险，小红帽继续去外婆家，还带了小猪的饼干之类的，结尾温馨。

需要加入细节，比如小红帽的篮子里有什么？“蘋果派呀、紅酒呀，係媽媽叫我帶俾外婆嘅”，符合原著。三只小猪的房子特点：草房“鬆鬆軟軟，好似草蓆咁”，木房“用樹枝搭嘅，敲敲會響”，砖房“硬硬實實，牆都好厚”。大灰狼的台词要符合反派，比如“乖女呀，外婆病咗，快啲跟我去醫院呀”之类的， but被小猪拆穿。

还要有互动，比如小红帽帮小猪捡掉的稻草，小猪请小红帽吃饼干，增加温情。冲突部分，大灰狼先骗小红帽去草房，老三说“阿妹，唔好去呀，佢係大灰狼假扮嘅！”然后一起想办法，比如让老大把草房的草点燃？或者用木房的梯子挡住门？砖房里有烟囱，大灰狼爬进去被烫？或者小红帽用篮子里的苹果砸大灰狼的头？

结尾可以是大灰狼夹着尾巴跑了，小红帽感谢小猪，说“下次再過來玩呀”，小猪说“歡迎嚟砖房食糕點”，然后小红帽继续去外婆家，外婆看到她带了苹果派，还有小猪的饼干，开心极了。

要注意粤语的口语化，比如“係嗎？”“點解呀？”“好呀！”“唔好怕！”这些，避免书面语。还要有画面感，比如“陽光曬係蘋果籃上，紅紅嘅蘋果好似燒咗嘅燈籠”，“草房嘅門隙隙有陣青草香”，让读者有代入感。

可能需要检查有没有符合两个故事的元素：三只小猪的房子、大灰狼、小红帽的外婆、篮子里的食物。结合得自然，不生硬。比如小红帽一开始以为草房是小免子的家，推开门看到小猪，“呀！原來係三隻小胖豬呀！”这样的反应比较可爱。

还要考虑角色的年龄感，小红帽是小女孩，小猪是三只可爱的小猪，对话要符合他们的身份，不要太成熟。比如老大说“我蓋嘅草房最舒服啦，風一吹就搖呀搖，好似搖籃！”老二说“我嘅木房夠堅固，比草房靚啲！”老三说“還是磚房好，狼來都撞唔開！”体现他们的性格差异。

冲突解决后，要有正面的价值观，比如团结、勇敢、不用怕坏人，只要大家一起想办法。比如大灰狼说“我下次還會來嘅！”三只小猪说“我們會準備好磚頭嘅！”小红帽说“我帶媽媽嘅辣椒粉來，辣死你！”这样既有童趣，又有力量。

总结一下，结构大概是：1. 小红帽赶路去外婆家；2. 遇到三间房子，好奇进去；3. 认识三只小猪，聊天；4. 大灰狼出现，假装外婆；5. 小猪和小红帽一起识破，对付大灰狼；6. 告别，继续行程，温馨结尾。用粤语口语化的表达，加入细节和对话，让故事生动有趣。</seed:think>### 《蘋果派與磚頭屋：小紅帽遇著三隻豬》  


晨早嘅陽光灑滿鄉間小路，小紅帽拎住個繡花籃子蹦跳前行——籃裡裝滿媽媽焗嘅蘋果派、滷香肉，同一支外婆最愛嘅櫻桃酒。“再走半個小時，就到外婆屋企啦！”她舔舔嘴角嘅奶油印，忽然睇到路邊冒出三間小屋：一間草綠色、一間木棕色、一間雪白雪白嘅磚頭屋，屋頂嘅煙囪還繞著輕輕嘅白煙。  

“呢度點會有屋？鄉下嘅叔叔阿姨新搬來嘅嗎？”小紅帽踮腳望，草屋嘅門縫隙裡漏出陣青草香，她剛想敲門，門“呀”一聲開咗——探出個圓滾滾嘅豬腦袋：“邊個呀？唔好亂闖草屋，會壓壞我嘅鬆軟床！”  

“對唔住對唔住！”小紅帽嚇得後退一步，“我係小紅帽，去外婆家嘅，路過見屋裡有煙，以為有人住……”話未講完，木屋門又“哐當”開咗，第二隻豬晃著長長嘅鼻樑走出來：“傻妹，草屋係我大哥蓋嘅，佢最懶，連磚都唔肯搬！”跟住磚屋嘅門“吱呀”響，第三隻豬穿著件藍色圍裙（估計係剛烤完曲奇），溫溫吞吞話：“二哥，別笑大哥，草屋雖軟，但總比冇屋住好……你係小紅帽？聽媽媽講過你嘅蘋果派好味。”  

“你地……係三隻小豬？！”小紅帽眼睛亮起來，籃子裡嘅蘋果派都好似跳咗一下，“我睇過故事書！你地係用草、樹枝同磚頭蓋屋嘅？”  

“係呀！”大哥搖著尾巴撲過來，差啲撞翻小紅帽嘅籃子，“我蓋嘅草屋最舒服，風一吹就好似坐搖籃！”二哥叉腰：“我嘅木屋夠靚，晚上還能聽樹葉唱歌！”三哥則牽住小紅帽嘅手，帶她去磚屋：“我嘅磚屋最堅固，上次大灰狼來撞門，牙都崩咗幾顆！”  

正聊得開心，遠處傳來陣“沙沙”聲——一隻大灰狼拖著傷腿走過來，嘴角還沾著草屑（估計係剛撞過草屋），見到小紅帽眼睛都綠咗：“乖女呀，你係唔係去外婆家？外婆病咗，躺在床上喊緊你名字呢！快跟我走吧，我帶你抄近路！”  

小紅帽一聽“外婆”，心裡緊緊嘅，剛想跟上去，三哥卻拽住她嘅圍裙：“阿妹，佢係大灰狼！我聽過佢嘅聲音，又沙又陰險！”大哥二哥也圍過來：“係呀係呀，上次佢想闖草屋，被我用草繩纏住尾巴！”  

大灰狼見識破，索性兇相畢露：“小鬼頭，少管閒事！今日我要一併吃掉你同三隻豬！”說罷撲過來，爪子直抓草屋——“嗤啦”一聲，草屋嘅頂都被掀飛咗！二哥急得推小紅帽：“快進磚屋！”  

磚屋嘅門“砰”一聲關緊，小紅帽靠在門上喘氣，望見大灰狼正用肩膀撞磚牆：“撞呀撞，磚頭係水泥鋪嘅，撞到你頭昏都撞唔開！”三哥從櫃子裡拿出媽媽留嘅辣椒粉：“小紅帽，你籃子裡有冇甚麼可以擋佢？”小紅帽靈機一動，拔出蘋果派裡嘅櫻桃木叉，對著煙囪喊：“大灰狼，你敢不敢爬煙囪進來？我請你食熱騰騰嘅蘋果派！”  

大灰狼聞到蘋果香，腦袋一熱就爬進煙囪——“嗚哇！”剛爬到一半，就被三哥傾倒嘅辣椒粉辣得滿面通紅，連滾帶爬摔下來，爪子撓著地面喊：“我會再來嘅！”話音未落，二哥已經搬來木頭擋住門口，大哥則把草屋嘅草鋪在磚屋門外，笑話：“讓佢踩草滑倒，摔個狗啃泥！”  

太陽偏西時，小紅帽終於要繼續去外婆家啦。她從籃子裡拿出半個蘋果派塞給三哥：“謝謝你地救我，下次我帶媽媽焗嘅朱古力曲奇過來！”三哥紅著臉點頭：“歡迎隨時來磚屋玩，我教你砌磚頭！”  

小紅帽蹦跳著遠去，背後傳來三隻豬嘅笑聲。而遠處嘅樹叢裡，大灰狼正揉著辣紅嘅眼睛，暗忖：“下次我要帶防毒面具……再來！”  

（完）  


**小註**：故事裡結合咗兩個經典角色嘅特點——小紅帽嘅溫柔勇敢、三隻豬嘅團結聰明，連大灰狼都加咗點“蠢萌”氣息，用廣東話嘅俚語（如“搖籃”“狗啃泥”）同親切對話，讓舊故事變出新滋味～ [end of text]


