好呀，聽我講吓個《三隻小豬同小紅帽嘅奇遇記》！

喺廣東一個青山綠水嘅村屋邨，有三隻小豬——阿燒、阿燦、阿照。佢哋屋企都係木屋，但性格唔一樣：

阿燒最嬲，屋企用稻草建，屋簷都插得短短短短，佢日日喊：“好嬲啊！風吹嚟都擺得動！”  
阿燦就靜啲，屋企用枝枝桠桠搭，屋企有個小露台，佢會坐喺度食果。  
阿照最細緻，屋企用黏土加沙建，屋企有個小小花壇，種住三棵蘋果樹，佢每日浇水，屋企好乾淨。

一日，佢哋聽村口阿婆講個故事：森林入面有隻小紅帽，個嬲女，紅衫紅帽，個包好大，裡面裝咗餅乾同果醬，佢會去探望阿婆，路過大野狼屋企……

三隻小豬就覺得好好玩，決定去森林搵小紅帽玩吓。

佢哋行過大野狼屋企嗰村，狼大只，睇見三隻小豬走過，個眼睇緊佢哋，腦袋一轆：“啊？三隻小豬？今晚加菜啦！先整隻阿燒畀我食先！”

狼搵個舊舖，扮成老奶奶，企喺屋企門口，扮到“咳咳咳”，又唱又戲：“唉呀，誰呀？唔識識我嗰婆婆囉？我屋企有燉雞同腩肉……”

阿燒最嬲，聽到即刻跳起：“婆婆你屋企有燉雞？快啲開門啦！我阿燒好嬲，請你食個雪糕！”  
佢哂唔使想，搵根木棍就撞門：“開下啦！開下啦！”

結果門一撞，“撞崩！”屋企門撞爛，狼一踎就跳入屋，張大口：“阿燒，進嚟啦！今晚你係主菜！”

阿燒一睇，咦？婆婆頭好尖呀，牙好長呀，眼睇人好似唔對勁……佢嬲到跳起：“你點解婆婆頭尖尖？你係大野狼假扮嘅！”

狼一臉懵：“點解？我明明好嬲好嬲喎……你嬲我？”

阿燒撳住佢頸：“你即刻變回狼！”

正鬥法嗰，阿燦同阿照行到，見屋企撞爛，狼企喺度，阿燦靜靜睇下，發現佢屋企有個舊鐘，鐘擺有個小紅帽模型，一睇就知係假扮。佢就靜靜撚根竹枝，搵個大水壺，徑直倒落去：“哗啦！”

狼一激灵，避開，水淋湿佢假扮嘅“婆婆”衣服，紅衫變深色，狼即刻原形畀人睇到，企唔住，跌倒喐唔起。

阿照則快啲撿返三枝大竹枝，揸住屋企門，擋住狼出街，狼撞得頭痛，撞到屋企門柱，“咚！”撞到眼鏡跌低，連“婆婆”假髮都扯脫，鬍鬚都扯出嚟。

三隻小豬合力把狼趕入屋企後園大水缸，狼喊：“救命呀！水浸死我啦！”

佢哋就高興返屋企，點心食果，看小紅帽真身原來行過，個嬲女拎個大包，包底有個小喇叭，一聲叫：“三隻小豬！救救我！我去探望阿婆，路過被狼吞咗！我要報警！”

阿燒嬲到跳起：“報警？我哋已經幫你報了！大野狼已經喐唔出屋企啦！水缸度企住！”

小紅帽睇到狼浮喺水面上，一雙大眼睇住佢哋：“真係呀？太過癲瘋！即刻有村警過嚟啦！”

結果村警真係行到，一腳踢開水缸，狼“噏”喺水度，飛起甩甩頭，羞到無地自容，話都唔敢講，畀帶返警局。

三隻小豬同小紅帽就成日去森林野餐，阿燒仲會帶個風車，阿燦會吹口琴，阿照會分果乾，小紅帽就唱首廣東童謠：“紅衫紅帽真嬲女，過路幫人唔嬲，點解大野狼咁笨？原來小豬最聰明！”

完畀！  
（講完收工，飲杯檸檬茶先啦！） 🍹😊 [end of text]


