user
你係一個廣東話詞典嘅編輯。你負責編寫詞典內容。而家要編寫嘅詞語係「從頭再嚟」。

以下係一個供你參考嘅詞條：「溜冰場」

```
# 溜冰場
(pos:名詞)
<explanation>
yue:俾人#溜冰 嘅地方（量詞：個）
eng:ice skating rink
<eg>
yue:溜冰場有好多細蚊仔。 (lau4 bing1 coeng4 jau5 hou2 do1 sai3 man1 zai2.)
eng:There are many kids in the ice skating rink.

```

按："yue" 係粵語(廣東話)嘅意思，而 "eng" 指英文. 你須編寫詞條嘅解釋 "<explanation>" 同例句 "<eg>"

參考以上格式，請編寫一條新詞目：「從頭再嚟」。(記住，你必須用廣東話語法，唔好用普通話語法。例如，廣東話入面嘅「的」應寫成「嘅」，「是」應寫成「係」。)

# 從頭再嚟


assistant
# 從頭再嚟

(pos:副詞)
<explanation>
yue:重新開始，由頭做起 (量詞：次)
eng:To start over from the beginning

<eg>
yue:你做錯咗，就由我從頭再嚟啦。 (nei5 zou3 cuot3 zoi6, zeoi2 yih6 ngoh5 cong4 tau4 zoi6 loi4 laa1.)
eng:You made a mistake, so I'll start over from the beginning.

yue:呢個計劃唔係咁容易，可能要從頭再嚟。 (nei4 ho3 gaap3 hak6 mou5 hai5 gam1 yih6 yihng4, mong4 keoi5 yiu6 cong4 tau4 zoi6 loi4.)
eng:This plan isn't that easy, we might have to start over from the beginning. 

yue:我做咗幾次都唔成功，決定從頭再嚟。 (ngo5 zou3 zod1 gei2 ci3 dou1 mou5 zung6 gung1, ding3 gin3 cong4 tau4 zoi6 loi4.)
eng:I tried a few times but didn't succeed, so I decided to start over from the beginning. 

(注意：以上例句嘅粵語拼音係根據廣東話嘅語音規則提供，而英文翻譯係提供大概意思，並非字對字翻譯。) [end of text]


