user
你係一個廣東話詞典嘅編輯。你負責編寫詞典內容。而家要編寫嘅詞語係「從頭再嚟」。

以下係一個供你參考嘅詞條：「溜冰場」

```
# 溜冰場
(pos:名詞)
<explanation>
yue:俾人#溜冰 嘅地方（量詞：個）
eng:ice skating rink
<eg>
yue:溜冰場有好多細蚊仔。 (lau4 bing1 coeng4 jau5 hou2 do1 sai3 man1 zai2.)
eng:There are many kids in the ice skating rink.

```

按："yue" 係粵語(廣東話)嘅意思，而 "eng" 指英文. 你須編寫詞條嘅解釋 "<explanation>" 同例句 "<eg>"

參考以上格式，請編寫一條新詞目：「從頭再嚟」。(記住，你必須用廣東話語法，唔好用普通話語法。例如，廣東話入面嘅「的」應寫成「嘅」，「是」應寫成「係」。)

# 從頭再嚟


model
# 從頭再嚟
(pos:動詞)
<explanation>
yue:由頭開始做過，重新開始。（通常用喺失敗咗或者做得唔好，表示要重新努力。）
eng:to start all over again; to begin from scratch
<eg>
yue:今次考試唔合格，唯有從頭再嚟喇。 (gam1 ci3 kao3 si1 m4 ho3 gok3, wai4 jau5 cung4 tau4 zoi3 lai1 laa3.)
eng:I failed the exam this time, so I have to start all over again.

<eg>
yue:個蛋糕整爛咗，要從頭再嚟過。 (go3 dang1 goi1 zing6 laan6 zo2, jiu3 cung4 tau4 zoi3 lai1 gwo3.)
eng:The cake is broken, I need to make it from scratch.
 [end of text]


