user
你係一個廣東話詞典嘅編輯。你負責編寫詞典內容。而家要編寫嘅詞語係「從頭再嚟」。

以下係一個供你參考嘅詞條：「溜冰場」

```
# 溜冰場
(pos:名詞)
<explanation>
yue:俾人#溜冰 嘅地方（量詞：個）
eng:ice skating rink
<eg>
yue:溜冰場有好多細蚊仔。 (lau4 bing1 coeng4 jau5 hou2 do1 sai3 man1 zai2.)
eng:There are many kids in the ice skating rink.

```

按："yue" 係粵語(廣東話)嘅意思，而 "eng" 指英文. 你須編寫詞條嘅解釋 "<explanation>" 同例句 "<eg>"

參考以上格式，請編寫一條新詞目：「從頭再嚟」。(記住，你必須用廣東話語法，唔好用普通話語法。例如，廣東話入面嘅「的」應寫成「嘅」，「是」應寫成「係」。)

# 從頭再嚟


assistant
<Thought>
Alright, I need to compile a new entry for the Cantonese dictionary with the term "從頭再嚟". First, I'll identify the part of speech. "從頭再嚟" seems to be a phrase that indicates starting over or doing something again from the beginning. So, it's likely a verb phrase.

Next, I'll think about the meaning in both Cantonese and English. "從頭再嚟" translates to "start over" or "begin again." In Cantonese, the structure uses "從頭" which means "from the beginning," and "再嚟" which means "come again."

For the example sentence, I'll need to construct a sentence that demonstrates the usage of "從頭再嚟" in a natural way. Perhaps something like: "因為失敗了，他決定從頭再嚟。" This means, "Because he failed, he decided to start over."

I should also consider any nuances or common expressions related to "從頭再嚟." It's often used in contexts where someone is trying to improve or correct a previous mistake.

Finally, I'll ensure that the explanation and example use proper Cantonese grammar, avoiding any Mandarin constructions like "的" or "是" and instead using "嘅" and "係" respectively.

</Thought>
<Output>
# 從頭再嚟
(pos:動詞)
<explanation>
yue:開始從頭做嘅動作（動詞：開始）
eng:start over
<eg>
yue:因為失敗了，他決定從頭再嚟。 (yih6 baak1 le5, taa6 zih6 daai6 zih6 fung6 coeng1 tou4 zoi6 saam4 laai5.)
eng:Because he failed, he decided to start over.
</Output>```json
# 從頭再嚟
(pos:動詞)
<explanation>
yue:開始從頭做嘅動作（動詞：開始）
eng:start over
<eg>
yue:因為失敗了，他決定從頭再嚟。 (yih6 baak1 le5, taa6 zih6 daai6 zih6 fung6 coeng1 tou4 zoi6 saam4 laai5.)
eng:Because he failed, he decided to start over.
</Output>
```json
# 從頭再嚟
(pos:動詞)
<explanation>
yue:開始從頭做嘅動作（動詞：開始）
eng:start over
<eg>
yue:因為失敗了，他決定從頭再嚟。 (yih6 baak1 le5, taa6 zih6 daai6 zih6 fung6 coeng1 tou4 zoi6 saam4 laai5.)
eng:Because he failed, he decided to start over.
</Output>
```json
# 從頭再嚟
(pos:動詞)
<explanation>
yue:開始從頭做嘅動作（動詞：開始）
eng:start over
<eg>
yue:因為失敗了，他決定從頭再嚟。 (yih6 baak1 le5, taa6 zih6 daai6 zih6 fung6 coeng1 tou4 zoi6 saam4 laai5.)
eng:Because he failed, he decided to start over.
</Output>
```json
# 從頭再嚟
(pos:動詞)
<explanation>
yue:開始從頭做嘅動作（動詞：開始）
eng:start over
<eg>
yue:因為失敗了，他決定從頭再嚟。 (yih6 baak1 le5, taa6 zih6 daai6 zih6 fung6 coeng1 tou4 zoi6 saam4 laai5.)
eng:Because he failed, he decided to start over.
</Output>
```json
# 從頭再嚟
(pos:動詞)
<explanation>
yue:開始從頭做嘅動作（動詞：開始）
eng:start over
<eg>
yue:因為失敗了，他決定從頭再嚟。 (yih6 baak1 le5, taa6 zih6 daai6 zih6 fung6 coeng1 tou4 zoi6 saam4 laai5.)
eng:Because he failed, he decided to start over.
</Output>
```json
# 從頭再嚟
(pos:動詞)
<explanation>
yue:開始從頭做嘅動作（動詞：開始）
eng:start over
<eg>
yue:因為失敗了，他決定從頭再嚟。 (yih6 baak1 le5, taa6 zih6 daai6 zih6 fung6 coeng1 tou4 zoi6 saam4 laai5.)
eng:Because he failed, he decided to start over.
</Output>
```json
# 從頭再嚟
(pos:動詞)
<explanation>
yue:開始從頭做嘅動作（動詞：開始）
eng:start over
<eg>
yue:因為失敗了，他決定從頭再嚟。 (yih6 baak1 le5, taa6 zih6 daai6 zih6 fung6 coeng1 tou4 zoi6 saam4 laai5.)
eng:Because he failed, he decided to start over.
</Output>
```json
# 從頭再嚟
(pos:動詞)
<explanation>
yue:開始從頭做嘅動作（動詞：開始）
eng:start over
<eg>
yue:因為失敗了，他決定從頭再嚟。 (yih6 baak1 le5, taa6 zih6 daai6 zih6 fung6 coeng1 tou4 zoi6 saam4 laai5.)
eng:Because he failed, he decided to start over.
</Output>
```json
# 從頭再嚟
(pos:動詞)
<explanation>
yue:開始從頭做嘅動作（動詞：開始）
eng:start over
<eg>
yue:因為失敗了，他決定從頭再嚟。 (yih6 baak1 le5, taa6 zih6 daai6 zih6 fung6 coeng1 tou4 zoi6 saam4 laai5.)
eng:Because he failed, he decided to start over.
</Output>
```json
# 從頭再嚟
(pos:動詞)
<explanation>
yue:開始從頭做嘅動作（動詞：開始）
eng:start over
<eg>
yue:因為失敗了，他決定從頭再嚟。 (yih6 baak1 le5, taa6 zih6 daai6 zih6 fung6 coeng1 tou4 zoi6 saam4 laai5.)
eng:Because he failed, he decided to start over.
</Output>
```json
# 從頭再嚟
(pos:動詞)
<explanation>
yue:開始從頭做嘅動作（動詞：開始）
eng:start over
<eg>
yue:因為失敗了，他決定從頭再嚟。 (yih6 baak1 le5, taa6 zih6 daai6 zih6 fung6 coeng1 tou4 zoi6 saam4 laai5.)
eng:Because he failed, he decided to start over.
</Output>
```json
# 從頭再嚟
(pos:動詞)
<explanation>
yue:開始從頭做嘅動作（動詞：開始）
eng:start over
<eg>
yue:因為失敗了，他決定從頭再嚟。 (yih6 baak1 le5, taa6 zih6 daai6 zih6 fung6 coeng1 tou4 zoi6 saam4 laai5.)
eng:Because he failed, he decided to start over.
</Output>
```json
# 從頭再嚟
(pos:動詞)
<explanation>
yue:開始從頭做嘅動作（動詞：開始）
eng:start over
<eg>
yue:因為失敗了，他決定從頭再嚟。 (yih6 baak1 le5, taa6 zih6 daai6 zih6 fung6 coeng1 tou4 zoi6 saam4 laai5.)
eng:Because he failed, he decided to start over.
</Output>
```json
# 從頭再嚟
(pos:動詞)
<explanation>
yue:開始從頭做嘅動作（動詞：開始）
eng:start over
<eg>
yue:因為失敗了，他決定從頭再嚟。 (yih6 baak1 le5, taa6 zih6 daai6 zih6 fung6 coeng1 tou4 zoi6 saam4 laai5.)
eng:Because he failed, he decided to start over.
</Output>
```json
# 從頭再嚟
(pos:動詞)
<explanation>
yue:開始從頭做嘅動作（動詞：開始）
eng:start over
<eg>
yue:因為失敗了，他決定從頭再嚟。 (yih6 baak1 le5, taa6 zih6 daai6 zih6 fung6 coeng1 tou4 zoi6 saam4 laai5.)
eng:Because he failed, he decided to start over.
</Output>
```json
# 從頭再嚟
(pos:動詞)
<explanation>
yue:開始從頭做嘅動作（動詞：開始）
eng:start over
<eg>
yue:因為失敗了，他決定從頭再嚟。 (yih6 baak1 le5, taa6 zih6 daai6 zih6 fung6 coeng1 tou4 zoi6 saam4 laai5.)
eng:Because he failed, he decided to start over.
</Output>
```json
# 從頭再嚟
(pos:動詞)
<explanation>
yue:開始從頭做嘅動作（動詞：開始）
eng:start over
<eg>
yue:因為失敗了，他決定從頭再嚟。 (yih6 baak1 le5, taa6 zih6 daai6 zih6 fung6 coeng1 tou4 zoi6 saam4 laai5.)
eng:Because he failed, he decided to start over.
</Output>
```json
# 從頭再嚟
(pos:動詞)
<explanation>
yue:開始從頭做嘅動作（動詞：開始）
eng:start over
<eg>
yue:因為失敗了，他決定從頭再嚟。 (yih6 baak1 le5, taa6 zih6 daai6 zih6 fung6 coeng1 tou4 zoi6 saam4 laai5.)
eng:Because he failed, he decided to start over.
</Output>
```json
# 從頭再嚟
(pos:動詞)
<explanation>
yue:開始從頭做嘅動作（動詞：開始）
eng:start over
<eg>
yue:因為失敗了，他決定從頭再嚟。 (yih6 baak1 le5, taa6 zih6 daai6 zih6 fung6 coeng1 tou4 zoi6 saam4 laai5.)
eng:Because he failed, he decided to start over.
</Output>
```json
# 從頭再嚟
(pos:動詞)
<explanation>
yue:開始從頭做嘅動作（動詞：開始）
eng:start over
<eg>
yue:因為失敗了，他決定從頭再嚟。 (yih6 baak1 le5, taa6 zih6 daai6 zih6 fung6 coeng1 tou4 zoi6 saam4 laai5.)
eng:Because he failed, he decided to start over.
</Output>
```json
# 從頭再嚟
(pos:動詞)
<explanation>
yue:開始從頭做嘅動作（動詞：開始）
eng:start over
<eg>
yue:因為失敗了，他決定從頭再嚟。 (yih6 baak1 le5, taa6 zih6 daai6 zih6 fung6 coeng1 tou4 zoi6 saam4 laai5.)
eng:Because he failed, he decided to start over.
</Output>
```json
# 從頭再嚟
(pos:動詞)
<explanation>
yue:開始從頭做嘅動作（動詞：開始）
eng:start over
<eg>
yue:因為失敗了，他決定從頭再嚟。 (yih6 baak1 le5, taa6 zih6 daai6 zih6 fung6 coeng1 tou4 zoi6 saam4 laai5.)
eng:Because he failed, he decided to start over.
</Output>
```json
# 從頭再嚟
(pos:動詞)
<explanation>
yue:開始從頭做嘅動作（動詞：開始）
eng:start over
<eg>
yue:因為失敗了，他決定從頭再嚟。 (yih6 baak1 le5, taa6 zih6 daai6 zih6 fung6 coeng1 tou4 zoi6 saam4 laai5.)
eng:Because he failed, he decided to start over.
</Output>
```json
# 從頭再嚟
(pos:動詞)
<explanation>
yue:開始從頭做嘅動作（動詞：開始）
eng:start over
<eg>
yue:因為失敗了，他決定從頭再嚟。 (yih6 baak1 le5, taa6 zih6 daai6 zih6 fung6 coeng1 tou4 zoi6 saam4 laai5.)
eng:Because he failed, he decided to start over.
</Output>
```json
# 從頭再嚟
(pos:動詞)
<explanation>
yue:開始從頭做嘅動作（動詞：開始）
eng:start over
<eg>
yue:因為失敗了，他決定從頭再嚟。 (yih6 baak1 le5, taa6 zih6 daai6 zih6 fung6 coeng1 tou4 zoi6 saam4 laai5.)
eng:Because he failed, he decided to start over.
</Output>
```json
# 從頭再嚟
(pos:動詞)
<explanation>
yue:開始從頭做嘅動作（動詞：開始）
eng:start over
<eg>
yue:因為失敗了，他決定從頭再嚟。 (yih6 baak1 le5, taa6 zih6 daai6 zih6 fung6 coeng1 tou4 zoi6 saam4 laai5.)
eng:Because he failed, he decided to start over.
</Output>
```json
# 從頭再嚟
(pos:動詞)
<explanation>
yue:開始從頭做嘅動作（動詞：開始）
eng:start over
<eg>
yue:因為失敗了，他決定從頭再嚟。 (yih6 baak1 le5, taa6 zih6 daai6 zih6 fung6 coeng1 tou4 zoi6 saam4 laai5.)
eng:Because he failed, he decided to start over.
</Output>
```json
# 從頭再嚟
(pos:動詞)
<explanation>
yue:開始從頭做嘅動作（動詞：開始）
eng:start over
<eg>
yue:因為失敗了，他決定從頭再嚟。 (yih6 baak1 le5, taa6 zih6 daai6 zih6 fung6 coeng1 tou4 zoi6 saam4 laai5.)
eng:Because he failed, he decided to start over.
</Output>
```json
# 從頭再嚟
(pos:動詞)
<explanation>
yue:開始從頭做嘅動作（動詞：開始）
eng:start over
<eg>
yue:因為失敗了，他決定從頭再嚟。 (yih6 baak1 le5, taa6 zih6 daai6 zih6 fung6 coeng1 tou4 zoi6 saam4 laai5.)
eng:Because he failed, he decided to start over.
</Output>
```json
# 從頭再嚟
(pos:動詞)
<explanation>
yue:開始從頭做嘅動作（動詞：開始）
eng:start over
<eg>
yue:因為失敗了，他決定從頭再嚟。 (yih6 baak1 le5, taa6 zih6 daai6 zih6 fung6 coeng1 tou4 zoi6 saam4 laai5.)
eng:Because he failed, he decided to start over.
</Output>
```json
# 從頭再嚟
(pos:動詞)
<explanation>
yue:開始從頭做

