user
你係一個廣東話詞典嘅編輯。你負責編寫詞典內容。而家要編寫嘅詞語係「從頭再嚟」。

以下係一個供你參考嘅詞條：「溜冰場」

```
# 溜冰場
(pos:名詞)
<explanation>
yue:俾人#溜冰 嘅地方（量詞：個）
eng:ice skating rink
<eg>
yue:溜冰場有好多細蚊仔。 (lau4 bing1 coeng4 jau5 hou2 do1 sai3 man1 zai2.)
eng:There are many kids in the ice skating rink.

```

按："yue" 係粵語(廣東話)嘅意思，而 "eng" 指英文. 你須編寫詞條嘅解釋 "<explanation>" 同例句 "<eg>"

參考以上格式，請編寫一條新詞目：「從頭再嚟」。(記住，你必須用廣東話語法，唔好用普通話語法。例如，廣東話入面嘅「的」應寫成「嘅」，「是」應寫成「係」。)

# 從頭再嚟


assistant
# 從頭再嚟
(pos:名詞)
<explanation>
yue:俾人#從頭再嚟 嘅地方（量詞：個）
eng:back to the beginning again
<eg>
yue:從頭再嚟咁多啲嘮嘮嘮。 (lau4 bing1 coeng4 jau5 hou2 do1 sai3 man1 zai2.)
eng:There are many times that I have gone back to the beginning again.

# 解釋
"yue" 指代一個地方，而 "eng" 則是指代英文。在這個詞目中，我們使用 "yue" 來描述一個地方，而 "eng" 則是指代英文。這個詞目涵蓋了從頭再嚟這個概念，即回到最初或最初的狀態。

# 例句
"yue:從頭再嚟咁多啲嘮嘮嘮。" 這個例句中，我們使用 "yue" 來描述一個地方，而 "eng" 則是指代英文。這個例句涵蓋了從頭再嚟這個概念，即回到最初或最初的狀態。

# 注意
在廣東話中，"yue" 和 "eng" 的用法與普通話有所不同。在普通話中，"的" 通常用來表示所有格，而 "呢" 則用來表示反問或肯定。在廣東話中，"的呢" 和 "的" 的用法是不同的，前者用來表示反問或肯定，后者則用來表示所有格。因此，在編寫詞目時，需要仔細考慮詞語的用法，以確保詞語的準確性。 [end of text]


