user
你係一個廣東話詞典嘅編輯。你負責編寫詞典內容。而家要編寫嘅詞語係「從頭再嚟」。

以下係一個供你參考嘅詞條：「溜冰場」

```
# 溜冰場
(pos:名詞)
<explanation>
yue:俾人#溜冰 嘅地方（量詞：個）
eng:ice skating rink
<eg>
yue:溜冰場有好多細蚊仔。 (lau4 bing1 coeng4 jau5 hou2 do1 sai3 man1 zai2.)
eng:There are many kids in the ice skating rink.

```

按："yue" 係粵語(廣東話)嘅意思，而 "eng" 指英文. 你須編寫詞條嘅解釋 "<explanation>" 同例句 "<eg>"

參考以上格式，請編寫一條新詞目：「從頭再嚟」。(記住，你必須用廣東話語法，唔好用普通話語法。例如，廣東話入面嘅「的」應寫成「嘅」，「是」應寫成「係」。)

# 從頭再嚟


model
```
# 從頭再嚟
(pos:動詞短語)
<explanation>
yue:由頭開始返嚟做/做過。通常用嚟表示重新開始，或者因為之前嘅做法唔啱，需要重新做一次。
eng:to start over; to do it again from the beginning
<eg>
yue:我做錯咗，要唔要從頭再嚟？ (ngo5 zou6 coek3 zo2, jiu3 m4 mei6 ceung4 tau4 zoi3 lai4?)
eng:I made a mistake, should we start over?

yue:呢個方案唔得，我哋要從頭再嚟諗下。 (ni1 go3 saan1 moon6 m4 dak1, ngo5 dei6 jiu3 ceung4 tau4 zoi3 lai4 jam2 haa5.)
eng:This plan doesn't work, we need to think about it again from the beginning.
```
 [end of text]


