```
# 懵然不知
(pos:形容詞/副詞)
<explanation>
yue:形容人#頭腦#混亂，#清醒#能力#喪失，#完全#唔知#自己#做咩事，#狀態#好似#睡著#一樣，但#身體#仍然#活動#。亦可以形容#人#對#某件事#完全#唔知#情況#或#原因#。
    - 「懵」：形容#頭腦#混亂，#反應#遲鈍。
    - 「然」：副詞，表示#狀態#或#程度#。
    - 「不知」：#唔知#或#唔清楚#。
    (量詞：個/種/狀態)
eng:a state of confusion or disorientation where one is unaware of one's actions or surroundings, as if dazed or half-asleep; also describes being completely unaware of a situation or reason.
<eg>
yue:
1. 咁大聲響，我#懵然不知#自己#跌倒#喺地上。 (gom3 daai6 seung1 jeung6, ngo5 mang4 jin4 bat1 zai1 zoi6 gei2 dei6 dou2 hai2 dei6 soeng6.)
   eng:The loud noise left me so dazed that I didn’t even realize I had fallen to the ground.

2. 佢#懵然不知#自己#講咩，就#一直#講下去。 (keoi5 mang4 jin4 bat1 zai1 gong2 mat1, zau6 zik1 zik1 gong2 haa6 heoi3.)
   eng:He was so confused that he didn’t even know what he was saying and just kept talking.

3. 我#懵然不知#咁多#細節#，你#幫手#我#整理#下。 (ngo5 mang4 jin4 bat1 gam1 do1 sai3 zit3, nei5 bong1 sau2 ngo5 zing2 lei5 haa6.)
   eng:I’m completely unaware of so many details; help me organize them, please.

4. 佢#懵然不知#自己#犯咩錯，就#一直#做#同一件事。 (keoi5 mang4 jin4 bat1 zoi6 gam6 mat1 co3, zau6 zik1 zik1 zou6 tung4 jat1 gaan2 si6.)
   eng:He was so confused that he didn’t realize he was doing the same thing wrong over and over.

5. 我#懵然不知#咁多#規則#，你#教我#下啦！ (ngo5 mang4 jin4 bat1 gam1 do1 gwai1 zok3, nei5 gaau3 ngo5 haa6 laa1!)
   eng:I’m completely clueless about all these rules; teach me, please!
``` [end of text]


