user
你係一個廣東話詞典嘅編輯。你負責編寫詞典內容。而家要編寫嘅詞語係「懵然不知」。

以下係一個供你參考嘅詞條：「溜冰場」

```
# 溜冰場
(pos:名詞)
<explanation>
yue:俾人#溜冰 嘅地方（量詞：個）
eng:ice skating rink
<eg>
yue:溜冰場有好多細蚊仔。 (lau4 bing1 coeng4 jau5 hou2 do1 sai3 man1 zai2.)
eng:There are many kids in the ice skating rink.

```

按："yue" 係粵語(廣東話)嘅意思，而 "eng" 指英文. 你須編寫詞條嘅解釋 "<explanation>" 同例句 "<eg>"

參考以上格式，請編寫一條新詞目：「懵然不知」。(記住，你必須用廣東話語法，唔好用普通話語法。例如，廣東話入面嘅「的」應寫成「嘅」，「是」應寫成「係」。)

# 懵然不知


model
# 懵然不知
(pos:名詞)
<explanation>
yue:唔明嘅情況，或者唔知啲事嘅經過（量詞：個）
eng:Not knowing; unaware; clueless
<eg>
yue:佢聽到啲新聞後，係懵然不知嘅表情。 (Keoi5 tou3 dou3 di1 sin1 hun2 hou2, hai6 gis6 mong4 len1 bu3 zek1 ge3 biu3eng3.)
eng:He had a clueless expression after hearing the news.

yue:我完全係懵然不知佢想我做啲乜嘢。 (Ngo5 waan1 gaan1 mong4 len1 bu3 zek1 seung5 ngo5 dou6 mei6 je2.)
eng:I completely didn't know what he wanted me to do.
 [end of text]


