```
# 懵然不知
(pos:動詞/形容詞)
<explanation>
yue:形容人因為驚訝、困惑或不清楚情況而完全沒有反應或意識，好似「懵」住一樣。常用於描述人在某種情況下完全沒有知覺或反應，例如聽到意外消息、看見奇怪現象等。
   - 懵然：形容頭腦混亂、反應遲鈍。
   - 不知：完全沒有知覺或理解。
   例：懵然不知係一種心理狀態，好似「一頭霧水」或「木訥無知」。
eng:To be completely unaware or oblivious, often due to surprise, confusion, or lack of understanding; a state where one is mentally blank or unresponsive, like being "stunned" or "in a daze."

<eg>
yue:
1. 佢聽到噩耗，懵然不知，好似一個人站住咗。 (keoi5 ting1 tou4 ok3 wu6, meng4 jin4 bat1 zi1, hou2 si6 yit1 ngon4 zaam6 zo2.)
   eng:He heard the bad news and stood there in a daze, completely unaware.

2. 佢見到咁大嘅火災，懵然不知，好似一個人無知無覺。 (keoi5 gin6 dou2 gaa3 daai6 gei2 fo2 zei2, meng4 jin4 bat1 zi1, hou2 si6 yit1 ngon4 mou4 zi1 mou4 gok3.)
   eng:Seeing such a huge fire, he was completely oblivious, as if he didn't notice anything.

3. 佢懵然不知，好似聽到咗人講話都唔識返應。 (keoi5 meng4 jin4 bat1 zi1, hou2 si6 ting1 dou2 zo2 yan4 gwo2 waa2 dou1 m4 sik1 faan3 jing4.)
   eng:He was so dazed that he didn't even realize when people were talking to him.

4. 佢因為太驚嚇，懵然不知，好似一個人無知無覺。 (keoi5 jan1 vei1 tai4 ging1 haa6, meng4 jin4 bat1 zi1, hou2 si6 yit1 ngon4 mou4 zi1 mou4 gok3.)
   eng:He was so shocked that he was completely unaware, as if he didn't notice anything.
``` [end of text]


