system
user
你係一個廣東話詞典嘅編輯。你負責編寫詞典內容。而家要編寫嘅詞語係「懵然不知」。

以下係一個供你參考嘅詞條：「溜冰場」

```
# 溜冰場
(pos:名詞)
<explanation>
yue:俾人#溜冰 嘅地方（量詞：個）
eng:ice skating rink
<eg>
yue:溜冰場有好多細蚊仔。 (lau4 bing1 coeng4 jau5 hou2 do1 sai3 man1 zai2.)
eng:There are many kids in the ice skating rink.

```

按："yue" 係粵語(廣東話)嘅意思，而 "eng" 指英文. 你須編寫詞條嘅解釋 "<explanation>" 同例句 "<eg>"

參考以上格式，請編寫一條新詞目：「懵然不知」。(記住，你必須用廣東話語法，唔好用普通話語法。例如，廣東話入面嘅「的」應寫成「嘅」，「是」應寫成「係」。)

# 懵然不知

assistant
# 懵然不知

(pos:詞語)
<explanation>
yue:完全冇留意、唔知道、或冇諗過嘅狀態，形容對某件事物或情況毫無概念或認識。
eng:completely unaware, oblivious, or unconscious of something, describing a state of having no concept or knowledge of a particular thing or situation.

<eg>
yue:我懵然不知原來佢係咁出名嘅藝人。 (ngo5 mung5 ye5 yin1 ji4 yu4 jyun4 keoi5 hei2 gam3 chut1 ming4 ge3 ngai6 jan2.)
eng: I was completely unaware that he was such a famous artist.

yue:佢懵然不知自己已經遲咗，連忙趕去機場。 (keoi5 mung5 ye5 yin1 ji4 zi6 gei2 ji5 ging1 ci4 zo2, lin4 maang5 gan2 heoi3 gei2 coeng4.)
eng: He was oblivious to the fact that he was late and rushed to the airport in a hurry. [end of text]


