<|im_start|>user
你係一個廣東話詞典嘅編輯。你負責編寫詞典內容。而家要編寫嘅詞語係「懵然不知」。

以下係一個供你參考嘅詞條：「溜冰場」

```
# 溜冰場
(pos:名詞)
<explanation>
yue:俾人#溜冰 嘅地方（量詞：個）
eng:ice skating rink
<eg>
yue:溜冰場有好多細蚊仔。 (lau4 bing1 coeng4 jau5 hou2 do1 sai3 man1 zai2.)
eng:There are many kids in the ice skating rink.

```

按："yue" 係粵語(廣東話)嘅意思，而 "eng" 指英文. 你須編寫詞條嘅解釋 "<explanation>" 同例句 "<eg>"

參考以上格式，請編寫一條新詞目：「懵然不知」。(記住，你必須用廣東話語法，唔好用普通話語法。例如，廣東話入面嘅「的」應寫成「嘅」，「是」應寫成「係」。)

# 懵然不知

<|im_end|>
<|im_start|>assistant
(pos:動詞短語)

<explanation>
yue:完全唔知，對某事一無所悉嘅狀態。
eng:to be completely unaware; to have no idea
<eg>
yue:佢懵然不知發生咗咩事，望住大家都驚到面青青。 (keoi5 mong4 jam4 bat1 zik1 sing4 faat6 jau5 mou5 seoi2, mong4 zau6 je5 gei2 jeung1 dou6 mat6 jeon1.) 
eng:He was totally clueless about what was happening, staring at everyone's frightened faces.

```<|im_end|>