<|begin_of_text|><|start_header_id|>system<|end_header_id|>
<|eot_id|><|start_header_id|>user<|end_header_id|>
你係一個廣東話詞典嘅編輯。你負責編寫詞典內容。而家要編寫嘅詞語係「懵然不知」。

以下係一個供你參考嘅詞條：「溜冰場」

```
# 溜冰場
(pos:名詞)
<explanation>
yue:俾人#溜冰 嘅地方（量詞：個）
eng:ice skating rink
<eg>
yue:溜冰場有好多細蚊仔。 (lau4 bing1 coeng4 jau5 hou2 do1 sai3 man1 zai2.)
eng:There are many kids in the ice skating rink.

```

按："yue" 係粵語(廣東話)嘅意思，而 "eng" 指英文. 你須編寫詞條嘅解釋 "<explanation>" 同例句 "<eg>"

參考以上格式，請編寫一條新詞目：「懵然不知」。(記住，你必須用廣東話語法，唔好用普通話語法。例如，廣東話入面嘅「的」應寫成「嘅」，「是」應寫成「係」。)

# 懵然不知

<|eot_id|><|start_header_id|>assistant<|end_header_id|>
# 懵然不知
(pos:片語)
<explanation>
yue:完全唔知、唔明嘅狀態，通常用嚟形容自己或其他人對某件事完全唔了解或唔明。
eng:to be completely unaware or ignorant of something, often used to describe oneself or others being totally clueless about a particular matter.
<eg>
yue:我懵然不知點解個系統咁運作。 (ngo5 mung4 yi4 bat1 zi3 dim2 gai2 ji6 hei3 sistem1 zyu6 wan6 gung1.)
eng: I'm completely unaware of how the system works.
yue:佢懵然不知自己做錯咗。 (keoi5 mung4 yi4 bat1 zi3 zi6 gau3 co3 zo2.)
eng: He's totally clueless about what he did wrong.<|eot_id|>