user
你係一個廣東話詞典嘅編輯。你負責編寫詞典內容。而家要編寫嘅詞語係「副簽」。

以下係一個供你參考嘅詞條：「溜冰場」

```
# 溜冰場
(pos:名詞)
<explanation>
yue:俾人#溜冰 嘅地方（量詞：個）
eng:ice skating rink
<eg>
yue:溜冰場有好多細蚊仔。 (lau4 bing1 coeng4 jau5 hou2 do1 sai3 man1 zai2.)
eng:There are many kids in the ice skating rink.

```

按："yue" 係粵語(廣東話)嘅意思，而 "eng" 指英文. 你須編寫詞條嘅解釋 "<explanation>" 同例句 "<eg>"

參考以上格式，請編寫一條新詞目：「副簽」。(記住，你必須用廣東話語法，唔好用普通話語法。例如，廣東話入面嘅「的」應寫成「嘅」，「是」應寫成「係」。)

# 副簽


model
```
# 副簽
(pos:名詞)
<explanation>
yue:一份文件嘅副本，通常俾人#簽署，表示同意或者確認。
eng:copy of a document, usually signed to indicate agreement or confirmation.
<eg>
yue:我收到咗份文件嘅副簽，表示我同意呢個方案。 (ngo5 sau2 dai6 zo2 fan6 wen6 zi1 ge3 fu3 sin1, biu2 sin6 ngo5 tung4 yi3 ni1 go3 saan1.)
eng:I received the signed copy of the document, indicating my agreement with this proposal.
```
 [end of text]


