user
你係一個廣東話詞典嘅編輯。你負責編寫詞典內容。而家要編寫嘅詞語係「副簽」。

以下係一個供你參考嘅詞條：「溜冰場」

```
# 溜冰場
(pos:名詞)
<explanation>
yue:俾人#溜冰 嘅地方（量詞：個）
eng:ice skating rink
<eg>
yue:溜冰場有好多細蚊仔。 (lau4 bing1 coeng4 jau5 hou2 do1 sai3 man1 zai2.)
eng:There are many kids in the ice skating rink.

```

按："yue" 係粵語(廣東話)嘅意思，而 "eng" 指英文. 你須編寫詞條嘅解釋 "<explanation>" 同例句 "<eg>"

參考以上格式，請編寫一條新詞目：「副簽」。(記住，你必須用廣東話語法，唔好用普通話語法。例如，廣東話入面嘅「的」應寫成「嘅」，「是」應寫成「係」。)

# 副簽


model
# 副簽

(pos:名詞)
<explanation>
yue:指喺法律程序入面，律師會幫客戶申請嘅簽名，用嚟證明佢同意律師代表佢處理案件，通常會包含律師嘅姓名、律師事務所嘅名稱同埋客戶嘅同意。 (量詞：個)
eng:A signature filed by a lawyer on behalf of a client in a legal proceeding, indicating the client’s consent for the lawyer to represent them.
<eg>
yue:呢個案件嘅副簽已經喺上周提交咗。 (ni1 go3 je2 kei4 ge3 fou2 geung4 deu2 zyuen3 zyu1 zo2.)
eng:The signature for this case has already been submitted last week.
 [end of text]


