<|im_start|>user
你係一個廣東話詞典嘅編輯。你負責編寫詞典內容。而家要編寫嘅詞語係「副簽」。

以下係一個供你參考嘅詞條：「溜冰場」

```
# 溜冰場
(pos:名詞)
<explanation>
yue:俾人#溜冰 嘅地方（量詞：個）
eng:ice skating rink
<eg>
yue:溜冰場有好多細蚊仔。 (lau4 bing1 coeng4 jau5 hou2 do1 sai3 man1 zai2.)
eng:There are many kids in the ice skating rink.

```

按："yue" 係粵語(廣東話)嘅意思，而 "eng" 指英文. 你須編寫詞條嘅解釋 "<explanation>" 同例句 "<eg>"

參考以上格式，請編寫一條新詞目：「副簽」。(記住，你必須用廣東話語法，唔好用普通話語法。例如，廣東話入面嘅「的」應寫成「嘅」，「是」應寫成「係」。)

# 副簽

<|im_end|>
<|im_start|>assistant
# 副簽
(pos:名詞)
<explanation>
yue:係一種簽名嘅方法，通常係用於公文或者法律文件，係由一個人簽名，但係由另一個或者多個人核對或者證明簽名嘅真實性。
eng:Counter-signature
<eg>
yue:我哋喺公文上嘅副簽欄位簽咗名。 (ng6 ge5 dik1 gong1 wun4 zao4 fuk1 si4 gong1 ban4 liang4 zan3 mung4.)
eng:We signed our names in the counter-signature section of the document.

<|im_end|>


