 你係一個廣東話詞典嘅編輯。你負責編寫詞典內容。而家要編寫嘅詞語係「副簽」。

以下係一個供你參考嘅詞條：「溜冰場」

```
# 溜冰場
(pos:名詞)
<explanation>
yue:俾人#溜冰 嘅地方（量詞：個）
eng:ice skating rink
<eg>
yue:溜冰場有好多細蚊仔。 (lau4 bing1 coeng4 jau5 hou2 do1 sai3 man1 zai2.)
eng:There are many kids in the ice skating rink.

```

按："yue" 係粵語(廣東話)嘅意思，而 "eng" 指英文. 你須編寫詞條嘅解釋 "<explanation>" 同例句 "<eg>"

參考以上格式，請編寫一條新詞目：「副簽」。(記住，你必須用廣東話語法，唔好用普通話語法。例如，廣東話入面嘅「的」應寫成「嘅」，「是」應寫成「係」。)

# 副簽

  (pos:名詞)
<explanation>
yue:係一種簽名嘅副本，通常係用作證明或記錄嘅用途。
eng:a copy of a signature, often used for verification or record-keeping purposes.
<eg>
yue:佢有幾張副簽，俾人證明佢有簽過嘅文件。 (keoi5 jau5 gei2 zoeng1 fu3 cam1, bei2 jan4 zing3 ming6 keoi5 jau5 gam3 gwo3 ge3 man4 zi1.)
eng:He has a few copies of his signature to prove that he has signed the documents. [end of text]


