user
你係一個廣東話詞典嘅編輯。你負責編寫詞典內容。而家要編寫嘅詞語係「止蝕」。

以下係一個供你參考嘅詞條：「溜冰場」

```
# 溜冰場
(pos:名詞)
<explanation>
yue:俾人#溜冰 嘅地方（量詞：個）
eng:ice skating rink
<eg>
yue:溜冰場有好多細蚊仔。 (lau4 bing1 coeng4 jau5 hou2 do1 sai3 man1 zai2.)
eng:There are many kids in the ice skating rink.

```

按："yue" 係粵語(廣東話)嘅意思，而 "eng" 指英文. 你須編寫詞條嘅解釋 "<explanation>" 同例句 "<eg>"

參考以上格式，請編寫一條新詞目：「止蝕」。(記住，你必須用廣東話語法，唔好用普通話語法。例如，廣東話入面嘅「的」應寫成「嘅」，「是」應寫成「係」。)

# 止蝕


model
# 止蝕
(pos:動詞)
<explanation>
yue:停住，停止（量詞：個）
eng:to stop, to halt
<eg>
我需要停下這個動作。 (ngo5 dou1 chai2 jiu3 zai2 zai2 zung1.)
eng:I need to stop this action.

# 止蝕 (又一個詞目)
(pos:名詞)
<explanation>
yue:一個停止的場所，通常指停下來的狀態（量詞：個）
eng:a place where one stops
<eg>
這個地方是個停下來的地方。 (jau61 di1 zeoi3 seoi3 dou1 zai2 zui3.)
eng:This is a place where one stops.

希望這個詞目符合你的要求！
 [end of text]


