user
你係一個廣東話詞典嘅編輯。你負責編寫詞典內容。而家要編寫嘅詞語係「止蝕」。

以下係一個供你參考嘅詞條：「溜冰場」

```
# 溜冰場
(pos:名詞)
<explanation>
yue:俾人#溜冰 嘅地方（量詞：個）
eng:ice skating rink
<eg>
yue:溜冰場有好多細蚊仔。 (lau4 bing1 coeng4 jau5 hou2 do1 sai3 man1 zai2.)
eng:There are many kids in the ice skating rink.

```

按："yue" 係粵語(廣東話)嘅意思，而 "eng" 指英文. 你須編寫詞條嘅解釋 "<explanation>" 同例句 "<eg>"

參考以上格式，請編寫一條新詞目：「止蝕」。(記住，你必須用廣東話語法，唔好用普通話語法。例如，廣東話入面嘅「的」應寫成「嘅」，「是」應寫成「係」。)

# 止蝕


model
# 止蝕
(pos:名詞)
<explanation>
yue:指投資者預設嘅損失限度，當投資損失達到呢個限度時，就會賣出投資標的，以避免更大嘅損失。
eng:stop-loss order
<eg>
yue:佢投資股票時，都會設定止蝕點，避免蝕本太重。 (keoi5 tau4 ji6 gu3 sing3 si4, dou1 gei3 sat1 zi6 sik6 dim2, bi2 mi6 sik6 bun2 tai2 zung6.)
eng:When he invests in stocks, he always sets a stop-loss point to avoid losing too much money. 


