<|im_start|>user
你係一個廣東話詞典嘅編輯。你負責編寫詞典內容。而家要編寫嘅詞語係「止蝕」。

以下係一個供你參考嘅詞條：「溜冰場」

```
# 溜冰場
(pos:名詞)
<explanation>
yue:俾人#溜冰 嘅地方（量詞：個）
eng:ice skating rink
<eg>
yue:溜冰場有好多細蚊仔。 (lau4 bing1 coeng4 jau5 hou2 do1 sai3 man1 zai2.)
eng:There are many kids in the ice skating rink.

```

按："yue" 係粵語(廣東話)嘅意思，而 "eng" 指英文. 你須編寫詞條嘅解釋 "<explanation>" 同例句 "<eg>"

參考以上格式，請編寫一條新詞目：「止蝕」。(記住，你必須用廣東話語法，唔好用普通話語法。例如，廣東話入面嘅「的」應寫成「嘅」，「是」應寫成「係」。)

# 止蝕

<|im_end|>
<|im_start|>assistant
# 止蝕
(pos:動詞)
<explanation>
yue:阻止#蝕食 嘅行為，防止#害蟲 嘅破壞（量詞：次）
eng:to control pests
<eg>
yue:農民會用農藥來止蝕。 (nung4 min4 hoi2 jyu5 nung4 jyu5 lai6 zik1 ci3.)
eng:Farmers will use pesticides to control pests.

# 止蝕
(pos:名詞)
<explanation>
yue:指阻止#蝕食 嘅方法或者#措施，防止#害蟲 嘅破壞
eng:methods or measures to control pests
<eg>
yue:政府推動咗一個止蝕計劃。 (gou3 nin6 tu1 dung6 zau6 jik1 zik1 zik1 ci3.)
eng:The government has implemented a pest control plan.

# 止蝕
(pos:名詞)
<explanation>
yue:指蝕食行為被阻止嘅狀態
eng:the state of pest control
<eg>
yue:農作物嘅止蝕已經做得好好哋。 (nung4 cou4 zik1 zik1 ci3 ji3 jing4 zan1 do1 hou2 hou2 zik1.)
eng:The pest control of crops has been done very well.

<|im_end|>