user
你係一個廣東話詞典嘅編輯。你負責編寫詞典內容。而家要編寫嘅詞語係「止蝕」。

以下係一個供你參考嘅詞條：「溜冰場」

```
# 溜冰場
(pos:名詞)
<explanation>
yue:俾人#溜冰 嘅地方（量詞：個）
eng:ice skating rink
<eg>
yue:溜冰場有好多細蚊仔。 (lau4 bing1 coeng4 jau5 hou2 do1 sai3 man1 zai2.)
eng:There are many kids in the ice skating rink.

```

按："yue" 係粵語(廣東話)嘅意思，而 "eng" 指英文. 你須編寫詞條嘅解釋 "<explanation>" 同例句 "<eg>"

參考以上格式，請編寫一條新詞目：「止蝕」。(記住，你必須用廣東話語法，唔好用普通話語法。例如，廣東話入面嘅「的」應寫成「嘅」，「是」應寫成「係」。)

# 止蝕


model
# 止蝕

(pos:動詞)
<explanation>
yue:令損失停咗，唔再增加。
eng:to stop losses
<eg>
yue:投資市場波動大，佢決定止蝕賣咗股票。 (tou4 zi2 si5 chang4 bo2 dou6 daai6, keoi5 ce6 din6 zi3 sik1 lok6 mai6 zo2 guk6 phok6.)
eng:The stock market is volatile, so he decided to stop losses and sell his stocks. 
