好呀，呢個挑戰幾有趣！要湊齊六個字，聲調嚴格跟足 1 至 6（陰平、陰上、陰去、陽平、陽上、陽去），而且讀起來要通順。

我試寫幾句比你參考下：

1. **高佬買梨餵弟**
   (gou1 lou2 maai5 lei4 wai6 dai6)
   *   高 (1) 佬 (2) 買 (3) 梨 (4) 餵 (5) 弟 (6)
   *   意思：高個子男人買梨子餵弟弟。

2. **新手煮雞比姊**
   (san1 sau2 zyu2 gai1 bei2 ze6)
   *   新 (1) 手 (2) 煮 (3) 雞 (4) 比 (5) 姊 (6)
   *   意思：新手煮雞肉給姐姐。（註：「比」喺口語有「給」的意思，讀 bei2；「姊」讀 ze6）

3. **花貓跳欄尋物**
   (faa1 maau1 tiu3 laan4 cam4 mat6)
   *   花 (1) 貓 (2) 跳 (3) 欄 (4) 尋 (5) 物 (6)
   *   意思：花貓跳過欄杆去找東西。

4. **詩歌讚揚豪傑**
   (si1 go1 zaan3 joeng4 hou4 git6)
   *   詩 (1) 歌 (2) 讚 (3) 揚 (4) 豪 (5) 傑 (6)
   *   意思：詩歌讚頌英雄豪傑。

5. **天光落雨淋路**
   (tin1 gwong1 lok6 jyu5 lam4 lou6)
   *   天 (1) 光 (2) 落 (3) 雨 (4) 淋 (5) 路 (6)
   *   意思：天亮時下雨，淋濕了道路。

你覺得邊句最自然？或者你想試下用特定主題（例如食物、動物）再創作多幾句？ [end of text]


