<|channel>thought
<channel|>呢個挑戰好有趣！你提供嘅句子都係由六個字組成，而且每個字嘅聲調（1至6聲）都有特定嘅排列。

我試下模仿你嘅格式，寫幾句唔同聲調組合嘅廣東話：

**1. 聲調組合：[1, 2, 3, 4, 5, 6] (由高到低排列)**
- **天藍色海浪湧** (tin1 laam4 sik1 hoi2 long6 jung2)
- *註：呢句雖然係由 1 到 6，但廣東話語感上比較似係描述風景。*

**2. 聲調組合：[6, 5, 4, 3, 2, 1] (由低到高排列)**
- **食完飯去睇戲** (sik6 jyun4 faan6 heoi3 tai2 hei3)
- *註：呢句係好生活化嘅日常對話。*

**3. 聲調組合：[2, 2, 2, 2, 2, 2] (全平聲/中平調)**
- **西街街邊街市** (sai1 gaai1 gaai1 bin1 gaai1 si5) 
- *（咦，呢句太難搵全平聲，我改返做接近嘅：）*
- **西街街邊細街** (sai1 gaai1 gaai1 bin1 sai3 gaai1) -> *唔好意思，廣東話好難搵六個字全部係同一個聲調。*

**再試下寫幾句更有意義、聲調變化較大嘅：**

**4. 聲調組合：[3, 1, 4, 2, 6, 5]**
- **水池邊睇大龍** (seoi2 ci4 bin1 tai2 daai6 lung4)
- *（雖然語法略顯生硬，但聲調有變化。）*

**5. 聲調組合：[1, 6, 3, 2, 5, 4]**
- **新屋仔好靚呀** (san1 uk1 zai2 hou2 leng3 aa3)
- *（呢句比較自然，用嚟讚美新屋。）*

**總結你嘅規律：**
你嘅句子其實好似係一種「聲調拼圖」。如果你想我針對某個特定嘅聲調組合（例如：1-2-3-4-5-6）嚟寫，你可以話我知，我會再努力搵啲更自然嘅句子！ [end of text]


