 <|im_start|>user
呢度有幾句廣東話，有六隻字，聲調由 1 至 6

- 七碗半牛腩麵 (cat1 wun2 bun3 ngau4 naam5 min6)
- 三嬸過勞養病 (saam1 sam2 gwo3 lou4 joeng5 beng6)
- 仙子過年禮待 (sin1 zi2 gwo3 nin4 lai5 doi6)

不如你又試下自己寫幾句。
<|im_end|>
<|im_start|>assistant
這邊有幾句我自己想出的廣東話，聲調由 1 至 6：

- 唔識你是誰呀 (maak6 jyut6 nei5 seoi5 jyut6 ja)
- 我哋係你媽媽哋 (ngo4 di1 hai6 nei5 ma maa1 di1)
- 你家有啱啱啱啱 (ngo4 gaai2 you6 cou2 cou2 cou2)

你可以試試看寫幾句自己的廣東話。
<|im_end|>

<|im_start|>user
我家有啱啱啱啱。
<|im_end|>

<|im_start|>assistant
好的，你的廣東話是：“我家有啱啱啱啱。”
<|im_end|>

<|im_start|>user
我唔知是誰呀。
<|im_end|>

<|im_start|>assistant
好的，你的廣東話是：“我唔知是誰呀。”
<|im_end|>

<|im_start|>user
我哋係你媽媽哋。
<|im_end|>

<|im_start|>assistant
好的，你的廣東話是：“我哋係你媽媽哋。”
<|im_end|>

<|im_start|>user
你家有啱啱啱啱。
<|im_end|>

<|im_start|>assistant
好的，你的廣東話是：“你家有啱啱啱啱。”
<|im_end|>
<|im_start|>user
你家有啱啱啱啱。
<|im_end|>

<|im_start|>assistant
好的，你的廣東話是：“你家有啱啱啱啱。”
<|im_end|>

<|im_start|>user
七碗半牛腩麵。
<|im_end|>

<|im_start|>assistant
好的，你的廣東話是：“七碗半牛腩麵。”
<|im_end|>

<|im_start|>user
仙子過年禮待。
<|im_end|>

<|im_start|>assistant
好的，你的廣東話是：“仙子過年禮待。”
<|im_end|>

<|im_start|>user
三嬸過勞養病。
<|im_end|>

<|im_start|>assistant
好的，你的廣東話是：“三嬸過勞養病。”
<|im_end|>
<|im_start|>user
我聽唔聽到你講過廣東話。
<|im_end|>

<|im_start|>assistant
好的，你的廣東話是：“我聽唔聽到你講過廣東話。”
<|im_end|>
<|im_start|>user
你聽唔聽到我講過廣東話。
<|im_end|>

<|im_start|>assistant
好的，你的廣東話是：“你聽唔聽到我講過廣東話。”
<|im_end|>

<|im_start|>user
你家有啱啱啱啱。
<|im_end|>

<|im_start|>assistant
好的，你的廣東話是：“你家有啱啱啱啱。”
<|im_end|>

<|im_start|>user
你家有啱啱啱啱。
<|im_end|>

<|im_start|>assistant
好的，你的廣東話是：“你家有啱啱啱啱。”
<|im_end|>

<|im_start|>user
你家有啱啱啱啱。
<|im_end|>

<|im_start|>assistant
好的，你的廣東話是：“你家有啱啱啱啱。”
<|im_end|>

<|im_start|>user
我唔知是誰呀。
<|im_end|>

<|im_start|>assistant
好的，你的廣東話是：“我唔知是誰呀。”
<|im_end|>

<|im_start|>user
我哋係你媽媽哋。
<|im_end|>

<|im_start|>assistant
好的，你的廣東話是：“我哋係你媽媽哋。”
<|im_end|>

<|im_start|>user
七碗半牛腩麵。
<|im_end|>

<|im_start|>assistant
好的，你的廣東話是：“七碗半牛腩麵。”
<|im_end|>

<|im_start|>user
仙子過年禮待。
<|im_end|>

<|im_start|>assistant
好的，你的廣東話是：“仙子過年禮待。”
<|im_end|>

<|im_start|>user
三嬸過勞養病。
<|im_end|>

<|im_start|>assistant
好的，你的廣東話是：“三嬸過勞養病。”
<|im_end|>

<|im_start|>user
我聽唔聽到你講過廣東話。
<|im_end|>

<|im_start|>assistant
好的，你的廣東話是：“我聽唔聽到你講過廣東話。”
<|im_end|>

<|im_start|>user
你聽唔聽到我講過廣東話。
<|im_end|>

<|im_start|>assistant
好的，你的廣東話是：“你聽唔聽到我講過廣東話。”
<|im_end|>

<|im_start|>user
你家有啱啱啱啱。
<|im_end|>

<|im_start|>assistant
好的，你的廣東話是：“你家有啱啱啱啱。”
<|im_end|>

<|im_start|>user
你家有啱啱啱啱。
<|im_end|>

<|im_start|>assistant
好的，你的廣東話是：“你家有啱啱啱啱。”
<|im_end|>

<|im_start|>user
你家有啱啱啱啱。
<|im_end|>

<|im_start|>assistant
好的，你的廣東話是：“你家有啱啱啱啱。”
<|im_end|>

<|im_start|>user
我唔知是誰呀。
<|im_end|>

<|im_start|>assistant
好的，你的廣東話是：“我唔知是誰呀。”
<|im_end|>

<|im_start|>user
我哋係你媽媽哋。

我聽唔聽到你講過廣東話。
<|im_end|>

<|im_start|>assistant
好的，你的廣東話是：“我哋係你媽媽哋。 我聽唔聽到你講過廣東話。”
<|im_end|>

<|im_start|>user
七碗半牛腩麵。
<|im_end|>

<|im_start|>assistant
好的，你的廣東話是：“七碗半牛腩麵。”
<|im_end|>

<|im_start|>user
仙子過年禮待。
<|im_end|>

<|im_start|>assistant
好的，你的廣東話是：“仙子過年禮待。”
<|im_end|>

<|im_start|>user
三嬸過勞養病。
<|im_end|>

<|im_start|>assistant
好的，你的廣東話是：“三嬸過勞養病。”
<|im_end|>

<|im_start|>user
你家有啱啱啱啱。
<|im_end|>

<|im_start|>assistant
好的，你的廣東話是：“你家有啱啱啱啱。”
<|im_end|>

<|im_start|>user
你家有啱啱啱啱。
<|im_end|>

<|im_start|>assistant
好的，你的廣東話是：“你家有啱啱啱啱。”
<|im_end|>

<|im_start|>user
你家有啱啱啱啱。
<|im_end|>

<|im_start|>assistant

好的，你的廣東話是：“你家有啱啱啱啱。”

<|im_end|>

<|im_start|>user
我唔知是誰呀。
<|im_end|>

<|im_start|>assistant
好的，你的廣東話是：“我唔知是誰呀。”
<|im_end|>

<|im_start|>user
我哋係你媽媽哋。
<|im_end|>

<|im_start|>assistant
好的，你的廣東話是：“我哋係你媽媽哋。”
<|im_end|>

<|im_start|>user
七碗半牛腩麵。
<|im_end|>

<|im_start|>assistant
好的，你的廣東話是：“七碗半牛腩麵。”
<|im_end|>

<|im_start|>user
仙子過年禮待。
<|im_end|>

<|im_start|>assistant
好的，你的廣東話是：“仙子過年禮待。”
<|im_end|>

<|im_start|>user
三嬸過勞養病。
<|im_end|>

<|im_start|>assistant
好的，你的廣東話是：“三嬸過勞養病。”
<|im_end|>

<|im_start|>user
你聽唔聽到我講過廣東話。
<|im_end|>

<|im_start|>assistant
好的，你的廣東話是：“你聽唔聽到我講過廣東話。”
<|im_end|>

<|im_start|>user
你聽唔聽到我講過廣東話。
<|im_end|>

<|im_start|>assistant
好的，你的廣東話是：“你聽唔聽到我講過廣東話。”
<|im_end|>

<|im_start|>user
你家有啱啱啱啱。
<|im_end|>

<|im_start|>assistant
好的，你的廣東話是：“你家有啱啱啱啱。”
<|im_end|>

<|im_start|>user
你家有啱啱啱啱。
<|im_end|>

<|im_start|>assistant
好的，你的廣東話是：“你家有啱啱啱啱。”
<|im_end|>

<|im_start|>user
你家有啱啱啱啱。
<|im_end|>

<|im_start|>assistant
好的，你的廣東話是：“你家有啱啱啱啱。”
<|im_end|>

<|im_start|>user
我唔知是誰呀。
<|im_end|>

<|im_start|>assistant
好的，你的廣東話是：“我唔知是誰呀。”
<|im_end|>

<|im_start|>user
我哋係你媽媽哋。
<|im_end|>

<|im_start|>assistant
好的，你的廣東話是：“我哋係你媽媽哋。”
<|im_end|>

<|im_start|>user
七碗半牛腩麵。
<|im_end|>

<|im_start|>assistant
好的，你的廣東話是：“七碗半牛腩麵。”
<|im_end|>

<|im_start|>user