以下是幾句符合要求的廣東話六字句，聲調由 1 至 6 階序排列：

1. **七碗半牛腩麵** (cat1 wun2 bun3 ngau4 naam5 min6)  
   - 七碗半 (7碗半)：聲調 1-2-3-4-5-6  
   - 牛腩麵 (ngau4 naam5 min6)：聲調 1-2-3-4-5-6  

2. **三嬸過勞養病** (saam1 sam2 gwo3 lou4 joeng5 beng6)  
   - 三嬸 (3聲)：聲調 1  
   - 過勞 (gwo3 lou4)：聲調 2-3  
   - 補病 (joeng5 beng6)：聲調 4-5-6  

3. **仙子過年禮待** (sin1 zi2 gwo3 nin4 lai5 doi6)  
   - 仙子 (sin1 zi2)：聲調 1-2  
   - 過年 (gwo3 nin4)：聲調 3-4  
   - 礼待 (lai5 doi6)：聲調 5-6  

4. **一枝花** (jat1 zai1 faa1)  
   - 一枝 (1-2)：聲調 1-2  
   - 花 (faa1)：聲調 3  

5. **兩頭牛** (loeng5 tau4 ngau4)  
   - 兩頭 (2-3)：聲調 1-2  
   - 牛 (ngau4)：聲調 3  

6. **三條龍** (saam1 zau6 long4)  
   - 三條 (3-4)：聲調 1-2  
   - 龍 (long4)：聲調 3  

7. **五條龍** (ng5 zau6 long4)  
   - 五條 (5-6)：聲調 1-2  
   - 龍 (long4)：聲調 3  

8. **七碗半** (cat1 wun2 bun3 ngau4 naam5 min6)  
   - 七碗半 (7碗半)：聲調 1-2-3-4-5-6  

9. **三聲過** (saam1 saan1 gwo3)  
   - 三聲 (3聲)：聲調 1  
   - 過 (gwo3)：聲調 2-3  

10. **五聲過** (ng5 saan1 gwo3)  
    - 五聲 (5聲)：聲調 1-2  
    - 過 (gwo3)：聲調 3  

**注意**：部分句子因語境或方言差異，聲調可能略有調整，但基本符合「聲調由 1 至 6 階序排列」的要求。 [end of text]


