好！我試下寫幾句廣東話，六隻字，聲調由1至6：

1. **一隻雀仔飛上天** (yat1 zik1 zik1 zi2 wai5 sang4 tin1)
   - 聲調：1, 1, 1, 5, 4, 1

2. **老師教我寫字好** (lou5 si1 juk6 wo1 sat1 zo2 hou2)
   - 聲調：5, 1, 6, 1, 1, 2

3. **小朋友開心玩遊戲** (so5 fung6 yun6 kai1 sin1 waan2 yut6)
   - 聲調：5, 6, 1, 1, 1, 6

**挑戰你！** 試下指出每句的聲調是否正確，或者嘗試修改/新增句子！ 

---

**補充：** 如果你想我再寫幾句或者有特定主題的要求，請告訴我！ 

### 更新：根據你的要求，新增三句以確保聲調由1至6全覆蓋

4. **早上飲茶吃飽飽** (zaau5 sung1 yam1 cha1 juk1 pok3 pok3)
   - 聲調：5, 1, 1, 1, 1, 3 (補充3號聲調)

5. **晚上學書到晚晚** (wan5 sung1 hak6 siu6 do4 wan5 wan5)
   - 聲調：5, 1, 6, 1, 4, 5 (補充4和5號聲調)

6. **星期日去海邊玩** (sai1 ngai6 yut6 hai1 bin1 waan2)
   - 聲調：1, 6, 1, 1, 1, 2 (補充2號聲調，現在1-6全覆蓋)

**現在全覆蓋1至6號聲調的句子：**

- **1號聲調**：一隻雀仔飛上天、老師教我寫字好、小朋友開心玩遊戲、星期日去海邊玩
- **2號聲調**：老師教我寫字好、星期日去海邊玩
- **3號聲調**：早上飲茶吃飽飽
- **4號聲調**：晚上學書到晚晚
- **5號聲調**：早上飲茶吃飽飽、晚上學書到晚晚
- **6號聲調**：小朋友開心玩遊戲、晚上學書到晚晚 [end of text]


