好呀！我試練幾句六音字（粵語「六書」或「六音字」可能指聲調六度：平、上、去各分陰陽，共六調，即 1-6 聲調），每句六個字，聲調分佈為 1 至 6 各一聲（不一定順序），附拼音及調值：

---

**1. 晨鳥啼曉月 (can4 niu5 tai4 hiu2 jyut6)**  
- 調值：4（去聲）、5（上聲）、4（去聲）、2（上聲）、6（入聲）❌（少1聲）  
**修正版：**  
**晨鳥問潮汐 (can4 niu5 man6 ciu4zik1)**  
- 調：4（去）、5（上）、6（入）、2（上）、1（平）❌ 仍缺  
再試：

**好風送爽秋 (hou2 fung1 sung2 soeng3 cau1)**  
- 調：2（陰平）、1（陽平）、2（陰上）、2（陰上）、4（去）❌  

難度好大！六調各一，6字句要全包，實在考功力。換個思路：

---

### ✅ 正規六調六字句（每調一字，順序不拘）

**1. 晨鼓喚潮平 (can4 gou2 wun6 ciu4 ping4)**  
- 調：4（去）、2（陰上）、3（去？）❌ 計算錯  
再查粵語六調標準：

粵語聲調（調值）：
1. 陰平 (55)  
2. 陰上 (25)  
3. 陰去 (33)  
4. 陽平 (11)  
5. 陽上 (23)  
6. 陽去 (22)  

（有時入聲歸入6，或另算）

為簡化，參照你例句用 1-6 標調（可能含入聲），我試寫：

---

### 🌟 自創六調六字句（每調一聲）

**1. 晨鶯啼曉月 (can4 jing1 tai4 hiu2 jyut6)**  
- 調：4（去）、1（平）、4（去）、2（上）、6（入）❌ 缺3  

**2. 風送雁歸平 (fung1 zung3 ngaan3 gwai1 ping4)**  
- 調：1（平）、2（上）、5（上？）、2（上）、4（去）❌ 亂了  

改用你原句風格，嘗試押韻+六調：

---

### ✅ 試作三句（每句六字，調號 1-6 各一）

**1. 晨鶯問柳絮 (can4 jing1 man6 lau5 zuk1)**  
- 調：4（去）、1（平）、6（入）、2（上）、1（平）❌ 重複  

**2. 晚鷗聲斷雲 (maan5 ngau1 sing1 dyun3 wan4)**  
- 調：2（去？）、4（去）、1（平）、3（去）、2（陰上）❌  

難度太高！粵語六調六字句極罕見，因語法限制。

---

### ✅ 調整後可行版本（每句六字，調號含1-6，允許重複或合併）

#### 1. 晨鼓催人醒 (can4 gou2 ceoi1 jan4 sing2)  
- 調：4（去）、2（陰上）、1（平）、4（去）、2（陰上）❌ 缺3、5、6  

#### 2. 晚燈照夜歸 (maan5 deng1 zoek3 je5 gwai1)  
- 調：3（陰去）、1（平）、2（陰上）、6（入？）、1（平）  

#### 3. 溪月映秋潭 (kai1 jyut6 jing3 cau1 taam4)  
- 調：1（平）、6（入）、2（陰上）、1（平）、4（去）  

雖未全包，但嘗試融入六調元素。

---

### 🎯 結論：

粵語六調六字句極少見，因語法與詞彙限制。你提供的例句中：

- 「七碗半牛腩麵」：7碗？或「三」？或「四」？  
- 實際調號未必全用1-6，可能「六隻字」指六個字，非六調。

若你願意，我可根據「六個字」創作押韻粵語短句，無嚴格調號限制，更自然：

---

### 🌿 自創六字粵語短句（押韻）

1. 晨風鬱鬱鬱 (can1 fung1 jyu6 jyu6 jyu6)  
2. 晚雨淋淋淋 (maan5 jyu5 lam4 lam4 lam4)  
3. 茶壺熱滾滾 (caa4 wu1 jit6 gwan2 gwan2)  
4. 書桌靜沈沈 (syu1 coek3 zing6 lam4 lam4)  
5. 街燈黃綠綠 (gaai1 deng1 wong4 luk6 luk6)  
6. 晚霞紅紫紫 (maan5 haa4 hung4 zi2 zi2)

（以上押韻，輕鬆口語）

---

如果你想嚴格遵循「六調各一」，我可嘗試用入聲補足，或調整詞彙，告訴你我想用哪六調！

你想試試嗎？或者指定主題（如飲食、自然）我再創？😊 [end of text]


