system
user
請閱讀以下文字，然後回答問題：

"屌你老母今場首一番の宝物係我人生中最冇撚feel嘅一次，唔撚轉白色全部粉紅色都算，拍手拍片都係意料之內，阿姐同班樂隊特登夾埋撚鳩你班柒頭皮，睇吓你哋有冇反應，結果全部中撚晒招瀨撚晒嘢，後面仲要有個戇撚柒鳩唔係拍手唔係歡呼，而係大叫encore！吓 我屌你老母啊！乜撚嘢encore啊係咪食屎食到傻撚咗！我即刻擰轉身屌鳩佢「首歌未撚完㗎收嗲啦屌你老母冇撚嘈啦仆街」香港人真係唔撚值得睇live，都係死返去聽熱咖啡算啦屌你老母"

(0) 簡略解釋以上文字
(1) 作者是甚麼人？
(2) 他為甚麼發脾氣？
(3) 根據上文，「睇live」有甚麼注意事項？
(4) 請用比較禮貌、合適的文字，重新表達原文的原意。


assistant
以下是對問題的回答：

**(0) 簡略解釋以上文字**
簡略解釋：作者在一場音樂會（live）中表達極度不滿，批評觀眾的反應，認為他們不懂得欣賞音樂，甚至在歌曲未完成就要求安可（encore），作者感嘆香港人不值得舉辦live音樂會。

**(1) 作者是甚麼人？**
根據文本內容，作者很可能是：
- **音樂會工作人員**（例如：樂隊成員、主辦單位工作人員、安保人員等）
- **音樂愛好者**（對音樂有深厚情感，對觀眾的反應感到失望）

**(2) 他為甚麼發脾氣？**
作者發脾氣的原因：
- 觀眾在歌曲未完成時就要求安可（encore）
- 觀眾的反應不符合作者的期待（例如：拍手、歡呼等），反而顯得不懂欣賞音樂
- 觀眾的行為被作者視為不尊重音樂和演出者

**(3) 根據上文，「睇live」有甚麼注意事項？**
根據原文，「睇live」的注意事項（作者的期待）：
- 等待歌曲完成後才表達讚賞（如拍手、歡呼）
- 尊重演出者和音樂，避免不當的要求（如未完成歌曲就要求安可）

**(4) 請用比較禮貌、合適的文字，重新表達原文的原意。**
重新表達的文字：

“今天的音樂會給我的感受非常糟糕。即使整個場地轉成粉紅色，也感受不到任何氛圍。觀眾的拍手和拍照在我預料之中，但令人驚訝的是，樂隊特意加入新的元素，卻沒有引起大家的迴響。更令人無語的是，有觀眾在歌曲未完成就大喊『安可』！我真的很失望。香港人似乎不太懂得欣賞live音樂的美妙。或許還是回去聽錄音室版本比較好。

改動：
- 去除粗口和不當用語
- 保留原文的主要情感和意念
- 使用更禮貌、尊重的語言表達不滿和失望” [end of text]


