好的，我會根據提供的文字逐一回答問題。首先，我需要理解這段文字的內容和語境。這段文字使用了大量粵語口語和粗俗用語，描述了一場現場演出（live）的經歷，作者對觀眾的行為感到非常不滿。

---

### **(0) 簡略解釋以上文字**  
作者描述了一場現場演出（可能是音樂會或演唱會）的經歷，對觀眾的行為感到極度不滿。觀眾在演出中拍手、拍片、大叫encore，甚至有人在演出未完時就大喊，作者認為這些行為擾亂了演出，對香港人「睇live」的態度感到失望，並用粗俗語言表達憤怒。

---

### **(1) 作者是甚麼人？**  
從語境推測，作者可能是**演出者**（如樂隊成員、歌手）或**現場工作人員**，因為他對觀眾的行為有直接反應（如「即刻擰轉身屌鳩佢」），並對演出過程有掌控感（如「首歌未撚完」），顯示他與演出有直接關係。

---

### **(2) 他為甚麼發脾氣？**  
作者發脾氣的原因是：  
- 觀眾在演出中行為失當（拍手、拍片、大叫encore），打擾演出。  
- 有人在歌曲未完時就大喊encore，顯示不尊重演出者。  
- 作者認為香港人「睇live」的態度差，缺乏基本禮貌，令他感到失望和憤怒。

---

### **(3) 根據上文，「睇live」有甚麼注意事項？**  
根據作者的抱怨，「睇live」的注意事項包括：  
- 不要在演出中過度拍手或拍片，避免干擾演出者。  
- 不要在歌曲未完時大喊encore，尊重演出流程。  
- 保持基本禮貌，避免影響他人和演出者的情緒。

---

### **(4) 請用比較禮貌、合適的文字，重新表達原文的原意。**  

以下是一種禮貌、合適的重述版本：

> 今天這場演出是我人生中少數感到非常不舒服的一次。原本希望觀眾能專注欣賞，但現場有不少人不斷拍手、拍片，甚至有人在歌曲未結束時就大喊encore，令人感到被打擾。其中一位觀眾在演出未完時大聲叫喊，完全沒有尊重演出者。我當下感到非常失望，認為香港人對「睇live」的態度有待改善，應該更重視現場的禮貌與尊重，而不是只顧自己。

---

希望以上回答能清楚解答你的問題！如果需要進一步調整語氣或補充細節，也可以告訴我。 [end of text]


