user
請閱讀以下文字，然後回答問題：

"屌你老母今場首一番の宝物係我人生中最冇撚feel嘅一次，唔撚轉白色全部粉紅色都算，拍手拍片都係意料之內，阿姐同班樂隊特登夾埋撚鳩你班柒頭皮，睇吓你哋有冇反應，結果全部中撚晒招瀨撚晒嘢，後面仲要有個戇撚柒鳩唔係拍手唔係歡呼，而係大叫encore！吓 我屌你老母啊！乜撚嘢encore啊係咪食屎食到傻撚咗！我即刻擰轉身屌鳩佢「首歌未撚完㗎收嗲啦屌你老母冇撚嘈啦仆街」香港人真係唔撚值得睇live，都係死返去聽熱咖啡算啦屌你老母"

(0) 簡略解釋以上文字
(1) 作者是甚麼人？
(2) 他為甚麼發脾氣？
(3) 根據上文，「睇live」有甚麼注意事項？
(4) 請用比較禮貌、合適的文字，重新表達原文的原意。



model
好的，我們來逐一回答你的問題：

**(0) 簡略解釋以上文字**

這段文字是作者對某場Live演唱會的極度憤怒和失望的描述。他對演唱會的表現感到非常失望，認為演唱會的安排和行為令人不滿，甚至表達了強烈的憤怒和不耐煩。

**(1) 作者是甚麼人？**

作者是香港人，根據文字的語氣和表達方式，可以推斷出他是一位經歷過生活挫折、對社會和人際關係感到不滿的年輕人。

**(2) 他為甚麼發脾氣？**

作者發脾氣的原因是：

*   **Live演唱會的安排不合理：** 他認為演唱會的安排有欺騙性，例如夾埋「柒頭皮」等，讓他感到不舒服和不信任。
*   **演唱會表現不佳：** 他對演唱會的表現感到失望，認為演唱會的表演沒有達到預期，甚至出現了不合理行為。
*   **對Live演唱會的體驗感到不滿：** 他認為Live演唱會的體驗不值得，甚至想逃避。

**(3) 根據上文，「睇live」有甚麼注意事項？**

根據文字，作者對於Live演唱會的「睇live」有以下注意事項：

*   **注意演唱會的安排：** 他對演唱會的安排感到不滿，認為演唱會的安排有欺騙性。
*   **注意演唱會的表演：** 他對演唱會的表演感到失望，認為演唱會的表演沒有達到預期。
*   **注意演唱會的秩序：** 他對演唱會的秩序感到不滿，認為演唱會的行為有不合理。

**(4) 請用比較禮貌、合適的文字，重新表達原文的原意**

“我對這場Live演唱會感到非常失望，演唱會的安排和表演都讓我感到不滿。我認為演唱會的安排有欺騙性，而且演唱會的表演也未能達到我的期望。我希望未來能有更好的Live演唱會體驗。”

希望以上回答對您有所幫助！ [end of text]


