user
請閱讀以下文字，然後回答問題：

"屌你老母今場首一番の宝物係我人生中最冇撚feel嘅一次，唔撚轉白色全部粉紅色都算，拍手拍片都係意料之內，阿姐同班樂隊特登夾埋撚鳩你班柒頭皮，睇吓你哋有冇反應，結果全部中撚晒招瀨撚晒嘢，後面仲要有個戇撚柒鳩唔係拍手唔係歡呼，而係大叫encore！吓 我屌你老母啊！乜撚嘢encore啊係咪食屎食到傻撚咗！我即刻擰轉身屌鳩佢「首歌未撚完㗎收嗲啦屌你老母冇撚嘈啦仆街」香港人真係唔撚值得睇live，都係死返去聽熱咖啡算啦屌你老母"

(0) 簡略解釋以上文字
(1) 作者是甚麼人？
(2) 他為甚麼發脾氣？
(3) 根據上文，「睇live」有甚麼注意事項？
(4) 請用比較禮貌、合適的文字，重新表達原文的原意。



assistant
(0) 簡略解釋以上文字：
這段文字描述了一位表演者在演唱會上遇到觀眾不當行為的情況。他提到這是他人生中最不開心的一次演出，因為觀眾的反應不符合他的預期。他特別提到一位觀眾在歌曲還沒結束時大喊「encore」，讓他非常生氣，並對香港觀眾的素質表示不滿。

(1) 作者是甚麼人？
作者是一位表演者，可能是一位歌手或樂團成員。

(2) 他為甚麼發脾氣？
他發脾氣的原因是因為觀眾在歌曲還沒結束時大喊「encore」，這讓他感到非常不滿和失望，認為觀眾沒有尊重他的表演。

(3) 根據上文，「睇live」有甚麼注意事項？
根據上文，「睇live」時應該注意以下幾點：
- 尊重表演者的演出，不要在歌曲還沒結束時大喊「encore」或其他干擾表演的行為。
- 配合表演者的節奏，不要做出不合時宜的反應。
- 保持良好的觀眾素質，不要做出擾亂現場秩序的行為。

(4) 請用比較禮貌、合適的文字，重新表達原文的原意。
這是我人生中最不開心的一次演出。觀眾的反應並不符合我的預期，即使我特意與樂隊配合，希望引發觀眾的反應，但結果並不如我所願。更糟糕的是，有一位觀眾在歌曲還沒結束時大喊「encore」，這讓我非常生氣。我立刻轉身對他說：「這首歌還沒結束，請不要吵鬧。」我認為香港觀眾在觀看現場表演時需要更加尊重表演者，而不是只聽錄音版的歌曲。 [end of text]


