
嗯，用户给了一个任务，让我分析一段粤语的文字，然后回答四个问题。首先，我需要仔细阅读这段文字，理解它的意思和语气。

这段文字看起来充满了粗俗的语言和抱怨，作者似乎对某个现场表演的经历非常不满。里面提到了“屌你老母”、“撚”等词汇，这些都是粗俗用语，显示出作者的愤怒和不满情绪。

接下来，我要逐一回答问题：

0. 首先，简略解释文字内容。作者在抱怨某个现场表演的经历，感觉非常糟糕，观众反应不好，甚至有人喊encore，觉得香港人不值得看live，建议他们去听录音室的音乐。

1. 作者是谁？看起来像是一个观众，可能是个乐队成员，因为他提到了“阿姐同班樂隊”，可能他本身是乐队的一员，或者至少是与乐队有关系的人。

2. 他为什么生气？因为现场观众的反应不好，拍手拍照，甚至有人在演出中喊encore，打断了表演，觉得观众不尊重演出，表现不够好，所以生气。

3. 根据文中，“睇live”需要注意什么？应该是不要随便拍手拍照，尊重演出，不要打断表演，给演员足够的空间完成表演。

4. 用礼貌的文字重新表达原意。需要把粗俗的语言转换成礼貌的表达，同时保留原意，即表达对现场观众行为的不满和建议观众更尊重演出。

现在，我需要确保每个问题都回答准确，并且语言要自然，不使用任何markdown格式。同时，思考过程要详细，展示出我是如何一步步分析和回答的。
</think>

(0) 簡略解釋以上文字：  
這段文字描述了一個人在看現場表演（live）的經驗，但感覺非常糟糕。他抱怨現場觀眾的反應不好，拍手、拍照等行為讓他很不爽，甚至有人大叫「encore」，他覺得這種行為很無聊和不禮貌，最後他罵人說香港人不值得看live，建議他們去聽錄音室的音樂。

(1) 作者是甚麼人？  
作者可能是一個樂隊成員或與樂隊有關的人，因為他提到「阿姐同班樂隊」。

(2) 他為甚麼發脾氣？  
他發脾氣的原因是因為現場觀眾的反應不好，拍手、拍照等行為讓他覺得不專業，甚至有人在演出中大叫「encore」，他覺得這種行為很無聊和不禮貌。

(3) 根據上文，「睇live」有甚麼注意事項？  
根據上文，「睇live」時應該注意不要隨便拍手、拍照，應該尊重演出，不要打斷表演。

(4) 請用比較禮貌、合適的文字，重新表達原文的原意：  
這次的live表演是我人生中最糟糕的經驗，現場觀眾的反應非常差，拍手和拍照的聲音讓我很煎熬，甚至有人大叫「encore」，這種行為非常不禮貌和無聊。我覺得香港人不值得看live，建議大家去聽錄音室的音樂會更好。 [end of text]


