這段文字充滿了粗口與情緒化表達，以下為您逐一解答：

**(0) 簡略解釋以上文字**
作者參加了一場音樂會，對現場觀眾的反應感到極度失望。他原本期待觀眾能安靜欣賞或正常鼓掌，但觀眾卻過度興奮、大聲喧嘩，甚至有人在大聲要求「encore」（再唱一首）。作者認為這種行為破壞了演出體驗，因此情緒爆發，用極度粗俗的語言表達對香港觀眾聽現場音樂習慣的強烈不滿。

**(1) 作者是甚麼人？**
從文中內容推斷，作者是一位**音樂表演者**（可能是歌手、樂隊成員或樂團主唱）。
*   依據：文中提到「我人生中最冇撚 feel 嘅一次」（指演出狀態不佳）、「阿姐同班樂隊」（指自己的團隊）、「首歌未撚完」（指正在演唱中）。

**(2) 他為甚麼發脾氣？**
作者發脾氣主要有以下三個原因：
1.  **演出體驗極差**：他認為這是自己人生中感覺最糟糕的一次演出（「冇撚 feel」）。
2.  **觀眾反應過度且失禮**：觀眾不僅拍手拍照，還有人大聲尖叫要求「encore」，這打斷了演出流程，讓作者覺得被冒犯（「收嗲啦」、「冇撚嘈啦」）。
3.  **對香港觀眾的失望**：作者認為香港觀眾聽現場音樂（live）的習慣不好，認為他們應該像聽熱咖啡一樣安靜，而不是如此喧鬧。

**(3) 根據上文，「睇 live」有甚麼注意事項？**
*注意：此問題是基於作者**錯誤且極度負面**的觀點提出的。原文中作者認為的「注意事項」其實是**他認為觀眾不該做的行為**。*

根據作者的觀點，聽現場音樂（睇 live）時應遵守以下規則（即他認為觀眾**不該**做的事）：
*   **保持安靜**：不要大聲喧嘩或尖叫。
*   **控制鼓掌時機**：不要在歌曲未結束時過度鼓掌或要求 Encore。
*   **不要破壞演出氛圍**：作者認為觀眾應像聽熱咖啡一樣安靜欣賞，而非製造噪音。

*(註：現實生活中，現場音樂會通常鼓勵觀眾在適當時候鼓掌和歡呼，作者在此處表達的是對特定情境下過度喧鬧的反感，而非客觀的聽歌指南。)*

**(4) 請用比較禮貌、合適的文字，重新表達原文的原意。**

> 「這次演出對我來說，感覺非常糟糕，是我音樂生涯中體驗最差的一次。如果觀眾不能保持安靜，哪怕只是換成粉紅色燈光也無法讓我感到愉悅。
>
> 原本以為大家會安靜欣賞或適度鼓掌，結果阿姐和樂隊成員都不得不夾著耳朵聽，因為現場太吵了。更令人意外的是，後排有位觀眾在歌曲尚未結束時，不僅不鼓掌，反而大聲尖叫要求「Encore」。
>
> 這種情況讓我感到非常不適，我不得不轉身對那位觀眾說：「歌曲還沒唱完，請安靜下來，不要干擾演出。」
>
> 這次經歷讓我對現場音樂會產生了很大的懷疑，我認為如果觀眾無法保持基本的禮貌與安靜，那麼現場音樂會確實難以欣賞，甚至不如在家聽聽熱咖啡來得自在。」 [end of text]


