好的，我將根據你提供的文字，分別回答你的問題。

---

### (0) 簡略解釋以上文字

這段文字是一個口述或文案，描述了一個人（用“屌你老母”代稱）在某場首演或首次出場時，獲得了一個非常震撼、意外甚至令人無法反應的“宝物”（比如一首特別震撼的歌曲或珠寶）。這個宝物的震撼程度，比以往的任何紅色或粉紅事件都更厲害。班上的同學和樂隊也特別為她做了裝飾，但她卻沒有反應，而全場人都看到了她的震撼表情，接著她就像一個熱狂的受験者一樣，大聲喊“encore！”（再唱一遍！），這讓人更震驚，因為她本來應該沒有在這樣的場合大聲叫，但卻這樣做了。最後，作者用幽默的語氣表達，香港人（或觀眾）其實沒有必要再去看這樣的“live”（即直播或現場）內容，因為這真的很“傻”了。

---

### (1) 作者是誰？

作者的身份在文中沒有明確指出，但從語氣和用詞來看，這可能是一個網路文憶或社交媒體上的人，也可能是一個年輕人，用幽默的語言表達自己對某人震撼的感受。有的可能是一位音樂愛好者或經常參與網路流媒體的人。

---

### (2) 他為什麼發脾氣？

作者發脾氣是因為某人（用“屌你老母”稱）在一場首次出場或特別場合，獲得了極度震撼的“宝物”或震撼經驗，超過了以往任何紅色或粉紅的事情都不能比較。這個人在應該被驚訝或保持冷靜的情況下，卻大聲喊“encore！”，顯示出一種超出預期的熱情或激情，這讓作者視之為“傻”或不實，因此有點感到無聊或幽默地批評這個情景。

---

### (3) 根據上文，「睇live」有什麼注意事項？

“睇live”這個詞指的是觀看直播或現場演出的實際情況。文中提到，這種“live”內容其實沒有必要再被觀看，因為這個場合的表現違反了常態或預期，反而显得“傻”或不對。具體來說，注意事項包括：

- 直播或現場內容可能因人情緒而大相径庭，不必一定符合觀眾的預期。
- 某些情況下，人可能因情緒激熱而行為不自覺，甚至變得更“傻”或突然。
- 觀眾如果只追求激情或震撼，可能忽略了場合的對象或對方的本來意圖。
- 建議只當真正有意義或有價值的場合去觀看“live”，而不是因為震撼或激情而盲目參觀。

---

### (4) 用比較禮貌、合適的語言，重新表達原文的原意

當然可以。以下是對原文原意的比較禮貌且合適的表達：

> “在某場首次出場或特別場合，某位女性（用語上稱‘屌你老母’）獲得了一個非常震撼且超出過往任何紅色或粉紅事件的‘珠寶’或震撼經驗。班上的同學和樂隊為她裝飾了特別的元素，但她卻沒有表現出自己的驚訝或激情，而全場人都注意到了她的神經風靡。她然後，顯然受到刺激後，像一個熱狂受験者一樣，大聲呼喊『再唱一遍！』（encore），這讓人更感到驚訝，因為她本來應該保持冷靜或不表現這樣的情緒。最終，作者以幽默的語氣表示，香港人（或觀眾）其實沒有必要再去看這樣的直播或現場內容，因為這種表現其實是有些不對的，甚至有點可笑。”

---

如需更

