### **Critique of the Paragraph (English)**

#### **Overview of the Situation**
The speaker appears to be a **young person (likely in their late teens or early 20s)** who is struggling with **job hunting in Hong Kong’s competitive labor market**. Here’s a breakdown of their situation:

1. **Personal Background & Challenges**
   - **Lack of Experience & Education**: The speaker admits they have **no work experience** and **no formal qualifications** (學歷), which are major barriers in Hong Kong’s job market.
   - **Financial Pressure**: They mention needing **cash salary (現金糧)**, a common practice in Hong Kong where companies offer upfront cash payments (often as a form of "training wage" or incentive) to attract job seekers, especially for entry-level or unskilled roles.
   - **Self-Doubt & Frustration**: They feel **unqualified** for jobs, even those offering cash salaries, and question why companies would hire them despite their lack of experience.

2. **Market Reality & Perception**
   - The speaker believes the **job market is oversaturated**—many people are unemployed or underemployed, and companies exploit this by offering low wages (辛苦污糟冇前景人工低).
   - They blame **themselves** for their situation, feeling like they have **no choice** but to accept poor conditions (e.g., low pay, no future prospects).
   - They reference their own **early entry into the workforce** (starting work at 13), suggesting they come from a **humble background** and may have had to work since a young age, possibly in informal or low-skilled jobs.

3. **Key Problem(s)**
   - **Structural Barriers**: Hong Kong’s job market is **rigid**, favoring those with **degrees, experience, or connections (關係)**. Without these, entry-level jobs are scarce.
   - **Cash Salary as a Trap**: While cash salaries seem appealing, they often lead to **exploitative conditions** (e.g., unpaid overtime, no benefits, low long-term prospects).
   - **Self-Fulfilling Prophecy**: The speaker assumes they are **unhireable**, reinforcing their lack of confidence and reducing their chances of securing even basic jobs.

4. **Conclusion (Self-Blame & Pessimism)**
   - The speaker concludes that **the problem isn’t the job market or companies—it’s the people (themselves)**. They believe that **if more people were "better" (had experience/education), they could get hired**, but since they don’t, they’re stuck.
   - This reflects a **blame-the-victim mentality**, ignoring systemic issues like **education gaps, lack of vocational training, and corporate exploitation**.

---

### **Analysis of the Conclusion**
**Do I agree with their conclusion?**
**No, not entirely.** Here’s why:

#### **1. The Problem is Not Just "The People"**
- **Systemic Issues**:
  - Hong Kong’s education system **overemphasizes academic degrees** (e.g., BA, MA) while **undervaluing vocational skills**. Many jobs (e.g., trades, customer service, tech support) don’t require degrees but still pay poorly.
  - **Corporate Culture**: Many companies **prefer to hire graduates** (even for menial jobs) because they assume experience is only gained through formal education. This creates a **self-reinforcing cycle** where uneducated workers are excluded.
  - **Wage Stagnation**: Due to **low unionization and weak labor laws**, companies can **pay rock-bottom wages** (e.g., $15K–$20K/month for entry-level jobs) and still find applicants, especially among desperate job seekers.

- **Cash Salary Exploitation**:
  - Cash salaries are often **not a real wage** but a **trap**. Many companies use them to **avoid paying benefits, overtime, or long-term salaries**, then dump workers once they’ve "trained" them.
  - Example: A **retail or hospitality job** offering a cash salary of $10K/month might later **cut hours, demand unpaid overtime, or not pay bonuses**, leaving workers worse off than if they had taken a stable but lower-paying job.

#### **2. The Speaker’s Self-Blame is Misplaced**
- **Experience ≠ Only Formal Jobs**:
  - The speaker says they have **no experience**, but **real-world skills** (e.g., customer service, basic admin, manual labor) are **transferable**. Many jobs don’t require a degree—just **reliability and willingness to learn**.
  - Example: A **fast-food manager** or **warehouse worker** might not need a degree but can **earn $20K–$30K/month** with benefits. The issue is **access to these jobs**, not the jobs themselves.

- **Networking & Alternative Paths**:
  - The speaker mentions **no connections (關係)**, which is a **huge barrier** in Hong Kong. Many jobs are filled through **word of mouth or recruitment agencies**, not public job postings.
  - **Vocational Training & Certifications**: Programs like **TVE (Technical and Vocational Education)** or **industry-specific courses** (e.g., IT, construction, nursing) can **open doors** without a degree.
  - **Part-Time/Informal Work**: Many young people start with **part-time jobs, gig work (e.g., food delivery, cleaning), or family businesses** to **build experience and savings** before applying for better roles.

#### **3. The Market is Not "Oversaturated" in a Way That Justifies Exploitation**
- **Demand vs. Supply**:
  - Yes, **many people are unemployed**, but **many jobs still go unfilled** because:
    - Companies **prefer to hire graduates** even for low-skilled roles.
    - **Foreign workers** (especially in construction, hospitality, and domestic work) **compete with locals** for jobs, keeping wages low.
    - **Automation & outsourcing** reduce the need for certain roles, while **new jobs (e.g., tech, green energy) require different skills**.
  - The real issue is **mismatch between skills and job requirements**, not just **too many people**.

- **Why Companies Offer Cash Salaries**:
  - **Cheap Labor**: Cash salaries allow companies to **avoid paying benefits, pensions, or long-term salaries**.
  - **Exploiting Desperation**: Many job seekers (especially young people with no savings) **take cash salaries because they have no other option**, then get stuck in **low-wage, no-benefit jobs**.
  - **Short-Term Gains**: Companies **train workers cheaply**, then **fire them after a few months** to avoid paying long-term wages.

#### **4. A More Constructive Perspective**
Instead of blaming themselves, the speaker could:
✅ **Focus on Transferable Skills** – Even without a degree, **reliability, communication, and basic computer skills** are valuable.
✅ **Start with Entry-Level Jobs** – Many **stable jobs (e.g., retail, admin, warehouse work) pay $20K–$30K/month** with benefits. The key is **applying consistently** and **networking**.
✅ **Consider Vocational Training** – Programs like **TVE, IT courses, or language training** can **open doors** to better-paying jobs.
✅ **Avoid Cash Salary Traps** – If a job offers **only a cash salary with no benefits**, it’s likely **exploitative**. Better to take a **stable but lower-paying job** that offers **long-term security**.
✅ **Build a Network** – Many jobs come from **word of mouth**. Attending **job fairs, LinkedIn networking, or joining industry groups** can help.
✅ **Consider Alternative Paths** – If traditional jobs are hard to get, **freelancing, gig work, or starting a small business** (even part-time) can **generate income** while building experience.

---
### **Final Verdict**
The speaker’s **frustration is valid

