### 1. 人物與整體情況概述

*   **人物身份**：一位約 13 歲的少年（文中自稱「阿叔」，但實際年齡約 13 歲，可能是筆誤或口誤，下文將以實際年齡「少年」指代）。他目前處於**失業**狀態，且面臨經濟壓力。
*   **整體情況**：他正在經歷一段艱難的求職期。他已經嘗試了多次，但始終未能找到工作。他目前沒有收入，需要依靠父母（文中提到「搵現金糧」）維生。
*   **遇到的問題**：
    1.  **市場競爭激烈**：他觀察到現在有很多年輕人（「靚仔靚妹」）都在找工作，導致競爭非常激烈。
    2.  **公司招聘策略問題**：他認為公司為了吸引年輕人，往往提供現金補貼（「現金糧」），但這些年輕人往往缺乏經驗和學歷，導致公司招來的人員素質不高。
    3.  **自身條件不足**：他明確指出自己「冇經驗」、「冇學歷」，這是他無法通過普通招聘渠道的原因。
    4.  **經濟壓力**：他需要父母提供現金補貼，這增加了他的生活負擔。
*   **問題成因分析**：
    *   **市場供需失衡**：年輕人就業機會多，但同時缺乏相應的經驗和學歷，導致招聘方（公司）在篩選人才時變得謹慎。
    *   **教育與技能脫節**：年輕人可能缺乏實際的職業技能，導致即使被錄用，也難以在短期内胜任工作。
    *   **經濟環境**：文中提到「人工低令阿叔我 13 歲已經出嚟做嘢完全都唔介意」，暗示當時的社會經濟環境可能導致年輕人的就業門檻降低，但也可能意味著工作機會本身較少或質量較低。

### 2. 對結論的評價

**我完全同意他的結論。**

他的分析邏輯清晰，切中要害，主要基於以下幾個理由：

1.  **歸因準確**：他沒有將問題單純歸咎於「公司舖頭 offer 唔夠」，而是進一步指出根本原因是「啲人有問題」（即缺乏經驗和學歷）。這是一個非常深刻且符合現實的洞察。
2.  **邏輯自洽**：他指出了「現金糧」作為招聘手段的雙刃劍效應——雖然降低了門檻，但也可能篩選掉了真正有潛力但缺乏資歷的候選人，導致公司招來的人員素質下降。
3.  **自我認知清晰**：他誠實地承認了自身條件（無經驗、無學歷）是導致無法入職的硬傷，並坦然接受這是「根本上冇選擇」的現實，沒有逃避或推卸責任。
4.  **社會洞察**：他觀察到「市場咁多人」、「請咗你又話辛苦污糟冇前景」，這反映了當前年輕人在就業市場中面臨的普遍困境，即「有學無證」或「有證無證」的兩難局勢。

**總結來說**，這位少年的觀察不僅僅是個人遭遇，更是當前社會青年就業難題的一個縮影。他的結論不僅合理，而且具有高度的現實意義，提醒我們不能只關注表面的招聘廣告，而應深入思考人才培養與市場需求的匹配問題。 [end of text]


