這段文字是一位年長人士（可能是中年或長者）對當前香港年輕人「難找工作」現象的強烈反應，語氣充滿憤怒、失望與「過來人」的批判。以下為客觀分析：

---

### **一、人物背景與整體處境（Who & What）**

- **人物身份**：一位年長的香港人（可能為中年或長者），有過艱苦的年輕時期（「13歲已經出嚟做嘢」），親身經歷過經濟艱難時期，靠低學歷、低年齡的體力勞動維生。
- **整體處境**：他處於一種「過來人」的道德優越感中，認為當今年輕人「嬌生慣養」、「條件差還挑三揀四」，與他年輕時「13歲出嚟做嘢」的艱苦經歷形成強烈對比。
- 他認為當今年輕人「條件差」（無經驗、無學歷）卻還「挑工」、「要現金糧」，是「自身有問題」，而非市場或經濟結構問題。

---

### **二、他遇到的問題（Problem）是什麼？**

1. **認知落差**：他將自己1970–80年代「13歲做苦工」的時代經驗，當作普世標準，忽略了社會結構、經濟模式、教育制度、生活成本的巨變。
   - 1970年代：工廠、建築、小販是主流，學歷不重要，工時長但生活成本低。
   - 2020年代：服務業、文職、科技為主，學歷與技能成門檻，生活成本（尤其住房）高企，年輕人月薪2萬仍難維生。

2. **他誤將「個人奮鬥」當作「社會正義」**  
   他認為「我13歲做苦工都無怨言，你們為何要挑？」——這是一種「我吃過苦，所以你們也該吃」的道德優越感，卻忽略了**社會條件已根本改變**。

3. **他誤解「現金糧」的本質**  
   他認為「公司要用現金糧吸引人，是求職者有問題」——但現實是：
   - 許多基層職位（清潔、倉務、保安）工時長、壓力大、無保障，年輕人寧願做外送、網紅、兼職，也不願做「污糟」基層工。
   - 「現金糧」是公司為吸引人而提高的**誘因**，不是「求職者貪心」，而是**職位吸引力不足**的市場反應。

---

### **三、我是否同意他的結論？**

**完全不同意。**

他的結論是：「**唔係公司offer唔夠，係根本上啲人有問題**」——這是一種**道德化、個人化、忽略結構性問題**的錯誤歸因。

#### 為什麼錯？
1. **時代不同**：1970年代工廠多、基層工時雖長但工資相對生活成本低，且有上升通道（如進工廠、學技藝）。今天基層職位多為「低薪、高壓、無保障、無發展」，年輕人自然卻步。
2. **「現金糧」不是貪心，是市場失靈的補償**：公司開高薪，是因為招不到人。這不是求職者「有問題」，而是**職位本身缺乏吸引力**（工時長、無保障、無發展、社會地位低）。
3. **道德批判忽略結構性問題**：他把「我當年13歲做苦工」當作普世標準，卻忽略：
   - 今天13歲是義務教育年齡，法律禁止童工；
   - 社會價值觀已變：年輕人追求「工作與生活平衡」、「尊嚴」、「發展」，而非單純「有工做」；
   - 基層職位長期被忽視：無保障、無晉升、無社會尊重，公司卻想用「現金糧」補償，這不是「貪」，是**市場失靈的最後補救**。

---

### ✅ 結論：我完全不同意他的結論

他把**個人經歷的道德優越感**，當作評判整個社會的標準，卻忽略了：
- **時代變了**（教育、法律、價值觀）；
- **結構性問題**（基層職位缺乏尊嚴、保障、發展）；
- 「現金糧」不是年輕人貪心，而是**市場對低吸引力職位的最後補償機制**。

他不是在「批判年輕人」，而是在**拒絕理解時代的變遷**。  
真正的問題不是「年輕人有問題」，而是**社會長期忽視基層勞動者的尊嚴與保障**，導致職位無人問津，卻怪年輕人「不夠努力」。

**這不是年輕人的問題，是社會的問題。**

---

### 💬 最後一句總結（粵語）：
> 「你當年13歲出嚟做嘢，係因為冇選擇；而家啲後生仔唔做，係因為社會冇俾佢哋尊重同希望。唔係佢哋懶，係社會冇做足。」 [end of text]


