### 客觀情況概述：

這段話的發言者是一位自稱「阿叔」的年長勞動者，年約50歲以上，從13歲起便開始工作，擁有豐富的基層勞動經驗。他觀察到現今年輕人（「靚仔靚妹」）抱怨「搵唔到工」，並對此提出批評。他認為問題不在公司提供的條件（如現金糧、人工低、環境艱苦），而在求職者自身條件不足——缺乏經驗、學歷，卻要求高薪或優厚待遇。他主張：市場競爭激烈，若自身條件不達標，本就「冇得選擇」；而他個人因早年出社會打拼，對低薪、辛苦工作「完全唔介意」，因此認為現今就業困難的根源在求職者，而非雇主。

### 核心問題分析：

1. **求職者困境**：年輕人抱怨找不到工作，尤其在低技術門檻崗位（如服務業、勞動工種）出現「勞工荒」現象。
2. **雇主策略**：公司以「現金糧」（即時發薪、短期高薪誘因）吸引求職者，反映傳統工作條件（穩定性、前景、福利）吸引力下降。
3. **發言者觀點**：認為年輕人「條件唔配合」（無經驗、無學歷）卻挑剔，是導致就業難的主因；強調個人適應力與低期望值的重要性，並以自身經歷佐證「肯做就有工開」。

### 結論評估與是否同意：

**不同意其結論**，但認同部分現象觀察。

#### 不同意之處：
1. **簡化問題成因**：將「搵唔到工」歸咎於個人條件不足，忽略結構性因素：
   - **勞動價值被低估**：許多基層工種工資長期偏低，通脹上升下實質購買力下降，難以吸引年輕人。
   - **工作環境與尊嚴需求提升**：新一代更重視工作意義、安全、心理健康，而非單純「肯捱」；「辛苦污糟冇前景」若長期無改善，合理拒絕並非「有問題」。
   - **教育與就業錯配**：大學普及化後，青年期望職業與市場提供的低技術崗位落差擴大，非純個人「條件差」，而是社會流動機制失效。

2. **歷史比較不恰當**：
   - 13歲出仕的時代背景不同：經濟增長期、社會保障薄弱、替代選擇少，被迫接受惡劣條件是常態；今日青年有更多選擇權與議價空間，這是社會進步，非「嬌生養死」。
   - 「人工低但肯做就唔介意」忽視世代價值觀轉變：現代勞動者追求工作與生活平衡，這並非缺點，而是文明標準提升。

3. **雇主責任迴避**：
   - 若公司長期依賴「現金糧」招人，卻不改善工作條件、職業發展、員工福利，實質是將成本與風險轉嫁求職者，難以建立穩定勞動關係。

#### 同意的部分：
- 確實存在部分求職者條件與市場需求脫節（如缺乏職業技能、實踐經驗），需自我提升。
- 勞動市場競爭激烈，個人適應力與務實態度重要。

### 總結：

發言者以個人經驗解讀社會現象，情感上反映傳統勞動價值觀，但邏輯上犯了「歸因偏差」——將複雜社會問題簡化為個人責任，忽略經濟結構、勞動權益、世代價值演變等宏觀因素。**不同意其「問題根源在求職者」的結論**，因為健康勞動市場需雙方合理匹配：雇主提供可持續的工作價值，求職者提升競爭力，單方面要求「降低期望」無助長期解決問題。

> 最後一句「根本上啲人有問題」過於簡化，反而阻礙對話——真正的問題，或許是「條件」與「價值」雙方的落差，未被共同承認與解決。 [end of text]


