**Objective Situation Overview (客觀情況分析)**  
這段文字出自一位中年男性（自稱「阿叔」，推測約40–60歲），他觀察到當前年輕人（「靚仔靚妹」）就業困難，公司需提供「現金糧」（即高額現金津貼、入職津貼等激勵措施）才能吸引求職者，但他對此現象持強烈質疑甚至譏諷態度。  

他的核心觀點是：  
- 公司提供高額現金糧，是因為求職者「自身條件差」（無經驗、無學歷）；  
- 他自認13歲已打工，能接受低薪、辛苦、環境差，認為年輕人「不夠努力」或「要求太高」；  
- 他歸因於「求職者本身有問題」，而非市場結構、經濟轉型、教育與職場錯配等系統性因素；  
- 最終結論：「公司不缺工作機會，是年輕人不願做」——即就業難的根源在個人，不在制度。

**他所面對的問題（潛在矛盾與認知盲點）**  
1. **代際與經濟環境差異的忽略**：  
   他13歲打工的1970–80年代，香港處於製造業起飛期，低學歷者仍有大量工廠、碼頭、建築等基層職位；而今天經濟轉向服務業、金融、科技，低技能職位大幅減少，且生活成本（尤其住房）高企，單靠「肯做」已難維生。  
   → 他用自身經驗「以今況古」，忽略時代結構巨變。

2. **混淆「願意做」與「能夠做」**：  
   「現金糧」並非公司「多餘施捨」，而是市場競爭下的必要成本——因勞動力短缺（尤其特定行業如長者照顧、運輸、建築）、青年轉投更高薪/更穩定行業（如政府、金融）、或對工作條件要求提升（工時、安全、尊嚴）。  
   → 他把「公司願意出高津貼」解讀為「求職者懶惰」，實則反映供不應求的勞動市場現實。

3. **對「自身條件」的過度簡化**：  
   「無經驗、無學歷」背後常是系統性弱勢：教育資源不均、職業培訓不足、殘疾/家庭負擔、地域限制（如新界偏遠地區）等。他未考慮「條件差」未必是個人選擇，而是社會資源分配不均的結果。

4. **道德優越感（moral superiority）的誤用**：  
   以「我13歲已肯做」來指責年輕人「嫌東嫌西」，是典型的「幸存者偏差」+「道德綁架」。他忽略了：  
   - 當年童工合法且普遍，今天法律禁止15歲以下工作，且社會對勞工權益（如最低工資、工時保障）要求更高；  
   - 「肯做」不等於「值得做」——若工作環境危險、無發展、薪資無法養活自己，理性選擇是拒絕。

**我是否同意他的結論？**  
**不同意。**  

他的結論「問題在求職者本身」是**過度簡化且誤導性的**。雖然個人準備（如技能、態度）確實影響就業，但將整體就業難題完全歸咎於年輕人，是忽視了以下關鍵現實：  
- **技能錯配**：青年學的專業與市場需求脫節（如文科過剩、技術人才短缺）；  
- **職業尊嚴與工作價值觀轉變**：新一代更重視工作與生活平衡、心理健康、社會意義，不願接受「壓榨式」低薪工作；  
- **經濟結構性轉型**：傳統基層職位消失，而轉型培訓與支援不足；  
- **數據佐證**：根據勞工處統計，近年「長期失业」（15週以上）群組中，不少是「有經驗、有學歷」的中青年，反映問題不在「個人不努力」，而在「結構性失業」。

**更建設性的觀點**：  
與其指責求職者「有問題」，不如思考：  
- 政府與企業能否提供更有效的職業培訓與轉職支援？  
- 「現金糧」是否應轉為「長期發展津貼」（如技能認證補助、學徒薪金）？  
- 如何提升基層工作的尊嚴與可持續性（如合理工資、安全環境、晉升通道）？  

**總結**：  
這位「阿叔」的觀點反映部分中年男性對年輕世代的誤解與代際張力，其核心問題在於**用個人經驗概括整體現實，忽略結構性因素**。就業難是系統性挑戰，需集體反思與政策回應，而非單方面指責求職者「自身有問題」。  

（如需以更簡潔粵語回應，亦可補充。） [end of text]


