### 客觀情況概述 (Objective Situation Overview)

**人物身份與背景：**
這段文字的作者是一位資深的「阿叔」，他自述在 **13 歲** 時已經出社會工作。這意味著他擁有極長的工作經驗，且成長於一個勞動市場與現在截然不同的年代（可能是 70 或 80 年代），當時的社會流動性、教育普及率以及勞動法規與今日大相徑庭。

**整體處境：**
作者正處於一種對當前年輕一代（「靚仔靚妹」）就業狀況感到困惑與不滿的狀態。他觀察到年輕人抱怨找不到工作，甚至要求「現金糧」（即現金津貼或額外福利），但他認為這些要求是不切實際的。

**遇到的問題與原因：**
1.  **代溝與價值觀衝突：** 作者無法理解為何年輕人會因為工作「辛苦、污糟、冇前景、人工低」而拒絕就業。在他看來，這些是工作的常態，不應成為拒絕的理由。
2.  **對「現金糧」的誤解：** 作者認為公司提供現金糧是為了吸引人才，但他反問：如果求職者自身條件（經驗、學歷）不足，公司為何要提供額外福利？他認為這是因果倒置。
3.  **歸因偏差：** 作者將年輕人失業或求職困難的原因，完全歸咎於年輕人自身的「條件不好」（無經驗、無學歷）和「心態問題」（眼高手低、不願吃苦），而忽略了宏觀經濟結構、產業轉型或教育與市場脫節等外部因素。

---

### 對結論的評估 (Critique of the Conclusion)

**結論內容：**
作者的最終結論是：「請唔到人」並非因為公司或市場提供的機會（Offer）不足，而是「根本上啲人有問題」（即求職者自身有問題）。

**是否同意：**
**我不同意這個結論，或者說，這個結論過於片面且缺乏對當代社會結構的客觀分析。**

以下是具體的批判分析：

1.  **忽略了時代背景的劇烈變化：**
    作者以 13 歲出社會的經驗來衡量現在的年輕人，存在嚴重的「時代錯置」。
    *   **教育普及：** 過去 13 歲出社會是常態，現在是義務教育甚至高等教育普及的時代。年輕人擁有更高的學歷，自然對工作環境、薪資和發展前景有更高的期待，這並非單純的「眼高手低」，而是人力資本提升後的合理要求。
    *   **生存成本：** 現在的物價、房價和生活成本遠高於作者年輕時。過去「辛苦污糟」的工作或許能維持溫飽，但在今天，低薪且無保障的工作可能連基本生活都難以維持。

2.  **對「現金糧」與市場供需的誤讀：**
    作者認為「自身條件唔好就冇選擇」，這在理論上成立，但在現實中，許多行業（如餐飲、零售、物流）確實面臨嚴重的「人手短缺」。
    *   公司願意提供「現金糧」或額外福利，恰恰證明了**市場供不應求**。如果年輕人真的「有問題」且完全無法被聘用，公司根本不需要提供額外誘因，直接從大量求職者中挑選即可。
    *   這反映了**結構性失業**：年輕人擁有的技能與市場需要的技能不匹配，或者市場提供的薪資無法吸引具備基本技能的年輕人，而非單純的年輕人「不願工作」。

3.  **過度簡化複雜的經濟問題：**
    將宏觀的就業難題簡化為「個人態度問題」，是一種典型的「受害者有罪論」。
    *   年輕人面臨的是產業升級、自動化取代低技術勞工、以及經濟增長放緩等結構性挑戰。
    *   許多年輕人並非「搵唔到工」，而是「搵唔到**符合期望**的工」。在低薪、高壓且缺乏上升通道的環境下，選擇「寧願不工作」或「繼續升學/轉行」，在經濟學上是一種理性的決策，而非道德或能力上的缺陷。

**總結：**
這位「阿叔」的觀點反映了資深勞動者對年輕一代的焦慮與不理解，但他將結構性的社會經濟問題（如薪資停滯、產業轉型、生活成本上升）完全歸咎於個人的主觀意願，是**不公允且不符合事實**的。

真正的問題不在於「人有問題」，而在於**勞資雙方的預期錯位**以及**社會未能為年輕人提供足夠的、有尊嚴且具發展性的就業機會**。解決之道在於改善勞動環境、提升薪資競爭力以及優化職業培訓，而非單純指責年輕人「不吃苦」。 [end of text]


