 <|im_start|>user
Critique this paragraph. Give an overview of the (objective) situation the person is in, i.e. who is he, what is his overall situation and what problem(s) he has run into, and why. Finally, discuss whether you agree with his conclusion. You may answer in either English or Cantonese.

見到而家啲靚仔靚妹話搵唔到工 其實真係根呻下⋯.又要搵現金糧 知唔知點解公司要用現金糧去吸引啲求職者先？你自身條件都唔配合現金糧你點做呀？自己冇經驗 冇學歷 憑咩人哋請你？即係講真個市場咁多人 真係請咗你又話辛苦污糟冇前景人工低令阿叔我13歲已經出嚟做嘢完全都唔介意以上嘅問題 自身條件唔好就根本上冇選擇 我終於明白到點解而家話請唔到人 唔係公司舖頭offer唔夠係根本上啲人有問題
<|im_end|>
<|im_start|>assistant
This paragraph is about a person who is struggling to find a job. He is frustrated because he cannot find a job despite his efforts. He questions the effectiveness of companies offering cash incentives to attract potential employees, as he feels that his own qualifications may not be suitable for such positions. He also criticizes the job market for being oversaturated with people, making it difficult for him to find a suitable position.

The person concludes that if his own circumstances are not ideal, then he has no choice but to accept the situation and continue searching for a job. He understands that the demand for jobs is high, and that companies are not always able to offer the best opportunities for everyone.

In terms of the conclusion, I agree that it is important for individuals to be realistic about their own qualifications and circumstances when searching for a job. It is also important to recognize that the job market is competitive and that not everyone will find the perfect opportunity. However, it is also important to continue searching and networking in order to find a suitable position that aligns with one's skills and interests.

Overall, the paragraph provides an overview of the person's situation and his struggle to find a job. It also highlights the challenges of the job market and the importance of being realistic about one's own qualifications and circumstances.

In Cantonese:
這段文章講了一個人在找工作的困境。他很擔心自己的資格不適合現金糧的工作。他也批評了市場上人太多，找工作很難。

他的結論是，如果自己的條件不好，就只能接受這樣的情況，繼續找工作。他理解市場需求很高，公司不一定能為每個人提供最好的機會。

我同意結論的主要思想，即人應該對自己的資格和條件有實際的認識，並且在找工作時要繼續努力和網絡，以找到適合自己技能和興趣的工作。然而，這段文章也強調了市場競爭的困難性，以及對自己資格和條件的實際認識的重要性。

總的來說，這段文章描述了一個人的情況和他找工作的困境。它也強調市場的挑戰和對自己資格和條件的認識的重要性。

In English:
This paragraph is about a person who is struggling to find a job. He is frustrated because he cannot find a job despite his efforts. He questions the effectiveness of companies offering cash incentives to attract potential employees, as he feels that his own qualifications may not be suitable for such positions. He also criticizes the job market for being oversaturated with people, making it difficult for him to find a suitable position.

The person concludes that if his own circumstances are not ideal, then he has no choice but to accept the situation and continue searching for a job. He understands that the demand for jobs is high, and that companies are not always able to offer the best opportunities for everyone.

In terms of the conclusion, I agree that it is important for individuals to be realistic about their own qualifications and circumstances when searching for a job. It is also important to recognize that the job market is competitive and that not everyone will find the perfect opportunity. However, it is also important to continue searching and networking in order to find a suitable position that aligns with one's skills and interests.

Overall, the paragraph provides an overview of the person's situation and his struggle to find a job. It also highlights the challenges of the job market and the importance of being realistic about one's own qualifications and circumstances.

In Cantonese:
這段文章講了一個人在找工作的困境。他很擔心自己的資格不適合現金糧的工作。他也批評了市場上人太多，找工作很難。

他的結論是，如果自己的條件不好，就只能接受這樣的情況，繼續找工作。他理解市場需求很高，公司不一定能為每個人提供最好的機會。

我同意結論的主要思想，即人應該對自己的資格和條件有實際的認識，並且在找工作時要繼續努力和網絡，以找到適合自己技能和興趣的工作。然而，這段文章也強調了市場競爭的困難性，以及對自己資格和條件的認識的重要性。

總的來說，這段文章描述了一個人的情況和他找工作的困境。它也強調市場的挑戰和對自己資格和條件的認識的重要性。

In English:
This paragraph is about a person who is struggling to find a job. He is frustrated because he cannot find a job despite his efforts. He questions the effectiveness of companies offering cash incentives to attract potential employees, as he feels that his own qualifications may not be suitable for such positions. He also criticizes the job market for being oversaturated with people, making it difficult for him to find a suitable position.

The person concludes that if his own circumstances are not ideal, then he has no choice but to accept the situation and continue searching for a job. He understands that the demand for jobs is high, and that companies are not always able to offer the best opportunities for everyone.

In terms of the conclusion, I agree that it is important for individuals to be realistic about their own qualifications and circumstances when searching for a job. It is also important to recognize that the job market is competitive and that not everyone will find the perfect opportunity. However, it is also important to continue searching and networking in order to find a suitable position that aligns with one's skills and interests.

Overall, the paragraph provides an overview of the person's situation and his struggle to find a job. It also highlights the challenges of the job market and the importance of being realistic about one's own qualifications and circumstances.

In Cantonese:
這段文章講了一個人在找工作的困境。他很擔心自己的資格不適合現金糧的工作。他也批評了市場上人太多，找工作很難。

他的結論是，如果自己的條件不好，就只能接受這樣的情況，繼續找工作。他理解市場需求很高，公司不一定能為每個人提供最好的機會。

我同意結論的主要思想，即人應該對自己的資格和條件有實際的認識，並且在找工作時要繼續努力和網絡，以找到適合自己技能和興趣的工作。然而，這段文章也強調了市場競爭的困難性，以及對自己資格和條件的認識的重要性。

總的來說，這段文章描述了一個人的情況和他找工作的困境。它也強調市場的挑戰和對自己資格和條件的認識的重要性。

In English:
This paragraph is about a person who is struggling to find a job. He is frustrated because he cannot find a job despite his efforts. He questions the effectiveness of companies offering cash incentives to attract potential employees, as he feels that his own qualifications may not be suitable for such positions. He also criticizes the job market for being oversaturated with people, making it difficult for him to find a suitable position.

The person concludes that if his own circumstances are not ideal, then he has no choice but to accept the situation and continue searching for a job. He understands that the demand for jobs is high, and that companies are not always able to offer the best opportunities for everyone.

In terms of the conclusion, I agree that it is important for individuals to be realistic about their own qualifications and circumstances when searching for a job. It is also important to recognize that the job market is competitive and that not everyone will find the perfect opportunity. However, it is also important to continue searching and networking in order to find a suitable position that aligns with one's skills and interests.

Overall, the paragraph provides an overview of the person's situation and his struggle to find a job. It also highlights the challenges of the job market and the importance of being realistic about one's own qualifications and circumstances.

In Cantonese:
這段文章講了一個人在找工作的困境。他很擔心自己的資格不適合現金糧的工作。他也批評了市場上人太多，找工作很難。

他的結論是，如果自己的條件不好，就只能接受這樣的情況，繼續找工作。他理解市場需求很高，公司不一定能為每個人提供最好的機會。

我同意結論的主要思想，即人應該對自己的資格和條件有實際的認識，並且在找工作時要繼續努力和網絡，以找到適合自己技能和興趣的工作。然而，這段文章也強調了市場競爭的困難性，以及對自己資格和條件的認識的重要性。

總的來說，這段文章描述了一個人的情況和他找工作的困境。它也強調市場的挑戰和對自己資格和條件的認識的重要性。

In English:
This paragraph is about a person who is struggling to find a job. He is frustrated because he cannot find a job despite his efforts. He questions the effectiveness of companies offering cash incentives to attract potential employees, as he feels that his own qualifications may not be suitable for such positions. He also criticizes the job market for being oversaturated with people, making it difficult for him to find a suitable position.

The person concludes that if his own circumstances are not ideal, then he has no choice but to accept the situation and continue searching for a job. He understands that the demand for jobs is high, and that companies are not always able to offer the best opportunities for everyone.

In terms of the conclusion, I agree that it is important for individuals to be realistic about their own qualifications and circumstances when searching for a job. It is also important to recognize that the job market is competitive and that not everyone will find the perfect opportunity. However, it is also important to continue searching and networking in order to find a suitable position that aligns with one's skills and interests.

Overall, the paragraph provides an overview of the person's situation and his struggle to find a job. It also highlights the challenges of the job market and the importance of being realistic about one's own qualifications and circumstances.

In Cantonese:
這段文章講了一個人在找工作的困境。他很擔心自己的資格不適合現金糧的工作。他也批評了市場上人太多，找工作很難。

他的結論是，如果自己的條件不好，就只能接受這樣的情況，繼續找工作。他理解市場需求很高，公司不一定能為每個人提供最好的機會。

我同意結論的主要思想，即人應該對自己的資格和條件有實際的認識，並且在找工作時要繼續努力和網絡，以找到適合自己技能和興趣的工作。然而，這段文章也強調了市場競爭的困難性，以及對自己資格和條件的認識的重要性。

總的來說，這段文章描述了一個人的情況和他找工作的困境。它也強調市場的挑戰和對自己資格和條件的認識的重要性。

In English:
This paragraph is about a person who is struggling to find a job. He is frustrated because he cannot find a job despite his efforts. He questions the effectiveness of companies offering cash incentives to attract potential employees, as he feels that his own qualifications may not be suitable for such positions. He also criticizes the job market for being oversaturated with people, making it difficult for him to find a suitable position.

The person concludes that if his own circumstances are not ideal, then he has no choice but to accept the situation and continue searching for a job. He understands that the demand for jobs is high, and that companies are not always able to offer the best opportunities for everyone.

In terms of the conclusion, I agree that it is important for individuals to be realistic about their own qualifications and circumstances when searching for a job. It is also important to recognize that the job market is competitive and that not everyone will find the perfect opportunity. However, it is also important to continue searching and networking in order to find a suitable position that aligns with one's skills and interests.

Overall, the paragraph provides an overview of the person's situation and his struggle to find a job. It also highlights the challenges of the job market and the importance of being realistic about one's own qualifications and circumstances.

In Cantonese:
這段文章講了一個人在找工作的困境。他很擔心自己的資格不適合現金糧的工作。他也批評了市場上人太多，找工作很難。

他的結論是，如果自己的條件不好，就只能接受這樣的情況，繼續找工作。他理解市場需求很高，公司不一定能為每個人提供最好的機會。

我同意結論的主要思想，即人應該對自己的資格和條件有實際的認識，並且在找工作時要繼續努力和網絡，以找到適合自己技能和興趣的工作。然而，這段文章也強調了市場競爭的困難性，以及對自己資格和條件的認識的重要性。

總的來說，這段文章