Here is a critique of the paragraph, broken down into the objective situation, the underlying problems, and an evaluation of the author's conclusion.

### 1. Overview of the Objective Situation

**Who is he?**
The author identifies himself as an older generation worker ("阿叔" - Uncle), who entered the workforce at the age of 13. This suggests he likely belongs to the post-war or early baby boomer generation, or at least someone who grew up in a time when child labor or early entry into the workforce was common and accepted. He positions himself as someone who has "survived" the harsh realities of the labor market through hard work and low expectations.

**What is his overall situation?**
He is observing the current job market, specifically the complaints from young people ("靚仔靚妹" - handsome boys and pretty girls, a colloquial term for young adults) who claim they cannot find jobs. He perceives a disconnect between the young people's demands (specifically for "cash wages" or immediate cash payments, often implying informal or gig economy work, or simply high immediate liquidity) and their actual qualifications.

**What problem(s) has he run into, and why?**
*   **The Problem:** He believes there is a mismatch between what young job seekers want (cash wages, presumably higher pay or specific payment terms) and what they offer (no experience, no degrees). He feels that young people are complaining ("根呻" - complaining/grumbling) without understanding the market reality.
*   **Why:** He attributes this to a lack of self-awareness among the youth. He argues that companies only offer "cash wages" (likely referring to lower-tier, informal, or high-turnover roles) to attract those who have no other options. Since the youth lack experience and education, they are not in a position to negotiate better terms. He contrasts this with his own experience: at 13, he was willing to accept hard, dirty, low-prospect, low-pay work because he had no choice. He concludes that the "labor shortage" is not due to companies offering bad deals, but because the workers themselves are "problematic" (unrealistic or unqualified).

### 2. Critique of the Argument

The paragraph is a classic example of **generational bias** and **survivorship bias**, mixed with a misunderstanding of modern economic structures.

#### Strengths (Valid Points):
*   **Market Reality:** It is true that entry-level jobs often require a trade-off. If you have no experience or credentials, your bargaining power is low.
*   **Supply and Demand:** The author correctly identifies that if many people are competing for few jobs, employers can be selective.

#### Weaknesses (Flaws in Logic):
1.  **Misunderstanding "Cash Wages" (現金糧):**
    *   The author seems to view "cash wages" as a special perk or a sign of a good job. In reality, in many modern contexts (especially in Hong Kong or similar economies), "cash wages" often refer to **informal, unregulated, or precarious work** (e.g., part-time, gig economy, under-the-table jobs) that lack social security, insurance, or legal protection. Young people might be seeking these out of desperation, not because they are "greedy."
    *   Alternatively, if he means "high cash salary," he ignores that inflation and cost of living have skyrocketed since he was 13. A salary that was "low" in the 1970s/80s might be equivalent to a much higher nominal figure today, but the *purchasing power* relative to housing and living costs is vastly different.

2.  **Survivorship Bias:**
    *   He says, "I started working at 13 and didn't mind hard work." This is his personal experience, but it doesn't mean it was a *good* or *fair* system. It means he was exploited or had no safety net. Using his own hardship as a benchmark for what others *should* accept is a logical fallacy. Just because he survived doesn't mean the system was just.

3.  **Ignoring Structural Changes:**
    *   **Education Inflation:** Today, many jobs that required no degree in the past now require at least a bachelor's degree due to credential inflation. Young people *have* degrees, but the market has shifted.
    *   **Cost of Living:** The author ignores that the cost of housing, education, and healthcare is exponentially higher now. "Low pay" that was survivable in the past may be unlivable today.
    *   **Job Nature:** Modern jobs often require different skills (digital literacy, soft skills) that weren't relevant when he started at 13.

4.  **Victim Blaming:**
    *   He concludes that "the people have problems" (workers are at fault). This ignores systemic issues like wage stagnation, lack of social mobility, and the gig economy's erosion of worker rights. It’s easier to blame the individual than to critique the system.

### 3. Do I Agree with His Conclusion?

**No, I do not agree with his conclusion.**

His conclusion — *"It's not that companies offer bad deals; it's that the workers themselves are problematic"* — is overly simplistic and largely incorrect.

**Reasons for Disagreement:**

1.  **The "Labor Shortage" is Real and Structural:** Many industries (caregiving, logistics, hospitality) face genuine labor shortages because wages have not kept pace with inflation and the cost of living. Workers are not "problematic"; they are rationally choosing not to work for wages that don't cover basic needs.
2.  **Generational Context Matters:** Comparing a 13-year-old worker in the mid-20th century to a 20-something today is apples to oranges. The social contract, legal protections, and economic expectations have changed. What was "normal" then is often considered exploitative now.
3.  **Misdiagnosis of the Problem:** The issue isn't that young people are lazy or entitled. It's that the entry-level job market is broken. Many young people are overqualified for low-wage jobs but underqualified for high-wage ones due to a mismatch in skills and education.
4.  **"Cash Wages" as a Symptom, Not a Cause:** If young people are seeking cash wages, it may be because they are excluded from formal employment due to lack of experience, not because they are greedy. It’s a symptom of a rigid hiring system, not a character flaw.

**In summary:** The author’s perspective is rooted in a "pull yourself up by your bootstraps" mentality that ignores the structural inequalities and economic changes of the modern world. While personal responsibility is important, blaming workers for systemic failures is unfair and inaccurate. The problem is not that "people have problems," but that the job market has become more competitive, expensive, and precarious, requiring a more nuanced solution than just "work harder like I did." [end of text]


