**Objective Situation Overview:**

The speaker appears to be an older, working-class Hong Kong man (he mentions starting work at age 13), likely with limited formal education and possibly outdated or manual skills. He is observing or reacting to the current youth unemployment crisis in Hong Kong—specifically, young people struggling to find jobs despite companies offering high cash allowances ("現金糧") to attract applicants.

His core observation is: *Why do companies need to offer high cash incentives to hire young people, when many applicants lack the necessary experience, qualifications, or work ethic?* He contrasts his own early work experience—where he accepted physically demanding, low-status jobs with no complaints—with what he perceives as today’s youth being unwilling to accept “hard, dirty, and low-paid” work with limited prospects.

He concludes that the real problem isn’t a shortage of job openings (i.e., “not enough offers”), but rather a perceived deficit in the job seekers themselves—specifically, poor self-assessment, lack of humility, and unrealistic expectations.

---

**Key Problems He Highlights (as he sees them):**

1. **Mismatch between expectations and qualifications**: Young job seekers want high cash allowances but lack the experience, education, or soft skills to justify them.
2. **Work ethic concerns**: He implies that today’s youth are unwilling to accept “unpleasant but necessary” entry-level work (e.g., cleaning, manual labor), unlike his generation.
3. **Lack of self-awareness**: He criticizes applicants who overestimate their value without matching credentials or attitude.

---

**Critical Evaluation & Agreement:**

✅ **Partially Valid Observations:**
- There *is* evidence of a skills/expectation mismatch in many labor markets, including Hong Kong. Some young people may have unrealistic salary or role expectations without corresponding experience.
- Employers *do* sometimes use cash allowances (e.g., signing bonuses, high daily rates) to attract applicants for undesirable roles—especially in sectors like construction, logistics, or elderly care where turnover is high and conditions are tough.

❌ **Problematic Assumptions & Oversimplifications:**
- **Structural factors ignored**: The speaker overlooks macroeconomic and structural issues—e.g., Hong Kong’s economic slowdown, declining manufacturing, over-reliance on finance/tourism, automation, and the impact of geopolitical tensions on youth employment. Many graduates face saturated markets in fields like humanities or social sciences.
- **Generational bias**: Portraying all young people as “lazy” or “entitled” ignores systemic barriers: rising housing costs, stagnant wages, and the fact that many young people *do* take up such jobs (e.g., delivery riders, warehouse workers) but may leave quickly due to poor conditions—not attitude.
- **“No choice” fallacy**: While the speaker says “if your conditions are poor, you have no choice,” this ignores how *opportunity structures* shape choices. A 13-year-old in the 1970s had very different life options than a 22-year-old today—especially with rising education expectations and cost of living.
- **Misdiagnosis of “no offers”**: The claim that “there are enough offers, but people refuse them” is often a myth. In reality, youth unemployment in Hong Kong has hovered around 6–8% (higher for 15–24 age group), and many jobs remain unfilled *not* because applicants reject them, but because:
  - Jobs require specific certifications or language skills not widely held.
  - Commuting time/cost is prohibitive.
  - Employers set unrealistic requirements (e.g., “3 years’ experience for a first-job role”).

---

**Conclusion: Do I agree with his conclusion?**

**Partially—but with strong caveats.**  
Yes, individual readiness, attitude, and self-awareness matter. But blaming *only* job seekers ignores how labor markets are shaped by policy, globalization, education systems, and corporate practices. A more constructive view would be:  
> *“Some young people face real structural barriers, and some employers set unrealistic expectations. Solutions require both personal responsibility *and* systemic reform—e.g., better vocational training, fairer hiring practices, and wage subsidies for entry-level roles—not just criticism of the unemployed.”*

His frustration is understandable, but the root cause is likely **a complex interplay of supply, demand, and mismatched expectations**—not just “people having problems.” [end of text]


