Here is a critique of the paragraph, broken down into the objective situation analysis and an evaluation of the conclusion.

### 1. Objective Situation Analysis

**Who is the person?**
The author appears to be an older male (likely in his 40s or 50s, given the reference to being 13 years old when he started working) with a traditional, pragmatic, and perhaps somewhat rigid worldview. He identifies as someone who entered the workforce very young and has likely worked in manual, low-skilled, or "cash-in-hand" sectors throughout his life. He uses the term "阿叔" (Uncle) to refer to himself, signaling a generational gap with the younger generation he is addressing.

**What is his overall situation?**
He is observing the current Hong Kong job market, specifically the phenomenon where young people ("靚仔靚妹" - handsome boys and pretty girls) claim they cannot find employment. He perceives a disconnect between the expectations of these job seekers and the reality of the available jobs, which he characterizes as "cash wages" (likely informal or low-security employment) that are often dirty, tiring, and low-paying.

**What problem(s) has he run into, and why?**
The core conflict he identifies is a **mismatch of expectations versus market reality**:
*   **The Job Seekers' Side:** They are perceived as having low qualifications (no experience, no academic degrees) but are unwilling to accept the conditions of the available jobs (low pay, hard work, lack of prestige). They are also demanding "cash wages" (which the author implies is a trap or a misunderstanding of how the market works).
*   **The Author's Perspective:** He believes the market is flooded with people who are unwilling to work hard. He argues that companies offer cash wages *because* they need to attract workers for these difficult roles, not because the jobs are inherently desirable.
*   **The Root Cause (in his view):** The problem lies with the job seekers' lack of self-awareness regarding their own "poor conditions" (lack of skills/education) and their unwillingness to compromise on job quality. He believes the "hiring freeze" or "labor shortage" is actually a "refusal to work" issue.

### 2. Evaluation of the Conclusion

**The Conclusion:**
The author concludes that the reason companies cannot find staff is not because there are not enough job offers, but because the job seekers themselves have "problems" (i.e., they are unwilling to work hard, lack skills, and have unrealistic expectations). He asserts that if one's conditions are poor, one has "no choice" but to accept whatever is available, citing his own willingness to work since age 13 as proof.

**Do I agree with his conclusion?**
**Partially, but with significant caveats.**

**Where he is right:**
*   **The Reality of Entry-Level Jobs:** It is true that many entry-level jobs in Hong Kong (and globally) are physically demanding, low-paying, and offer little career progression. A lack of qualifications does limit a candidate's bargaining power.
*   **The "Cash Wage" Misconception:** The author correctly points out that "cash wages" are often a feature of the informal sector or industries with high turnover, not necessarily a perk. Expecting high security or benefits from a cash-in-hand job is often unrealistic.
*   **Work Ethic:** A willingness to start from the bottom and work hard is a fundamental requirement for economic survival. The attitude of "I won't work unless the job is perfect" is indeed a barrier for many.

**Where he is wrong or oversimplifying:**
*   **Structural Economic Issues:** The author attributes the problem entirely to individual character flaws ("problems with the people"). He ignores macroeconomic factors such as the high cost of living in Hong Kong, the rising cost of housing, and the fact that even "cash jobs" may not provide enough income to survive in the current economy.
*   **The "Cash Wage" Trap:** He suggests companies use cash wages to *attract* people. In reality, many companies use cash wages to *avoid* paying taxes, social security, and legal benefits. This is a systemic issue, not just a market mechanism. Young people are increasingly aware of labor rights and may be refusing these jobs not out of laziness, but out of a desire for legal protection and fair treatment.
*   **Skills Mismatch vs. Willingness:** The author assumes the problem is purely about "willingness to work." However, there is often a genuine skills mismatch. The jobs available (dirty, manual labor) may not align with the aspirations or the specific skill sets of the younger generation, who may be educated but lack vocational training.
*   **Generational Blind Spot:** While his personal experience (starting at 13) is valid for his time, the economic landscape has changed drastically. The "survival" strategy of the past does not always translate to the present.

**Final Verdict:**
The author's conclusion is **too cynical and individualistic**. While he is correct that a lack of qualifications and a poor work attitude will lead to unemployment, he fails to acknowledge that the current labor market crisis is also driven by structural economic pressures and a shift in societal values regarding labor rights. Blaming the entire issue on "the people having problems" ignores the complexity of the modern economy. The problem is not just that young people are "lazy," but that the jobs available often do not meet the basic economic or dignity standards required for a sustainable life in today's society. [end of text]


