
Alright, I need to critique this paragraph. The user wants an overview of the person's situation, including who he is, his overall situation, and the problems he's facing. Then, I have to decide whether I agree with his conclusion.

Looking at the paragraph provided:

"見到而家啲靚仔靚妹話搵唔到工 其实真係根呻下⋯.又要搵現金糧 知唔知點解公司要用現金糧去吸引啲求職者先？你自身條件都唔配合現金糧你點做呀？自己冇經驗 冇學歷 憑咩人哋請你？即係講真個市場咁多人 真係請咗你又話辛苦污糟冇前景人工低令阿叔我13歲已經出嚟做嘢完全都唔介意以上嘅問題 自身條件唔好就根本上冇選擇 我终于明白到點解而家話請唔到人 唔係公司舖頭offer唔够係根本上啲人有問題"

First, I notice the user is critiquing someone's situation. The paragraph seems to be addressing a situation where someone is struggling with finding a job, perhaps due to low wages or insufficient financial incentives.

The user is critiquing the person's perspective, possibly in a job search context. They mention issues like low wages, insufficient financial incentives, and the difficulty of matching conditions with job requirements.

The critique should include:
- Who is he? Maybe a job seeker or someone in the job market.
- Overall situation: struggling with financial incentives, low wages.
- Problem: difficulty in matching conditions, low chances of employment.
- Why: because of low wages and insufficient incentives.

Then, the conclusion is that the person understands the issues but is not taking action because of poor conditions.

I should respond in English as per instructions. Since the user also asked to provide in either, but since I can choose, I'll go with English.

So, I'll critique the paragraph, then decide agreement or not.

The user also mentioned to answer in either, so I can choose English.

So, the response would be an overview and critique, then agreement or not.

I think I should structure the response accordingly.
</think>

 Critique of the paragraph:

The paragraph presents a critique of a situation where someone is struggling with finding a job due to low wages and insufficient financial incentives. The person is discussing the challenges of attracting job seekers with present-day financial incentives, highlighting difficulties in matching conditions with job requirements. They acknowledge the low wages and the need for more financial incentives to attract professionals.

The overall situation described is that the market often requires high-quality, high-paying jobs, but many individuals face barriers due to low wages and insufficient financial incentives. The person also mentions that they lack experience and education, suggesting that they are seeking advice or guidance from others.

The conclusion is that the person understands the issues but is not taking action because of poor conditions. They also express frustration about the low prospects of many people and the low earning potential of professionals.

In agreement with the conclusion: I agree with the person's understanding of the problem and their frustration about the financial barriers to employment. However, the conclusion could be strengthened by emphasizing the need for more robust financial incentives and better job market strategies to address these issues. The person's final statement about not being able to understand the problem fully and their frustration about the low earning potential is a valid point, but the critique could delve deeper into the systemic issues and the need for systemic change. [end of text]


