Here is a critique of the paragraph, an overview of the situation, and a discussion on the conclusion.

### Critique of the Paragraph

**Writing Style and Tone:**
The paragraph is written in colloquial Cantonese, likely intended for social media or a casual online forum. The tone is aggressive, condescending, and dismissive. The author adopts a "tough love" or "boomer" persona (referring to himself as "Uncle" or "阿叔"), positioning himself as superior to the younger generation.

**Structure and Flow:**
The structure is somewhat chaotic. It starts with a premise (young people complaining about unemployment), moves to a rhetorical question about market value, pivots to a personal anecdote about his own work ethic, and ends with a sweeping generalization. The lack of punctuation makes it read like a breathless rant, which diminishes the clarity of his argument.

**Logical Fallacies:**
The author relies heavily on the **Straw Man fallacy**. He assumes that *all* unemployed young people are refusing work solely because they are lazy or picky about "dirty" jobs, ignoring macroeconomic factors like recessions, skill mismatches, or genuinely low wages that do not match the cost of living. He also commits an **Hasty Generalization** by claiming that the labor shortage is entirely due to flaws in the workforce ("根本上啲人有問題"), rather than flaws in the employers' offerings.

---

### Overview of the Situation

**Who is he?**
The author identifies as an older man ("阿叔") who entered the workforce at the very young age of 13. He likely comes from a generation where survival was the primary motivation, and he views himself as hardworking, resilient, and unpretentious. He is currently employed or employable and seems to look down on those who struggle.

**What is his overall situation?**
He is observing the current trend of young, attractive people ("靚仔靚妹") complaining online that they cannot find jobs. Simultaneously, he sees a market where companies are offering "cash wages" (現金糧)—implying immediate, perhaps daily or weekly cash payouts, often associated with manual labor, service, or gig work—to attract workers.

**What problem has he run into?**
The "problem" from his perspective is not his own, but society's. He is frustrated by the disconnect between the available jobs (which he views as valid opportunities) and the unemployed youth (whom he views as entitled). He is annoyed by their complaints because he believes their lack of "qualifications" (experience, degree) means they have no right to be picky.

**Why?**
He believes this is happening because young people have unrealistic expectations. He argues that if you lack experience and education, you have no bargaining power. He contrasts his own willingness to do "hard, dirty, futureless, low-pay" work with the youth's alleged refusal to do so. He concludes that the hiring crisis isn't a lack of jobs, but a lack of character in the job seekers.

---

### Discussion: Do I agree with his conclusion?

**I do not agree with his conclusion.**

While the author makes a valid point that **expectations must align with qualifications** (i.e., if you have no experience, you cannot expect a high-level executive role immediately), his conclusion that "the people are fundamentally the problem" is an oversimplification of a complex economic issue.

Here is why his conclusion is flawed:

1.  **Economic Reality vs. "Cash Wages":** The author mentions "cash wages" as a major incentive. In the modern economy, "cash wages" often imply a lack of benefits, no insurance, no MPF (pension contributions), and job insecurity. Young people today face high rents and living costs. A job that offers only cash-in-hand without security or a future is often simply not enough to survive, regardless of how hard one works. It is not necessarily "laziness" but a rational calculation of survival.
2.  **The "13 Years Old" Fallacy:** The author compares himself at 13 years old to young people today. This is an unfair comparison. The economic landscape has changed drastically. In the past, a low-education job could still support a family or buy a home. Today, inflation has outpaced wage growth for entry-level jobs. The "hard work" equation no longer yields the same results.
3.  **Structural Issues:** The labor shortage is often caused by poor working conditions (long hours, rude management, low pay) rather than a lack of willing workers. Blaming the supply of labor (the people) ignores the demand side (employers needing to offer better terms).
4.  **Nuance of "Experience":** The author says young people have "no experience." But if no one hires them, how do they get experience? The cycle of entry-level rejection is real, and it is not always because the candidate is arrogant.

In summary, while resilience and humility are important virtues for any job seeker, the author fails to acknowledge that the **job market itself has changed**. The problem is not just that young people are "picky," but that the entry-level jobs available often do not provide a viable living standard in the modern world. [end of text]


