Here is a critique of the paragraph, broken down into the requested sections: an overview of the objective situation, an analysis of the author’s logic, and a discussion on whether I agree with the conclusion.

### 1. Overview of the Objective Situation

**Who is the person?**
The author appears to be an older individual, likely in their 50s or 60s, given the self-reference as "阿叔" (Uncle) and the claim of having started working at age 13. He likely comes from a working-class background and holds traditional views on labor, hierarchy, and employment.

**What is his overall situation?**
He is observing the current job market, specifically the complaints of young job seekers ("靚仔靚妹") who claim they cannot find work. He is not necessarily a job seeker himself but is acting as a commentator or critic of the younger generation’s employment struggles.

**What problem(s) has he run into, and why?**
The "problem" he identifies is not his own, but rather a perceived disconnect between young job seekers and market realities. He believes young people are complaining ("呻") about not finding jobs despite the availability of positions. He attributes this to:
1.  **Unrealistic Expectations:** Young people want "cash wages" (likely implying immediate, high, or flexible pay) without offering the necessary value.
2.  **Lack of Qualifications:** He cites a lack of experience and formal education as fatal flaws.
3.  **Poor Attitude:** He claims young people complain about hard work, dirty conditions, lack of prospects, and low pay, whereas he (starting work at 13) would accept these conditions without complaint.

**Why does he think this is happening?**
He believes the root cause is the job seekers' own deficiencies ("自身條件唔好"). He argues that the market is saturated ("真係請咗你又話..."), and companies are not at fault for not hiring; rather, the applicants are fundamentally unsuitable for the available roles.

---

### 2. Critique and Analysis of the Argument

The paragraph relies heavily on **survivorship bias** and **logical fallacies** to construct its argument.

*   **Survivorship Bias:** The author uses his own experience ("I started at 13 and didn't mind hard work") as the universal standard for success. He ignores the fact that he survived and succeeded *despite* those conditions, not necessarily *because* of them. He fails to account for the fact that many people with similar backgrounds in the past had different economic opportunities or social safety nets.
*   **False Equivalence:** He equates "starting work at 13" with "having no experience/education today." While both may lack formal credentials, the modern economy is vastly more complex. A 13-year-old in the past might have entered manual labor or apprenticeships with clear, albeit low, career ladders. Today, even entry-level roles often require digital literacy, specific soft skills, or at least a minimum educational threshold that was not strictly enforced in the past.
*   **Oversimplification of "Cash Wage":** The term "現金糧" (cash wage) is vague. It could mean immediate payment, high take-home pay, or informal employment. The author assumes that wanting fair compensation is a flaw, rather than a basic economic necessity, especially for those without financial buffers.
*   **Ignoring Structural Issues:** The argument completely dismisses macroeconomic factors such as:
    *   **Skills Mismatch:** The jobs available may not match the skills young people have learned.
    *   **Economic Downturn:** Reduced hiring due to broader economic conditions.
    *   **Rising Cost of Living:** Young people may reject low-wage jobs because they cannot survive on them, whereas the author’s generation may have had lower living costs or different family support structures.

---

### 3. Do I Agree with His Conclusion?

**No, I do not agree with his conclusion.**

While the author is correct that **employers seek value** and that **attitude matters**, his conclusion that "the problem lies entirely with the job seekers" is overly simplistic and ignores systemic realities.

**Reasons for Disagreement:**

1.  **The Market is Not Just About "Willingness to Suffer":**
    Modern employers do not just hire people who are willing to do dirty, hard work for low pay. They hire people who can solve problems, adapt to technology, and contribute to productivity. A lack of education or experience is a genuine barrier in a knowledge-based or service-oriented economy, not just a moral failing.

2.  **Young People Are Not Monolithic:**
    The author generalizes all young job seekers as entitled and unqualified. Many young people are highly educated but face underemployment or unemployment due to structural issues (e.g., automation, gig economy precarity). Blaming them entirely ignores the fact that the *quality* and *availability* of entry-level jobs have changed.

3.  **"Cash Wage" as a Symptom, Not a Cause:**
    If young people are demanding higher or more immediate cash wages, it may be a rational response to inflation and housing costs. The author frames this as greed or laziness, but it is often a survival strategy.

4.  **The "13-Year-Old" Argument is Flawed:**
    Starting work at 13 was common in the past, but it was often due to economic necessity, not choice. Many people who started young did not "succeed" in the way the author implies; many remained in low-wage, precarious jobs for life. Using his personal resilience as a benchmark for everyone else is unfair and ignores the diversity of individual circumstances.

**Conclusion:**
The author’s perspective reflects a traditional, individualistic view of labor: *if you work hard and accept low pay, you will be hired.* While this may have been true in certain sectors or eras, it does not reflect the complexity of today’s job market. The problem is not solely that young people have "bad conditions" or "bad attitudes," but that the **match between their skills/expectations and the available jobs is broken** due to economic, educational, and structural factors. Blaming the job seekers entirely absolves employers and policymakers of their role in creating a more inclusive and adaptive labor market. [end of text]


