user
Critique this paragraph. Give an overview of the (objective) situation the person is in, i.e. who is he, what is his overall situation and what problem(s) he has run into, and why. Finally, discuss whether you agree with his conclusion. You may answer in either English or Cantonese.

見到而家啲靚仔靚妹話搵唔到工 其實真係根呻下⋯.又要搵現金糧 知唔知點解公司要用現金糧去吸引啲求職者先？你自身條件都唔配合現金糧你點做呀？自己冇經驗 冇學歷 憑咩人哋請你？即係講真個市場咁多人 真係請咗你又話辛苦污糟冇前景人工低令阿叔我13歲已經出嚟做嘢完全都唔介意以上嘅問題 自身條件唔好就根本上冇選擇 我終於明白到點解而家話請唔到人 唔係公司舖頭offer唔夠係根本上啲人有問題

assistant
### 概述

**人物背景：**
- 這個人應該是一位有一定工作經驗的成年人，可能已經在職場工作多年。
- 他提到自己13歲就出來工作，表明他有豐富的工作經驗，並且對職場有較深的了解。

**整體情況：**
- 他觀察到現在很多年輕人抱怨找不到工作，特別是那些要求現金工資的工作。
- 他認為這些年輕人自身條件不足，如缺乏經驗和學歷，因此難以找到工作。

**遇到的問題：**
- 他認為年輕人對工作的期望過高，不願意接受低薪、辛苦或沒有前景的工作。
- 他批評這些年輕人不夠務實，沒有意識到自己的條件不足以獲得更好的工作機會。

### 評論

**是否同意他的結論：**
- **部分同意：** 他指出年輕人缺乏經驗和學歷，這確實是很多年輕人找工作時的障礙。在競爭激烈的職場中，這些條件不足的人確實會面臨更多挑戰。
- **部分不同意：** 他對年輕人的批評有些過於苛刻。雖然有些年輕人可能對工作的期望過高，但也有許多年輕人非常努力，只是因為市場環境不佳或行業需求變化而難以找到合適的工作。此外，現金工資的問題可能涉及到法律和勞動權益的保護，並不是所有公司都能合法地提供現金工資。

**建議：**
- 年輕人可以通過提升自己的技能和學歷來增加競爭力，例如參加職業培訓或繼續教育。
- 同時，社會和企業也應該提供更多支持和機會，幫助年輕人更好地融入職場，而不是單純批評他們的條件不足。

總體而言，這個人的觀點有一定的道理，但也需要考慮到年輕人面臨的多方面挑戰。 [end of text]


