<seed:think>
Got it, let's tackle this critique step by step. First, I need to understand the original paragraph. The speaker is an older person (referred to as "阿叔," uncle) who started working at 13. He's commenting on young people ("靚仔靚妹") saying they can't find jobs, dismissing their complaints as "根呻" (whining). He argues that companies offer cash salaries ("現金糧") to attract applicants, but young people don't have the qualifications (experience, education) to deserve them. He claims the real issue isn't low offers but the young people themselves—they're unwilling to do "辛苦污糟冇前景人工低" (hard, dirty, low-paying, no-future jobs) that he didn't mind doing at 13. His conclusion is that companies can't hire because the people (young applicants) have problems, not because the offers aren't good enough.

First, I need to outline the objective situation: Who is the speaker? An older worker with limited early education (started at 13, implying he may have left school young) who values practical experience over formal qualifications. His overall situation: He's likely frustrated by what he sees as young people's entitlement, contrasting his own past resilience with their perceived reluctance. The problems he's addressing (or rather, dismissing): Young people's complaints about job scarcity/hardship. His core argument: Young people's lack of qualifications/ willingness leads to their joblessness, not employer issues.

Next, why does he have this view? Probably because of his own experience: he started working young, faced tough jobs, and sees that as the norm. He may value "getting by" with what's available over demanding better conditions, so he misinterprets young people's complaints as laziness or unrealistic expectations rather than legitimate issues like changing job markets, rising living costs, or insufficient accessible opportunities.

Now, agreement with his conclusion: His conclusion that "companies can't hire because people have problems" is oversimplified. He ignores structural factors: maybe the jobs available are indeed low-paying/poor conditions that don't meet modern living standards (rent, inflation), so young people rightly reject them—not because they're "problematic" but because the jobs aren't sustainable. Also, "現金糧" might be a red herring; maybe companies offer low cash salaries despite requiring skills, or the jobs are unstable. He dismisses education/experience gaps but doesn't consider if young people have limited access to training/professional opportunities (e.g., cost of education, lack of entry-level roles with growth). His own experience is anecdotal—what worked for him at 13 (when living costs were lower, maybe fewer alternatives) isn't applicable now. So, while young people might have some unrealistic expectations, the problem isn't solely on their side; structural issues (job quality, wage stagnation, access to opportunities) play a big role. His conclusion is too one-sided, blaming the individual without considering systemic factors.</seed:think>### **Objective Situation Overview**  
The speaker is an older worker (referred to as "阿叔," or "uncle") who began working at age 13, likely with limited formal education. His core perspective stems from contrasting his own past experience—accepting "辛苦污糟冇前景人工低" (hard, dirty, low-paying, no-future jobs) without complaint—with what he sees as young people’s ("靚仔靚妹") perceived entitlement to better opportunities.  

The "problem" he addresses is young people’s complaints about job scarcity, which he dismisses as "根呻" (unfounded whining). He argues that companies offer "現金糧" (cash salaries) to attract applicants, but young people lack the necessary qualifications (experience, education) to deserve such roles. In his view, the real issue isn’t that employers’ offers are insufficient—it’s that young people themselves are "有問題" (flawed): they refuse to take low-quality jobs that he, as a child, accepted without hesitation.  


### **Why He Holds This View**  
His perspective is rooted in **anecdotal experience** and a focus on individual responsibility:  
- He grew up in a context where starting work young and enduring harsh conditions was the norm (likely due to lower living costs, fewer educational opportunities, or economic necessity).  
- He frames resilience ("唔介意以上嘅問題") as a moral virtue, implying young people’s reluctance to accept such jobs reflects laziness or unrealistic expectations rather than legitimate grievances.  
- He oversimplifies the job market by equating "現金糧" with "good opportunities," ignoring that many low-skill jobs may offer minimal pay despite requiring long hours or difficult conditions.  


### **Agreement with His Conclusion?**  
His conclusion—that companies "請唔到人" (can’t hire) because "啲人有問題" (the people are flawed)—is **oversimplified and one-sided**. Here’s why:  

#### 1. **Ignoring Structural Barriers**  
Modern job markets face systemic issues young people didn’t encounter in the speaker’s era:  
- **Living costs have risen dramatically** (e.g., housing, healthcare), making "低人工" (low wages) unsustainable even for basic needs—young people’s rejection of such jobs isn’t "whining" but economic realism.  
- **Access to education/training is often unequal**: Many young people may lack qualifications not due to laziness, but because of financial barriers (e.g., tuition costs) or limited access to vocational training.  
- **Job quality has declined**: Some "現金糧" roles may be unstable (part-time, gig work) or lack benefits, which young people rightly prioritize over outdated "hard work = virtue" norms.  

#### 2. **Misunderstanding "Unfitness"**  
The speaker assumes young people are "自身條件唔配合" (unqualified) for cash salaries, but he doesn’t consider:  
- Employers may demand unrealistic experience/education for entry-level roles (e.g., requiring a bachelor’s degree for a job that once only needed on-the-job training).  
- "現金糧" can sometimes be a euphemism for low pay—companies may offer cash to avoid benefits (e.g., insurance, pensions), not because the role is valuable.  

#### 3. **Anecdotal vs. Generalizable**  
His own experience (starting work at 13) is not representative of modern youth. Today’s young people often face more competition, higher expectations (e.g., career growth), and greater awareness of workplace rights—factors the speaker dismisses as "problems" rather than legitimate concerns.  


### **Final Take**  
While the speaker’s frustration with perceived entitlement is understandable, his conclusion ignores the complexity of modern labor markets. Job scarcity and young people’s complaints often stem from **structural issues** (wage stagnation, unequal access to opportunity, poor job quality) rather than individual "flaws." Blaming young people alone oversimplifies a problem that requires addressing both worker expectations *and* systemic barriers. [end of text]


