### 簡短結論
不排除是真的，但敘述本身有幾個可疑點，細節與常見的警隊入職流程不太吻合，語氣與動機也像在「帶風向」。整體可信度偏低。

### 逐點分析
- 語氣與動機
  - 開頭自稱「銀行前同事」但沒有具體銀行名稱與職位，卻直接點名「陳大文」與「學警」身份，動機像是要抹黑或帶風向。
  - 語句帶情緒與人身攻擊（「人品有啲問題」），缺乏客觀描述。

- 警隊審查（vetting）與紀律
  - 警隊會查核求職者的品格、財務紀錄、刑事紀錄等。若曾因「穿櫃桶底」被解僱，通常會在背景審查中被發現。
  - 除非該事件最終未構成刑事起訴、且銀行未作刑事報案或內部紀錄未外泄，才可能「過到關」。但這屬例外，不是常態。

- 事件細節的可疑
  - 「穿櫃桶底」是嚴重違規，通常會即時停職與內部調查，鮮少「頭一星期」就讓新人「shadow」並犯案。
  - 「老細當時仲話你唔即日走的話就報官」與「下晝我食完中午返嚟高層就同保安落嚟押住佢執野走」——節奏過快且像戲劇化敘述，與銀行合規流程不太一致。
  - 「跟住佢就輟轉走左去考警察」——從被解僱到投考警隊通常需時，敘述過度簡化。

- 語言與表達
  - 夾雜粵語與書面語，句式不夠嚴謹，像網上留言而非正式舉報或新聞報導。
  - 沒有具體時間線、證據或第三方佐證。

### 結論
這類「爆料」在網上常見，但缺乏可驗證細節與證據。警隊的審查相對嚴格，若真有大問題，通常不會輕易入職；但也不排除個案差異與資訊不對稱。建議：
- 對此類未經證實的指控保持審慎。
- 若關注警隊誠信，應等待官方或可靠媒體的正式報導與調查結果。
- 避免在未核實前轉傳或擴散，以免構成誹謗或網絡欺凌。 [end of text]


