```java
import java.util.Scanner;

public class NumberSum {
    public static void main(String[] args) {
        Scanner scanner = new Scanner(System.in);
        String input = scanner.nextLine();
        String[] numbers = input.split(", ");
        double sum = 0;
        double kilobytes = 0;
        double megabytes = 0;
        double gigabytes = 0;

        for (String number : numbers) {
            String[] parts = number.split("\\.");
            double value = 0;
            if (parts.length > 1) {
                value = Double.parseDouble(parts[1]);
            }
            if (parts.length > 2) {
                value = value * 1024;
            }
            if (parts.length > 3) {
                value = value * 1024 * 1024;
            }
            if (parts.length > 4) {
                value = value * 1024 * 1024 * 1024;
            }
            sum += value;
            if (parts.length > 5) {
                kilobytes += value / 1024;
            }
            if (parts.length > 6) {
                megabytes += value / 1024 * 1024;
            }
            if (parts.length > 7) {
                gigabytes += value / 1024 * 1024 * 1024;
            }
        }

        System.out.println(sum);
        System.out.println(kilobytes);
        System.out.println(megabytes);
        System.out.println(gigabytes);
    }
}
``` [end of text]


