```java
import java.util.Scanner;

public class NumberSumCalculator {
    public static void main(String[] args) {
        Scanner scanner = new Scanner(System.in);
        String input = scanner.nextLine();
        scanner.close();

        double totalSum = 0.0;
        double kiloSum = 0.0;
        double megaSum = 0.0;
        double gigaSum = 0.0;

        String[] parts = input.split(" and |, ");
        for (String part : parts) {
            String[] numberAndSuffix = part.trim().split(" ");
            double number = Double.parseDouble(numberAndSuffix[0]);
            String suffix = numberAndSuffix.length > 1 ? numberAndSuffix[1] : "";

            if (suffix.equalsIgnoreCase("K")) {
                kiloSum += number;
            } else if (suffix.equalsIgnoreCase("M")) {
                megaSum += number;
            } else if (suffix.equalsIgnoreCase("G")) {
                gigaSum += number;
            } else if (suffix.equalsIgnoreCase("k")) {
                kiloSum += number;
            } else if (suffix.equalsIgnoreCase("m")) {
                megaSum += number;
            } else if (suffix.equalsIgnoreCase("g")) {
                gigaSum += number;
            } else {
                totalSum += number;
            }
        }

        totalSum += kiloSum * 1024;
        totalSum += megaSum * 1024 * 1024;
        totalSum += gigaSum * 1024 * 1024 * 1024;

        System.out.println(totalSum);
        System.out.println(kiloSum / 1024.0 + " K");
        System.out.println(megaSum / 1024.0 / 1024.0 + " M");
        System.out.println(gigaSum / 1024.0 / 1024.0 / 1024.0 + " G");
    }
}
```

This Java program reads a string from standard input, extracts numbers followed by optional suffixes, converts them to their base value, calculates their sum, and prints the total sum as well as the sum in kilobytes (K), megabytes (M), and gigabytes (G). It handles numbers with commas as thousand separators and supports both lowercase and uppercase suffixes. [end of text]


