We are going to read the entire input as a string (multiple lines) and then extract numbers with optional suffixes.
 Steps:
 1. Read all input from System.in into a single string.
 2. Use a regex to find all occurrences of a number (with optional commas and decimal point) followed by an optional suffix (k, K, m, M, g, G).
    The number can be integer or decimal, and may have commas as thousand separators. We'll remove commas when parsing.
 3. For each match, convert the number part to a double (after removing commas) and then multiply by the appropriate factor based on the suffix.
    - No suffix: factor = 1
    - k or K: factor = 1024
    - m or M: factor = 1024^2
    - g or G: factor = 1024^3
 4. Sum all the converted values to get the total in bytes.
 5. Then, convert the total to:
    - Kilobytes (divide by 1024)
    - Megabytes (divide by 1024^2)
    - Gigabytes (divide by 1024^3)
 6. Print the total (in bytes) and then the three converted values, each to one decimal place.

 Note: The example output shows the total in bytes (without suffix) and then the same total expressed in K, M, G.

 However, note the example input and output:
   Input: 1.5G, 2K, 3M, and 4.2G, 500,000K and 600M
   Output:
     7264621772.8   -> total in bytes
     7094357.2 k    -> total in kilobytes (with one decimal)
     6928.1 M       -> total in megabytes (with one decimal)
     6.8 G          -> total in gigabytes (with one decimal)

 Let's verify:
   1.5G = 1.5 * 1024^3 = 1.5 * 1073741824 = 1610612736
   2K = 2 * 1024 = 2048
   3M = 3 * 1024^2 = 3 * 1048576 = 3145728
   4.2G = 4.2 * 1073741824 = 4509715660.8
   500,000K = 500000 * 1024 = 512000000
   600M = 600 * 1048576 = 629145600

   Sum = 1610612736 + 2048 + 3145728 + 4509715660.8 + 512000000 + 629145600 = 7264621772.8

   Then:
     Kilobytes: 7264621772.8 / 1024 = 7094357.2 (exactly? let's compute: 7264621772.8 / 1024 = 7094357.2)
     Megabytes: 7264621772.8 / 1048576 = 6928.1 (approximately: 7264621772.8 / 1048576 = 6928.099... -> 6928.1)
     Gigabytes: 7264621772.8 / 1073741824 = 6.8 (approximately: 6.764... -> 6.8)

 So the plan is correct.

 Implementation:

 We'll use a regex pattern to match:
   - A number: which can have:
        * optional commas (but note: commas are only for thousands, so they are between digits, but we'll just remove all commas)
        * a decimal point with digits after (optional)
   - Then an optional suffix (one of kKmMgG) but note: the suffix might be attached without space.

 However, note the example: "500,000K" -> the comma is part of the number.

 We can design the regex to capture:
   Group 1: the number part (with commas and optional decimal)
   Group 2: the suffix (if present)

 But note: the number might be like "1.5" or "500,000" or "2".

 Let's break down the number part:
   We can have:
     - One or more digits, optionally with commas in between (but note: commas are only between digits, so we can have: \d{1,3}(,\d{3})* for integer part, but also with decimal part)
     - Alternatively, we can just match a sequence that starts with a digit, then any combination of digits, commas, and at most one decimal point.

 However, to be safe, we can match:
   [0-9,]+(\.[0-9]+)?   but note: the commas are only in the integer part, so we can have:
   [0-9]{1,3}(,[0-9]{3})*   for the integer part, but then we might have a decimal part.

 But the example has "500,000" which is 6 digits with a comma after 3. So we can do:

   (?:[0-9]{1,3},)*[0-9]{1,3}   for the integer part, but then we might have a decimal part.

 Alternatively, we can be simpler: just match a sequence of digits and commas and at most one decimal point, and then we remove commas and parse as double.

 But note: the number might be like "1,000.5" -> that's valid.

 So let's do:

   Pattern: (\d[\d,]*\.?\d*|\d[\d,]*)([kKmMgG])?

   But wait, we want to capture the suffix separately. Also, note that the suffix is optional and might be attached.

   However, the above pattern might match "1.5G" as:
        Group1: "1.5"
        Group2: "G"

   But also "500,000K" as:
        Group1: "500,000"
        Group2: "K"

   But what about a number without suffix? Then group2 would be null.

   However, note that the input might have numbers without suffix? The problem says "numbers followed by optional suffixes", so yes.

   But also note: the example input has "and" and other text. We only want to extract the numbers with optional suffixes.

   However, what about a number that is not followed by a suffix? The problem says "extracts all numbers followed by optional suffixes", meaning we extract numbers that may or may not have a suffix.

   But wait: the example input has "500,000K" and "600M", but also "1.5G", "2K", "3M", "4.2G". So all numbers in the example have suffixes.

   However, the problem says "optional suffixes", so we must also handle numbers without suffixes? The example doesn't have any.

   But the spec says: "extracts all numbers followed by optional suffixes". This could be interpreted as: we extract numbers that are followed by an optional suffix (meaning the suffix is optional, but the number is always there). So we must also handle numbers without suffix.

   However, the example output only shows the total and then the same total in K, M, G. So if there is a number without suffix, it is in bytes.

   So we must handle:

     "1024" -> 1024 bytes
     "1K" -> 1024 bytes

   So our regex must capture numbers without suffix too.

   Let's adjust:

   We want to match:
     - A number (with commas and optional decimal) and then optionally a suffix.

   But note: the suffix is a single letter (k, K, m, M, g, G). And it must be immediately after the number (no space).

   However, the example has "1.5G, 2K," -> there is a comma after the suffix. So the suffix is attached to the number and then punctuation.

   So we can do:

     Pattern: (\d[\d,]*\.?\d*)([kKmMgG])?

   But wait, what about a number that ends with a comma? That would be part of the number? No, because the comma is a separator and we are removing them.

   However, the regex above would match "500,000" as the number and then if there's a 'K' it would be in group2.

   But what about a number that is just a comma? That wouldn't match because we require at least one digit at the start.

   Also, note that the number might be negative? The problem doesn't say, but let's assume non-negative.

   Let's test with the example:

     "1.5G" -> group1: "1.5", group2: "G"
     "2K" -> group1: "2", group2: "K"
     "3M" -> group1: "3", group2: "M"
     "4.2G" -> group1: "4.2", group2: "G"
     "500,000K" -> group1: "500,000", group2: "K"
     "600M" -> group1: "600", group2: "M"

   But what about "500,000" without suffix? Then group2 would be null.

   However, note that the example input has "500,000K", so the comma is inside the number.

   But what if we have "500, 000"? That would be two numbers? Actually, the comma is a separator and then a space, so it would break the number.

   The problem says: "handles numbers with commas as thousand separators", so the commas are within the number.

   So our regex should not break on commas that are within the number.

   But note: the regex \d[\d,]*\.?\d* would match:
        "500,000" -> yes
        "500, 000" -> no, because of the space.

   So that's correct.

   However, what about a number like "1,000,000"? That would be matched as one number.

   But what about a number that has a comma at the end? That wouldn't be a valid number, so we don't expect that.

   So we'll use:

        Pattern pattern = Pattern.compile("(\\d[\\d,]*\\.?\\d*)([kKmMgG])?");

   But wait, this pattern would also match "123abc" as "123" and then the suffix? No, because the suffix is only one of the letters and then the next character is not part of the match.

   However, note that the pattern is greedy and will match as much as possible. But we are using find, so it will find the next match.

   But what about a number that has a decimal point but no digits after? Like "1."? That would be matched by \d[\d,]*\.? but then \d* would match zero digits, so "1." would be matched as "1." and then if there's a suffix? But "1." is not a valid number? Actually, in Java, Double.parseDouble("1.") works and returns 1.0.

   So we can allow that.

   However, note that the pattern might match "1.2.3" as "1.2" and then the rest? Actually, the pattern only allows one decimal point because we have \.? and then \d*.

   So "1.2.3" would be matched as "1.2" and then the next match would be ".3"? But wait, the next match would start at the next character? Actually, the regex engine will try to match at the next position.

   But we don't expect such input.

   Let's stick to the pattern.

   Steps:

   1. Read all input.
   2. Create a matcher and find all matches.
   3. For each match:
        String numStr = matcher.group(1).replace(",", "");
        double value = Double.parseDouble(numStr);
        String suffix = matcher.group(2);
        if (suffix != null) {
            char c = suffix.charAt(0);
            switch (c) {
                case 'k': case 'K': value *= 1024; break;
                case 'm': case 'M': value *= 1024 * 1024; break;
                case 'g': case 'G': value *= 1024 * 1024 * 1024; break;
            }
        }
        total += value;

   4. Then, compute:
        double totalBytes = total;
        double totalK = totalBytes / 1024;
        double totalM = totalBytes / (1024 * 1024);
        double totalG = totalBytes / (1024 * 1024 * 1024);

   5. Print:
        System.out.println(totalBytes);   // but note: the example output has one decimal? Actually, the example output for total is 7264621772.8 (one decimal). But wait, the total is a double and we are summing doubles. We must format to one decimal? The example output for total has one decimal.

        However, the example output for total is 7264621772.8, which is one decimal.

        But note: the example input has 1.5G and 4.2G, so the total has one decimal.

        But what if the total is integer? Then we should print without decimal? The example doesn't show.

        The problem says: "prints the total sum as well as the sum in kilobytes (K), megabytes (M), and gigabytes (G) to one decimal place."

        So we must format all to one decimal place.

        So we'll use:

        System.out.printf("%.1f%n", totalBytes);
        System.out.printf("%.1f k%n", totalK);
        System.out.printf("%.1f M%n", totalM);
        System.out.printf("%.1f G%n", totalG);

   6. But note: the example output has a space after the number and then the unit (k, M, G). So we do as above.

   However, what about rounding? The example shows 6928.1 M and 6.8 G. So we are rounding to one decimal.

   We'll use printf with "%.1f" which rounds to one decimal.

   But note: the example total is 7264621772.8, which is exactly one decimal. So we are safe.

   Let's code accordingly.

   Edge cases:

   - No numbers found? Then total is 0.0, and we print 0.0 for all.

   - Very large numbers? We are using double, which can handle up to about 1e308, but note that 1024^3 is about 1e9, so even if we have many numbers, double should be okay for typical use.

   - Invalid numbers? We assume the input is well-formed as per the spec.

   - What about negative numbers? The spec doesn't say, but we assume non-negative.

   - What about numbers with leading zeros? Like "001K"? That would be parsed as 1, then multiplied by 1024 -> 1024. That's acceptable.

   - What about numbers with multiple decimal points? Our regex doesn't allow that, so they won't be matched.

   - What about numbers without digits after decimal? Like "1."? That's allowed and parsed as 1.0.

   - What about numbers with commas in the wrong place? Like "1,23"? That would be matched as "1,23" and then we remove commas -> "123", which is 123. But that's not a valid thousand separator? The spec says "commas as thousand separators", so we assume they are placed correctly. But if they are not, we still remove them and parse the digits.

   So we are safe.

   Let's code accordingly.

   We'll read the entire input:

        Scanner scanner = new Scanner(System.in);
        scanner.useDelimiter("\\A");
        String input = scanner.hasNext() ? scanner.next() : "";

   Then apply the regex.

   However, note: the input might be large. But we are reading it all at once. That's acceptable for typical use.

   Alternatively, we can read line by line and process each line, but since we are using regex, we can just read the whole string.

   Let's code.

   One more note: the regex pattern might match numbers that are part of a larger word? For example, "abc123K" would match "123K". But the problem says "extracts all numbers followed by optional suffixes", so we are extracting numbers that are followed by a suffix, even if they are embedded in text? The example has "and" and other text, so we are only extracting the numbers with suffixes (or without) that are separate.

   But note: the example input has "and" and commas, so the numbers are separated by non-digit characters.

   Our regex will match the numbers wherever they appear, even if they are part of a word? Actually, the pattern requires the number to start with a digit, so it won't match if there's a letter before. But if there's a letter after the number and before the suffix? That wouldn't match because the suffix must be immediately after the number.

   So "abc123K" would match "123K" because the pattern doesn't require a word boundary. But the problem doesn't specify that the numbers must be isolated. So we'll extract any occurrence of a number (with optional commas and decimal) followed by an optional suffix.

   However, note that the example input has "500,000K" and "600M", which are isolated by spaces and commas.

   But what about "123Kabc"? That would match "123K" and then the rest is ignored.

   So we are okay.

   Let's code accordingly.

   We'll use:

        Pattern pattern = Pattern.compile("(\\d[\\d,]*\\.?\\d*)([kKmMgG])?");

   But wait, this pattern would also match "123" (without suffix) and then if there's a letter after, it would not be part of the match.

   However, note that the pattern for the number part: \d[\d,]*\.?\d* 
        This means: 
            \d -> one digit
            [\d,]* -> zero or more digits or commas
            \.? -> optional decimal point
            \d* -> zero or more digits

        So it can match:
            "123" -> yes
            "123.45" -> yes
            "123,456" -> yes
            "123,456.78" -> yes
            "123." -> yes (then the decimal point and then zero digits)

        But it would not match:
            ".123" -> because it requires a digit at the start.

        That's acceptable because we don't expect numbers to start with a decimal point.

   So we are good.

   Let's code.

   However, note: the pattern might match a number that is followed by a suffix that is not one of the expected

