```java
import java.io.BufferedReader;
import java.io.IOException;
import java.io.InputStreamReader;
import java.util.ArrayList;
import java.util.List;
import java.util.regex.Matcher;
import java.util.regex.Pattern;

public class ByteSumCalculator {

    public static void main(String[] args) {
        try {
            BufferedReader reader = new BufferedReader(new InputStreamReader(System.in));
            StringBuilder inputBuilder = new StringBuilder();
            String line;

            while ((line = reader.readLine()) != null) {
                inputBuilder.append(line).append("\n");
            }

            String input = inputBuilder.toString();
            List<Double> values = extractAndConvertValues(input);

            double totalBytes = 0.0;
            for (double val : values) {
                totalBytes += val;
            }

            System.out.printf("%.1f%n", totalBytes);
            System.out.printf("%.1f k%n", totalBytes / 1024.0);
            System.out.printf("%.1f M%n", totalBytes / (1024.0 * 1024.0));
            System.out.printf("%.1f G%n", totalBytes / (1024.0 * 1024.0 * 1024.0));

        } catch (IOException e) {
            System.err.println("Error reading input: " + e.getMessage());
        }
    }

    private static List<Double> extractAndConvertValues(String input) {
        List<Double> values = new ArrayList<>();
        // Pattern explanation:
        // \\d{1,3}(?:,\\d{3})*(?:\\.\\d+)?  -> Matches numbers with optional commas and decimals
        // (?:[kKmMgG])?                     -> Matches optional suffix (case insensitive)
        Pattern pattern = Pattern.compile("\\d{1,3}(?:,\\d{3})*(?:\\.\\d+)?(?:[kKmMgG])?");
        Matcher matcher = pattern.matcher(input);

        while (matcher.find()) {
            String token = matcher.group();
            values.add(parseToken(token));
        }

        return values;
    }

    private static double parseToken(String token) {
        // Remove commas for parsing the numeric part
        String numericPart = token.replaceAll(",", "");
        double number;
        try {
            number = Double.parseDouble(numericPart);
        } catch (NumberFormatException e) {
            return 0.0; // Should not happen given the regex, but safe fallback
        }

        char suffix = token.charAt(token.length() - 1);
        if (Character.isLetter(suffix)) {
            switch (Character.toLowerCase(suffix)) {
                case 'k':
                    return number * 1024;
                case 'm':
                    return number * 1024 * 1024;
                case 'g':
                    return number * 1024 * 1024 * 1024;
                default:
                    return number;
            }
        }
        return number;
    }
}
``` [end of text]


