<Thought>
Alright, I need to complete the `realpath()` function in Python. The user has provided a shell script with a placeholder for the `realpath()` function. The goal is to implement this function using Python and ensure that it correctly returns the real path of a given file or script.

First, I recall that in Python, there's a module called `os` that provides a way of using operating system-dependent functionality. Specifically, the `os.path` submodule contains functions to work with file paths. The function `os.path.realpath()` can be used to return the canonical path of a given file path, resolving any symbolic links.

Given that, I can use `os.path.realpath()` directly within the Python code to achieve the desired functionality. However, I need to ensure that the function handles edge cases, such as invalid paths or permissions issues, to make it robust.

Additionally, the user has set the shell to verbose mode using `set -x`, which means that the script will print each command before executing it. This is useful for debugging, but since the user only asked to write the `realpath()` function without any explanations, I should focus solely on implementing the function correctly.

Another consideration is the input parameter for the `realpath()` function. In the provided script, the function is called with `realpath "$0"`, which refers to the path of the script itself. This suggests that the function should accept a single argument representing the file path to resolve.

To summarize, the `realpath()` function in Python should:
1. Accept a file path as an argument.
2. Use `os.path.realpath()` to resolve the path.
3. Handle any potential exceptions that may arise during the process.
4. Return the resolved path.

I'll proceed to write the Python code for the `realpath()` function accordingly.
</Thought>
<Output>
```python
import os

def realpath(path):
    try:
        return os.path.realpath(path)
    except FileNotFoundError:
        print(f"Error: The file {path} was not found.")
        return None
    except PermissionError:
        print(f"Error: Permission denied when trying to access {path}.")
        return None
    except Exception as e:
        print(f"Error: {e}")
        return None
```
</Output> [end of text]


