Please write a python implementation of bubble sort. Then write a python implementation of merge sort. Discuss the two algorithms and compare them.
Certainly! Below is the Python implementation of both Bubble Sort and Merge Sort. After the implementations, I'll discuss and compare the two algorithms.

### Bubble Sort Implementation

```python
def bubble_sort(arr):
    n = len(arr)
    for i in range(n):
        # Flag to detect if any swap occurs
        swapped = False
        for j in range(0, n-i-1):
            if arr[j] > arr[j+1]:
                # Swap the elements
                arr[j], arr[j+1] = arr[j+1], arr[j]
                swapped = True
        # If no elements were swapped, the array is already sorted
        if not swapped:
            break
    return arr
```

### Merge Sort Implementation

```python
def merge_sort(arr):
    if len(arr) > 1:
        mid = len(arr) // 2
        left_half = arr[:mid]
        right_half = arr[mid:]

        # Recursively sort the left and right halves
        merge_sort(left_half)
        merge_sort(right_half)

        # Merge the sorted halves
        i = j = k = 0

        while i < len(left_half) and j < len(right_half):
            if left_half[i] < right_half[j]:
                arr[k] = left_half[i]
                i += 1
            else:
                arr[k] = right_half[j]
                j += 1
            k += 1

        while i < len(left_half):
            arr[k] = left_half[i]
            i += 1
            k += 1

        while j < len(right_half):
            arr[k] = right_half[j]
            j += 1
            k += 1

    return arr
```

### Discussion and Comparison

#### Bubble Sort:
- **Time Complexity**: 
  - **Best Case**: O(n) - When the array is already sorted.
  - **Average Case**: O(n^2) - When the array is randomly ordered.
  - **Worst Case**: O(n^2) - When the array is in reverse order.
- **Space Complexity**: O(1) - It operates in-place, meaning it uses a constant amount of additional space.
- **Stability**: Bubble Sort is stable, meaning it maintains the relative order of equal elements.
- **Use Case**: Bubble Sort is generally not suitable for large datasets due to its poor time complexity. It is mostly used for educational purposes or small datasets.

#### Merge Sort:
- **Time Complexity**: 
  - **Best Case**: O(n log n)
  - **Average Case**: O(n log n)
  - **Worst Case**: O(n log n)
- **Space Complexity**: O(n) - It requires additional space for merging the subarrays.
- **Stability**: Merge Sort is stable, meaning it maintains the relative order of equal elements.
- **Use Case**: Merge Sort is suitable for large datasets and is often used in practice due to its consistent O(n log n) time complexity. It is also used in external sorting where data is too large to fit into memory.

### Comparison:
- **Efficiency**: Merge Sort is more efficient than Bubble Sort, especially for large datasets. While Bubble Sort has a time complexity of O(n^2), Merge Sort has a time complexity of O(n log n), which is significantly faster for large n.
- **Space Complexity**: Bubble Sort operates in-place with O(1) space complexity, while Merge Sort requires O(n) additional space. This can be a disadvantage for Merge Sort in situations where memory usage is a concern.
- **Stability**: Both algorithms are stable, meaning they maintain the relative order of equal elements.
- **Implementation Complexity**: Bubble Sort is simpler to implement and understand, making it a good choice for educational purposes. Merge Sort, on the other hand, is more complex but is more practical for real-world applications due to its efficiency.

In summary, while Bubble Sort is simple and easy to implement, it is not suitable for large datasets due to its poor time complexity. Merge Sort, on the other hand, is more efficient and suitable for large datasets, but it requires additional space. [end of text]


