 Please write a python implementation of bubble sort. Then write a python implementation of merge sort. Discuss the two algorithms and compare them.
 Here is a Python implementation of Bubble Sort:

```python
def bubble_sort(arr):
    n = len(arr)
    for i in range(n):
        for j in range(0, n-i-1):
            if arr[j] > arr[j+1]:
                arr[j], arr[j+1] = arr[j+1], arr[j]
    return arr
```

Here is a Python implementation of Merge Sort:

```python
def merge_sort(arr):
    if len(arr) > 1:
        mid = len(arr) // 2
        left_half = arr[:mid]
        right_half = arr[mid:]

        merge_sort(left_half)
        merge_sort(right_half)

        i = j = k = 0

        while i < len(left_half) and j < len(right_half):
            if left_half[i] < right_half[j]:
                arr[k] = left_half[i]
                i += 1
            else:
                arr[k] = right_half[j]
                j += 1
            k += 1

        while i < len(left_half):
            arr[k] = left_half[i]
            i += 1
            k += 1

        while j < len(right_half):
            arr[k] = right_half[j]
            j += 1
            k += 1
    return arr
```

Bubble Sort:
Bubble Sort is a simple sorting algorithm that repeatedly steps through the list, compares adjacent elements and swaps them if they are in the wrong order. The pass through the list is repeated until the list is sorted. The algorithm gets its name from the way smaller elements "bubble" to the top of the list.

Merge Sort:
Merge Sort is a divide-and-conquer algorithm that divides the input array into two halves, calls itself for the two halves, and then merges the two sorted halves. The merge() function is used for merging two halves. The merge(arr, l, m, r) is a key process that assumes that arr[l..m] and arr[m+1..r] are sorted and merges the two sorted sub-arrays into one.

Comparison:
1. Time Complexity:
   - Bubble Sort: The worst-case time complexity of Bubble Sort is O(n^2), where n is the number of elements in the array.
   - Merge Sort: The worst-case time complexity of Merge Sort is O(n log n), where n is the number of elements in the array.

2. Space Complexity:
   - Bubble Sort: The space complexity of Bubble Sort is O(1), as it only requires a constant amount of additional space.
   - Merge Sort: The space complexity of Merge Sort is O(n), as it requires additional space for the temporary arrays used during the merge process.

3. Stability:
   - Both Bubble Sort and Merge Sort are stable sorting algorithms, meaning that they maintain the relative order of equal elements.

4. Use Cases:
   - Bubble Sort is suitable for small datasets or nearly sorted datasets.
   - Merge Sort is suitable for large datasets and is often used in external sorting, where the data to be sorted does not fit into the main memory.

In conclusion, Merge Sort is generally more efficient than Bubble Sort, especially for large datasets. However, Bubble Sort can be useful for small datasets or nearly sorted datasets, where its simplicity and low space complexity can be advantageous.