user
Please write a python implementation of bubble sort. Then write a python implementation of merge sort. Discuss the two algorithms and compare them.

assistant
Sure, here are Python implementations of bubble sort and merge sort:

Bubble sort:

```python
def bubble_sort(arr):
    n = len(arr)
    for i in range(n):
        swapped = False
        for j in range(n-i-1):
            if arr[j] > arr[j+1]:
                arr[j], arr[j+1] = arr[j+1], arr[j]
                swapped = True
        if not swapped:
            break
    return arr
```

Merge sort:

```python
def merge_sort(arr):
    if len(arr) > 1:
        mid = len(arr) // 2
        left = arr[:mid]
        right = arr[mid:]
        merge_sort(left)
        merge_sort(right)
        i = j = k = 0
        while i < len(left) and j < len(right):
            if left[i] < right[j]:
                arr[k] = left[i]
                i += 1
            else:
                arr[k] = right[j]
                j += 1
            k += 1
        while i < len(left):
            arr[k] = left[i]
            i += 1
            k += 1
        while j < len(right):
            arr[k] = right[j]
            j += 1
            k += 1
    return arr
```

Comparison:

Bubble sort and merge sort are both algorithms used to sort an array, but they operate in fundamentally different ways.

Bubble sort repeatedly swaps adjacent elements if they are in the wrong order until the entire array is sorted. It has a time complexity of O(n^2) in the worst and average cases, and O(n) in the best case when the array is already sorted. Bubble sort is simple to implement, but it is inefficient for large datasets.

Merge sort, on the other hand, is a divide-and-conquer algorithm that recursively splits the array into halves until it has only one element, then merges the subarrays back together in sorted order. It has a time complexity of O(n log n) in all cases, making it much more efficient than bubble sort for large datasets. However, merge sort requires additional memory to hold the temporary subarrays during the merge process.

In terms of practical use, merge sort is generally the better choice for large datasets due to its better time complexity, while bubble sort may be more appropriate for small datasets or cases where the array is already mostly sorted. However, it's always worth considering other sorting algorithms, such as quicksort or heapsort, which may be even more efficient for certain types of data.