user
Please write a python implementation of bubble sort. Then write a python implementation of merge sort. Discuss the two algorithms and compare them.

assistant
Certainly! Below are the Python implementations for both Bubble Sort and Merge Sort. After that, I'll discuss the two algorithms and compare them.

### Bubble Sort Implementation

Bubble Sort is a simple comparison-based sorting algorithm that repeatedly steps through the list, compares adjacent elements, and swaps them if they are in the wrong order. The pass through the list is repeated until the list is sorted.

```python
def bubble_sort(arr):
    n = len(arr)
    for i in range(n):
        # Track if any swap happens in this pass
        swapped = False
        for j in range(0, n-i-1):
            if arr[j] > arr[j+1]:
                arr[j], arr[j+1] = arr[j+1], arr[j]
                swapped = True
        # If no swap happened, the array is already sorted
        if not swapped:
            break
    return arr
```

### Merge Sort Implementation

Merge Sort is a divide-and-conquer algorithm that divides the array into two halves, sorts each half, and then merges them back together. It has a time complexity of O(n log n) in all cases.

```python
def merge_sort(arr):
    if len(arr) <= 1:
        return arr
    
    def merge(left, right):
        result = []
        i = j = 0
        while i < len(left) and j < len(right):
            if left[i] < right[j]:
                result.append(left[i])
                i += 1
            else:
                result.append(right[j])
                j += 1
        result.extend(left[i:])
        result.extend(right[j:])
        return result
    
    mid = len(arr) // 2
    left_half = merge_sort(arr[:mid])
    right_half = merge_sort(arr[mid:])
    
    return merge(left_half, right_half)
```

### Discussion and Comparison

#### Bubble Sort
- **Pros:**
  - Simple to understand and implement.
  - In-place sorting, meaning it doesn't require extra space.
- **Cons:**
  - Worst-case and average time complexity is O(n^2), making it inefficient for large lists.
  - Best-case time complexity is O(n) when the list is already sorted, but this is rare and not guaranteed.
  - It is not stable, meaning that equal elements may not retain their original order.

#### Merge Sort
- **Pros:**
  - Always has a time complexity of O(n log n), making it efficient for large lists.
  - Stable, meaning that equal elements retain their original order.
  - In-place sorting, meaning it doesn't require extra space.
- **Cons:**
  - Requires extra space for the merge step, although this is typically negligible for large lists.
  - Not as simple to understand and implement as Bubble Sort.

### Comparison

- **Time Complexity:**
  - Bubble Sort: O(n^2)
  - Merge Sort: O(n log n)
  - Merge Sort is generally faster than Bubble Sort for large lists.

- **Space Complexity:**
  - Bubble Sort: O(1) (in-place)
  - Merge Sort: O(n) (requires extra space for merging)
  - Merge Sort uses more space but is more efficient in terms of time complexity.

- **Stability:**
  - Bubble Sort: Not stable
  - Merge Sort: Stable

- **Implementation Complexity:**
  - Bubble Sort: Simple to implement
  - Merge Sort: More complex to implement, but it is more efficient in terms of time complexity.

In summary, Bubble Sort is simple and easy to understand but is inefficient for large lists. Merge Sort, while more complex to implement, is more efficient and stable, making it a better choice for large datasets. [end of text]


