user
Please write a python implementation of bubble sort. Then write a python implementation of merge sort. Discuss the two algorithms and compare them.

assistant
Sure, I'll provide Python implementations of both Bubble Sort and Merge Sort, followed by a discussion and comparison of the two algorithms.

### Bubble Sort Implementation

Bubble Sort is a simple sorting algorithm that repeatedly steps through the list, compares adjacent elements, and swaps them if they are in the wrong order. The pass through the list is repeated until the list is sorted.

Here's the Python implementation of Bubble Sort:

```python
def bubble_sort(arr):
    n = len(arr)
    for i in range(n):
        # Flag to check if any swap occurred in this pass
        swapped = False
        for j in range(0, n - i - 1):
            if arr[j] > arr[j + 1]:
                # Swap the elements
                arr[j], arr[j + 1] = arr[j + 1], arr[j]
                swapped = True
        # If no swap occurred, the list is already sorted
        if not swapped:
            break
    return arr

# Example usage:
arr = [64, 34, 25, 12, 22, 11, 90]
sorted_arr = bubble_sort(arr)
print("Sorted array:", sorted_arr)
```

### Merge Sort Implementation

Merge Sort is a divide-and-conquer algorithm that divides the input array into two halves, recursively sorts them, and then merges the two sorted halves.

Here's the Python implementation of Merge Sort:

```python
def merge_sort(arr):
    if len(arr) > 1:
        # Find the middle point to divide the array into two halves
        mid = len(arr) // 2

        # Dividing the array elements into two halves
        left_half = arr[:mid]
        right_half = arr[mid:]

        # Recursively sort both halves
        merge_sort(left_half)
        merge_sort(right_half)

        # Merge the sorted halves
        i = j = k = 0

        # Copy data to temp arrays left_half[] and right_half[]
        while i < len(left_half) and j < len(right_half):
            if left_half[i] < right_half[j]:
                arr[k] = left_half[i]
                i += 1
            else:
                arr[k] = right_half[j]
                j += 1
            k += 1

        # Check if any element was left in left_half[]
        while i < len(left_half):
            arr[k] = left_half[i]
            i += 1
            k += 1

        # Check if any element was left in right_half[]
        while j < len(right_half):
            arr[k] = right_half[j]
            j += 1
            k += 1

    return arr

# Example usage:
arr = [64, 34, 25, 12, 22, 11, 90]
sorted_arr = merge_sort(arr)
print("Sorted array:", sorted_arr)
```

### Discussion and Comparison

**Bubble Sort:**
- **Time Complexity:** O(n^2) in the worst and average case, where n is the number of items being sorted. In the best case (when the list is already sorted), it has a time complexity of O(n).
- **Space Complexity:** O(1) as it sorts the array in place.
- **Stability:** Bubble Sort is a stable sort, meaning that it maintains the relative order of equal elements.
- **Use Cases:** Bubble Sort is simple to implement and is useful for small datasets or nearly sorted lists. However, it is not efficient for large datasets.

**Merge Sort:**
- **Time Complexity:** O(n log n) in all cases (worst, average, and best), making it more efficient than Bubble Sort for large datasets.
- **Space Complexity:** O(n) as it requires additional space to hold the temporary arrays during the merge process.
- **Stability:** Merge Sort is also a stable sort.
- **Use Cases:** Merge Sort is efficient for large datasets and is often used in external sorting (where data is too large to fit into memory).

**Comparison:**
- **Efficiency:** Merge Sort is generally more efficient than Bubble Sort, especially for large datasets. Bubble Sort's O(n^2) time complexity makes it impractical for large lists.
- **Space Complexity:** Bubble Sort has a lower space complexity (O(1)) compared to Merge Sort (O(n)).
- **Stability:** Both algorithms are stable, which is a desirable property in many applications.
- **Implementation Complexity:** Bubble Sort is simpler to implement, while Merge Sort requires more complex code due to its recursive nature and the need for additional space.

In summary, while Bubble Sort is easier to understand and implement, Merge Sort is more efficient and suitable for larger datasets. The choice between the two depends on the specific requirements of the problem at hand. [end of text]


