[INST] <<SYS>>

<</SYS>>

Given a text file with lines that contain names sorted in lexicographical order. Discuss how to perform a binary search on the file directly, using at most O(log(n)) operations. Write a python function `def binary_search_file(file_path, target)` that returns the position of the target, or the insertion point (as in "bisect_left").
 [/INST]  To perform a binary search on a text file directly, you can use the following approach:
1. Read the file line by line into a list.
2. Perform a linear search on the list to find the position of the target. If the target is found, return its position. If the list is empty, return -1 (insertion point).
3. If the target is not found, partition the list into two halves by finding the middle index (i.e., the index of the middle element).
4. Recursively repeat steps 2 and 3 on the two halves until the target is found or the list is empty.
Here is a Python function that implements this approach:
```
def binary_search_file(file_path, target):
    # Step 1: Read the file into a list
    with open(file_path, 'r') as file:
        lines = []
        for line in file:
            lines.append(line.strip())

    # Step 2: Perform a linear search

    pos = 0

    if lines:

        if lines[0] == target:

            return 0

        else:

            pos = bisect.bisect_left(lines, target)

    # Step 3: Partition the list and recursively search

    if pos == len(lines):

        return -1

    else:

        mid = pos // 2

        left = binary_search_file(file_path, lines[mid])

        right = binary_search_file(file_path, lines[mid + 1])

        if left != -1 and right != -1:

            return mid

        else:

            return -1

    return pos
```

Note that this function uses the `bisect` module from the Python standard library to perform the linear search and the recursive binary search. This module provides a convenient way to perform binary searches without having to implement the logic yourself.
You can test this function by calling it with a file path and a target name, like this:
```
binary_search_file('names.txt', 'Smith')
```
This will search the list of names in the `names.txt` file for the name "Smith" and return the position of the name in the file (or -1 if it is not found).
The time complexity of this function is O(log(n)), where n is the number of names in the file, since we are making at most log(n) recursive calls to the binary search function. This is because we are partitioning the list in half after each recursive call, which reduces the number of names we need to search by half each time.