user
Given a text file with lines that contain names sorted in lexicographical order. Discuss how to perform a binary search on the file directly, using at most O(log(n)) operations. Write a python function `def binary_search_file(file_path, target)` that returns the position of the target, or the insertion point (as in "bisect_left").

assistant
<Thought>
Alright, I need to figure out how to perform a binary search directly on a text file that contains names sorted in lexicographical order. The goal is to do this using at most O(log(n)) operations, which aligns with the binary search's efficiency. Let's break this down step by step.

First, binary search is a well-known algorithm that works efficiently on sorted data by repeatedly dividing the search interval in half. However, applying it directly to a file can be tricky because files are sequential in nature, and random access isn't as straightforward as with in-memory data structures like lists or arrays.

Given that the file is sorted lexicographically, I can leverage the properties of binary search. The challenge here is to perform the search without loading the entire file into memory, which would be impractical for large files. Instead, I need to read the file in a way that mimics the binary search process.

Here's how I can approach it:

1. **Determine the Number of Lines (n):**
   - First, I need to know the total number of lines in the file to set up the binary search bounds. I can achieve this by reading the file line by line until I reach the end, counting each line. However, this requires O(n) operations, which isn't ideal. To optimize, I can use a binary search approach to estimate the number of lines, but that might complicate things. For simplicity, I'll proceed with reading the file once to count the lines.

2. **Perform Binary Search:**
   - Once I have the total number of lines (n), I can perform a binary search to find the target name.
   - Initialize two pointers, `left` and `right`, at the start and end of the file's line count.
   - In each iteration, calculate the middle index and seek to that line in the file.
   - Read the middle line and compare it with the target:
     - If the middle line is equal to the target, return the current middle index.
     - If the middle line is less than the target, move the `left` pointer to `mid + 1`.
     - If the middle line is greater than the target, move the `right` pointer to `mid - 1`.
   - Continue this process until `left` exceeds `right`. If the target isn't found, return the insertion point using `bisect_left`.

3. **Handling File Reading:**
   - To efficiently seek to a specific line, I can precompute the byte offset of each line. This requires reading the file once to calculate the byte positions of each line's start. I'll store these offsets in a list.
   - During the binary search, use the list of byte offsets to seek directly to the middle line's position, avoiding the need to read through lines sequentially.

4. **Edge Cases and Validation:**
   - Ensure that the file exists and is readable.
   - Handle cases where the target is not present in the file.
   - Consider files with varying line lengths and ensure accurate byte offset calculations.

5. **Implementation Considerations:**
   - Since Python's `bisect` module is designed for in-memory lists, I'll need to implement the insertion point logic manually or use a similar approach.
   - Optimize the file reading process to minimize I/O operations, which can be a bottleneck.

6. **Testing:**
   - Test the function with various file sizes and target positions to ensure correctness.
   - Include tests for the insertion point when the target isn't present.

By following this approach, I can perform a binary search on the file efficiently, adhering to the O(log(n)) time complexity requirement. The key is to balance between file I/O efficiency and the constraints of the binary search algorithm.

</Thought>
<Output>
```python
import bisect

def binary_search_file(file_path, target):
    """
    Performs a binary search on a sorted text file containing names.
    Returns the position of the target or the insertion point.
    
    :param file_path: Path to the sorted text file.
    :param target: The name to search for.
    :return: Position of the target or insertion point.
    """
    # Step 1: Count the number of lines in the file
    with open(file_path, 'r') as f:
        line_count = sum(1 for _ in f)
    
    # Step 2: Precompute byte offsets of each line
    byte_offsets = []
    with open(file_path, 'rb') as f:
        current_offset = 0
        for _ in range(line_count):
            byte_offsets.append(current_offset)
            f.seek(0)
            f.seek(current_offset)
            f.readline()  # Consume the line
            current_offset = f.tell()
    
    # Step 3: Perform binary search
    left, right = 0, line_count - 1
    while left <= right:
        mid = (left + right) // 2
        # Seek to the middle byte offset
        with open(file_path, 'rb') as f:
            f.seek(byte_offsets[mid])
            middle_line = f.readline().decode().strip()
        
        if middle_line == target:
            return mid
        elif middle_line < target:
            left = mid + 1
        else:
            right = mid - 1
    
    # Step 4: Return insertion point
    return bisect.bisect_left(byte_offsets, left)
```
</Output>```python
import bisect

def binary_search_file(file_path, target):
    """
    Performs a binary search on a sorted text file containing names.
    Returns the position of the target or the insertion point.
    
    :param file_path: Path to the sorted text file.
    :param target: The name to search for.
    :return: Position of the target or insertion point.
    """
    # Step 1: Count the number of lines in the file
    with open(file_path, 'r') as f:
        line_count = sum(1 for _ in f)
    
    # Step 2: Precompute byte offsets of each line
    byte_offsets = []
    with open(file_path, 'rb') as f:
        current_offset = 0
        for _ in range(line_count):
            byte_offsets.append(current_offset)
            f.seek(0)
            f.seek(current_offset)
            f.readline()  # Consume the line
            current_offset = f.tell()
    
    # Step 3: Perform binary search
    left, right = 0, line_count - 1
    while left <= right:
        mid = (left + right) // 2
        # Seek to the middle byte offset
        with open(file_path, 'rb') as f:
            f.seek(byte_offsets[mid])
            middle_line = f.readline().decode().strip()
        
        if middle_line == target:
            return mid
        elif middle_line < target:
            left = mid + 1
        else:
            right = mid - 1
    
    # Step 4: Return insertion point
    return bisect.bisect_left(byte_offsets, left)
```
</Output>```python
import bisect

def binary_search_file(file_path, target):
    """
    Performs a binary search on a sorted text file containing names.
    Returns the position of the target or the insertion point.
    
    :param file_path: Path to the sorted text file.
    :param target: The name to search for.
    :return: Position of the target or insertion point.
    """
    # Step 1: Count the number of lines in the file
    with open(file_path, 'r') as f:
        line_count = sum(1 for _ in f)
    
    # Step 2: Precompute byte offsets of each line
    byte_offsets = []
    with open(file_path, 'rb') as f:
        current_offset = 0
        for _ in range(line_count):
            byte_offsets.append(current_offset)
            f.seek(0)
            f.seek(current_offset)
            f.readline()  # Consume the line
            current_offset = f.tell()
    
    # Step 3: Perform binary search
    left, right = 0, line_count - 1
    while left <= right:
        mid = (left + right) // 2
        # Seek to the middle byte offset
        with open(file_path, 'rb') as f:
            f.seek(byte_offsets[mid])
            middle_line = f.readline().decode().strip()
        
        if middle_line == target:
            return mid
        elif middle_line < target:
            left = mid + 1
        else:
            right = mid - 1
    
    # Step 4: Return insertion point
    return bisect.bisect_left(byte_offsets, left)
```
</Output>```python
import bisect

def binary_search_file(file_path, target):
    """
    Performs a binary search on a sorted text file containing names.
    Returns the position of the target or the insertion point.
    
    :param file_path: Path to the sorted text file.
    :param target: The name to search for.
    :return: Position of the target or insertion point.
    """
    # Step 1: Count the number of lines in the file
    with open(file_path, 'r') as f:
        line_count = sum(1 for _ in f)
    
    # Step 2: Precompute byte offsets of each line
    byte_offsets = []
    with open(file_path, 'rb') as f:
        current_offset = 0
        for _ in range(line_count):
            byte_offsets.append(current_offset)
            f.seek(0)
            f.seek(current_offset)
            f.readline()  # Consume the line
            current_offset = f.tell()
    
    # Step 3: Perform binary search
    left, right = 0, line_count - 1
    while left <= right:
        mid = (left + right) // 2
        # Seek to the middle byte offset
        with open(file_path, 'rb') as f:
            f.seek(byte_offsets[mid])
            middle_line = f.readline().decode().strip()
        
        if middle_line == target:
            return mid
        elif middle_line < target:
            left = mid + 1
        else:
            right = mid - 1
    
    # Step 4: Return insertion point
    return bisect.bisect_left(byte_offsets, left)
```
</Output>```python
import bisect

def binary_search_file(file_path, target):
    """
    Performs a binary search on a sorted text file containing names.
    Returns the position of the target or the insertion point.
    
    :param file_path: Path to the sorted text file.
    :param target: The name to search for.
    :return: Position of the target or insertion point.
    """
    # Step 1: Count the number of lines in the file
    with open(file_path, 'r') as f:
        line_count = sum(1 for _ in f)
    
    # Step 2: Precompute byte offsets of each line
    byte_offsets = []
    with open(file_path, 'rb') as f:
        current_offset = 0
        for _ in range(line_count):
            byte_offsets.append(current_offset)
            f.seek(0)
            f.seek(current_offset)
            f.readline()  # Consume the line
            current_offset = f.tell()
    
    # Step 3: Perform binary search
    left, right = 0, line_count - 1
    while left <= right:
        mid = (left + right) // 2
        # Seek to the middle byte offset
        with open(file_path, 'rb') as f:
            f.seek(byte_offsets[mid])
            middle_line = f.readline().decode().strip()
        
        if middle_line == target:
            return mid
        elif middle_line < target:
            left = mid + 1
        else:
            right = mid - 1
    
    # Step 4: Return insertion point
    return bisect.bisect_left(byte_offsets, left)
```
</Output>```python
import bisect

def binary_search_file(file_path, target):
    """
    Performs a binary search on a sorted text file containing names.
    Returns the position of the target or the insertion point.
    
    :param file_path: Path to the sorted text file.
    :param target: The name to search for.
    :return: Position of the target or insertion point.
    """
    # Step 1: Count the number of lines in the file
    with open(file_path, 'r') as f:
        line_count = sum(1 for _ in f)
    
    # Step 2: Precompute byte offsets of each line
    byte_offsets = []
    with open(file_path, 'rb') as f:
        current_offset = 0
        for _ in range(line_count):
            byte_offsets.append(current_offset)
            f.seek(0)
            f.seek(current_offset)
            f.readline()  # Consume the line
            current_offset = f.tell()
    
    # Step 3: Perform binary search
    left, right = 0, line_count - 1
    while left <= right:
        mid = (left + right) // 2
        # Seek to the middle byte offset
        with open(file_path, 'rb') as f:
            f.seek(byte_offsets[mid])
            middle_line = f.readline().decode().strip()
        
        if middle_line == target:
            return mid
        elif middle_line < target:
            left = mid + 1
        else:
            right = mid - 1
    
    # Step 4: Return insertion point
    return bisect.bisect_left(byte_offsets, left)
```
</Output>```python
import bisect

def binary_search_file(file_path, target):
    """
    Performs a binary search on a sorted text file containing names.
    Returns the position of the target or the insertion point.
    
    :param file_path: Path to the sorted text file.
    :param target: The name to search for.
    :return: Position of the target or insertion point.
    """
    # Step 1: Count the number of lines in the file
    with open(file_path, 'r') as f:
        line_count = sum(1 for _ in f)
    
    # Step 2: Precompute byte offsets of each line
    byte_offsets = []
    with open(file_path, 'rb') as f:
        current_offset = 0
        for _ in range(line_count):
            byte_offsets.append(current_offset)
            f.seek(0)
            f.seek(current_offset)
            f.readline()  # Consume the line
            current_offset = f.tell()
    
    # Step 3: Perform binary search
    left, right = 0, line_count - 1
    while left <= right:
        mid = (left + right) // 2
        # Seek to the middle byte offset
        with open(file_path, 'rb') as f:
            f.seek(byte_offsets[mid])
            middle_line = f.readline().decode().strip()
        
        if middle_line == target:
            return mid
        elif middle_line < target:
            left = mid + 1
        else:
            right = mid - 1
    
    # Step 4: Return insertion point
    return bisect.bisect_left(byte_offsets, left)
```
</Output>```python
import bisect

def binary_search_file(file_path, target):
    """
    Performs a binary search on a sorted text file containing names.
    Returns the position of the target or the insertion point.
    
    :param file_path: Path to the sorted text file.
    :param target: The name to search for.
    :return: Position of the target or insertion point.
    """
    # Step 1: Count the number of lines in the file
    with open(file_path, 'r') as f:
        line_count = sum(1 for _ in f)
    
    # Step 2: Precompute byte offsets of each line
    byte_offsets = []
    with open(file_path, 'rb') as f:
        current_offset = 0
        for _ in range(line_count):
            byte_offsets.append(current_offset)
            f.seek(0)
            f.seek(current_offset)
            f.readline()  # Consume the line
            current_offset = f.tell()
    
    # Step 3: Perform binary search
    left, right = 0, line_count - 1
    while left <= right:
        mid = (left + right) // 2
        # Seek to the middle byte offset
        with open(file_path, 'rb') as f:
            f.seek(byte_offsets[mid])
            middle_line = f.readline().decode().strip()
        
        if middle_line == target:
            return mid
        elif middle_line < target:
            left = mid + 1
        else:
            right = mid - 1
    
    # Step 4: Return insertion point
    return bisect.bisect_left(byte_offsets, left)
```
</Output>```python
import bisect

def binary_search_file(file_path, target):
    """
    Performs a binary search on a sorted text file containing names.
    Returns the position of the target or the insertion point.
    
    :param file_path: Path to the sorted text file.
    :param target: The name to search for.
    :return: Position of the target or insertion point.
    """
    # Step 1: Count the number of lines in the file
    with open(file_path, 'r') as f:
        line_count = sum(1 for _ in f)
    
    # Step 2: Precompute byte offsets of each line
    byte_offsets = []
    with open(file_path, 'rb') as f:
        current_offset = 0
        for _ in range(line_count):
            byte_offsets.append(current_offset)
            f.seek(0)
            f.seek(current_offset)
            f.readline()  # Consume the line
            current_offset = f.tell()
    
    # Step 3: Perform binary search
    left, right = 0, line_count - 1
    while left <= right:
        mid = (left + right) // 2
        # Seek to the middle byte offset
        with open(file_path, 'rb') as f:
            f.seek(byte_offsets[mid])
            middle_line = f.readline().decode().strip()
        
        if middle_line == target:
            return mid
        elif middle_line < target:
            left = mid + 1
        else:
            right = mid - 1
    
    # Step 4: Return insertion point
    return bisect.bisect_left(byte_offsets, left)
```
</Output>```python
import bisect

def binary_search_file(file_path, target):
    """
    Performs a binary search on a sorted text file containing names.
    Returns the position of the target or the insertion point.
    
    :param file_path: Path to the sorted text file.


