# Binary Search on a File Directly

To perform binary search on a file directly (without loading the entire file into memory), we need to consider that:
1. Files are sequential access devices (unlike arrays which support random access)
2. We can't seek to arbitrary byte positions directly in a way that gives us line boundaries
3. We need to find a way to estimate line positions based on file size and average line length

## Approach

1. **Estimate line positions**: We'll need to make educated guesses about where lines might be in the file based on:
   - File size
   - Average line length (which we can estimate by reading a few lines initially)
   - The target line number (which we can estimate using binary search)

2. **Binary search on line numbers**: We'll perform a binary search on the line numbers (1 to N) rather than on bytes directly.

3. **Seek to line positions**: For each candidate line number, we'll seek to an estimated position and read until we find the line boundary.

4. **Compare lines**: Once we have a line, we'll compare it with our target.

## Solution Code

```python
def binary_search_file(file_path, target):
    with open(file_path, 'rb') as f:
        # First pass: estimate average line length
        f.seek(0)
        lines_read = 0
        total_bytes = 0
        avg_line_length = 0

        # Read first 1000 bytes to estimate average line length
        sample = f.read(1000)
        lines_in_sample = sample.count(b'\n') + 1
        if lines_in_sample > 0:
            avg_line_length = len(sample) // lines_in_sample

        # Get file size
        f.seek(0, 2)
        file_size = f.tell()
        f.seek(0)

        # Binary search on line numbers
        low = 1
        high = file_size // avg_line_length + 2  # Upper bound estimate

        # Handle empty file case
        if high < 1:
            return 0

        while low <= high:
            mid = (low + high) // 2
            # Estimate position of mid-th line
            pos = min(mid * avg_line_length, file_size - 1)

            # Seek to position and read until we find the line boundary
            f.seek(pos)
            line_start = pos
            while pos < file_size:
                char = f.read(1)
                if not char or char == b'\n':
                    break
                pos += 1

            # Read the line
            line = f.read(pos - line_start)
            if not line:
                break

            # Compare with target
            if line == target:
                return line_start
            elif line < target:
                low = mid + 1
            else:
                high = mid - 1

        # If we get here, we need to insert the target
        # Find where to insert by seeking to the position where the line would be
        # We'll use the same approach as above but with the insertion point
        # This is similar to bisect_left behavior
        pos = 0
        while low <= high:
            mid = (low + high) // 2
            # Estimate position of mid-th line
            pos = min(mid * avg_line_length, file_size - 1)

            # Seek to position and read until we find the line boundary
            f.seek(pos)
            line_start = pos
            while pos < file_size:
                char = f.read(1)
                if not char or char == b'\n':
                    break
                pos += 1

            # Read the line
            line = f.read(pos - line_start)
            if not line:
                break

            # Compare with target
            if line < target:
                low = mid + 1
            else:
                high = mid - 1

        # Calculate the insertion position
        # We need to find the byte position where the line would be inserted
        # This is tricky because we don't have exact line positions
        # We'll approximate by finding the line before the insertion point
        # and adding the length of the target line

        # First find the line before the insertion point
        if low == 0:
            return 0

        # Find the line at position low-1
        pos = min((low-1) * avg_line_length, file_size - 1)
        f.seek(pos)
        line_start = pos
        while pos < file_size:
            char = f.read(1)
            if not char or char == b'\n':
                break
            pos += 1

        line = f.read(pos - line_start)
        if not line:
            return 0

        # The insertion point is at the end of this line
        return pos
```

## Optimized Version

The above approach has some inefficiencies because it seeks to potentially many positions. Here's a more optimized version that:
1. First reads the file to count lines and get average line length
2. Then performs binary search using the line count

```python
def binary_search_file(file_path, target):
    with open(file_path, 'rb') as f:
        # First pass: count lines and estimate average line length
        line_count = 0
        total_bytes = 0
        avg_line_length = 0

        # Read entire file to count lines and get total bytes
        f.seek(0)
        line_count = 0
        total_bytes = 0
        for line in f:
            line_count += 1
            total_bytes += len(line)

        if line_count == 0:
            return 0

        avg_line_length = total_bytes // line_count

        # Binary search on line numbers
        low = 1
        high = line_count

        # We'll need to read the file again for the binary search
        f.seek(0)

        while low <= high:
            mid = (low + high) // 2
            # Calculate estimated position
            pos = min(mid * avg_line_length, total_bytes - 1)

            # Seek to position and read until we find the line boundary
            f.seek(pos)
            line_start = pos
            while pos < total_bytes:
                char = f.read(1)
                if not char or char == b'\n':
                    break
                pos += 1

            # Read the line
            line = f.read(pos - line_start)
            if not line:
                break

            # Compare with target
            if line == target:
                return line_start
            elif line < target:
                low = mid + 1
            else:
                high = mid - 1

        # If we get here, we need to insert the target
        # Find where to insert by seeking to the position where the line would be
        pos = 0
        while low <= high:
            mid = (low + high) // 2
            # Calculate estimated position
            pos = min(mid * avg_line_length, total_bytes - 1)

            # Seek to position and read until we find the line boundary
            f.seek(pos)
            line_start = pos
            while pos < total_bytes:
                char = f.read(1)
                if not char or char == b'\n':
                    break
                pos += 1

            # Read the line
            line = f.read(pos - line_start)
            if not line:
                break

            # Compare with target
            if line < target:
                low = mid + 1
            else:
                high = mid - 1

        # Calculate the insertion position
        if low == 0:
            return 0

        # Find the line at position low-1
        pos = min((low-1) * avg_line_length, total_bytes - 1)
        f.seek(pos)
        line_start = pos
        while pos < total_bytes:
            char = f.read(1)
            if not char or char == b'\n':
                break
            pos += 1

        line = f.read(pos - line_start)
        if not line:
            return 0

        # The insertion point is at the end of this line
        return pos
```

## Important Notes

1. **Performance**: This approach still requires O(log n) seeks, but each seek operation is O(1) on average for files.

2. **Accuracy**: The line position estimation isn't perfect, especially with variable-length lines. The solution might not be exact for all cases.

3. **Alternative Approach**: For very large files, a more sophisticated approach might be needed, such as:
   - Creating a separate index file that maps line numbers to byte positions
   - Using a database or specialized file structure that supports random access to lines

4. **Edge Cases**: The solution handles empty files and files with very short lines, but might need adjustments for specific edge cases

