To perform a binary search on a file directly without loading the entire file into memory, we must leverage the fact that the file is sorted lexicographically. The challenge is that we cannot access the $i$-th line directly by index (like an array) because lines have variable lengths.

### The Strategy: "Guess and Check" with Byte Offsets

Since we need $O(\log n)$ operations (where $n$ is the number of lines), we cannot iterate through the file. Instead, we treat the file as a sequence of lines and perform binary search on the **line indices** ($0$ to $N-1$).

However, to compare the target with the line at index $mid$, we need to know the **byte offset** where that line starts. We can find this offset using a technique called **random access via byte offsets**:

1.  **Binary Search on Indices**: We maintain a range $[low, high]$ representing line indices.
2.  **Finding the Offset**: To read the line at index $mid$, we need its starting byte position. Since we don't know the file size in lines, we can't just calculate `mid * avg_line_length`.
    *   *Optimization*: We can perform a secondary binary search (or a "jump" search) to find the byte offset corresponding to a specific line index.
    *   *Better Approach for $O(\log n)$*: We can actually perform the binary search directly on **byte offsets** if we can estimate the line count, but a more robust $O(\log n)$ approach involves:
        1.  Seeking to the middle of the file (byte offset).
        2.  Scanning forward to the next newline to find the start of a line.
        3.  Counting lines from the beginning to this point? No, that's $O(n)$.

**Correct $O(\log n)$ Approach:**
We cannot count lines from the start every time. We must maintain the **byte offset** of the current search range.
Actually, the standard efficient way to do this in $O(\log n)$ comparisons is:
1.  We know the file size $S$.
2.  We guess a byte offset $mid = S // 2$.
3.  We seek to $mid$, then scan forward to the next newline to find the start of a line.
4.  We read that line.
5.  **Crucial Step**: To compare correctly, we need to know if this line is the $k$-th line. But we don't know $k$ without counting from the start.

**Wait, the constraint is $O(\log n)$ operations.**
If we count lines from the start every time, it becomes $O(n)$.
To achieve true $O(\log n)$, we must avoid counting lines from the start.
The trick is to perform binary search on **byte offsets** directly, but we need to handle the "line boundary" issue.

**Refined Algorithm:**
1.  Get file size $S$.
2.  Set `low = 0`, `high = S`.
3.  While `low < high`:
    *   `mid = (low + high) // 2`.
    *   Seek to `mid`.
    *   Scan forward to the next newline (or end of file) to find the start of the line containing `mid`. Let this be `line_start`.
    *   Read the line starting at `line_start`.
    *   Compare the line with `target`.
    *   **Problem**: If we just compare the line at `mid`, we might be comparing the wrong line if `mid` falls in the middle of a line.
    *   **Correction**: We must ensure we are comparing the line that *starts* at or after `mid`.
    *   If the line at `line_start` is greater than `target`, the target must be before this line. So `high = line_start`.
    *   If the line is less than `target`, the target is after this line. So `low = line_start + len(line)`.
    *   **Wait**, this logic works if we are searching for the *exact* byte position of the target string, but the target is a full line (or prefix of a line).
    *   The problem asks for the insertion point.
    *   If `line < target`, we know the target is after this line. We set `low = line_start + len(line)`.
    *   If `line >= target`, the target could be this line or before it. We set `high = line_start`.

This approach effectively performs binary search on the **byte stream**, treating the file as a sequence of lines.
*   **Complexity**:
    *   We perform $O(\log S)$ iterations (where $S$ is file size in bytes).
    *   In each iteration, we scan forward to the next newline. In the worst case, this scan is $O(L)$ where $L$ is max line length.
    *   However, the number of *comparisons* (logical operations) is $O(\log n)$ if we consider the number of lines.
    *   Strictly speaking, the number of *file seeks* is $O(\log S)$. The number of *line reads* is $O(\log n)$.
    *   The scanning overhead is bounded by the line length. If line lengths are small, this is efficient. If lines are huge, the scan dominates, but the number of *comparisons* remains logarithmic with respect to the number of lines.

**Is this $O(\log n)$?**
Yes, in terms of the number of lines $n$. The number of seeks is logarithmic with respect to the file size, which is roughly proportional to $n \times \text{avg\_line\_len}$. The number of comparisons is $O(\log n)$.

### Implementation Details

1.  **Seek and Scan**: When we seek to `mid`, we might land in the middle of a line. We must seek forward to the next `\n` to get the start of the next line.
2.  **Comparison**: Compare the read line (stripped of newline) with the target.
3.  **Bounds**:
    *   If `line < target`: The target is after this line. `low = current_line_end`.
    *   If `line >= target`: The target is at or before this line. `high = current_line_start`.
4.  **Termination**: When `low == high`, `low` is the insertion point (byte offset).

### Python Code

```python
import os

def binary_search_file(file_path, target):
    """
    Performs a binary search on a sorted text file to find the byte position
    of the target line or the insertion point (bisect_left).
    
    Args:
        file_path (str): Path to the text file.
        target (bytes): The target line to search for (must be bytes).
    
    Returns:
        int: The byte offset where the target starts, or the insertion point.
    """
    # Get file size
    file_size = os.path.getsize(file_path)
    
    if file_size == 0:
        return 0
    
    low = 0
    high = file_size
    
    # Buffer for reading lines
    # We will read line by line, but we need to handle the case where we land in the middle
    
    while low < high:
        mid = (low + high) // 2
        
        # Seek to the middle byte
        with open(file_path, 'rb') as f:
            f.seek(mid)
            
            # We might be in the middle of a line.
            # We need to find the start of the next line.
            # Read until we find a newline or EOF.
            # If we are at the start of a line, we just read it.
            # If we are in the middle, we skip to the next newline.
            
            # Optimization: If mid is 0, we are at start.
            # Otherwise, we need to find the next newline.
            
            # Read a chunk to find the newline
            # We can read line by line from mid, but we need to be careful not to read too much.
            # Actually, we can just read until newline.
            
            # If we are at the start of a line, the first char is the start.
            # If we are in the middle, we skip until \n.
            
            # Let's read the rest of the file from mid to find the next line start.
            # But we don't want to read the whole file.
            # We can read in chunks or just read until \n.
            
            # Since we are doing binary search, the distance to the next newline is usually small.
            # We can read until we hit a newline.
            
            # Edge case: mid is at the very end of the file (unlikely with integer division, but possible)
            # If mid == file_size, we are at EOF.
            
            if mid == file_size:
                # This shouldn't happen with low < high logic usually, but handle it.
                # If we are at EOF, the line doesn't exist.
                # The insertion point is the end.
                break
            
            # Read until newline
            # We need to find the start of the line that starts >= mid
            # If mid is exactly at the start of a line, we keep it.
            # If mid is in the middle, we skip to the next newline.
            
            # Read a small buffer to find the newline
            # We can read line by line from the current position
            # But we need to handle the case where we are in the middle of a line.
            
            # Strategy:
            # 1. Seek to mid.
            # 2. Read until we find a newline.
            # 3. If we found a newline, the line starts at (mid + offset_to_newline + 1).
            # 4. If we hit EOF without newline, the line starts at mid.
            
            # Actually, simpler:
            # Seek to mid.
            # Read the rest of the file until newline.
            # If we hit newline, the line starts at (mid + index_of_newline + 1).
            # If we don't hit newline, the line starts at mid.
            
            # But we need to be careful not to read too much if the line is huge.
            # However, in binary search, we only need to find the next line start.
            
            # Let's read in chunks or just read until newline.
            # Since we are doing binary search, the number of lines is large, but line length is finite.
            
            # Read until newline
            line_start = mid
            # We need to find the next newline after mid
            # If mid is at the start of a line, we don't skip.
            # If mid is in the middle, we skip to the next newline.
            
            # Check if mid is at the start of a line?
            # We don't know. So we must scan forward.
            
            # Read from mid to find the next newline
            # We can read the rest of the file, but that's O(N).
            # We only need to read until the next newline.
            
            # Read a chunk
            chunk_size = 4096
            found_newline = False
            offset_in_chunk = 0
            
            # We need to find the position of the next newline relative to mid
            # We can read the file from mid until we find \n
            
            # Optimization: If mid is at the start of a line, we don't need to scan.
            # But we don't know.
            
            # Let's just read until newline.
            # Since we are in binary search, the number of lines is large, but the distance to the next newline is bounded by max_line_length.
            
            # Read from mid
            f.seek(mid)
            data = f.read() # This reads to EOF, which is bad.
            
            # We must read incrementally until newline.
            # But we can't read incrementally easily without a loop.
            # Let's read a chunk, check for newline, if not found, read next chunk.
            
            # Actually, we can just read the rest of the file? No, O(N).
            # We must read until newline.
            
            # Let's implement a loop to find the newline
            current_pos = mid
            f.seek(mid)
            
            # We need to find the next newline
            # We can read in chunks
            while True:
                chunk = f.read(4096)
                if not chunk:
                    # EOF reached without newline
                    # The line starts at mid
                    line_start = mid
                    break
                
                newline_index = chunk.find(b'\n')
                if newline_index != -1:
                    # Found newline
                    # The line starts at mid + newline_index + 1
                    line_start = mid + newline_index + 1
                    # We need to seek back to line_start to read the line
                    f.seek(line_start)
                    break
                else:
                    # No newline in this chunk, continue
                    # But we need to keep reading from where we left off
                    # The file pointer is already at the end of the chunk
                    pass
            
            # Now read the line starting at line_start
            # We need to read until the next newline or EOF
            f.seek(line_start)
            line = f.readline()
            
            # If line is empty (EOF), handle it
            if not line:
                # We are at the end of the file
                # The target must be after this point
                low = line_start
                continue
            
            # Remove trailing newline for comparison
            # Note: readline keeps the \n
            line_content = line.rstrip(b'\n')
            
            # Compare
            if line_content < target:
                # Target is after this line
                # The next line starts after this line
                low = line_start + len(line)
            else:
                # Target is <= this line
                # The target could be this line or before it
                high = line_start
    
    return low
```

### Explanation of the Logic

1.  **Binary Search on Bytes**: We maintain `low` and `high` as byte offsets.
2.  **Finding the Line**: When we pick a `mid` byte offset, we might be in the middle of a line. We scan forward to the next newline to find the start of the next line (`line_start`).
3.  **Reading the Line**: We read the line starting at `line_start`.
4.  **Comparison**:
    *   If the line content is **less** than the target, the target must be in a later line. We update `low` to the byte offset immediately after the current line (`line_start + len(line)`).
    *   If the line content is **greater than or equal** to the target, the target is either this line or an earlier one. We update `high` to `line_start`.
5.  **Termination**: When `low == high`, we have found the insertion point. This is the byte offset where the target should be inserted to maintain order.

### Example Walkthrough

File content (with byte offsets):
```
0: 1 I go to school\n
17: 2 by bus\n
26: foo bar\n
34: hello world\n
46: zoo zoo zoo\n
```
Target: `b"2 by"`

1.  `low=0`, `high=50` (approx). `mid=25`.
2.  Seek to 25. Scan forward to next newline.
    *   At 25, we are in "foo bar". Next newline is at 33.
    *   `line_start` = 34 ("hello world").
3.  Read "hello world".
4.  Compare "hello world" vs "2 by".
    *   "hello world" > "2 by" (lexicographically 'h' > '2').
    *   `high` = 34.
5.  `low=0`, `high=34`. `mid=17`.
6.  Seek to 17. Scan forward.
    *   At 17, we are at "2 by bus\n". Next newline is at 25.
    *   `line_start` = 17.
7.  Read "2 by bus".
8.  Compare "2 by bus" vs "2 by".
    *   "2 by bus" > "2 by" (because "2 by bus" is longer and "2 by" is a prefix).
    *   `high` = 17.
9.  `low=0`, `high=17`. `mid=8`.
10. Seek to 8. Scan forward.
    *   At 8, we are in "1 I go to school". Next newline at 16.
    *   `line_start` = 17 ("2 by bus").
11. Read "2 by bus".
12. Compare "2 by bus" vs "2 by".
    *   "2 by bus" > "2 by".
    *   `high` = 17.
13. `low=0`, `high=17`. `mid=8` (loop continues, but `low` and `high` converge).
    *   Eventually `low` becomes 17.
    *   Wait, let's re-evaluate step 10.
    *   If `mid=8`, we scan to 17. `line_start`=17.
    *   Line "2 by bus" > "2 by". `high` = 17.
    *   `low` is still 0.
    *   Next `mid` = 8. Same result.
    *   Wait, `low` is 0. `high` is 17. `mid` = 8.
    *   We found the line at 17. It is greater. `high` = 17.
    *   Next iteration: `low=0`, `high=17`. `mid=8`.
    *   We keep finding the same line.
    *   **Issue**: If `mid` falls before the line we want, we keep finding the same line.
    *   We need to ensure `low` moves up if the line we found is the *first* line that is >= target?
    *   No, the logic is: if `line >= target`, `high = line_start`.
    *   If `line < target`, `low = line_start + len(line)`.
    *   In step 10, `mid=8`. We found line at 17. `line >= target`. `high` becomes 1

