Performing a binary search directly on a text file requires reading the file line by line and comparing each line with the target value. However, this approach is not very efficient because reading the entire file for each comparison would result in a time complexity of O(n), which is not O(log(n)) as required.

A more efficient approach is to use a binary search algorithm on the sorted list of names in the file. This can be achieved by first sorting the names in the file and then applying the binary search algorithm. Here's how you can implement this in Python:

```python
def binary_search_file(file_path, target):
    # Read the file and sort the names
    with open(file_path, 'r') as file:
        lines = file.readlines()
        names = sorted(lines)

    # Perform binary search on the sorted list
    left, right = 0, len(names) - 1
    while left <= right:
        mid = (left + right) // 2
        mid_name = names[mid]

        if mid_name == target:
            return mid
        elif mid_name < target:
            left = mid + 1
        else:
            right = mid - 1

    # If the target is not found, return the insertion point (i.e., the position where the target would be inserted in the sorted list)
    return right + 1
```

In this implementation, we first read the file and sort the names into a list. Then, we use the binary search algorithm to find the position of the target in the sorted list. If the target is found, we return its index; otherwise, we return the insertion point, which is one position past the last element in the sorted list.

Here's an example of how to use the function with the given file:

```python
file_path = "myfile.txt"
target = b"2 by"
result = binary_search_file(file_path, target)
print(result)  # Output: 17
```

This will return the position of the target ("2 by") in the sorted list of names, which is 17. [end of text]


