To perform a binary search directly on a text file with $O(\log n)$ complexity, we cannot simply load the file into memory or iterate line by line. Instead, we must treat the file as a sorted array of lines where the "index" is the byte offset.

### The Core Challenge: Random Access to Lines
Standard binary search requires accessing the "middle" element. In a file, we can seek to the middle byte, but that byte might be in the middle of a line. To compare correctly, we must:
1.  **Seek** to the middle byte.
2.  **Align** to the start of the line (by seeking forward to the next newline or backward to the previous newline).
3.  **Read** that specific line.
4.  **Compare** the line with the target.

### Algorithm Steps
1.  **Initialize**: Set `low = 0` and `high = file_size`.
2.  **Loop**: While `low < high`:
    *   Calculate `mid = (low + high) // 2`.
    *   **Seek** to `mid`.
    *   **Find Line Start**:
        *   If `mid` is not at the start of the file, read backwards to find the previous newline (`\n`). If found, the line starts after that newline. If not found (start of file), the line starts at 0.
        *   *Optimization*: If `mid` is very close to `low`, we might just read forward to the next newline to avoid excessive backward seeking, but strictly speaking, we need the line containing `mid`.
    *   **Read Line**: Read the line starting from the calculated position until the next newline.
    *   **Compare**:
        *   If `line == target`: Return the byte position of the line start.
        *   If `line < target`: The target must be in the upper half. Set `low = line_start + len(line) + 1` (skip the current line and its newline).
        *   If `line > target`: The target must be in the lower half. Set `high = line_start`.
3.  **Return**: If the loop finishes without finding the target, `low` represents the insertion point (the byte position where the target would be inserted to maintain order).

### Python Implementation

Here is the robust implementation. It handles the byte-level seeking and line alignment efficiently.

```python
import os

def binary_search_file(file_path, target):
    """
    Performs a binary search on a text file containing lexicographically sorted lines.
    
    Args:
        file_path (str): Path to the text file.
        target (bytes): The byte string to search for.
        
    Returns:
        int: The byte position of the target if found, or the insertion point (bisect_left) if not found.
    """
    if not isinstance(target, bytes):
        target = target.encode('utf-8')

    file_size = os.path.getsize(file_path)
    if file_size == 0:
        return 0

    low = 0
    high = file_size

    with open(file_path, 'rb') as f:
        while low < high:
            mid = (low + high) // 2
            
            # 1. Seek to mid
            f.seek(mid)
            
            # 2. Find the start of the line containing 'mid'
            # If mid is at the very beginning of the file, the line starts at 0.
            if mid == 0:
                line_start = 0
            else:
                # Read a small buffer backwards to find the previous newline
                # We read 1 byte at a time backwards until we find '\n' or hit start of file
                # To be efficient, we can read a chunk, but for safety with line boundaries:
                # We seek back 1 byte, read, check. If not newline, seek back 2, etc.
                # However, reading 1 byte at a time in a loop is slow if lines are huge.
                # Optimization: Read a chunk backwards.
                
                # Let's implement a safe backward search for the newline
                line_start = mid
                # We need to find the last '\n' before 'mid'
                # We can read a chunk of data backwards. 
                # If the file is huge, we don't want to read the whole file.
                # We assume lines aren't millions of bytes long.
                
                # Strategy: Read backwards in chunks until we find a newline or hit 0
                chunk_size = 1024
                pos = mid
                found_newline = False
                
                while pos > 0:
                    read_size = min(chunk_size, pos)
                    pos -= read_size
                    f.seek(pos)
                    chunk = f.read(read_size)
                    
                    # Find the last newline in this chunk
                    last_newline_idx = chunk.rfind(b'\n')
                    
                    if last_newline_idx != -1:
                        # Found a newline in this chunk
                        line_start = pos + last_newline_idx + 1
                        found_newline = True
                        break
                    # If no newline, continue to previous chunk
                
                if not found_newline:
                    # No newline found before mid, so line starts at 0
                    line_start = 0

            # 3. Read the line starting at line_start
            f.seek(line_start)
            line = f.readline() # Reads until \n or EOF
            
            # 4. Compare
            # Note: readline() includes the \n. We should compare the content without \n 
            # OR compare including \n if the target includes it. 
            # The problem implies target is a substring or full line content.
            # Usually, for "bisect" on lines, we compare the line content.
            # Let's strip the trailing newline for comparison if it exists.
            
            line_content = line.rstrip(b'\n\r')
            
            if line_content == target:
                return line_start
            elif line_content < target:
                # Target is in the upper half.
                # Move low to the byte after the current line (current line + newline)
                low = line_start + len(line)
            else:
                # Target is in the lower half.
                # Move high to the start of the current line
                high = line_start

    return low

# --- Example Usage ---
if __name__ == "__main__":
    # Create the example file
    content = b"1 I go to school\n2 by bus\nfoo bar\nhello world\nzoo zoo zoo\n"
    filename = "myfile.txt"
    
    with open(filename, "wb") as f:
        f.write(content)

    # Test case: search for "2 by"
    # The line "2 by bus" starts at byte 17 (0-indexed)
    # "1 I go to school\n" is 17 bytes long (indices 0-16).
    # So "2 by bus" starts at 17.
    
    target = b"2 by"
    result = binary_search_file(filename, target)
    
    print(f"Target: {target}")
    print(f"Found at byte position: {result}")
    
    # Verification
    with open(filename, "rb") as f:
        f.seek(result)
        line = f.readline()
        print(f"Line at position {result}: {line}")
        
    # Test insertion point (not found)
    target_missing = b"2 by bus" # Exact match
    result_exact = binary_search_file(filename, target_missing)
    print(f"Exact match '2 by bus' at: {result_exact}")
    
    target_missing2 = b"2 by car" # Should insert after "2 by bus"
    result_ins = binary_search_file(filename, target_missing2)
    print(f"Insertion point for '2 by car': {result_ins}")
```

### Explanation of the Logic

1.  **Byte Alignment**: The critical part is `line_start`. If we seek to `mid` and it lands in the middle of "hello world", we must find the start of that line to compare it correctly against the target. The code reads backwards in chunks to find the preceding `\n`.
2.  **Comparison**: We strip the trailing newline (`\n` or `\r\n`) from the read line before comparing with the target. This ensures that `b"2 by"` matches the line `b"2 by bus"` only if the target is the full line content?
    *   *Correction on the prompt's example*: The prompt asks to search for `b"2 by"` and return the position of the line containing it? Or does it imply the file contains lines that are exactly the target?
    *   The prompt says: "lines that contain names sorted". And the example `binary_search_file("myfile.txt", b"2 by")` returns `17`.
    *   Looking at the file:
        *   Line 1: `1 I go to school` (17 bytes including newline)
        *   Line 2: `2 by bus` (starts at 17)
    *   If the target is `b"2 by"`, and the line is `b"2 by bus"`, a standard string comparison `b"2 by bus" < b"2 by"` is **False** (because "2 by bus" > "2 by").
    *   However, if the target is meant to be the **prefix** or the user implies the line *is* the target, the logic changes.
    *   **Re-reading the prompt carefully**: "lines that contain names sorted". The example `b"2 by"` returning `17` (the start of the line `2 by bus`) suggests the search is looking for the line that **starts with** the target, or the target is a prefix of the line.
    *   *Wait*, standard `bisect_left` on a list of strings `["1 I go to school", "2 by bus", ...]` searching for `"2 by"`:
        *   `"1 I go to school" < "2 by"` -> True.
        *   `"2 by bus" < "2 by"` -> False (because "2 by bus" is longer and starts with "2 by", so it is greater).
        *   So `bisect_left` would return the index of `"2 by bus"`.
    *   Therefore, the comparison logic `line_content < target` is correct for `bisect_left` semantics. If `line_content` is "2 by bus" and target is "2 by", "2 by bus" is NOT less than "2 by". So we go left? No.
        *   If `line > target`: go left (`high = line_start`).
        *   If `line < target`: go right (`low = ...`).
        *   Here: `line` ("2 by bus") > `target` ("2 by"). So we set `high = line_start`.
        *   This effectively finds the first line that is `>= target`.
        *   If the file has `["2 by", "2 by bus"]`, searching for `2 by` returns the first one.
        *   If the file has `["2 by bus"]`, searching for `2 by` returns the position of `2 by bus` because `2 by bus` is the first element `>= 2 by`.
    *   This matches the requirement: "returns the insertion point (as in bisect_left)".

3.  **Complexity**:
    *   The loop runs $O(\log N)$ times where $N$ is the number of lines.
    *   Inside the loop, seeking and reading a line is $O(1)$ relative to $N$ (assuming line length is bounded or small compared to file size, or we treat line reading as a constant cost operation for the complexity analysis of the search algorithm).
    *   Total time: $O(\log N)$.

### Key Edge Cases Handled
*   **Target not found**: Returns the byte offset where it should be inserted.
*   **Target at start/end**: Handled by `low` and `high` logic.
*   **Midpoint in middle of line**: Handled by the backward search for `\n`.
*   **Empty file**: Returns 0.
*   **Binary mode**: The function operates on bytes (`rb`), ensuring exact byte position matching as requested. [end of text]


