<|channel>thought
<channel|>### Discussion: Binary Search on a File

Performing a binary search on a file is more complex than on an in-memory array because **lines have variable lengths**. In a standard array, the middle element is at `index = (low + high) // 2`. In a file, the middle "index" is a byte offset, but jumping to the middle of a file likely lands you in the middle of a word or a line, rather than at the start of a new record.

#### The Algorithm
To achieve $O(\log(\text{file\_size}))$ complexity, we follow these steps:

1.  **Initialize Bounds:** Set `low = 0` and `high = file_size`.
2.  **Jump to Midpoint:** Calculate `mid = (low + high) // 2`.
3.  **Align to Line Boundary:** Since `mid` might be in the middle of a line, we must "re-sync" to the start of the next logical record. We do this by reading from `mid` until we encounter a newline character (`\n`).
4.  **Compare:** Once aligned, read the full line and compare it to the `target`.
5.  **Adjust Bounds:**
    *   If `line < target`: The target must be further down. Set `low = current_line_start + line_length`.
    *   If `line >= target`: The target is at this position or earlier. Set `high = current_line_start`.
6.  **Termination:** When `low == high`, we have found the insertion point.

**Complexity Note:** While we perform $O(\log(\text{file\_size}))$ seeks, each seek involves reading a small amount of data to find the newline. This remains highly efficient for large files.

---

### Python Implementation

```python
import os

def binary_search_file(file_path, target):
    """
    Performs a binary search on a file containing lexicographically sorted lines.
    Returns the byte position of the target or the insertion point.
    
    :param file_path: Path to the text file.
    :param target: The byte string to search for.
    :return: The byte offset (int).
    """
    file_size = os.path.getsize(file_path)
    low = 0
    high = file_size

    with open(file_path, 'rb') as f:
        while low < high:
            mid = (low + high) // 2
            
            # 1. Move to the start of the next full line
            f.seek(mid)
            
            # If we aren't at the very beginning, skip the partial line 
            # we landed in by reading until the next newline.
            if mid != 0:
                line_start = f.readline()
                # line_start is the content from 'mid' to the next '\n'
                # The actual start of the NEXT line is:
                current_pos = f.tell()
            else:
                # If mid is 0, we are already at the start of a line
                current_pos = 0
                line_start = f.readline()

            # 2. Handle the case where we reached EOF during alignment
            if not line_start:
                # If we couldn't read a line, mid was likely near the end
                high = mid
                continue

            # 3. Compare the line found at this position
            # Note: line_start includes the newline character
            if line_start < target:
                # Target is further in the file
                low = current_pos
            else:
                # Target is at this position or earlier
                # We must check if the target matches the line exactly 
                # or if the target is actually the start of this line.
                # To mimic bisect_left, we move high to the start of this line.
                
                # We need to find where this line actually started.
                # Since we jumped to 'mid' and then read, we need to 
                # backtrack to find the beginning of the line containing 'mid'.
                # However, a simpler way for bisect_left is to treat 'mid' 
                # as the potential start and adjust high.
                
                # Let's refine: we need the start of the line that 'mid' belongs to.
                # But the logic above actually finds the line *after* mid.
                # Let's use a more robust approach for the 'high' boundary.
                high = mid
                
                # To ensure we don't get stuck in an infinite loop when mid 
                # lands in the middle of a line, we must ensure 'high' 
                # always moves to a valid line start.
                # Let's re-calculate 'high' to be the start of the line we just read.
                # But wait, the standard bisect logic is simpler:
                # If line >= target, the insertion point is <= the start of this line.
                # We need to find the start of the line that 'mid' landed in.
                
                # Let's use a helper to find the start of the line containing 'mid'
                f.seek(mid)
                # If mid is not 0, find the previous newline
                if mid > 0:
                    # This is a bit slow, but ensures correctness for the boundary
                    # In a production system, you'd optimize this.
                    search_pos = mid
                    while search_pos > 0:
                        search_pos -= 1
                        f.seek(search_pos)
                        if f.read(1) == b'\n':
                            break
                    else:
                        search_pos = 0
                    high = search_pos + 1
                else:
                    high = 0
                
                # If we've narrowed it down to a single byte or the logic 
                # is stuck, break to prevent infinite loop.
                if low == high:
                    break
                    
        # Final check: The loop above is complex due to variable line lengths.
        # Let's use a cleaner version of the logic.
        return _refined_binary_search(file_path, target)

def _refined_binary_search(file_path, target):
    """A cleaner, more robust implementation of the logic."""
    file_size = os.path.getsize(file_path)
    low = 0
    high = file_size

    with open(file_path, 'rb') as f:
        while low < high:
            mid = (low + high) // 2
            f.seek(mid)
            
            # Align to the start of the line
            if mid != 0:
                # Read until we find a newline to get to the start of the NEXT line
                f.readline()
                line_start_pos = f.tell()
            else:
                line_start_pos = 0
            
            # If we are at the end of the file
            if line_start_pos >= file_size:
                high = mid
                continue

            f.seek(line_start_pos)
            line = f.readline()
            
            if line < target:
                low = line_start_pos + len(line)
            else:
                # The target is at or before this line
                # We need to find the start of the line that 'mid' was in
                # to properly set the 'high' boundary for bisect_left.
                f.seek(mid)
                if mid == 0:
                    high = 0
                else:
                    # Find the start of the line containing 'mid'
                    # We do this by seeking backwards from mid
                    curr = mid
                    while curr > 0:
                        curr -= 1
                        f.seek(curr)
                        if f.read(1) == b'\n':
                            break
                    else:
                        curr = 0
                    high = curr + 1
                
                # If we've converged
                if low >= high:
                    break
        
        # After the loop, 'low' is our insertion point.
        # We must verify if 'low' is actually the start of a line.
        # If 'low' is in the middle of a line, we must move it to the start.
        if low < file_size:
            f.seek(low)
            if low > 0:
                # Check if we are in the middle of a line
                f.seek(low - 1)
                if f.read(1) != b'\n':
                    # We are in the middle of a line, move to the start of it
                    # This is actually not needed for bisect_left, 
                    # but for the specific requirement of returning the byte position.
                    # However, the prompt asks for the position of the target.
                    pass 
        
        # Final verification for the specific example requirement
        f.seek(low)
        # If the line at 'low' starts with target, return 'low'
        # Otherwise, 'low' is the insertion point.
        return low

# Test with the example provided
if __name__ == "__main__":
    # Create dummy file
    content = b"1 I go to school\n2 by bus\nfoo bar\nhello world\nzoo zoo zoo\n"
    with open("myfile.txt", "wb") as f:
        f.write(content)

    result = _refined_binary_search("myfile.txt", b"2 by")
    print(f"Result: {result}") # Expected: 17
```

### Key Implementation Details:
1.  **`f.seek()` and `f.tell()`**: These are essential for moving the file pointer to specific byte offsets without loading the whole file into memory.
2.  **The "Backwards" Search**: When `line >= target`, we know the insertion point is at or before the current line. To ensure we don't skip the target, we find the exact byte where the current line starts by scanning backwards for `\n`.
3.  **Edge Cases**: The code handles `mid=0` (start of file) and cases where `mid` lands at the very end of the file.
4.  **Complexity**: The number of `seek` operations is $O(\log(\text{file\_size}))$. The backward scan is technically $O(\text{max\_line\_length})$, which is considered constant relative to the file size in most practical applications. [end of text]


