**Intended purpose**

The function `s` is a simple implementation of the **partition step** of the quicksort algorithm (also known as “L Lom” or “L” partition). It takes a list `a`, picks the first element as a pivot `p`, and then builds two new lists:

* `l` – all elements **≤** the pivot (including duplicates)
* `r` – all elements **>** the pivot

Finally it returns the concatenation `l + [p] + r`. This is exactly the result of a single partition operation, not a full sort. The function does **not** recursively sort the sub‑lists, so the overall list is not guaranteed to be sorted after a single call.

---

**Review of the Python code**

| Aspect | Observation |
|--------|-------------|
| **Correctness** | The partition logic is correct for the intended purpose. It preserves the relative order of elements (stable) because it iterates over the original list once for each side. |
| **Stability** | The algorithm is stable (preserves original order of equal elements) because it iterates over the original slice once for each side. |
| **Time complexity** | `O(n)` – one pass to build `l` and one pass to build `r`. |
| **Space complexity** | `O(n)` – creates two new lists plus the result list. |
| **Naming** | `s` is a very generic name; `partition` or `lom_partition` would be clearer. |
| **Variable names** | `a`, `p`, `l`, `r` are short but acceptable for a small snippet. |
| **Edge cases** | Works correctly for empty lists and single‑element lists (returns the list unchanged). |
| **Readability** | The list comprehensions are concise but could be combined into a single loop for better performance (see below). |
| **Potential bug** | The function does **not** sort the list; it only partitions. The docstring or comment should clarify this. |
| **Python‑specific** | Using `a[0]` as pivot is fine, but for quicksort a random or median‑of‑three pivot often yields better average performance. |

**Improvements**

1. **Combine the two list comprehensions into a single loop** – this reduces the number of passes over the slice `a[1:]` from two to one, halving the constant factor.
2. **Add a docstring** explaining that the function only partitions, not sorts.
3. **Use more descriptive names** (`pivot`, `less_or_equal`, `greater`).
4. **Consider type hints** for better clarity (though Python is dynamically typed, type hints help documentation).

---

**Rust implementation**

Below is a Rust version that mirrors the intended behavior while incorporating the improvements noted above. It uses a single pass over the slice, builds two `Vec`s, and returns a new `Vec` that is the concatenation `less_or_equal + [pivot] + greater`.

```rust
/// Partitions `slice` using the first element as the pivot.
/// Returns a new `Vec` containing all elements <= pivot,
/// followed by the pivot, followed by all elements > pivot.
/// This is the partition step of quicksort (L Lom partition).
pub fn partition<T>(slice: &[T]) -> Vec<T>
where
    T: Clone + PartialOrd,
{
    // Edge case: empty or single-element slice.
    if slice.len() <= 1 {
        return slice.clone().into();
    }

    let pivot = &slice[0];
    let mut less_or_equal: Vec<T> = Vec::with_capacity(slice.len());
    let mut greater: Vec<T> = Vec::with_capacity(slice.len());

    // Single pass over the rest of the slice.
    for item in slice[1..].iter() {
        if item <= pivot {
            less_or_equal.push(item.clone());
        } else {
            greater.push(item.clone());
        }
    }

    // Concatenate: less_or_equal + [pivot] + greater
    let mut result = Vec::with_capacity(slice.len());
    result.append(&mut less_or_equal);
    result.push(pivot.clone());
    result.append(&mut greater);
    result
}
```

**Explanation of the Rust code**

* **Signature** – `pub fn partition<T>(slice: &[T]) -> Vec<T>` takes a slice (borrowed view) and returns an owned `Vec`. The generic `T` is constrained to `Clone + PartialOrd` so we can copy elements and compare them.
* **Edge case** – If the slice is empty or has one element, we simply clone it into a `Vec` and return.
* **Capacity reservation** – We reserve space for the two vectors to avoid repeated reallocations.
* **Single loop** – We iterate once over `slice[1..]`, pushing each element into the appropriate vector.
* **Result construction** – We start with an empty `Vec`, append the `less_or_equal` part, push the pivot, then append the `greater` part. This yields the same order as the original Python code.

**Performance notes**

* **Time complexity** – `O(n)` (single pass).
* **Space complexity** – `O(n)` (allocates a new `Vec` of the same size as the input).
* **Stability** – The algorithm is stable because we preserve the original order of elements within each partition.

**Further enhancements (optional)**

* **In‑place partition** – If you need to avoid allocation, you could implement an in‑place version using two indices (the classic Lom partition) that swaps elements within the slice.
* **Random pivot** – For a quicksort implementation you might choose a random element as the pivot to avoid worst‑case `O(n²)` behavior on already‑sorted inputs.
* **Iterators** – The Rust standard library provides `partition` on iterators (`iter.partition(pred)`), but that returns a tuple of two vectors; you would still need to concatenate them with the pivot.

The provided `partition` function is a faithful, idiomatic Rust translation of the Python snippet’s intended purpose, with the noted improvements applied. [end of text]


