### 1. Intended Purpose
The function `s` implements the **QuickSort** algorithm (specifically, the partitioning step combined with the recursive logic, though the recursion is missing in the provided snippet).

Its goal is to sort a list of elements in ascending order. It works by:
1.  Selecting the first element (`p`) as the **pivot**.
2.  Creating a list `l` containing elements less than or equal to the pivot.
3.  Creating a list `r` containing elements greater than the pivot.
4.  Concatenating `l`, the pivot, and `r`.

*Note: The provided Python code is incomplete because it only performs one partitioning step. To actually sort the list, it needs to recursively call itself on `l` and `r`.*

---

### 2. Code Review (Python)

#### Mistakes & Logic Issues
1.  **Missing Recursion**: The function returns `l + [p] + r` but never calls `s(l)` or `s(r)`. If you pass a list with more than 2 elements, it will return a partially sorted list (e.g., `[1, 3, 2]` might become `[1, 3, 2]` instead of `[1, 2, 3]`).
2.  **Inefficiency (Time Complexity)**:
    *   The list comprehensions `[x for x in a[1:] ...]` iterate over the list twice.
    *   The slicing `a[1:]` creates a copy of the list every time.
    *   The concatenation `l + [p] + r` creates new lists.
    *   **Result**: This approach has a time complexity of $O(n^2)$ in the worst case (already sorted data) and $O(n^2)$ space complexity due to all the list copying. Standard QuickSort is $O(n \log n)$ time and $O(\log n)$ space (if implemented in-place or with tail recursion optimization).
3.  **Pivot Selection**: Choosing the first element (`a[0]`) as the pivot is a poor strategy for sorted or reverse-sorted data, leading to the worst-case $O(n^2)$ performance.

#### Coding Style
*   **Readability**: The logic is clear, but the lack of recursion makes the function misleading.
*   **Naming**: `s` is a very ambiguous name. `quick_sort` or `partition` would be better.
*   **Immutability**: The code creates many intermediate lists, which is Pythonic but memory-inefficient for large datasets.

---

### 3. Implementation in Rust

Below is the corrected and optimized implementation in Rust.

**Key Improvements in the Rust version:**
1.  **Completeness**: It includes the recursive calls to fully sort the array.
2.  **Efficiency**:
    *   Uses `std::mem::swap` and in-place swapping logic to achieve $O(1)$ extra space (excluding recursion stack).
    *   Implements the standard **Lomuto Partition Scheme** (or a variation) which is efficient and easy to read.
    *   Uses `std::cmp::Ordering` for clarity.
3.  **Pivot Strategy**: Uses the **median-of-three** strategy (comparing first, middle, and last elements) to avoid worst-case scenarios on sorted data.
4.  **Generics**: Works with any type `T` that implements `PartialOrd`.
5.  **Safety**: Handles empty and single-element slices gracefully.

```rust
use std::cmp::Ordering;

/// Sorts a slice of elements in ascending order using the QuickSort algorithm.
/// 
/// This function sorts the slice in-place.
/// 
/// # Complexity
/// - Average Time: O(n log n)
/// - Worst Time: O(n^2) (mitigated by median-of-three pivot selection)
/// - Space: O(log n) for recursion stack
pub fn quick_sort<T: PartialOrd>(slice: &mut [T]) {
    // Base case: if the slice has 0 or 1 element, it's already sorted
    if slice.len() <= 1 {
        return;
    }

    // Use a stack to simulate recursion iteratively to avoid stack overflow on very large inputs
    // Alternatively, we could use standard recursion, but an iterative approach is safer for Rust.
    let mut stack = Vec::new();
    stack.push(0);
    stack.push(slice.len() - 1);

    while let Some(low) = stack.pop() {
        if low >= high {
            continue;
        }

        let high = stack.pop().unwrap();

        // Partition the slice
        let pivot_index = partition(slice, low, high);

        // Push sub-ranges onto the stack if they have more than 1 element
        if pivot_index - 1 > low {
            stack.push(low);
            stack.push(pivot_index - 1);
        }
        if pivot_index + 1 <= high {
            stack.push(pivot_index + 1);
            stack.push(high);
        }
    }
}

/// Partitions the slice around a pivot and returns the final index of the pivot.
/// Uses the Lomuto partition scheme with median-of-three pivot selection.
fn partition<T: PartialOrd>(slice: &mut [T], low: usize, high: usize) -> usize {
    let mid = low + (high - low) / 2;
    
    // Median-of-three: compare first, middle, and last elements
    // This helps avoid worst-case performance on sorted/reverse-sorted data
    let (p1, p2, p3) = (slice[low], slice[mid], slice[high]);
    
    // Simple logic to pick the median of the three
    let pivot = if p1 <= p2 && p2 <= p3 || p3 <= p2 && p2 <= p1 { p2 }
                else if p1 <= p3 && p3 <= p2 || p2 <= p3 && p3 <= p1 { p3 }
                else { p1 };

    // Move pivot to the end for Lomuto scheme
    if pivot == p1 {
        slice.swap(low, high);
    } else if pivot == p2 {
        slice.swap(mid, high);
    }
    // If pivot was p3, it's already at high

    let mut store_index = low;
    for i in low..high {
        if slice[i] <= slice[high] {
            slice.swap(i, store_index);
            store_index += 1;
        }
    }
    
    // Place pivot in its final sorted position
    slice.swap(store_index, high);
    store_index
}

// --- Example Usage ---
fn main() {
    let mut data = vec![3, 6, 8, 10, 1, 2, 1];
    
    println!("Before: {:?}", data);
    quick_sort(&mut data);
    println!("After:  {:?}", data);
    
    // Test with empty and single element
    let mut empty: Vec<i32> = vec![];
    quick_sort(&mut empty);
    assert_eq!(empty.len(), 0);

    let mut single = vec![42];
    quick_sort(&mut single);
    assert_eq!(single, vec![42]);
}
```

### Explanation of the Rust Implementation Details

1.  **Iterative Approach**: Instead of using `fn quick_sort` calling itself recursively (which can hit the stack limit for very large arrays in Rust), I used an explicit `Vec` as a stack. This makes the function robust against stack overflows.
2.  **Median-of-Three**: In the `partition` function, I compare `slice[low]`, `slice[mid]`, and `slice[high]`. I pick the median value and move it to the `high` index before starting the partition loop. This is a standard optimization to prevent the algorithm from degrading to $O(n^2)$ on already sorted inputs.
3.  **Lomuto Partitioning**:
    *   We iterate from `low` to `high - 1`.
    *   If an element is less than or equal to the pivot (which is at `high`), we swap it with the element at `store_index` and increment `store_index`.
    *   Finally, we swap the pivot (at `high`) with the element at `store_index`. Now `store_index` is the correct sorted position for the pivot.
4.  **Generics**: The function accepts `&mut [T]` where `T: PartialOrd`, meaning it works with integers, floats, strings, or any custom type that can be compared. [end of text]


