The Python function `s(a)` is intended to sort a list of numbers in ascending order using a variation of the insertion sort algorithm. The function works by iterating through the list, for each element `x`, it checks if `x` is less than or equal to the pivot `p` (the first element of the list). If `x` is less than or equal to `p`, it is added to the `l` (left) list, otherwise, it is added to the `r` (right) list. After iterating through the entire list, `l`, `p`, and `r` are concatenated to form the sorted list.

Reviewing the code for mistakes and coding style:

1. The function name `s` is not descriptive. It would be better to use a more descriptive name like `sort_list`.
2. The function does not handle non-list inputs. It would be good to add a type check at the beginning of the function.
3. The function does not handle empty lists or lists with one element. While these cases are handled correctly, it would be good to document this behavior.
4. The variable `p` is not explicitly defined as `None` before the conditional check, which is not necessary but can be considered good practice.
5. The function uses list comprehensions, which is a good practice in Python. However, it could be made more readable by using more descriptive variable names.
6. The function does not handle duplicate values correctly. It places all duplicates on the right side of the pivot, which is not standard behavior for sorting algorithms.

Here's a revised version of the function with improved coding style and efficiency:

```python
def sort_list(input_list):
    """
    Sorts a list of numbers in ascending order using an insertion sort algorithm.

    Args:
        input_list (list): A list of numbers to be sorted.

    Returns:
        list: A new list containing the sorted numbers.

    Raises:
        TypeError: If the input is not a list.
    """
    if not isinstance(input_list, list):
        raise TypeError("Input must be a list.")
    if len(input_list) <= 1:
        return input_list

    pivot = input_list[0]
    left = [x for x in input_list[1:] if x <= pivot]
    right = [x for x in input_list[1:] if x > pivot]

    return left + [pivot] + right
```

Now, let's write an equivalent function in Rust:

```rust
fn sort_list(input_list: Vec<i32>) -> Vec<i32> {
    if input_list.len() <= 1 {
        return input_list;
    }

    let mut pivot = input_list[0];
    let mut left = Vec::new();
    let mut right = Vec::new();

    for &x in &input_list[1..] {
        if x <= pivot {
            left.push(x);
        } else {
            right.push(x);
        }
    }

    left.extend(vec![pivot].into_iter());
    left.extend(right.into_iter());

    left
}
```

In Rust, we use `Vec<i32>` to represent a list of integers. The `sort_list` function checks if the input vector has one or fewer elements and returns it as is. Otherwise, it initializes `pivot` with the first element and iterates over the rest of the vector, partitioning elements into `left` and `right` vectors based on their comparison with the pivot. Finally, it concatenates `left`, `pivot`, and `right` into a new sorted vector. Note that Rust's `extend` method is used to append vectors, and `into_iter` is used to consume the `left` vector and convert it into an iterator. [end of text]


