**Intended Purpose**

The function `s(a)` implements the classic **quicksort** partition step (also known as *in-place partition* but implemented here as a functional, non-in-place version). It selects the first element as the pivot `p`, then creates two lists: `l` containing elements less than or equal to the pivot, and `r` containing elements greater than the pivot. Finally, it returns the concatenation `l + [p] + r`.

However, this is **not a complete quicksort** because it doesn't recursively sort the sublists `l` and `r`. It only performs a single partition pass, producing a list where all elements ≤ pivot appear before the pivot, and all greater elements appear after it. This is sometimes called **"partition"** or **"Dutch National Flag"** partition (though the classic Dutch National Flag handles three-way partitioning).

---

**Review of the Python Code**

| Aspect | Comment |
|--------|---------|
| **Correctness** | The function works as intended for the partition step. However, it is incomplete as a sorting algorithm because it doesn't recurse into `l` and `r`. |
| **Efficiency** | It iterates over `a[1:]` twice, making two passes. This can be reduced to a single pass using a loop or `itertools`. Also, creating new lists for every call (without recursion) is memory-inefficient for large inputs. |
| **Style** | The use of list comprehensions is fine, but the variable names `l` and `r` are too short and unclear. The trailing comma in `[p,]` is unnecessary. |
| **Edge Cases** | Works for empty lists and single-element lists (returns them as-is). |
| **Stability** | The partition is **not stable** because relative order of equal elements (those ≤ pivot) is not preserved relative to each other (though they all end up before the pivot). |

---

**Improved Python Version (with recursion for full quicksort)**

```python
def quicksort(a):
    if len(a) <= 1:
        return a
    pivot = a[0]
    less_or_equal = [x for x in a[1:] if x <= pivot]
    greater = [x for x in a[1:] if x > pivot]
    return quicksort(less_or_equal) + [pivot] + quicksort(greater)
```

---

**Rust Implementation**

Below is a Rust implementation that mirrors the logic, with proper idioms, memory safety, and efficiency considerations.

```rust
/// Partitions the slice into elements less than or equal to pivot and greater than pivot.
/// Returns a new vector with the partitioned result (not fully sorted).
fn partition<T: PartialOrd>(slice: &[T]) -> Vec<T> 
where
    T: Clone, // Clone required to avoid moving elements out of slice
{
    if slice.is_empty() {
        return vec![];
    }

    let pivot = &slice[0];
    let mut less_or_equal: Vec<T> = Vec::new();
    let mut greater: Vec<T> = Vec::new();

    for item in slice.iter().skip(1) {
        if item <= pivot {
            less_or_equal.push(item.clone());
        } else {
            greater.push(item.clone());
        }
    }

    less_or_equal.push(pivot.clone());
    less_or_equal.extend(greater);
    less_or_equal
}

/// Full quicksort implementation using the partition function above.
fn quicksort<T: PartialOrd>(mut slice: Vec<T>) -> Vec<T>
where
    T: Clone,
{
    if slice.len() <= 1 {
        return slice;
    }

    let pivot_index = 0;
    let pivot = slice[pivot_index].clone();

    let mut less_or_equal: Vec<T> = Vec::new();
    let mut greater: Vec<T> = Vec::new();

    for (i, item) in slice.iter().enumerate() {
        if i == pivot_index {
            continue;
        }
        if item <= &pivot {
            less_or_equal.push(item.clone());
        } else {
            greater.push(item.clone());
        }
    }

    let mut result = quicksort(less_or_equal);
    result.push(pivot);
    result.extend(quicksort(greater));
    result
}

fn main() {
    let data = vec![3, 6, 8, 10, 1, 2, 1];
    println!("Original: {:?}", data);
    println!("Partitioned: {:?}", partition(&data));
    println!("Sorted: {:?}", quicksort(data));
}
```

**Key improvements in Rust version:**

1. **Single-pass partition**: Iterates once over the slice instead of twice (as in the Python version).
2. **Type safety**: Uses generics `T: PartialOrd` to work with any comparable type.
3. **Cloning**: Since we need to reuse the pivot and move elements into new vectors, we use `.clone()`. In a more advanced version, we could use references or indices to avoid cloning.
4. **Recursion**: The `quicksort` function recursively sorts both partitions, making it a complete sorting algorithm.
5. ** Idiomatic Rust**: Uses iterators, `Vec::new()`, `push`, and `extend`.

**Note**: This Rust implementation is not in-place. For an in-place version, you would use mutable slices and swap logic, which is more complex but more memory-efficient. [end of text]


