 The given Python function `s(a)` appears to be intended to sort a list `a` in ascending order using a variant of the insertion sort algorithm. The function iterates through the list, and for each element, it finds the correct position in the already sorted portion of the list (to the left of the current element) and inserts the element there.

Here are some points to consider regarding the code:

1. **Mistakes/Issues**:
   - The function modifies the input list `a` in place, which may not be expected behavior for a sorting function. It's generally a good practice to return a new sorted list rather than modifying the input list.
   - The function uses list comprehensions to create `l` (left part) and `r` (right part), which is fine, but it's not the most efficient way to implement insertion sort.
   - The function does not handle duplicate values explicitly, but it will work correctly for duplicates since it places elements in the correct position.

2. **Coding Style**:
   - The code is relatively clean and readable.
   - Variable names are clear and descriptive.
   - The function has a single responsibility, which is to sort the list.

3. **Efficiency**:
   - The algorithm has a time complexity of O(n^2) in the worst case, which is typical for insertion sort.
   - The space complexity is O(n) due to the additional lists created for the left and right parts.

4. **Implementation Details**:
   - The function could be improved by returning a new list instead of modifying the input list.
   - The function could be made more efficient by avoiding the creation of additional lists and instead performing the insertion in place.

Here is a revised version of the function in Rust, which addresses the above points:

```rust
fn insertion_sort(arr: &mut Vec<i32>) {
    for i in 1..arr.len() {
        let mut j = i;
        while j > 0 && arr[j - 1] > arr[j] {
            arr.swap(j - 1, j);
            j -= 1;
        }
    }
}

fn main() {
    let mut arr = vec![3, 1, 4, 1, 5, 9, 2, 6, 5, 3, 5];
    insertion_sort(&mut arr);
    println!("{:?}", arr);
}
```

**Explanation**:
- The Rust function `insertion_sort` takes a mutable reference to a vector of integers and sorts it in place using the insertion sort algorithm.
- The function iterates through the vector, and for each element, it finds the correct position in the already sorted portion of the vector and inserts the element there.
- The function does not return a new vector; instead, it modifies the input vector in place, which is a common practice for sorting functions in Rust.
- The function has a time complexity of O(n^2) in the worst case and a space complexity of O(1), which is more efficient than the original Python code.
- The function uses the `swap` method to swap elements in the vector, which is a common idiom in Rust for swapping values.
- The `main` function demonstrates how to use the `insertion_sort` function with a sample vector. [end of text]


