### 1. Intended Purpose
The intended purpose of the Python code is to implement the **Quicksort** sorting algorithm.

Specifically, it attempts to:
1.  Define a base case where lists of length 0 or 1 are already sorted.
2.  Select the first element (`a[0]`) as the **pivot**.
3.  Partition the remaining elements into two lists:
    *   `l`: Elements less than or equal to the pivot.
    *   `r`: Elements strictly greater than the pivot.
4.  Recursively sort these partitions and concatenate them (`l + [p] + r`) to produce the final sorted list.

---

### 2. Code Review

While the logic mimics Quicksort, the provided code contains a **critical logical error** that prevents it from actually sorting the data, along with several style and efficiency issues.

#### A. Critical Logical Mistake
**The recursion is missing.**
In the return statement:
```python
return l + [p,] + r
```
The function returns the concatenation of the left partition, the pivot, and the right partition. However, it **never calls itself** (`s(l)` and `s(r)`) on the partitions.
*   **Result:** The function merely moves elements smaller than the first element to the front and larger elements to the back. It performs a single partitioning step but does not recursively sort the sub-lists. The output will not be sorted unless the input was already nearly sorted relative to the first element.

#### B. Efficiency Issues
1.  **Time Complexity:**
    *   Because recursion is missing, the current code runs in $O(N)$ time but produces incorrect results.
    *   If fixed to be recursive, this specific implementation (using list comprehensions to create new lists at every step) has an average time complexity of $O(N \log N)$ but a worst-case of $O(N^2)$ (e.g., if the input is already sorted).
2.  **Space Complexity:**
    *   This implementation creates new lists (`l` and `r`) at every recursive call. This results in $O(N \log N)$ average space complexity (or $O(N^2)$ worst-case) due to memory allocation for intermediate lists. An in-place version would be $O(\log N)$ stack space.
3.  **Multiple Passes:**
    *   The code iterates over `a[1:]` twice: once to build `l` and once to build `r`. A standard partition loop does this in a single pass.

#### C. Coding Style & Best Practices (Python)
1.  **Naming:** The function name `s` and variable names `a`, `p`, `l`, `r` are not descriptive. `sort_list`, `arr`, `pivot`, `left`, `right` would be much clearer.
2.  **Syntax:** `[p,]` is valid Python but unnecessary; `[p]` is the standard convention.
3.  **Type Safety:** There are no type hints. In modern Python, adding `List[int]` or `Sequence` types improves readability and tooling support.
4.  **Slicing:** `a[1:]` creates a copy of the list slice, adding unnecessary memory overhead before the partitioning even begins.

---

### 3. Rust Implementation

Below is the corrected and optimized implementation in **Rust**.

**Improvements made in this version:**
1.  **Correct Logic:** Implements actual recursive calls to sort the left and right partitions.
2.  **Idiomatic Rust:** Uses pattern matching, ownership transfer, and standard library features.
3.  **Generic:** Works with any type `T` that can be ordered (`Ord`) and cloned (necessary for this specific "create new vectors" approach).
4.  **Single Pass Partitioning:** Uses `partition` logic (conceptually) or iterators to avoid manual double-looping, though Rust's `filter` creates new vectors similarly to the Python list comprehension. To stay true to the functional style of the original Python snippet while fixing the bug, this version uses `filter` but adds the missing recursion.
5.  **Safety:** Handles empty slices gracefully without panicking.

```rust
/// Sorts a vector of elements using the Quicksort algorithm.
///
/// This implementation follows the functional style of the original Python snippet:
/// it creates new vectors for partitions rather than sorting in-place.
///
/// # Arguments
///
/// * `arr` - A vector of elements implementing `Ord` and `Clone`.
///
/// # Returns
///
/// * A new sorted vector.
fn quicksort<T: Ord + Clone>(arr: Vec<T>) -> Vec<T> {
    // Base case: vectors with 0 or 1 element are already sorted
    if arr.len() <= 1 {
        return arr;
    }

    // Select the first element as the pivot
    // We use into_iter() to take ownership and avoid cloning the pivot unnecessarily later,
    // but since we need to split the rest, we collect the tail first.
    let mut iter = arr.into_iter();
    let pivot = iter.next().unwrap(); // Safe because len > 1

    // Partition the remaining elements
    // Using filter to create 'left' (<= pivot) and 'right' (> pivot)
    // Note: In a performance-critical Rust app, an in-place sort (std::sort) or 
    // a mutable index-based partition is preferred to avoid allocations.
    let left: Vec<T> = iter.clone().filter(|x| x <= &pivot).collect();
    let right: Vec<T> = iter.filter(|x| x > &pivot).collect();

    // Recursively sort partitions and concatenate
    // This was the missing step in the original Python code
    let mut sorted_left = quicksort(left);
    let sorted_right = quicksort(right);

    // Efficiently concatenate: left + [pivot] + right
    sorted_left.push(pivot);
    sorted_left.extend(sorted_right);

    sorted_left
}

fn main() {
    let data = vec![3, 6, 1, 5, 2, 4];
    println!("Original: {:?}", data);
    
    let sorted = quicksort(data);
    println!("Sorted:   {:?}", sorted);

    // Test with edge cases
    println!("Empty:    {:?}", quicksort(Vec::<i32>::new()));
    println!("Single:   {:?}", quicksort(vec![42]));
}
```

### Key Differences in the Rust Approach
*   **Ownership:** The function takes ownership of the input `Vec<T>` (`arr`), allowing us to consume it and build new vectors without excessive referencing logic.
*   **Recursion:** The calls `quicksort(left)` and `quicksort(right)` ensure the list is actually sorted.
*   **Concatenation:** Instead of creating a new list for the final merge immediately, we push the pivot onto the sorted left vector and extend it with the sorted right vector. This minimizes intermediate allocations slightly compared to `left + [pivot] + right`.
*   **Generics:** The `<T: Ord + Clone>` constraint ensures the function works for integers, strings, or custom structs, provided they can be compared and copied/cloned. [end of text]


