### **Intended Purpose**

The provided Python function `s(a)` appears to be an attempt at implementing a **quicksort partitioning step**, not the full quicksort algorithm. Specifically:

- It takes a list `a`.
- If the list has 0 or 1 elements, it returns the list as-is.
- Otherwise, it selects the **first element** `p = a[0]` as the pivot.
- It partitions the rest of the list into:
  - `l`: elements ≤ pivot
  - `r`: elements > pivot
- Then returns `l + [p] + r`, i.e., the pivot placed between elements less than or equal to it and those greater than it.

However, **this function does not sort the list** — it only performs **one partitioning step**. So its purpose is **partitioning around a pivot**, not full sorting.

But note: **this is not in-place partitioning**, and it's also **not recursively sorting** the sublists. So it's **not a complete sorting algorithm**.

---

### **Code Review**

#### ✅ **What's Correct**
- The base case (`len(a) <= 1`) is correct.
- The pivot selection is standard (though not optimal in all cases).
- The partitioning logic is mostly correct in intent.

#### ❌ **Mistakes & Issues**

1. **Misleading Name**  
   `s` is a terrible name. It gives no clue about the function’s purpose.

2. **Incomplete Algorithm**  
   This is **not sorting**, just one partitioning step. For example:
   ```python
   s([3, 1, 4, 1, 5]) → [1, 1] + [3] + [4, 5] → [1, 1, 3, 4, 5]
   ```
   This *appears* sorted, but try:
   ```python
   s([4, 3, 1, 5, 2]) → [3,1,2] + [4] + [5] → [3,1,2,4,5] → not sorted!
   ```
   So it only works by accident on some inputs.

3. **No Recursion**  
   To be quicksort, it should recursively sort `l` and `r`.

4. **Inefficiency**
   - Iterates over `a[1:]` **twice** (in two list comprehensions).
   - Creates **two new lists** and slices (`a[1:]`), which copies data.
   - Overall time: O(n), space: O(n) — acceptable for functional style, but could be better.

5. **Coding Style**
   - No spaces around operators (PEP 8 violation).
   - Uses `l` and `r` — short and unclear.
   - Uses `[p,]` — valid but unusual; `[p]` is preferred.
   - No docstring or comments.

6. **Edge Case: Empty List**
   - Actually handled correctly due to `len(a) <= 1`.

---

### **Improved Python Version (for reference)**

```python
def quicksort(arr):
    """Return a new sorted list using quicksort."""
    if len(arr) <= 1:
        return arr
    pivot = arr[0]
    left = [x for x in arr[1:] if x <= pivot]
    right = [x for x in arr[1:] if x > pivot]
    return quicksort(left) + [pivot] + quicksort(right)
```

Now it's actually sorting.

---

### ✅ **Rust Implementation (Improved Version)**

We'll implement a **non-mutating, recursive quicksort** in Rust, similar in spirit to the Python version but with better performance, safety, and style.

```rust
fn quicksort<T: Ord + Clone>(arr: &[T]) -> Vec<T> {
    if arr.len() <= 1 {
        return arr.to_vec();
    }

    let pivot = &arr[0];
    let mut left = Vec::new();
    let mut right = Vec::new();

    // Partition in a single pass
    for item in arr.iter().skip(1) {
        if item <= pivot {
            left.push(item.clone());
        } else {
            right.push(item.clone());
        }
    }

    // Recursively sort and concatenate
    let mut result = quicksort(&left);
    result.push(pivot.clone());
    result.extend(quicksort(&right));
    result
}

// Example usage and test
fn main() {
    let unsorted = vec![4, 3, 1, 5, 2];
    let sorted = quicksort(&unsorted);
    println!("{:?}", sorted); // Output: [1, 2, 3, 4, 5]
}

#[cfg(test)]
mod tests {
    use super::*;

    #[test]
    fn test_empty() {
        let empty: Vec<i32> = vec![];
        assert_eq!(quicksort(&empty), vec![]);
    }

    #[test]
    fn test_single() {
        assert_eq!(quicksort(&vec![1]), vec![1]);
    }

    #[test]
    fn test_unsorted() {
        assert_eq!(quicksort(&vec![4, 3, 1, 5, 2]), vec![1, 2, 3, 4, 5]);
    }

    #[test]
    fn test_duplicates() {
        assert_eq!(quicksort(&vec![3, 1, 4, 1, 5]), vec![1, 1, 3, 4, 5]);
    }
}
```

---

### ✅ **Why This Rust Version Is Better**

| Feature | Improvement |
|-------|-------------|
| **Generics** | Works with any `Ord + Clone` type (like strings, tuples, etc.) |
| **Efficiency** | Single pass over data (O(n) per level), avoids double iteration |
| **Memory Safety** | No risk of buffer overflows; uses safe iterators |
| **Immutability** | Doesn't mutate input — functional style like Python |
| **Error Handling** | No panics on empty input (handled gracefully) |
| **Testing** | Includes unit tests |
| **Style** | Clear names, idiomatic Rust (`Vec::new`, `extend`, etc.) |

---

### 🔁 Alternative: In-Place Quicksort (More Efficient)

If performance is critical, an **in-place** version using mutable slices would be better (O(log n) space on average, same time). But that’s more complex and deviates from the original functional style.

---

### ✅ Summary

- **Original Python function**: Intended to be a sorting function, but only does **one partitioning step** — **buggy** as a sorter.
- **Issues**: No recursion, poor naming, inefficient double iteration, no doc.
- **Fix**: Add recursion → becomes quicksort.
- **Rust version**: Generic, safe, efficient, tested, idiomatic.

Let me know if you'd like the **in-place** version in Rust too! [end of text]


