<|im_start|>user
Consider the following python code:

```
def s(a):
    if len(a) <= 1: return a
    p = a[0]
    l = [x for x in a[1:] if x <= p]
    r = [x for x in a[1:] if x > p]
    return l + [p,] + r
```

What is its intended purpose? Then, please review the code, focusing on mistakes (if any), coding style, efficiency, and any other implementation details that may be of note. Finally, write a new function with all your suggested fixes/improvements, but in the Rust language (not in python).
<|im_end|>
<|im_start|>assistant
The intended purpose of the `s` function in Python is to split a list into three parts: elements less than or equal to the first element, the first element itself, and elements greater than the first element. The function does this by comparing each element in the list starting from the second element (index 1) to the first element. If the current element is less than or equal to the first element, it is added to the first part (stored in `l`), otherwise, it is added to the second part (stored in `r`). The first element (`p`) is then added back to the result after the first part.

Here is a brief overview of the function:

- It takes a list `a` as input.
- If the length of `a` is 1 or less, it returns `a` unchanged, as there is nothing to split.
- It initializes `p` as the first element of `a`.
- It uses list comprehensions to create two new lists, `l` and `r`, where `l` contains elements less than or equal to `p` and `r` contains elements greater than `p`.
- It then returns `l`, followed by `p`, followed by `r`, which are all concatenated into one list.

Now, let's review the code:

- The function is well-named and self-documenting, which is a plus for readability.
- The use of list comprehensions to create `l` and `r` is efficient and concise.
- The check for `len(a) <= 1` could be combined with the return statement for better style: `return a if len(a) <= 1 else l + [p,] + r`.
- The variable names `p`, `l`, and `r` are not the most descriptive, but they are clear given the context of the function's purpose.
- The function does not handle the case where the input list is empty. This should be handled with a `assert` or by returning an `Err` in Rust.

Here's how I would implement this function in Rust, taking into account the above points:

```rust
fn split_by_first<T: PartialOrd>(list: &[T]) -> Result<Vec<T>, &'static str> {
    if list.is_empty() {
        return Err("Cannot split an empty list");
    }

    let first_element = list[0];
    let rest_of_list = &list[1..];

    let mut less_than_or_equal = Vec::new();
    let mut greater_than = Vec::new();

    for x in rest_of_list {
        if x <= first_element {
            less_than_or_equal.push(*x);
        } else {
            greater_than.push(*x);
        }
    }

    Ok(less_than_or_equal + vec![first_element] + greater_than)
}

fn main() {
    let list = vec![1, 2, 3, 4, 5];
    let result = split_by_first(&list);
    println!("{:?}", result);
}
```

In Rust, we have to handle the case where the list is empty explicitly, as `len(a) <= 1` would not work for empty slices. We also use `PartialOrd` trait to ensure that the elements of the list can be compared to each other. The function returns a `Result` type, indicating whether the operation was successful or not. The `main` function demonstrates how to call the `split_by_first` function.

The Rust implementation is more verbose than the Python one due to the nature of the language, but it is also more robust and type-safe. It handles the edge case of an empty list, and the function's signature makes it clear what types of elements it can work with. The `Result` type is used to communicate potential errors, which is a key aspect of Rust's error handling.<|im_end|>