<BOS_TOKEN><|START_OF_TURN_TOKEN|><|SYSTEM_TOKEN|><|END_OF_TURN_TOKEN|><|START_OF_TURN_TOKEN|><|USER_TOKEN|>Consider the following python code:

```
def s(a):
    if len(a) <= 1: return a
    p = a[0]
    l = [x for x in a[1:] if x <= p]
    r = [x for x in a[1:] if x > p]
    return l + [p,] + r
```

What is its intended purpose? Then, please review the code, focusing on mistakes (if any), coding style, efficiency, and any other implementation details that may be of note. Finally, write a new function with all your suggested fixes/improvements, but in the Rust language (not in python).
<|END_OF_TURN_TOKEN|><|START_OF_TURN_TOKEN|><|CHATBOT_TOKEN|><|END_OF_TURN_TOKEN|><|START_OF_TURN_TOKEN|><|CHATBOT_TOKEN|>The given Python function `s` appears to be an implementation of a sorting algorithm known as Quicksort. The function takes a list `a` as input and aims to recursively sort the list in ascending order.

Let's review the code and provide feedback:

Mistakes and Bugs:
- The function name `s` is not descriptive, and it's usually recommended to use a more meaningful name that hints at its purpose.
- The base case for the recursion `len(a) <= 1` is correct, but it would be better to use `len(a) < 2` for consistency with other base cases in Python.
- The line `l = [x for x in a[1:] if x <= p]` has a subtle bug. It should be `l = [x for x in a[1:] if x < p]` (replace `<=` with `<`). This is because all elements equal to the pivot should be in the right partition, not the left one.

Coding Style and Efficiency:
- The code is concise and uses list comprehensions for filtering, which is efficient and readable.
- Using `:` after `return l + [p,] + r` is unnecessary and can be removed.
- The code could benefit from some docstrings and type hints to improve readability and maintainability.

Here's a revised version of the code with improvements and fixes:
```python
def quicksort(arr: list) -> list:
    """
    Sort a list of integers using the Quicksort algorithm.

    Args:
        arr (list): The list of integers to be sorted.

    Returns:
        list: The sorted list in ascending order.
    """
    if len(arr) < 2:
        return arr
    
    pivot = arr[0]
    less = [x for x in arr[1:] if x < pivot]
    greater = [x for x in arr[1:] if x >= pivot]  # Include elements equal to the pivot

    return quicksort(less) + [pivot] + quicksort(greater)
```

Now, let's implement the same Quicksort algorithm in Rust with proper function signature, doc comments, and improved variable names:
```rust
fn quicksort(arr: &mut [i32]) {
    if arr.len() < 2 {
        return;
    }

    let pivot = arr[0];
    let mut less = Vec::new();
    let mut greater = Vec::new();

    for i in arr.iter().skip(1) {
        if i < &pivot {
            less.push(*i);
        } else {
            greater.push(*i);
        }
    }

    quicksort(&mut less);
    quicksort(&mut greater);

    let mut sorted = Vec::new();
    sorted.append(&mut less);
    sorted.push(pivot);
    sorted.append(&mut greater);

    *arr = sorted;
}

fn main() {
    let mut arr = vec![5, 2, 9, 1, 5, 6];
    quicksort(&mut arr);
    println!("Sorted array: {:?}", arr);  // Output: [1, 2, 5, 5, 6, 9]
}
```

The Rust implementation follows a similar recursive strategy as the Python code, but with proper memory management and mutable references. We use `Vec` for dynamic arrays and `skip(1)` to start iteration from the second element, avoiding the need to slice the array.<|END_OF_TURN_TOKEN|>