<|user|>
Consider the following python code:

```
def s(a):
    if len(a) <= 1: return a
    p = a[0]
    l = [x for x in a[1:] if x <= p]
    r = [x for x in a[1:] if x > p]
    return l + [p,] + r
```

What is its intended purpose? Then, please review the code, focusing on mistakes (if any), coding style, efficiency, and any other implementation details that may be of note. Finally, write a new function with all your suggested fixes/improvements, but in the Rust language (not in python).
<|end|>
<|assistant|>
The given Python code is an implementation of the quicksort algorithm, which is used for sorting a list of elements. The function `s(a)` takes a list `a` as an argument and returns a sorted list. The algorithm works by selecting a pivot element (`p` in this case, which is the first element of the list), partitioning the remaining elements into two sub-lists (elements less than or equal to the pivot `p` in `l`, and elements greater than the pivot `p` in `r`), and then recursively sorting the sub-lists.

There are no errors in the code. However, the function could be improved by:

1. Handling the case when the input list is empty or None.
2. Using more descriptive variable names.
3. Using in-place sorting to reduce space complexity.

Here's an updated version of the Python code with these improvements:

```python
def quicksort_inplace(array, start, end):
    if start >= end:
        return

    pivot_index = partition(array, start, end)
    quicksort_inplace(array, start, pivot_index)
    quicksort_inplace(array, pivot_index + 1, end)

def partition(array, start, end):
    pivot_index = start
    pivot_value = array[pivot_index]

    while start < end:
        while start < len(array) and array[start] <= pivot_value:
            start += 1
        while array[end] > pivot_value:
            end -= 1
        if start < end:
            array[start], array[end] = array[end], array[start]

    array[pivot_index], array[end] = array[end], array[pivot_index]
    return end

def sort(array):
    if array is None or len(array) <= 1:
        return array
    quicksort_inplace(array, 0, len(array) - 1)
    return array
```

Now, let's translate the improved Python code to Rust:

```rust
fn quicksort(array: &mut [i32]) {
    if array.len() <= 1 {
        return;
    }
    let pivot_index = partition(array);
    quicksort(&mut array[0..pivot_index]);
    quicksort(&mut array[pivot_index + 1..]);
}

fn partition(array: &mut [i32]) -> usize {
    let pivot_index = 0;
    let pivot_value = array[pivot_index];

    let mut i = 1;
    let mut j = array.len() - 1;

    while i < j {
        while i < array.len() && array[i] <= pivot_value {
            i += 1;
        }
        while array[j] > pivot_value {
            j -= 1;
        }

        if i < j {
            array.swap(i, j);
        }
    }

    array.swap(pivot_index, j);
    j
}

fn sort(array: &mut [i32]) {
    if array.is_empty() {
        return;
    }
    quicksort(array);
}
```

The Rust implementation handles the case of an empty or None array (as Rust doesn't have `None` but uses an empty vector instead), and the function `quicksort` is used to perform the quicksort algorithm in-place on a mutable slice of integers.<|end|>