The intended purpose of the given Python code is to implement a simple version of the quicksort algorithm. The function `s(a)` takes a list `a` as input and returns a new list that is sorted in ascending order. The function uses the first element of the list as a pivot and recursively sorts the elements that are less than or equal to the pivot and the elements that are greater than the pivot.

Here are some observations and suggestions for improvement:

1. The function name `s` is not descriptive. A more meaningful name like `quick_sort` would be better.
2. The function does not handle the case where the input list is empty. Although it returns an empty list in this case, it would be better to explicitly handle this case.
3. The function does not handle the case where the input list contains non-comparable elements (e.g., a list containing both integers and strings). Although this is not a common use case, it would be better to add a check for this case.
4. The function uses list comprehension to create the left and right sublists. Although this is a concise way to create the sublists, it may not be the most efficient way, especially for large lists. A more efficient way would be to use a loop to iterate over the elements of the list and add them to the appropriate sublist.
5. The function uses a trailing comma in the list `[p,]` to create a list with a single element. Although this is a valid way to create a list with a single element, it is not necessary in this case. A simpler way would be to use `[p]`.

Here is a revised version of the function in Python:

```python
def quick_sort(a):
    if not a:
        return []
    p = a[0]
    l = []
    r = []
    for x in a[1:]:
        if x <= p:
            l.append(x)
        else:
            r.append(x)
    return quick_sort(l) + [p] + quick_sort(r)
```

Now, let's write a similar function in Rust:

```rust
fn quick_sort<T: Ord + Clone>(a: Vec<T>) -> Vec<T> {
    if a.is_empty() {
        return Vec::new();
    }
    let p = a[0].clone();
    let mut l = Vec::new();
    let mut r = Vec::new();
    for x in a.iter().skip(1) {
        if x <= &p {
            l.push(x.clone());
        } else {
            r.push(x.clone());
        }
    }
    let mut sorted_l = quick_sort(l);
    sorted_l.push(p);
    sorted_l.extend(quick_sort(r));
    sorted_l
}
```

This Rust function is similar to the revised Python function, but with some differences:

1. The function is generic and can be used with any type that implements the `Ord` and `Clone` traits.
2. The function uses the `is_empty` method to check if the input vector is empty.
3. The function uses the `clone` method to create a copy of the pivot element.
4. The function uses the `iter` method to iterate over the elements of the vector, starting from the second element.
5. The function uses the `push` method to add elements to the left and right sublists.
6. The function uses the `extend` method to concatenate the sorted left sublist, the pivot element, and the sorted right sublist. [end of text]


