
### Intended Purpose
The given Python function `s(a)` is intended to sort a list of elements in ascending order. It uses a simple sorting algorithm known as insertion sort. The function works by:

1. Checking if the list `a` has one or zero elements. If so, it returns the list as is, since a single element list is already sorted.
2. Selecting the first element of the list as the pivot (`p`).
3. Creating two sublists: `l` contains all elements less than or equal to the pivot, and `r` contains all elements greater than the pivot.
4. Concatenating `l`, the pivot, and `r` to form the sorted list.

### Review
- **Mistakes**: There are no logical mistakes in the code. It correctly sorts the list using the insertion sort algorithm.
- **Coding Style**: The code is quite readable, but it could be improved by following PEP 8 style guidelines. For example, variable names could be more descriptive, and there could be a space after commas in list comprehensions.
- **Efficiency**: The function is not the most efficient for large lists, as insertion sort has a time complexity of O(n^2). However, for small lists or nearly sorted lists, it can be quite efficient.
- **Implementation Details**: The function uses list comprehensions to create sublists, which is a Pythonic and readable way to filter elements. However, it could be more efficient to use slicing instead of list comprehensions for the sublists.

### Improved Python Function
```python
def s(a):
    if len(a) <= 1:
        return a
    p = a[0]
    l = a[1:][a[1:] <= p]
    r = a[1:][a[1:] > p]
    return l + [p] + r
```

### Rust Implementation
Now, let's write a Rust function that performs the same task with the suggested improvements:

```rust
fn s(a: Vec<i32>) -> Vec<i32> {
    let len_a = a.len();
    if len_a <= 1 {
        return a;
    }
    let p = a[0];
    let mut l = Vec::new();
    let mut r = Vec::new();

    for &x in &a[1..] {
        if x <= p {
            l.push(x);
        } else {
            r.push(x);
        }
    }

    let mut sorted = Vec::new();
    sorted.extend(l);
    sorted.push(p);
    sorted.extend(r);

    sorted
}
```

### Notes on Rust Implementation
- The Rust function `s` takes a `Vec<i32>` as input and returns a `Vec<i32>` as output.
- We use `Vec::new()` to create empty vectors for `l` and `r`.
- We iterate over the slice `a[1..]` to avoid creating a new list for each comparison, which is more efficient than using list comprehensions.
- We use `extend` to add elements to the `sorted` vector, which is more idiomatic in Rust than concatenating lists.
- The Rust function is more verbose than the Python version due to Rust's type system and ownership rules, but it is still quite readable and efficient. [end of text]


