Okay, let's break down the Python code, analyze it, and then translate it to Rust with improvements.

**1. Intended Purpose**

The Python code implements the **Quicksort** algorithm. Quicksort is a divide-and-conquer sorting algorithm. The function `s(a)` takes a list `a` as input and recursively partitions it around a pivot element (`p`). It divides the list into two sublists: `l` (elements less than or equal to the pivot) and `r` (elements greater than the pivot).  The function then concatenates these sublists with the pivot in the middle, effectively sorting the list.

**2. Code Review (Python)**

*   **Mistakes:**  The code is functionally correct for Quicksort, but it has a significant issue: it doesn't handle duplicate pivot values optimally.  If the input list contains many elements equal to the pivot, the `l` and `r` lists can become unbalanced, leading to worst-case O(n^2) performance.  A better pivot selection strategy (e.g., random pivot) can mitigate this.
*   **Coding Style:**
    *   The function name `s` is not very descriptive.  `quicksort` would be much clearer.
    *   List comprehensions are used effectively, but could be slightly more readable with a `for` loop in some cases, especially for beginners.
    *   The comma after `p` in `[p,]` is unnecessary.  `[p]` is sufficient.
*   **Efficiency:**
    *   The list comprehensions create new lists, which involves memory allocation and copying.  While Python's list comprehensions are generally efficient, in-place partitioning (modifying the original list directly) is often more memory-efficient, especially for large lists.  However, in-place Quicksort is more complex to implement correctly.
    *   The recursive nature of Quicksort can lead to stack overflow errors for very large lists.  Tail recursion optimization (which Python doesn't do) could help, but a more robust solution is to switch to an iterative implementation.
*   **Implementation Details:**
    *   The base case `len(a) <= 1` is correct.  Lists of length 0 or 1 are already sorted.
    *   The pivot selection is simple: the first element `a[0]`.  As mentioned, this is a potential source of inefficiency.

**3. Rust Implementation (with Improvements)**

```rust
fn quicksort<T: PartialOrd + Copy>(arr: &mut [T]) {
    if arr.len() <= 1 {
        return;
    }

    // Choose a random pivot (more robust than always using the first element)
    let pivot_index = rand::random::<usize>() % arr.len();
    arr.swap(pivot_index, arr.len() - 1); // Move pivot to the end

    let pivot = arr[arr.len() - 1];
    let mut i = 0;

    for j in 0..arr.len() - 1 {
        if arr[j] <= pivot {
            arr.swap(i, j);
            i += 1;
        }
    }

    arr.swap(i, arr.len() - 1); // Place pivot in correct position

    let (left, right) = arr.split_at_mut(i);

    quicksort(left);
    quicksort(&mut right[1..]); // Exclude the pivot element
}

#[cfg(test)]
mod tests {
    use super::*;
    use rand::Rng;

    #[test]
    fn test_quicksort() {
        let mut rng = rand::thread_rng();
        let mut arr: Vec<i32> = (0..100).map(|_| rng.gen_range(0..1000)).collect();
        let mut sorted_arr = arr.clone();
        sorted_arr.sort();

        quicksort(&mut arr);

        assert_eq!(arr, sorted_arr);
    }
}
```

**Explanation of Rust Code and Improvements:**

*   **`fn quicksort<T: PartialOrd + Copy>(arr: &mut [T])`:**
    *   `fn quicksort`: Defines a function named `quicksort`.
    *   `<T: PartialOrd + Copy>`:  This is a generic type parameter.  `T` represents the type of elements in the array.  `PartialOrd` means that the elements can be compared (using `<=`, `>`, etc.). `Copy` means that the elements can be copied (important for the pivot).
    *   `arr: &mut [T]`:  Takes a mutable slice (`&mut [T]`) as input.  A slice is a view into a contiguous sequence of elements.  The `&mut` indicates that the function can modify the original array.
*   **Random Pivot Selection:**  Instead of always choosing the first element as the pivot, the code now selects a random element. This significantly reduces the likelihood of worst-case O(n^2) performance when the input is already sorted or nearly sorted.  `rand::random::<usize>() % arr.len()` generates a random index within the bounds of the array.
*   **In-Place Partitioning:** The Rust code performs in-place partitioning.  It doesn't create new lists like the Python code did.  This is more memory-efficient.  The `swap` method is used to rearrange elements within the array.
*   **Iterative Partitioning (Simplified):** The partitioning logic is implemented using a `for` loop and `swap`.  This is a common and efficient way to partition in-place.
*   **Recursive Calls:** The `quicksort` function calls itself recursively on the left and right partitions.
*   **`split_at_mut`:** This method efficiently splits the mutable slice into two mutable slices.
*   **`#[cfg(test)] mod tests`:** This is a Rust testing module.  The `#[test]` attribute marks a function as a test.  The `assert_eq!` macro checks if two values are equal.
*   **Dependencies:**  You'll need to add the `rand` crate to your `Cargo.toml` file:

```toml
[dependencies]
rand = "0.8"
```

**Key Differences and Advantages of the Rust Implementation:**

*   **Memory Efficiency:** The Rust code uses in-place partitioning, which is more memory-efficient than the Python code's list comprehensions.
*   **Safety:** Rust's ownership and borrowing system helps prevent common errors like null pointer dereferences and data races.
*   **Performance:** Rust is generally faster than Python due to its compiled nature and lack of garbage collection.
*   **Generics:** The Rust code is generic, meaning it can sort arrays of any type that implements the `PartialOrd` and `Copy` traits.
*   **Random Pivot:** The random pivot selection improves the algorithm's robustness.

This improved Rust implementation provides a more efficient, safer, and robust Quicksort algorithm compared to the original Python code.  The use of in-place partitioning and random pivot selection are key optimizations.
 [end of text]


