system
user
Consider the following python code:

```
def s(a):
    if len(a) <= 1: return a
    p = a[0]
    l = [x for x in a[1:] if x <= p]
    r = [x for x in a[1:] if x > p]
    return l + [p,] + r
```

What is its intended purpose? Then, please review the code, focusing on mistakes (if any), coding style, efficiency, and any other implementation details that may be of note. Finally, write a new function with all your suggested fixes/improvements, but in the Rust language (not in python).
assistant
**Intended Purpose:**
The intended purpose of the provided Python function `s(a)` is to implement the **QuickSort** sorting algorithm. Specifically, it appears to be a variant of the "Lomuto" partition scheme, which is a variation of the standard "Hoare" partition scheme that is slightly faster and more efficient in practice.

**Code Review (Python):**

* **Mistakes:**
	+ None in terms of syntax or immediate logical errors for the QuickSort intent. However, the function name `s` is not descriptive. 
	+ Lack of input validation: The function assumes `a` is a list. Adding a check for this could enhance robustness.
	+ No handling for non-comparable elements (e.g., if `a` contains both integers and strings).
* **Coding Style:**
	+ The function name `s` should be more descriptive (e.g., `quick_sort_lomuto`).
	+ Variable names `a`, `p`, `l`, `r` could be more descriptive (e.g., `array`, `pivot`, `left`, `right`).
	+ The function could benefit from a docstring explaining its purpose, parameters, and return value.
* **Efficiency:**
	+ For very large lists or lists that are nearly sorted, QuickSort's performance can degrade to O(n^2). Consider using a hybrid sorting algorithm (e.g., Introsort) for production code.
	+ The list comprehensions for `l` and `r` create new lists, which can be memory-intensive for large inputs. Iterative approaches might be more memory-efficient.
* **Other Implementation Details:**
	+ The base case condition `if len(a) <= 1` is correct, as lists of length 0 or 1 are inherently sorted.
	+ The choice of `a[0]` as the pivot is simple but not optimal for already sorted or nearly sorted lists. Consider a more robust pivot selection method (e.g., median of three).

**Rust Implementation with Suggested Fixes/Improvements:**
```rust
/// Sorts a vector using the QuickSort algorithm (Lomuto partition scheme).
///
/// # Arguments
///
/// * `arr`: The vector to be sorted. Must contain elements that implement `Ord`.
///
/// # Returns
///
/// A new sorted vector.
pub fn quick_sort_lomuto<T: Ord>(mut arr: Vec<T>) -> Vec<T> {
    if arr.len() <= 1 {
        return arr; // Base case: Already sorted
    }

    // Select the pivot (for simplicity, we'll stick with the first element for now)
    let pivot = arr.swap_remove(0); // Remove and return the first element

    // Partition around the pivot
    let mut left: Vec<T> = arr.drain_filter(|x| *x <= pivot).collect();
    let mut right: Vec<T> = arr; // Elements greater than the pivot

    // Recursively sort and combine
    left = quick_sort_lomuto(left);
    right = quick_sort_lomuto(right);

    // Combine the sorted left, pivot, and right
    left.push(pivot);
    left.extend(right);

    left
}

// Example usage
fn main() {
    let mut numbers = vec![5, 2, 9, 1, 7, 3];
    let sorted_numbers = quick_sort_lomuto(numbers);
    println!("Sorted numbers: {:?}", sorted_numbers);
}
```

**Rust Specific Choices and Rationale:**

* **Input/Output**: The function takes ownership of the input vector, sorts it, and returns a new sorted vector. This approach is more idiomatic in Rust, emphasizing ownership and immutability.
* **Pivot Selection**: For simplicity, the first element is used as the pivot, similar to the original Python code. Improvements could involve more sophisticated pivot selection strategies.
* **Partitioning**: Utilizes `drain_filter` to efficiently partition the vector into elements less than or equal to the pivot and those greater, minimizing allocations.
* **Recursion**: Similar to the Python version, with the addition of explicit type annotations for clarity and to leverage Rust's strong type system.
* **Error Handling**: Not explicitly handled here, but in a production context, consider using `Result` or `Option` to handle potential errors (e.g., non-comparable elements). [end of text]


