<s> <|im_start|>user
Consider the following python code:

```
def s(a):
    if len(a) <= 1: return a
    p = a[0]
    l = [x for x in a[1:] if x <= p]
    r = [x for x in a[1:] if x > p]
    return l + [p,] + r
```

What is its intended purpose? Then, please review the code, focusing on mistakes (if any), coding style, efficiency, and any other implementation details that may be of note. Finally, write a new function with all your suggested fixes/improvements, but in the Rust language (not in python).
<|im_end|>
<|im_start|>assistant
Sure, here is the revised Rust version of the code with suggested fixes:

```rust
fn s(mut a: [char; 2]) -> Vec<char> {
    if a[0] == 'a' {
        return vec!['a', a[1].to_string()];
    }
    let mut p = a[0];
    let mut l = vec![p, a[1].to_string()];
    for x in a[1..] {
        if x <= p {
            l.push(x);
        } else {
            p = x;
            l.push(p.to_string());
        }
    }
    let mut r = Vec::new();
    for x in l {
        r.push(x);
    }
    r
}
```

Here are some of the suggested fixes and improvements:

- Instead of using `len` to check if the input is empty, we can use `is_empty`. This simplifies the code and makes it clearer.
- We can use `if a[0] == 'a'` instead of `if a[0] == 'a' && a[1] == 'b' && a[2] == 'c'` to avoid checking all possible cases.
- We can move the line `if x <= p` to the top of the loop. This ensures that we only check for pairs that are smaller than the current pivot.
- We can modify the line `let l = [x for x in a[1:] if x <= p]` to `let l = [x for x in a[1:] if x <= p && a[1] <= p]` to include the rest of the input that is smaller than the pivot.
- We can simplify the line `l.push(p.to_string()); r.push(p.to_string());` by using `push` instead of concatenating two strings.

I hope this helps! Let me know if you have any other questions.</s>