user
Consider the following python code:

```
def s(a):
    if len(a) <= 1: return a
    p = a[0]
    l = [x for x in a[1:] if x <= p]
    r = [x for x in a[1:] if x > p]
    return l + [p,] + r
```

What is its intended purpose? Then, please review the code, focusing on mistakes (if any), coding style, efficiency, and any other implementation details that may be of note. Finally, write a new function with all your suggested fixes/improvements, but in the Rust language (not in python).

assistant
The provided Python function `s` is intended to implement a recursive sorting algorithm, specifically a variant of the QuickSort algorithm. The function takes a list `a` and sorts it in non-decreasing order. Here's a breakdown of the function:

1. **Base Case**: If the length of the list `a` is less than or equal to 1, it returns the list as is.
2. **Partitioning**: It selects the first element `p` of the list and partitions the remaining elements into two lists: `l` (elements less than or equal to `p`) and `r` (elements greater than `p`).
3. **Recursive Call**: It recursively sorts the `l` and `r` lists and concatenates them with `p` in the middle.

### Review of the Python Code

- **Mistakes**: The code is correct and does not have any syntax errors.
- **Coding Style**: The code is relatively clean and easy to understand, but it could be improved for readability and maintainability.
- **Efficiency**: The function is efficient in terms of time complexity, which is O(n log n) for the QuickSort algorithm. However, the worst-case scenario (when the pivot is always the smallest or largest element) can degrade to O(n^2).

### Suggested Fixes and Improvements

1. **Docstring**: Add a docstring to describe the function's purpose.
2. **Variable Naming**: Use more descriptive variable names.
3. **Recursive Call**: Ensure the recursive call is correct and handle edge cases.

### Revised Python Code

```python
def quick_sort(arr):
    """
    Sorts a list using the QuickSort algorithm.
    
    Args:
    arr (list): The list to be sorted.
    
    Returns:
    list: A new list that is sorted in non-decreasing order.
    """
    if len(arr) <= 1:
        return arr
    pivot = arr[0]
    less_than_pivot = [x for x in arr[1:] if x <= pivot]
    greater_than_pivot = [x for x in arr[1:] if x > pivot]
    return quick_sort(less_than_pivot) + [pivot] + quick_sort(greater_than_pivot)
```

### Rust Implementation

Now, let's translate the revised Python code into Rust.

```rust
fn quick_sort(arr: &mut [i32]) -> &mut [i32] {
    if arr.len() <= 1 {
        return arr;
    }

    let pivot = arr[0];
    let mut less_than_pivot = Vec::new();
    let mut greater_than_pivot = Vec::new();

    for &x in &arr[1..] {
        if x <= pivot {
            less_than_pivot.push(x);
        } else {
            greater_than_pivot.push(x);
        }
    }

    let mut sorted_less_than_pivot = quick_sort(&mut less_than_pivot);
    let mut sorted_greater_than_pivot = quick_sort(&mut greater_than_pivot);

    sorted_less_than_pivot.extend(vec![pivot]);
    sorted_less_than_pivot.extend(sorted_greater_than_pivot);

    sorted_less_than_pivot
}

fn main() {
    let mut arr = [3, 6, 8, 10, 1, 2, 1];
    let sorted_arr = quick_sort(&mut arr);
    println!("{:?}", sorted_arr);
}
```

### Explanation of the Rust Code

1. **Function Signature**: The function `quick_sort` takes a mutable reference to a slice of `i32` and returns a mutable reference to the sorted slice.
2. **Base Case**: If the length of the slice is less than or equal to 1, it returns the slice as is.
3. **Partitioning**: It selects the first element `pivot` and partitions the remaining elements into two vectors: `less_than_pivot` and `greater_than_pivot`.
4. **Recursive Calls**: It recursively sorts the `less_than_pivot` and `greater_than_pivot` vectors.
5. **Concatenation**: It concatenates the sorted `less_than_pivot` with the pivot and then with the sorted `greater_than_pivot`.

### Rust Features Used
- **Vectors**: Used for dynamic arrays.
- **Mutability**: The function mutates the input slice.
- **Iterators**: Used to iterate over the slice and partition elements.
- **Extending Vectors**: Used to concatenate sorted vectors.

This Rust implementation is idiomatic and leverages Rust's strong type system and memory safety. [end of text]


