The user asks me to analyze a Python function and then rewrite it in Rust with improvements.

First, let's understand the Python code:

```python
def s(a):
    if len(a) <= 1: return a
    p = a[0]
    l = [x for x in a[1:] if x <= p]
    r = [x for x in a[1:] if x > p]
    return l + [p,] + r
```

**Intended Purpose:**
This looks like a quicksort-like partitioning algorithm, but it's not a full sort. It partitions the list into elements less than or equal to the pivot (first element) and elements greater than the pivot, then returns the concatenated list: `[elements <= pivot] + [pivot] + [elements > pivot]`. However, it only does this once, not recursively. So it's not a complete sort. It's actually implementing a single partition step, which could be used as part of quicksort, but as written, it's just a single pass. If called recursively on `l` and `r`, it would be quicksort. But as is, it's just a single partition.

Wait, let me re-read. It returns `l + [p,] + r`. If we think about it, this is actually the quicksort algorithm! Let me trace it:
- If length <= 1, return a (base case)
- Pick pivot `p = a[0]`
- Partition into `l` (<= p) and `r` (> p)
- Return `s(l) + [p] + s(r)` would be quicksort

But the code returns `l + [p,] + r`, not `s(l) + [p] + s(r)`. So it's NOT recursive. It's just a single partition. So it's not sorting. It's just rearranging the list once based on the first element as pivot.

Actually, wait. Let me look again. The function is named `s`. Could it be that it's supposed to be a sorting function but is missing the recursive calls? The name `s` is ambiguous. It could be "sort" or "partition". Given that it only does one partition, it's not a sort. But maybe the user intended it to be a sort but forgot the recursion?

Let me reconsider: The code as written does NOT sort. It just partitions the list once. For example:
- Input: `[3, 1, 4, 1, 5, 9, 2, 6]`
- Pivot: `3`
- `l = [1, 1, 2]`
- `r = [4, 5, 9, 6]`
- Output: `[1, 1, 2, 3, 4, 5, 9, 6]`

This is not sorted. So the intended purpose is unclear. It could be:
1. A buggy implementation of quicksort (missing recursive calls)
2. A partition function for quicksort
3. Something else entirely

Given the typical pattern, this looks like a buggy quicksort where the recursive calls were omitted. The name `s` strongly suggests "sort". So the intended purpose is likely to sort the list using quicksort, but it's missing the recursive calls.

**Review of the code:**

**Mistakes:**
1. **Missing recursion**: If it's meant to be quicksort, it should recursively call `s(l)` and `s(r)`. As written, it only does one partition pass.
2. **Inefficient partitioning**: It iterates over `a[1:]` twice to create `l` and `r`. This is O(n) extra work.
3. **Space inefficiency**: Creates two new lists and a new combined list, using O(n) extra space.
4. **Not in-place**: Creates multiple new lists instead of sorting in-place.
5. **Poor pivot selection**: Always uses `a[0]` as pivot, which is bad for already-sorted or reverse-sorted arrays (O(n²) behavior).
6. **No type hints**: The function lacks type annotations.
7. **Unclear function name**: `s` is not descriptive.
8. **No docstring**: No documentation explaining what the function does.
9. **List concatenation**: `l + [p,] + r` creates a new list, which is inefficient.

**Coding Style:**
1. **Naming**: `s`, `a`, `p`, `l`, `r` are not descriptive.
2. **Spacing**: Could use better spacing around operators.
3. **No type hints**: Modern Python should have type hints.
4. **No docstring**: Should explain purpose, parameters, return value.

**Efficiency:**
1. **Time Complexity**: O(n) for the single pass, but if it were recursive with this implementation, it would be O(n²) worst-case due to pivot selection and list concatenations.
2. **Space Complexity**: O(n) for the new lists created.
3. **Double iteration**: Two list comprehensions iterate over the same slice twice.
4. **List slicing**: `a[1:]` creates a new list each time (in the recursive case, if it were recursive).

**Implementation Details:**
- The function mutates the input list indirectly by creating new lists
- It's not stable (but quicksort isn't stable anyway)
- For the single partition it does, it's correct but inefficient

**If the intended purpose is quicksort:**
- Missing recursive calls on `l` and `r`
- Should be `return s(l) + [p] + s(r)`

**If the intended purpose is just a single partition:**
- The name is misleading
- Should have a docstring explaining this

**Improvements for Python version:**
1. Add recursion if it's meant to sort
2. Use a single pass for partitioning
3. Use descriptive names
4. Add type hints
5. Add docstring
6. Consider in-place implementation for better space efficiency
7. Use a better pivot selection strategy
8. Avoid double iteration

Let me write a corrected Python version first (as a reference), then the Rust version.

**Corrected Python version (if sorting is intended):**

```python
from typing import List
import random

def quicksort(arr: List[int]) -> List[int]:
    """
    Sorts a list using the quicksort algorithm.
    
    Args:
        arr: List of integers to sort
        
    Returns:
        A new sorted list
    """
    if len(arr) <= 1:
        return arr
    
    # Better pivot selection
    pivot = arr[len(arr) // 2]  # middle element
    # Or random: pivot = random.choice(arr)
    
    # Single pass partition
    left = []
    middle = []
    right = []
    
    for x in arr:
        if x < pivot:
            left.append(x)
        elif x == pivot:
            middle.append(x)
        else:
            right.append(x)
    
    return quicksort(left) + middle + quicksort(right)
```

Or for in-place:

```python
def quicksort_inplace(arr: List[int], low: int, high: int) -> None:
    if low < high:
        # Partition and get pivot index
        pivot_index = partition(arr, low, high)
        quicksort_inplace(arr, low, pivot_index - 1)
        quicksort_inplace(arr, pivot_index + 1, high)

def partition(arr: List[int], low: int, high: int) -> int:
    # Better pivot selection
    pivot = arr[(low + high) // 2]
    # Move pivot to end for simplicity
    arr[high], arr[(low + high) // 2] = arr[(low + high) // 2], arr[high]
    
    i = low
    for j in range(low, high):
        if arr[j] <= pivot:
            arr[i], arr[j] = arr[j], arr[i]
            i += 1
    arr[i], arr[high] = arr[high], arr[i]
    return i
```

But the user wants Rust, not improved Python. So I should focus on the Rust implementation.

**Rust Implementation:**

In Rust, we have several options:
1. **Functional style**: Similar to the Python version but with recursion
2. **In-place style**: More idiomatic for Rust, using slices and swapping

For Rust, I'll implement a proper quicksort with:
- Descriptive names
- Proper error handling
- Efficient partitioning
- Better pivot selection
- In-place sorting (more idiomatic in Rust for performance)
- Generic over types that can be compared
- Documentation

Let me think about the Rust implementation:

```rust
/// Sorts a mutable slice using the quicksort algorithm.
/// 
/// This implementation uses the median-of-three pivot selection
/// and partitions in-place for better performance.
pub fn quicksort<T: Ord>(arr: &mut [T]) {
    if arr.len() <= 1 {
        return;
    }
    
    // Partition and get pivot index


