 The given Python code defines a function `s` that takes a list `a` as an argument and returns a new list. The function sorts the input list into three parts: elements less than or equal to the first element `p`, the first element itself, and elements greater than `p`. These parts are then concatenated to form the output list.

Here are some observations about the code:

* The function does not handle the case where the input list `a` is empty. This can be fixed by adding a check at the beginning of the function.
* The function uses list comprehensions to create the sublists `l` and `r`. This is a concise and readable way to filter and transform the input list.
* The function uses the `+` operator to concatenate the sublists `l`, `[p]`, and `r`. This is inefficient because it creates a new list each time. A more efficient way would be to use the `extend()` method of lists.
* The function does not modify the input list `a`. This is a good practice because it allows the caller to keep the original list unchanged.

Here's a revised version of the code that addresses these issues:

```python
def s(a):
    if not a:
        return []
    p = a[0]
    l = [x for x in a[1:] if x <= p]
    r = [x for x in a[1:] if x > p]
    result = []
    result.extend(l)
    result.append(p)
    result.extend(r)
    return result
```

Now, here's a possible implementation of the same function in Rust:

```rust
fn s(mut a: Vec<i32>) -> Vec<i32> {
    if a.is_empty() {
        return Vec::new();
    }
    let p = a[0];
    let mut l = Vec::new();
    let mut r = Vec::new();
    for x in a[1..].iter() {
        if x <= &p {
            l.push(*x);
        } else {
            r.push(*x);
        }
    }
    let mut result = Vec::new();
    result.append(&mut l);
    result.push(p);
    result.append(&mut r);
    result
}
```

Here are some notes about the Rust code:

* The function takes a vector `a` as an argument and returns a new vector.
* The function checks if the input vector is empty and returns an empty vector in that case.
* The function uses a `for` loop with a mutable reference to iterate over the tail of the input vector and filter the elements into two mutable vectors `l` and `r`.
* The function creates a new vector `result` and appends the subvectors `l` and `r` to it using the `append()` method.
* The function returns the `result` vector.

Note that Rust has a built-in sorting function called `sort()` that can be used to sort a vector in ascending order. The function `s()` can be seen as a custom sorting function that partitions the input vector into three parts based on a pivot element. However, in practice, it is more efficient to use the built-in sorting function whenever possible. [end of text]


