### Intended Purpose

The provided Python function `s(a)` is intended to implement a single step of the **Quicksort** algorithm. Quicksort is a divide-and-conquer sorting algorithm that works by selecting a 'pivot' element from the array and partitioning the other elements into two sub-arrays, according to whether they are less than or greater than the pivot. The sub-arrays are then recursively sorted.

However, the function as written only performs a single partitioning step and does not recursively sort the sub-arrays. This means that the function does not fully sort the array; it only partitions it around the pivot.

### Review of the Code

#### Mistakes
1. **Lack of Recursion**: The function does not recursively sort the left and right sub-arrays. This is a critical mistake because without recursion, the array will not be fully sorted.
2. **Inefficient Partitioning**: The partitioning step involves two list comprehensions, which can be less efficient than a single pass through the array.

#### Coding Style
1. **Variable Naming**: The variable names `p`, `l`, and `r` are short and not very descriptive. More descriptive names like `pivot`, `left`, and `right` would improve readability.
2. **Return Statement**: The return statement `return l + [p,] + r` can be written more concisely as `return l + [p] + r`.

#### Efficiency
1. **Multiple List Comprehensions**: Using two list comprehensions to partition the array is less efficient than a single pass. This can be optimized by using a single loop to partition the array.

### Improved Python Function

Here is an improved version of the function in Python, including recursion and better variable names:

```python
def quicksort(a):
    if len(a) <= 1:
        return a
    pivot = a[0]
    left = [x for x in a[1:] if x <= pivot]
    right = [x for x in a[1:] if x > pivot]
    return quicksort(left) + [pivot] + quicksort(right)
```

### Rust Implementation

Now, let's implement the same functionality in Rust, addressing the issues and improving efficiency:

```rust
fn quicksort(arr: Vec<i32>) -> Vec<i32> {
    if arr.len() <= 1 {
        return arr;
    }

    let pivot = arr[0];
    let (left, right): (Vec<i32>, Vec<i32>) = arr[1..]
        .iter()
        .partition(|&x| *x <= pivot);

    let mut sorted_left = quicksort(left);
    let mut sorted_right = quicksort(right);
    sorted_left.push(pivot);
    sorted_left.append(&mut sorted_right);

    sorted_left
}

fn main() {
    let unsorted = vec![3, 6, 8, 10, 1, 2, 1];
    let sorted = quicksort(unsorted);
    println!("{:?}", sorted); // Output: [1, 1, 2, 3, 6, 8, 10]
}
```

### Explanation of the Rust Implementation

1. **Base Case**: If the length of the array is 1 or less, return the array as it is already sorted.
2. **Pivot Selection**: The pivot is the first element of the array.
3. **Partitioning**: The `partition` method is used to split the array into two vectors: `left` for elements less than or equal to the pivot, and `right` for elements greater than the pivot.
4. **Recursion**: The function is called recursively on the `left` and `right` sub-arrays.
5. **Combining Results**: The sorted `left` sub-array, the pivot, and the sorted `right` sub-array are combined to form the final sorted array.

This Rust implementation is efficient, readable, and leverages Rust's powerful iterator and vector methods to achieve the desired result. [end of text]


