## Intended Purpose

This Python function appears to be implementing a **partitioning step of the quicksort algorithm**. It takes an array, selects the first element as a pivot, and rearranges the elements so that:
- All elements ≤ pivot come first
- The pivot comes next
- All elements > pivot come last

However, it only performs one partition step and doesn't recursively sort the subarrays.

## Code Review

### Mistakes and Issues:

1. **Incomplete Implementation**: This is just the partition step, not a complete quicksort
2. **Inefficiency**: Creates two separate list comprehensions, scanning the array twice
3. **Edge Case**: The function name `s` is not descriptive
4. **Style**: Comma in `[p,]` is unnecessary

### Coding Style Issues:

1. **Poor naming**: `s`, `p`, `l`, `r` are not descriptive
2. **Unnecessary syntax**: `[p,]` should be `[p]`
3. **Missing documentation**: No docstring explaining the function's purpose

### Efficiency Concerns:

1. **Double iteration**: Two list comprehensions iterate through `a[1:]` separately
2. **Memory usage**: Creates two intermediate lists
3. **No in-place option**: Always creates new lists

## Rust Implementation

Here's an improved version in Rust with proper quicksort implementation:

```rust
/// Performs quicksort on a mutable slice of elements that can be ordered.
/// 
/// This function sorts the slice in-place using the quicksort algorithm.
/// 
/// # Arguments
/// 
/// * `arr` - A mutable slice of elements to sort
/// 
/// # Examples
/// 
/// ```
/// let mut numbers = [3, 6, 8, 10, 1, 2, 1];
/// quicksort(&mut numbers);
/// assert_eq!(numbers, [1, 1, 2, 3, 6, 8, 10]);
/// ```
fn quicksort<T: Ord>(arr: &mut [T]) {
    if arr.len() <= 1 {
        return;
    }
    
    let pivot_index = partition(arr);
    quicksort(&mut arr[0..pivot_index]);
    quicksort(&mut arr[pivot_index + 1..]);
}

/// Partitions a slice around a pivot (first element) and returns the final pivot index.
/// Elements <= pivot will be to the left, elements > pivot to the right.
fn partition<T: Ord>(arr: &mut [T]) -> usize {
    let len = arr.len();
    if len <= 1 {
        return 0;
    }
    
    let pivot_index = 0;
    let mut i = 1; // Index for elements <= pivot
    let mut j = 1; // Index for scanning through array
    
    // Partition the array in a single pass
    while j < len {
        if arr[j] <= arr[pivot_index] {
            arr.swap(i, j);
            i += 1;
        }
        j += 1;
    }
    
    // Place pivot in its final position
    let final_pivot_index = i - 1;
    arr.swap(pivot_index, final_pivot_index);
    final_pivot_index
}

/// Alternative implementation that returns a new sorted vector (not in-place)
/// This is closer to the original Python approach
fn quicksort_functional<T: Ord + Clone>(arr: &[T]) -> Vec<T> {
    if arr.len() <= 1 {
        return arr.to_vec();
    }
    
    let pivot = &arr[0];
    let less: Vec<T> = arr[1..].iter().filter(|&x| x <= pivot).cloned().collect();
    let greater: Vec<T> = arr[1..].iter().filter(|&x| x > pivot).cloned().collect();
    
    let mut result = quicksort_functional(&less);
    result.push(pivot.clone());
    result.extend(quicksort_functional(&greater));
    result
}

/// More efficient functional version using iterators
fn quicksort_efficient<T: Ord + Clone>(arr: &[T]) -> Vec<T> {
    if arr.len() <= 1 {
        return arr.to_vec();
    }
    
    let pivot = &arr[0];
    let mut less = Vec::new();
    let mut greater = Vec::new();
    
    // Single pass through the array
    for item in &arr[1..] {
        if item <= pivot {
            less.push(item.clone());
        } else {
            greater.push(item.clone());
        }
    }
    
    let mut result = quicksort_efficient(&less);
    result.push(pivot.clone());
    result.extend(quicksort_efficient(&greater));
    result
}

#[cfg(test)]
mod tests {
    use super::*;

    #[test]
    fn test_quicksort() {
        let mut arr = vec![3, 6, 8, 10, 1, 2, 1];
        quicksort(&mut arr);
        assert_eq!(arr, vec![1, 1, 2, 3, 6, 8, 10]);
    }

    #[test]
    fn test_quicksort_functional() {
        let arr = vec![3, 6, 8, 10, 1, 2, 1];
        let sorted = quicksort_functional(&arr);
        assert_eq!(sorted, vec![1, 1, 2, 3, 6, 8, 10]);
    }

    #[test]
    fn test_empty_array() {
        let mut arr: Vec<i32> = vec![];
        quicksort(&mut arr);
        assert_eq!(arr, vec![]);
    }

    #[test]
    fn test_single_element() {
        let mut arr = vec![42];
        quicksort(&mut arr);
        assert_eq!(arr, vec![42]);
    }
}

fn main() {
    let mut numbers = vec![3, 6, 8, 10, 1, 2, 1];
    println!("Original: {:?}", numbers);
    
    quicksort(&mut numbers);
    println!("Sorted: {:?}", numbers);
    
    // Functional approach
    let numbers2 = vec![5, 2, 8, 1, 9, 3];
    let sorted2 = quicksort_functional(&numbers2);
    println!("Functional sorted: {:?}", sorted2);
}
```

## Key Improvements in Rust Version:

1. **Complete Implementation**: Full quicksort with recursive sorting
2. **Better Naming**: Descriptive function and variable names
3. **Documentation**: Proper doc comments
4. **Multiple Approaches**: Both in-place and functional versions
5. **Efficiency**: 
   - In-place version avoids unnecessary allocations
   - Single-pass partitioning in the in-place version
   - Generic over any ordered type
6. **Memory Safety**: Rust's ownership system prevents common bugs
7. **Testing**: Comprehensive unit tests
8. **Type Safety**: Generic implementation works with any `Ord` type

The in-place version (`quicksort`) is the most efficient, while the functional versions demonstrate different approaches to the same problem. [end of text]


