The intended purpose of this function is to sort an array of integers in ascending order using the "Dutch National Flag" algorithm, a variation of the quicksort algorithm.

Here's a review of the code:

1. **Mistakes:**
   - The function does not handle the case where the input list contains duplicate elements. The function will not work correctly if the list contains duplicate elements.
   - The function does not handle the case where the input list is empty. The function will return an empty list, which is correct, but it would be better to explicitly handle this case to make the code more robust.

2. **Coding style:**
   - The function name `s` is not descriptive. It would be better to use a more descriptive name, such as `sort_dutch_national_flag`.
   - The variable names `p`, `l`, and `r` are not descriptive. It would be better to use more descriptive names, such as `pivot`, `left`, and `right`.

3. **Efficiency:**
   - The function uses list comprehensions, which are generally efficient in Python. However, the function has a time complexity of O(n^2) because it uses list comprehensions to create new lists, which involves copying the elements of the original list. This can be improved by using a single pass through the list.

4. **Implementation details:**
   - The function uses a recursive approach, which can be inefficient for large lists. It would be better to use an iterative approach.

Here's a revised version of the function in Rust:

```rust
fn sort_dutch_national_flag(a: Vec<i32>) -> Vec<i32> {
    if a.is_empty() {
        return a;
    }

    let mut left = 0;
    let mut right = a.len() - 1;
    let mut pivot = a[0];

    while left <= right {
        while left <= right && a[left] <= pivot {
            left += 1;
        }
        while left <= right && a[right] > pivot {
            right -= 1;
        }
        if left <= right {
            a.swap(left, right);
            left += 1;
            right -= 1;
        }
    }

    a
}
```

This function uses a single pass through the list and has a time complexity of O(n). It also handles the case where the input list is empty and uses more descriptive variable names. [end of text]


