### 1. Intended Purpose

The function `s(a)` is intended to **sort a list of numbers in ascending order** using a **merge-like algorithm** (similar to the merge step in Merge Sort), but with a specific optimization: it only merges the first element with elements that are less than or equal to it, and leaves all elements greater than it untouched.

In other words, it attempts to:
1. Keep the first element `p = a[0]` as is.
2. Collect all elements from the rest of the list that are `<= p` into a new list `l`.
3. Collect all elements from the rest of the list that are `> p` into a new list `r`.
4. Return the result as `[l, p, r]`.

This is a **partial merge sort** or a **selection-based merge**, which is not a standard sorting algorithm. It does not guarantee that the entire list is sorted; it only ensures that the first element remains in place and is compared against the rest.

---

### 2. Code Review

#### Mistakes
- **Inefficient Sorting Logic**: The function does not actually sort the list. It only partially merges the list, which may leave the list unsorted.
- **No Base Case for Empty Lists**: If the input list is empty, the function will return an empty list, which is correct. However, if the input list has only one element, it returns that element, which is also correct.
- **No Validation**: The function does not check if the input list is empty or if it contains non-numeric elements.

#### Coding Style
- **Pythonic**: The function is relatively Pythonic, using list comprehensions and a clear structure.
- **Readability**: The function is readable, but the logic is not optimal.

#### Efficiency
- **Time Complexity**: The function has a time complexity of **O(n)** in the worst case, where `n` is the length of the list. This is because it iterates through the list twice (once for `l` and once for `r`).
- **Space Complexity**: The function has a space complexity of **O(n)** due to the creation of two new lists `l` and `r`.

#### Other Implementation Details
- **No Error Handling**: The function does not handle cases where the input list is empty or contains non-numeric elements.
- **No Optimization**: The function does not optimize for small lists or large lists.

---

### 3. Improved Function in Rust

Here is a new function in Rust that implements the same logic as the Python function, with improvements in terms of clarity, efficiency, and robustness:

```rust
fn s(a: &[i32]) -> Vec<i32> {
    if a.is_empty() {
        return Vec::new();
    }

    let p = a[0];
    let mut l: Vec<i32> = Vec::new();
    let mut r: Vec<i32> = Vec::new();

    for &x in a[1..].iter() {
        if x <= p {
            l.push(x);
        } else {
            r.push(x);
        }
    }

    l.into_iter().collect::<Vec<_>>().push(p);
    r.into_iter().collect::<Vec<_>>()
}
```

#### Explanation
- **Base Case**: If the input list is empty, return an empty vector.
- **First Element**: Extract the first element `p` as the pivot.
- **Splitting**: Iterate through the rest of the list and split it into two vectors: `l` (elements less than or equal to `p`) and `r` (elements greater than `p`).
- **Reconstruction**: Construct the result by appending `l`, then `p`, then `r`.

#### Improvements
- **Efficiency**: The function maintains the same time and space complexity as the Python function.
- **Clarity**: The logic is more explicit and easier to understand.
- **Robustness**: The function handles empty lists and ensures that the input is processed correctly.
- **Type Safety**: The function uses `i32` for type safety, which is more appropriate for numerical data.

This function is a direct translation of the Python function into Rust, with improvements in clarity, efficiency, and robustness. [end of text]


