<seed:think>
Got it, let's tackle this problem step by step. First, I need to figure out what the given Python function does. Let's start by looking at the code.

The function is called 's' and takes a parameter 'a'. Let's walk through the logic. If the length of 'a' is less than or equal to 1, it returns 'a'—that's the base case for recursion, probably. Then it picks 'p' as the first element of 'a' (a[0]). Then it creates two lists: 'l' is all elements from the rest of the list (a[1:]) that are less than or equal to 'p', and 'r' is all elements from the rest that are greater than 'p'. Then it returns l + [p] + r. 

Oh right, that's the partitioning step of the QuickSort algorithm! Wait, but QuickSort usually recursively sorts the left and right partitions. Wait, does this function actually sort? Let's test with an example. Suppose a = [3,1,4,1,5]. Then p=3. l is [1,1] (elements <=3 from the rest), r is [4,5] (elements >3). So returns [1,1,3,4,5]. That's sorted. Another example: [5,2,9,1,5,6]. p=5. l is [2,1,5] (since 2<=5, 1<=5, 5<=5), r is [9,6]. Then l + [5] + r is [2,1,5,5,9,6]. Wait, but l itself is [2,1,5], which isn't sorted. Oh, but wait, the function is recursive. Because the base case is len(a)<=1, so when we call s(l) and s(r), right? Wait no—wait the current code as written does NOT recursively call s on l and r. Oh! Wait, looking again: the return is l + [p,] + r. But l and r are just the filtered lists, not sorted. So the current code is only doing one level of partitioning. Wait, did I misread?

Wait let's take the example where a is [5,2,1]. Then p=5. l is [2,1] (since 2<=5, 1<=5), r is empty. So returns [2,1,5]. Which is not sorted. Because l wasn't sorted. Oh! So the original code is missing the recursive calls on l and r. Because QuickSort works by recursively sorting the left and right partitions. So the intended purpose might have been to implement QuickSort, but the code as written is incomplete. Because right now, it's just a single partition step, not the full sort.

Wait let's confirm: if the function was supposed to be QuickSort, the return line should be s(l) + [p] + s(r), not l + [p] + r. Because otherwise, the sublists l and r are not sorted themselves. So that's a mistake. For example, input [3,2,1]: the code returns [2,1,3], which is not sorted. But if we recursively sort l and r, then s([2,1]) would return s([1]) + [2] + s([]) → [1,2], so overall [1,2,3]. So the original code is missing the recursive application of s to l and r. That's a critical error.

So first, intended purpose: probably to implement the QuickSort algorithm, but the code is incomplete because it doesn't recursively sort the left and right partitions.

Now, let's review the code for mistakes, style, etc.

Mistakes:

1. Missing recursive calls: As discussed, the function currently returns l + [p] + r, but l and r are unsorted. So it's not a sorting function as intended (if that's the purpose). To fix that, it should return s(l) + [p] + s(r).

2. Choice of pivot: The pivot is always the first element (a[0]). This is a bad choice for performance in certain cases, like already sorted arrays (e.g., [1,2,3,4,5])—the partition will be all elements in l (since all are <= pivot) and r empty, leading to O(n²) time complexity. A better pivot selection (like median-of-three, random, etc.) would mitigate this, but that's more of an efficiency issue than a bug.

3. List comprehensions create new lists: In Python, list comprehensions are efficient, but the way QuickSort is implemented here is not in-place; it creates new lists for l, r, and the result. That's a style choice (functional vs imperative), but for very large lists, this could be less memory efficient than in-place sorting. But again, not a bug per se.

Coding style:

- Function name 's' is not descriptive. A better name would be something like 'quick_sort' to indicate its purpose.

- Variable names 'p', 'l', 'r' are very short. While common in some contexts, 'pivot', 'left', 'right' would be more readable.

- The comma in [p,] is unnecessary; [p] is the same. Probably a typo or habit, but [p] is cleaner.

Efficiency:

- As mentioned, fixed pivot (first element) leads to worst-case O(n²) time. For example, sorting a reverse-sorted list would take O(n²) time because each partition splits into one empty list and one list of n-1 elements.

- Not in-place: Each recursive call creates new lists, so space complexity is O(n) (for the new lists) plus the recursion stack. For large n, this could lead to higher memory usage and potential stack overflow (though Python has a default recursion depth limit, which for large n would be a problem—e.g., sorting a list of 1000 elements with worst-case pivot would hit recursion depth error).

Other implementation details:

- The function works for any list that is comparable (since it uses <= and >), which is fine.

- It doesn't handle edge cases beyond len(a) <=1, but those are handled.

- What if the list has duplicate elements? The current code (even with the missing recursion) puts duplicates in the left list (since x <= p), which is correct for stability? Wait, no—QuickSort is not stable, but in this case, since duplicates go to the left, when we fix the recursion, they will be in the left partition and sorted, so that's okay.

Now, the user asked to write a new function in Rust with all suggested fixes/improvements. Let's outline the fixes first:

Fixes needed:

1. Add recursive calls to sort the left and right partitions: return s(l) + [p] + s(r) → in Rust, we'd collect the sorted left, then push the pivot, then the sorted right.

2. Improve pivot selection to avoid worst-case O(n²) time. Let's choose a random pivot for simplicity, which gives expected O(n log n) time.

3. Use descriptive function and variable names.

4. In Rust, since we're dealing with ownership and iterators, we need to handle the list properly. Also, Rust's standard library has sort methods, but we're to implement the improved version.

Wait, but the original Python code is not in-place. Should the Rust version be in-place or not? The Python version creates new lists, so maybe the Rust version can be a non-in-place sort (returning a new Vec) for consistency, but we can mention that.

Alternatively, in-place QuickSort is more efficient in terms of memory, but for simplicity, maybe start with a non-in-place version, but let's think.

First, let's outline the steps for the improved Rust function:

- Function name: quick_sort (descriptive).

- Take a Vec<T> where T: Ord (so it can be compared with <= and >).

- Base case: if len <= 1, return the vec as is.

- Choose a pivot: let's pick a random index to get expected O(n log n) time. For example, use rand::thread_rng() to generate a random index between 0 and len-1, then swap that element with the first element (so we can use the same partitioning as before, but with a random pivot). Wait, or just take the pivot as the element at the random index, then partition the rest.

Wait, in the original code, pivot is a[0]. To make pivot random, we can select a random element from the vec, then partition the rest into left (<= pivot) and right (> pivot).

Wait, let's think: for a vec v, if we pick a random pivot value (say, v[rand_idx]), then split the vec into elements <= pivot and elements > pivot, then recursively sort left and right, then concatenate left_sorted + [pivot] + right_sorted.

But in Rust, to get a random index, we need to use the rand crate. Oh, but the user didn't specify if we can use external crates. The standard library doesn't have a random number generator in the core, but in practice, for Rust, people use rand. Alternatively, we could use a different pivot selection, like median of three, which doesn't require randomness. Let's consider that for portability, maybe median of three is better if we don't want to add a dependency. Let's go with median of three to avoid needing the rand crate.

Median of three: pick the first, middle, and last elements, find their median, and use that as the pivot. This helps avoid worst-case performance on sorted or reverse-sorted lists.

For example, for a vec of length n, indices 0, n/2, n-1. Compare those three, take the median, swap it with the first element, then proceed as before (partition into left <= pivot (first element) and right > pivot).

That's a common pivot selection method and doesn't require external crates.

So steps for improved Rust function (non-in-place, returning new Vec):

1. If the input Vec has length 0 or 1, return a clone (or the original, since we're consuming it? Wait, in Rust, if we take &Vec<T>, we can avoid cloning, but let's think about ownership. Let's have the function take a Vec<T> and return a Vec<T>, consuming the input. That way, we don't have to clone unnecessarily.

Wait, for example:

fn quick_sort<T: Ord>(mut v: Vec<T>) -> Vec<T> {
    if v.len() <= 1 {
        return v;
    }
    // choose pivot (median of three)
    let len = v.len();
    let mid = len / 2;
    let end = len - 1;
    // get the three elements: v[0], v[mid], v[end]
    // find their median index
    let median_idx = if v[0] <= v[mid] && v[mid] <= v[end] {
        mid
    } else if v[end] <= v[mid] && v[mid] <= v[0] {
        mid
    } else if v[0] <= v[end] && v[end] <= v[mid] {
        end
    } else if v[mid] <= v[end] && v[end] <= v[0] {
        end
    } else {
        0 // v[mid] <= v[0] <= v[end] or v[end] <= v[0] <= v[mid]
    };
    // swap median with first element
    v.swap(0, median_idx);
    let pivot = v.remove(0); // now pivot is the first element, and v is the rest
    let mut left = Vec::new();
    let mut right = Vec::new();
    for elem in v {
        if elem <= pivot {
            left.push(elem);
        } else {
            right.push(elem);
        }
    }
    let mut result = quick_sort(left);
    result.push(pivot);
    result.extend(quick_sort(right));
    result
}

Wait, that's better. Let's explain:

- Taking mut v: Vec<T> so we can modify it (swap, remove).

- Base case: return v if len <=1.

- Median of three: select 0, mid, end indices, find which is the median, swap with 0, then remove 0 as pivot. This avoids the worst-case pivot (first element) by choosing median of three.

- Then partition the remaining elements into left (<= pivot) and right (> pivot) using a for loop (more efficient than list comprehensions in Python, but in Rust, iterators are efficient).

- Recursively sort left and right, then concatenate left_sorted + [pivot] + right_sorted by pushing pivot into left_sorted and extending with right_sorted.

This addresses the original mistake (missing recursive calls on left and right), improves pivot selection, uses descriptive names, and is in Rust.

Now, let's check the original code's mistakes again:

Original Python code's main mistake: not recursively sorting l and r. So the Rust code fixes that by calling quick_sort(left) and quick_sort(right).

Other improvements:

- Pivot selection: median of three instead of first element, which improves efficiency on sorted/reverse-sorted lists.

- Descriptive names: quick_sort instead of s, left/right instead of l/r, pivot instead of p.

- In Rust, using Vec and consuming the input to avoid unnecessary clones (since we take ownership of v, we can modify it in place, like swapping and removing the pivot, which is efficient).

What about edge cases? Let's test with the earlier example where Python code failed: [5,2,1].

In Rust code:

v = [5,2,1], len=3, mid=1, end=2.

Elements: v[0]=5, v[1]=2, v[2]=1.

Find median of 5,2,1. The sorted order is 1,2,5 → median is 2 (index 1). So swap 0 and 1: v becomes [2,5,1]. Then remove 0 → pivot=2, v is [5,1].

Partition [5,1]: 5>2 → right, 1<=2 → left. So left=[1], right=[5].

Recursively sort left: [1] → returns [1]. Sort right: [5] → returns [5]. Result is [1] + [2] + [5] → [1,2,5], which is correct.

Another test case: [3,1,4,1,5]. Let's see:

Original Python code returns [1,1,3,4,5] (but that's only one level; with recursion, it would sort). The Rust code would sort correctly.

Another edge case: empty vec → returns empty. Single element → returns it. All elements the same: [2,2,2] → left is [2,2], right is empty. Sort left → [2,2], so result [2,2,2]. Correct.

What about performance? With median of three pivot, the worst-case is still possible but rare (e.g., if the median of three is always the smallest or largest element), but expected time is O(n log n), which is good.

Now, coding style in Rust:

- The function is generic over T: Ord, which is correct because we need to compare elements.

- Using mut for variables that need to be modified (v, left, right, result).

- Using Vec::new() to create empty vectors, then push/extend.

- Consuming the input Vec to avoid cloning; this is more efficient than taking a reference and cloning elements, especially for large vectors.

Potential issues in the Rust code:

- If the input Vec is very large, the recursion depth could be a problem. For example, if each partition splits into two equal parts, the depth is log2(n), which is manageable (e.g., log2(1e6) is ~20). But if the pivot selection is bad (even with median of three), worst-case depth is O(n), which could cause a stack overflow. To mitigate this, some implementations use an iterative approach or limit recursion depth, but for most practical purposes, the recursive approach with good pivot selection is acceptable.

- The code is not in-place; it creates new vectors for left and right. For very large vectors, this uses more memory, but it's simpler to implement and avoids the complexity of in-place swapping.

Comparison to Python code:

- The Python code's main bug is the lack of recursive calls on l and r. The Rust code fixes that.

- Python's list comprehensions are replaced with Rust's for loop and push, which is equivalent in functionality but more explicit.

- Pivot selection is improved in Rust to median of three, avoiding worst-case O(n²) time.

Now, let's summarize:

Intended purpose of original Python code: Likely to implement QuickSort, but it's incomplete because it doesn't recursively sort the left and right partitions. As written, it only performs a single partition step, so it doesn't sort the list (e.g., input [3,2,1] returns [2,1,3], which is not sorted).

Mistakes in original code:

1. Missing recursive calls to sort the left (l) and right (r) partitions. The return statement should be s(l) + [p] + s(r) instead of l + [p] + r.

2. Poor pivot selection (always first element), leading to worst-case O(n²) time complexity for sorted or reverse-sorted lists.

Coding style issues:

- Uninformative function name ('s' instead of something like 'quick_sort').

- Uninformative variable names ('p', 'l', 'r' instead of 'pivot', 'left', 'right').

- Unnecessary comma in [p,].

Efficiency issues:

- Worst-case O(n²) time due to fixed pivot.

- Not in-place, leading to higher memory usage (O(n) for new lists) and potential recursion stack overflow for large n.

Rust implementation improvements:

- Fixes the missing recursive calls by sorting left and right partitions.

- Improves pivot selection using median-of-three to achieve expected O(n log n) time.

- Uses descriptive function and variable names.

- Consumes the input Vec for efficiency, avoiding unnecessary clones.

- Uses explicit loops and vector methods for clarity and efficiency.</seed:think>### Intended Purpose of the Original Python Code  
The function appears to be an **incomplete implementation of the QuickSort algorithm**. QuickSort works by recursively partitioning a list around a "pivot" element, then sorting the sublists of elements less than/equal to the pivot and greater than the pivot. However, the original code fails to recursively sort these sublists, so it only performs a single partition step—**it does not actually sort the list** (e.g., input `[3,2,1]` returns `[2,1,3]`, which is unsorted).


### Review of the Original Python Code  
#### Mistakes  
1. **Missing Recursive Calls**: The critical error is that the function returns `l + [p] + r` without recursively sorting `l` (elements ≤ pivot) and `r` (elements > pivot). Without this, the sublists remain unsorted.  
2. **Poor Pivot Selection**: The pivot is always the first element (`a[0]`), which leads to **O(n²) time complexity** for sorted/reverse-sorted lists (e.g., `[1,2,3,4,5]` splits into `l = [1,2,3,4]` and `r = []`, causing deep recursion and poor performance).  

#### Coding Style Issues  
- **Uninformative Names**: `s` (function), `p` (pivot), `l` (left), `r` (right) are vague. Descriptive names (e.g., `quick_sort`, `pivot`, `left`, `right`) improve readability.  
- **Unnecessary Comma**: `[p,]` is redundant; `[p]` is cleaner.  

#### Efficiency Issues  
- **Non-Inplace Sorting**: Creates new lists for `l`, `r`, and the result, increasing memory usage (O(n) for new lists) and risking stack overflow for large `n` (due to recursion depth).  
- **Worst-Case Performance**: Fixed pivot leads to O(n²) time for adversarial inputs.  


### Improved Rust Implementation  
The Rust version fixes the original mistakes, improves pivot selection, and uses idiomatic Rust practices (e.g., generics, ownership, descriptive names). We use the **median-of-three pivot** to avoid worst-case O(n²) time and consume the input `Vec` for efficiency.

```rust
fn quick_sort<T: Ord>(mut v: Vec<T>) -> Vec<T> {
    // Base case: already sorted if 0 or 1 elements
    if v.len() <= 1 {
        return v;
    }

    // Median-of-three pivot selection to avoid worst-case O(n²) time
    let len = v.len();
    let mid = len / 2;
    let end = len - 1;

    // Determine the median of the first, middle, and last elements
    let median_idx = if (v[0] <= v[mid]) && (v[mid] <= v[end]) {
        mid
    } else if (v[end] <= v[mid]) && (v[mid] <= v[0]) {
        mid
    } else if (v[0] <= v[end]) && (v[end] <= v[mid]) {
        end
    } else if (v[mid] <= v[end]) && (v[end] <= v[0]) {
        end
    } else {
        0 // v[mid] <= v[0] <= v[end] or v[end] <= v[0] <= v[mid]
    };

    // Swap median with the first element to use as pivot
    v.swap(0, median_idx);
    let pivot = v.remove(0); // Extract pivot from the front

    // Partition remaining elements into left (<= pivot) and right (> pivot)
    let mut left = Vec::new();
    let mut right = Vec::new();
    for elem in v {
        if elem <= pivot {
            left.push(elem);
        } else {
            right.push(elem);
        }
    }

    // Recursively sort sublists and combine results
    let mut sorted_left = quick_sort(left);
    sorted_left.push(pivot);
    sorted_left.extend(quick_sort(right));
    sorted_left
}
```


### Key Improvements in Rust Code  
1. **Fixed Recursion**: Recursively sorts `left` and `right` partitions, ensuring the full list is sorted.  
2. **Median-of-Three Pivot**: Reduces worst-case time complexity to **expected O(n log n)** by choosing the median of the first, middle, and last elements as the pivot.  
3. **Idiomatic Rust**:  
   - Generic over `T: Ord` (supports any comparable type).  
   - Consumes the input `Vec` to avoid unnecessary cloning (efficient for large data).  
   - Uses `swap` and `remove` for in-place pivot handling (minimizes memory overhead).  
4. **Readability**: Descriptive names (`quick_sort`, `pivot`, `left`, `right`) and clear structure.  


### Usage Example  
```rust
fn main() {
    let unsorted = vec![3, 1, 4, 1, 5, 9, 2, 6];
    let sorted = quick_sort(unsorted);
    println!("{:?}", sorted); // Output: [1, 1, 2, 3, 4, 5, 6, 9]
}
``` [end of text]


