Okay, let's break down these questions, keeping IEEE 754 floating-point representation in mind.

**Q1. What (if any) is the eventual output of the following python program?**

```python
import math
x = 0.0
while x < math.inf:
    x += 1.0
print(x)
```

**Answer:** The program will likely run indefinitely and never print anything.

**Explanation:**

*   **IEEE 754 and Floating-Point Representation:** IEEE 754 represents floating-point numbers using a finite number of bits. This means that many real numbers cannot be represented *exactly*.  Numbers like 1.0 can be represented exactly, but many other decimal numbers (like 0.1) are stored as approximations.
*   **The Problem with `x += 1.0`:**  While `1.0` *can* be represented exactly, the repeated addition `x += 1.0` can lead to a gradual loss of precision.  As `x` gets larger, the smallest representable positive floating-point number (the "epsilon") becomes a smaller and smaller fraction of `x`.
*   **Rounding Errors:**  Each time you add `1.0`, there's a potential for a tiny rounding error due to the limitations of floating-point representation. These errors accumulate.
*   **Eventual Overflow/Stall:** Eventually, `x` will become so large that adding `1.0` to it results in a value that is indistinguishable from `math.inf` (infinity) *within the precision of the floating-point representation*.  The loop condition `x < math.inf` will remain true, but the addition will effectively stop increasing `x` in a meaningful way. The program will then loop forever, never reaching a point where `x` is no longer less than infinity.  It will not print anything.

**Q2. What (if any) is the eventual output of the following python program? Is it different from the results above?**

```python
import math
x = 1.0
while x < math.inf:
    x = x * 1.001
print(x)
```

**Answer:** The program will likely run indefinitely and never print anything.

**Explanation:**

*   **Similar Issue with Precision:** This program suffers from a similar problem as the first one, but in a different way.  `1.001` is *not* representable exactly in IEEE 754. It's stored as an approximation.
*   **Accumulation of Errors:**  Each multiplication by the approximate `1.001` introduces a tiny error. These errors accumulate with each iteration of the loop.
*   **Eventual Overflow/Stall:**  As `x` grows, the accumulated rounding errors will eventually cause `x` to become indistinguishable from `math.inf` within the floating-point representation. The loop condition `x < math.inf` will remain true, but the multiplication will effectively stop increasing `x` in a meaningful way. The program will then loop forever, never reaching a point where `x` is no longer less than infinity. It will not print anything.
*   **Difference from Q1:** The *mechanism* of the infinite loop is different. In Q1, it's due to the accumulation of rounding errors in addition. In Q2, it's due to the accumulation of rounding errors in multiplication. However, the *outcome* is the same: the program loops forever without printing.

**Q3. Consider the following program:**

```python
import math
x = 0.0
inc = float(input("Enter a number"))
while x < math.inf:
    x += inc
print("Done")
```

**Are there inputs that will lead to the output "Done"? Give at least 2 examples of such inputs if possible.**

**Answer:** Yes, there are inputs that will lead to the output "Done".

**Explanation:**

The key here is to find an increment `inc` that, when repeatedly added to `x`, will eventually cause `x` to become large enough that the next addition results in a value that is indistinguishable from `math.inf`.

Here are two examples:

1.  **`inc = math.inf`:** If the user enters `inf`, then `x += math.inf` will immediately make `x` equal to `math.inf`. The loop condition `x < math.inf` will be false, and the loop will terminate, printing "Done".

2.  **`inc = a very large number`:**  Let's say the user enters `1e308`.  This is a very large number, but still finite.  The loop will continue to add `1e308` to `x`.  Eventually, `x` will become so large that adding `1e308` to it results in a value that is indistinguishable from `math.inf`. The loop will terminate, and "Done" will be printed.  The exact value of `inc` that triggers this depends on the specific floating-point representation (e.g., the maximum representable finite number).

**Important Note:**  The behavior of floating-point arithmetic can be subtle and platform-dependent. The exact values that trigger the "Done" output might vary slightly depending on the system's floating-point implementation.
 [end of text]


