### Q1. What (if any) is the eventual output of the following python program?

```python
import math
x = 0.0
while x < math.inf:
    x += 1.0
print(x)
```

**Answer:**
The program will **never terminate** (it results in an infinite loop), and therefore, it will **not produce any output**.

**Reasoning based on IEEE 754:**
1.  **Representation of Infinity**: In IEEE 754 double-precision floating-point (which Python uses), `math.inf` is a special value representing positive infinity.
2.  **Addition with Infinity**: According to the IEEE 754 standard, adding a finite number to infinity results in infinity. Mathematically: $\infty + 1.0 = \infty$.
3.  **Loop Logic**:
    *   Initially, $x = 0.0$. The condition $0.0 < \infty$ is true.
    *   In the first iteration, $x$ becomes $1.0$.
    *   This continues until $x$ reaches the maximum finite representable number (approx. $1.8 \times 10^{308}$).
    *   In the next iteration, $x$ becomes $\text{max\_finite} + 1.0$. Due to overflow rules in IEEE 754, this result is `inf`.
    *   Once $x$ becomes `inf`, the condition `x < math.inf` evaluates to `inf < inf`, which is **False**.
4.  **Conclusion**: The loop terminates immediately after $x$ becomes infinity. However, the question asks for the output *of the program*. Since the `print(x)` statement is inside the loop (wait, let me re-read the code structure carefully).

**Correction on Code Structure Analysis**:
Let's look at the indentation in the provided code block:
```python
while x < math.inf:
    x += 1.0
print(x)
```
The `print(x)` is **outside** the `while` loop.

**Re-evaluating the flow**:
1.  $x$ starts at $0.0$.
2.  The loop runs. $x$ increments by $1.0$ repeatedly.
3.  Eventually, $x$ overflows and becomes `inf`.
4.  The condition `x < math.inf` becomes `inf < inf`, which is `False`.
5.  The loop terminates.
6.  The program executes `print(x)`.
7.  The value of $x$ is now `inf`.

**Final Answer for Q1**:
The eventual output is **`inf`**.

---

### Q2. What (if any) is the eventual output of the following python program? Is it different from the results above?

```python
import math
x = 1.0
while x < math.inf:
    x = x * 1.001
print(x)
```

**Answer:**
The eventual output is **`inf`**. Yes, it is the same result as Q1 (in terms of the printed value), but the mechanism to reach it is different.

**Reasoning based on IEEE 754**:
1.  **Multiplication**: The operation is $x = x \times 1.001$. Since $1.001 > 1$, $x$ grows exponentially.
2.  **Overflow**: As $x$ grows, it will eventually exceed the maximum finite value representable in IEEE 754 double precision ($\approx 1.7976931348623157 \times 10^{308}$).
3.  **Result of Overflow**: When a finite number is multiplied by a finite number and the result exceeds the maximum representable value, the result is set to `inf` (positive infinity), provided no NaN is generated (which doesn't happen here since inputs are positive).
4.  **Loop Termination**: Once $x$ becomes `inf`, the condition `x < math.inf` evaluates to `False`, and the loop stops.
5.  **Output**: The `print(x)` statement executes, printing `inf`.

**Comparison**:
*   **Q1**: Linear growth ($+1.0$). It takes approximately $1.8 \times 10^{308}$ iterations.
*   **Q2**: Exponential growth ($\times 1.001$). It takes significantly fewer iterations (roughly $\log_{1.001}(10^{308}) \approx 10,000$ iterations) to reach infinity.
*   **Output**: Both print `inf`.

---

### Q3. Consider the following program:

```python
import math
x = 0.0
inc = float(input("Enter a number"))
while x < math.inf:
    x += inc
print("Done")
```

**Are there inputs that will lead to the output "Done"? Give at least 2 examples of such inputs if possible.**

**Answer:**
**Yes**, there are inputs that will lead to the output "Done".

**Reasoning**:
The loop terminates when $x$ becomes `inf`. This happens if adding `inc` to $x$ causes an overflow.
1.  If `inc` is **positive** and non-zero, $x$ will eventually grow large enough to overflow to `inf`.
2.  If `inc` is **negative**, $x$ will decrease towards $-\infty$. The condition `x < math.inf` will remain `True` forever (since $-\infty < \infty$), causing an infinite loop.
3.  If `inc` is **zero**, $x$ remains $0.0$, and the loop runs forever.

Therefore, any positive number input will cause the loop to terminate and print "Done".

**Two Examples of Inputs:**
1.  **`1.0`**: $x$ increases by 1 each time until it overflows to `inf`.
2.  **`1e300`**: $x$ increases by $10^{300}$ each time. It will overflow to `inf` in just 2 or 3 iterations.

*(Note: Even extremely small positive numbers like `1e-300` will eventually cause overflow, though it may take a very long time, theoretically it will happen.)* [end of text]


