<|channel>thought
<channel|>**Q1.**
The output is **`inf`**.

**Explanation:** In IEEE 754 double precision, as $x$ becomes very large, the gap between representable numbers (the machine epsilon relative to the magnitude) increases. Eventually, $x$ reaches a value where adding $1.0$ is smaller than the smallest possible increment for that magnitude. However, the loop continues until $x$ reaches the maximum representable finite float (approximately $1.8 \times 10^{308}$). Once $x$ exceeds this limit via the final addition, it overflows to `inf`. At that point, the condition `x < math.inf` becomes false, and the program prints `inf`.

---

**Q2.**
The output is **`inf`**. Yes, it is the same result as Q1, but it reaches that result much faster.

**Explanation:** While Q1 uses additive growth (linear), Q2 uses multiplicative growth (exponential). The value of $x$ grows much more rapidly, hitting the overflow threshold and becoming `inf` in significantly fewer iterations. Once $x$ becomes `inf`, the condition `x < math.inf` is no longer true, and the program prints `inf`.

---

**Q3.**
Yes, there are inputs that will lead to the output "Done".

**Example 1: `math.inf` (or the string "inf")**
If the user inputs `inf`, the variable `x` starts at `0.0`, but the first check `x < math.inf` is true. Then `x += float('inf')` results in `x` becoming `inf`. On the next iteration, `inf < inf` is **False**, and the program prints "Done".

**Example 2: Any negative number (e.g., `-1.0`)**
If the user inputs a negative number, `x` will decrease (become more negative) with every iteration. Since $x$ will always be less than infinity, the loop would theoretically run forever. However, in a practical sense, if the user inputs **`NaN`** (Not a Number), the comparison `x < math.inf` immediately returns **False**, and the program prints "Done".

**Example 3: A very small positive number (relative to $x$)**
Actually, for any **positive** number, the program will eventually reach `inf` (as seen in Q1 and Q2) and print "Done". Therefore, any positive number (e.g., `1.0`, `0.0001`, `1e10`) will eventually lead to the output "Done".

**Summary of inputs that lead to "Done":**
1. Any positive number (e.g., `1.0`)
2. `inf`
3. `nan` [end of text]


