
Okay, I have to figure out the outputs of these Python programs based on IEEE 754 floating point operations. Let me take them one by one.

Starting with Q1:

The program is:
import math
x = 0.0
while x < math.inf:
    x += 1.0
print(x)

So x starts at 0.0. The loop continues while x is less than infinity. Each iteration adds 1.0 to x. Since math.inf is a very large number, adding 1 repeatedly will eventually exceed it. But how many times can it loop?

In IEEE 754, adding 1.0 repeatedly to 0.0 will eventually make x exceed infinity? Wait no. Because in floating point, adding 1.0 repeatedly will eventually reach infinity. So let's think: How many times can you add 1.0 before x becomes >= infinity?

Wait, math.inf is a special value. So the condition is while x < math.inf. So x starts at 0.0. Each step adds 1. So x becomes 1.0, then 2.0, etc. So how many times can you add 1 before x >= math.inf?

In floating point arithmetic, adding 1 repeatedly will eventually reach infinity. So the loop will run until x is so large that adding 1.0 no longer changes it. Or perhaps it runs until x is infinity.

Wait, but in practice, in Python, adding 1.0 to a float will eventually reach infinity after a finite number of steps. So let's see:

The loop condition is x < math.inf. So as long as x is less than infinity, it runs.

So x starts at 0.0. Each iteration adds 1. So x becomes 1.0, then 2.0, etc. How many times can you add 1 before x >= math.inf?

In IEEE 754 double-precision, the maximum finite value is less than infinity. So adding 1 repeatedly will eventually reach infinity. So the loop will run until x is so large that adding 1.0 doesn't change it anymore.

Wait, but in practice, in Python, adding 1.0 to a float until it overflows.

So let's think: What is the maximum number of times you can add 1.0 before x becomes infinity?

In double-precision, the smallest number that can be added to infinity is still infinity. So adding 1.0 to x until x is infinity.

So the loop will run until x is infinity. So the condition x < math.inf is true as long as x is less than infinity. So the loop will run until x is infinity.

But since x starts at 0.0 and each step adds 1.0, x will approach infinity. So how many times can it be added before x becomes infinity?

In double-precision, the maximum finite value is about 1.7e308. So adding 1.0 repeatedly until x exceeds that.

So the loop will run until x is just under infinity. So the number of steps is the number of times you can add 1 before x >= math.inf.

So let's calculate: How many times can you add 1.0 to 0.0 before it overflows?

In Python, math.inf is a float. So adding 1.0 to x until x is >= math.inf.

So the maximum x before the condition fails is math.inf - 1.0? Or perhaps it's that x will reach infinity after a finite number of steps.

So in the loop:

x starts at 0.0.

Loop:

x += 1.0 → x becomes 1.0

Again, x < inf → yes.

This continues until x is so large that adding 1.0 doesn't change it anymore.

But in reality, in floating point, adding 1.0 repeatedly will eventually reach infinity. So the loop will run until x is infinity.

So the condition x < math.inf is true as long as x is less than infinity. So the loop will run until x is infinity.

So the loop will run until x is >= math.inf? Or until x is equal to infinity?

Wait, the condition is while x < math.inf: So when x is equal to math.inf, the condition is false. So the loop stops when x >= math.inf?

Wait no: The condition is while x < math.inf: So the loop runs as long as x is less than infinity. So when x is equal to infinity, the condition is false, so loop stops.

So the loop runs as long as x is less than infinity. So x starts at 0.0. Each step adds 1. So x becomes 1.0, 2.0, etc. Until x is so large that adding 1.0 doesn't change it anymore.

But in reality, in floating point, adding 1.0 to a number that's already infinity would still be infinity. So the loop will run until x is infinity.

So the loop will run until x is >= math.inf? Or until x is infinity.

So let's think: How many times can you add 1.0 to 0.0 before x >= math.inf?

In double-precision, the maximum finite value is about 1.7976931348623157e+308. So adding 1.0 repeatedly until x exceeds that.

So the number of steps is approximately (1.797e308) / 1.0 → about 1.7e308 steps. But in practice, in Python, it's a finite loop.

But in code, the loop will run until x is >= math.inf.

So after adding 1.0 enough times, x becomes infinity. So the condition x < math.inf becomes false, so loop stops.

So what is x at the end?

So x starts at 0.0. Each step adds 1. So after n steps, x = n * 1.0.

We need to find the maximum n such that n*1.0 < math.inf. So n can be as large as possible before n*1.0 >= math.inf.

But math.inf is infinity. So n can be any finite number. So the loop will run until x is infinity.

So the loop will run until x is infinity. So x will be infinity.

But wait, in the condition, it's while x < math.inf: So when x is infinity, condition is false. So the last iteration is when x is just below infinity.

So x += 1.0 will make it infinity, but since condition is x < inf is false, loop stops.

So before the last step, x is just under infinity. So x += 1.0 will make it infinity.

So the final value of x is infinity.

So print(x) would output float('inf').

So the output is infinity.

So the program would print 'inf'.

So Q1 output is float('inf').

Now Q2:

The program is:

import math
x = 1.0
while x < math.inf:
    x = x * 1.001
print(x)

So initial x is 1.0. Loop while x < inf: multiply x by 1.001 each time.

What happens?

Since 1.001 is greater than 1, each iteration x increases.

So x starts at 1.0.

After first iteration: x = 1.0 * 1.001 = 1.001

Next: 1.001 * 1.001 = (approx) 1.002001

And so on. Since 1.001 is greater than 1, each step x increases.

So will x ever reach infinity? Well, since 1.001 is a finite number greater than 1, multiplying repeatedly will make x approach infinity.

So the loop will run until x >= math.inf? Or until x is so large that multiplying by 1.001 doesn't change it anymore.

But since 1.001 is finite and greater than 1, x will approach infinity.

So the loop will run indefinitely? Or until x becomes so large that x * 1.001 is still finite?

But in practice, in Python, floating point can handle it until x is infinity.

So the condition x < math.inf is checked. So as long as x is finite, loop continues.

So x will keep increasing without bound. So in the end, x will be infinity.

So print(x) would output infinity.

But wait: Let me think. The condition is while

