==========
### Q1. What (if any) is the eventual output of the following python program?

```python
import math
x = 0.0
while x < math.inf:
    x += 1.0
print(x)
```

#### Answer:
The program will eventually print `inf`.

#### Explanation:
1. The loop starts with `x = 0.0` and increments `x` by `1.0` in each iteration.
2. The loop continues as long as `x < math.inf`.
3. In IEEE 754 floating-point arithmetic, there is a maximum finite representable value (for double-precision, this is approximately `1.7976931348623157e308`).
4. Once `x` reaches this maximum finite value, adding `1.0` to it will result in `inf` (due to overflow).
5. At this point, `x` becomes `inf`, and the condition `x < math.inf` evaluates to `False` (since `inf` is not less than `inf`), so the loop terminates.
6. The program then prints `x`, which is `inf`.

---

### Q2. What (if any) is the eventual output of the following python program? Is it different from the results above?

```python
import math
x = 1.0
while x < math.inf:
    x = x * 1.001
print(x)
```

#### Answer:
The program will eventually print `inf`. This is the same as the result in Q1.

#### Explanation:
1. The loop starts with `x = 1.0` and multiplies `x` by `1.001` in each iteration.
2. The loop continues as long as `x < math.inf`.
3. Since `1.001 > 1`, `x` will grow exponentially over time.
4. Eventually, `x` will exceed the maximum finite representable value (approximately `1.7976931348623157e308` for double-precision), and multiplying it by `1.001` will result in `inf` (due to overflow).
5. At this point, `x` becomes `inf`, and the condition `x < math.inf` evaluates to `False`, so the loop terminates.
6. The program then prints `x`, which is `inf`.

#### Comparison with Q1:
- Both programs eventually print `inf` because they both cause `x` to overflow to `inf`.
- The difference is in how `x` grows: linearly in Q1 (`x += 1.0`) and exponentially in Q2 (`x *= 1.001`). However, the final output is the same.

---

### Q3. Consider the following program:

```python
import math
x = 0.0
inc = float(input("Enter a number"))
while x < math.inf:
    x += inc
print("Done")
```

Are there inputs that will lead to the output "Done"? Give at least 2 examples of such inputs if possible.

#### Answer:
Yes, there are inputs that will lead to the output "Done". Two examples are:
1. `inc = 0.0`
2. `inc = -1.0`

#### Explanation:
1. The loop starts with `x = 0.0` and adds `inc` to `x` in each iteration.
2. The loop continues as long as `x < math.inf`.
3. The loop will terminate (and "Done" will be printed) if `x` never reaches `math.inf`. This can happen in two cases:
   - **Case 1: `inc = 0.0`**
     - If `inc` is `0.0`, then `x` remains `0.0` forever.
     - The condition `0.0 < math.inf` is always `True`, but since `x` does not change, the loop will run indefinitely unless interrupted (e.g., by a keyboard interrupt or timeout). However, in practice, Python may not actually run this loop forever due to implementation details, but theoretically, it would not terminate naturally. 
     - However, if we consider that the loop is not interrupted, "Done" would never be printed. But if we interpret the question as asking for inputs where the loop does not cause `x` to reach `inf`, then `inc = 0.0` is a valid example because `x` stays at `0.0` and never overflows.
   - **Case 2: `inc` is negative (e.g., `inc = -1.0`)**
     - If `inc` is negative, then `x` will decrease (or stay the same if `inc = 0.0`) and will never reach `math.inf`.
     - For example, if `inc = -1.0`, then `x` will become `-1.0`, `-2.0`, `-3.0`, etc., and the condition `x < math.inf` will always be `True` (since all finite numbers are less than `inf`). However, the loop will run indefinitely unless interrupted, similar to the `inc = 0.0` case.
     - Again, if we interpret the question as asking for inputs where `x` does not reach `inf`, then negative `inc` values are valid examples.

#### Clarification:
The question asks for inputs that will lead to the output "Done". For "Done" to be printed, the loop must terminate naturally (i.e., the condition `x < math.inf` must become `False`). This can only happen if `x` becomes `inf` (due to overflow) or if `x` becomes `NaN` (though `NaN` comparisons are tricky). 

However, if `inc` is `0.0` or negative, `x` will never become `inf`, so the loop will not terminate naturally, and "Done" will not be printed unless the loop is interrupted. 

Thus, the only way for "Done" to be printed is if `inc` is positive and non-zero, causing `x` to eventually overflow to `inf`. But the question asks for inputs where "Done" is printed, which implies the loop terminates. 

Given this, the only inputs that will lead to "Done" being printed are positive non-zero values of `inc` (since they cause `x` to eventually become `inf`). However, the question seems to imply that there are inputs where the loop does not cause `x` to reach `inf`, which would not print "Done". 

Given the ambiguity, the most reasonable interpretation is that the question is asking for inputs where the loop does not cause `x` to reach `inf`, and thus "Done" is not printed (but the loop runs indefinitely). In that case, `inc = 0.0` and `inc = -1.0` are examples where `x` does not reach `inf`.

If the question is interpreted as asking for inputs where "Done" is printed (i.e., the loop terminates), then the answer is that any positive non-zero `inc` will eventually cause `x` to become `inf`, and "Done" will be printed. For example:
- `inc = 1.0`
- `inc = 0.5`

Given the phrasing "Are there inputs that will lead to the output 'Done'?", the answer is yes, and examples are positive non-zero values like `1.0` and `0.5`. However, the question also asks for inputs where the loop does not cause `x` to reach `inf`, which would not print "Done". 

Given the confusion, the most likely intended answer is that `inc = 0.0` and `inc = -1.0` are inputs where `x` does not reach `inf`, and thus the loop does not terminate (so "Done" is not printed). But if the question is asking for inputs where "Done" is printed, then positive non-zero `inc` values are the answer.

Given the phrasing, I will assume the question is asking for inputs where the loop does not cause `x` to reach `inf`, and thus "Done" is not printed (but the loop runs indefinitely). Thus, the examples are `inc = 0.0` and `inc = -1.0`. 

However, if the question is interpreted as asking for inputs where "Done" is printed, then the examples are `inc = 1.0` and `inc = 0.5`. 

Given the ambiguity, I will provide both interpretations:

#### Interpretation 1: Inputs where "Done" is printed (loop terminates):
Examples:
1. `inc = 1.0`
2. `inc = 0.5`

#### Interpretation 2: Inputs where "Done" is not printed (loop does not terminate):
Examples:
1. `inc = 0.0`
2. `inc = -1.0`

Given the phrasing "Are there inputs that will lead to the output 'Done'?", the answer is yes, and examples are positive non-zero `inc` values like `1.0` and `0.5`. 

Thus, the final answer is:

Yes, there are inputs that will lead to the output "Done". Two examples are:
1. `inc = 1.0`
2. `inc = 0.5`
==========
Prompt: 217 tokens, 150.621 tokens-per-sec
Generation: 1979 tokens, 20.759 tokens-per-sec
Peak memory: 199.473 GB
