Sure, let's go through each question step by step, considering the IEEE 754 floating-point standard.

### Q1. What (if any) is the eventual output of the following Python program?

```python
import math
x = 0.0
while x < math.inf:
    x += 1.0
print(x)
```

**Explanation:**
- The variable `x` starts at 0.0.
- In each iteration of the loop, `x` is incremented by 1.0.
- The loop continues as long as `x` is less than positive infinity (`math.inf`).

**IEEE 754 Considerations:**
- The IEEE 754 standard defines positive infinity as a special value that is greater than any finite number.
- The loop will continue to increment `x` by 1.0 until `x` reaches a value that is no longer representable as a finite floating-point number. However, in practice, the loop will continue indefinitely because `x` will never reach positive infinity.

**Output:**
- The loop will run indefinitely, and the program will never reach the `print(x)` statement.
- Therefore, the program will not produce any output.

### Q2. What (if any) is the eventual output of the following Python program? Is it different from the results above?

```python
import math
x = 1.0
while x < math.inf:
    x = x * 1.001
print(x)
```

**Explanation:**
- The variable `x` starts at 1.0.
- In each iteration of the loop, `x` is multiplied by 1.001.
- The loop continues as long as `x` is less than positive infinity (`math.inf`).

**IEEE 754 Considerations:**
- The IEEE 754 standard defines positive infinity as a special value that is greater than any finite number.
- The loop will continue to multiply `x` by 1.001, causing `x` to grow exponentially.
- Eventually, `x` will become so large that it exceeds the maximum representable finite floating-point number, at which point it will be set to positive infinity.

**Output:**
- The loop will terminate when `x` reaches positive infinity.
- The program will print `inf`.

### Q3. Consider the following program:

```python
import math
x = 0.0
inc = float(input("Enter a number"))
while x < math.inf:
    x += inc
print("Done")
```

**Explanation:**
- The variable `x` starts at 0.0.
- The user is prompted to enter a number, which is stored in `inc`.
- In each iteration of the loop, `x` is incremented by `inc`.
- The loop continues as long as `x` is less than positive infinity (`math.inf`).

**IEEE 754 Considerations:**
- The loop will continue to increment `x` by `inc` until `x` reaches a value that is no longer representable as a finite floating-point number.
- If `inc` is a positive finite number, the loop will run indefinitely because `x` will never reach positive infinity.
- If `inc` is zero, `x` will remain 0.0, and the loop will run indefinitely.
- If `inc` is a negative number, `x` will become negative and will never reach positive infinity, so the loop will run indefinitely.
- If `inc` is positive infinity, `x` will immediately become positive infinity in the first iteration, and the loop will terminate.

**Examples of Inputs that Lead to the Output "Done":**
1. **Positive Infinity (`inf`):**
   - If the user inputs `inf`, `x` will become `inf` in the first iteration, and the loop will terminate.
   - Output: "Done"

2. **Negative Infinity (`-inf`):**
   - If the user inputs `-inf`, `x` will become `-inf` in the first iteration, and the loop will terminate.
   - Output: "Done"

**Note:**
- For any finite positive or negative number, the loop will run indefinitely and will not produce the output "Done".

### Summary of Answers:
1. **Q1 Output:** The program will not produce any output because the loop runs indefinitely.
2. **Q2 Output:** The program will print `inf`.
3. **Q3 Examples of Inputs:**
   - `inf` (positive infinity)
   - `-inf` (negative infinity) [end of text]


