Let's analyze each question step-by-step, assuming IEEE 754 floating-point representation.

### Q1.
```python
import math
x = 0.0
while x < math.inf:
    x += 1.0
print(x)
```

In IEEE 754 floating-point arithmetic, `1.0` is a representable number. The loop will increment `x` by `1.0` in each iteration. Since `math.inf` is a special value representing positive infinity, the loop will continue until `x` reaches or exceeds `math.inf`.

However, `x` will never actually reach `math.inf` because `1.0` is a finite number. The loop will run indefinitely, and the program will not terminate naturally. Therefore, the eventual output of this program is that it will run forever without producing any output.

### Q2.
```python
import math
x = 1.0
while x < math.inf:
    x = x * 1.001
print(x)
```

In this program, `x` is initially set to `1.0`, and in each iteration, `x` is multiplied by `1.001`. The value `1.001` is also a representable number in IEEE 754 floating-point arithmetic.

The loop will continue to multiply `x` by `1.001` until `x` reaches or exceeds `math.inf`. However, similar to the first question, `x` will never actually reach `math.inf` because `1.001` is a finite number. The loop will run indefinitely, and the program will not terminate naturally. Therefore, the eventual output of this program is that it will run forever without producing any output.

### Q3.
```python
import math
x = 0.0
inc = float(input("Enter a number"))
while x < math.inf:
    x += inc
print("Done")
```

The program will terminate and print "Done" if `inc` is such that `x` can eventually reach or exceed `math.inf`. However, in IEEE 754 floating-point arithmetic, there are certain values of `inc` for which `x` will never reach `math.inf` because the increments are too small to overcome the precision limits of floating-point arithmetic.

For example:
- If `inc` is a very small positive number, such as `1e-308`, the loop will run indefinitely because the increments are too small to make `x` reach `math.inf`.
- If `inc` is a negative number, the loop will also run indefinitely because `x` will never increase.

However, if `inc` is a sufficiently large positive number, the loop will terminate. For example:
- If `inc` is `1.0`, the loop will run indefinitely as explained in Q1.
- If `inc` is `1e308`, the loop will terminate because `x` will quickly reach or exceed `math.inf`.

Therefore, there are inputs that will lead to the output "Done". Two examples of such inputs are:
1. `inc = 1e308`
2. `inc = 1e309`

These values are large enough to cause `x` to reach `math.inf` within a reasonable number of iterations, leading to the program terminating and printing "Done". [end of text]


