system
user
Consider the following program:

```
import math
x = 0.0
inc = float(input("Enter a number"))
while x < math.inf:
    x += inc
print("Done")
```

Is there some inputs that will lead to the output "Done"? Give at least 2 examples of such inputs if possible.
assistant
The code you provided will not work as expected for all inputs. The `while` loop condition is `x < math.inf`, which will always be true for any positive value of `x`. However, the loop will run indefinitely because `x` is incremented by `inc` in each iteration, which will cause `x` to grow without bound.

Here are two examples of inputs that will lead to an infinite loop:

1. `inc = 1.0`: In this case, `x` will be incremented by 1.0 in each iteration, causing it to grow without bound. The loop will run indefinitely.
2. `inc = 0.0`: In this case, `x` will not be incremented in each iteration, so the loop will not terminate.

To fix the code, you should change the loop condition to `x <= math.inf` to ensure that the loop terminates when `x` reaches infinity. Here's the corrected code:

```
import math
x = 0.0
inc = float(input("Enter a number"))
while x <= math.inf:
    x += inc
    print("Done")
```

Alternatively, you can use a `while` loop with a condition that checks if `x` has reached a certain threshold, such as `x >= 1000.0`, to control the number of iterations:

```
import math
x = 0.0
inc = float(input("Enter a number"))
threshold = 1000.0
while x < threshold:
    x += inc
    print("Done")
```

In this case, the loop will terminate when `x` reaches the specified threshold. [end of text]


