<seed:think>
Got it, let's tackle these questions one by one, keeping in mind IEEE 754 floating point, which is what Python uses for floats (double-precision, so IEEE 754 64-bit, which has 52 bits of mantissa, 11 bits of exponent, etc.). 

Starting with Q1: The program initializes x as 0.0, then loops while x is less than infinity, adding 1.0 each time. We need to see if this loop ever terminates and what x is when it does.

First, in IEEE 754 double-precision, there's a maximum finite value, called float('inf') is the infinity, but the largest finite double is called Double.MAX_VALUE, which is approximately 1.7976931348623157e+308. Now, when you add 1.0 to a very large number, at some point, the number becomes so large that adding 1.0 doesn't change it anymore. That's because the mantissa has a fixed number of bits, so the least significant bit (LSB) represents a certain increment. When the number is large enough, the increment 1.0 is smaller than the LSB of the mantissa, so adding 1.0 doesn't change the value. Wait, but actually, for numbers in the normal range (not denormal), the spacing between consecutive doubles increases as the exponent increases. The spacing between consecutive doubles at a given exponent is 2^(exponent - 52), because the mantissa is 52 bits (implicit leading 1), so the value is (-1)^sign * (1 + mantissa) * 2^(exponent - 1023) for double-precision (since exponent bias is 1023). So the step between consecutive numbers is 2^(exponent - 1023 - 52) = 2^(exponent - 1075). 

So when we add 1.0 each time, starting from 0, x will keep increasing by 1 until x reaches a value where 1.0 is less than the step between x and the next larger double. At that point, x + 1.0 will equal x, so the loop condition x < inf will still be true (since x is still finite), but x stops changing. Wait, but then the loop would run forever? Wait no, wait: when x is so large that x + 1.0 == x, then in the loop, x += 1.0 does nothing, so x remains the same, and the condition x < inf is still true (because x is finite), so the loop would run infinitely? But wait, is there a point where adding 1.0 causes x to overflow to infinity?

Ah, right! Overflow. Let's think: the maximum finite double is M = 2^1024 - 2^971 (exactly, but approximately 1.797e308). If we add 1 to M, what happens? Let's see: M is the largest finite double. So M + 1.0 would be greater than M, but since there's no larger finite double, it overflows to positive infinity. Wait, is that correct? Let's confirm: in IEEE 754, when you add two positive numbers and the result is larger than the maximum finite value, it's a positive overflow, which results in +infinity (assuming no trapping, which Python doesn't do by default; it just sets to inf).

So the question is: when adding 1.0 repeatedly, do we hit a point where x + 1.0 overflows to inf, causing the loop condition x < inf to fail (since x becomes inf, so inf < inf is false), thus exiting the loop and printing x (which is inf)? Or do we reach a fixed point where x + 1.0 = x before overflow?

Let's calculate when x + 1.0 == x. That's when 1.0 is less than the ulp (unit in the last place) of x. The ulp of x is the difference between x and the next larger double. For x = 2^k, the ulp is 2^(k - 52), because the mantissa has 52 bits, so the LSB is 2^(k - 52). So 1.0 < 2^(k - 52) => k - 52 > 0 => k > 52. So when x is 2^53, the ulp is 2^(53 - 52) = 2^1 = 2. So adding 1 to 2^53: 2^53 + 1 is exactly representable? Wait, 2^53 is 9007199254740992. 2^53 + 1 is 9007199254740993, which is also exactly representable as a double, because the mantissa can represent integers up to 2^53 exactly. Wait, the mantissa is 52 bits, plus the implicit leading 1, so total 53 bits of integer precision. So integers up to 2^53 can be represented exactly. So for x up to 2^53, adding 1.0 will increment x by exactly 1, because 1 is within the ulp.

Once x exceeds 2^53, the ulp becomes larger than 1. For example, x = 2^53 + 2^53 = 2^54. The ulp here is 2^(54 - 52) = 4. So x = 2^54, x + 1 = 2^54 + 1, but is that representable? Let's see: 2^54 is (1.0 * 2^54), so the mantissa is all zeros. Adding 1 would require the mantissa to have a 1 in the 2^(54 - 52) = 4^th position? Wait, maybe better to think: the number of exact integers representable as doubles is up to 2^53. Beyond that, not all integers are representable. For example, 2^53 + 1 is representable? Wait, let's check: 2^53 is 9007199254740992. 2^53 + 1 is 9007199254740993. Let's see if that's a double. The double-precision format: sign bit 0, exponent is 53 + 1023 = 1076 (since the value is 1.000...0001 * 2^53, where the 1 is in the 52nd mantissa bit). Wait, the mantissa is 52 bits, so the fractional part after the leading 1. So 1.000...0001 (with the 1 at the 52nd position) multiplied by 2^53 is 1 + 2^(-52) multiplied by 2^53 = 2^53 + 1. So yes, 2^53 + 1 is exactly representable. What about 2^53 + 2? Also exactly representable. Wait, when does the ulp become 2? Let's see: when the exponent is such that ulp = 2^(e - 1023 - 52) = 2^(e - 1075). We want ulp = 2, so e - 1075 = 1 => e = 1076. The exponent e=1076 corresponds to numbers from 2^(1076 - 1023) = 2^53 up to 2^54 - 2^(53 - 52) = 2^54 - 2^53 = 2^53? Wait no, the range for exponent e is [2^(e - 1023), 2^(e - 1023 + 1)). So for e=1076, the range is [2^53, 2^54). The ulp in this range is 2^(53 - 52) = 2^1 = 2. So in [2^53, 2^54), the step between consecutive doubles is 2. So numbers in this interval are multiples of 2? Wait no, 2^53 is 9007199254740992, next is 9007199254740994 (which is 2^53 + 2), then 9007199254740996, etc. So 2^53 + 1 is actually in the previous interval? Wait maybe I miscalculated the exponent. Let's take x = 2^53: that's (1.0) * 2^53, so exponent is 53 + 1023 = 1076. The mantissa is all zeros. The next number after x is x + ulp, where ulp is 2^(exponent - 1023 - 52) = 2^(53 - 52) = 2. So x + 1 would be 2^53 + 1, but is that a valid double? Let's compute its exponent: 2^53 + 1 is approximately 9.007e15, which is log2(9e15) ≈ 53.17, so exponent is 54 + 1023 = 1077? Wait no, let's do it properly. The value is V = 2^53 + 1 = 1 + 2^53 = 2^53 (1 + 2^(-53)). So the significand is 1 + 2^(-53), which is less than 2, so the exponent is 53 (since significand is in [1,2)), so exponent e = 53 + 1023 = 1076. The mantissa is the fractional part of the significand: 2^(-53), so the mantissa is a 52-bit number where the 53rd bit (counting from the least significant) is 1? Wait, the mantissa is stored as the bits after the leading 1, so significand = 1 + m, where m is a 52-bit fraction (0 ≤ m < 1). So m = 2^(-53) is 0.000...0001 with the 1 in the 53rd position after the binary point. But the mantissa only has 52 bits, so we can't represent m = 2^(-53) exactly? Wait, 2^(-53) is 1/(2^53), which is a 53-bit fraction. So the mantissa is 52 bits, so the least significant bit of the mantissa is 2^(-52). So m can be represented as k * 2^(-52), where k is an integer between 0 and 2^52 - 1. So 2^(-53) is 0.5 * 2^(-52), which is not representable exactly. Wait, that means my earlier thought was wrong: 2^53 + 1 cannot be represented exactly as a double? Let me check with actual numbers. Let's take x = 2**53 in Python. Let's compute x + 1:

In Python:
>>> x = 2**53
>>> x
9007199254740992
>>> x + 1
9007199254740992
Wait, really? Let me check that. Oh right! Because 2^53 is the first integer where adding 1 doesn't change the value. Let me confirm: 2^53 is 9007199254740992. If I add 1, Python says it's still 9007199254740992. Because the mantissa can't represent that extra 1. So my mistake earlier: the exact integer representation goes up to 2^53, but 2^53 itself is representable, but 2^53 + 1 is not; it's rounded to 2^53. Wait, let's check 2^53 - 1: (2^53 -1) +1 = 2^53, which is correct. So yes, 2^53 is the point where adding 1 no longer increments the integer. So for x >= 2^53, x + 1 may not be x + 1; it might be x.

But even if x stops increasing by 1, as long as x is finite, the loop condition x < inf is true, so the loop would continue forever, right? Unless adding 1 causes x to overflow to inf. When does adding 1 to x cause overflow? Let's see: the maximum finite double is approximately 1.7976931348623157e+308. Let's call this MAX_FLOAT. If x is MAX_FLOAT, then x + 1.0 would be larger than MAX_FLOAT, so it overflows to inf. So what's MAX_FLOAT + 1 in Python? Let's check:

>>> import sys
>>> sys.float_info.max
1.7976931348623157
>>> sys.float_info.max + 1
inf

Yes! So if x reaches sys.float_info.max, then x + 1 becomes inf, so the next iteration of the loop: check if x (which is inf) is less than inf? No, so the loop exits, and print(x) would print inf.

But wait, how do we get from x = 2^53 (where x +1 =x) up to sys.float_info.max? Because once x is at 2^53, adding 1 doesn't change it, so x stays at 2^53 forever, never reaching MAX_FLOAT. Wait, that's a key point. Let's clarify: when x is 2^53, x + 1.0 is 2^53 (because the step between consecutive doubles is 2 here, so 1 is less than the step, so adding 1 doesn't change x). So x will be stuck at 2^53, looping forever, because x is always 2^53, which is less than inf, so the condition is always true. But wait, is that the case?

Wait let's take a smaller example. Let's say we have x = 1e300, which is a large number. What's x + 1? Let's compute in Python:

>>> x = 1e300
>>> x + 1
1e+300
>>> x + 1e200
1e+300
>>> x + 1e299
1000000000000000000000000000000.0
Wait, 1e300 is 10^300 = (2*5)^300 = 2^300 *5^300 ≈ 2^300 * 2^(300*log2(5)) ≈ 2^300 * 2^300*2.32 ≈ 2^900, which is way larger than 2^53. The ulp at x=1e300 is 2^(exponent - 1075). Let's find the exponent for x=1e300. x = 1e300 = 10^300 = e^(300 ln 10) ≈ e^(300 * 2.302585) ≈ e^690.775. The natural log of 2^1024 is 1024 ln 2 ≈ 716, so 2^1024 is ~1.7e308, which is MAX_FLOAT. So 1e300 is less than MAX_FLOAT. Let's compute exponent e: x = 1.0 * 2^e (approx), so e = log2(x) ≈ log10(x)/log10(2) ≈ 300 / 0.3010 ≈ 996.6. So e ≈ 997, so ulp = 2^(997 - 1075) = 2^(-78) ≈ 3.1e-24. Wait, that can't be. Wait, no: the formula for ulp is 2^(exponent - bias - mantissa_bits), where bias is 1023, mantissa_bits is 52. So exponent is the stored exponent (not the exponent in the significand). For x=1e300, stored exponent e = floor(log2(x)) + 1023. log2(1e300) = 300 * log2(10) ≈ 300 * 3.321928 = 996.578, so floor is 996, so stored exponent e = 996 + 1023 = 2019. Then ulp = 2^(e - 1023 - 52) = 2^(2019 - 1075) = 2^944, which is an enormous number! Oh right! I had the exponent backwards before. The stored exponent e is such that the value is (1 + mantissa) * 2^(e - 1023). So the exponent in the value's magnitude is (e - 1023), let's call that k = e - 1023, so value ≈ 2^k. Then ulp = 2^(k - 52), because (1 + mantissa) can be incremented by 2^(-52) (since mantissa is 52 bits), so multiplying by 2^k gives an increment of 2^(k - 52). So for k=996 (since x≈2^996), ulp=2^(996 - 52)=2^944, which is way larger than 1. So adding 1 to x=1e300 (which is ~2^996) is like adding a tiny number compared to the ulp, so x + 1 = x. So x will stay at 1e300, loop forever.

Wait, but then when does x ever reach MAX_FLOAT? Because once x is large enough that x + 1 = x, x stops increasing, so it can never reach MAX_FLOAT, right? Because to get to MAX_FLOAT, you need to keep increasing x, but if x stops increasing, you can't get there. So in Q1, the loop is x starts at 0, adds 1 each time. At first, x increases by 1 each time. But once x reaches 2^53, adding 1 no longer increases x (since 2^53 + 1 is not representable, so x stays at 2^53). Then the loop condition is x < inf, which is true (2^53 is finite), so the loop runs forever, never terminating. Wait, but wait—wait a second: 2^53 is about 9e15, which is way smaller than MAX_FLOAT (1.7e308). So if x gets stuck at 9e15, it's never going to reach 1.7e308, so it will loop forever, never printing anything. But is that correct?

Wait let's test with a smaller number where we can see the effect. Let's take x = 2**53:

>>> x = 2**53
>>> x
9007199254740992
>>> x + 1
9007199254740992
>>> x += 1
>>> x
9007199254740992
So yes, adding 1 does nothing. So once x reaches 2^53, it's stuck. So the loop in Q1 will run until x becomes 2^53, then keep looping forever because x is always 2^53 < inf. So the program never outputs anything; it runs infinitely.

Wait but wait—is there a case where adding 1 could cause x to overflow before getting stuck? Let's see: suppose x is very close to MAX_FLOAT. Let's say x = MAX_FLOAT - 1. Then x + 1 = MAX_FLOAT. Then x +=1 becomes MAX_FLOAT. Then next iteration: x is MAX_FLOAT, check if MAX_FLOAT < inf: yes, because inf is larger than any finite number. Then x +=1: MAX_FLOAT + 1 is inf. Now x is inf, check if inf < inf: no, so loop exits, print(inf). But the question is, can x ever reach MAX_FLOAT - 1 by adding 1 each time? Because to get to MAX_FLOAT -1, you would have to have x = MAX_FLOAT -2, then x+1 = MAX_FLOAT -1, etc. But once x is larger than 2^53, adding 1 may not increment x. So for example, when x is (MAX_FLOAT - 1), is x + 1 equal to MAX_FLOAT, or does it overflow directly? Let's check in Python:

>>> import sys
>>> max_float = sys.float_info.max
>>> max_float - 1
1.7976931348623157
>>> max_float - 1 == max_float
True
Oh! Because max_float is so large that subtracting 1 doesn't change it. So max_float -1 is equal to max_float. So you can't get max_float -1 by subtracting 1 from max_float; they are the same. So that means, for all x less than max_float, if x is large enough that x + 1 == x, then x is less than max_float, and you can never reach max_float by adding 1, because adding 1 doesn't change x. Therefore, in Q1, once x reaches 2^53, it stops changing, loop runs forever, no output.

Wait, but let me confirm with actual code. Let's simulate a smaller version where we can see the loop terminate or not. For example, if we use a smaller increment where we hit a fixed point. Let's say we have x starting at 0, adding 0.5 each time. Wait, but 0.5 is a power of two, so maybe not. Alternatively, let's take x starting at 0, adding 1 until x stops changing. Let's code that in Python:

x = 0.0
count = 0
while True:
    new_x = x + 1.0
    if new_x == x:
        print(f"Stuck at x={x} after {count} iterations")
        break
    x = new_x
    count +=1

What's the output here? Let's run this mentally. For x from 0 upwards, adding 1 each time, until x+1 ==x. When does that happen? As we saw, when x is 2^53, x+1 =x. Let's check what count would be: 2^53 iterations. That's about 9e15 iterations. Which is way more than any computer can run in reasonable time, but theoretically, the loop would eventually reach x=2^53, then get stuck in an infinite loop where x doesn't change, so the original Q1 program would never print anything because it's stuck in the while loop forever.

So Q1 answer: the loop never terminates, so there is no eventual output; it runs infinitely.

Now Q2: x starts at 1.0, while x < inf, x = x * 1.001. What's the output here?

Multiplication instead of addition. Let's think about exponential growth. x(t) = 1.0 * (1.001)^t, where t is the number of iterations. We need to see if this grows without bound (overflow to inf) or if it hits a fixed point where x*1.001 ==x (which would require 1.001=1, which is impossible, so no fixed point from multiplication by a constant >1). Wait, but for multiplication, when x is large enough, x * 1.001 may overflow to inf. Let's see: when does x * 1.001 exceed MAX_FLOAT?

MAX_FLOAT is ~1.797e308. So solving x * 1.001 > MAX_FLOAT => x > MAX_FLOAT / 1.001 ≈ 1.795e308. So if x reaches that value, then x*1.001 will be > MAX_FLOAT, thus overflow to inf. Then the next loop condition: x is inf, so inf < inf is false, loop exits, print(x) which is inf.

But does x grow exponentially until it overflows? Let's check the number of steps. Let's take log2 of x(t): log2(x(t)) = log2(1.001) * t. We need log2(x(t)) to be such that x(t) > MAX_FLOAT. The exponent for MAX_FLOAT is e=2046 (since stored exponent is 2046 for MAX_FLOAT: (1 + (2^52 -1)) * 2^(2046 - 1023) = (2^53 -1)*2^1023 = 2^1076 - 2^1023 ≈ 2^1076, which is MAX_FLOAT). So log2(MAX_FLOAT) ≈ 1076. So log2(x(t)) = t * log2(1.001) ≈ t * (ln(1.001)/ln(2)) ≈ t * (0.0009995 / 0.6931) ≈ t * 0.0014427. Set that equal to 1076: t ≈ 1076 / 0.0014427 ≈ 746,000 iterations. That's about 700k steps, which is trivial for a computer. So after about 700,000 iterations, x will multiply by 1.001 and overflow to inf, then the loop exits, printing inf.

Wait, let's test with a smaller multiplier to see. For example, x=1.0, multiply by 2 each time: x will quickly overflow. Let's see: 2^1024 is about 1.7e308, which is MAX_FLOAT, so after 1024 multiplications by 2, x would be 2^1024, which is inf (since 2^1024 is larger than MAX_FLOAT, which is 2^1024 - 2^971). So yes, multiplication by a constant greater than 1 will lead to exponential growth, which will overflow to inf in a finite number of steps, thus the loop terminates, printing inf.

So Q2 is different from Q1: Q1's loop never terminates (runs forever), Q2's loop terminates after about 700k steps, printing inf.

Q3: The program takes an input 'inc' (a float), initializes x=0.0, loops while x < inf, adding inc each time. Are there inputs inc that lead to output "Done"? That is, inputs where the loop terminates.

When would the loop terminate? The loop terminates when x >= inf, but since we're adding a positive inc (assuming inc is positive; the question says "enter a number", which could be positive, negative, zero, etc.), wait: if inc is negative, then x could decrease, but starting from 0, adding a negative inc would make x negative, which is still less than inf, so loop would run forever. If inc is zero, then x remains 0.0, loop runs forever. If inc is positive, we need to see if adding inc repeatedly leads to x overflowing to inf (so x becomes inf, loop condition fails). But wait, in Q1, inc was 1.0 (positive), and the loop didn't terminate because x got stuck at 2^53. So why would some positive inc lead to termination and others not?

Ah, right! The key is whether adding inc repeatedly will eventually cause x to overflow to inf, or get stuck in a fixed point (x + inc == x) before overflow. When does x + inc == x? That's when inc is less than the ulp of x. So if inc is very small, then once x is large enough that ulp(x) > inc, x + inc == x, so x stops changing, loop runs forever. If inc is large enough that even when x is very large, ulp(x) is still less than inc, then adding inc will keep increasing x until it overflows to inf.

Wait, what's the condition for inc being large enough that x + inc > x for all x up to MAX_FLOAT? That would require that inc > ulp(x) for all x < MAX_FLOAT. But ulp(x) increases as x increases. The maximum ulp(x) for finite x is at x=MAX_FLOAT, but ulp(MAX_FLOAT) is actually undefined because MAX_FLOAT is the largest finite, so there's no next double after it. Wait, the ulp of MAX_FLOAT is considered to be infinity, because there's no larger finite double. So for any finite inc > 0, there exists some x where ulp(x) > inc. For example, take x such that ulp(x) = inc + epsilon. Then x + inc = x.

Wait, but let's take inc = MAX_FLOAT. Then x starts at 0.0:

x = 0.0 + MAX_FLOAT = MAX_FLOAT. Then next iteration: x += MAX_FLOAT = MAX_FLOAT + MAX_FLOAT = inf (since MAX_FLOAT + MAX_FLOAT overflows). Then loop condition: inf < inf? No, so loop exits, print "Done". So inc = MAX_FLOAT is an input that leads to "Done".

Another example: inc = 1e300. Let's see: x starts at 0, add 1e300 once: x=1e300. Add again: x=2e300. But 2e300 is larger than MAX_FLOAT (~1.7e308? No, 2e300 is 2 followed by 300 zeros, which is 2*10^300, while MAX_FLOAT is ~1.7*10^308, so 2e300 is smaller than MAX_FLOAT. Wait, 1e300 * 2 = 2e300, *3=3e300, ..., how many times do we add 1e300 to get to MAX_FLOAT? Let's see: MAX_FLOAT / 1e300 ≈ 1.797e8, so about 1.797e8 additions. Each addition is x += 1e300, which is representable because 1e300 is a multiple of a power of two? Maybe not exactly, but even if there's some rounding, adding 1e300 repeatedly will eventually exceed MAX_FLOAT, causing overflow to inf, thus loop terminates.

Wait, but what if inc is very small, like 1e-300. Then x starts at 0, adds 1e-300 each time. But 1e-300 is smaller than the ulp of x when x is very small? Wait no, for small x (denormal numbers), the ulp is very small. Wait, denormal numbers have exponent 0, so the value is m * 2^(-1022), where m is the mantissa (0 ≤ m < 2^52). So the ulp for denormals is 2^(-1022). So 1e-300 is much larger than 2^(-1022) (since 2^(-1022) is ~2.2e-308). So adding 1e-300 to denormals will increment x. But once x becomes normal (exponent ≥1), the ulp increases. For example, when x is 2^0 =1, ulp is 2^(-52) ≈ 2.2e-16. 1e-300 is way smaller than that, so adding 1e-300 to x=1 will not change x (x + 1e-300 =1). So x gets stuck at 1, loop runs forever. So inc=1e-300 is a bad input (loop never terminates).

So the question is: what inc will lead to x overflowing to inf before getting stuck in a fixed point? That requires that inc is large enough that the number of steps to overflow is finite, i.e., before x reaches a value where ulp(x) ≥ inc.

When is that the case? Let's find the threshold inc where adding inc repeatedly will overflow. Let's consider the maximum x before ulp(x) ≥ inc. The ulp(x) at x is 2^(k -52), where k is the exponent (x ≈ 2^k). We need 2^(k -52) < inc for all k up to the exponent of MAX_FLOAT (k_max ≈ 1024). So 2^(k_max -52) < inc. k_max is about 1024, so 2^(1024 -52) = 2^972 ≈ 1e292. So if inc is larger than 2^972, then even at x≈2^1024 (MAX_FLOAT), ulp(x) is 2^(1024 -52)=2^972, so inc > 2^972 would mean that ulp(x) < inc at x=MAX_FLOAT, so adding inc to MAX_FLOAT would overflow. Wait, but MAX_FLOAT + inc is definitely larger than MAX_FLOAT, so it overflows.

So if inc is larger than 2^972, then adding inc once to 0 gives x=inc, adding again gives 2*inc, ..., until n*inc > MAX_FLOAT, which will happen in n = ceil(MAX_FLOAT / inc) steps, which is finite. So for any inc > 0 where inc is large enough that n*inc exceeds MAX_FLOAT in finite steps, the loop will terminate.

Examples of such inputs: inc = 1e300 (as before), inc = sys.float_info.max (which we saw earlier: x becomes sys.float_info.max after first addition, then next addition overflows

