### Q1. Output of the Python Program with Incremental Addition

```python
import math
x = 0.0
while x < math.inf:
    x += 1.0
print(x)
```

#### Explanation:
In IEEE 754 floating-point representation, there is a finite limit to how large a number can be before it overflows to `inf` (infinity). The maximum finite floating-point number in double-precision (64-bit) is approximately \(1.7976931348623157 \times 10^{308}\).

The loop starts with `x = 0.0` and increments `x` by `1.0` in each iteration. Since `1.0` is a finite number, the loop will continue until `x` exceeds the maximum finite floating-point value, at which point `x` will become `inf` (infinity), and the loop condition `x < math.inf` will evaluate to `False`.

Thus, the loop will terminate, and the output will be:
```
inf
```

### Key Point:
The loop terminates because `x` eventually overflows to `inf`, and the condition `x < math.inf` becomes false.

---

### Q2. Output of the Python Program with Multiplicative Growth

```python
import math
x = 1.0
while x < math.inf:
    x = x * 1.001
print(x)
```

#### Explanation:
This loop starts with `x = 1.0` and multiplies `x` by `1.001` in each iteration. The question is whether `x` will eventually reach `inf` or if it will stop due to some other reason (e.g., underflow or overflow).

1. **Growth to Infinity**: The multiplicative factor `1.001` is greater than `1`, so `x` will grow exponentially. In theory, repeated multiplication by `1.001` will eventually cause `x` to exceed the maximum finite floating-point value, leading to `inf`.

2. **Practical Behavior**: In practice, due to the finite precision of floating-point numbers, `x` will not grow indefinitely without rounding errors. However, the key observation is that the loop will terminate when `x` overflows to `inf`. This is because `1.001` is a small enough multiplier that `x` will eventually exceed the maximum finite value.

Thus, the loop will terminate, and the output will be:
```
inf
```

#### Is it different from Q1?
- In Q1, the loop increments `x` by a fixed finite value (`1.0`), and the loop terminates when `x` overflows to `inf`.
- In Q2, the loop multiplies `x` by a factor slightly greater than `1` (`1.001`), and the loop also terminates when `x` overflows to `inf`.

The eventual output (`inf`) is the same in both cases, but the path to reaching `inf` is different (additive vs. multiplicative growth).

---

### Q3. Inputs Leading to "Done" in the Incremental Loop

```python
import math
x = 0.0
inc = float(input("Enter a number"))
while x < math.inf:
    x += inc
print("Done")
```

#### Explanation:
The loop will print "Done" if and only if the loop condition `x < math.inf` eventually becomes `False`. This happens if `x` overflows to `inf` after a finite number of additions of `inc`.

For `x` to eventually overflow to `inf`, `inc` must be a **positive number** that is not so small that the additions never cause `x` to exceed the maximum finite floating-point value. However, in IEEE 754 floating-point arithmetic, any positive `inc` will eventually cause `x` to overflow to `inf` because the maximum finite value is finite, and repeated addition of a positive number will eventually exceed it.

But there are nuances:
1. If `inc` is **zero**, the loop will never change `x` (it stays `0.0`), so the loop condition `0.0 < math.inf` is always true, and the loop runs forever (or until some other termination condition, like a runtime error or system limit). Thus, "Done" is never printed.
2. If `inc` is **negative**, `x` will decrease (or stay the same if `inc` is very small due to underflow), and the loop condition `x < math.inf` will always be true (since `x` will never reach `inf`). Thus, "Done" is never printed.
3. If `inc` is **positive**, `x` will eventually overflow to `inf`, and the loop will terminate, printing "Done".

However, there is a subtle case where `inc` is so small that the additions do not cause `x` to grow in a way that reaches `inf` due to floating-point underflow or rounding errors. For example, if `inc` is smaller than the smallest positive denormalized number (subnormal number) that can be added to `x` without changing its value, the loop may not make progress. But in practice, for any positive `inc`, `x` will eventually overflow to `inf` because the maximum finite value is finite.

#### Examples of Inputs Leading to "Done":
1. `inc = 1.0`: This is the simplest case where `x` increments by `1.0` each time, eventually reaching `inf`.
2. `inc = 1e-100`: Even a very small positive number will eventually cause `x` to overflow to `inf` after enough iterations (though the number of iterations will be extremely large).

#### Edge Cases:
- `inc = 0.0`: Loop runs forever (no "Done").
- `inc = -1.0`: Loop runs forever (no "Done").
- `inc = 1e-308`: Still positive, so "Done" will eventually be printed (though it may take a very long time).

#### Key Point:
For any positive `inc`, the loop will eventually terminate with "Done" because `x` will overflow to `inf`. For non-positive `inc`, the loop will not terminate (or will not print "Done").

### Summary of Answers:
1. Q1: The output is `inf`.
2. Q2: The output is `inf`, same as Q1.
3. Q3: Any positive input for `inc` will lead to "Done". Examples: `1.0` and `1e-100`. [end of text]


