system
user
Answer all the following questions assuming IEEE 754 floating point

Q1. What (if any) is the eventual output of the following python program?

```
import math
x = 0.0
while x < math.inf:
    x += 1.0
print(x)
```

---

Q2. What (if any) is the eventual output of the following python program? Is it different from the results above?

```
import math
x = 1.0
while x < math.inf:
    x = x * 1.001
print(x)
```

---

Q3. Consider the following program:

```
import math
x = 0.0
inc = float(input("Enter a number"))
while x < math.inf:
    x += inc
print("Done")
```

Are there inputs that will lead to the output "Done"? Give at least 2 examples of such inputs if possible.

---

Remember to answer all the questions

Q1.
assistant
Let's dive into each question, assuming IEEE 754 floating-point representation.

### Q1. Eventual Output of the First Python Program

```python
import math
x = 0.0
while x < math.inf:
    x += 1.0
print(x)
```

**Analysis:**

- **IEEE 754 Floating-Point Representation:** In IEEE 754, floating-point numbers have a specific range and precision. For `float` in most Python implementations (which typically corresponds to IEEE 754 single precision), the maximum representable finite value is approximately `3.4028235677973366e+38`.
- **`math.inf`:** `math.inf` represents positive infinity, which is a special value in IEEE 754 that is greater than any finite number.
- **Loop Condition:** The loop continues as long as `x` is less than `math.inf`.
- **Increment Operation:** `x` is incremented by `1.0` in each iteration.

**Eventual Output:**

Given the above points, the loop will not actually reach `math.inf` because it's not a reachable value through incremental addition of `1.0` (or any finite value). Instead, the loop will terminate when `x` exceeds the maximum representable finite value, due to the nature of how floating-point operations handle overflow in IEEE 754. When a floating-point operation exceeds the maximum representable value, the result is `inf`.

**Output:** The eventual output will be `inf`, because once `x` surpasses its maximum finite value, the next addition operation will result in `inf`, which then satisfies the condition to exit the loop (since `inf` is not less than `inf`, the loop condition `x < math.inf` becomes false).

### Q2. Eventual Output of the Second Python Program

```python
import math
x = 1.0
while x < math.inf:
    x = x * 1.001
print(x)
```

**Analysis:**

- The key difference here is the multiplication by `1.001` instead of addition of `1.0`.
- Exponential growth (through multiplication) reaches the maximum representable value much faster than linear growth (through addition).

**Eventual Output:**

Similar to Q1, the loop will terminate when `x` exceeds the maximum representable finite value, resulting in `inf` due to overflow.

**Output:** The eventual output will also be `inf`. The difference in growth rate (exponential vs. linear) means this program will output `inf` much sooner than the first program, in terms of the number of iterations.

**Is it Different from the Results Above?**

- **Output Value:** No, the output (`inf`) is the same as Q1.
- **Number of Iterations to Reach Output:** Yes, significantly fewer iterations are required to reach `inf` due to exponential growth.

### Q3. Inputs Leading to the Output "Done"

```python
import math
x = 0.0
inc = float(input("Enter a number"))
while x < math.inf:
    x += inc
print("Done")
```

**Analysis:**

For the program to output "Done", the loop must terminate. Given the condition `x < math.inf`, termination happens when `x` is no longer less than `math.inf`, which in practical terms under IEEE 754, means `x` must reach or exceed the maximum representable finite value to then become `inf` and satisfy the exit condition.

**Examples of Inputs Leading to "Done":**

1. **Any Positive Finite Number:** Entering any positive finite number (e.g., `1.0`, `0.001`, etc.) will eventually lead to "Done" as the loop increments `x` until it overflows to `inf`.
   
2. **Negative Numbers or Zero Will Not Work:** 
   - **Zero (`0.0`):** The loop will run indefinitely since `x` will never change.
   - **Negative Numbers:** The loop condition checks for `x` being less than `math.inf`, and since negative numbers are indeed less than infinity, and adding a negative number to `x` will either decrease `x` or keep it negative, the loop will also run indefinitely for negative inputs.

**Additional Note:** The program's design implies it's looking for inputs that lead to termination by reaching or exceeding the maximum representable value. Thus, only positive finite numbers serve this purpose. [end of text]


