Q1. The eventual output of the first program is `inf` (infinity). Here's the reasoning:

- The program initializes `x` to `0.0`.
- It enters a loop that increments `x` by `1.0` until `x` is greater than or equal to `inf`.
- Since `inf` is the largest representable number in IEEE 754 floating-point format, the loop will continue indefinitely until the system or the environment imposes a limit (which is not specified in the question, but typically, the loop will terminate due to system constraints).

Q2. The eventual output of the second program is also `inf` (infinity). Here's the reasoning:

- The program initializes `x` to `1.0`.
- It enters a loop that multiplies `x` by `1.001` until `x` is greater than or equal to `inf`.
- Since `inf` is the largest representable number in IEEE 754 floating-point format, the loop will continue indefinitely until the system or the environment imposes a limit (which is not specified in the question, but typically, the loop will terminate due to system constraints).

Q2. The results from the two programs are the same, both leading to the output `inf` (infinity).

Q3. The program:

```python
import math
x = 0.0
inc = float(input("Enter a number"))
while x < math.inf:
    x += inc
print("Done")
```

will lead to the output "Done" if the input `inc` is a positive number. Here are two examples of such inputs:

1. `inc = 0.1`
2. `inc = 0.001`

In both cases, the loop will continue to increment `x` by `inc` until `x` is greater than or equal to `inf`, at which point the loop will terminate and print "Done". [end of text]


