Let's analyze each of the questions step by step, assuming IEEE 754 floating-point representation.

### Q1. What (if any) is the eventual output of the following python program?

```python
import math
x = 0.0
while x < math.inf:
    x += 1.0
print(x)
```

**Analysis:**
- The variable `x` starts at `0.0`.
- The loop increments `x` by `1.0` in each iteration.
- In IEEE 754 floating-point arithmetic, `1.0` is a representable number.
- The loop condition `x < math.inf` will be true until `x` reaches infinity.

**Eventual Output:**
- Since `x` is incremented by `1.0` each time, it will eventually reach a value that is effectively infinity in floating-point representation.
- The loop will terminate when `x` becomes `inf`.
- The output will be `inf`.

### Q2. What (if any) is the eventual output of the following python program? Is it different from the results above?

```python
import math
x = 1.0
while x < math.inf:
    x = x * 1.001
print(x)
```

**Analysis:**
- The variable `x` starts at `1.0`.
- The loop multiplies `x` by `1.001` in each iteration.
- In IEEE 754 floating-point arithmetic, `1.001` is a representable number.
- The loop condition `x < math.inf` will be true until `x` reaches infinity.

**Eventual Output:**
- Since `x` is multiplied by `1.001` each time, it will eventually reach a value that is effectively infinity in floating-point representation.
- The loop will terminate when `x` becomes `inf`.
- The output will be `inf`.

**Comparison:**
- The eventual output of both programs is `inf`.
- The difference is in the rate at which `x` approaches infinity. In the first program, `x` increases linearly, while in the second program, `x` increases exponentially.

### Q3. Consider the following program:

```python
import math
x = 0.0
inc = float(input("Enter a number"))
while x < math.inf:
    x += inc
print("Done")
```

**Analysis:**
- The variable `x` starts at `0.0`.
- The variable `inc` is set to the user input converted to a float.
- The loop increments `x` by `inc` in each iteration.
- The loop condition `x < math.inf` will be true until `x` reaches infinity.

**Inputs Leading to Output "Done":**
- If `inc` is `0.0`, the loop will never terminate because `x` will always be `0.0`.
- If `inc` is a very small positive number (e.g., `1e-308`), the loop will terminate when `x` reaches a value that is effectively infinity in floating-point representation.

**Examples of Such Inputs:**
1. `0.0`
2. `1e-308`

In both cases, the output will be `"Done"`. [end of text]


