Okay, let's break down these questions about IEEE 754 floating-point arithmetic in Python.

**Q1. What (if any) is the eventual output of the following python program?**

```python
import math
x = 0.0
while x < math.inf:
    x += 1.0
print(x)
```

**Answer:**

The program will likely produce a very large number, but it will *not* print `math.inf`.  Here's why:

*   **`math.inf`:** In Python, `math.inf` represents positive infinity.  It's a special floating-point value.
*   **IEEE 754 and Floating-Point Limitations:**  Floating-point numbers (like those used in IEEE 754) have a limited precision.  They can't represent *all* real numbers exactly.  As a number gets larger, the representation becomes increasingly approximate.
*   **The Loop:** The `while` loop continues as long as `x` is less than `math.inf`.  However, `x` is incrementing by 1.0 in each iteration.  Eventually, `x` will become so large that it exceeds the maximum representable floating-point number.  The exact value it reaches will depend on the system's floating-point precision, but it will be a very large number that is *not* exactly `math.inf`.  The program will likely print a number close to the maximum representable float, and then the loop will terminate.

The output will be a number close to the maximum representable float, but not `math.inf`.  It will likely be something like `9.223372036854776e+18` (or similar, depending on the system).

**Q2. What (if any) is the eventual output of the following python program? Is it different from the results above?**

```python
import math
x = 1.0
while x < math.inf:
    x = x * 1.001
print(x)
```

**Answer:**

The output will be a number very close to 1.001.

*   **Exponential Growth:** The loop repeatedly multiplies `x` by 1.001. This is exponential growth.
*   **Floating-Point Precision:**  Because of floating-point representation, the value of `x` will not increase *exactly* to 1.001.  Instead, it will approach 1.001, but there will be a small error due to the limitations of floating-point arithmetic.  The program will print a value very close to 1.001, but not exactly 1.001.

The output will be approximately `1.0010000000000002` (or similar, depending on the system).  This is different from the output of Q1, which involved linear growth.

**Q3. Consider the following program:**

```python
import math
x = 0.0
inc = float(input("Enter a number"))
while x < math.inf:
    x += inc
print("Done")
```

**Are there inputs that will lead to the output "Done"? Give at least 2 examples of such inputs if possible.**

**Answer:**

Yes, there are inputs that will lead to the output "Done".  The program will print "Done" when `x` is no longer incremented by `inc` and therefore does not reach `math.inf`.

Here are two examples:

1.  **`inc = 0.0`:** If the user enters `0.0` as the input, `x` will never increase, and the `while` loop will never execute. The program will immediately print "Done".

2.  **`inc = -1.0`:** If the user enters `-1.0` as the input, `x` will decrease with each iteration of the loop.  Since `x` starts at 0.0, it will eventually become negative.  The `while` loop condition `x < math.inf` will become false, and the loop will terminate. The program will print "Done".

Other negative values for `inc` will also work, as long as they are less than 0.0.  A positive value for `inc` will cause the loop to continue indefinitely (or until a floating-point overflow occurs).
 [end of text]


