 <|im_start|>user
Consider the following program:

```
import math
x = 0.0
inc = float(input("Enter a number"))
while x < math.inf:
    x += inc
print("Done")
```

Is there some inputs that will lead to the output "Done"? Give at least 2 examples of such inputs if possible.
<|im_end|>
<|im_start|>assistant
Yes, there are inputs that will lead to the output "Done". Here are two examples:

1. If the user enters 0.01 as the input, the program will increment `x` by 0.01 in each iteration of the while loop. Since `math.inf` is infinity, the condition `x < math.inf` will always be true, and the program will keep incrementing `x` indefinitely. However, since the increment is very small (0.01), it will take a very long time for `x` to reach infinity, and the program may appear to be stuck. Eventually, the program will finish the loop and print "Done".

2. If the user enters 1.0 as the input, the program will increment `x` by 1.0 in each iteration of the while loop. Again, since `math.inf` is infinity, the condition `x < math.inf` will always be true, and the program will keep incrementing `x` indefinitely. However, since the increment is relatively large (1.0), it will take a shorter amount of time for `x` to reach infinity, and the program may appear to finish more quickly. Eventually, the program will finish the loop and print "Done".

In both cases, the program will eventually reach the "Done" output, but it may take a long time depending on the input.

Note: It's important to understand that the program will never actually reach infinity due to the limitations of floating-point arithmetic. However, for practical purposes, the program will behave as if it's approaching infinity, and will eventually print "Done" after a sufficient number of iterations.

Here's a modified version of the program that demonstrates this behavior:

```python
import math
x = 0.0
inc = float(input("Enter a number: "))
while x < math.inf:
    x += inc
    print(f"x = {x}")
print("Done")
```

By printing the value of `x` in each iteration, you can observe the program's progress towards infinity.

In summary, there are inputs that will lead to the output "Done", but the program may take a long time to finish depending on the input.
<|im_end|>

