system
user
Answer all the following questions assuming IEEE 754 floating point

Q1. What (if any) is the eventual output of the following python program?

```
import math
x = 0.0
while x < math.inf:
    x += 1.0
print(x)
```

---

Q2. What (if any) is the eventual output of the following python program? Is it different from the results above?

```
import math
x = 1.0
while x < math.inf:
    x = x * 1.001
print(x)
```

---

Q3. Consider the following program:

```
import math
x = 0.0
inc = float(input("Enter a number"))
while x < math.inf:
    x += inc
print("Done")
```

Are there inputs that will lead to the output "Done"? Give at least 2 examples of such inputs if possible.

---

Remember to answer all the questions

Q1.
assistant
I'd be happy to help you with that.

Q1:
The eventual output of the program is `inf` (infinity). This is because the loop condition `x < math.inf` is always true, and `x` is incremented by `1.0` in each iteration. As `x` approaches infinity, the increment becomes smaller and smaller, but it never actually reaches infinity. In IEEE 754 floating point, `x` will eventually become `inf` due to the way floating point numbers are represented.

Q2:
The eventual output of the program is `inf` (infinity). This is because the loop condition `x < math.inf` is always true, and `x` is multiplied by `1.001` in each iteration. As `x` approaches infinity, the multiplication becomes less significant, but it never actually reaches infinity. In IEEE 754 floating point, `x` will eventually become `inf` due to the way floating point numbers are represented.

Q3:
Yes, there are inputs that will lead to the output "Done". For example, if the input is `0.0`, the program will enter an infinite loop because `x` will never actually reach infinity. Another example is if the input is a very small number, such as `1e-308`, which is the smallest positive normalized floating point number in IEEE 754. In this case, `x` will increment very slowly, but it will never actually reach infinity.

Note that the program will not terminate for these inputs because the loop condition `x < math.inf` is always true, and `x` is incremented or multiplied by a small amount in each iteration. [end of text]


