Let's analyze each of the questions based on IEEE 754 floating-point arithmetic.

### Q1. What (if any) is the eventual output of the following python program?

```python
import math
x = 0.0
while x < math.inf:
    x += 1.0
print(x)
```

In IEEE 754 floating-point arithmetic, `math.inf` represents positive infinity. The variable `x` starts at `0.0` and is incremented by `1.0` in each iteration of the loop. Since `1.0` is a representable floating-point number, `x` will eventually reach a value that is greater than or equal to `math.inf`. However, since `x` is a floating-point number, it will never exactly equal `math.inf` (unless it overflows to infinity, which is not the case here). Therefore, the loop will continue indefinitely, and the program will never print any output.

### Q2. What (if any) is the eventual output of the following python program? Is it different from the results above?

```python
import math
x = 1.0
while x < math.inf:
    x = x * 1.001
print(x)
```

In this program, `x` starts at `1.0` and is multiplied by `1.001` in each iteration of the loop. Similar to the first program, `x` will never exactly equal `math.inf` because `math.inf` represents positive infinity. However, `x` will grow exponentially due to the multiplication by `1.001`. Eventually, `x` will become so large that it will overflow to positive infinity. At that point, the condition `x < math.inf` will no longer be true, and the loop will terminate. The program will then print the value of `x`, which will be `inf`.

### Q3. Consider the following program:

```python
import math
x = 0.0
inc = float(input("Enter a number"))
while x < math.inf:
    x += inc
print("Done")
```

Are there inputs that will lead to the output "Done"? Give at least 2 examples of such inputs if possible.

In this program, `x` starts at `0.0` and is incremented by `inc` in each iteration of the loop. The loop will continue as long as `x` is less than `math.inf`. The key is to determine if there are any values of `inc` that will cause the loop to terminate.

1. **Positive Infinity (`inc = inf`)**: If `inc` is set to positive infinity, the first iteration of the loop will set `x` to `inf`, and the loop will terminate immediately. The program will print "Done".

2. **NaN (`inc = NaN`)**: If `inc` is set to NaN (Not a Number), the addition `x += inc` will result in `x` becoming NaN. Since NaN is not less than `math.inf`, the loop will terminate immediately. The program will print "Done".

Therefore, the inputs that will lead to the output "Done" are:
- `inf`
- `NaN` [end of text]


