user
Consider the following program:

```
import math
x = 0.0
inc = float(input("Enter a number"))
while x < math.inf:
    x += inc
print("Done")
```

Is there some inputs that will lead to the output "Done"? Give at least 2 examples of such inputs if possible.

assistant
```python
x = 0.0
inc = 0.1

while x < math.inf:
    x += inc
print("Done")
```

1. Input: `1.0`, `2.0`, `3.0`, `math.inf`
2. Input: `1.0001`, `2.0001`, `3.0001`, `math.inf`
3. Input: `1.00001`, `2.00001`, `3.00001`, `math.inf`
4. Input: `1.000001`, `2.000001`, `3.000001`, `math.inf`
5. Input: `1.0000000001`, `2.0000000001`, `3.0000000001`, `math.inf`
```