 [INST] <<SYS>>

<</SYS>>

Answer all the following questions assuming IEEE 754 floating point

Q1. What (if any) is the eventual output of the following python program?

```
import math
x = 0.0
while x < math.inf:
    x += 1.0
print(x)
```

---

Q2. What (if any) is the eventual output of the following python program? Is it different from the results above?

```
import math
x = 1.0
while x < math.inf:
    x = x * 1.001
print(x)
```

---

Q3. Consider the following program:

```
import math
x = 0.0
inc = float(input("Enter a number"))
while x < math.inf:
    x += inc
print("Done")
```

Are there inputs that will lead to the output "Done"? Give at least 2 examples of such inputs if possible.

---

Remember to answer all the questions

Q1.
 [/INST] In IEEE 754 floating point, there is a limit to the largest representable number, which is known as infinity. However, the loop in the given program will never reach that value because the addition of 1.0 to the current value of x will never be enough to reach infinity. This is because the floating point representation has limited precision, and adding a small number to a large number will not change the large number if the small number is smaller than the precision limit. Therefore, the program will continue indefinitely without producing any output.

Q2.
 
In this program, the value of x is being multiplied by 1.001 in each iteration. This means that the value of x will keep increasing, but it will take longer and longer to reach infinity due to the limited precision of floating point representation. However, just like in the previous question, the program will never actually reach infinity. Instead, it will eventually reach a value that is so large that it cannot be represented accurately in the floating point format, and the value will "wrap around" to a very large negative number. At this point, the loop condition will no longer be true, and the program will print the final value of x.

Q3.
 
In this program, the user is asked to input a number that will be added to x in each iteration. If the user inputs a value that is larger than zero but smaller than the precision limit of the floating point representation, then the program will eventually reach infinity and print "Done". For example, if the user inputs 1e-20, then the program will print "Done" after about 2.09e+19 iterations. Another example is if the user inputs 1e-300, then the program will print "Done" after about 1.04e+299 iterations. However, if the user inputs a value that is larger than the precision limit, then the program will not print "Done" and will instead enter an infinite loop, similar to the first question. [end of text]


