 <|im_start|>user
Consider the following program:

```
import math
x = 0.0
inc = float(input("Enter a number"))
while x < math.inf:
    x += inc
print("Done")
```

Is there some inputs that will lead to the output "Done"? Give at least 2 examples of such inputs if possible.
<|im_end|>
<|im_start|>assistant
<|im_start|>assistant

```
im_end
<|im_start|>
<|im_end|>assistant
<|im_end|>assistant

```
im_end
<|im_start|>
<|im_end|>assistant
<|im_end|>assistant

```
im_end
<|im_start|>
<|im_end|>assistant
<|im_end|>assistant
```