system
user
Consider the following program:

```
import math
x = 0.0
inc = float(input("Enter a number"))
while x < math.inf:
    x += inc
print("Done")
```

Is there some inputs that will lead to the output "Done"? Give at least 2 examples of such inputs if possible.
assistant
A delightful exploration of floating-point arithmetic and infinite loops!

At first glance, it seems like the loop will never terminate since `x` is incremented indefinitely. However, due to the nature of floating-point numbers and the specific condition `x < math.inf`, there are indeed inputs that will lead to the output "Done". Here's why:

1. **Floating-point overflow**: In most systems, floating-point numbers have a maximum representable value. When `x` exceeds this value, incrementing it further will result in an overflow, wrapping around to a smaller value, or, more likely, becoming `inf` (infinity) itself. Once `x` becomes `inf`, the condition `x < math.inf` will be `False`, exiting the loop.

2. **IEEE 754 floating-point representation quirks**: The `math.inf` constant is a special value representing positive infinity. In the IEEE 754 floating-point standard (widely used in computing), there's a subtle aspect to consider: when a floating-point value is incremented and the result would exceed the maximum representable value, it becomes `inf`. However, once a value is `inf`, adding any finite number (including the increment `inc`) to it results in `inf` again. The key insight is that if `inc` is small enough, due to the density of floating-point numbers near zero, there might be a scenario where `x` becomes `inf` exactly, but this is more about the overflow scenario. The interesting case for the second example is actually related to the input that directly leverages the comparison with `math.inf`.

Given these considerations, here are two examples of inputs that will lead to the output "Done", though the second one is more about understanding the limits of floating-point representation rather than a practical input scenario:

### 1. **Causing Floating-Point Overflow**

- **Input**: A very large number for `inc`, significantly larger than the maximum value that can be represented by a float before it overflows to `inf`. For a typical 64-bit float (IEEE 754 double precision), this would be a number larger than approximately `1.7976931348623157e+308`.

  **Example Input**: `1e309` (Note: The actual input to cause overflow might vary slightly based on the system's floating-point implementation, but `1e309` is a commonly cited example for exceeding the maximum double precision float value.)

### 2. **Direct Comparison with `math.inf`**

- **Input**: Theoretically, if `inc` is `math.inf` itself, the first iteration would set `x` to `inf`, making the condition `x < math.inf` false, thus exiting the loop. However, this is more of a conceptual example rather than a practical input scenario because the question typically implies a finite increment.

  **Example Input (Conceptual)**: `math.inf` (This is not something you'd input in the traditional sense but illustrates a point about the loop condition.)

**Practical Note**: For the first example, the exact value to cause overflow might vary, and for the second, inputting `math.inf` directly isn't typically what's meant by "Enter a number" in a user input context. These examples are more about understanding the boundaries of the given program rather than typical user interactions. [end of text]


