### Q1. Analysis of the First Program

**Code:**
```python
import math
x = 0.0
while x < math.inf:
    x += 1.0
print(x)
```

**Step-by-Step Execution:**
1.  **Initialization**: `x` starts at `0.0`.
2.  **Loop Condition**: The loop continues as long as `x < math.inf`.
3.  **Iteration**: In each step, `1.0` is added to `x`.
4.  **IEEE 754 Behavior**:
    *   Floating-point numbers have a maximum finite value (for standard 64-bit doubles, this is approximately $1.7976931348623157 \times 10^{308}$).
    *   As `x` grows larger, it eventually reaches this maximum finite value.
    *   When `x` is at the maximum finite value and we add `1.0`, the result is too large to be represented as a finite number.
    *   According to IEEE 754 rules, adding a positive number to the maximum finite value results in **positive infinity** (`inf`).
5.  **Termination**:
    *   Once `x` becomes `inf`, the condition `x < math.inf` evaluates to `False` (since `inf` is not less than `inf`).
    *   The loop terminates.
6.  **Output**: The program prints the current value of `x`, which is now `inf`.

**Answer:**
The eventual output is **`inf`**.

---

### Q2. Analysis of the Second Program

**Code:**
```python
import math
x = 1.0
while x < math.inf:
    x = x * 1.001
print(x)
```

**Step-by-Step Execution:**
1.  **Initialization**: `x` starts at `1.0`.
2.  **Loop Condition**: The loop continues as long as `x < math.inf`.
3.  **Iteration**: In each step, `x` is multiplied by `1.001`.
4.  **IEEE 754 Behavior**:
    *   Similar to the first program, `x` will grow exponentially.
    *   Eventually, `x` will reach the maximum finite representable value.
    *   Multiplying this maximum value by `1.001` will result in a value larger than the maximum finite number.
    *   IEEE 754 dictates that this overflow results in **positive infinity** (`inf`).
5.  **Termination**:
    *   Once `x` becomes `inf`, the condition `x < math.inf` becomes `False`.
    *   The loop terminates.
6.  **Output**: The program prints `inf`.

**Comparison with Q1:**
*   **Result**: The output is the same (`inf`).
*   **Difference**: The number of iterations differs significantly. Q1 takes roughly $1.8 \times 10^{308}$ iterations (linear growth), while Q2 takes roughly $\log_{1.001}(1.8 \times 10^{308}) \approx 700,000$ iterations (exponential growth). However, the *eventual* output value is identical.

**Answer:**
The eventual output is **`inf`**. It is **not different** from the result of Q1 in terms of the final printed value, though the number of loop iterations required to reach that value is vastly different.

---

### Q3. Analysis of the Third Program

**Code:**
```python
import math
x = 0.0
inc = float(input("Enter a number"))
while x < math.inf:
    x += inc
print("Done")
```

**Question:** Are there inputs that will lead to the output "Done"? Give at least 2 examples.

**Analysis:**
The loop `while x < math.inf` will only terminate if `x` eventually becomes greater than or equal to `math.inf`.
*   If `inc` is **positive**: `x` will grow indefinitely until it overflows to `inf`. The loop terminates, and "Done" is printed.
*   If `inc` is **zero**: `x` remains `0.0`. The condition `0.0 < inf` is always true. This creates an **infinite loop**.
*   If `inc` is **negative**: `x` will decrease (become more negative). Since `x` starts at `0.0` and goes to $-\infty$, it will never be greater than or equal to `+inf`. This creates an **infinite loop**.
*   **Special Case (NaN)**: If the input is not a number (e.g., `float('nan')`), comparisons with `inf` usually return `False` (NaN is unordered), but `x += nan` results in `nan`. `nan < inf` is `False`. However, the prompt asks for valid inputs leading to "Done", and standard positive numbers are the clearest examples.

**Conclusion:**
Yes, there are inputs that lead to "Done". Any **positive finite number** will cause `x` to eventually overflow to `inf`.

**Two Examples:**
1.  **Input**: `1.0`
    *   `x` increments by 1.0 each time until it overflows to `inf`.
2.  **Input**: `0.000001` (or `1e-6`)
    *   `x` increments by a small positive amount. It will take many more iterations than the first example, but it will eventually reach `inf`.

*(Note: Any positive number, no matter how small, works.)*

**Answer:**
Yes, inputs that are **positive numbers** will lead to the output "Done".
**Example 1:** `1.0`
**Example 2:** `0.5` (or `0.001`, `100.0`, etc.) [end of text]


