user
Answer all the following questions assuming IEEE 754 floating point

Q1. What (if any) is the eventual output of the following python program?

```
import math
x = 0.0
while x < math.inf:
    x += 1.0
print(x)
```

---

Q2. What (if any) is the eventual output of the following python program? Is it different from the results above?

```
import math
x = 1.0
while x < math.inf:
    x = x * 1.001
print(x)
```

---

Q3. Consider the following program:

```
import math
x = 0.0
inc = float(input("Enter a number"))
while x < math.inf:
    x += inc
print("Done")
```

Are there inputs that will lead to the output "Done"? Give at least 2 examples of such inputs if possible.

---

Remember to answer all the questions

Q1.

model
Okay, let's address each question as you've requested, focusing on IEEE 754 floating-point arithmetic.

**Q1. What (if any) is the eventual output of the following python program?**

```python
import math
x = 0.0
while x < math.inf:
    x += 1.0
print(x)
```

**Answer:**

The eventual output of the program is **`math.inf`**.

**Explanation:**

The `while` loop continues as long as `x` is less than `math.inf`.  In each iteration, `x` is incremented by 1.  Since `math.inf` is positive infinity, the loop will execute indefinitely.  The `print(x)` statement will then print the value of `x` which will remain at `math.inf` forever.

**Q2. What (if any) is the eventual output of the following python program? Is it different from the results above?**

```python
import math
x = 1.0
while x < math.inf:
    x = x * 1.001
print(x)
```

**Answer:**

The eventual output of the program is **`1.001`**.

**Explanation:**

Let's trace the execution:

1.  `x = 1.0`
2.  `x < math.inf` (1.0 < infinity) is true.
3.  `x = 1.0 * 1.001 = 1.001`
4.  `x < math.inf` (1.001 < infinity) is true.
5.  `x = 1.001 * 1.001 = 1.002001`
6.  `x < math.inf` (1.002001 < infinity) is true.
7.  `x = 1.002001 * 1.001 = 1.003002`
...and so on.

The loop continues until `x` becomes greater than `math.inf`.  The final value of `x` is `1.003002`.  The `print(x)` statement will then print this value.

**Difference from the results above:**

The original program prints `math.inf`. The modified program prints `1.003002`.  The difference is due to the multiplication by `1.001`.  This small change in the value of `x` causes the loop to execute more times, resulting in a larger final value.

---

**Q3. Consider the following program:

```python
import math
x = 0.0
inc = float(input("Enter a number"))
while x < math.inf:
    x += inc
print("Done")
```

Are there inputs that will lead to the output "Done"? Give at least 2 examples of such inputs if possible.

**Answer:**

Yes, there are inputs that will lead to the output "Done".  Here are two examples:

1.  **Input:** `5.0`
2.  **Input:** `-1.0`

**Explanation:**

*   **Input 1: `5.0`**
    *   `x = 0.0`
    *   `inc = 5.0`
    *   `x < math.inf` (0.0 < infinity) is true.
    *   `x = 0.0 + 5.0 = 5.0`
    *   `x < math.inf` (5.0 < infinity) is true.
    *   `x = 5.0 + 5.0 = 10.0`
    *   ...and so on.  The loop continues until `x` becomes greater than `math.inf`.
    *   `print("Done")` is executed.

*   **Input 2: `-1.0`**
    *   `x = 0.0`
    *   `inc = -1.0`
    *   `x < math.inf` (0.0 < infinity) is true.
    *   `x = 0.0 + (-1.0) = -1.0`
    *   `x < math.inf` (-1.0 < infinity) is true.
    *   `x = -1.0 + (-1.0) = -2.0`
    *   ...and so on. The loop continues until `x` becomes greater than `math.inf`.
    *   `print("Done")` is executed.

In both cases, the loop terminates because `x` becomes greater than `math.inf`.
 [end of text]


