<|user|>
What is the eventual output of the following python program?

import math
x = 0.0
while x < math.inf:
    x += 1.0
print(x)
<|end|>
<|assistant|>
The code you provided will result in an infinite loop. The condition `x < math.inf` always remains true, hence `x += 1.0` is executed indefinitely.

Python's `math.inf` represents infinity which is greater than any real number. Here `x` keeps increasing by `1.0`, but it will never reach `math.inf` due to the nature of infinity. 

The print statement will never be executed, so the program does not produce any output.

If you want to exit the loop, you can define a maximum value that `x` can reach. Here's an example:

```python
import math
x = 0.0
while x < math.inf:
    if x >= 100000:
        break
    x += 1.0
print(x)
```

In this modified example, `x` will increment by `1.0` until it reaches `100000`, at which point the loop will stop, and `100000` will be printed.<|end|>