user
What is the output of the following python program?

import math
x = 1.0
while x < math.inf:
    x = x * 1.001
print(x)

assistant
<Thought>
Alright, I need to determine the output of the given Python program. Let's break it down step by step to understand what's happening.

First, the program imports the `math` module, which provides access to mathematical functions and constants. Then, it initializes a variable `x` with the value `1.0`. 

Next, there's a `while` loop that runs as long as `x` is less than `math.inf`. `math.inf` represents infinity in Python, so this loop will continue indefinitely because `x` will never be greater than infinity. Inside the loop, `x` is multiplied by `1.001`, effectively increasing its value by 1% each time.

Now, considering the behavior of floating-point arithmetic in Python, every time `x` is multiplied by `1.001`, it's subject to precision errors inherent in how floating-point numbers are represented in computers. These tiny inaccuracies can accumulate over many iterations, potentially causing `x` to exceed `math.inf` even if it's not supposed to.

However, in practice, due to these precision errors, the loop will eventually cause `x` to become larger than `math.inf`, triggering a `OverflowError`. This error will terminate the loop and prevent the program from printing a value that exceeds the maximum representable float in Python.

But wait, let's think about the exact point where this overflow occurs. Since `math.inf` is the upper limit for float values in Python, and `x` is being increased by a factor of `1.001` each iteration, the number of iterations required to reach or exceed `math.inf` depends on the initial value of `x` and the growth rate. Given that `x` starts at `1.0`, and considering the precision errors, it's likely that the loop will run for a very large number of iterations before `x` actually becomes `math.inf`.

Moreover, the program doesn't have any mechanism to break out of the loop once `x` approaches `math.inf`, so it will continue running indefinitely until an overflow occurs. This makes the program potentially unbounded and susceptible to crashing due to excessive memory usage or exceeding the maximum recursion depth if implemented recursively.

Additionally, if we consider the mathematical concept, multiplying a finite number by `1.001` repeatedly will asymptotically approach infinity, but due to floating-point precision, it will never actually reach infinity. Therefore, the loop will never terminate naturally, and the program will eventually fail due to an overflow error.

In summary, the program is designed to run an infinite loop that increases `x` by 1% each time, but due to floating-point precision errors, it will eventually cause an overflow and terminate, preventing the print statement from executing with a meaningful value.

</Thought>
<Output>
The program will raise a `OverflowError` and terminate before printing a value.
</Output> [end of text]


