system
user
What is the output of the following python program?

import math
x = 1.0
while x < math.inf:
    x = x * 1.001
print(x)
assistant
The output of the program will be:

inf

Here's why:

1. The `math.inf` constant represents infinity, which is a special value in Python that is greater than any other number.
2. The while loop condition `x < math.inf` is always true, because `x` is a finite number (1.0) and `math.inf` is infinity.
3. In each iteration of the loop, `x` is multiplied by 1.001, which is a small positive value. This means that `x` will keep increasing in value.
4. However, since `x` is a floating-point number, it will eventually exceed the maximum value that can be represented by a float in Python, which is approximately 1.7976931348623157e+308.
5. When `x` exceeds this maximum value, it will be represented as `inf` (infinity) in Python.
6. The loop will continue to run indefinitely, with `x` being multiplied by 1.001 in each iteration, causing it to grow without bound.
7. The final output of the program will be `inf`, because the loop will never terminate.

Note that this program will run indefinitely and will not terminate on its own. If you run this program, you will need to interrupt it manually (e.g., by pressing Ctrl+C) to stop it.