<s><|user|>
What is the output of the following python program?

import math
x = 1.0
while x < math.inf:
    x = x * 1.001
print(x)
<|end|>
<|assistant|>
The given Python program will never reach the point where `x` is equal to or greater than `math.inf` (infinity) due to the loop condition and the increment step (`x *= 1.001`). However, if we assume the intention was to see the output just before `x` would theoretically exceed infinity, the loop would still be infinite due to the way it's written.

Given the constraints and Python's handling of floating-point numbers and infinity, the program doesn't directly reach infinity. But let's clarify how it would behave:

The loop continuously multiplies `x` by `1.001`, which means `x` is incremented by `0.001` in each iteration. This operation will keep increasing the value of `x` very slowly towards infinity, but theoretically, it won't actually reach infinity due to the limitations of floating-point arithmetic.

In practice, though, if we're looking at how this program behaves, it's going to run indefinitely since there's no condition to exit the loop (e.g., `x >= math.inf` or another termination condition).

However, to answer the question in a practical sense, the program will run indefinitely and won't print a final value for `x` because it never reaches infinity due to the nature of floating-point arithmetic and the way the loop is structured.

To illustrate a scenario where an output might be meaningful, let's assume we modify the condition to something more feasible. For example, we could ask it to stop when `x` exceeds a certain threshold:

```python
import math
x = 1.0
while x < 1e10:  # Example threshold
    x = x * 1.001
print(x)
```

This modified version will print a value close to `1e10`, considering the multiplication by `1.001`. But remember, in the original code, the loop's condition (`x < math.inf`) and the infinite increment (`x *= 1.001`) prevent it from ever completing.<|end|>