Here’s a robust implementation in Python that meets your requirements:

- Converts an integer to a compact, human-readable string.
- Uses at most 3–4 characters when possible.
- Handles negative numbers, zero, and very large magnitudes.
- Rounds to 1 decimal place when needed, but omits the decimal if it’s `.0`.

```python
def compact_number(n: int) -> str:
    """
    Convert an integer to a compact, human-readable string.
    Examples:
        2          -> "2"
        800        -> "0.8k"
        9385832    -> "9.4M"
        -1500      -> "-1.5k"
        0          -> "0"
        999499     -> "999k"
        999500     -> "1.0M"
    """
    if n == 0:
        return "0"

    sign = "-" if n < 0 else ""
    n = abs(n)

    # Define thresholds and suffixes
    thresholds = [
        (1_000_000_000_000, "T"),  # trillion
        (1_000_000_000, "B"),      # billion
        (1_000_000, "M"),          # million
        (1_000, "k"),              # thousand
    ]

    for threshold, suffix in thresholds:
        if n >= threshold:
            value = n / threshold
            # Round to 1 decimal place
            rounded = round(value, 1)
            # If rounding pushes us to the next threshold (e.g., 999.9k -> 1.0M),
            # re-evaluate with the next larger unit.
            if rounded >= 1000:
                continue  # let the next (larger) threshold handle it
            # Format: remove trailing .0 if present
            if rounded == int(rounded):
                return f"{sign}{int(rounded)}{suffix}"
            else:
                # Ensure we don't exceed 4 chars if possible
                s = f"{rounded:.1f}{suffix}"
                # In rare cases like "10.0k" we can shorten to "10k"
                if s.endswith(".0" + suffix):
                    s = f"{int(rounded)}{suffix}"
                return sign + s

    # Below 1,000: just return the number
    return f"{sign}{n}"
```

### Example usage

```python
tests = [
    0, 1, 2, 9, 10, 99, 100, 500, 800, 999,
    1000, 1001, 1500, 999499, 999500, 1000000,
    1234567, 9385832, -1500, -999500,
    1_000_000_000, 1_234_567_890, 9_999_999_999,
    1_000_000_000_000, 1_234_567_890_123
]

for t in tests:
    print(t, "->", compact_number(t))
```

This function:

- Keeps output ≤ 4 characters in most common cases (`"0.8k"`, `"9.4M"`, `"1.0B"`, etc.).
- Gracefully handles rounding that crosses magnitude boundaries.
- Works for negative integers and zero.
- Scales up to trillions; you can easily extend the `thresholds` list if needed. [end of text]


