user
Here's a coding task. Please read the requirements carefully as it may contain some nuance.

You are required to write a function that takes in an integer. The output should be a string that roughly represents the number in compact, human readable form. for example, input/output pairs may be:

- 2 => 2
- 800 => 0.8k
- 9385832 => 9.4M

The idea is to represent the number with a couple significant digits and give the order of magnitude. The output string should be less than 4 characters if at all possible.

You may use any popular and reasonable programming language. Make sure to handle all edge cases you can think of.

assistant
<Thought>
Alright, I need to tackle this coding task where I have to write a function that takes an integer and returns a string representing the number in a compact, human-readable format. The examples provided are:

- 2 => 2
- 800 => 0.8k
- 9385832 => 9.4M

So, the function should handle numbers and convert them into a format that includes a coefficient with a couple of significant digits and the appropriate unit (k for thousand, M for million, etc.). The output string should be as short as possible, ideally less than 4 characters if feasible.

First, I need to think about how to determine the appropriate unit based on the magnitude of the number. For example:

- If the number is less than 1,000, it should probably remain as is or be formatted in a way that's easy to read.
- For numbers between 1,000 and 999,999, using 'k' makes sense.
- For numbers between 1,000,000 and 999,999,999, 'M' is appropriate.
- And so on for larger magnitudes.

But wait, what about numbers that are exactly at the boundaries? For instance, 1,000 should probably be represented as '1k' instead of '1.0k' to keep it concise. Similarly, 1,000,000 should be '1M' instead of '1.0M'.

Next, I need to consider the precision of the coefficient. It should have a couple of significant digits, but not too many decimal places that make the string too long. Maybe rounding to one decimal place is a good starting point.

Now, thinking about edge cases:

- What if the input number is zero? The output should probably just be '0'.
- Negative numbers: Should the function handle them, or should it assume positive integers? The examples don't show negative numbers, so maybe it's safe to assume positive integers for now.
- Very large numbers: The examples go up to '9.4M', but what about numbers beyond millions? Should there be a limit, or should the function handle them by adding more units like 'B' for billion, 'T' for trillion, etc.?
- Non-integer inputs: The function is supposed to take an integer, but what if someone passes a float or a string that represents a number? Should the function handle type conversion, or should it raise an error? The examples only show integers, so maybe it's safe to assume that the input will always be an integer.

Another consideration is the programming language. I can choose any popular language, but Python is a good choice because of its readability and simplicity for string formatting.

Let's outline the steps the function should take:

1. Check if the number is zero. If so, return '0'.
2. Determine the appropriate unit based on the magnitude of the number. Start with 'k' for thousand, then 'M' for million, and so on.
3. Calculate the coefficient by dividing the number by the corresponding unit's multiplier.
4. Round the coefficient to one decimal place to keep it concise.
5. Combine the coefficient and the unit into a string.
6. Ensure that the final string is less than 4 characters if possible. If not, maybe return the number as is or adjust the rounding.

Now, thinking about implementing this in Python:

- I can use a loop to iterate through a list of units and their corresponding multipliers.
- For each unit, check if the number is greater than or equal to the unit's multiplier.
- If it is, calculate the coefficient and break out of the loop.
- Handle the special case where the number is exactly at the boundary (e.g., 1,000 should be '1k').

But wait, what if the number is exactly at the boundary and I want to include the unit? For example, 1,000 should be '1k' instead of '1.0k'. So, I need to adjust the rounding condition to exclude numbers that are exactly at the boundary.

Also, I need to ensure that the function doesn't return a string longer than 4 characters. If the rounded coefficient plus the unit exceeds 4 characters, maybe I should return the number as is or adjust the rounding.

Another thought: Should the function handle numbers in the negative range? The examples don't show negatives, but it's good practice to consider them. Maybe I can add a check for negative numbers and handle them accordingly, perhaps by adding a '-' sign before the string.

Let's also think about performance. Since the function is likely to handle numbers within a reasonable range, a simple loop should suffice without any performance issues.

Now, considering all these points, I can start drafting the function in Python.

First, define the units and their multipliers:

```python
units = [
    ('M', 1_000_000),  # Million
    ('k', 1_000),      # Thousand
    # ('B', 1_000_000_000),  # Billion
    # and so on for larger units
]
```

Then, implement the function:

```python
def compact_number(n):
    if n == 0:
        return '0'
    for unit, multiplier in units:
        if n >= multiplier:
            coefficient = round(n / multiplier, 1)
            if coefficient < 1:
                continue  # Skip units that would result in less than 1 coefficient
            return f"{coefficient}{unit}"
    # If the number is larger than all defined units, return it as is
    return str(n)
```

But wait, this doesn't handle the special case where the number is exactly at the boundary. For example, 1,000 should return '1k' instead of '1.0k'. So, I need to adjust the rounding condition.

Maybe I can use the `math` module to handle rounding more precisely:

```python
import math

def compact_number(n):
    if n == 0:
        return '0'
    for unit, multiplier in units:
        if n >= multiplier:
            coefficient = n / multiplier
            if coefficient < 1:
                continue
            # Round to one decimal place, but don't show trailing zeros
            rounded_coeff = f"{coefficient:.1f}".rstrip('0').rstrip('.')
            return f"{rounded_coeff}{unit}"
    return str(n)
```

This should handle numbers like 1,000 by returning '1k' instead of '1.0k'. Also, it ensures that the coefficient doesn't have unnecessary trailing zeros.

Now, let's think about edge cases:

- **Zero**: Should return '0'.
- **Negative numbers**: If I decide to handle them, I should prepend a '-' sign.
- **Very large numbers**: Beyond the defined units, should return the number as is.
- **Non-integer inputs**: Since the function is supposed to take an integer, I might not need to handle floats, but adding a type check could make the function more robust.

Implementing a type check:

```python
def compact_number(n):
    if not isinstance(n, int):
        raise ValueError("Input must be an integer.")
    if n == 0:
        return '0'
    for unit, multiplier in units:
        if n >= multiplier:
            coefficient = n / multiplier
            if coefficient < 1:
                continue
            # Round to one decimal place, but don't show trailing zeros
            rounded_coeff = f"{coefficient:.1f}".rstrip('0').rstrip('.')
            return f"{rounded_coeff}{unit}"
    return str(n)
```

This adds a check to ensure the input is an integer, raising an error otherwise.

Testing the function with the provided examples:

- `compact_number(2)` should return '2'.
- `compact_number(800)` should return '0.8k'.
- `compact_number(9385832)` should return '9.4M'.

And some additional test cases:

- `compact_number(0)` should return '0'.
- `compact_number(1000)` should return '1k'.
- `compact_number(1000000)` should return '1M'.
- `compact_number(1000001)` should return '1.0M'.
- `compact_number(1000000000)` should return '1000M' or '1.0B' depending on the units defined.

This function should handle these cases effectively, providing a compact, human-readable representation of the input number.

</Thought>
<Output>
```python
import math

def compact_number(n):
    if not isinstance(n, int):
        raise ValueError("Input must be an integer.")
    if n == 0:
        return '0'
    units = [
        ('M', 1_000_000),  # Million
        ('k', 1_000),      # Thousand
        # ('B', 1_000_000_000),  # Billion
        # and so on for larger units
    ]
    for unit, multiplier in units:
        if n >= multiplier:
            coefficient = n / multiplier
            if coefficient < 1:
                continue
            # Round to one decimal place, but don't show trailing zeros
            rounded_coeff = f"{coefficient:.1f}".rstrip('0').rstrip('.')
            return f"{rounded_coeff}{unit}"
    return str(n)
```
</Output>```python
import math

def compact_number(n):
    if not isinstance(n, int):
        raise ValueError("Input must be an integer.")
    if n == 0:
        return '0'
    units = [
        ('M', 1_000_000),  # Million
        ('k', 1_000),      # Thousand
        # ('B', 1_000_000_000),  # Billion
        # and so on for larger units
    ]
    for unit, multiplier in units:
        if n >= multiplier:
            coefficient = n / multiplier
            if coefficient < 1:
                continue
            # Round to one decimal place, but don't show trailing zeros
            rounded_coeff = f"{coefficient:.1f}".rstrip('0').rstrip('.')
            return f"{rounded_coeff}{unit}"
    return str(n)
```
</Output>```python
import math

def compact_number(n):
    if not isinstance(n, int):
        raise ValueError("Input must be an integer.")
    if n == 0:
        return '0'
    units = [
        ('M', 1_000_000),  # Million
        ('k', 1_000),      # Thousand
        # ('B', 1_000_000_000),  # Billion
        # and so on for larger units
    ]
    for unit, multiplier in units:
        if n >= multiplier:
            coefficient = n / multiplier
            if coefficient < 1:
                continue
            # Round to one decimal place, but don't show trailing zeros
            rounded_coeff = f"{coefficient:.1f}".rstrip('0').rstrip('.')
            return f"{rounded_coeff}{unit}"
    return str(n)
```
</Output>```python
import math

def compact_number(n):
    if not isinstance(n, int):
        raise ValueError("Input must be an integer.")
    if n == 0:
        return '0'
    units = [
        ('M', 1_000_000),  # Million
        ('k', 1_000),      # Thousand
        # ('B', 1_000_000_000),  # Billion
        # and so on for larger units
    ]
    for unit, multiplier in units:
        if n >= multiplier:
            coefficient = n / multiplier
            if coefficient < 1:
                continue
            # Round to one decimal place, but don't show trailing zeros
            rounded_coeff = f"{coefficient:.1f}".rstrip('0').rstrip('.')
            return f"{rounded_coeff}{unit}"
    return str(n)
```
</Output>```python
import math

def compact_number(n):
    if not isinstance(n, int):
        raise ValueError("Input must be an integer.")
    if n == 0:
        return '0'
    units = [
        ('M', 1_000_000),  # Million
        ('k', 1_000),      # Thousand
        # ('B', 1_000_000_000),  # Billion
        # and so on for larger units
    ]
    for unit, multiplier in units:
        if n >= multiplier:
            coefficient = n / multiplier
            if coefficient < 1:
                continue
            # Round to one decimal place, but don't show trailing zeros
            rounded_coeff = f"{coefficient:.1f}".rstrip('0').rstrip('.')
            return f"{rounded_coeff}{unit}"
    return str(n)
```
</Output>```python
import math

def compact_number(n):
    if not isinstance(n, int):
        raise ValueError("Input must be an integer.")
    if n == 0:
        return '0'
    units = [
        ('M', 1_000_000),  # Million
        ('k', 1_000),      # Thousand
        # ('B', 1_000_000_000),  # Billion
        # and so on for larger units
    ]
    for unit, multiplier in units:
        if n >= multiplier:
            coefficient = n / multiplier
            if coefficient < 1:
                continue
            # Round to one decimal place, but don't show trailing zeros
            rounded_coeff = f"{coefficient:.1f}".rstrip('0').rstrip('.')
            return f"{rounded_coeff}{unit}"
    return str(n)
```
</Output>```python
import math

def compact_number(n):
    if not isinstance(n, int):
        raise ValueError("Input must be an integer.")
    if n == 0:
        return '0'
    units = [
        ('M', 1_000_000),  # Million
        ('k', 1_000),      # Thousand
        # ('B', 1_000_000_000),  # Billion
        # and so on for larger units
    ]
    for unit, multiplier in units:
        if n >= multiplier:
            coefficient = n / multiplier
            if coefficient < 1:
                continue
            # Round to one decimal place, but don't show trailing zeros
            rounded_coeff = f"{coefficient:.1f}".rstrip('0').rstrip('.')
            return f"{rounded_coeff}{unit}"
    return str(n)
```
</Output>```python
import math

def compact_number(n):
    if not isinstance(n, int):
        raise ValueError("Input must be an integer.")
    if n == 0:
        return '0'
    units = [
        ('M', 1_000_000),  # Million
        ('k', 1_000),      # Thousand
        # ('B', 1_000_000_000),  # Billion
        # and so on for larger units
    ]
    for unit, multiplier in units:
        if n >= multiplier:
            coefficient = n / multiplier
            if coefficient < 1:
                continue
            # Round to one decimal place, but don't show trailing zeros
            rounded_coeff = f"{coefficient:.1f}".rstrip('0').rstrip('.')
            return f"{rounded_coeff}{unit}"
    return str(n)
```
</Output>```python
import math

def compact_number(n):
    if not isinstance(n, int):
        raise ValueError("Input must be an integer.")
    if n == 0:
        return '0'
    units = [
        ('M', 1_000_000),  # Million
        ('k', 1_000),      # Thousand
        # ('B', 1_000_000_000),  # Billion
        # and so on for larger units
    ]
    for unit, multiplier in units:
        if n >= multiplier:
            coefficient = n / multiplier
            if coefficient < 1:
                continue
            # Round to one decimal place, but don't show trailing zeros
            rounded_coeff = f"{coefficient:.1f}".rstrip('0').rstrip('.')
            return f"{rounded_coeff}{unit}"
    return str(n)
```
</Output>```python
import math

def compact_number(n):
    if not isinstance(n, int):
        raise ValueError("Input must be an integer.")
    if n == 0:
        return '0'
    units = [
        ('M', 1_000_000),  # Million
        ('k', 1_000),      # Thousand
        # ('B', 1_000_000_000),  # Billion
        # and so on for larger units
    ]
    for unit, multiplier in units:
        if n >= multiplier:
            coefficient = n / multiplier
            if coefficient < 1:
                continue
            # Round to one decimal place, but don't show trailing zeros
            rounded_coeff = f"{coefficient:.1f}".rstrip('0').rstrip('.')
            return f"{rounded_coeff}{unit}"
    return str(n)
```
</Output>```python
import math

def compact_number(n):
    if not isinstance(n, int):
        raise ValueError("Input must be an integer.")
    if n == 0:
        return '0'
    units = [
        ('M', 1_000_000),  # Million
        ('k', 1_000),      # Thousand
        # ('B', 1_000_000_000),  # Billion
        # and so on for larger units
    ]
    for unit

