<seed:think>
Got it, let's tackle this problem. First, I need to understand the requirements clearly. The function takes an integer and returns a compact string. Let's look at the examples:

2 → 2 (no suffix, since it's small)
800 → 0.8k (so 800 is 0.8 thousand)
9385832 → 9.4M (let's check: 9385832 divided by 1e6 is 9.385832, rounded to one decimal? Wait 9.4, right. So that's one decimal place here)

Wait, but what about the "less than 4 characters if at all possible" part? Let's see: 0.8k is 4 characters (0, ., 8, k) — wait, but 800's output is 0.8k which is 4, but is there a shorter way? No, because 800 is 0.8k; 8k would be 8000, which is bigger. Oh, right, so the suffixes are for orders of magnitude: like k (1e3), M (1e6), G (1e9), etc. Probably up to whatever is needed, but let's list the common ones first.

First step: figure out the order of magnitude (the suffix) we need. Let's think: for a number N, we need to find the largest exponent e (multiples of 3, since each suffix is 10^3) such that 10^e ≤ N? Wait no, wait 800 is 8e2, which is less than 1e3, but we use k (1e3). Oh right, because 800 is 0.8k, which is shorter than writing 800? Wait 800 is 3 characters, 0.8k is 4—wait but the example says 800→0.8k. Oh, so maybe the example is just an example, but the "less than 4 if possible" is a goal. Wait let's check: 800's output is 4, but is there a way to make it 3? 800 is 3 digits, so 0.8k is 4, but maybe if we round to integer? Like 800→.8k? But that's 3 characters, but is that allowed? Wait the example uses 0.8k, so probably leading zero before decimal is required? Wait 0.8k is 4, but let's see another example: 9385832 is 9.4M— that's 4 characters (9, .,4,M) which is exactly 4. Oh, right, so 4 is the max allowed? Because the requirement says "less than 4 if at all possible". So 9.4M is 4, which is okay, but 2 is 1 (way less), 0.8k is 4 (okay).

Wait let's confirm the example math: 9385832 / 1e6 = 9385832 / 1000000 = 9.385832 → rounded to one decimal is 9.4. Correct. 800 /1e3=0.8 → exactly 0.8, so that's the output.

So first, let's list the possible suffixes and their corresponding exponents:

Let's think: the suffixes are k (10^3), M (10^6), G (10^9), T (10^12), etc. What about numbers smaller than 1000? They don't get a suffix, right? Because 2→2, which is smaller than 1000.

Wait but wait: what about 999? According to the example logic, 999 would be 0.999k, but if we round to one decimal, that's 1.0k? But 1.0k is 4 characters, same as 999 (3). Wait but 999 is 3 characters, which is less than 4, so maybe we shouldn't use the suffix here? Oh right! The key point from the requirement: "the output string should be less than 4 characters if at all possible." Oh, that's a crucial constraint. So first priority: make the string as short as possible, preferably less than 4. So let's re-examine the examples in light of that.

Wait 800: 800 is 3 characters. The example output is 0.8k which is 4. But why? Is 0.8k shorter than 800? No, 3 vs 4. Wait maybe the example is just an example of the format, not that every case has to use the suffix? Wait wait let's check the problem statement again: "the output should be a string that roughly represents the number in compact, human readable form. for example, input/output pairs may be". Oh, "may be"—so those are examples, not strict rules for those exact inputs. Oh, that's an important nuance. So the examples are illustrative, not prescriptive for those specific numbers.

Wait that changes things. So let's re-express the problem with that in mind: compact, human readable, with a couple significant digits, order of magnitude, and preferably less than 4 characters.

So first, let's think about what "compact" means here. Usually, compact notation uses suffixes for thousands, millions, etc., to reduce the number of digits. For example, 1234 is 1.2k (3 characters) instead of 4. 12345 is 12k (2? Wait 12k is 3 characters) or 1.2M? No, 12345 is 12.3k, which is 4, but 12k is 3. Wait but significant digits: "a couple"—so 1 or 2 significant digits?

Wait let's look at the examples again: 9385832 →9.4M (two significant digits, one decimal place). 800→0.8k (one significant digit? Wait 0.8 is one, but 9.4 is two). Hmm, maybe 1 or 2 significant digits, depending on what's shorter.

Wait let's take 800 again. If we use 0.8k (4 chars) vs 800 (3 chars): 800 is shorter, so why would we use 0.8k? Unless the example was wrong? Or maybe I misunderstood the example. Wait wait 800 is 3 characters, 0.8k is 4—so 800 is better. But the example says 800→0.8k. Oh, maybe the example is a mistake? Or perhaps the "less than 4 if possible" is a goal, but sometimes you have to use 4. Wait but 800's example output is 4, which is not less than 4. So maybe the example is just showing the format, not that it's always shorter. Let's not get stuck on the example—let's think about the core requirements:

1. Compact: so using suffixes to reduce length.
2. Human readable: so common suffixes (k, M, G, etc.)
3. A couple significant digits: so 1 or 2, probably.
4. Output as short as possible, preferably <4 chars.

First, let's define the suffixes and their thresholds. Let's list them with their multipliers:

- No suffix: 10^0 to 10^3 -1 (i.e., <1000)
- k (kilo): 10^3 to 10^6 -1 (1000 to 999,999)
- M (mega): 10^6 to 10^9 -1 (1,000,000 to 999,999,999)
- G (giga): 10^9 to 10^12 -1, etc.

But wait, for numbers in a range, how do we format them to get the shortest possible string?

Let's take each range:

Case 1: N < 1000. Then the string is just the number as a string. Because any suffix would add characters: e.g., 999 → 0.999k (longer than 3), 1.0k (same length, but 999 is simpler). So for N <1000, output str(N). That's 1-3 characters, which is <4—perfect.

Case 2: 1000 ≤ N < 1,000,000 (k range). Let's see: we can divide by 1000 to get a number between 1 and 999.999. We need to represent this with 1 or 2 significant digits, plus the 'k' suffix, such that the total length is ≤4 (preferably <4). Let's see:

What's the maximum length we can have here? Let's see: if we use 1 significant digit: e.g., 1234 →1k (length 2? Wait 1k is 2 characters—wait 1234 is 4 digits, 1k is 2—way shorter. Wait wait 1234 is 4 characters, 1k is 2—way better. But wait 1234 is 1.234k—if we take 1 significant digit, it's 1k (2 chars). If we take 2, it's 1.2k (3 chars). Both are <4. What about 5678: 5.7k (3 chars) or 6k (2 chars). 6k is shorter. Wait but is 6k accurate enough? The problem says "roughly represents", so yes. What about 9999: 10k (2 chars)—wait 9999 is 9.999k, which is ~10k. 10k is 2 characters, which is great.

Wait but wait: let's take N=1500. 1.5k is 3 chars, 2k is 2 chars. Which is better? 2k is shorter. But does it matter? The problem says "a couple significant digits"—so 1 or 2 is okay.

But wait let's check the length: for the k range, if we use 1 significant digit, the format is either Xk (where X is 1-9) → length 2, or 10k (length 2), 11k (length 2), etc. Wait wait 10k is 2 chars, 99k is 2 chars (since 99*1000=99000 <1e6). Oh right! Because 999,999 is 999.999k, so 1 significant digit would be 1000k? No wait no—wait 999,999 divided by 1000 is 999.999. So 1 significant digit would be 1000k? But 1000k is 1e6, which is the next suffix (M). Oh right! So for numbers in 1000-999,999:

Divided by 1000 gives a number from 1 to 999.999. To represent this with 1 or 2 significant digits:

If we use 1 significant digit:

- For numbers 1-9.999: Xk (X is 1-9) → length 2.
- For 10-99.99: XXk (10-99) → length 2 (since two digits plus k? Wait 10k is 3 characters! Oh wait wait I made a mistake earlier: 10k is '1','0','k' → 3 characters. Oh right! Oh my god, that's a critical error. So let's recalculate lengths correctly.

Let's take an example: N=1234 (1.234k). Let's see possible formats:

- 1k: '1k' → 2 characters (correct, 1 and k).
- 1.2k: '1.2k' → 4 characters (1, ., 2, k).
- 1.23k: longer, so no.

Wait 1234 is 4 characters as a normal string. 1k is 2—way shorter. What about N=5678: 6k is '6k' (2 chars), 5.7k is '5.7k' (4). N=9999: 10k is '10k' (3 chars), 9.9k is '9.9k' (4). Oh right! So 10k is 3, which is less than 4. Good.

What about N=12345 (12.345k): possible formats:

- 12k: '12k' → 3 chars (1,2,k).
- 12.3k: '12.3k' → 5 chars (too long).
- 10k: '10k' → 3 chars, but 12k is more accurate.

12345 as a normal string is 5 chars—12k is 3, better.

N=99999 (99.999k): 100k is '100k' (4 chars), 99k is '99k' (3 chars). 99k is 3, which is <4. Good.

Case 3: 1e6 ≤ N <1e9 (M range). Let's take N=9385832 (the example). Divided by 1e6 is 9.385832. Possible formats:

- 9M: '9M' → 2 chars? Wait 9*1e6=9e6=9,000,000. The example uses 9.4M (4 chars). But 9M is 2 chars—way shorter. Wait why does the example use 9.4M? Oh, maybe the example was just showing the format with a decimal, but perhaps the problem allows 1 or 2 significant digits. Wait but let's check the length: 9M is 2 chars (way <4), 9.4M is 4 (which is allowed). But which is better? The problem says "roughly represents"—so 9M is rough enough for 9,385,832? Maybe, but perhaps the example wanted to show a decimal. But let's think: what's the shortest possible string for N=9385832? 9M is 2 chars—way better than 4. But why would the example use 9.4M? Maybe the example was a mistake, or perhaps I'm missing something. Wait wait let's check the example again: 9385832 →9.4M. Oh, 9.4M is 4 characters, but 9M is 2—so why? Unless the problem requires a certain number of significant digits? The problem says "a couple significant digits"—"a couple" usually means 2, but sometimes 1. Hmm.

Wait let's go back to the problem statement: "the output string should be less than 4 characters if at all possible." Oh! So 9M is 2 characters—way less than 4—so why would the example use 9.4M? That's a contradiction. Unless the example is wrong, or perhaps I misunderstood the example. Wait wait let's calculate 9.4M: 9.4 *1e6=9,400,000—which is close to 9,385,832. 9M is 9,000,000—also close. Which is more "roughly" correct? It's a matter of taste, but the key is the length constraint.

Wait let's take another example in the M range: N=1,234,567. Divided by 1e6 is 1.234567. Possible formats:

- 1M: 2 chars (1M).
- 1.2M: 4 chars (1.2M).
- 1.23M: 5 chars (too long).

So 1M is shorter. What about N=5,678,901: 6M (2 chars) or 5.7M (4). 6M is shorter. N=9,999,999: 10M (3 chars) or 10.0M (5). 10M is 3 chars—still <4.

Case4: 1e9 ≤ N <1e12 (G range). N=1,234,567,890. Divided by 1e9 is 1.23456789. Formats: 1G (2 chars) or 1.2G (4). 1G is shorter. N=9,999,999,999: 10G (3 chars).

Wait a minute—this suggests that for all numbers ≥1000, the shortest possible string is either Xk (2 chars), XXk (3 chars), XM (2), XXM (3), XG (2), etc. Which are all ≤3 characters—way less than 4. But then why does the example have 800→0.8k (4 chars) and 9385832→9.4M (4 chars)? That's conflicting with the "less than 4 if possible" requirement.

Ah! Wait a second—maybe I made a mistake in the example input. Let's recheck: 800→0.8k. 800 is less than 1000—so according to my earlier logic, we should output 800 (3 chars), which is less than 4. So why would the example output 0.8k (4 chars)? That's longer. Unless the example was a typo, and the input was 8000? Wait 8000→8k (2 chars), which is better. Or 8500→8.5k (4 chars) vs 9k (2 chars). No, 9k is shorter.

Wait maybe the problem statement's examples are just illustrative of the format (using suffixes and decimals), not the optimal length. Because otherwise, the "less than 4 if possible" requirement would make those examples suboptimal. So perhaps the problem has two parts: use compact notation (suffixes) and keep it to less than 4 characters if possible. So when can't we keep it less than 4? Let's see: are there any numbers where the shortest possible compact string is 4 characters?

Wait let's think: what about N=999,999. That's 999.999k. The shortest compact string would be 1000k? But 1000k is 4 chars, but 1e6 is 1M (2 chars). Oh right! Because 999,999 is just below 1e6, so using M suffix would be 1M (2 chars), which is shorter than 1000k (4). Oh right! So 999,999→1M (2 chars). That's better.

Wait another example: N=1,000,000→1M (2 chars). N=1,500,000→2M (2 chars) or 1.5M (4). 2M is shorter. N=999,999,999→1000M? No, 1G (2 chars). Oh right! So all numbers can be represented with 2 or 3 characters using suffixes, which is way under 4. Then why the examples have 4?

Wait maybe I'm missing something in the problem statement. Let's re-read it carefully:

"The output string should be less than 4 characters if at all possible."

Ah! "If at all possible"—so sometimes it's not possible? When? Let's think: is there any integer where every possible compact representation is 4 or more characters? Let's see:

Wait let's take N=1001. What's the compact representations? 1k (2 chars) → yes, that's less than 4. N=1111: 1k (2) or 1.1k (4). 1k is better. N=1999: 2k (2). N=2000:2k (2). N=9999:10k (3). N=10000:10k (3) or 10.0k (5). 10k is 3. N=12345:12k (3). N=99999:99k (3). N=100000:100k (4)—wait! Oh! Here we go. N=100,000. Let's see: 100,000 is 100 thousand. So possible compact representations:

- 100k: that's 4 characters (1,0,0,k).
- Is there a shorter way? Let's see: 1e5? But the problem says "popular and reasonable"—does e count? Probably not, since the examples use k, M. What about 0.1M? 0.1M is 4 characters (0,.,1,M). Same length as 100k. Is there a way to make it shorter? 100k is 4, 0.1M is 4. What about 1e5? If allowed, that's 3 characters, but is that "human readable" as per the examples? The examples use k and M, not e notation. So for N=100,000, the shortest possible compact string is 4 characters. Which aligns with the "less than 4 if at all possible"—since it's not possible here, 4 is okay.

Ah! So N=100,000 is a case where we can't get below 4. Let's confirm: 100,000 as a normal string is 6 characters. 100k is 4—better. Any shorter? 1e5 is 3, but if e is not allowed, then no. So assuming e notation is not allowed (since examples don't use it), 100k is the shortest.

Another example: N=1,000,000→1M (2 chars). N=1,234,567→1M (2) or 1.2M (4). 1M is shorter. N=5,000,000→5M (2). N=9,999,999→10M (3). N=10,000,000→10M (3) or 1e7 (3, but e again). N=100,000,000→100M (4) or 0.1G (4). Oh right! 100,000,000 is 100 million. So 100M is 4, 0.1G is 4. Again, can't get below 4.

Ah! So now we see: the numbers where we can't get below 4 characters are those where dividing by the next lower suffix gives a number with three digits before the decimal (or something like that). Wait let's formalize:

Let's list the suffixes with their multipliers (suffix, multiplier):

- ( '', 1 ) → no suffix
- ( 'k', 1e3 )
- ( 'M', 1e6 )
- ( 'G', 1e9 )
- ( 'T', 1e12 )
- etc.

For a given N, we need to find the appropriate suffix such that when we divide N by the multiplier, we get a number that can be represented with 1 or 2 significant digits, and the total length (digits + decimal point if any + suffix length) is minimized, preferably ≤3.

Wait let's formalize the steps for any N:

Step 1: Determine the appropriate suffix and multiplier. How?

We can compute the exponent e as the largest multiple of 3 such that multiplier = 10^e ≤ N. Wait no—for N=1000, multiplier is 1e3 (k). For N=999,999, multiplier is 1e3 (k). For N=1,000,000, multiplier is 1e6 (M). For N=999,999,999, multiplier is 1e6 (M). For N=1e9, multiplier is 1e9 (G), etc.

Wait but for N=100,000: multiplier is 1e3 (k), since 1e3 ≤1e5 <1e6. Dividing by 1e3 gives 100. So to represent 100 with 1 or 2 significant digits: 100 (three digits) → so 100k is 4 characters. Alternatively, if we use the next multiplier (1e6), dividing gives 0.1 → 0.1M is 4 characters. Same length.

So for N=100,000, either way it's 4 characters.

Another example: N=200,000 → 200k (4) or 0.2M (4). Same length.

N=300,000 →300k (4) or 0.3M (4).

N=400,000→400k (4) or 0.4M (4).

N=500,000→500k (4) or 0.5M (4).

N=600,000→600k (4) or 0.6M (4).

N=700,000→700k (4) or 0.7M (4).

N=800,000→800k (4) or 0.8M (4).

N=900,000→900k (4) or 0.9M (4).

N=999,999→1000k (4) or 1M (2). Oh! Wait 999,999 divided by 1e6 is 0.999999 → which is ~1.0, but 1M is 2 characters—way shorter than 1000k (4). Oh right! So for N=999,999, using the next higher multiplier (M) gives a much shorter string.

Ah! So my earlier step 1 was wrong. It's not just the largest multiplier ≤N—sometimes using the next higher multiplier gives a shorter string. Oh! That's a key insight I missed earlier.

So for N=999,999:

- Using multiplier 1e3 (k): 999.999 → need to represent as 1000k (4 chars) or 999k (4 chars).
- Using multiplier 1e6 (M): 0.999999 → can represent as 1M (2 chars), which is way shorter.

Oh! So that's a game-changer. So for numbers close to the next multiplier, it's better to jump to the next suffix to get a shorter string.

So how do we decide which multiplier to use? For each possible multiplier (starting from the smallest), compute the possible string lengths for that multiplier and the next one, then choose the one with the shortest length. If lengths are equal, choose the one with more significant digits (or whatever is more accurate, but the problem says "roughly").

Wait let's take N=999,999 again:

- Multiplier 1e3: possible strings are 999k (4) or 1000k (4).
- Multiplier 1e6: possible strings are 1M (2) → which is shorter. So choose 1M.

Another example: N=100,000:

- Multiplier 1e3: 100k (4).
- Multiplier 1e6: 0.1M (4). Same length—choose either? Which is more "human readable"? Probably 0.1M is more compact? Or 100k? It's a tie.

N=150,000:

- 150k (4) vs 0.15M (4). Tie.

N=200,000: 200k (4) vs 0.2M (4). Tie.

N=500,000:500k (4) vs 0.5M (4). Tie.

N=999,999:1M (2) vs 999k (4). Choose 1M.

N=1,000,000:1M (2) → best.

N=1,500,000:2M (2) vs 1.5M (4). Choose 2M.

N=9,999,999:10M (3) vs 9.9M (4). Choose10M.

N=10,000,000:10M (3) vs 0.01G (4). Choose10M.

N=99,999,999:100M (4) vs 0.1G (4). Tie.

N=100,000,000:100M (4) vs0.1G (4). Tie.

N=150,000,000:150M (4) vs0.15G (4). Tie.

N=999,999,999:1G (2) vs999M (4). Choose1G.

Ah! Now this makes sense. So the pattern here is: for a given N, we can consider all possible multipliers (including the next one above N), compute the possible string representations for each multiplier (using 1 or 2 significant digits), then select the shortest string. If multiple strings have the same length, pick the one that's more accurate (or perhaps the one with fewer digits, but let's see).

Wait but how do we generate the possible string representations for a given multiplier? Let's formalize that.

Suppose we have a multiplier m (like 1e3, 1e6, etc.). Let's compute the value v = N / m. We need to represent v with 1 or 2 significant digits, then append the suffix. But how?

For example, v=123.456 (multiplier 1e3 → N=123456):

- 1 significant digit: 100 → 100k (4 chars).
- 2 significant digits:120 →120k (4) or 1.2e2? No, wait 123.456 with 2 significant digits is 120 (if we round to tens place) or 1.2e2 (but that's scientific notation). Wait no—wait when we talk about significant digits in compact notation, we usually mean rounding to 1 or 2 digits, possibly with a decimal point. For example:

v=123.456 → possible representations with 1 or 2 significant digits:

- 1 significant digit: 100 → 100k (but 100k is 4 chars, but 0.1M is 4 chars—wait no, 100k is for multiplier 1e3, 0.1M is for 1e6). Wait no—for v=123.456 and multiplier 1e3, the representations are 123k (3? No 123k is 4 chars: 1,2,3,k), 120k (4), 100k (4), 1.2k? No—wait no, v is N/m, so m is 1e3, so v=123.456 → 123.456k? No no no—wait I messed up: m is the multiplier, so N = v * m. So for N=123456, m=1e3 → v=123.456 → so the string is v_str + 'k'. So v_str is the string representation of v with 1 or 2 significant digits. So for v=123.456:

- 1 significant digit: round to 100 → "100k" (4 chars).
- 2 significant digits: round to 120 → "120k" (4) or round to 1.2e2? No—wait 123.456 with 2 significant digits is 120 (if we're talking about integer significant digits) or 1.2×10², but in compact notation, we usually write it as 120k or 1.2k? No—wait no! Oh my god, I'm making a mistake here. Wait 123456 is 123.456 thousand. So compact notation would be 123k (4 chars) or 120k (4) or 1.2 hundred thousand? No—wait no, 123456 is 123k (four characters) or 0.123 million (but 0.12M is 4 chars). Wait but 123k is 4, 0.12M is 4—same length. But earlier I thought 123456 could be written as 12k? No! Wait 12k is 12,000—way smaller than 123,456. Oh my god! I see now—I made a huge mistake earlier in the multiplier calculation. Oh no! That's a critical error. Let's correct that immediately.

Oh my god—I can't believe I did that. Let's re-express:

If m is the multiplier (like 1e3 for k), then v = N / m must be such that v is between 1 and 1000? No—wait no: k is 1e3, so 1k is 

