 Here's a Python solution for the given problem:

```python
def format_number(num: int) -> str:
    units = ['', 'K', 'M', 'B', 'T']
    magnitude = 0

    while abs(num) >= 1000 and magnitude < len(units) - 1:
        num /= 1000.0
        magnitude += 1

    if magnitude > 0:
        num = round(num, 1)
        return f"{num:.1f}{units[magnitude]}"
    else:
        return str(int(num))

# Test cases
assert format_number(2) == '2'
assert format_number(800) == '0.8K'
assert format_number(9385832) == '9.4M'
assert format_number(123456789) == '124M'
assert format_number(0) == '0'
assert format_number(-123456) == '-123K'
assert format_number(1000) == '1.0K'
assert format_number(1024) == '1.0K'
assert format_number(1025) == '1.0K'
assert format_number(1500) == '1.5K'
assert format_number(1000000) == '1.0M'
assert format_number(1048576) == '1.0M'
assert format_number(1049000) == '1.0M'
assert format_number(1050000) == '1.1M'
assert format_number(1000000000) == '1.0B'
assert format_number(1073741824) == '1.0B'
assert format_number(1073741825) == '1.1B'
```

This solution uses a list of units (K, M, B, T) to represent the order of magnitude. It iteratively divides the input number by 1000 until it is less than 1000 or the maximum magnitude is reached. The function then formats and returns the number with the appropriate unit. Note that the function rounds the number to one decimal place before returning it.

The test cases cover various edge cases, including positive and negative numbers, numbers near the thresholds between different orders of magnitude, and zero. [end of text]


