<Thought>
Alright, I need to explain what this source code file does on a very high level, without going into implementation details or discussing class names and their interactions. Let's see, the code starts with some imports, including collections, functools, html, re, and urllib, which suggests it's dealing with web-related tasks or data processing. There's also a section defining some aliases for tags, which might be used for mapping or translating different terms.

Then, there's a function called `_funkyfilter` that seems to take an input and returns it with some additional text based on the `TAG_ALIASES`. This could be used for formatting or displaying tags in a specific way. Following that, there's a dictionary called `RECOGNIZED_TAGS` that maps certain keys to their descriptions and examples. This looks like it's setting up a reference or lookup table for recognized tags.

The code then defines some required tags and a specific order for them, ensuring that the tags are processed in a particular sequence. There's also an assertion to check that the `TAG_ORDER` matches the keys in `RECOGNIZED_TAGS`, which is a good way to prevent mismatches.

Next, there's a function `get_current_language` that seems to retrieve the current language, possibly from a Django context. This could be used to determine which language-specific resources or translations to load.

Then, several custom exception classes are defined, such as `DefinitionError`, `AmbiguousPronunciationError`, `InvalidJyutPingError`, and `IllegalCharacterError`. These exceptions likely handle specific error scenarios related to definitions or pronunciations.

The code also includes a function `fake_gettext` that returns the input string, which suggests it's a placeholder for translation functions. This is probably used to simulate translation behavior without actual translation services.

There's a `POS_MAP` dictionary that maps parts of speech to various aliases and their English equivalents. This seems to be a comprehensive mapping for different grammatical categories in Chinese, providing multiple ways to refer to each part of speech.

A function `short_pos` uses `functools.lru_cache` to cache the shortest Latin representation of a part of speech. This optimization ensures that the function doesn't recompute the shortest form for the same input multiple times, improving performance.

The `LABEL_LIST` defines various labels or categories associated with words, such as "粗俗" (vulgar), "俚語" (colloquial), and others. Each label has a set of aliases and English equivalents, allowing for flexible matching and translation.

There's also a function `pos_valid` that validates a part of speech, ensuring it exists within the defined `POS_MAP`. Similarly, `label_valid` validates labels against the `LABEL_MAP`.

The `TAG_VALIDATION` dictionary contains regular expressions or functions to validate different tags, ensuring that the values assigned to each tag meet specific criteria.

The `re_tag` and `re_line` regular expressions are used to parse and extract tags and explanations from input strings. This parsing seems crucial for extracting structured data from raw text, possibly for dictionary entries or linguistic annotations.

The `MultilingualDefinition` class appears to be a central component that parses and manages multilingual definitions. It takes a string input, extracts tags and explanations, and organizes them into a structured format. It also includes methods to serialize the data back to a string, handle exceptions, and perform checks on the data.

The `InvalidLangCodeFormat` exception is defined to handle cases where the language code format is incorrect, ensuring that the system can gracefully handle malformed inputs.

The `choplang` function seems to parse a string to extract the language code and the rest of the content, possibly to separate the language from the main text or data.

The `looks_like_jyutping` function checks whether a given string resembles a valid Cantonese jyutping pronunciation, which is likely used to validate pronunciation data.

The `MultilingualFormat` class is a base class for handling multilingual examples or explanations, parsing input strings into a structured format that can be easily accessed and manipulated.

The `Example` class represents a single example sentence in a specific language, handling the parsing of language codes, text, and pronunciation. It also includes methods to serialize the example back to a string and generate HTML representations with ruby annotations for pronunciation.

The `MultilingualExplanation` and `MultilingualExplanationAndExamples` classes extend `MultilingualFormat` to handle explanations and a combination of explanations and examples, respectively. They manage multiple languages and provide methods to retrieve and display content in the current language.

The `parse_written_form_and_pronunciation` function takes a string input that combines written forms and pronunciations separated by colons and commas, parsing them into a structured list. It also includes validation to ensure that pronunciations are in the correct format.

The `encode_written_form_and_pronunciation` function does the reverse, converting a structured list of written forms and pronunciations back into a string suitable for input.

The `format_explanation_and_example` function formats explanations and examples by escaping HTML, handling links to words, and truncating content if it exceeds a specified limit. It ensures that explanations and examples are displayed correctly, possibly with clickable links for further information.

Overall, this source code file appears to be part of a multilingual dictionary or linguistic database management system. It handles the parsing, validation, and management of definitions, examples, and explanations across multiple languages, including Chinese and English. The code ensures that data is correctly formatted, validated, and accessible in various languages, facilitating efficient retrieval and display of linguistic information.

</Thought>
<Output>
This source code file is part of a multilingual dictionary or linguistic database system. It handles the parsing, validation, and management of definitions, examples, and explanations across multiple languages, including Chinese and English. The code ensures that data is correctly formatted, validated, and accessible in various languages, facilitating efficient retrieval and display of linguistic information.
</Output> [end of text]


