This source code file is a **definition parser and formatter** for a **Cantonese dictionary** (or similar linguistic resource). It takes raw, structured text definitions and turns them into a standardized, machine-readable format that can be used for display, storage, or further processing.

### What it does, in plain terms:

1. **Parses definition strings**  
   It reads lines of text that describe a word or phrase (e.g., “猫 (pos:名词) 似猫的动物 (sim:老虎)”).  
   It extracts structured parts like:
   - **Part of speech** (e.g., noun, verb)
   - **Labels** (e.g., slang, vulgar, technical)
   - **Similar words** (e.g., synonyms)
   - **Antonyms**
   - **References or image links**
   - **Examples or sentences**

2. **Validates and normalizes the data**  
   It checks that required fields like part of speech are present.  
   It maps different ways of writing the same thing (e.g., “pos” vs “詞性”) to a common format.  
   It ensures links are valid URLs and pronunciations are in the correct format.

3. **Handles multiple languages**  
   It can include explanations and examples in different languages (e.g., Cantonese, English).  
   It can switch the displayed language based on the user’s preference.

4. **Formats output for display**  
   It can convert the parsed data into:
   - A clean plain-text representation
   - HTML with links and formatting
   - JSON for machine use

5. **Detects and reports problems**  
   It can check for issues like missing pronunciations, grammar errors in English examples, or inconsistent data.

In short, this file is the **backbone of how dictionary entries are understood, validated, and presented** in a Cantonese dictionary system. [end of text]


