<seed:think>
Got it, let's try to figure out what this code does. First, I'll start by reading through the code and picking out the main themes. 

The code has a lot to do with tags like "pos" (part of speech), "label" (like slang or vulgar), "sim" (synonyms), "ant" (antonyms), "ref" (references), "img" (images). There are mappings for these tags, like TAG_ALIASES that let you use "詞性" instead of "pos". 

Then there are classes like MultilingualDefinition, which parses strings into structured definitions. It handles tags (like extracting (pos:名詞) or (sim:屁股)) and splits explanations into items separated by "----". 

There's also MultilingualExplanationAndExamples, which deals with explanations and examples in multiple languages—like splitting text into explanations and examples marked with <eg>. The Example class parses things like "eng:This is an example (jyutping pronunciation)" and handles ruby text (Chinese characters with Jyutping above them).

POS_MAP and LABEL_LIST define valid parts of speech (noun, verb, etc.) and labels (slang, vulgar, etc.), with aliases so you can use "名" for "名詞" or "俚" for "俚語". 

Functions like parse_written_form_and_pronunciation handle things like "唔係詞:m4 hai6 ci4"—splitting written forms from their Jyutping pronunciations. 

There's also validation: checking if a part of speech is valid, if a label is valid, if URLs for ref/img are correct. The check_problems method does ad-hoc checks, like grammar for English examples or verifying Jyutping against a list.

Serializing and JSON methods suggest this is for storing or displaying definitions in a structured way—like converting parsed definitions back to a string format or JSON for an API.

Overall, it seems like this code is for processing and managing definitions of Chinese (probably Cantonese) words. It parses user-inputted or structured text into organized definitions with parts of speech, labels, synonyms, examples, and pronunciations, validates the information, and provides ways to format or serialize it for use in an app (maybe a dictionary or language learning tool).</seed:think>This code is designed to process and manage **structured definitions of Chinese (likely Cantonese) words**, with a focus on organizing linguistic information for a dictionary or language learning tool. Here’s a high-level overview of what it does:


### **1. Defines and Validates Linguistic Tags**  
It standardizes common linguistic metadata (tags) for words, such as:  
- **Part of speech (pos):** Noun, verb, adjective, etc. (with aliases like "名詞" or "n" for "pos").  
- **Labels:** Categories like slang, vulgar, Cantonese-specific terms, or regional dialects (e.g., "潮語" for meme terms, "粗口" for vulgarity).  
- **Relationships:** Synonyms (`sim`), antonyms (`ant`), references (`ref`), and image links (`img`).  

Tags have aliases (e.g., "詞性" = "pos") and validation rules (e.g., ensuring URLs for `ref`/`img` are valid, or that `pos` values are from a predefined list).


### **2. Parses Unstructured Text into Structured Definitions**  
The core functionality is parsing raw text (e.g., user input or existing definitions) into organized, machine-readable structures. For example:  
- A string like `(pos:名詞) (label:潮語) 屁股 - (sim:八月十五) 指某物` would be split into:  
  - Tags: `pos=名詞`, `label=潮語`, `sim=八月十五`.  
  - Explanation: "指某物".  

It handles edge cases (e.g., missing required tags like `pos`, invalid formats) and supports multiple "items" of explanation separated by `----`.


### **3. Manages Multilingual Explanations and Examples**  
It processes explanations and examples in multiple languages (e.g., Cantonese/Yue and English). For example:  
- An input like `yue:佢好鍾意食麵 (jyutping:keoi5 hou2 zung1 ji3 sik6 min6) eng:He likes eating noodles` is split into language-specific entries, with support for:  
  - **Ruby text:** Overlaying Cantonese pronunciations (Jyutping) above Chinese characters (e.g., `麵` with `min6` above it).  
  - **Examples vs. phrases:** Distinguishing full sentences from shorter phrase-like examples.  


### **4. Validates and Enriches Data**  
It includes checks to ensure data quality:  
- **Pronunciation validation:** Verifies Jyutping (Cantonese romanization) against a list of valid forms.  
- **Grammar checks:** Uses an external API to flag potential grammar errors in English examples.  
- **Reference checks:** Confirms that synonyms exist in the system (e.g., ensuring a `sim` tag points to a valid word).  


### **5. Serializes and Exports Data**  
It converts parsed definitions back into standardized formats (e.g., strings or JSON) for storage, display, or API use. For example:  
- A structured definition can be serialized back to a canonical string (e.g., `(pos:名詞) (label:潮語) 屁股 - (sim:八月十五) 指某物`) or exported as JSON for a website or app.  


### **Overall Purpose**  
This code powers the backend of a **Cantonese dictionary or language resource**, where users or editors can input word definitions with tags, examples, and pronunciations. It ensures consistency, validity, and usability of the linguistic data by organizing unstructured text into structured, searchable, and display-ready formats. [end of text]


