<seed:think>
Got it, let's tackle this. The user wants a browser-based JavaScript game, similar to solitaire but with a creative twist. First, I need to remember the hard requirements: vanilla JS, no network requests, concise code, starts with <!DOCTYPE html><html>, output is HTML with embedded script.

First, what's a simple solitaire variant? Maybe "Pyramid Solitaire" but simplified? Or "Klondike" but with a twist. Wait, Klondike is classic, but maybe add a twist like double suits or a time limit? No, keep it simple for conciseness.

Wait, the user said "reduce indentation to save tokens"—so code should be flat, avoid deep nesting. Use arrow functions, ternaries, maybe avoid for loops with let in favor of for...of or array methods, but keep it readable enough.

Let's go with a simplified Klondike Solitaire but with a twist: instead of 7 foundations, maybe 4, and the goal is to clear all piles by moving sequences. Or wait, maybe "Tripeaks" but that's another variant. Alternatively, "Spider Solitaire" but too complex.

Wait, no—keep it super simple. Let's do a "Memory" game? No, the user said "similar to solitaire". Solitaire usually involves card piles, moving sequences. Let's do a minimal Klondike: 1 deck, 7 columns, each column has 1 more card than the last, face-down except top. Foundations: 4 suits, build up by rank. Tableau: build down by alternate color.

But to make it concise, let's simplify rules: maybe only 1 suit (hearts) to reduce card variety, so ranks 2-A. That cuts down on card generation.

First, structure the HTML: a container for tableau piles, a container for foundations. Style with CSS inline or internal—keep it simple, use flexbox for layout.

Card representation: each card can be an object with suit, rank, faceUp. Generate a deck: 1 suit (hearts) 2-A, so 13 cards? Wait no, solitaire uses 52 cards (4 suits). Oh, but 4 suits is manageable. Let's generate a standard deck: 4 suits, 13 ranks each.

Shuffle function: Fisher-Yates, but concise. Then deal into 7 tableau piles: first pile 1 card (face up), second 2 (top face up), ..., seventh 7 (top face up). Wait no, classic Klondike is 7 piles, first 1, second 2, ..., seventh 7, each pile except first has top card face up.

Foundations: 4 piles, one per suit, start empty, build up from Ace.

Tableau rules: build down by alternate color (red on black, black on red), sequence (King on Queen, Queen on Jack, etc.). Only top card of a tableau pile can be moved.

Win condition: all cards in foundations.

Now, code structure:

1. HTML skeleton: <!DOCTYPE html><html>, then head with style, body with containers.

2. CSS: style cards (width, height, border, background, display: flex, etc.), pile containers (flex column, gap), foundations (flex row).

3. JavaScript:

   a. Generate deck: suits ['♥','♦','♣','♠'], ranks ['A','2','3','4','5','6','7','8','9','10','J','Q','K']. For each suit, each rank, create card object {suit, rank, faceUp: false}.

   b. Shuffle deck: use deck.sort(() => Math.random() - 0.5) — simple, not perfect but okay for game.

   c. Deal into tableau: 7 piles, each pile i (0-6) has i+1 cards. For each pile, push cards from deck, set last card (top) to faceUp: true.

   d. Render function: render tableau piles and foundations. For each pile, render cards, face up or down. Face down cards can be a simple back design.

   e. Event listeners: click on cards. For face up cards, check if can move to foundation or another tableau pile.

   f. Logic for valid moves:

      - To foundation: card must be Ace (if foundation pile is empty) or rank one above the top card of the foundation pile, same suit.

      - To tableau: target pile's top card must be one rank higher, opposite color, and card is face up.

Now, conciseness: avoid deep indentation. Use arrow functions, ternaries, destructuring. Minimize variables.

Let's draft HTML:

<head>
<style>
body{display:flex;gap:2rem;padding:2rem;}
#tableau{display:flex;gap:1rem;}
.pile{display:flex;flex-direction:column;gap:.2rem;min-height:10rem;}
.card{width:5rem;height:7rem;border:1px solid #333;border-radius:.5rem;display:flex;align-items:center;justify-content:center;font-size:2rem;cursor:pointer;user-select:none;}
.card.back{background:#1a1a1a;color:white;}
.foundations{display:flex;gap:1rem;margin-top:2rem;}
</style>
</head>
<body>
<div id="tableau"></div>
<div class="foundations" id="foundations"></div>
<script>...</script>
</body>

JavaScript steps:

- Generate deck:

const suits = ['♥','♦','♣','♠'], ranks = ['A','2','3','4','5','6','7','8','9','10','J','Q','K'];
let deck = suits.flatMap(s => ranks.map(r => ({suit:s, rank:r, faceUp:false})));
deck.sort(() => Math.random() - .5);

- Tableau: array of arrays, each subarray is a pile.

let tableau = Array(7).fill().map((_,i) => {
  let p = deck.slice(0, i+1);
  p[p.length-1].faceUp = true;
  deck = deck.slice(i+1);
  return p;
});

- Foundations: array of 4 empty arrays (one per suit).

let foundations = Array(4).fill().map(() => []);

- Render function:

function render(){
  // Render tableau
  document.getElementById('tableau').innerHTML = '';
  tableau.forEach(pile => {
    let div = document.createElement('div');
    div.className = 'pile';
    pile.forEach((card, i) => {
      let c = document.createElement('div');
      c.className = `card ${!card.faceUp ? 'back' : ''}`;
      if(card.faceUp) c.textContent = card.rank + card.suit;
      c.dataset.pile = tableau.indexOf(pile);
      c.dataset.index = i;
      c.addEventListener('click', () => clickCard(pile, i));
      div.appendChild(c);
    });
    document.getElementById('tableau').appendChild(div);
  });
  // Render foundations
  document.getElementById('foundations').innerHTML = '';
  foundations.forEach((f, i) => {
    let c = document.createElement('div');
    c.className = 'card';
    c.textContent = f.length ? f[f.length-1].rank + f[f.length-1].suit : '';
    c.dataset.foundation = i;
    c.addEventListener('click', () => clickFoundation(i));
    document.getElementById('foundations').appendChild(c);
  });
}

- Click handlers:

function clickCard(pile, idx){
  let card = pile[idx];
  if(!card.faceUp) return; // Can't move face down
  // Check if can move to foundation
  let suitIdx = suits.indexOf(card.suit);
  let f = foundations[suitIdx];
  if(f.length === 0 && card.rank === 'A' || f.length > 0 && ranks.indexOf(f[f.length-1].rank) + 1 === ranks.indexOf(card.rank)){
    moveToFoundation(pile, idx, suitIdx);
    return;
  }
  // Check if can move to another tableau pile
  tableau.forEach((tPile, tIdx) => {
    if(tIdx === pile.indexOf(card)) return;
    let topCard = tPile[tPile.length-1];
    if(topCard && topCard.faceUp && 
       (card.color !== topCard.color) && // Opposite color
       ranks.indexOf(topCard.rank) === ranks.indexOf(card.rank) + 1){ // One higher
      moveToTableau(pile, idx, tPile);
      return;
    }
  });
}

Wait, need color property for cards. Oh right, in deck generation, add color: suit is red if ♥ or ♦, else black. So modify deck generation:

let deck = suits.flatMap(s => ranks.map(r => ({
  suit:s, 
  rank:r, 
  faceUp:false,
  color: s === '♥' || s === '♦' ? 'red' : 'black'
})));

Then in clickCard, check card.color !== topCard.color.

- Move functions:

function moveToFoundation(fromPile, idx, fIdx){
  let card = fromPile.splice(idx, 1)[0];
  foundations[fIdx].push(card);
  // If pile is not empty, flip top card
  if(fromPile.length) fromPile[fromPile.length-1].faceUp = true;
  render();
  checkWin();
}

function moveToTableau(fromPile, idx, toPile){
  let cards = fromPile.splice(idx, fromPile.length - idx); // Move all from idx onwards (since you can move sequences in some solitaire, but wait—classic Klondike allows moving sequences of alternating colors and ranks down. Oh right! I forgot: in tableau, you can move a sequence of cards where each is one rank lower and opposite color than the one below. So if the top card of a pile is 10♦ (red), you can move a 9♣ (black) on top, then an 8♥ (red), etc. So my earlier code was wrong—clicking a card should move the entire sequence from that card to the top of the pile.

Ah, right! That's a key part of solitaire. So when you click a card in a tableau pile, you can move it and all cards above it (if they form a valid sequence) to another pile. Wait no—actually, in standard Klondike, the sequence must be built down by rank and alternate color, so the top card of the source pile must be one rank lower and opposite color than the target's top card, and all cards in the source sequence must follow that. Wait, no: the entire sequence being moved must be a descending sequence of alternating colors. So for example, if a pile has K♠ (black), Q♥ (red), J♣ (black), then you can move J♣ to a pile with 10♦ (red), or Q♥ and J♣ to a pile with K♦ (red? No, K♦ is red, Q♥ is red—same color, so no. Wait, target top card must be one rank higher than the bottom of the moved sequence. Wait, maybe I need to correct the move logic: when moving from pile A to pile B, the bottom card of the moved sequence (the first card in the sequence) must be one rank lower than the top card of pile B, and opposite color. And the sequence in pile A must be a valid descending alternating sequence starting from the clicked card.

But to keep it simple, maybe allow moving only single cards first? But that's not solitaire. Alternatively, allow moving sequences where each card is one rank lower and opposite color than the one below. So when you click a card in a pile, you take that card and all cards above it (if they form a valid sequence) and move them to another pile.

Wait, let's adjust: when clicking a card at index idx in a pile, the sequence to move is from idx to the end of the pile. Then check if that sequence is valid (each consecutive card is one rank lower and opposite color than the previous). Then check if the target pile's top card is one rank higher and opposite color than the first card of the sequence (the one at idx).

But for conciseness, maybe skip the sequence check for now and just allow moving single cards—since the user wants concise code. Alternatively, simplify: in this game, you can only move single cards from tableau to tableau or foundation. That's a twist—simplified rules.

So adjust clickCard: when clicking a card, if it's the top card of the pile (idx === pile.length - 1), then you can move it. Oh right! In solitaire, you can only move the top card of a tableau pile. I forgot that! That's a critical rule. So in the click handler, first check if the card is the top of the pile: if(idx !== pile.length - 1) return; That's a big mistake earlier. So fix that:

function clickCard(pile, idx){
  if(idx !== pile.length - 1) return; // Only top card can be moved
  let card = pile[idx];
  if(!card.faceUp) return;
  // ... rest of logic
}

That's important. So only top cards are movable.

Then, for moving to tableau: target pile's top card must be one rank higher, opposite color. So:

tableau.forEach((tPile, tIdx) => {
  if(tIdx === tableau.indexOf(pile)) return;
  let topCard = tPile[tPile.length - 1];
  if(topCard && 
     topCard.color !== card.color && 
     ranks.indexOf(topCard.rank) === ranks.indexOf(card.rank) + 1){
    moveToTableau(pile, tPile);
    return;
  }
});

And moveToTableau:

function moveToTableau(fromPile, toPile){
  let card = fromPile.pop();
  toPile.push(card);
  if(fromPile.length) fromPile[fromPile.length - 1].faceUp = true;
  render();
}

Better. Now, checkWin: if all foundations have 13 cards (since 4 suits, 13 ranks each).

function checkWin(){
  if(foundations.every(f => f.length === 13)){
    alert('You win!');
  }
}

Now, initial render: call render() at the end.

Putting it all together, making sure code is concise, no deep indentation. Use const where possible, arrow functions where short.

Wait, in the deck generation, suits.flatMap is concise. The tableau creation: Array(7).fill().map((_,i) => { ... }) is okay.

CSS: inline in head, simple styles.

Potential issues:

- Card color: need to add color to card objects. So in deck generation, include color.

- ranks.indexOf: since ranks are in order A,2,...,K, the index corresponds to rank value (A=0, 2=1, ..., K=12). So when checking if a card is one rank higher than another: ranks.indexOf(target) + 1 === ranks.indexOf(source). For example, if target is A (0), source must be 2 (1): 0+1=1. Correct.

- Foundation check: for a suit's foundation, if empty, only Ace can be placed. Else, next rank in sequence.

Testing: when you click an Ace of any suit, it should move to the corresponding foundation. Then a 2 of the same suit can be placed on top, etc.

Now, code:

Putting all together, making sure HTML starts with <!DOCTYPE html><html>, then head with style, body with elements, script.

Conciseness: minimize variables, use ternaries, avoid unnecessary functions.

Final code:</seed:think><!DOCTYPE html><html><head><style>body{display:flex;gap:2rem;padding:2rem;}#tableau{display:flex;gap:1rem;}.pile{display:flex;flex-direction:column;gap:.2rem;min-height:10rem;}.card{width:5rem;height:7rem;border:1px solid #333;border-radius:.5rem;display:flex;align-items:center;justify-content:center;font-size:2rem;cursor:pointer;user-select:none;}.card.back{background:#1a1a1a;color:white;}.foundations{display:flex;gap:1rem;margin-top:2rem;}</style></head><body><div id="tableau"></div><div class="foundations" id="foundations"></div><script>const suits=['♥','♦','♣','♠'],ranks=['A','2','3','4','5','6','7','8','9','10','J','Q','K'];let deck=suits.flatMap(s=>ranks.map(r=>({suit:s,rank:r,faceUp:false,color:s%2?'red':'black'}))),tableau=[],foundations=Array(4).fill().map(()=>[]);deck.sort(()=>Math.random()-0.5);tableau=Array(7).fill().map((_,i)=>{let p=deck.slice(0,i+1);p[p.length-1].faceUp=true;deck=deck.slice(i+1);return p});function render(){document.getElementById('tableau').innerHTML='';tableau.forEach(p=>{let d=document.createElement('div');d.className='pile';p.forEach((c,i)=>{let e=document.createElement('div');e.className=`card ${!c.faceUp?'back':''}`;if(c.faceUp)e.textContent=c.rank+c.suit;e.dataset.p=i;e.dataset.pl=tableau.indexOf(p);e.addEventListener('click',()=>click(c,p));d.appendChild(e)});document.getElementById('tableau').appendChild(d)});document.getElementById('foundations').innerHTML='';foundations.forEach((f,i)=>{let e=document.createElement('div');e.className='card';e.textContent=f.length?f.at(-1).rank+f.at(-1).suit:'';e.dataset.f=i;e.addEventListener('click',()=>clickF(i));document.getElementById('foundations').appendChild(e)})}function click(c,p){if(p.indexOf(c)!==p.length-1||!c.faceUp)return;let sI=suits.indexOf(c.suit),f=foundations[sI];if((f.length===0&&c.rank==='A')||(f.length&&ranks.indexOf(f.at(-1).rank)+1===ranks.indexOf(c.rank))){moveF(p,p.indexOf(c),sI);return}tableau.forEach((tp,tI)=>{if(tI===tableau.indexOf(p))return;let tc=tp.at(-1);if(tc&&tc.color!==c.color&&ranks.indexOf(tc.rank)===ranks.indexOf(c.rank)+1){moveT(p,tp);return}})}function clickF(i){let f=foundations[i];if(!f.length)return;tableau.forEach(p=>{if(p.length===0||(p.at(-1).color!==f.at(-1).color&&ranks.indexOf(p.at(-1).rank)===ranks.indexOf(f.at(-1).rank)-1)){let c=f.pop();p.push(c);render();return}})}function moveF(p,i,sI){let c=p.splice(i,1)[0];foundations[sI].push(c);p.at(-1)&&(p.at(-1).faceUp=true);render();checkWin()}function moveT(fp,tp){let c=fp.pop();tp.push(c);fp.at(-1)&&(fp.at(-1).faceUp=true);render()}function checkWin(){if(foundations.every(f=>f.length===13))alert('Win!')}render();</script></body></html> [end of text]


