<!DOCTYPE html><html>
<head>
  <title>TwistSolitaire</title>
  <style>
    body { font-family: Arial, sans-serif; }
    .card { width: 50px; height: 70px; margin: 5px; background: #ddd; border: 1px solid #000; text-align: center; line-height: 70px; font-size: 20px; }
    .stack { display: inline-block; margin: 10px; }
    .stack div { margin-top: -45px; }
  </style>
</head>
<body>
  <div id="game"></div>
  <script>
    const cards = ['A', '2', '3', '4', '5', '6', '7', '8', '9', '10', 'J', 'Q', 'K'];
    const colors = ['red', 'black'];
    const stacks = Array.from({ length: 7 }, () => []);
    const foundations = Array.from({ length: 4 }, () => []);

    function createCard(value, color) {
      const card = document.createElement('div');
      card.className = 'card';
      card.style.backgroundColor = color === 'red' ? 'red' : 'black';
      card.textContent = value;
      card.onclick = () => moveCard(card);
      return card;
    }

    function moveCard(card) {
      const target = document.elementFromPoint(card.offsetLeft + 25, card.offsetTop + 35);
      if (target && target.classList.contains('stack')) {
        target.appendChild(card);
      }
    }

    function initGame() {
      const game = document.getElementById('game');
      stacks.forEach((stack, i) => {
        const stackDiv = document.createElement('div');
        stackDiv.className = 'stack';
        for (let j = 0; j <= i; j++) {
          const card = createCard(cards[Math.floor(Math.random() * cards.length)], colors[Math.floor(Math.random() * colors.length)]);
          stackDiv.appendChild(card);
        }
        game.appendChild(stackDiv);
      });
    }

    initGame();
  </script>
</body>
</html> [end of text]


