We are creating a single-player poker game (likely 5-card draw or similar) that runs locally in a browser.
 Since we are to be concise and reduce indentation, we will try to write compact code.

 Steps:
 1. We'll create an HTML structure with a container for the game.
 2. We'll use vanilla JavaScript to handle the game logic.
 3. The game will have:
    - A deck of 52 cards.
    - The player's hand (5 cards initially).
    - Buttons to draw new cards (for the ones the player chooses to discard).
    - A way to evaluate the hand and determine the poker hand rank.

 However, note: the requirement says "standard poker game". We'll assume 5-card draw for simplicity.

 But note: the user says "single player", so we don't need to worry about opponents.

 We'll break down:

  - Create a deck and shuffle.
  - Deal 5 cards to the player.
  - Allow the player to select which cards to discard (by clicking on them) and then draw new ones.
  - After the draw, evaluate the hand and show the result.

 We are going to try to make the code as concise as possible, so we might use some shorthand and avoid deep nesting.

 Important: We must output only the HTML with embedded JavaScript, and the first line must be <!DOCTYPE html><html>

 Let's design:

  HTML:
    <!DOCTYPE html><html><body>
      <div id="game">
        <div id="hand"></div>
        <button id="draw">Draw</button>
        <div id="result"></div>
      </div>
      <script> ... </script>
    </body></html>

  JavaScript:

    We'll have:
      - A deck array with objects for cards: {suit, rank, value}
      - Suits: ♥, ♦, ♣, ♠ (or use letters, but let's use symbols for display)
      - Ranks: 2-10, J, Q, K, A. We'll assign values for comparison: 2-14 (A=14)

    Steps in code:

      1. Create and shuffle deck.
      2. Deal 5 cards.
      3. Display the hand. Each card is a clickable element (to toggle discard).
      4. When draw button is clicked, replace the discarded cards with new ones from the deck.
      5. Then evaluate the hand and show the result.

    We'll need a function to evaluate the hand. We'll write a simple one that checks for:
      - Royal flush, straight flush, four of a kind, full house, flush, straight, three of a kind, two pair, one pair, high card.

    But note: we are trying to be concise. We might not implement the full evaluation in the most efficient way, but we'll try to keep it short.

    However, the requirement says "standard poker game", so we must have a proper evaluation.

    Let's plan the evaluation:

      We can sort the hand by value (descending). Then check:

        - Flush: all same suit?
        - Straight: consecutive values? (note: A can be high or low, but in 5-card draw, A is high only for straight? Actually, A can be low in A,2,3,4,5. So we have to account for that.)

      Then we can check for multiples (pairs, three, four) by counting the occurrences of each rank.

    We'll write a function that returns a string for the hand rank.

    But note: we are trying to save tokens. We might combine some checks.

    Alternatively, we can use a lookup table for the hand ranks? But that might be longer.

    Let's try to write a compact evaluation:

      Steps for evaluation:

        let ranks = hand.map(card => card.value).sort((a,b) => a-b);
        let suits = hand.map(card => card.suit);

        // Check flush
        let isFlush = suits.every(s => s === suits[0]);

        // Check straight
        let isStraight = true;
        for (let i=1; i<5; i++) {
          if (ranks[i] !== ranks[i-1]+1) {
            isStraight = false;
            break;
          }
        }
        // Special case for A,2,3,4,5 (A is 14, but we want to treat as 1)
        if (!isStraight && ranks[0]===14 && ranks[1]===2 && ranks[2]===3 && ranks[3]===4 && ranks[4]===5) {
          isStraight = true;
          // and then we adjust the ranks for comparison? Actually for straight we don't need to adjust, but for high card we might.
          // But note: in this case, the straight is 5-high, so we might want to set the highest card to 5? Actually, in evaluation, we compare the highest card of the straight.
          // However, for simplicity, we can leave the ranks as is and then when comparing, we note that this straight is 5-high.
          // But for the purpose of just showing the hand, we can say it's a straight (and then if we have two straights, we compare the highest card, which in this case is 5).
          // So we don't change the ranks array, but we note that the straight is 5-high.
        }

        // Now, check for multiples:

        let rankCounts = {};
        ranks.forEach(r => rankCounts[r] = (rankCounts[r]||0)+1);
        let counts = Object.values(rankCounts).sort((a,b) => b-a); // descending

        // Now, we can determine:

        if (isFlush && isStraight) {
          // Check for royal flush: if the straight is 10,J,Q,K,A (i.e., ranks[0]===10 and ranks[4]===14) then royal flush.
          if (ranks[0]===10 && ranks[4]===14) return "Royal flush";
          else return "Straight flush";
        }
        if (counts[0]===4) return "Four of a kind";
        if (counts[0]===3 && counts[1]===2) return "Full house";
        if (isFlush) return "Flush";
        if (isStraight) return "Straight";
        if (counts[0]===3) return "Three of a kind";
        if (counts[0]===2 && counts[1]===2) return "Two pair";
        if (counts[0]===2) return "One pair";
        return "High card";

    But note: the above does not handle the A,2,3,4,5 straight correctly for the royal flush? Actually, royal flush is only 10,J,Q,K,A.

    Also, for the A,2,3,4,5 straight, we set isStraight to true, but then when we check for royal flush, we look at the sorted ranks (which are [2,3,4,5,14]) so it won't be royal.

    However, note that in the sorted array, the A is at the end (14). So for the A,2,3,4,5 straight, we have:
      ranks = [2,3,4,5,14] -> but we set isStraight to true by the special case.

    But then when we check for straight flush, we have isFlush and isStraight, so it would be a straight flush (but not royal).

    This seems okay.

    However, note: the above evaluation does not account for the fact that in a straight, the highest card is the last one in the sorted array (unless it's the A,2,3,4,5, then the highest is 5). But for comparing two straights, we compare the highest card. In our case, for A,2,3,4,5, the highest card in the straight is 5, but in the array it's 14. So if we have two straights, one is 6-high (2,3,4,5,6) and the other is A,2,3,4,5, then the 6-high is higher? Actually, 6-high is higher than 5-high. So we need to adjust the value of the A in the A,2,3,4,5 straight to 1 for the purpose of determining the high card of the straight? But note: we are only evaluating one hand. We don't compare with another hand. So for the purpose of just naming the hand, we don't need to adjust. But if we were to compare two hands, we would need to adjust.

    Since we are only evaluating one hand (the player's) and not comparing, we can leave it as is.

    But wait: the requirement says "standard poker game". In a standard poker game, the hand rankings are fixed. We are only showing the name of the hand for the player's hand. So we don't need to compare with another hand. So we can just return the name.

    However, note: if we have two straights, the one with the higher top card wins. But we are not comparing, so we don't need to adjust.

    So the above evaluation is acceptable for just naming the hand.

    But note: the above evaluation does not account for the fact that in a straight, the cards must be of mixed suits? No, straight is just consecutive ranks, regardless of suit.

    So we are okay.

    However, we must note: the above evaluation does not handle the case of a straight that is also a flush (which we already check) and then we return straight flush.

    So let's code accordingly.

  But note: we are trying to be concise. We might combine some steps.

  Let's write the code in a compact way.

  We'll create:

    const suits = ['♠','♥','♦','♣'];
    const values = [2,3,4,5,6,7,8,9,10,11,12,13,14]; // 11=J,12=Q,13=K,14=A

  We'll create a deck of 52 cards: for each suit and each value.

  Then shuffle.

  Then deal 5.

  Then display.

  We'll have an array for the current hand, and an array for the discarded indices (or we can toggle a class on the card element to mark as discarded).

  When the draw button is clicked, we replace the discarded cards (the ones that are marked) with new cards from the deck.

  Then we evaluate and show.

  We'll also have a button to start a new game? The requirement doesn't specify, but let's have a "New Game" button that resets.

  But to save tokens, we might not have a new game button and just reload the page? But the requirement says run locally, and we don't want to reload because we are in a single page.

  Alternatively, we can have a "New Game" button that reshuffles and deals again.

  Let's do:

    <button id="newGame">New Game</button>

  But note: we are trying to be concise. We can have one button that changes function? Or we can have two buttons.

  Alternatively, we can have:

    - Initially, we have a "Deal" button? But we are dealing initially.

  Let's have:

    - At the start, we deal 5 cards and show them.
    - The player can click on cards to discard (toggle). Then click "Draw" to replace the discarded ones.
    - After the draw, we show the result and then the "Draw" button becomes disabled? And we show a "New Game" button.

  But to save tokens, we can have:

    - One button that says "Draw" and after the draw, it becomes "New Game". But then we have to change the button text and function.

  Alternatively, we can have two buttons and hide/show.

  Let's do:

    <button id="draw">Draw</button>
    <button id="newGame" style="display:none">New Game</button>

  Then when we draw, we hide the draw button and show the new game button.

  But that's more HTML and JS.

  Alternatively, we can have one button and change its text and onclick.

  Let's do:

    <button id="actionBtn">Draw</button>

  Then in JS:

    let phase = 'draw'; // or 'newGame'

    Then when the button is clicked, if phase is 'draw', then do draw, then set phase to 'newGame' and change text to 'New Game'.
    If phase is 'newGame', then reset the game (new deck, deal, etc.) and set phase back to 'draw'.

  This saves one button.

  But we are trying to save tokens, so let's do one button.

  Steps:

    let deck = [];
    let hand = [];
    let discarded = []; // array of indices in hand that are discarded? Or we can mark the hand cards with a property.

    Alternatively, we can have an array of 5 booleans for discard.

    But to save tokens, we can store the discard state in the hand array? We can have hand[i].discarded = true/false.

    But then we have to set that when clicking.

    Alternatively, we can have a separate array for discard flags.

    Let's do:

      let discardFlags = [false,false,false,false,false];

    Then when a card is clicked, we toggle the corresponding flag and change the style of the card.

    Then when drawing, we replace the cards at indices where discardFlags[i] is true.

    Then reset discardFlags to all false.

  But note: we are going to have 5 cards, so we can just use an array of 5.

  Now, let's code:

  We'll create a function to create a deck and shuffle.

  We'll create a function to deal a card (from the top of the deck).

  We'll create a function to display the hand.

  We'll create a function to evaluate the hand.

  We'll have event listeners for the card clicks and the action button.

  We'll try to write everything in a compact way.

  Let's start:

  Note: We are going to use innerHTML to display the cards. Each card will be a span with a class and the suit and rank.

  We'll use:

    <span class="card" data-index="0">A♠</span>

  Then when clicked, we toggle a class 'discarded' and also toggle the discardFlags[0].

  But note: we are going to have 5 cards, so we can set the data-index to the index in the hand.

  Now, let's code the entire thing in one script.

  We are going to use:

    const suits = ['♠','♥','♦','♣'];
    const values = [2,3,4,5,6,7,8,9,10,11,12,13,14];
    const valueNames = {11:'J',12:'Q',13:'K',14:'A'};

  But we can avoid valueNames by using:

    let displayValue = (v) => v>10 ? 'JQKA'[v-11] : v;

  But that's not shorter. Alternatively, we can just show the number for 2-10 and then J, Q, K, A.

  We can do:

    function showCard(card) {
      let v = card.value;
      let s = card.suit;
      let displayV = v>10 ? ['J','Q','K','A'][v-11] : v;
      return displayV + s;
    }

  But we are going to use this in the HTML, so we can compute when creating the card element.

  Alternatively, we can store the display string in the card object? But that would be more tokens.

  Let's do:

    When creating the deck, we can have:

      {suit: s, value: v, display: (v>10?['J','Q','K','A'][v-11]:v)+s}

  Then we can use card.display.

  But then we have to compute for every card. Alternatively, we can compute on the fly when displaying.

  Since we are trying to save tokens, we can compute in the display function.

  But note: we are going to display the hand multiple times (initially and after draw). So we can compute once when creating the card? Or compute every time.

  Let's compute every time to avoid storing extra property.

  But then we have to write the function.

  Alternatively, we can do:

    let display = card.value + card.suit; // but for 11,12,13,14 we want J,Q,K,A.

  So we need a mapping.

  We can do:

    let names = {11:'J',12:'Q',13:'K',14:'A'};
    let display = (names[card.value] || card.value) + card.suit;

  That's short.

  Now, let's code the entire thing.

  We are going to have:

    let deck = [];
    let hand = [];
    let discardFlags = [false,false,false,false,false];
    let phase = 'draw'; // 'draw' or 'newGame'

  We'll have a function to create and shuffle deck.

  We'll have a function to deal a card (pop from deck).

  We'll have a function to reset the game (new deck, new hand, reset discardFlags, phase='draw').

  We'll have a function to display the hand.

  We'll have a function to evaluate the hand.

  We'll set up event listeners.

  Let's code step by step in a compact way.

  Note: We are going to use arrow functions and const/let.

  We are going to try to minimize the code.

  Let's start with the HTML structure and then the script.

  We'll put the script at the end of the body.

  We are going to use:

    <div id="hand"></div>
    <button id="actionBtn">Draw</button>
    <div id="result"></div>

  Now, the JavaScript:

  We'll wrap in an IIFE to avoid globals? But we are in a script tag, so we can just write.

  But to avoid polluting global scope, we can use an IIFE.

  However, the requirement says concise, so we might not.

  But let's do:

    (function() {
      ... code ...
    })();

  But that adds tokens. Alternatively, we can just write the code without IIFE.

  Since we are in a script tag and the code is short, we can just write.

  Let's code:

  Step 1: Define constants and variables.

  Step 2: Functions.

  Step 3: Event listeners.

  We'll try to write as few lines as possible.

  Let's code:

  Note: We are going to use template strings for the card display.

  We'll create the deck:

    const suits = ['♠','♥','♦','♣'];
    const values = [2,3,4,5,6,7,8,9,10,11,12,13,14];
    let deck = [];
    for (let s of suits) for (let v of values) deck.push({suit:s, value:v});
    // shuffle
    deck.sort(() => Math.random() - 0.5);

  But note: sort with random is not a perfect shuffle, but for our purpose it's okay.

  Alternatively, we can write a Fisher-Yates shuffle, but that would be more code.

  We'll use the sort method for brevity.

  Now, function to deal:

    function deal() {
      return deck.pop();
    }

  But we are going to deal 5 at the beginning.

  Now, function to reset:

    function reset() {
      // create new deck and shuffle
      deck = [];
      for (let s of suits) for (let v of values) deck.push({suit:s, value:v});
      deck.sort(() => Math.random() - 0.5);
      hand = [];
      discardFlags = [false,false,false,false,false];
      phase = 'draw';
      document.getElementById('actionBtn').textContent = 'Draw';
      document.getElementById('result').textContent = '';
      displayHand();
    }

  Now, function to display hand:

    function displayHand() {
      let handDiv = document.getElementById('hand');
      handDiv.innerHTML = '';
      for (let i=0; i<hand.length; i++) {
        let card = hand[i];
        let displayV = card.value>10 ? ['J','Q','K','A'][card.value-11] : card.value;
        let cardElem = document.createElement('span');
        cardElem.className = 'card' + (discardFlags[i] ? ' discarded' : '');
        cardElem.textContent = displayV + card.suit;
        cardElem.dataset.index = i;
        cardElem.onclick = function() {
          if (phase !== 'draw') return;
          discardFlags[i] = !discardFlags[i];
          this.className = 'card' + (discardFlags[i] ? ' discarded' : '');
        };
        handDiv.appendChild(cardElem);
      }
    }

  Now, function to evaluate hand:

    function evaluate(hand) {
      // sort by value
      let ranks = hand.map(c => c.value).sort((a,b) => a-b);
      let suits = hand.map(c => c.suit);
      let isFlush = suits.every(s => s === suits[0]);
      let isStraight = true;
      for (let i=1; i<5; i++) {
        if (ranks[i] !== ranks[i-1]+1) {
          isStraight = false;
          break;
        }
      }
      // check for A,2,3,4,5
      if (!isStraight && ranks[0]===2 && ranks[1]===3 && ranks[2]===4 && ranks[3]===5 && ranks[4]===14) {
        isStraight = true;
      }
      let rankCounts = {};
      ranks.forEach(r => rankCounts[r] = (rankCounts[r]||0)+1);
      let counts = Object.values(rankCounts).sort((a,b) => b-a);
      if (isFlush && isStraight) {
        if (ranks[0]===10 && ranks[4]===14) return 'Royal flush';
        return 'Straight flush';
      }
      if (counts[0]===4) return 'Four of a kind';
      if (counts[0]===3 && counts[1]===2) return 'Full house';
      if (isFlush) return 'Flush';
      if (isStraight) return 'Straight';
      if (counts[0]===3) return 'Three of a kind';
      if (counts[0]===2 && counts[1]===2) return 'Two pair';
      if (counts[0]===2) return 'One pair';
      return 'High card';
    }

  Now, the draw function:

    function draw() {
      if (phase !== 'draw') return;
      for (let i=0; i<5; i++) {
        if (discardFlags[i]) {
          hand[i] = deal();
        }
      }
      discardFlags = [false,false,false,false,false];
      displayHand();
      let result = evaluate(hand);
      document.getElementById('result').textContent = result;
      phase = 'newGame';
      document.getElementById('actionBtn').textContent = 'New Game';
    }

  Now, the new game function (which is the same as reset, but we already have reset):

    function newGame() {
      reset();
    }

  But we are using one button, so we can do:

    document.getElementById('actionBtn').onclick = function() {
      if (phase === 'draw') draw();
      else if (phase === 'newGame') reset();
    };

  Now, initial setup:

    reset(); // this will deal the first hand.

  But note: in reset, we set phase to 'draw' and change the button text to 'Draw'. Then we display the hand.

  Now, we need to add some CSS to make the cards look like cards and the discarded ones look different.

  We'll add a style tag.

  Let's add:

    <style>
      .card {
        display: inline-block;
        width: 40px;
        height: 60px;
        border: 1px solid black;
        margin: 2px;
        text-align: center;
        line-height: 60px;
        font-weight: bold;
        cursor: pointer;
        user-select: none;
      }
      .discarded {
        background-color: #ccc;
        color: #999;
      }
    </style>

  Now, let's put it all together.

  We are going to write the entire HTML with embedded script and style.

  We are going to try to minimize the code by:

    - Using short variable names.
    - Avoiding unnecessary spaces and line breaks? But we are writing in a code block, so we can format for readability? The requirement says "concise" and "reduce indentation", but we are not in a token-limited environment? Actually, the user says "each token is expensive", so we should try to write as few tokens as possible.

  But note: the user will copy and paste, so we can write in a compact way.

  However, we are writing in a response that will be read by a human? The user says "I'm going to take your response and directly put into a browser without looking at it." So we can write in a compact way.

  But we are also writing in a code block, so we can format for readability? The user says "No explanations needed", so we just output the code.

  Let's write the code in a compact form, but still readable.

  We'll try to minimize the number of lines and tokens.

  We can do:

    - Use single letter variable names where possible.
    - Remove unnecessary spaces.

  But note: we are writing in a code block, so we can write without extra spaces.

  However, for the sake of the response, we'll write in a way that is acceptable.

  Let's write the entire HTML:

  Note: We are going to use the following structure:

    <!DOCTYPE html><html><head><style> ... </style></head><body>
      <div id="hand"></div>
      <button id="actionBtn">Draw</button>
      <div id="result"></div>
      <script>
        ... code ...
      </script>
    </body></html>

  Now, let's code the JavaScript in a compact way.

  We'll write:

    const s=['♠','♥','♦','♣'],v=[2,3,4,5,6,7,8,9,10,11,12,13,14],d=[],h=[],f=[!1,!1,!1,!1,!1],p='draw';
    function r(){d=[];for(let a of s)for(let b of v)d.push({s:a,value:b});d.sort(()=>Math.random()-.5);h=[];f=[!1,!1,!1,!1,!1];p='draw';document.getElementById('actionBtn').textContent='Draw';document.getElementById('result').textContent='';D()}
    function D(){let e=document.getElementById('hand');e.innerHTML='';for(let i=0;i<5;i++){let c=h[i],n=c.value>10?['J','Q','K','A'][c.value-11]:c.value,t=document.createElement('span');t.className='card'+(f[i]?' discarded':'');t.textContent=n+c.suit;t.dataset.index=i;t.onclick=function(){if(p!=='draw')return;f[i]=!f[i];this.className='card'+(f[i]?' discarded':'')};e.appendChild(t)}}
    function E(h){let r=h.map(c=>c.value).sort((a,b)=>a-b),s=h.map(c=>c.suit),F=s.every(t=>t===s[0]);let S=!0;for(let i=1;i<5;i++){if(r[i]!==r[i-1]+1){S=!1;break}}if(!S&&r[0]==2&&r[1]==3&&r[2]==4&&r[3]==5&&r[4]==14)S=!0;let C={};r.forEach(t=>C[t]=(C[t]||0)+1);let o=Object.values(C).sort((a,b)=>b-a);if(F&&S){if(r[0]==10&&r[4]==14)return'Royal flush';return'Straight flush'}if(o[0]==4)return'Four of a kind';if(o[0]==3&&o[1]==2)return'Full house';if(F)return'Flush';if(S)return'Straight';if(o[0]==3)return'Three of a kind';if(o[0]==2&&o[1]==2)return'Two pair';if(o[0]==2)return'One pair';return'High card'}
    function d(){if(p!=='draw')return;for(let i=0;i<5;i++)if(f[i])h[i]=d.pop();f=[!1,!1,!1,!1,!1];D();let r=E(h);document.getElementById('result').textContent=r;p='newGame';document.getElementById('actionBtn').textContent='New Game'}
    document.getElementById('actionBtn').onclick=function(){p==='draw'?d():r()};
    r();

  But note: we are using the variable 'd' for deck and also for the draw function? That's a problem.

  Let's change:

    deck -> D (but we used D for displayHand? We used D for displayHand? Actually, we used D for displayHand? No, we used D for displayHand? Let's see:

      We have:
        function D() { ... } // displayHand

      and we have:
        let d = []; // deck

      and function d() { ... } // draw

      That's a conflict.

  So we need to rename.

  Let's rename:

    deck -> k (for deck? but we want short)
    displayHand -> H
    draw -> g (for draw? but we have function d for draw? Let's change:

      We'll have:

        let k=[]; // deck
        function H() { ... } // displayHand
        function g() { ... } // draw

      But then we have:

        function r() { ... } // reset

      and function E(h) { ... } // evaluate

      and then:

        document.getElementById('actionBtn').onclick=function(){p==='draw'?g():r()};

      and then call r() to start.

  But note: we are using the variable 'd' in the draw function to pop from the deck? We changed deck to k.

  So in draw (g) we do:

        h[i] = k.pop();

  And in reset (r) we set k = [].

  Let's adjust:

    const s=['♠','♥','♦','♣'],v=[2,3,4,5,6,7,8,9,10,11,12,13,14],k=[],h=[],f=[!1,!1,!1,!1,!1],p='draw';
    function r(){k=[];for(let a of s)for(let b of v)k.push({s:a,value:b});k.sort(()=>Math.random()-.5);h=[];f=[!1,!1,!1,!1,!1];p='draw';document.getElementById('actionBtn').textContent='Draw';document.getElementById('result').textContent='';H()}
    function H(){let e=document.getElementById('hand');e.innerHTML='';for(let i=0;i<5;i++){let c=h[i],n=c.value>10?['J','Q','K','A'][c.value-11]:c.value,t=document.createElement('span');t.className='card'+(f[i]?' discarded':'');t.textContent=n+c.suit;t.dataset.index=i;t.onclick=function(){if(p!=='draw')return;f[i]=!f[i];this.className='card'+(f[i]?' discarded':'')};e.appendChild(t)}}
    function E(h){let r=h.map(c=>c.value).sort((a,b)=>a-b),s=h.map(c=>c.suit),F=s.every(t=>t===s[0]);let S=!0;for(let i=1;i<5;i++){if(r[i]!==r[i-1]+1){S=!1;break}}if(!S&&r[0]==2&&r[1]==3&&r[2]==4&&r[3]==5&&r[4]==14)S=!0;let C={};r.forEach(t=>C[t]=(C[t]||0)+1);let o=Object.values(C).sort((a,b)=>b-a);if(F&&S){if(r[0]==10&&r[4]==14)return'Royal flush';return'Straight flush'}if(o[0]==4)return'Four of a kind';if(o[0]==3&&o[1]==2)return'Full house';if(F)return'Flush';if(S)return'Straight';if(o[0]==3)return'Three of a kind';if(o[0]==2&&o[1]==2)return'Two pair';if(o[0]==2)return'One pair';return'High card'}
    function g(){if(p!=='draw')return;for(let i=0;i<5;i++)if(f[i])h[i]=k.pop();f=[!1,!1,!1,!1,!1];H();let r=E(h);document.getElementById('result').textContent=r;p='newGame';document.getElementById('actionBtn').textContent='New Game'}
    document.getElementById('actionBtn').onclick=function(){p==='draw'?g():r()};
    r();

  But note: in the reset function, we are dealing 5 cards? We are not dealing in reset. We are only resetting the deck and the hand and flags. We need to deal 5 cards initially.

  In reset, after resetting, we should deal 5 cards.

  So in reset:

      h = [];
      for (let i=0; i<5; i++) h.push(k.pop());

  Let's adjust:

    function r(){
      k=[];
      for(let a of s)for(let b of v)k.push({s:a,value:b});
      k.sort(()=>Math.random()-.5);
      h=[];
      for(let i=0;i<5;i++)h.push(k.pop());
      f=[!1,!1,!1,!1,!1];
      p='draw';
      document.getElementById('actionBtn').textContent='Draw';
      document.getElementById('result').textContent='';
      H();
    }

  Now, we are dealing 5 cards.

  But note: we are popping from the deck, so we are dealing from the end (which is the top after shuffle? Actually, we shuffled and then we are popping from the end, which is the last element. But we shuffled randomly, so it's okay.

  Alternatively, we can shift from the front? But pop is shorter.

  Now, let's test the code in our mind:

    - When the page loads, we call r() which creates a new deck, shuffles, deals 5 cards, and displays them.
    - The player can click on cards to toggle discard (only in 'draw' phase).
    - Then click Draw (which calls g()):
        - For each discarded card, replace with a new card from the deck (pop).
        - Reset discard flags.
        - Display the new hand.
        - Evaluate and show result.
        - Change phase to 'newGame' and button text to 'New Game'.
    - Then clicking the button (now 'New Game') calls r() again.

  This seems okay.

  But note: what if the deck runs out of cards? We are only dealing 5 initially and then up to 5 more in the draw. So we need at least 10 cards. The deck has 52, so it's okay.

  However, if we play multiple games without reloading, we are creating a new deck each time, so it's okay.

  Now, let's write the entire HTML.

  We'll add the style.

  We are going to write:

    <!DOCTYPE html><html><head><style>.card{display:inline-block;width:40px;height:60px;border:1px solid #000;margin:2px;text-align:center;line-height:60px;font-weight:bold;cursor:pointer;user-select:none}.discarded{background:#ccc;color:#999}</style></head><body><div id="hand"></div><button id="actionBtn">Draw</button><div id="result"></div><script>const s=['♠','♥','♦','♣'],v=[2,3,4,5,6,7,8,9,10,11,12,13,14],k=[],h=[],f=[!1,!1,!1,!1,!1],p='draw';function r(){k=[];for(let a of s)for(let b of v)k.push({s:a,value:b});k.sort(()=>Math.random()-.5);h=[];for(let i=0;i<5;i++)h.push(k.pop());f=[!1,!1,!1,!1,!1];p='draw';document.getElementById('actionBtn').textContent='Draw';document.getElementById('result').textContent='';H()}function H(){let e=document.getElementById('hand');e.innerHTML='';for(let i=0;i<5;i++){let c=h[i],n=c.value>10?['J','Q','K','A'][c.value-11]:c.value,t=document.createElement('span');t.className='card'+(f[i]?' discarded':'');t.textContent=n+c.suit;t.dataset.index=i;t.onclick=function(){if(p!=='draw')return;f[i]=!f[i];this.className='card'+(f[i]?' discarded':'')};e.appendChild(t)}}function E(h){let r=h.map(c=>c.value).sort((a,b)=>a-b),s=h.map(c=>c.suit),F=s.every(t=>t===s[0]);let S=!0;for(let i=1;i<5;i++){if(r[i]!==r[i-1]+1){S=!1;break}}if(!S&&r[0]==2&&r[1]==3&&r[2]==4&&r[3]==5&&r[4]==14)S=!0;let C={};r.forEach(t=>C[t]=(C[t]||0)+1);let o=Object.values(C).sort((a,b)=>b-a);if(F&&S){if(r[0]==10&&r[4]==14)return'Royal flush';return'Straight flush'}if(o[0]==4)return'Four of a kind';if(o[0]==3&&o[1]==2)return'Full house';if(F)return'Flush';if(S)return'Straight';if(o[0]==3)return'Three of a kind';if(o[0]==2&&o[1]==2)return'Two pair';if(o[0]==2)return'One pair';return'High card'}function g(){if(p!=='draw')return;for(let i=0;i<5;i++)if(f[i])h[i]=k.pop();f=[!1,!1,!1,!1,!1];H();let r=E(h);document.getElementById('result').textContent=r;p='newGame';document.getElementById('actionBtn').textContent='New Game'}document.getElementById('actionBtn').onclick=function(){p==='draw'?g():r()};r();</script></body></html>

  But note: we are using the variable 's' for suits and then in the evaluate function we use 's' for the suits array of the hand? That's a conflict.

  In the evaluate function, we have:

      let s = h.map(c=>c.suit);

  But we have a global variable 's' for the suits array.

  So we need to change the variable name in the evaluate function.

  Let's change the global suits array to 'S' and the values array to 'V'? But then we have to change everywhere.

  Alternatively, in the evaluate function, use a different variable name for the suits of the hand.

  Let's change in evaluate:

      let suits = h.map(c=>c.suit);

  and then use 'suits' instead of 's'.

  But then we have to change the code in evaluate.

  Let's do:

    function E(h){
      let r=h.map(c=>c.value).sort((a,b)=>a-b),
          suits=h.map(c=>c.suit),
          F=suits.every(t=>t===suits[0]);
      ...
    }

  But then we are using the global 's' for the suits array? No, we are not using the global 's' in evaluate. We are using the local variable 'suits'.

  However, we are using the global 's' in the reset function to build the deck. That's okay because in reset we are using the global 's' (which is the suits array) and then in evaluate we are using a local variable 'suits'.

  But note: we are using the global 's' in the for loops in reset? Yes, but that's the global suits array.

  So we are safe.

  But wait: in the evaluate function, we have:

      let s = h.map(c=>c.suit);

  and then we use 's' for the suits of the hand. But we also have a global 's' (the suits array). That's okay because the local variable 's' shadows the global.

  However, we are using the global 's' in the reset function and in the deck building. That's okay.

  But in the evaluate function, we are using the variable 's' for the hand's suits, and then we use 's' in the every check? Yes.

  So we are okay.

  But note: in the evaluate function, we have:

      let s = h.map(c=>c.suit);

  and then:

      let F = s.every(t => t === s[0]);

  That's correct.

  However, we are using the variable 's' for two different things in the same function? No, we are using it for the hand's suits.

  But we also have a global 's' (the suits array). That's okay because of shadowing.

  But to avoid confusion, let's change the global suits array to 'S' and values to 'V'? That would require changing in reset and in the initial deck building.

  Alternatively, we can change the variable in evaluate to 'handSuits'.

  But that would be longer.

  Let's change the global suits to 'S' and values to 'V':

    const S=['♠','♥','♦','♣'],V=[2,3,4,5,6,7,8,9,10,11,12,13,14],k=[],h=[],f=[!1,!1,!1,!1,!1],p='draw';

  Then in reset:

      for(let a of S)for(let b of V)k.push({s:a,value:b});

  And then in evaluate, we can use 's' for the hand's suits without conflict.

  But then we have to change the global variable names.

  Let's do that to avoid shadowing and make it clearer.

  So:

    const S=['♠','♥','♦','♣'],V=[2,3,4,5,6,7,8,9,10,11,12,13,14],k=[],h=[],f=[!1,!1,!1,!1,!1],p='draw';

  Then in reset:

      for(let a of S)for(let b of V)k.push({s:a,value:b});

  And then in evaluate, we use:

      let s = h.map(c=>c.suit);

  Now, we are not shadowing the global S because we are using a local variable 's'.

  But note: we are using the global S in the deck building, and then in evaluate we use a local 's'. That's okay.

  Let's adjust the code accordingly.

  Also, note: in the evaluate function, we are using the variable 's' for the hand's suits, and then we use 's' in the every check. That's correct.

  Now, let's rewrite the entire code with these changes.

  We'll also change the variable names in the evaluate function to be shorter? We already have:

      let r = ... (ranks)
      let s = ... (hand suits)
      let F = ... (isFlush)
      let S = ... (isStraight) -> but we already used S for the global suits? We are using a local variable S for isStraight? That's okay because it's local.

  But note: we are using the global S (suits) in the reset function, and then in evaluate we have a local variable S (for isStraight). That's okay because they are in different scopes.

  However, in the evaluate function, we are using the variable 'S' for isStraight, and then we have a global 'S' (suits). That's okay.

  But to avoid confusion, let's change the isStraight variable to 'isStraight'? But that's longer.

  We'll keep it as 'S' for isStraight.

  Now, let's write the final code.

  We are going to write the entire HTML in one line? We can, but for readability in the response, we'll format a bit.

  But the user says "

