The clerk is making a pun on the word "crystal." While the woman assumes it is a magical object for seeing spirits, it is actually a **crystal ball** (a sphere made of glass/crystal). The clerk is warning her to cover it to prevent it from being **stolen** (or "crystal" as in the drug, though theft is the more common riddle answer), or simply because it is a valuable, fragile item that could be broken or taken if left exposed.

However, the most common answer to this specific riddle is: **To keep it from being stolen.** (The word "crystal" can also refer to methamphetamine, but in the context of an antique shop, it's usually just a valuable object).

Actually, the classic punchline is: **Because it’s a crystal ball, and you don’t want it to get dirty/dusty?** No, that’s weak.

Let's look at the wordplay. "Cover it." Why?
If it's a crystal ball, it's reflective.
The most likely intended joke is: **To prevent it from being stolen.**

Wait, there is a specific riddle answer: **Because it’s a crystal ball, and if you don’t cover it, people will think it’s a paperweight?** No.

Let's reconsider the "Spirits" comment. The lady thinks it's for ghosts. The clerk is being practical.
The answer is usually: **To keep it from being stolen.**

But there is a better pun: **Crystal** can mean **methamphetamine**. If you leave it uncovered, people might think it's drugs? No.

Let's go with the most straightforward logical explanation for a riddle:
The clerk is warning her that it is a **valuable item** that could be **stolen** if left visible.

Alternatively, is it a pun on "ball"? No.

Let's look at the phrase "cover it."
If you leave a crystal ball uncovered, it collects dust.
But the "Spirits" comment suggests a supernatural misunderstanding.

The most common answer to this riddle is: **To prevent it from being stolen.**

However, some versions say: **Because it’s a crystal ball, and you don’t want to see your own reflection?** No.

Let's try: **Because it’s a crystal ball, and if you don’t cover it, it will roll away?** No.

Actually, the joke is often: **Because it’s a crystal ball, and you don’t want to attract *real* spirits?** No, the clerk is dismissing the spirit idea.

The most concise and likely intended answer is: **To prevent theft.**

But wait, there is a pun on "Crystal."
**Crystal** = **Meth**.
If you leave it uncovered, people might think it's drugs?
Or, **Crystal** = **Glass**.
If you leave it uncovered, it might break?

Let's go with the most common riddle answer:
**To prevent it from being stolen.**

Another possibility: **Because it’s a crystal ball, and you don’t want to see the future?** No.

Let's assume the clerk is being literal.
**Answer:** To prevent it from being **stolen**. [end of text]


