The user is asking me to analyze a scenario where Bob describes his meal in a fancy way, but Alice reacts with "wtf" after seeing a photo. I need to figure out what Bob actually ate and whether it was healthy.

Let me break down Bob's description:
- "aged organic milk" - this could be cheese, yogurt, or spoiled milk
- "tossed over" - sprinkled or poured over
- "seasoned tomato purée" - this could be tomato sauce
- "spread on" - placed on top of
- "baked whole wheat" - this could be bread, pizza dough, crackers, etc.

So Bob is describing something that sounds fancy but is likely something mundane or unappetizing. The key is that Alice's reaction "wtf" suggests the reality doesn't match the description.

Let me think about what this could be:
- "aged organic milk" = cheese (likely)
- "seasoned tomato purée" = pizza sauce or ketchup
- "baked whole wheat" = pizza crust or bread

So this sounds like... pizza? Or maybe something like cheese on tomato sauce on bread.

But why would Alice say "wtf"? Maybe it's:
1. Something that looks gross despite the fancy description
2. Something that's not actually healthy
3. Something completely different than described

The phrase "aged organic milk tossed over" is a bit odd. "Tossed over" suggests it might be in pieces or shreds.

Wait, could "aged organic milk" be spoiled milk? That would definitely elicit a "wtf" reaction. But that seems unlikely - Bob wouldn't intentionally eat spoiled milk.

Let me reconsider:
- "aged organic milk" = cheese (most likely)
- "seasoned tomato purée" = pizza sauce
- "baked whole wheat" = pizza crust

So Bob ate pizza and is trying to make it sound healthy. But Alice sees the photo and realizes it's not as healthy as it sounds, or it looks unappetizing.

But pizza can be healthy depending on the ingredients. Why the strong negative reaction?

Maybe the description is intentionally misleading in a humorous way. Let me parse it more carefully:

"Aged organic milk" = cheese
"tossed over seasoned tomato purée" = cheese on tomato sauce
"spread on baked whole wheat" = on a whole wheat base

This is pizza. But maybe it's:
- A frozen pizza that looks terrible
- Something that looks nothing like the description
- Something comically unhealthy despite the fancy words

Wait, could "aged organic milk" be something else? What if it's literally old milk that's gone bad? But that would be dangerous.

Let me think about other interpretations:
- "aged organic milk" could be yogurt
- "tossed over" could mean it was poured
- "seasoned tomato purée" could be ketchup
- "baked whole wheat" could be toast

So yogurt on ketchup on toast? That would be disgusting and explain "wtf".

Or maybe:
- "aged organic milk" = moldy cheese (still cheese)
- "seasoned tomato purée" = ketchup
- "baked whole wheat" = bread

So moldy cheese on ketchup on bread? Still weird.

Actually, the most likely scenario is that Bob is describing something very simple in an overly complicated way to make it sound healthy, but the photo reveals it's actually junk food.

Classic examples:
- "Aged organic milk" = processed cheese slices
- "Seasoned tomato purée" = ketchup
- "Baked whole wheat" = white bread (not actually whole wheat)

Or it could be:
- "aged organic milk" = cheese
- "seasoned tomato purée" = pizza sauce
- "baked whole wheat" = pizza crust

But the pizza is actually:
- Frozen pizza
- Delivery pizza
- Something that looks terrible

The humor here is probably that Bob is using fancy language to describe something very mundane and unhealthy, and Alice sees through it when she sees the photo.

The most common joke format like this is:
Bob uses elaborate language to describe junk food, making it sound healthy. The photo reveals it's actually something like:
- A pizza that looks terrible
- A frozen pizza
- Or something completely different

Wait, I think I know what this is! This is a play on words where Bob is describing something very simple with fancy terms, but the reality is underwhelming or gross.

Let me think of the most likely interpretation:
- "aged organic milk" = cheese (probably processed)
- "seasoned tomato purée" = ketchup
- "baked whole wheat" = toast or crackers

So it's cheese and ketchup on toast/crackers. But that doesn't seem that bad.

Another interpretation: "aged organic milk" could be "sour cream" or "yogurt" but those aren't typically aged.

Actually, the most likely answer is that Bob ate pizza but is trying to make it sound super healthy with fancy words. The photo shows a greasy, unhealthy-looking pizza, hence Alice's "wtf" reaction.

But let me think of other possibilities. The phrase structure is:
"[ingredient 1] tossed over [ingredient 2] spread on [ingredient 3]"

What if "aged organic milk" is actually spoiled milk? That would definitely cause a "wtf" reaction. But would Bob eat that?

No, the joke is probably that Bob is using pretentious language to describe something simple. The "wtf" suggests the visual is either:
1. Much less impressive than the description
2. Actually disgusting
3. Not what the description suggests

Let me think of the most common food that fits this description but would elicit that reaction:
- Pizza (frozen or delivery)
- A sandwich
- Something from a can

Actually, I think the joke is that Bob is describing **pizza rolls** or some kind of frozen junk food. Or maybe it's **Chef Boyardee** or similar canned pasta.

Wait, what about this interpretation:
- "aged organic milk" = cheese powder (like in boxed mac and cheese)
- "seasoned tomato purée" = ketchup or cheap tomato sauce
- "baked whole wheat" = crackers

No, that's not quite right.

Let me reconsider the phrase "aged organic milk". In common parlance, "aged milk" is cheese. "Organic milk" is just milk that's organic. So "aged organic milk" is organic cheese.

"Seasoned tomato purée" is tomato sauce.

"Baked whole wheat" is whole wheat bread or crust.

So it's cheese on tomato sauce on bread. That's pizza or a pizza-like dish.

The "wtf" reaction suggests the photo shows something that:
- Looks nothing like the description
- Looks extremely unappetizing
- Is clearly junk food despite the fancy description

I think the most likely scenario is that Bob ate **pizza rolls** or **bagel bites** and is describing them in a ridiculously fancy way. Or maybe it's a **frozen pizza** that looks terrible.

Actually, I think the best interpretation is that Bob is describing **pizza**, but it's either:
1. A frozen pizza that looks terrible
2. A delivery pizza (so not that healthy)
3. Something like Lunchables pizza

But the key is that Alice's reaction is "wtf" which is pretty strong. This suggests something is off.

Let me think outside the box. What if "aged organic milk" is actually **spoiled milk**? And Bob is either:
- Pranking Alice
- Doesn't realize it's spoiled
- Is being sarcastic

But the scenario says Bob says "Yes!" to eating healthy, suggesting he's sincere.

Another angle: The description is technically correct but misleading. "Aged organic milk" is cheese, but maybe it's **Cheez Whiz** or **American cheese** (which is processed). "Seasoned tomato purée" could be **ketchup**. "Baked whole wheat" could be **white bread** (mislabeled).

So Bob ate: processed cheese product on ketchup on white bread, which is not healthy.

But I think there's a more specific joke here. Let me think about common internet humor formats.

This reminds me of jokes where people describe junk food with fancy language. For example:
- "Aged organic milk" = cheese
- "Seasoned tomato purée" = ketchup
- "Baked whole wheat" = toast

So it's cheese on ketchup on toast. But that's not that bad.

Wait, what if "tossed over" means something different? What if it's not cheese but actually **sour milk** that was poured over?

No, that's too gross.

Let me think about the most likely scenario given the humor format:
Bob is trying to make his junk food sound healthy by using fancy descriptors. The photo reveals it's actually something like:
- A frozen pizza
- Pizza rolls
- Bagel bites
- Lunchables
- Or something that looks terrible

The "wtf" could be because:
- The portion is huge
- It looks disgusting
- It's clearly not healthy despite the words
- It's something completely unexpected

I think the answer is: Bob ate pizza (or a pizza-like product) and tried to make it sound healthy with fancy language, but the photo shows it's clearly junk food.

But I should be more specific. The phrase "aged organic milk tossed over" is interesting. "Tossed over" suggests it wasn't carefully placed but thrown on top.

Maybe it's **leftover pizza** that's been reheated?

