This scenario is a humorous example of **verbal vs. actual meaning**—Bob describes his meal in a way that sounds healthy, but the photo reveals something very different. Let's break it down:

---

### **What Bob Said:**
> "Today I ate aged organic milk tossed over seasoned tomato purée spread on baked whole wheat."

This sounds like a **healthy meal** because it includes words like:
- **Aged organic milk** (suggests natural, high-quality dairy)
- **Seasoned tomato purée** (sounds like a vegetable base, possibly homemade)
- **Baked whole wheat** (whole grain, baked instead of fried)

These are all ingredients that are often associated with healthy eating.

---

### **What Alice Saw:**
> Alice: wtf  
> Bob: (sends Alice a photo)

The **photo** reveals the **truth**—Bob didn’t eat a healthy meal. The description was likely **exaggerated, misleading, or sarcastic**. The "wtf" reaction from Alice suggests the photo showed something **unhealthy, messy, or absurd**.

---

### **What Bob Probably Ate:**
Based on the description and the reaction, here’s a likely interpretation of the photo:

- **"Aged organic milk"** = **Old milk** (possibly spoiled or just "aged" for comedic effect)
- **"Seasoned tomato purée"** = **Canned tomato sauce** (maybe cheap or over-seasoned with salt)
- **"Baked whole wheat"** = **A stale whole wheat bread** (maybe burnt or just not fresh)

Put it all together: Bob probably ate **spoiled milk poured over canned tomato sauce on stale bread**—a meal that looks gross and is definitely **not healthy**.

---

### **Was It Healthy?**
**No.** The meal described (and shown) was likely:
- **Unfresh** (old milk, stale bread)
- **Low in nutrients** (canned sauce, no real vegetables)
- **Possibly spoiled** (if the milk was truly "aged" to the point of being bad)

---

### **Why Did Bob Say That?**
Bob’s response is likely **sarcastic** or **joking**—he used "healthy" buzzwords to make his meal sound good, but the photo reveals he was being **mock-serious** or **embarrassing** himself on purpose.

---

### **Summary:**
- **What happened?** Bob lied about eating a healthy meal, and Alice saw the photo, realizing he was being ridiculous.
- **What did Bob eat?** Probably spoiled milk, canned tomato sauce, and stale whole wheat bread.
- **Was it healthy?** No—far from it.

It’s a funny example of how **language can mislead** and how **photos can reveal the truth** behind words. [end of text]


