We need to guess date based on distinctive writing style connected to a particular day and month of the year. The passage mentions "C++20 brings us modules, an innovative new feature, and one I’m looking forward to actually being implemented fairly soon. Looking forward, C++26 will likely have stackful coroutines, the ability to embed binary file contents to initialize arrays, a safe range-based for loop, and many other goodies." Also mentions "C++20" and "C++26". The hint: distinctive writing style of the article which is connected to one particular day and month of the year. Could be April Fools? The style maybe like a "April Fools' Day" joke article? The passage seems serious but maybe it's a satirical piece about moving from Rust to C++? The hint: "distinctive writing style of the article which is connected to one particular day and month of the year." Could be "April 1" (April Fools) where people write tongue-in-cheek articles. The passage includes jokes about C++ community being nicer, Rust community being imperious, etc. Might be a satirical piece posted on April Fools. Also mention of "Zulip instance" and "Discuss on Hacker News and /r/rust." Could be a blog post.

Alternatively, could be "December 25" (Christmas) style? Or "March 14" Pi day? The distinctive writing style might be referencing "April Fools' Day" where people write fake announcements about switching languages. The passage mentions "C++26 will likely have stackful coroutines..." which is speculative; C++26 is not yet standardized (as of 2023, C++23 is the latest, C++26 is future). The article might be written around the time when C++20 was just released (2020) and people were looking forward to C++23 etc. The mention of C++26 suggests speculation about far future. Could be written in early 2021? But hint about day and month.

Maybe it's "November 5" (Guy Fawkes) style? Not likely.

The hint: "distinctive writing style of the article which is connected to one particular day and month of the year." Could be referencing "April Fools" where style is humorous, sarcastic, over-the-top. The passage does have some tongue-in-cheek: "I consider myself a good enough programmer that I can avoid writing code with safety problems." "I think the dangers from memory safety problems are overblown." "If a GUI program crashes, it’s not that big a deal." These are somewhat ironic, maybe mocking typical Rust safety arguments. Also mention of "C++ subreddit is well known for their sense of humor." That's a joke. So likely April Fools.

Thus answer: April 1, 2021? Or maybe April 1, 2020? Need to infer year from context: mentions C++20 modules looking forward to being implemented fairly soon. C++20 was finalized in December 2020, but modules support in compilers was still emerging in early 2021. So article likely written mid-2021 when people were anticipating modules. Also mentions C++26 likely have stackful coroutines etc. That speculation was around 2021-2022. So guess April 1, 2021.

Explain hint: The article's tongue-in-cheek, satirical tone reminiscent of April Fools' Day jokes, where authors pretend to abandon Rust for C++ with exaggerated claims.

Thus final answer: April 1, 2021 (or 2022). Provide reasoning.

Let's craft final answer.

</think>

**Estimated date: 1 April 2021**

**How the hint leads to this answer**

The passage is written in a distinctly tongue‑in‑cheek, almost satirical style:

* The author pretends to be a seasoned Rust developer who is “fed up” with the language, then lists a series of exaggerated or self‑deprecating reasons for abandoning Rust’s safety guarantees (“I consider myself a good enough programmer that I can avoid writing code with safety problems,” “If a GUI program crashes, it’s not that big a deal,” etc.).
* He jokes about the Rust community being “imperious” and the C++ subreddit being “well known for their sense of humor.”
* The whole piece reads like a mock‑serious manifesto that could be posted as an April Fools’ Day joke – a day when many tech blogs and community members publish deliberately over‑the‑top, humorous announcements (e.g., “I’m switching to COBOL,” “We’re rewriting the kernel in Brainfuck,” etc.).

April 1 is the one day of the year whose cultural tradition is strongly associated with this kind of humorous, faux‑serious writing style. No other single day/month combination (Pi Day, Halloween, etc.) elicits the same expectation of a tongue‑in‑cheek tech announcement.

**Why the year is 2021**

* The author talks about C++20 modules as something he is “looking forward to actually being implemented fairly soon.” C++20 was finalized in December 2020, but widespread compiler support for its modules feature only appeared in the first half of 2021 (GCC 10, Clang 11, MSVC 2019 16.9+). The anticipation expressed fits the early‑2021 timeframe.
* He also speculates about C++26 features (stackful coroutines, embedding binary file contents, safe range‑based for loops, etc.). Those were the kinds of forward‑looking discussions that began to appear in the C++ community around late 2020‑early 2021, after the C++23 draft was taking shape and people started dreaming about the next revision.
* No mention of later C++23/C++24 features (e.g., deducing `this`, `std::expected`, etc.) suggests the piece predates the broader rollout of those, again pointing to 2021 rather than 2022‑2023.

Putting the stylistic clue (April Fools’ tone) together with the contextual clues about the state of C++20 modules and early speculation about C++26 gives the most plausible date: **1 April 2021**. [end of text]


