This passage was most likely written on **April 1st, 2023** — and here’s why, using the hint: *“the distinctive writing style of the article which is connected to one particular day and month of the year.”*

---

### The Hint: “Distinctive Writing Style Connected to One Particular Day and Month”

This is a *meta* clue — not about the content, but about the *style* of writing. The passage reads like a **satirical, tongue-in-cheek, self-aware rant** — but it’s written with the *tone and structure* of a serious, thoughtful, technical blog post. It’s structured like a “I’m leaving Rust for C++” manifesto — but it’s *too* polished, too well-argued, and too *deliberately* ironic to be genuine.

The key is in the **final paragraph**:

> “We’re looking for people to help with the C++ rewrite. If you’re interested, please join our Zulip instance.  
> Discuss on Hacker News and /r/rust.”

This is *exactly* the kind of thing you’d see in a **April Fools’ Day post** — a fake “conversion” from Rust to C++ that’s *so convincing* it makes you wonder if it’s real. The author is *mocking* the Rust community’s “imperiousness” and “politics,” while *pretending* to be a disillusioned Rust developer who’s “leaving” for C++. But the tone is *too* perfect — it’s not a real rant; it’s a *performance*.

---

### Why April 1st?

April Fools’ Day is famous for **satirical tech posts** — especially in the programming community. You’ll often see fake “I’m switching to C++” or “Rust is dead” posts that are *so well-written* they fool people for a few hours. The author’s tone — the “I’ve been a Rust developer for years, but now I’m leaving for C++” — is *classic April Fools’ bait*. The “serious” arguments about build systems, safety, language evolution, and community politics are *all* designed to be *plausible* — but the *conclusion* is the giveaway: it’s a *call to action* to join a Zulip instance and discuss it on Hacker News and /r/rust — which is *exactly* the kind of thing you’d see in a *fake* post.

---

### The “Outside the Box” Thinking

The hint says: “distinctive writing style connected to one particular day and month.” That’s not just about the *content* — it’s about the *style* of the writing. The *style* is **satirical, self-aware, and deliberately ironic**, which is *characteristic* of April Fools’ Day posts — especially in tech.

The author is *not* genuinely leaving Rust — they’re *mocking* the Rust community’s culture and the “Rust is the future” narrative. The “C++ rewrite” is a *hoax* — and the *only* day that makes sense for such a hoax is **April 1st**.

---

### Bonus: The “Zulip” and “Hacker News” Clue

The author says: “Discuss on Hacker News and /r/rust.” That’s *very* April Fools’-style — because:

- Hacker News is a *serious* tech forum — but it’s *also* where April Fools’ jokes are often *shared* and *debated*.
- /r/rust is *the* place for Rust discussions — and it’s *also* where fake “Rust is dead” posts are often *debunked* or *mocked*.

So the author is *inviting* readers to *discuss* the fake post — which is *exactly* what April Fools’ jokes do.

---

### Final Answer: **April 1st, 2023**

This is the only day that makes sense — because the *writing style* is *deliberately* satirical, ironic, and self-aware — which is *characteristic* of April Fools’ Day posts. The “serious” arguments are *too* well-structured to be real — they’re *designed* to be *plausible* — which is *exactly* what April Fools’ jokes do.

The author is *not* leaving Rust — they’re *mocking* the Rust community — and the *only* day that makes sense for such a *satirical* post is **April 1st**.

---

✅ **Answer: April 1st, 2023** — because the *writing style* is *deliberately* satirical and ironic — which is *characteristic* of April Fools’ Day posts — and the *only* day that makes sense for such a *hoax* is **April 1st**. [end of text]


