Based on the content, tone, and specific rhetorical devices used in the passage, here is the analysis and the best guess for the date.

### Analysis of the Text

1.  **Contextual Clues (The "What"):**
    *   The author is a prominent figure in the Rust community (specifically associated with **Linebender**, the group behind `winit`, `iced`, `tao`, etc.) announcing a pivot from Rust to C++.
    *   The text mentions **C++20** modules being "implemented fairly soon" and looks forward to **C++26** (which implies the current year is likely 2023 or 2024, as C++23 was released in late 2023, and C++26 is the next cycle).
    *   It mentions **Carbon** as a "new C++ compatible language," which was gaining traction in 2023/2024.
    *   It references **Herb Sutter** and **Stroustrup**, standard C++ leadership figures.

2.  **The "Distinctive Writing Style" Hint (The "How"):**
    *   The prompt asks to look for a hint connected to a **particular day and month**.
    *   The text is highly critical of the Rust community, calling it "imperious," "denigrating," and complaining about its "code of conduct" and "diversity policies." It explicitly states: *"I firmly believe that programming languages should be free of politics... In computer science, we have moved beyond prejudice and discrimination."*
    *   This specific type of rhetoric—framing diversity and inclusion efforts as "politics" and "prejudice" while claiming to be "free of politics"—is a hallmark of a specific subculture within the tech industry that often rallies around a specific date.
    *   The phrase **"In computer science, we have moved beyond prejudice and discrimination"** is a direct, ironic inversion of the values promoted by the Rust community (which has a strong, explicit Code of Conduct and diversity initiatives).
    *   The most famous day in the tech industry associated with anti-diversity, anti-DEI (Diversity, Equity, and Inclusion), and "anti-woke" sentiment is **April 1st** (April Fools' Day). However, this text is written with such specific, detailed technical grievances (Cargo vs. CMake, C++20 modules, C++26 coroutines) that it reads like a **serious** opinion piece, not a joke.
    *   *Wait, let's look closer.* Is it a joke? The tone is *very* similar to the infamous **"Rust is not a systems programming language"** or **"I'm leaving Rust for C++"** posts that occasionally appear. But the specific mention of **"Linebender projects"** and the detailed technical comparison suggests this is a **parody** or a **satirical piece** written to mock the sentiment of developers who feel alienated by Rust's community culture.
    *   However, there is a more specific cultural reference. The text mentions: *"The C++ subreddit is well known for their sense of humor."* This is a sarcastic jab, as /r/cpp is often criticized for being hostile to newcomers and diversity initiatives, similar to the author's complaint about Rust.
    *   Let's reconsider the "Day and Month" hint. What day is associated with **April**? April Fools'. But is this an April Fools' joke? The technical details are too precise.
    *   Let's look at the **date of the actual event** this is parodying or reflecting. The Linebender group *did* have discussions about C++ vs Rust. But the most famous "I'm leaving Rust for C++" rant that went viral was written by **Eric Niebler** or similar figures? No.
    *   Actually, this text is a **direct parody** of the style of **Brendan Burns** or **Kelsey Hightower**? No.
    *   Let's look at the **specific phrasing**: *"I’ve been involved in Rust... for many years now."* *"Linebender projects."*
    *   There is a well-known satirical article or a "troll" post that circulated in the Rust community. The key is the **date**.
    *   Consider **April 1st**. On April 1st, people often post fake announcements. But this text is too detailed.
    *   Consider **October 31st** (Halloween)? No.
    *   Consider **December 25th**? No.
    *   Let's look at the **hint** again: *"distinctive writing style... connected to one particular day and month."*
    *   The writing style is **passive-aggressive, self-righteous, and focused on "free speech" vs "code of conduct."** This is the style of **April Fools'** day pranks in the tech world, specifically those mocking the "Rust community's perceived elitism."
    *   However, there is a more literal interpretation. The text mentions **"C++26"**. C++26 is scheduled for **2026**. If the author is looking forward to C++26 as a future feature, the current year must be **2023** or **2024**.
    *   The text mentions **"C++20 brings us modules... implemented fairly soon."** C++20 modules were *not* fully implemented in major compilers (GCC, Clang, MSVC) until **2023/2024**. In 2021/2022, they were still experimental. This places the text in **2023 or 2024**.
    *   Now, the **Day and Month**. The text is a **satire** of the "Rust is too hard/too political" narrative. This narrative is most aggressively pushed on **April 1st** (April Fools') as a joke to provoke the community.
    *   *Alternative:* Is it **March 1st**? No.
    *   *Alternative:* Is it **November 1st**? No.
    *   Let's look at the **Hacker News** and **/r/rust** discussion link. This suggests it was posted as a real article.
    *   Actually, this text is a **parody** of the **"I'm leaving Rust for C++"** trope, which is often posted on **April 1st**.
    *   But wait, there is a specific date associated with **C++**: **C++ Day** is **October 1st** (10/1). Does the text mention October? No.
    *   Let's look at the **Linebender** context. The Linebender group is real. The author is likely **Johnathan Nightingale** or **Alice Ryhl**? No, they are Rust advocates.
    *   This text is **fictional/satirical**. It is written in the style of a **troll post**.
    *   The "distinctive writing style" is **ironic**. The author claims C++ is "nicer and friendlier" and "free of politics," which is the opposite of the reality of C++ community discourse on social media. This irony is a hallmark of **April Fools' Day** posts.
    *   Therefore, the date is **April 1st**.

### Refining the Answer

The text is a **satirical parody** of a common trope in the programming world: the developer who leaves a modern, community-focused language (like Rust) for an older, "mature" language (like C++) due to frustrations with community culture (CoC, diversity initiatives).

The hint is the **distinctive writing style**:
1.  **Irony/Sarcasm:** The author claims C++ is "nicer and friendlier" and "free of politics," while simultaneously complaining about Rust's "imperious" community. This is a well-known ironic reversal used in tech satire.
2.  **Exaggeration:** The claim that "memory safety bugs are not fundamentally different than logic errors" and that "if a GUI program crashes, it’s not that big a deal" is technically absurd for a systems language, highlighting the satirical nature.
3.  **Cultural Reference:** The mention of the C++ subreddit's "sense of humor" is a sarcastic jab, as /r/cpp is often criticized for being unwelcoming.

This style of **ironic, provocative satire** is most commonly published on **April 1st** (April Fools' Day) to provoke a reaction from the community. The post is designed to look like a serious announcement but is filled with hyperbolic, technically questionable statements that reveal its satirical intent upon closer inspection.

**Date:** **April 1, 2024** (or potentially 2023, but 2024 fits the C++20 module maturity timeline better).

**Explanation of the Hint:**
The "distinctive writing style" is **satirical irony**. The author adopts the persona of a frustrated developer who values "tradition" and "free speech" over "safety" and "inclusion," a persona often mocked in tech satire. This specific type of provocative, community-testing satire is traditionally released on **April 1st** (April Fools' Day). The text uses this date to maximize the shock value and engagement (as seen by the "Discuss on Hacker News" call to action), knowing that the community will recognize the tropes and the irony.

**Final Answer:**
The passage was likely written on **April 1, 2024**.

**How the hint makes use of the answer:**
The hint refers to the **distinctive writing style** of **satirical irony**. The text presents a highly exaggerated, technically flawed argument (e.g., dismissing memory safety as unimportant, claiming C++ is "free of politics") that is characteristic of **April Fools' Day** pranks in the tech industry. The author uses this style to mock the "Rust is too political" narrative, a common trope on **April 1st**, when developers often post fake announcements to test community reactions or highlight absurdities. The specific mention of "C++20 modules implemented fairly soon" and "C++26" places the year in the **2023-2024** timeframe, with **2024** being the most likely year given the maturity of C++20 modules in production environments. [end of text]


