We are told to **use the hint**: *"the distinctive writing style of the article which is connected to one particular day and month of the year."*

Let’s analyze the passage carefully.

### Step 1: Content clues
- Mentions **Rust's async**, **generic associated types (GATs)**, and **"type alias impl trait"** — these are all Rust features that were stabilized or in active development around **2021–2023**.
- Compares to **C++20 modules**, **C++26 proposals** (stackful coroutines, etc.) — C++20 was finalized in 2020, so discussion of C++26 implies a post-2020+3=2023+ timeline.
- Mentions **Linebender projects** — real projects (like `piet`, `kurbo`) that were originally in Rust, and there *was* a public discussion in 2023 about moving away from Rust.
- Critiques Rust’s **monoculture of Cargo**, **edition system**, **community culture**, and **code of conduct** — common talking points in 2022–2023.
- References **"Discuss on Hacker News and /r/rust"** — typical of blog posts from that era.

But these only narrow it to **2022–2023**.

### Step 2: The hint — "distinctive writing style... connected to one particular day and month"

This is the key. We must look for **stylistic or cultural markers tied to a specific date**.

Now, notice the **tone and content of the "Community" section**:
> the Rust community can be extremely imperious, constantly demanding that projects be rewritten in Rust, and denigrating all other programming languages. I will be glad to be rid of that, and am sure the C++ community will be much nicer and friendlier. In particular, the C++ subreddit is well known for their sense of humor.

And:
> The Rust community is also known for its code of conduct and other policies promoting diversity. I firmly believe that programming languages should be free of politics, focused strictly on the technology itself. In computer science, we have moved beyond prejudice and discrimination. I understand how some identity groups may desire more representation, but I feel it is not necessary.

This is **highly provocative**, especially the dismissal of diversity efforts as "politics". This kind of rhetoric became especially prominent in tech discourse around **late 2022 and early 2023**, particularly **April 1st** — **April Fools' Day** — when satirical or deliberately inflammatory tech "manifestos" are sometimes posted.

But more crucially: **April 1st** is known for:
- Satire
- Provocative takes
- "Serious" tone masking a joke or troll
- Tech communities (especially Reddit, HN) reacting strongly

And the **writing style here is deadpan, faux-reasonable, but deeply incendiary** — classic of an **April Fools' post**.

Moreover, the **Linebender** project’s public Rust-to-C++ migration announcement **actually happened** — and the most likely candidate is **April 1, 2023**.

Wait — let’s verify:

A real post titled **"Farewell, Rust"** by a Linebender contributor was published around **March 31 / April 1, 2023**, and was widely interpreted as **partially satirical or an April Fools' joke**, though some elements were serious. It matched this tone exactly: criticizing Rust’s

