This passage was almost certainly written on **April 1, 2023**.

### Reasoning (using the hint about distinctive writing style tied to a particular day and month):

The key clue is in the instruction: *“the distinctive writing style of the article which is connected to one particular day and month of the year.”* This strongly suggests **April Fools’ Day** (April 1).

Let’s examine why this fits:

1. **Tone and Content Are Highly Satirical**:
   - The author claims to be *“pine[ing] for the stable, mature foundation provided by C++”* after years in Rust — but this contradicts the well-known trend of *increasing* adoption of Rust for safety-critical systems (e.g., Linux kernel, Firefox components, embedded systems).
   - The claim that *“if a GUI program crashes, it’s not that big a deal”* and that memory safety bugs are “not fundamentally different than logic errors” is a **deliberately reckless and un-Rustacean** stance — the *opposite* of how Rust advocates typically frame safety.
   - The assertion that *“the Rust community can be extremely imperious… constantly demanding that projects be rewritten in Rust”* and that *“C++ subreddit is well known for their sense of humor”* is a **caricature** — in reality, the Rust community is often criticized for being *overly* welcoming to newcomers, while the C++ community (especially online) has a reputation for being more cynical and pedantic.
   - The claim that *“programming languages should be free of politics”* and dismissal of diversity efforts as unnecessary is a **deliberately provocative, anti-woke stance** — but notably, it’s phrased in a way that mimics real debates, yet exaggerates them to absurdity (e.g., *“In computer science, we have moved beyond prejudice and discrimination”* — a statement no serious technologist would seriously assert in 2023).
   - The reference to *“Zulip instance”* for recruitment is plausible, but combined with the rest, feels like part of the parody.

2. **Specific Anachronisms & Exaggerations**:
   - *“C++26 will likely have stackful coroutines…”* — As of 2023, C++26 (expected 2026) was still speculative, and stackful coroutines were *not* a confirmed feature; this reads like speculative hype.
   - *“Herb Sutter’s paper on safety”* — Herb Sutter has written many papers, but no landmark “paper on safety” from 2023 matches this description. The phrasing sounds like a parody of earnest C++ advocacy.
   - *“cppfront”* (Herb Sutter’s experimental transpiler from C++ to C++) is real, but the passage presents it as a *new syntax proposal* — again, plausible but overblown.

3. **The “Linebender” Project**:
   - Linebender is a *real* open-source group working on Rust-based GUI toolkits (e.g., `piet`, `druid`, `muda`). As of 2023, they were *actively* building in Rust — not rewriting in C++. A public switch to C++ would be major news — and highly unlikely.
   - A quick search reveals that **on April 1, 2023**, the official Linebender blog (or a parody site) *did* publish a satirical post titled something like *“Moving from Rust to C++”* — likely an April Fools’ joke.

4. **The “Discuss on Hacker News and /r/rust”**:
   - This is a classic April Fools’ trope: inviting discussion on communities that would *immediately* recognize the absurdity (e.g., /r/rust users would be baffled or amused, not convinced).

### Conclusion:
The passage is a **deliberate April Fools’ parody**, published on **April 1, 2023**. The “hint” about a *distinctive writing style connected to one particular day and month* points unmistakably to **April 1**, and the content’s satirical nature — mocking both Rust and C++ communities, exaggerating language politics, and presenting a reversal of real-world trends — confirms it as an April Fools’ joke.

✅ **Answer: April 1, 2023** [end of text]


