The user wants me to guess the date when this passage was written. The passage is about someone switching from Rust to C++ for their "Linebender" GUI toolkit projects. Let me analyze the content for clues:

1. **Rust features mentioned**:
   - "generic associated types" - This was a major feature that took years to stabilize. It was stabilized in Rust 1.65, released on November 3, 2022.
   - "type alias impl trait" - This is a forthcoming feature mentioned. This feature (TAIT) was stabilized in Rust 1.63 (August 11, 2022) for certain cases, but the more general version is still being worked on. The RFC is from 2018. The mention of it as "forthcoming" suggests it wasn't fully stable yet.
   - "async" - described as "a major effort" that has already landed. Rust's async/await was stabilized in 1.39 (November 2019).
   - "edition mechanism" - Rust editions started with Rust 2018 (Rust 1.31, December 2018).

2. **C++ features mentioned**:
   - "C++20 brings us modules" - C++20 standard was finalized in 2020, but module implementation in compilers has been slow. The author says "I'm looking forward to actually being implemented fairly soon" - this suggests it's early 2020s when compiler support was still rolling out.
   - "C++26 will likely have stackful coroutines, the ability to embed binary file contents to initialize arrays, a safe range-based for loop" - These are features being discussed for C++26. The mention of C++26 suggests this is written before 2026 (obviously) but when C++26 was already being discussed. C++23 would have been the current/next standard at the time.
   - "Herb Sutter cppfront" - This was announced in October 2022 at CppCon.
   - "Carbon language" - Carbon was announced by Google in July 2022 at CppCon.

3. **Build systems**:
   - Mentions "CMake, Meson, Blaze" - Blaze is Google's internal build system, Bazel is the open-source version.
   - Mentions "DEC OSF/1 AXP" - This is a very old Unix system from the 1990s. The mention of it is sarcastic/ironic, as it's completely obsolete. This suggests the author is being facetious about C++'s "maturity" and support for ancient systems.

4. **Community aspects**:
   - Mentions "Zulip" - Zulip is a chat platform used by Rust community.
   - Mentions "Hacker News and /r/rust" - standard discussion platforms.
   - The description of Rust community as "imperious" and C++ subreddit as "well known for their sense of humor" is likely sarcastic, given the reputation of the C++ subreddit for being... particular.

5. **Key sarcastic/ironic elements**:
   - The entire tone seems satirical. The author claims they can avoid safety problems despite being "responsible for some CVEs". They say "If a GUI program crashes, it's not that big a deal" and "customers will understand that it's not our fault" - this is clearly not a serious argument.
   - The claim that C++ has "rapid adoption of new features" while Rust is "held back by its commitment to not break existing code" is the opposite of reality. Rust is known for stability, C++ is known for slow adoption and complexity.
   - The mention of "excellent leadership in the C++ community" with "Stroustrup's paper on safety" - Stroustrup has written about safety, but the idea that C++ is moving faster than Rust is backwards.
   - The comment about the C++ subreddit's "sense of humor" is likely sarcastic, as is the comment about the Rust community being "imperious."
   - The line about "programming languages should be free of politics, focused strictly on the technology itself" and "we have moved beyond prejudice and discrimination" is a red flag that this is satire, likely mocking anti-CoC sentiment.
   - The mention of DEC OSF/1 AXP is a huge tell - this is such an obscure, dead system that it's clearly a joke about C++'s obsession with backwards compatibility.

6. **Linebender project**:
   - Linebender is a real project - it's a Rust GUI toolkit initiative by Raph Levien and others. They are definitely NOT switching to C++.
   - The passage mentions "We haven't firmly decided on a build system for the Linebender projects yet" - the real Linebender uses Cargo.

7. **Carbon language**:
   - Announced July 2022 at CppCon. The author mentions it as a future exciting change.

8. **cppfront**:
   - Announced by Herb Sutter in October 2022.

9. **Overall tone**:
   - The entire piece reads as a satire of anti-Rust arguments. It takes common complaints about Rust and either inverts them or presents them in an absurd way.
   - The mention of "customers will understand" for memory safety bugs is absurd for any serious developer.
   - The claim that C++ is evolving faster than Rust is the opposite of reality.
   - The jab at diversity/CoC is a common trope in certain circles.

Given the specific mentions:
- Carbon language (July 2022)
- cppfront (October 2022)
- Generic associated types (stabilized Nov 2022, but being discussed earlier)
- The satirical nature of the post

The most likely timeframe is late 2022, after both Carbon and cppfront were announced, but before GATs were fully stabilized or widely seen as "old news."

Looking at the context, this appears to be a parody post. The style is reminiscent of a famous April Fool's Day post or a satirical piece. The specific combination of Carbon (July 2022) and cppfront (October 2022) being mentioned together suggests late 2022.

The mention of "generic associated types have more of the flavor of making combinations of existing features work as expected rather than bringing any fundamentally new capabilities" suggests they were recently stabilized but the author is downplaying them.

The real Linebender project is a Rust project, so this is definitely satire. The question is when this satirical piece was written.

Let me search my knowledge for this specific text... This looks like a parody that was posted on Reddit or a blog. The combination of elements (Carbon, cppfront, GATs, the specific sarcastic tone) points to late 2022.

The most likely date would be **April 1, 2023** or sometime in late 2022. However, the mention of "type alias impl trait" as "forthcoming" when it was partially stabilized in Rust 1.63 (August 2022) suggests it might be from around that time or slightly before.

Actually, let me reconsider. The text mentions "the forthcoming 'type alias impl trait'". The main TAIT feature (RFC 2515) was stabilized in Rust 1.63 in August 2022, but the more general version is still pending. The text might be from just before that.

The mention of Carbon (July 2022) and cppfront (October 2022) being known to the author suggests at least October 2022. The tone is very similar to April Fool's posts.

Given all the clues, I would guess this was written as an April Fool's Day post in 2023. The references are all from 2022, which would be fresh in people's minds, and April Fool's is a common time for such satirical posts.

Alternatively, it could be a satirical post from late 2022, perhaps around CppCon time (October-November).

Let me think about the specific timing:
- Carbon announced July 2022
- cppfront announced October 2022 at CppCon
- GATs stabilized November 2022
- The author mentions GATs as "recently landed" but TAIT as "forthcoming"

If GATs were "recently landed" but TAIT was still "forthcoming", this could be from late 2022, between November 2022 (when GATs landed) and before TAIT was fully stabilized (though it was partially stabilized in August 2022).

Wait, TAIT was stabilized in 1.63 (August 2022) but only for certain positions. The more general version is still unstable. So the author could be referring to the more general version.

The key is that this is almost certainly a satirical post. The date would be when these topics were all fresh and could be referenced together.

I think the most likely date is **April 1, 2023**. This would be:
- After all the 2022 announcements (Carbon, cppfront)
- When GATs were still considered "recent"
- When TAIT was still "forthcoming" in its full form
- When C++20 modules were still not widely implemented
- When C++26 was being discussed

The style is very much like an April Fool's Day blog post. The "Discuss on Hacker News and /r/rust" at the end is also a typical marker of such posts.

However, I should also consider if this could be from late 2022. The tone is more like a blog post than a Reddit post.

Actually, I recall seeing a similar satirical post. Let me think... This has the hallmarks of a Raph Levien blog post or a similar Rust community figure. The specific mention of Linebender makes it clear this is from someone familiar with the Rust GUI community.

Given the combination of:
1. Carbon (July 2022)
2. cppfront (October 2022)
3. GATs described as recently landed
4. The satirical tone about C++ vs Rust
5. The specific call-out of DEC OSF/1 AXP (which is absurd)
6. The anti-CoC dogwhistle (which is a common culture war topic)

I think this is most likely from **April 1, 2023**. The timing makes sense for an April Fool's post that references

