Okay, let's break down this bill section by section, starting with Sec. 70001.  I'm aiming for concise summaries as requested.

**Sec. 70001. References to the Internal Revenue Code of 1986, etc.**

This section clarifies that when the bill refers to amending or repealing a section of the tax code, it's referencing the Internal Revenue Code of 1986. It also states that any changes in tax rates made by this bill will not trigger the provisions of Section 15 of the Internal Revenue Code, which deals with rate adjustments. Essentially, it's a technical provision ensuring clarity and preventing unintended consequences related to rate changes.

**Sec. 70101. Extension and Enhancement of Reduced Rates.**

This section permanently extends the reduced individual income tax rates enacted in 2017, which were set to expire in 2025. It removes the expiration date and also adjusts the income brackets to account for inflation, ensuring the rates remain consistent with economic changes. The changes apply to taxable years beginning after December 31, 2025.

**Sec. 70102. Extension and Enhancement of Increased Standard Deduction.**

This section permanently extends the increased standard deduction amounts that were also enacted in 2017 and were set to expire in 2025. It also increases these amounts further, with different amounts for single filers ($23,625), married filing jointly ($47,250), and head of household. The changes apply to taxable years beginning after December 31, 2024.

**Sec. 70103. Termination of Deduction for Personal Exemptions other than temporary senior deduction.**

This section eliminates the personal exemption deduction, which was suspended in 2018, permanently. However, it creates a temporary senior deduction of $6,000 per qualified individual (age 65 or older) for taxpayers with modified adjusted gross income below $75,000 (single) or $150,000 (married filing jointly), phasing out at higher income levels. This senior deduction is set to expire at the end of 2028.

**Sec. 70104. Extension and Enhancement of Increased Child Tax Credit.**

This section permanently extends the increased Child Tax Credit (CTC) that was temporarily in effect. It increases the maximum credit amount to $2,200 per qualifying child and requires a Social Security number for eligibility. Inflation adjustments will also be applied to the credit amount going forward.

**Sec. 70105. Extension and Enhancement of Deduction for Qualified Business Income.**

This section makes the qualified business income (QBI) deduction permanent, which was previously set to expire. It increases the income thresholds for the phase-in range of the deduction (from $315,000 to $75,000 for single filers, and $630,000 to $150,000 for married filing jointly) and establishes a minimum deduction of $400 for active qualified business income.

**Sec. 70106. Extension and Enhancement of Increased Estate and Gift Tax Exemption Amounts.**

This section permanently extends and doubles the increased estate and gift tax exemption amounts, setting them at $15,000,000 per individual. This prevents the exemption from reverting to its pre-2018 levels. The changes apply to estates of decedents dying and gifts made after December 31, 2025.

**Sec. 70107. Extension of Increased Alternative Minimum Tax Exemption Amounts and Modification of Phaseout Thresholds.**

This section permanently extends the increased Alternative Minimum Tax (AMT) exemption amounts, which were set to expire. It also modifies the phaseout thresholds for these exemptions, ensuring that fewer taxpayers are subject to the AMT.

**Sec. 70108. Extension and Modification of Limitation on Deduction for Qualified Residence Interest.**

This section permanently extends the limitation on the deduction for qualified residence interest. It also modifies certain aspects of the rules, including treating mortgage insurance premiums as interest and clarifying rules related to qualified property.

**Sec. 70109. Extension and Modification of Limitation on Casualty Loss Deduction.**

This section permanently extends the limitation on casualty loss deductions, which was temporarily in effect. It also expands the definition of qualifying disasters to include State-declared disasters.

**Sec. 70110. Termination of Miscellaneous Itemized Deductions other than educator expenses.**

This section permanently eliminates the miscellaneous itemized deductions subject to the 2% AGI threshold, with the exception of educator expenses. This simplifies the tax code and reduces complexity for taxpayers.

**Sec. 70111. Limitation on Tax Benefit of Itemized Deductions.**

This section establishes a limitation on the tax benefit of itemized deductions, reducing the amount of itemized deductions that can be used to offset taxable income. The limitation is based on a taxpayer's taxable income and is designed to ensure that high-income taxpayers do not receive an excessive tax benefit from itemized deductions.

**Sec. 70112. Extension and Modification of Qualified Transportation Fringe Benefits.**

This section permanently extends and modifies the rules regarding qualified transportation fringe benefits, such as employer-provided transit passes and parking benefits. It removes certain restrictions and simplifies the rules.

**Sec. 70113. Extension and Modification of Limitation on Deduction and Exclusion for Moving Expenses.**

This section permanently extends the limitation on the deduction for moving expenses, with an exception for members of the intelligence community.

**Sec. 70114. Extension and Modification of Limitation on Wagering Losses.**

This section permanently establishes a limit on the amount of wagering losses that can be deducted, allowing taxpayers to deduct only 90% of their losses, up to the amount of their winnings.

**Sec. 70115. Extension and Enhancement of Increased Limitation on Contributions to ABLE Accounts.**

This section permanently extends and increases the annual contribution limit to ABLE (Achieving a Better Life Experience) accounts, which are tax-advantaged savings accounts for individuals with disabilities.

**Sec. 70116. Extension and Enhancement of Savers Credit Allowed for ABLE Contributions.**

This section extends and enhances the Saver's Credit, making it available for contributions to ABLE accounts.

**Sec. 70117. Extension of Rollovers from Qualified Tuition Programs to ABLE Accounts Permitted.**

This section permanently allows rollovers from 529 qualified tuition programs to ABLE accounts, providing greater flexibility for families saving for education and disability expenses.

**Sec. 70118. Extension of Treatment of Certain Individuals Performing Services in the Sinai Peninsula and Enhancement to Include Additional Areas.**

This section permanently extends tax benefits for individuals performing services in the Sinai Peninsula and expands the list of designated hazardous duty areas to include Kenya, Mali, Burkina Faso, and Chad.

**Sec. 70119. Extension and Modification of Exclusion from Gross Income of Student Loans Discharged on Account of Death or Disability.**

This section permanently extends the exclusion from gross income for student loans discharged due to death or disability.

**Sec. 70120. Limitation on Individual Deductions for Certain State and Local Taxes, etc.**

This section permanently limits the amount of state and local taxes (SALT) that individuals can deduct, capping the deduction at $10,000. It also introduces a phase-out based on modified adjusted gross income.

I'll continue with the remaining sections upon your request. Let me know if you'd like me to proceed! [end of text]


