**Sec. 70001** – References to the Internal Revenue Code of 1986, etc.  
This section clarifies that all references to sections of the Internal Revenue Code in this bill are to the 1986 version, unless otherwise stated. It also ensures that any changes in tax rates from this bill do not trigger the rules under Section 15 of the Code regarding rate changes.

**Sec. 70101** – Extension and enhancement of reduced rates.  
This section extends the reduced tax rates under Section 1(j) of the Internal Revenue Code beyond 2025, removing the previous expiration date. It also updates the inflation adjustments for tax brackets and applies to taxable years beginning after December 31, 2025.

**Sec. 70102** – Extension and enhancement of increased standard deduction.  
This section increases the standard deduction amounts for single and joint filers, setting them at $23,625 and $15,750 respectively, and extends these higher amounts beyond 2025. It also updates the inflation adjustments and applies to taxable years beginning after December 31, 2024.

**Sec. 70103** – Termination of deduction for personal exemptions other than temporary senior deduction.  
This section eliminates the personal exemption deduction for most taxpayers but retains a $6,000 senior deduction for individuals aged 65 or older, subject to income limits. It applies to taxable years beginning after December 31, 2024.

**Sec. 70104** – Extension and enhancement of increased child tax credit.  
This section raises the child tax credit to $2,200 and extends it beyond 2025. It also ties future increases to inflation and requires Social Security numbers for qualifying children, applying to taxable years beginning after December 31, 2024.

**Sec. 70105** – Extension and enhancement of deduction for qualified business income.  
This section raises the income thresholds for the qualified business income deduction to $75,000 for individuals and $150,000 for joint filers, and introduces a $400 minimum deduction for active business income. It applies to taxable years beginning after December 31, 2025.

**Sec. 70106** – Extension and enhancement of increased estate and gift tax exemption amounts.  
This section permanently raises the estate and gift tax exemption to $15 million, indexed for inflation after 2026, and removes the sunset clause that previously expired after 2025. It applies to estates of decedents dying and gifts made after December 31, 2025.

**Sec. 70107** – Extension of increased alternative minimum tax exemption amounts and modification of phaseout thresholds.  
This section permanently extends the higher AMT exemption amounts and modifies the phaseout thresholds to begin at higher income levels. It applies to taxable years beginning after December 31, 2025.

**Sec. 70108** – Extension and modification of limitation on deduction for qualified residence interest.  
This section removes the expiration date for the mortgage interest deduction and adds a new rule allowing the deduction of mortgage insurance premiums as interest. It applies to taxable years beginning after December 31, 2025.

**Sec. 70109** – Extension and modification of limitation on casualty loss deduction.  
This section extends the deduction for personal casualty losses and expands it to include losses from federally or state-declared disasters. It applies to taxable years beginning after December 31, 2025.

**Sec. 70110** – Termination of miscellaneous itemized deductions other than educator expenses.  
This section eliminates most miscellaneous itemized deductions, such as unreimbursed employee expenses, but retains the educator expense deduction. It applies to taxable years beginning after December 31, 2025.

**Sec. 70111** – Limitation on tax benefit of itemized deductions.  
This section reintroduces a limitation on the tax benefit of itemized deductions for high-income taxpayers, calculated as 2/37 of the lesser of total itemized deductions or the amount by which AGI exceeds the 37% bracket threshold. It applies to taxable years beginning after December 31, 2025.

**Sec. 70112** – Extension and modification of qualified transportation fringe benefits.  
This section removes the exclusion for qualified bicycle commuting reimbursements and modifies the rules for qualified transportation fringe benefits. It applies to taxable years beginning after December 31, 2025.

**Sec. 70113** – Extension and modification of limitation on deduction and exclusion for moving expenses.  
This section extends the deduction for moving expenses for members of the intelligence community and expands the exclusion for moving expenses to include such employees. It applies to taxable years beginning after December 31, 2025.

**Sec. 70114** – Extension and modification of limitation on wagering losses.  
This section limits wagering losses to 90% of winnings and allows deductions only to the extent of winnings. It applies to taxable years beginning after December 31, 2025.

**Sec. 70115** – Extension and enhancement of increased limitation on contributions to ABLE accounts.  
This section increases the annual contribution limit for ABLE accounts and ties future increases to inflation. It applies to contributions made after December 31, 2025.

**Sec. 70116** – Extension and enhancement of savers credit allowed for ABLE contributions.  
This section expands the saver’s credit to include ABLE account contributions and increases the maximum credit amount to $2,100. It applies to taxable years beginning after December 31, 2026.

**Sec. 70117** – Extension of rollovers from qualified tuition programs to ABLE accounts permitted.  
This section allows tax-free rollovers from 529 plans to ABLE accounts, provided the beneficiary is the same. It applies to taxable years beginning after December 31, 2025.

**Sec. 70118** – Extension of treatment of certain individuals performing services in the Sinai Peninsula and enhancement to include additional areas.  
This section makes permanent the tax benefits for U.S. military personnel serving in the Sinai Peninsula and expands the list of qualifying hazardous duty areas to include Kenya, Mali, Burkina Faso, and Chad. It applies to taxable years beginning after December 31, 2025.

**Sec. 70119** – Extension and modification of exclusion from gross income of student loans discharged on account of death or disability.  
This section makes permanent the exclusion from gross income for student loan forgiveness due to death or total and permanent disability, and requires Social Security numbers for claims. It applies to discharges after December 31, 2025.

**Sec. 70120** – Limitation on individual deductions for certain state and local taxes, etc.  
This section permanently caps the deduction for state and local taxes at $10,000, with inflation adjustments after 2026, and ties the cap to modified adjusted gross income. It applies to taxable years beginning after December 31, 2024.

**Sec. 70201** – No tax on tips.  
This section allows a deduction for qualified tips received by service employees, up to $25,000 for individuals and $50,000 for joint filers, subject to income limits. It applies to taxable years beginning after December 31, 2024.

**Sec. 70202** – No tax on overtime.  
This section allows a deduction for qualified overtime pay, up to $12,500 for individuals and $25,000 for joint filers, subject to income limits. It applies to taxable years beginning after December 31, 2024.

**Sec. 70203** – No tax on car loan interest.  
This section temporarily allows a deduction for interest on loans used to purchase passenger vehicles for personal use, up to $10,000, subject to income limits. It applies to taxable years beginning after December 31, 2024.

**Sec. 70204** – Trump accounts and contribution pilot program.  
This section creates a new type of retirement account called a “Trump account,” allowing contributions for children under 18, with limits and rules similar to IRAs. It also establishes a pilot program providing $1,000 contributions to eligible children, funded by the Treasury. [end of text]


