<seed:think>
Got it, let's tackle this. The user wants summaries for each section from 70401 onwards, concise, specific, with parties/entities/quantities. First, I need to go through each section provided and extract the key points without extra fluff.

Starting with Sec. 70401: Enhancement of Employer-Provided Child Care Credit. The main points are increasing the credit percentage (25% to 40%, 50% for eligible small businesses), raising the dollar limit ($500k/$600k for small businesses, indexed for inflation), defining eligible small businesses as those meeting the 5-year gross receipts test (expanded from 3-year), allowing third-party intermediaries, permitting joint ownership of facilities, and effective date 2026.

Sec. 70402: Adoption Credit. Makes $5k of the credit refundable, adjusts inflation indexing (uses 2024 base instead of 2001 for the refundable part), excludes the refundable portion from carryforwards, effective 2025.

Sec. 70403: Indian Tribal Governments in Adoption Credit. Includes Indian tribal governments in determining if a child has special needs for the adoption credit, effective 2025.

Sec. 70404: Dependent Care Assistance Program. Increases the annual exclusion from $5k/$2.5k to $7.5k/$3.75k for employee-dependent care assistance, effective 2026.

Sec. 70405: Child and Dependent Care Tax Credit. Changes the applicable percentage: 50% reduced by 1% per $2k AGI over $15k (not below 35%), then further reduced by 1% per $2k/$4k (joint) over $75k/$150k (not below 20%), effective 2026.

Sec. 70411: Tax Credit for Scholarship Contributions. Creates a $1.7k non-refundable credit for individuals contributing to scholarship granting organizations (SGOs) in covered states; SGOs must serve low-income students (≤300% area median income), spend ≥90% on scholarships, etc.; excludes double-dipping with charitable deductions, carryforward 5 years, effective 2027.

Sec. 70412: Employer Student Loan Payments. Makes permanent (removes 2026 sunset) the exclusion of up to $5.25k (indexed for inflation) of employer-paid student loans from employee income, effective 2026.

Sec. 70413: 529 Account Expenses. Adds K-12 expenses (tuition, curriculum, books, online materials, tutoring by licensed teachers/subject experts, standardized tests, dual enrollment, special education therapies) to 529 qualified expenses; raises the $10k annual limit to $20k, effective 2026/distributions post-enactment.

Sec. 70414: 529 Postsecondary Credentialing. Expands 529 to include qualified postsecondary credentialing expenses (tuition, fees, testing for industry-recognized credentials/apprenticeships/licenses); defines eligible credentials (e.g., Institute for Credentialing Excellence, apprenticeships), effective post-enactment.

Sec. 70415: Private College Excise Tax. Rewrites the excise tax on private college endowments: tiers based on "student adjusted endowment" (endowment/assets divided by students) – 1.4% ($500k-$750k/student), 4% ($750k-$2M/student), 8% (> $2M/student); includes related organizations' assets; requires reporting student counts, effective 2026.

Sec. 70416: Excess Compensation Tax for Tax-Exempts. Expands the "covered employee" definition for the excess compensation tax to include all employees of tax-exempt organizations since 2017 (not just post-2016), effective 2026.

Sec. 70421: Opportunity Zones Permanent. Makes OZ permanent with decennial redesignations (every 10 years starting 2026); uses 70%/125% median income/poverty for designation; adds 10%/30% basis increase for rural OZ funds held ≥5 years; requires info reporting from funds/businesses; $15M IRS appropriation for annual reports, effective 2027/investments post-2026.

Sec. 70422: Low-Income Housing Tax Credit (LIHTC). Permanently increases state LIHTC ceilings by 1.2% (from 1.125%); modifies tax-exempt bond rules (50% or 25%+5% bond financing), effective 2026.

Sec. 70423: New Markets Tax Credit (NMTC). Makes NMTC permanent; limits carryover to 5 years (with pre-2026 excesses treated as 2025), effective 2026.

Sec. 70424: Charitable Deduction for Nonitemizers. Raises the nonitemized charitable deduction from $300/$600 to $1k/$2k permanently, effective 2026.

Sec. 70425: Individual Charitable Contribution Floor. Imposes a 0.5% of contribution base floor on non-preferred charitable deductions (applied in order: D→C→B→E→A→G); adjusts carryforward rules, effective 2026.

Sec. 70426: Corporate Charitable Floor. Changes corporate deduction from 10% of taxable income (no floor) to 1% floor and 10% cap; carryover 5 years, includes 1% disallowances, effective 2026.

Sec. 70427: Distilled Spirits Cover-Over Tax. Permanently increases the cover-over limit to $13.25 per proof gallon, effective 2026.

Sec. 70428: Remote Native Villages Community Development. Treats Bering Sea/Aleutian Islands fishery activities by Magnuson-Stevens entities as related to tax-exempt purposes; tax-free transfers of subsidiary assets within 18 months, effective upon enactment (during western AK CDQ program).

Sec. 70429: Native Alaskan Subsistence Whaling Deduction. Raises the $10k deduction limit for whaling expenses to $50k, effective 2026.

Sec. 70430: Residential Construction Accounting Exception. Expands the percentage-of-completion exception to "residential construction contracts" (3-year instead of 2-year for non-home contracts); applies to AMT, effective post-enactment.

Sec. 70431: Qualified Small Business Stock (QSBS) Exclusion. Expands exclusion: 50% for pre-applicable-date stock (held >5y), tiered 50%/75%/100% for post-date stock (held 3+/4+/5+y); raises per-issuer limit to $10M/$15M (indexed); increases gross asset limit to $75M (indexed), effective post-enactment.

Sec. 70432: De Minimis Third-Party Transactions. Repeals ARPA changes: third-party settlement org reporting threshold remains $20k and 200 transactions; backup withholding applies only if prior year transactions were reportable, effective 2025/ARPA reinstatement.

Sec. 70433: Information Reporting Threshold. Raises 1099-K threshold from $600 to $2k (indexed); applies to backup withholding and 6041A, effective 2026.

Sec. 70434: Sound Recording Production Expensing. Allows $150k/year expensing of qualified sound recording productions under §181; includes in bonus depreciation, effective post-enactment.

Sec. 70435: Rural/Agricultural Loan Interest Exclusion. Excludes 25% of interest income from qualified lenders on rural/agricultural real estate loans from gross income; coordinates with §265, effective post-enactment.

Sec. 70436: Firearm Transfer/Manufacturing Taxes. Eliminates tax on most firearms (keeps $200 for machineguns/destructive devices), effective >90 days post-enactment.

Sec. 70437: Farmland Sale Installment Tax. Allows election to pay tax on qualified farmland sales to qualified farmers in 4 installments; defines qualified farmland (10-year farming use, 10-year conservation covenant), effective post-enactment.

Sec. 70438: Disaster Casualty Losses. Extends TCJA disaster loss rules (§304(b) of Taxpayer Certainty Act) by substituting enactment date, effective ongoing.

Sec. 70439: Taxable REIT Subsidiary (TRS) Asset Test. Restores TRS asset test to 25% (from lower), effective 2026.

Need to ensure each is 1-4 sentences, specific, includes parties/quantities, effective dates. Avoid jargon where possible but keep key terms. Check that all significant details are included (e.g., percentages, dollar amounts, effective dates, entity definitions).</seed:think>### Sec. 70401: Enhancement of Employer-Provided Child Care Credit  
Increases the employer child care credit from 25% to 40% of qualified expenses (50% for eligible small businesses, defined as those meeting a 5-year gross receipts test, up from 3-year); raises the maximum credit to $500,000 ($600,000 for small businesses), indexed for inflation after 2026; allows third-party intermediaries and joint ownership of facilities; effective for expenses paid after 2025.  


### Sec. 70402: Enhancement of Adoption Credit  
Makes $5,000 of the adoption credit refundable; adjusts inflation indexing for the refundable portion to use a 2024 base year (vs. 2001); excludes the refundable portion from credit carryforwards; applies to taxable years beginning after 2024.  


### Sec. 70403: Recognizing Indian Tribal Governments for Adoption Credit  
Includes Indian tribal governments (along with states) in determining if a child has special needs for adoption credit eligibility; effective for taxable years beginning after 2024.  


### Sec. 70404: Enhancement of the Dependent Care Assistance Program  
Raises the annual exclusion for employer-provided dependent care assistance from $5,000/$2,500 (single/joint) to $7,500/$3,750; applies to taxable years beginning after 2025.  


### Sec. 70405: Enhancement of Child and Dependent Care Tax Credit  
Revises the credit’s applicable percentage: 50% initially, reduced by 1 percentage point per $2,000 of AGI over $15,000 (not below 35%), then further reduced by 1 percentage point per $2,000/$4,000 (single/joint) over $75,000/$150,000 (not below 20%); effective for taxable years beginning after 2025.  


### Sec. 70411: Tax Credit for Contributions to Scholarship Granting Organizations  
Creates a $1,700 non-refundable credit for individuals contributing to scholarship granting organizations (SGOs) in “covered states”; SGOs must serve low-income students (≤300% area median income), spend ≥90% of income on scholarships, and avoid self-dealing; excludes double-dipping with charitable deductions; allows 5-year carryforwards; effective for taxable years ending after 2026.  


### Sec. 70412: Exclusion for Employer Payments of Student Loans  
Makes permanent (removes the 2026 sunset) the exclusion of up to $5,250 (indexed for inflation) of employer-paid student loan payments from employees’ taxable income; effective for payments made after 2025.  


### Sec. 70413: Additional Expenses for 529 Accounts  
Expands 529 account qualified expenses to include K-12 costs (tuition, curriculum, books, online materials, licensed tutoring, standardized tests, dual enrollment, special education therapies); raises the annual $10,000 limit on K-12 distributions to $20,000; effective for distributions/post-enactment (2026 for the limit increase).  


### Sec. 70414: Postsecondary Credentialing Expenses for 529 Accounts  
Adds qualified postsecondary credentialing expenses (tuition, fees, testing for industry-recognized credentials/apprenticeships/licenses) to 529 accounts; eligible credentials include those from accredited bodies (e.g., Institute for Credentialing Excellence, apprenticeships); effective for distributions post-enactment.  


### Sec. 70415: Modification of Excise Tax on Private College Endowments  
Rewrites the excise tax on private colleges: tiers based on “student adjusted endowment” (endowment/assets ÷ students)—1.4% ($500k–$750k/student), 4% ($750k–$2M/student), 8% (> $2M/student); includes related organizations’ assets; requires reporting student counts; effective for taxable years beginning after 2025.  


### Sec. 70416: Expanding Excess Compensation Tax for Tax-Exempt Organizations  
Expands the “covered employee” definition for the excess compensation tax to include all employees of tax-exempt organizations since 2017 (not just post-2016); effective for taxable years beginning after 2025.  


### Sec. 70421: Permanent Renewal of Opportunity Zones  
Makes Opportunity Zones (OZs) permanent with decennial redesignations (starting 2026); uses 70%/125% median income/poverty for designation; adds 10%/30% basis increase for rural OZ funds held ≥5 years; requires info reporting from funds/businesses; appropriates $15M for IRS annual reports; effective for investments post-2026.  


### Sec. 70422: Permanent Enhancement of Low-Income Housing Tax Credit (LIHTC)  
Permanently increases state LIHTC ceilings by 1.2% (from 1.125%); modifies tax-exempt bond rules (50% or 25%+5% bond financing for LIHTC buildings); effective for buildings placed in service after 2025.  


### Sec. 70423: Permanent Extension of New Markets Tax Credit (NMTC)  
Makes NMTC permanent; limits carryover of unused credits to 5 years (with pre-2026 excesses treated as 2025); effective for calendar years after 2025.  


### Sec. 70424: Charitable Deduction for Nonitemizers  
Raises the nonitemized charitable deduction from $300/$600 to $1,000/$2,000 permanently; effective for taxable years beginning after 2025.  


### Sec. 70425: 0.5% Floor on Individual Charitable Deductions  
Imposes a 0.5% of “contribution base” floor on non-preferred charitable deductions (applied in order: D→C→B→E→A→G); adjusts carryforward rules to include disallowed floor amounts; effective for taxable years beginning after 2025.  


### Sec. 70426: 1% Floor on Corporate Charitable Deductions  
Changes corporate charitable deductions from a 10% cap (no floor) to a 1% floor and 10% cap; allows 5-year carryforwards of disallowed amounts (including 1% floor); effective for taxable years beginning after 2025.  


### Sec. 70427: Increase in Distilled Spirits Cover-Over Tax  
Permanently raises the cover-over limit for distilled spirits taxes from an unspecified amount to $13.25 per proof gallon; effective for spirits imported after 2025.  


### Sec. 70428: Nonprofit Community Development in Remote Native Villages  
Treats Bering Sea/Aleutian Islands fishery activities by Magnuson-Stevens entities as related to tax-exempt purposes; allows tax-free transfers of subsidiary assets to parent entities within 18 months; effective upon enactment (during the western AK community development quota program).  


### Sec. 70429: Adjustment for Native Alaskan Subsistence Whaling Deduction  
Raises the $10,000 deduction limit for expenses supporting Native Alaskan subsistence whaling to $50,000; effective for taxable years beginning after 2025.  


### Sec. 70430: Exception for Residential Construction Accounting  
Expands the percentage-of-completion method exception to “residential construction contracts” (3-year threshold, up from 2-year for non-home contracts); applies to alternative minimum tax (AMT); effective for contracts entered into post-enactment.  


### Sec. 70431: Expansion of Qualified Small Business Stock (QSBS) Exclusion  
Increases QSBS exclusion: 50% for pre-enactment stock (held >5 years), tiered 50%/75%/100% for post-enactment stock (held 3+/4+/5+ years); raises per-issuer limit to $10M/$15M (indexed); increases gross asset limit to $75M (indexed); effective for taxable years/post-enactment.  


### Sec. 70432: Repeal of De Minimis Third-Party Transaction Rules  
Reinstates pre-ARPA de minimis thresholds for third-party settlement organizations: report only if transactions exceed $20,000 or 200 transactions; backup withholding applies only if prior-year transactions were reportable; effective 2025 (retroactive to ARPA).  


### Sec. 70433: Increase in Information Reporting Threshold  
Raises the 1099-K threshold from $600 to $2,000 (indexed for inflation); applies to backup withholding and 6041A reporting; effective for payments made after 2025.  


### Sec. 70434: Treatment of Sound Recording Productions  
Allows $150,000 annual expensing of qualified sound recording productions under §181; includes sound recordings in bonus depreciation; effective for productions commencing post-enactment.  


### Sec. 70435: Exclusion of Rural/Agricultural Loan Interest  
Excludes 25% of interest income from qualified lenders (banks, insurers, Farm Credit System) on rural/agricultural real estate loans from gross income; coordinates with §265 to limit related deductions; effective for taxable years ending post-enactment.  


### Sec. 70436: Reduction of Firearm Transfer/Manufacturing Taxes  
Eliminates tax on most firearms (keeps $200 tax for machineguns/destructive devices); effective for calendar quarters >90 days post-enactment.  


### Sec. 70437: Installment Tax for Farmland Sales  
Allows election to pay tax on qualified farmland sales to “qualified farmers” in 4 equal installments; requires 10-year farming use and conservation covenants; effective for sales post-enactment.  


### Sec. 70438: Extension of Disaster Casualty Loss Rules  
Extends TCJA disaster loss rules (§304(b) of the 2020 Taxpayer Certainty Act) by substituting the bill’s enactment date; effective ongoing.  


### Sec. 70439: Restoration of Taxable REIT Subsidiary (TRS) Asset Test  
Restores the TRS asset test to 25% (from a lower threshold); effective for taxable years beginning after 2025. [end of text]


