Based on the text of the **Protection of Critical Infrastructures (Computer Systems) Bill (C2885)**, here are the answers to your questions:

### Question A: Summary, Purpose, and Major Themes

**Summary:**
This Bill establishes a comprehensive regulatory framework to protect the computer systems of Hong Kong's critical infrastructures. It creates a new office, the **Commissioner of Critical Infrastructure (Computer-system Security)**, and designates specific authorities to oversee different sectors. The legislation empowers these authorities to identify critical infrastructures, designate operators, and enforce strict security obligations. It also grants significant investigative and intervention powers to the Commissioner to respond to security threats and incidents.

**Purpose:**
The primary purposes are:
1.  To protect the security of computer systems belonging to Hong Kong's critical infrastructures.
2.  To regulate the operators of such infrastructures (CI Operators).
3.  To provide a legal framework for investigating and responding to computer-system security threats and incidents.

**Major Themes:**
*   **Mandatory Security Governance:** CI Operators must establish internal security units, maintain plans, conduct regular risk assessments, and undergo independent audits.
*   **Proactive Reporting:** Operators are legally required to report material changes to systems and security incidents within strict timeframes (e.g., 12 hours for critical disruptions).
*   **Regulatory Oversight & Enforcement:** The Commissioner and designated authorities have broad powers to issue directions, demand information, conduct inquiries, and enter premises (with warrants) to investigate threats.
*   **Sector-Specific Regulation:** Different sectors (Energy, Banking, Transport, etc.) are regulated by specific designated authorities (e.g., Monetary Authority for banking), while the Commissioner oversees others.
*   **Incident Response:** A structured approach to handling incidents, including drills, emergency response plans, and immediate notification protocols.

---

### Question B: Impact, Familiarity, and Concern

**Who does this legislation possibly impact?**
*   **CI Operators:** Organizations designated as operators of critical infrastructures in sectors such as Energy, Information Technology, Banking, Air/Land/Maritime Transport, Healthcare, and Telecommunications.
*   **Critical Infrastructure Owners:** Entities that own or control infrastructure essential to Hong Kong's societal or economic activities, even if not yet designated, as they may be subject to information requests.
*   **Service Providers:** Third-party vendors or suppliers providing computer-related services to CI Operators, as operators must manage contracts to ensure compliance.
*   **Authorized Officers & Regulating Authorities:** Government officials and designated authority staff who will enforce the law.

**Who needs to be familiar with this legislation?**
*   **C-Suite Executives & Board Members:** CEOs, CIOs, CISOs, and Directors of companies in the specified sectors.
*   **Legal & Compliance Teams:** Lawyers and compliance officers responsible for regulatory adherence.
*   **IT Security Professionals:** Staff responsible for implementing security management plans, risk assessments, and audits.
*   **Regulatory Bodies:** The Monetary Authority, Communications Authority, and other designated authorities.

**Who should be concerned?**
*   **Any organization operating in the 8 specified sectors** (Energy, IT, Banking, Transport, Healthcare, Telecom) that controls essential services.
*   **Organizations that may be designated as CI Operators** due to the sensitivity of their data or the criticality of their core functions.
*   **Suppliers** to these organizations, as their failure to meet security standards could lead to the operator's non-compliance.

---

### Question C: New Obligations and New Rights/Powers

#### **New Obligations (Imposed on CI Operators)**
1.  **Organizational Obligations (Category 1):**
    *   Maintain an office in Hong Kong for service of notices (Clause 19).
    *   Notify the authority of any change in the operator organization (Clause 20).
    *   Set up and maintain a **Computer-System Security Management Unit** and appoint a supervisor with adequate knowledge (Clause 21).
2.  **Prevention Obligations (Category 2):**
    *   Notify the authority of **material changes** to critical computer systems within 1 month (Clause 22).
    *   Submit and implement a **Computer-System Security Management Plan** within 3 months of designation (Clause 23).
    *   Conduct **Computer-System Security Risk Assessments** annually (first within 12 months, then every 12 months) and submit reports (Clause 24).
    *   Arrange for independent **Computer-System Security Audits** every 24 months (first within 24 months) and submit reports (Clause 25).
3.  **Incident Response Obligations (Category 3):**
    *   Participate in **security drills** if required by the Commissioner (Clause 26).
    *   Submit and implement an **Emergency Response Plan** within 3 months of designation (Clause 27).
    *   **Notify security incidents** to the Commissioner:
        *   Within 12 hours if the core function is disrupted.
        *   Within 48 hours in other cases (Clause 28).
        *   Submit written records and detailed reports within specified timeframes (Schedule 6).

#### **New Rights/Powers (Granted to Regulating Authorities/Commissioner)**
1.  **Designation Powers:**
    *   Ascertain critical infrastructures and designate CI Operators and Critical Computer Systems (Clauses 11, 12, 13).
2.  **Information Gathering:**
    *   Require organizations to provide information for ascertaining infrastructure status, designation, or compliance (Clauses 14–17).
3.  **Direction & Enforcement:**
    *   Issue written **directions** to operators to rectify non-compliance or defective compliance (Clause 7).
    *   Issue **Codes of Practice** providing guidance on compliance (Clause 8).
4.  **Investigative Powers (Early Intervention & Investigations):**
    *   Direct inquiries to identify threats/incidents (Clause 29).
    *   Require production of documents, explanations, and attendance of representatives (Clauses 30, 35).
    *   **Enter premises** with a Magistrate's warrant (Clauses 31, 38) or without a warrant in emergencies (Clause 40).
    *   **Impose requirements** on organizations other than the investigated operator (e.g., to preserve system state, monitor, or scan) via warrant (Clauses 37, 38).
    *   Direct remedial measures, such as stopping the use of a system or performing scans (Clause 36).
5.  **Exemption Powers:**
    *   Exempt CI Operators from obligations if it is in the public interest (Clause 55).

---

### Question D: Liabilities Introduced

The Bill introduces **Criminal Liabilities** (fines and imprisonment) and **Civil Immunity** (protection from liability). There are no new civil liabilities imposed *on* the operators for the act of compliance itself, but rather criminal penalties for non-compliance.

#### **1. Criminal Liabilities (Fines and Imprisonment)**

| Offense / Condition | Who Commits Offense | Penalty (Summary Conviction) | Penalty (Conviction on Indictment) | Relevant Clause |
| :--- | :--- | :--- | :--- | :--- |
| **Failure to comply with a Direction** (Section 7) | CI Operator | Fine of **$3,000,000** + $60,000/day (continuing) | Fine of **$5,000,000** + $100,000/day (continuing) | Clause 7(9) |
| **Failure to provide Information** (Sections 14, 15, 16, 17) | Organization (if CI Operator) | Fine of **$3,000,000** + $60,000/day | Fine of **$5,000,000** + $100,000/day | Clause 18(2)(a) |
| **Failure to provide Information** (Sections 14, 15, 16, 17) | Organization (if NOT CI Operator) | Fine of **$300,000** + $30,000/day | Fine of **$500,000** + $50,000/day | Clause 18(2)(b) |
| **Failure to maintain Office in HK** (Section 19) | CI Operator | Fine of **$300,000** + $30,000/day | Fine of **$500,000** + $50,000/day | Clause 19(5) |
| **Failure to notify Operator Changes** (Section 20) | CI Operator | Fine of **$3,000,000** + $60,000/day | Fine of **$5,000,000** + $100,000/day | Clause 20(3) |
| **Failure to notify Appointment of Security Unit Supervisor** (Section 21) | CI Operator | Fine of **$300,000** + $30,000/day | Fine of **$500,000** + $50,000/day | Clause 21(8) |
| **Failure to notify Material Changes** (Section 22) | CI Operator | Fine of **$300,000** + $30,000/day | Fine of **$500,000** + $50,000/day | Clause 22(5) |
| **Failure to submit/revise Security Management Plan** (Section 23) | CI Operator | Fine of **$300,000** + $30,000/day | Fine of **$500,000** + $50,000/day | Clause 23(8) |
| **Failure to conduct Risk Assessment** (Section 24) | CI Operator | Fine of **$300,000** + $30,000/day | Fine of **$500,000** + $50,000/day | Clause 24(9) |
| **Failure to arrange Security Audit** (Section 25) | CI Operator | Fine of **$300,000** + $30,000/day | Fine of **$500,000** + $50,000/day | Clause 25(11) |
| **Failure to participate in Security Drill** (Section 26) | CI Operator | Fine of **$3,000,000** (One-off) | Fine of **$5,000,000** (One-off) | Clause 26(4) |
| **Failure to submit/revise Emergency Response Plan** (Section 27) | CI Operator | Fine of **$300,000** + $30,000/day | Fine of **$500,000** + $50,000/day | Clause 27(8) |
| **Failure to notify Security Incidents** (Section 28) | CI Operator | Fine of **$3,000,000** (One-off) | Fine of **$5,000,000** (One-off) | Clause 28(6) |
| **Failure to comply with Specified Requirements** (Early Intervention/Investigation) | Organization | Fine of **$300,000** (One-off) | Fine of **$500,000** (One-off) | Clause 42(3) |
| **Failure to comply with Investigation Requirements** (Section 43) | Organization | Fine of **$300,000** (One-off) | Fine of **$500,000** (One-off) | Clause 45(3) |
| **Breach of Secrecy** (Section 57) | Specified Person (Official/Officer) | Fine at **Level 6** + **6 months** imprisonment | Fine of **$1,000,000** + **2 years** imprisonment | Clause 58(3) |

*Note: "Summary Conviction" refers to trials in the Magistrates' Courts; "Conviction on Indictment" refers to trials in the District or High Court.*

#### **2. Civil Liabilities / Immunity**

*   **Immunity from Civil Liability:**
    *   **Condition:** A person complies with a direction or requirement imposed by the Ordinance, OR acts in good faith in the performance of functions under the Ordinance.
    *   **Effect:** The person does **not** incur civil liability (contract, tort, defamation, equity, etc.) for that act or omission.
    *   **Clause:** Clause 60.
    *   **Exception:** This immunity does not affect the liability of the Government for the act or omission.

*   **No Civil Liability for Code of Practice Breach:**
    *   **Condition:** An organization fails to observe a provision of a Code of Practice.
    *   **Effect:** This failure **does not** by itself make the organization liable to civil or criminal proceedings. (However, it can be used as evidence in legal proceedings).
    *   **Clause:** Clause 9(1).

#### **3. Conditions for Liability Defenses**
*   **Due Diligence Defense:** A defendant may be acquitted if they can prove the offense was due to a cause beyond their control and they took all reasonable precautions and exercised due diligence (Clause 65).
*   **Reasonable Excuse:** A "reasonable excuse" is a valid defense for offenses where the provision explicitly references it (Clause 66).
*   **Self-Incrimination:** While failing to comply with investigation requirements is an offense, the evidence provided during such compliance is generally **not admissible** in criminal proceedings against the person (except for specific offenses like perjury or obstruction), protecting them from self-incrimination (Clauses 41, 44). [end of text]


