Okay, let's break down the *Manulife (International) Ltd v. Chong Wai Ling* case.

**1. Summary of Facts**

Chong Wai Ling (the Defendant) was recruited as a unit manager/insurance advisor by Manulife (International) Ltd (the Plaintiff). As part of her recruitment, she signed three documents: an Offer Letter, a Career Agent’s Agreement (CAA), and a Producer Loan Agreement (PLA). These documents outlined a "join-in incentive bonus" (a HK$242,000 upfront payment) and a monthly allowance (HK$37,000 for two years, totaling HK$888,000). The total amount of these incentives was HK$1,130,000, offset by commissions and bonuses payable to Chong, resulting in a net loan of HK$975,355.56.

Chong resigned from Manulife in 2015. Manulife then demanded repayment of the loan, leading to a lawsuit. Chong claimed she signed the documents based on representations made by a Manulife employee, Ray Fok, who allegedly didn't disclose that the incentives were loans requiring repayment. She initiated third-party proceedings against Ray Fok, alleging negligent/fraudulent misrepresentation.  The District Court granted Manulife summary judgment, ordering Chong to repay the loan. Chong appealed, but the appeal was initially refused, and she then sought leave to appeal to the Court of Appeal.

**2. Summary of Arguments**

*   **Defendant (Chong Wai Ling):**
    *   **No Intention to Contract:** She argued that she only relied on an oral agreement with Ray Fok and that the CAA and PLA were merely administrative documents with no intention to create a legally binding contract.
    *   **Penalty Clause:** She contended that Clause 5.2 of the PLA, which required repayment of the loan upon termination of the CAA, constituted an unenforceable penalty clause.
    *   **Misrepresentation:** She claimed she signed the documents based on Ray Fok’s misleading representations about the nature of the incentives. (This was primarily pursued in her third-party proceedings against Ray.)

*   **Plaintiff (Manulife):**
    *   **Binding Contract:** Manulife asserted that the Offer Letter, CAA, and PLA constituted a valid and binding contract. It was implausible that a multinational insurance company would recruit agents solely on oral agreements.
    *   **No Penalty Clause:** Manulife argued that Clause 5.2 of the PLA was a contractual obligation for repayment, not a penalty, as it applied to the primary obligation of repaying the loan and wasn't triggered by a breach of contract.
    *   **Fulfillment of Contractual Obligations:** Manulife pointed out that Chong consistently met and exceeded the business volume targets outlined in the documents, demonstrating her acknowledgement of the contractual terms.

**3. Legal Principles (Ratio Decidendi)**

The Court of Appeal’s decision hinges on several key legal principles, particularly concerning contractual intention, penalty clauses, and the weight of documentary evidence versus oral representations.

*   **Contractual Intention & Objective Test:** The Court firmly upheld the objective test for determining contractual intention. It is not what the parties *subjectively* intended, but what a reasonable person would conclude based on their words and conduct. The Court found it "wholly incredible" that a multinational insurance company would recruit agents solely on an oral agreement, especially when core terms were documented in the CAA and PLA. This strongly suggests a clear intention to create a legally binding contract. The Court emphasized that Chong's acknowledgement of meeting business volume targets further supported the conclusion that she understood and accepted the contractual obligations.
*   **Penalty Clauses:** The Court reiterated the established principle that a clause is a penalty clause if it imposes an exorbitant charge for a breach of contract that is disproportionate to the damage suffered. However, the Court clarified that a clause imposing an obligation to repay a loan *is not* a penalty clause if it is a primary obligation under the contract. In this case, Clause 5.2 of the PLA was deemed a contractual obligation for repayment, not a penalty, because it was triggered by termination of the CAA (regardless of reason) and was explicitly linked to the loan agreement. The Court noted that Manulife was simply seeking to recover the money it had advanced to Chong, as stipulated in the PLA. The absence of any allegation of breach by Manulife further supported this conclusion.
*   **Weight of Documentary Evidence:** The Court placed significant weight on the written contractual documents (Offer Letter, CAA, and PLA). It held that Chong's attempts to argue that these documents were merely administrative formalities were unconvincing, particularly given her actions and conduct consistent with fulfilling the obligations outlined within them. The Court emphasized that when challenging the factual findings of a lower court, the appellant (Chong) must demonstrate that the judge misunderstood the evidence, overlooked crucial evidence, or reached an illogical conclusion. Chong failed to meet this burden.
*   **Summary Judgment Standard:** The Court reiterated the standard for granting summary judgment: the court must be satisfied that there is no genuine dispute of material fact and that the party seeking judgment is likely to succeed at trial. The Court found that Chong’s arguments did not present a genuine dispute of material fact, as the evidence overwhelmingly supported the existence of a binding contract.
*   **Third-Party Proceedings & Misrepresentation:** While Chong raised the issue of Ray Fok’s alleged misrepresentations, the Court did not directly address the merits of this claim. The focus remained on the validity of the contract itself. The Court’s rejection of Chong’s arguments regarding contractual intention effectively undermined her reliance on the misrepresentation claim, as it suggested she willingly entered into the agreement regardless of Ray’s statements.



**4. Striking, Unusual, or Remarkable Aspects**

Several aspects of this case are noteworthy:

*   **The Court's Strong Rejection of the "Administrative Document" Argument:** The Court's emphatic dismissal of Chong's claim that the CAA and PLA were merely administrative formalities is striking. It highlights the importance of written contracts and the difficulty of overturning a clear contractual agreement based on a subjective belief that it wasn't intended to be legally binding. The Court's language ("wholly incredible") underscores the unpersuasiveness of this argument.
*   **The Focus on Business Volume Fulfillment:** The Court's emphasis on Chong's consistent achievement of business volume targets is a clever point. It effectively demonstrated that she was acting as if she was bound by the contractual terms, undermining her claim that she didn't intend to be bound.
*   **The Third-Party Proceedings' Limited Impact:** The fact that Chong initiated third-party proceedings against Ray Fok, but the Court largely disregarded this aspect of the case, is interesting. It suggests that the primary issue was the validity of the contract itself, rather than the specific actions of Ray Fok. This highlights the principle that a contract can be valid even if it was induced by misrepresentation (though the remedy for misrepresentation would be a separate action).
*   **The Court's Swift Disposal of the Appeal:** The Court’s decision to dispose of the appeal on paper, without an oral hearing, demonstrates a high degree of confidence in the District Court’s judgment and the lack of merit in Chong’s arguments. This is a relatively efficient approach to appellate proceedings. [end of text]


