### 1. Brief Summary of Facts

The plaintiff, Manulife (International) Ltd, sued the defendant, Chong Wai Ling ("the defendant"), a former insurance agent, for repayment of a loan of HK$975,355.56. The loan consisted of:
- An upfront "join-in incentive bonus" of HK$242,000
- A monthly allowance of HK$37,000 for two years (total HK$888,000)

The total loan amount was HK$1,130,000, which was offset against commissions and bonuses owed to the defendant, resulting in the claimed sum.

The defendant had signed three key documents on 8 October 2012:
1. Offer Letter offering her the position of unit manager
2. Career Agent's Agreement (CAA)
3. Producer Loan Agreement (PLA)

She began work on 25 October 2012 and resigned on 29 June 2015, after less than three years. The plaintiff terminated the CAA on 22 July 2015 and demanded repayment of the loan. The defendant refused, claiming she was misled by a third party (Ray Fok) who told her the payments were not loans but bonuses. She sued Ray for misrepresentation.

The District Judge granted summary judgment to the plaintiff, holding that:
1. The three documents were enforceable and reflected the true agreement
2. Clause 5.2 of the PLA (requiring immediate repayment if the CAA was terminated within 4 years) was not a penalty clause but a legitimate contractual obligation

The defendant appealed, arguing:
1. Clause 5.2 was an unenforceable penalty clause
2. There was a genuine factual dispute about whether the documents were intended to be legally binding

The Court of Appeal dismissed the appeal, upholding the summary judgment.

### 2. Arguments of the Parties

**Plaintiff's Arguments:**
- The three documents (Offer Letter, CAA, PLA) constituted a complete and binding agreement
- The defendant's claim that the agreement was purely oral and administrative was implausible given the multinational nature of the plaintiff
- Clause 5.2 of the PLA was not a penalty clause but a legitimate repayment obligation
- The defendant had acknowledged achieving business targets, confirming her acceptance of the PLA terms

**Defendant's Arguments:**
- The true agreement was oral between her and Ray Fok, with no intention to create legal relations
- The written documents were merely administrative formalities
- Clause 5.2 was a penalty clause because it triggered repayment regardless of breach by the plaintiff
- There was a genuine dispute about the true nature of the agreement, making summary judgment inappropriate

### 3. Legal Principles (Ratio Decidendi)

**A. Enforceability of Written Documents vs. Oral Agreements**

The Court affirmed the principle that written documents reflecting the parties' agreement will be enforced even if there was also an oral agreement, unless there is clear evidence that the written documents were not intended to be legally binding. The Court emphasized:

- It is "plainly unbelievable" that a multinational insurance company would recruit agents based solely on oral agreements
- The written documents contained all essential terms: position, business volume requirements, rights and obligations, loan terms, and repayment conditions
- The defendant's acknowledgment of achieving business targets demonstrated she accepted the PLA terms

**B. Penalty Clause Analysis**

The Court applied the traditional test for penalty clauses from *Clyde & Co v. Boughton & Co* [1896] 2 QB 127, which requires examining:
1. Whether the sum stipulated is extravagant or unconscionable in amount
2. Whether it is a genuine pre-estimate of loss or a penalty

The Court found:
- Clause 5.2 was neutrally drafted ("terminated for whatever reason")
- It was a primary obligation to repay loans, not a secondary obligation triggered by breach
- The amount represented actual sums advanced, not a penalty
- No breach by the plaintiff was alleged
- Therefore, it was not a penalty clause

**C. Summary Judgment Standard**

The Court applied the test from *Nippon Hoei Fire & Marine Insurance Co (Asia) Ltd v. Direct General Insurance (Asia) Ltd* [2006] 3 HKLRD 285:
- Summary judgment is appropriate when there is no genuine issue to be tried
- The Court must be satisfied that the evidence points decisively to one party's case
- The defendant failed to show any serious factual dispute

**D. Burden of Proof for Leave to Appeal**

The defendant bore the heavy burden of showing the appeal had "reasonable prospects of success" under s.63A of the District Court Ordinance. The Court found:
- No reasonable prospect of success on either ground
- No other compelling reason for appeal

### 4. Striking, Unusual or Remarkable Aspects

**A. The "Join-in Incentive Bonus" as a Loan**

This case is remarkable for treating what would typically be considered a signing bonus or incentive payment as a loan. The plaintiff structured the payment as a loan to:
- Create a contractual obligation for repayment
- Avoid characterizing it as a penalty or forfeiture
- Provide a clear contractual basis for recovery

This is unusual in employment contexts where such payments are typically non-refundable.

**B. The "Administrative Procedures Only" Argument**

The defendant's claim that the three documents were signed only for administrative purposes is striking because:
- It contradicts the detailed terms in the documents
- It would mean the plaintiff recruited a key employee with no legally binding agreement
- The Court found this implausible given the multinational nature of the company

**C. The Penalty Clause Analysis**

The case is notable for its strict application of penalty clause principles:
- The Court refused to consider the "combined effect" of multiple clauses in isolation
- It emphasized that penalty clauses only apply to secondary obligations, not primary repayment obligations
- The neutral drafting of the clause was crucial to its enforceability

**D. The Third Party Claim**

The defendant's parallel claim against Ray Fok for misrepresentation adds complexity:
- She sought indemnity against Ray for the plaintiff's claim
- This suggests she may have been attempting to shift blame for signing the documents
- The Court did not need to reach this issue as it found the documents enforceable

**E. Costs Order**

The Court made a rare order under Order 59 rule 2A(8) of the Rules of the High Court, prohibiting the defendant from requesting a reconsideration at an oral hearing. This indicates the appeal was so lacking in merit that oral hearing was deemed unnecessary.

The case demonstrates how carefully drafted contractual documents can withstand challenges based on oral agreements and penalty clause claims, particularly when the written terms are comprehensive and the party seeking to challenge them cannot show genuine factual disputes. [end of text]


