### 1. Summary of Facts

This case involves three consolidated appeals heard by the Hong Kong Court of Final Appeal (CFA) in 1999, concerning the right of abode in Hong Kong for children born in the Mainland to Hong Kong permanent resident parents.

The applicants were:
*   **Miss Ng Ka Ling and Miss Ng Tan Tan:** Two sisters born in the Mainland in 1987 and 1989. Their father was a Chinese citizen who had resided in Hong Kong for over seven years. They entered Hong Kong on July 1, 1997 (the day sovereignty transferred), without going through immigration control, and immediately claimed their right of abode.
*   **Mr. Tsui Kuen Nang:** A man born in the Mainland in 1978 to a father who had resided in Hong Kong for over seven years. He also entered Hong Kong on July 1, 1997, without control, and claimed his right of abode.
*   **Miss Cheung Lai Wah:** A woman born in the Mainland in 1989 to a father who was a permanent resident. She was born out of wedlock, and her mother died shortly after her birth. She had entered Hong Kong earlier (1994) on a two-way permit and overstayed.

The Director of Immigration refused to recognize their right of abode. For the first three applicants, the refusal was based on the **Immigration (Amendment) (No. 3) Ordinance 1997**, which introduced a scheme requiring persons claiming right of abode by descent to hold a "one-way permit" issued by Mainland authorities, affixed with a "certificate of entitlement" issued by the Hong Kong Director. Since the applicants had not obtained this specific permit, they were deemed not to enjoy the right of abode.

For Miss Cheung, the Director additionally argued that because she was born out of wedlock and her parents never married, the legal relationship between her and her father did not exist under the Immigration Ordinance, thus disqualifying her from the "third category" of permanent residents.

The applicants challenged these decisions via judicial review, arguing that the legislation was unconstitutional and inconsistent with the Basic Law.

### 2. Summary of Arguments

**The Applicants' Arguments:**
*   **Right of Abode:** Under Article 24(2) and (3) of the Basic Law, they are permanent residents by descent and possess an unqualified constitutional right of abode.
*   **Invalidity of the One-Way Permit Scheme:** The requirement to hold a one-way permit (a Mainland exit permit) to exercise the right of abode is unconstitutional. Article 22(4) of the Basic Law (regarding entry from other parts of China) applies only to people *without* the right of abode, not to permanent residents. Therefore, the No. 3 Ordinance unlawfully restricted a constitutional right.
*   **Retrospectivity:** The No. 3 Ordinance was deemed to have come into force on July 1, 1997. Applying it retrospectively to those who had already arrived and exercised their right of abode was unconstitutional, as it effectively criminalized their presence and deprived them of rights they already held.
*   **Discrimination (Miss Cheung):** The distinction between children born in wedlock and out of wedlock regarding the father-child relationship violates the principle of equality and non-discrimination found in the Basic Law and the International Covenant on Civil and Political Rights (ICCPR).
*   **Jurisdiction:** The CFA has the jurisdiction to interpret the Basic Law and declare legislation invalid without needing to refer the matter to the Standing Committee of the National People's Congress (NPCSC).

**The Director's Arguments:**
*   **Article 22(4) Qualification:** Article 22(4) requires approval from Central Authorities for entry from the Mainland. This provision qualifies the right of abode in Article 24, meaning permanent residents residing in the Mainland must obtain exit approval (one-way permit) to enter Hong Kong.
*   **Verification Scheme:** The scheme requiring a certificate of entitlement is a reasonable administrative mechanism to verify claims of permanent residence, which is necessary to prevent abuse.
*   **Retrospectivity:** The retrospective operation of the No. 3 Ordinance was valid to ensure a smooth transition and legal certainty.
*   **Legitimacy of the PLC:** The Provisional Legislative Council (PLC), which enacted the No. 3 Ordinance, was a legally constituted body under the 1990 Decision of the NPC, and its laws are valid.
*   **Out of Wedlock:** The distinction regarding children born out of wedlock was based on established practice and agreements between the UK and China (Joint Liaison Group) and was not discriminatory.

### 3. Legal Principles (Ratio Decidendi)

**A. The Constitutional Jurisdiction of the Hong Kong Courts**
The Court of Final Appeal (CFA) unequivocally established that the courts of the Hong Kong Special Administrative Region (HKSAR) have the jurisdiction to examine whether legislation enacted by the HKSAR legislature or acts of the Central Authorities (NPC or NPCSC) are consistent with the Basic Law. If a law or act is found to be inconsistent, the courts have a duty to declare it invalid. This jurisdiction is derived from the Basic Law itself, which acts as the constitution of the Region. The Court rejected the previous Court of Appeal's view in *HKSAR v Ma Wai Kwan David* that courts could not question the validity of acts of the Sovereign (NPC/NPCSC). The Court clarified that while the NPC is the highest organ of state power, the Basic Law is the supreme law of the Region, and the courts must enforce it.

**B. The Test for Referencing the NPCSC under Article 158**
A critical issue was whether the CFA was obliged to refer the interpretation of the Basic Law to the NPCSC under Article 158. Article 158(3) requires a reference if the court needs to interpret provisions concerning "affairs which are the responsibility of the Central People's Government" or "the relationship between the Central Authorities and the Region" (excluded provisions), and such interpretation will affect the judgment.
The CFA established a **"predominant provision" test**:
1.  The court must determine, as a matter of substance, which provision is the primary subject of interpretation in the case.
2.  If the predominant provision is one *within* the Region's autonomy (a non-excluded provision), the court does *not* need to make a reference, even if an excluded provision is relevant to the context or interpretation of the non-excluded provision.
3.  In this case, the predominant provision was Article 24 (defining permanent residents and their right of abode), which falls within the Region's autonomy. Although Article 22(4) (concerning entry from the Mainland) was relevant, it was not the predominant provision. Therefore, the CFA had the jurisdiction to interpret Article 24 without referring to the NPCSC.

**C. Interpretation of the Right of Abode (Article 24 vs. Article 22(4))**
The Court adopted a **generous and purposive approach** to interpreting the right of abode, viewing it as a "core right" essential to the status of permanent residents.
*   **Distinction of Categories:** The Court held that "people from other parts of China" in Article 22(4) refers to persons who do *not* have the right of abode in Hong Kong. Permanent residents of the Region, even if they reside in the Mainland, are not "people from other parts of China" in the context of Article 22(4); they are permanent residents of Hong Kong exercising their right to enter their own home.
*   **Unconstitutionality of the One-Way Permit Requirement:** Consequently, Article 22(4) does not qualify the right of abode in Article 24. The requirement in the No. 3 Ordinance that a permanent resident must hold a one-way permit (issued by Mainland authorities) to exercise their right of abode was held to be **unconstitutional**. The Court severed this requirement from the Ordinance.
*   **Verification Scheme:** However, the Court upheld the constitutionality of the scheme requiring a "certificate of entitlement" as a verification mechanism. It is reasonable for the legislature to require proof of status before a person can exercise the right, provided the verification process is fair and reasonable. The requirement to apply from the Mainland (while the claim is being verified) was also upheld as constitutional.

**D. Retrospectivity and Criminal Offences**
The Court ruled that the retrospective provision in the No. 3 Ordinance (deeming it effective from July 1, 1997) was **unconstitutional**.
*   **Reasoning:** Before the Ordinance was enacted, the applicants (who had already arrived) enjoyed the constitutional right of abode. Applying the Ordinance retrospectively would have rendered their presence in Hong Kong illegal, potentially subjecting them to criminal prosecution for "landing without permission."
*   **ICCPR Connection:** The Court held that Article 15(1) of the ICCPR (prohibiting retrospective criminal laws), which applies to Hong Kong via Article 39 of the Basic Law, renders such a retrospective provision invalid. It is not merely a bar on prosecution but invalidates the law itself if it creates retrospective criminal liability.

**E. Discrimination and Children Born Out of Wedlock**
Regarding Miss Cheung, the Court interpreted the third category of Article 24(2) ("persons... born... of those residents") to include children born out of wedlock.
*   **Principle of Equality:** The Court emphasized the principles of equality and non-discrimination in the Basic Law and the ICCPR.
*   **Plain Meaning:** The language "born of" a resident does not distinguish between children born in or out of wedlock.
*   **Unconstitutionality:** The provision in the Immigration Ordinance that denied the father-child relationship for children born out of wedlock (unless legitimated by marriage) was held to be **unconstitutional** and discriminatory. The Court severed the words "in wedlock or" from the provision, effectively treating children born out of wedlock equally with those born in wedlock regarding the father's status.

**F. Validity of the Provisional Legislative Council (PLC)**
The Court confirmed that the PLC was a **legally constituted body**. Although the Basic Law envisioned a "through train" for the legislature, the failure of the 1995 election to be accepted by the Central Government created a vacuum. The NPC's 1990 Decision authorized the Preparatory Committee to form the first Legislative Council. The formation of the PLC by the Preparatory Committee was a valid interim measure to ensure the smooth transition and operation of the Region. Therefore, the laws enacted by the PLC (including the No. 3 Ordinance) were validly enacted, subject to their substantive constitutionality.

### 4. Striking, Unusual, or Remarkable Aspects

*   **The "One Country, Two Systems" Constitutional Balance:** This case is arguably the most significant constitutional case in Hong Kong's history. It was the first time the CFA had to interpret the Basic Law and assert its power to strike down legislation. It established the boundary between the "autonomy" of Hong Kong and the "sovereignty" of the Central Government. The Court's assertion that it could review acts of the NPC/NPCSC (though limited by the reference mechanism) was a bold statement of judicial independence in a new constitutional order.
*   **The "Predominant Provision" Test:** The creation of the "predominant provision" test to determine when a reference to the NPCSC is necessary was a novel judicial invention. It effectively gave the Hong Kong courts a significant degree of control over the interpretation of the Basic Law, preventing the NPCSC from being flooded with references for every case involving a mix of autonomy and central affairs. This test has been crucial in maintaining the autonomy of Hong Kong's legal system.
*   **The Scale of Impact:** The judgment had immediate and massive demographic implications. It was estimated that the ruling entitled approximately **1.67 million** people (mostly children born in the Mainland to Hong Kong parents) to the right of abode. This threatened to overwhelm Hong Kong's infrastructure and social services, leading to intense political debate and a subsequent, controversial reference to the NPCSC in 1999 (which partially overturned the CFA's interpretation of Article 24, though the CFA's procedural rulings on jurisdiction and the one-way permit scheme remained largely intact).
*   **The "One-Way Permit" Paradox:** The Court's reasoning highlighted a unique paradox of the "one country, two systems" framework: A person could be a "permanent resident" of Hong Kong (a part of China) but, if living in the Mainland (another part of China), be treated as a foreigner requiring an exit permit to enter their own home. The Court resolved this by declaring that permanent residents are not "people from other parts of China" in the context of entry control, effectively prioritizing the constitutional status of the resident over the administrative control of the Mainland.
*   **The "Out of Wedlock" Equality:** The ruling on children born out of wedlock was a significant human rights victory, aligning Hong Kong law with modern international standards of non-discrimination and family rights, overturning a distinction that had been in place for decades. [end of text]


