### 1. Summary of Facts

This case concerns the constitutionality of the **New Territories Small House Policy** (often referred to as the "Ding Rights") in Hong Kong. The policy, introduced in 1972, allows male indigenous villagers of the New Territories (NTIIs) who are at least 18 years old and descended through the male line from a resident in 1898 to apply for a small house grant once in their lifetime. These grants take three forms: a free building licence on private land, a private treaty grant on government land, or a land exchange.

The policy is inherently discriminatory on two grounds: it excludes non-indigenous residents and it excludes female indigenous villagers, as the right is limited to males descended through the male line. The applicants, Mr. Kwok Cheuk Kin and another, challenged the policy via judicial review, arguing that it violated:
*   **Article 25** of the Basic Law (equality before the law);
*   **Article 39** of the Basic Law (application of the International Covenant on Civil and Political Rights);
*   **Article 22** of the Hong Kong Bill of Rights (discrimination); and
*   **Article 7** of the Basic Law (land management for the benefit of all residents).

The respondents (the Director of Lands and others) and an interested party argued that the policy is protected by **Article 40** of the Basic Law, which mandates the protection of the "lawful traditional rights and interests of the indigenous inhabitants of the New Territories."

The case originated in the Court of First Instance (Chow J), where the Judge found the policy discriminatory and unconstitutional under Articles 25 and 39 of the Basic Law and Article 22 of the Bill of Rights. However, the Judge held that the policy was partially constitutional because the "free building licence" aspect could be traced back to pre-1898 customs and thus fell under Article 40. Conversely, the Judge ruled that "private treaty grants" and "land exchanges" were not traditional and therefore unconstitutional. All parties appealed this decision.

### 2. Summary of Arguments

**The Applicants (Challenging the Policy):**
*   **Article 40 does not override equality rights:** They argued that Article 40 only protects rights that are "lawful" and "traditional." Since the policy is discriminatory, it is not "lawful" under the Basic Law or the Bill of Rights. Therefore, Article 40 cannot save it.
*   **Not a "right" or "interest":** They contended that the policy only grants a discretionary right to *apply*, not a substantive right to a house.
*   **Not "traditional":** They argued that the specific forms of grants (especially private treaty grants and exchanges) were not traceable to pre-1898 customs. The pre-1898 custom was merely the right to build on one's own land, not the right to acquire government land at a concessionary rate.
*   **Delay and Standing:** They argued the respondents failed to prove the applicants lacked standing or that the delay was excessive (though this was primarily a defense raised by the respondents).

**The Respondents and Interested Party (Defending the Policy):**
*   **Article 40 is a constitutional shield:** They argued that the drafters of the Basic Law intended Article 40 to protect the existing rights of NTIIs, even if those rights were discriminatory. The term "lawful" in Article 40 refers to the state of the law at the time of the Basic Law's drafting (1990), not a test of current equality principles.
*   **Historical Continuity:** They argued that all three forms of grants (free building licence, private treaty grant, and exchange) are traceable to pre-1898 customs. The essential feature—the right of a male villager to build a house—has been preserved through various administrative mechanisms over the last century.
*   **Coherence with other Articles:** They argued that Article 40 must be read in conjunction with Articles 120 and 122 (which protect land leases and rent concessions for small houses) and the Joint Declaration. Striking down the policy would render these articles meaningless.
*   **CEDAW Reservations:** They highlighted that both the UK and PRC governments entered reservations to the Convention on the Elimination of All Forms of Discrimination against Women (CEDAW) specifically to preserve these discriminatory rights, indicating an international agreement to protect them.
*   **Delay and Standing:** They argued the applicants had no standing (no personal interest in building a house) and that the 40+ year delay in challenging the policy was unjustified and prejudicial to the administration and third parties who relied on the policy.

### 3. Legal Principles (Ratio Decidendi)

The Court of Final Appeal (via the Court of Appeal in this judgment) overturned the lower court's decision, holding that the **entirety** of the Small House Policy is constitutional and protected under Article 40 of the Basic Law. The Court established several profound legal principles regarding the interpretation of Article 40, the concept of "traditional rights," and the relationship between equality rights and historical protections.

**The Interpretation of "Lawful Traditional Rights and Interests" under Article 40**
The Court rejected the lower court's requirement for a "tracing exercise" to determine if a right is "traditional" by looking back to 1898. Instead, the Court adopted a **factual and historical context approach**. The Court held that "lawful traditional rights and interests" refers to rights and interests that were **recognized as such in the Hong Kong legal system at the time the Basic Law was promulgated (April 1990)**.
*   **Traditional:** A right is "traditional" if it was recognized as such in 1990, even if it evolved from pre-1898 customs. The Court emphasized that traditions can evolve and retain their essential features without being identical to their pre-1898 form. The "Ding Rights" (the right to build a small house) were clearly recognized as traditional in 1990.
*   **Lawful:** The term "lawful" does not mean the right must be free from discrimination under modern equality laws. Rather, it means the right was recognized as lawful in the legal system at the time of the Basic Law's drafting. Since the Small House Policy had never been successfully challenged in court prior to 1997 (and was widely accepted as lawful), it satisfied the "lawful" requirement. The Court explicitly stated that Article 40 was designed to protect these specific rights *despite* their discriminatory nature, which was a known "historical problem" during the drafting of the Basic Law.

**The Scope of Protection: All Forms of Grants**
The Court rejected the lower court's distinction between "free building licences" (constitutional) and "private treaty grants/exchanges" (unconstitutional).
*   **Essential Feature Test:** The Court held that the essential feature of the traditional right is the ability of a male indigenous villager to build a house for his own occupation. Whether this is achieved through a free licence on private land, a private treaty grant on government land, or a land exchange, the **core right remains the same**.
*   **Historical Continuity:** The Court found that private treaty grants and exchanges were not new inventions of 1972 but were administrative mechanisms that evolved from pre-1898 customs and were used consistently throughout the colonial era to fulfill the same traditional right. Therefore, all three forms of grants fall within the protection of Article 40.

**The Coherence Principle and Relationship with Equality Rights**
A critical legal principle established is the **coherence of the Basic Law**. The Court ruled that Article 40 must be read in harmony with Articles 120 and 122 (which protect land leases and rent concessions for small houses) and the Joint Declaration.
*   **Reading Articles Together:** If Article 40 did not protect the Small House Policy, Articles 120 and 122 would be rendered meaningless regarding small houses. Therefore, the Basic Law must be interpreted to give effect to all its provisions.
*   **Exclusion of Discrimination Challenges:** The Court held that Article 40 acts as a **constitutional shield** against challenges based on discrimination (Articles 25, 39, and Bill of Rights). The Court reasoned that the drafters of the Basic Law were fully aware of the discriminatory nature of the Ding Rights and the CEDAW reservations made by the UK and PRC governments. To allow a discrimination challenge would defeat the specific purpose of Article 40. The Court stated that the "lawful" in Article 40 implies that the right is protected *from* being struck down on grounds of discrimination.

**The "Lawful" Test and the Role of CEDAW Reservations**
The Court clarified that the "lawfulness" of the right is determined by its status in the legal system at the time of the Basic Law's enactment, not by a retrospective test of whether it would have survived a discrimination challenge under the Bill of Rights (which came into force in 1991).
*   **CEDAW Reservations:** The Court placed significant weight on the reservations made by the UK and PRC governments to the CEDAW convention, which explicitly preserved the discriminatory rights of NTIIs. These reservations were given effect in Hong Kong law (via the Sex Discrimination Ordinance). The Court held that these reservations confirm that the international community and the drafters of the Basic Law intended for these rights to continue despite their discriminatory nature. Consequently, a challenge based on sex discrimination is impermissible, and by the principle of coherence, challenges based on other grounds (like social origin) are also excluded.

**Standing and Delay (Relief Issue)**
Although the Court found the policy constitutional, it also addressed the procedural arguments. The Court held that the applicants lacked **standing** because they had no personal interest in the policy (no intention to build a house) and were no different from ordinary residents. Furthermore, the Court found the **delay** in bringing the action (over 40 years after the policy's introduction and 20+ years after the Basic Law) to be "phenomenal" and unjustified. The Court emphasized that the prejudice to third parties (who relied on the policy for decades) and the interest in good administration outweighed the applicants' claims. Even if the policy were unconstitutional, relief would have been refused on these grounds.

### 4. Striking, Unusual, or Remarkable Aspects

**1. Constitutionalizing Discrimination:**
The most striking aspect of this case is the explicit constitutional validation of a policy that is inherently discriminatory based on **sex** and **social origin**. The Court of Appeal did not merely find a "compelling justification" for the discrimination (which is the usual test for limiting rights); rather, it ruled that the discrimination is **constitutionally protected** and immune from challenge under the equality provisions of the Basic Law. The Court effectively held that Article 40 creates a "constitutional exception" to the principle of equality for a specific class of people, a rare and bold interpretation of constitutional law.

**2. The "Living Constitution" vs. Historical Fossil:**
The case highlights a tension between a "living constitution" that evolves with modern human rights standards and a "historical fossil" that is frozen in time. The Court chose to freeze the rights of NTIIs as they existed in 1990, explicitly rejecting the idea that the Basic Law should evolve to eliminate the discrimination inherent in the Small House Policy. The Court reasoned that the drafters *intended* to preserve these specific historical anomalies, prioritizing the "theme of continuity" and the specific promises made in the Joint Declaration over the general principle of equality.

**3. The Role of International Reservations in Domestic Constitutional Law:**
The Court's heavy reliance on the **CEDAW reservations** made by the UK and PRC governments is remarkable. It is unusual for a domestic court to use international treaty reservations (which are often diplomatic compromises) as a primary interpretive tool to define the scope of domestic constitutional rights. The Court used these reservations to confirm that the "lawful" nature of the Ding Rights included their discriminatory aspects, effectively importing an international diplomatic agreement into the core of Hong Kong's constitutional architecture.

**4. The "Tracing" Exercise Rejection:**
The lower court's attempt to "trace" rights back to 1898 was rejected by the Court of Appeal in favor of a simpler test: "Was it recognized as traditional in 1990?" This is a significant shift in legal methodology. It acknowledges that traditions evolve and that the legal system's *recognition* of a tradition is more important than a strict historical genealogy. This prevents the courts from having to act as historians to determine the "authenticity" of every custom, focusing instead on the legal reality at the time of the Basic Law's enactment.

**5. The Scale of Impact:**
The case involves over 111,000 applications and affects the lives of a significant portion of the New Territories population. The Court's decision effectively locks in a system of land allocation that has been in place for nearly 50 years, preventing any future legislative or judicial reform that might seek to equalize the policy. This creates a permanent, constitutionally entrenched inequality in Hong Kong's land and housing law. [end of text]


