## Analysis of *Learning Resources, Inc. v. Trump* (2026)

Here's a breakdown of the case, addressing each of your requested points:

**1. Facts of the Case**

President Trump, shortly after taking office, declared national emergencies related to illegal drug influxes from Canada, Mexico, and China, and persistent trade deficits. He invoked the International Emergency Economic Powers Act (IEEPA) to impose tariffs on imports from those countries – 25% on most Canadian and Mexican goods, 10% on most Chinese goods, and a broader “reciprocal” tariff on all trading partners.  Small businesses and several states challenged these tariffs, arguing that IEEPA did not authorize the President to impose them. The District Court sided with the plaintiffs, and the Federal Circuit affirmed, finding the tariffs unbounded in scope, amount, and duration. The case reached the Supreme Court on appeal.

**2. Arguments of the Two Parties**

*   **Petitioners (Learning Resources, Inc. & States):** Argued that the language of IEEPA, specifically the power to “regulate importation,” did not authorize the President to impose tariffs. They contended that tariffs are a distinct economic action not encompassed within the broader term “regulate,” and that Congress had not clearly delegated tariff authority through IEEPA. They emphasized the significant economic impact of the tariffs and the lack of specific statutory authorization.
*   **Respondent (Trump Administration):** Argued that the power to “regulate importation” inherently included the power to impose tariffs as a means of controlling imports. They pointed to historical precedents where Presidents had imposed tariffs, and argued that the broad language of IEEPA, combined with the emergency context, justified the tariffs. They also argued that the term “regulate” should be interpreted broadly to encompass any action that controls or influences imports.

**3. Legal Principles (Ratio Decidendi) of the Majority Decision**

The majority opinion, delivered by Chief Justice Roberts, held that IEEPA does *not* authorize the President to impose tariffs. The decision rests on a combination of statutory interpretation and the major questions doctrine. Here's a detailed breakdown:

*   **Statutory Interpretation:** The Court emphasized the importance of interpreting statutes according to their plain meaning and in context. The key phrase, “regulate importation,” was analyzed. The Court found that the ordinary meaning of “regulate” does not inherently include the power to impose taxes (tariffs). While “regulate” can mean to control or adjust, it doesn’t automatically encompass the power to levy financial charges.  The Court noted that when Congress intends to delegate taxing power, it uses specific terms like “duty,” “tax,” or “surcharge,” which are absent from IEEPA.
*   **Contextual Analysis:** The Court examined the broader statutory scheme. It found that other statutes specifically authorizing tariff power use clear language regarding duties and taxes. The absence of such language in IEEPA suggested Congress did not intend to grant the President tariff authority through it.
*   **Historical Practice:** The Court highlighted that Congress has historically been explicit when delegating tariff authority. The fact that Congress had repeatedly used specific language in other tariff statutes reinforced the conclusion that the broad language of IEEPA was insufficient.
*   **The Major Questions Doctrine:** The Court invoked the major questions doctrine, which requires clear congressional authorization for executive actions of vast economic and political significance. The imposition of tariffs was deemed such an action. The Court found that Congress had not clearly authorized the President to impose tariffs through IEEPA. The Court emphasized that the statute’s language was too broad and lacked the specificity required to delegate such a significant power.
*   **Lack of Clear Intent:** The Court stressed that Congress would have explicitly stated its intent to grant tariff authority if it had intended to do so. The absence of such a clear statement meant the President lacked the necessary authorization.
*   **Separation of Powers:** Underlying the decision is a concern for the separation of powers. The Court emphasized that the power to tax (tariffs being a form of taxation) is a core legislative power that should not be delegated lightly.

**Novel/Controversial Points:**

*   **Application of the Major Questions Doctrine:** The application of the major questions doctrine to a foreign affairs context was somewhat novel. While the doctrine has been applied in other areas, its use in a case involving trade and national security was a point of contention.
*   **Emphasis on Specificity:** The Court’s insistence on specific statutory language for delegating tariff authority could have broader implications for other delegations of power. It raises questions about the level of detail required in statutes to avoid ambiguity and potential challenges.
*   **Historical Interpretation:** The Court’s interpretation of historical practice was debated. The dissent argued that the historical use of “regulate” encompassed tariffs, while the majority emphasized the need for explicit delegation.



**4. Legal Principles and Arguments of the Dissenting Side**

Justice Kavanaugh, joined by Justices Thomas and Alito, dissented, arguing that the majority opinion misconstrued the statute and disregarded historical practice. Their arguments centered on the following:

*   **Ordinary Meaning of “Regulate”:** The dissent argued that the ordinary meaning of “regulate” encompasses the power to impose tariffs as a means of controlling imports. They pointed to dictionary definitions and common usage to support this claim.
*   **Historical Practice:** The dissent emphasized that Presidents have historically imposed tariffs as a tool of foreign policy and trade regulation. They cited examples of past tariff impositions and argued that Congress had implicitly authorized the President to impose tariffs through similar statutory language.
*   **Nixon and Ford Tariffs:** The dissent highlighted the tariffs imposed by Presidents Nixon and Ford under similar statutory language as evidence that Congress had previously understood “regulate importation” to include tariffs. They argued that the Court’s decision disregarded this historical precedent.
*   **Lack of a Clear Prohibition:** The dissent argued that IEEPA did not explicitly prohibit the President from imposing tariffs. They contended that the absence of a prohibition should not be interpreted as a denial of authority.
*   **Foreign Affairs Context:** The dissent argued that the foreign affairs context warrants greater deference to the President’s authority. They claimed that Congress often delegates broad discretion to the President in matters of foreign policy and national security.
*   **Major Questions Doctrine Inapplicable:** The dissent argued that the major questions doctrine was not applicable in this case. They contended that the President’s actions were not unprecedented and that Congress had implicitly authorized the President to impose tariffs through IEEPA.

**5. Striking, Unusual, or Remarkable Aspects of the Case**

Several aspects of this case are striking:

*   **The Breadth of the Claim:** The President’s claim of authority was exceptionally broad, asserting the power to impose tariffs on virtually all imports from any country, at any rate, for any duration. This raised significant concerns about the potential for abuse and the disruption of international trade.
*   **Political Context:** The case occurred during a period of heightened trade tensions and protectionist policies. The President’s actions were part of a broader effort to renegotiate trade agreements and protect American industries.
*   **The Major Questions Doctrine Debate:** The case highlighted the ongoing debate over the scope and application of the major questions doctrine. The Court’s decision could have significant implications for the balance of power between the executive and legislative branches.
*   **Historical Focus:** The extensive discussion of historical practice and the meaning of “regulate” underscored the importance of textualism and originalism in statutory interpretation.
*   **Economic Stakes:** The tariffs at issue had significant economic consequences for businesses, consumers, and the global economy. The Court’s decision had the potential to reshape trade relationships and impact the U.S. economy.
*   **The Split Decision:** The 6-3 split decision reflects the deep divisions on the Court regarding the proper role of the executive branch and the limits of presidential power.
*   **The Dissent's Emphasis on Presidential Discretion:** The dissent's argument for broad presidential discretion in foreign affairs is a notable statement of executive power principles.



In conclusion, *Learning Resources, Inc. v. Trump* is a significant case that reaffirms the importance of clear congressional authorization for executive actions that have a major economic and political impact. It underscores the separation of powers principle and the need for Congress to explicitly delegate its authority when it intends to grant the President broad powers. The case also highlights the ongoing debate over the scope of the major questions doctrine and the proper role of the executive branch in a constitutional system. [end of text]


