Okay, here are the answers to your questions:

Q1: 1+1=2
Q2: 6*7=42
Q3: 83*59 = 4897
Q4: 349*683 = 239,000 - 349 * 7 = 238987
Q5: 6043*7489 = 45138607
Q6: 3x + 7 = 22
   3x = 15
   x = 5
Q7: 25% of 80 = 0.25 * 80 = 20
Q8: The shopkeeper receives $20 + $5 = $25.  The book cost $15, so the change is $25 - $15 = $10.
Q9: Perimeter = 4 * side length = 4 * 5 = 20 units
Q10: Katherine has two brothers and a sister, so her mother has 3 children.
Q11: 3 + 12 รท 4 - 1 = 3 + 3 - 1 = 5
Q12: Assuming each guest gets one slice, they need 5 slices of cake.
Q13: Discount = 20% of $25 = 0.20 * $25 = $5
   Sale price = $25 - $5 = $20
Q14: From 3:45 PM to 6:30 PM is 2 hours and 45 minutes.  2 hours * 60 minutes/hour = 120 minutes.  120 + 45 = 165 minutes.
Q15: Number of taxis = 22 people / 4 passengers/taxi = 5.5 taxis. Since you can't have half a taxi, you need 6 taxis.
Q16: The sum of the angles in a triangle is 180 degrees.
   Third angle = 180 - 31 - 62 = 180 - 93 = 87 degrees. [end of text]


