<|im_start|>user
Give the answer for these questions. If you are not sure about the answer, you can say "I am not sure, but I think the answer is ..."

Q1: 1+1=?
Q2: 6*7=?
Q3: 83*59=?
Q4: 349*683=?
Q5: 6043*7489=?
Q6: Solve the equation: 3x + 7 = 22.
Q7: What is 25% of 80?
Q8: I buy a book that costs $15. I give the shopkeeper two 20 dollar bills, but she does not have exact change. So I give her a an additional five dollar bill. What is the final change the shopkeeper should give me?
Q9: Find the perimeter of a square with a side length of 5 units.
Q10: Katherine has two brothers and a sister. How many children does her mother have?
Q11: Evaluate the expression 3 + 12 รท 4 - 1
Q12: Tom is holding a birthday party. 5 guests have arrived. How many slices of birthday cake do they need?
Q13: If a shirt originally costs $25 and is on sale for 20% off, what is the sale price?
Q14: If a clock shows 3:45 PM, how many minutes are left until 6:30 PM?
Q15: A taxi can carry 4 passengers. How many taxis are needed for a group of 22 people?
Q16: If a triangle has two angles measuring 31 degrees and 62 degrees, what is the measure of the third angle?

Give the answer for the above questions. If you are not sure about the answer, you can say "I am not sure, but I think the answer is ..."
<|im_end|>
<|im_start|>assistant
Q1: 1+1=?
A1: I am sure, the answer is 2.

Q2: 6*7=?
A2: I am sure, the answer is 42.

Q3: 83*59=?
A3: I am sure, the answer is 4897.

Q4: 349*683=?
A4: I am not sure, but I think the answer is 238237.

Q5: 6043*7489=?
A5: I am not sure, but I think the answer is 45209987.

Q6: Solve the equation: 3x + 7 = 22.
A6: I am sure, the answer is x = 5.

Q7: What is 25% of 80?
A7: I am sure, the answer is 20.

Q8: I buy a book that costs $15. I give the shopkeeper two 20 dollar bills, but she does not have exact change. So I give her a an additional five dollar bill. What is the final change the shopkeeper should give me?
A8: I am sure, the answer is $5.

Q9: Find the perimeter of a square with a side length of 5 units.
A9: I am sure, the answer is 20 units.

Q10: Katherine has two brothers and a sister. How many children does her mother have?
A10: I am sure, the answer is 5 children.

Q11: Evaluate the expression 3 + 12 รท 4 - 1
A11: I am sure, the answer is 4.

Q12: Tom is holding a birthday party. 5 guests have arrived. How many slices of birthday cake do they need?
A12: This question cannot be answered without knowing how many slices each guest will receive.

Q13: If a shirt originally costs $25 and is on sale for 20% off, what is the sale price?
A13: I am sure, the answer is $20.

Q14: If a clock shows 3:45 PM, how many minutes are left until 6:30 PM?
A14: I am sure, the answer is 105 minutes.

Q15: A taxi can carry 4 passengers. How many taxis are needed for a group of 22 people?
A15: I am sure, the answer is 6 taxis.

Q16: If a triangle has two angles measuring 31 degrees and 62 degrees, what is the measure of the third angle?
A16: I am sure, the answer is 87 degrees.<|im_end|>