Here are the answers to your questions:

**Q1: 1+1=?**
2

**Q2: 6*7=?**
42

**Q3: 83*59=?**
4897

**Q4: 349*683=?**
238367

**Q5: 6043*7489=?**
45256027

**Q6: Solve the equation: 3x + 7 = 22.**
Subtract 7 from both sides: $3x = 15$.
Divide by 3: $x = 5$.
Answer: 5

**Q7: What is 25% of 80?**
$0.25 \times 80 = 20$.
Answer: 20

**Q8: I buy a book that costs $15. I give the shopkeeper two 20 dollar bills, but she does not have exact change. So I give her a an additional five dollar bill. What is the final change the shopkeeper should give me?**
Total money given: $(2 \times 20) + 5 = 45$ dollars.
Cost of book: $15$ dollars.
Change due: $45 - 15 = 30$ dollars.
Answer: $30

**Q9: Find the perimeter of a square with a side length of 5 units.**
Perimeter = $4 \times \text{side} = 4 \times 5 = 20$.
Answer: 20 units

**Q10: Katherine has two brothers and a sister. How many children does her mother have?**
Katherine + 2 brothers + 1 sister = 4 children.
Answer: 4

**Q11: Evaluate the expression 3 + 12 ÷ 4 - 1**
Order of operations (PEMDAS/BODMAS): Division first.
$12 \div 4 = 3$.
Expression becomes: $3 + 3 - 1$.
$3 + 3 = 6$.
$6 - 1 = 5$.
Answer: 5

**Q12: Tom is holding a birthday party. 5 guests have arrived. How many slices of birthday cake do they need?**
This question is ambiguous because it depends on how many slices per person are desired and whether Tom is also eating. However, in standard riddle contexts, if no specific serving size is given, it is often assumed that each person gets one slice.
Assuming 1 slice per person for the 5 guests: 5 slices.
If Tom is included: 6 slices.
Since the question asks specifically about the *guests* who have arrived, the most direct interpretation is for the guests.
Answer: 5 (assuming 1 slice per guest)

**Q13: If a shirt originally costs $25 and is on sale for 20% off, what is the sale price?**
Discount amount: $25 \times 0.20 = 5$.
Sale price: $25 - 5 = 20$.
Answer: $20

**Q14: If a clock shows 3:45 PM, how many minutes are left until 6:30 PM?**
From 3:45 PM to 4:00 PM: 15 minutes.
From 4:00 PM to 6:00 PM: 2 hours = 120 minutes.
From 6:00 PM to 6:30 PM: 30 minutes.
Total: $15 + 120 + 30 = 165$ minutes.
Answer: 165 minutes

**Q15: A taxi can carry 4 passengers. How many taxis are needed for a group of 22 people?**
$22 \div 4 = 5.5$.
Since you cannot have half a taxi, you need to round up to the next whole number.
Answer: 6 taxis

**Q16: If a triangle has two angles measuring 31 degrees and 62 degrees, what is the measure of the third angle?**
The sum of angles in a triangle is 180 degrees.
Third angle = $180 - (31 + 62) = 180 - 93 = 87$.
Answer: 87 degrees [end of text]


