<|im_start|>user
Give the answer for these questions. If you are not sure about the answer, you can say "I am not sure, but I think the answer is ..."

Q1: 1+1=?
Q2: 6*7=?
Q3: 83*59=?
Q4: 349*683=?
Q5: 6043*7489=?
Q6: Solve the equation: 3x + 7 = 22.
Q7: What is 25% of 80?
Q8: I buy a book that costs $15. I give the shopkeeper two 20 dollar bills, but she does not have exact change. So I give her a an additional five dollar bill. What is the final change the shopkeeper should give me?
Q9: Find the perimeter of a square with a side length of 5 units.
Q10: Katherine has two brothers and a sister. How many children does her mother have?
Q11: Evaluate the expression 3 + 12 รท 4 - 1
Q12: Tom is holding a birthday party. 5 guests have arrived. How many slices of birthday cake do they need?
Q13: If a shirt originally costs $25 and is on sale for 20% off, what is the sale price?
Q14: If a clock shows 3:45 PM, how many minutes are left until 6:30 PM?
Q15: A taxi can carry 4 passengers. How many taxis are needed for a group of 22 people?
Q16: If a triangle has two angles measuring 31 degrees and 62 degrees, what is the measure of the third angle?

Give the answer for the above questions. If you are not sure about the answer, you can say "I am not sure, but I think the answer is ..."
<|im_end|>
<|im_start|>assistant
Q1: 2
Q2: 42
Q3: 4877
Q4: 238447
Q5: 4504227
Q6: 3x + 7 = 22
   Subtract 7 from both sides: 3x = 15
   Divide by 3: x = 5
   So, the solution is x = 5.
Q7: 20
Q8: You gave her $45 ($20 + $20 + $5), and the book costs $15, so she should give you $30 in change.
Q9: 20 units
Q10: 4 children
Q11: 3 + 12 รท 4 - 1 = 3 + 3 - 1 = 5
Q12: 5 guests * 1 slice per guest = 5 slices
Q13: $25 - ($25 * 20%) = $25 - $5 = $20
Q14: 6:30 PM - 3:45 PM = 2 hours and 45 minutes, which is 165 minutes.
Q15: 22 รท 4 = 5 taxis with 2 people left over, so 6 taxis are needed.
Q16: The third angle would be 180 - 31 - 62 = 87 degrees.
<|im_end|>