We need to answer each question. Provide answers. Let's compute.

Q1: 1+1 = 2.

Q2: 6*7 = 42.

Q3: 83*59. Compute: 80*59=4720, plus 3*59=177 => 4897. So 83*59 = 4897.

Q4: 349*683. Compute: 349*683 = 349*(600+80+3) = 349*600=209400; 349*80=27920; 349*3=1047; sum = 209400+27920+1047 = 238367. Let's double-check: 349*683 =? Another method: 683*300=204900; 683*40=27320; 683*9=6147; sum = 204900+27320+6147=238367. Yes.

Q5: 6043*7489. Compute: Let's do multiplication. 6043*7489 = 6043*(7000+400+80+9). 6043*7000=42,301,000? Actually 6043*7=42,301 then *1000 = 42,301,000. 6043*400=2,417,200. 6043*80=483,440. 6043*9=54,387. Sum: 42,301,000+2,417,200=44,718,200. +483,440=45,201,640. +54,387=45,256,027. So answer 45,256,027.

Check: Could also compute 7489*6000=44,934,000; 7489*40=299,560; 7489*3=22,467; sum =44,934,000+299,560+22,467=45,256,027. Yes.

Q6: Solve 3x+7=22 => 3x=15 => x=5.

Q7: 25% of 80 = 0.25*80 = 20.

Q8: Book costs $15. I give two $20 bills = $40. She doesn't have exact change, so I give her an additional $5 bill. So total given = $40 + $5 = $45. She needs to give change = amount given - cost = $45 - $15 = $30. So final change $30.

But maybe they think: She gave two $20 bills, then gave an extra $5 because she didn't have change for the $40? Actually scenario: I give two $20 bills ($40). She doesn't have exact change for $15, so I give her an additional $5 bill to make it easier? Then she gives change? Let's parse: I buy a book that costs $15. I give the shopkeeper two 20 dollar bills, but she does not have exact change. So I give her an additional five dollar bill. What is the final change the shopkeeper should give me? So I gave $40 + $5 = $45 total. She should give back $45 - $15 = $30. Yes.

Q9: Perimeter of square side 5 units = 4*5 = 20.

Q10: Katherine has two brothers and a sister. How many children does her mother have? Katherine herself plus two brothers + one sister = total children = 1 (Katherine) + 2 + 1 = 4. So mother has 4 children.

Q11: Evaluate 3 + 12 ÷ 4 - 1. Order: division first: 12 ÷ 4 = 3. Then expression: 3 + 3 - 1 = 5. So answer 5.

Q12: Tom is holding a birthday party. 5 guests have arrived. How many slices of birthday cake do they need? Usually each guest needs one slice. So 5 slices. Unless Tom also needs a slice? The question says 5 guests have arrived. How many slices of birthday cake do they need? Likely 5 slices. Could be ambiguous but answer 5.

Q13: Shirt originally $25, 20% off => discount = 0.20*25 = $5. Sale price = $25 - $5 = $20.

Q14: Clock shows 3:45 PM, how many minutes left until 6:30 PM? From 3:45 to 4:00 is 15 minutes. Then 4:00 to 6:00 is 2 hours = 120 minutes. Then 6:00 to 6:30 is 30 minutes. Total = 15+120+30 = 165 minutes.

Alternatively compute difference: 6:30 - 3:45 = (6*60+30) - (3*60+45) = (360+30) - (180+45) = 390 - 225 = 165.

Q15: Taxi can carry 4 passengers. Need taxis for 22 people. 22/4 = 5.5 => need 6 taxis (since you can't have fraction). So answer 6 taxis.

Q16: Triangle angles sum to 180. Two angles 31 and 62 => sum = 93. Third = 180-93 = 87 degrees.

Now produce answer list. If uncertain, we can say but we are sure.

Let's format: Q1: 2, etc.

</think>

Q1: 2  
Q2: 42  
Q3: 4897  
Q4: 238367  
Q5: 45,256,027  
Q6: x = 5  
Q7: 20  
Q8: $30  
Q9: 20 units  
Q10: 4 children  
Q11: 5  
Q12: 5 slices  
Q13: $20  
Q14: 165 minutes  
Q15: 6 taxis  
Q16: 87 degrees [end of text]


