 Sure, here are the answers to your questions:

Q1: 1+1=?
A1: 2

Q2: 6*7=?
A2: 42

Q3: 83*59=?
A3: 4897

Q4: 349*683=?
A4: 238,287

Q5: 6043*7489=?
A5: 45,243,347

Q6: Solve the equation: 3x + 7 = 22.
A6: x = 5

Q7: What is 25% of 80?
A7: 20

Q8: I buy a book that costs $15. I give the shopkeeper two 20 dollar bills, but she does not have exact change. So I give her a an additional five dollar bill. What is the final change the shopkeeper should give me?
A8: $25 (You gave $45 and the book costs $15, so $45 - $15 = $30. Since she doesn't have exact change, you give her an additional $5, so she should give you $30 back.)

Q9: Find the perimeter of a square with a side length of 5 units.
A9: 20 units (Perimeter of a square = 4 * side length)

Q10: Katherine has two brothers and a sister. How many children does her mother have?
A10: 4 children (Katherine, her two brothers, and her sister)

Q11: Evaluate the expression 3 + 12 รท 4 - 1
A11: 6 (First, perform the division: 12 รท 4 = 3, then add and subtract: 3 + 3 - 1 = 5)

Q12: Tom is holding a birthday party. 5 guests have arrived. How many slices of birthday cake do they need?
A12: I am not sure, but I think the answer is at least 5 slices (one for each guest, assuming each guest gets one slice).

Q13: If a shirt originally costs $25 and is on sale for 20% off, what is the sale price?
A13: $20 (20% of $25 is $5, so $25 - $5 = $20)

Q14: If a clock shows 3:45 PM, how many minutes are left until 6:30 PM?
A14: 165 minutes (From 3:45 PM to 4:45 PM is 60 minutes, from 4:45 PM to 5:45 PM is another 60 minutes, and from 5:45 PM to 6:30 PM is 45 minutes. So, 60 + 60 + 45 = 165 minutes)

Q15: A taxi can carry 4 passengers. How many taxis are needed for a group of 22 people?
A15: 6 taxis (22 รท 4 = 5.5, so you need 6 taxis to accommodate all 22 people)

Q16: If a triangle has two angles measuring 31 degrees and 62 degrees, what is the measure of the third angle?
A16: 87 degrees (The sum of the angles in a triangle is 180 degrees, so 180 - 31 - 62 = 87 degrees) [end of text]


