Here are the answers to your questions:

**Q1: 1+1=?**
**Answer:** 2

**Q2: 6*7=?**
**Answer:** 42

**Q3: 83*59=?**
**Answer:** 4,897
*(Calculation: $83 \times 59 = 83 \times (60 - 1) = 4980 - 83 = 4897$)*

**Q4: 349*683=?**
**Answer:** 238,367
*(Calculation: $349 \times 683 = 238,367$)*

**Q5: 6043*7489=?**
**Answer:** 45,256,027
*(Calculation: $6043 \times 7489 = 45,256,027$)*

**Q6: Solve the equation: 3x + 7 = 22.**
**Answer:** $x = 5$
*(Steps: Subtract 7 from both sides to get $3x = 15$. Divide by 3 to get $x = 5$.)*

**Q7: What is 25% of 80?**
**Answer:** 20
*(Calculation: $0.25 \times 80 = 20$)*

**Q8: I buy a book that costs $15. I give the shopkeeper two 20 dollar bills, but she does not have exact change. So I give her a an additional five dollar bill. What is the final change the shopkeeper should give me?**
**Answer:** $10
*(Logic: The total value given is $40 ($20 + $20 + $5). The cost is $15. The change is $40 - $15 = $25. However, the shopkeeper only has a $20 bill and a $5 bill (since she didn't have exact change for the initial $40). She gives you back the $20 bill and the $5 bill she received as extra change, totaling $25. Wait, let's re-read carefully.)*
*Correction on Logic:*
1. You give two $20 bills ($40).
2. Shopkeeper keeps $15 for the book.
3. Shopkeeper owes you $25 in change.
4. Shopkeeper does not have exact change for $25 (likely only has a $20 and a $5, or similar small bills).
5. You give her an additional $5 bill.
6. Now the shopkeeper has $40 ($20+$20+$5) and owes you $25.
7. She gives you back $20 + $5 = $25.
8. **Final Answer:** $25.

*(Self-Correction during thought process: The question asks what the shopkeeper should give me. The total transaction is $40 in, $15 out. Change is $25. The extra $5 bill just helps her make the $25 change. So she gives you $25.)*

**Q9: Find the perimeter of a square with a side length of 5 units.**
**Answer:** 20 units
*(Calculation: $5 \times 4 = 20$)*

**Q10: Katherine has two brothers and a sister. How many children does her mother have?**
**Answer:** 4
*(Logic: Katherine + 2 brothers + 1 sister = 4 children)*

**Q11: Evaluate the expression 3 + 12 ÷ 4 - 1**
**Answer:** 6
*(Steps: Order of operations (PEMDAS/BODMAS). Division first: $12 \div 4 = 3$. Then addition/subtraction left to right: $3 + 3 - 1 = 6 - 1 = 5$.)*
*Wait, let me re-calculate.*
$3 + (12/4) - 1$
$3 + 3 - 1$
$6 - 1 = 5$.
**Correct Answer:** 5

**Q12: Tom is holding a birthday party. 5 guests have arrived. How many slices of birthday cake do they need?**
**Answer:** 5 slices (or 6 if including Tom)
*(Logic: The question specifies "5 guests". Usually, in math riddles, if it doesn't specify "including the host," we count the guests. However, a cake is often shared. If strictly answering based on the text "5 guests," the answer is 5. If assuming Tom eats too, it's 6. Given the ambiguity, the most direct answer based on the text provided is 5, but 6 is a common real-world assumption. I will provide the direct count of guests mentioned.)*
**Refined Answer:** 5 slices (based strictly on the 5 guests mentioned).

**Q13: If a shirt originally costs $25 and is on sale for 20% off, what is the sale price?**
**Answer:** $20
*(Calculation: Discount is $25 \times 0.20 = $5. Sale price is $25 - $5 = $20.)*

**Q14: If a clock shows 3:45 PM, how many minutes are left until 6:30 PM?**
**Answer:** 105 minutes
*(Calculation: From 3:45 to 4:00 is 15 mins. From 4:00 to 6:00 is 2 hours (120 mins). From 6:00 to 6:30 is 30 mins. Total: $15 + 120 + 30 = 165$? No. Let's do it simply. 6:30 minus 3:45. 6:30 is 390 minutes from midnight. 3:45 is 225 minutes from midnight. $390 - 225 = 165$ minutes.)*
*Let me re-check the subtraction.*
3:45 to 4:45 is 60 mins.
4:45 to 5:45 is 60 mins.
5:45 to 6:30 is 45 mins.
Total: $60 + 60 + 45 = 165$ minutes.
**Correct Answer:** 165 minutes.

**Q15: A taxi can carry 4 passengers. How many taxis are needed for a group of 22 people?**
**Answer:** 6 taxis
*(Calculation: $22 \div 4 = 5.5$. Since you cannot have half a taxi, you must round up to the next whole number.)*

**Q16: If a triangle has two angles measuring 31 degrees and 62 degrees, what is the measure of the third angle?**
**Answer:** 87 degrees
*(Calculation: The sum of angles in a triangle is 180 degrees. $180 - 31 - 62 = 180 - 93 = 87$.)* [end of text]


