user
Give the answer for these questions. If you are not sure about the answer, you can say "I am not sure, but I think the answer is ..."

Q1: 1+1=?
Q2: 6*7=?
Q3: 83*59=?
Q4: 349*683=?
Q5: 6043*7489=?
Q6: Solve the equation: 3x + 7 = 22.
Q7: What is 25% of 80?
Q8: I buy a book that costs $15. I give the shopkeeper two 20 dollar bills, but she does not have exact change. So I give her a an additional five dollar bill. What is the final change the shopkeeper should give me?
Q9: Find the perimeter of a square with a side length of 5 units.
Q10: Katherine has two brothers and a sister. How many children does her mother have?
Q11: Evaluate the expression 3 + 12 รท 4 - 1
Q12: Tom is holding a birthday party. 5 guests have arrived. How many slices of birthday cake do they need?
Q13: If a shirt originally costs $25 and is on sale for 20% off, what is the sale price?
Q14: If a clock shows 3:45 PM, how many minutes are left until 6:30 PM?
Q15: A taxi can carry 4 passengers. How many taxis are needed for a group of 22 people?
Q16: If a triangle has two angles measuring 31 degrees and 62 degrees, what is the measure of the third angle?

Give the answer for the above questions. If you are not sure about the answer, you can say "I am not sure, but I think the answer is ..."

assistant
Q1: 1+1=2
Q2: 6*7=42
Q3: 83*59=4897
Q4: 349*683=238067
Q5: 6043*7489=453045027
Q6: Solve the equation: 3x + 7 = 22. The solution is x = 5.
Q7: 25% of 80 is 20.
Q8: The shopkeeper should give you $10 in change.
Q9: The perimeter of a square with a side length of 5 units is 20 units.
Q10: Katherine's mother has 3 children (Katherine, her brother, and her sister).
Q11: Evaluate the expression 3 + 12 รท 4 - 1. The result is 7.
Q12: Tom would need 5 slices of birthday cake for 5 guests, plus one more slice for Tom himself, making a total of 6 slices.
Q13: The sale price of a shirt originally costing $25 with a 20% discount is $20.
Q14: From 3:45 PM to 6:30 PM, there are 2 hours and 45 minutes. This is 165 minutes in total. So, there are 165 - 45 = 120 minutes left until 6:30 PM.
Q15: For a group of 22 people, where each taxi can carry 4 passengers, you would need 6 taxis (since 22 divided by 4 is 5.5, you need to round up to the next whole number).
Q16: The measure of the third angle in a triangle is 87 degrees, since the sum of the angles in a triangle is 180 degrees and the other two angles are 31 degrees and 62 degrees. [end of text]


