Here are the answers and step-by-step solutions for each question.

---

### Q1: What is the significance of the number 120? Tell me some of its interesting properties.

**Answer:**
The number 120 is highly significant in mathematics, history, and culture. It is a **highly composite number** (a number with more divisors than any smaller positive integer) and a **superior highly composite number**.

**Interesting Properties:**

1.  **Highly Composite Nature:**
    *   120 has **16 divisors**: 1, 2, 3, 4, 5, 6, 8, 10, 12, 15, 20, 24, 30, 40, 60, 120.
    *   This makes it very useful for dividing things into equal parts (e.g., time, angles, measurements).

2.  **Factorial Connection:**
    *   $120 = 5!$ (5 factorial).
    *   $5! = 5 \times 4 \times 3 \times 2 \times 1 = 120$.
    *   This is the smallest factorial that is also a highly composite number.

3.  **Practical Significance:**
    *   **Time:** There are 120 minutes in 2 hours. The base-60 system (sexagesimal) used by ancient Sumerians and Babylonians for time and angles divides easily into 120 (120 is divisible by 1, 2, 3, 4, 5, 6, 8, 10, 12, 15, 20, 24, 30, 40, 60, 120).
    *   **Angles:** A circle is 360 degrees. 120 is one-third of 360, making it significant in geometry (e.g., equilateral triangles inscribed in circles).
    *   **Measurements:** In the imperial system, 120 inches is 10 feet. In some contexts, 120 is used as a standard unit for divisibility.

4.  **Mathematical Classification:**
    *   It is a **practical number**: Every integer from 1 to 120 can be expressed as a sum of distinct divisors of 120.
    *   It is a **colossally abundant number**.

5.  **Cultural/Historical:**
    *   In the Bible, 120 is mentioned as the age of Moses when he died, and also as the number of people who gathered in the upper room after Jesus' ascension (Acts 1:15).
    *   In ancient Mesopotamia, the number 120 was used in their base-60 system as $2 \times 60$.

---

### Q2: Solve the equation: $x^2 - 7x - 18 = 0$

**Step-by-Step Solution:**

We can solve this quadratic equation by factoring or using the quadratic formula. Factoring is simpler here.

**Method 1: Factoring**

1.  We look for two numbers that multiply to $-18$ (the constant term) and add up to $-7$ (the coefficient of $x$).
2.  List factor pairs of $-18$:
    *   $1$ and $-18$ → Sum: $-17$
    *   $-1$ and $18$ → Sum: $17$
    *   $2$ and $-9$ → Sum: $-7$ ✅
    *   $-2$ and $9$ → Sum: $7$
    *   $3$ and $-6$ → Sum: $-3$
    *   $-3$ and $6$ → Sum: $3$
3.  The numbers are $2$ and $-9$.
4.  Rewrite the equation in factored form:
    $$ (x - 9)(x + 2) = 0 $$
5.  Set each factor equal to zero:
    *   $x - 9 = 0 \Rightarrow x = 9$
    *   $x + 2 = 0 \Rightarrow x = -2$

**Method 2: Quadratic Formula**

The formula is $x = \frac{-b \pm \sqrt{b^2 - 4ac}}{2a}$

1.  Identify coefficients: $a = 1$, $b = -7$, $c = -18$.
2.  Calculate the discriminant ($\Delta$):
    $$ \Delta = b^2 - 4ac = (-7)^2 - 4(1)(-18) = 49 + 72 = 121 $$
3.  Take the square root: $\sqrt{121} = 11$.
4.  Solve for $x$:
    $$ x = \frac{-(-7) \pm 11}{2(1)} = \frac{7 \pm 11}{2} $$
5.  Two solutions:
    *   $x_1 = \frac{7 + 11}{2} = \frac{18}{2} = 9$
    *   $x_2 = \frac{7 - 11}{2} = \frac{-4}{2} = -2$

**Final Answer:**
$$ x = 9 \quad \text{or} \quad x = -2 $$

---

### Q3: A train travels at an average speed of 60 km/h between two cities that are 200km apart. Assume the time stationed in the cities is negligible, how many round trips can it make between the two cities within a full day?

**Step-by-Step Solution:**

1.  **Calculate the time for one one-way trip:**
    *   Distance ($d$) = 200 km
    *   Speed ($v$) = 60 km/h
    *   Time ($t$) = $\frac{d}{v}$
    $$ t_{\text{one-way}} = \frac{200 \text{ km}}{60 \text{ km/h}} = \frac{20}{6} \text{ hours} = \frac{10}{3} \text{ hours} \approx 3.333 \text{ hours} $$

2.  **Calculate the time for one round trip:**
    *   A round trip consists of going from City A to City B and back from City B to City A.
    *   Assuming the speed is the same in both directions:
    $$ t_{\text{round-trip}} = 2 \times t_{\text{one-way}} = 2 \times \frac{10}{3} \text{ hours} = \frac{20}{3} \text{ hours} \approx 6.667 \text{ hours} $$

3.  **Determine the total time available in a full day:**
    *   1 day = 24 hours

4.  **Calculate the number of round trips:**
    *   Number of trips = $\frac{\text{Total Time}}{\text{Time per Round Trip}}$
    $$ \text{Number of trips} = \frac{24}{\frac{20}{3}} = 24 \times \frac{3}{20} $$
    $$ \text{Number of trips} = \frac{72}{20} = 3.6 $$

5.  **Interpret the result:**
    *   The train can complete 3 full round trips.
    *   The remaining 0.6 of a trip is not a complete round trip.
    *   Since the question asks for "how many round trips," we take the integer part.

**Final Answer:**
The train can make **3** full round trips within a full day. [end of text]


