Let's analyze both sets of numbers step by step.

---

### **Q1. Numbers: 178, 200, 146, 174, 124, 166, 132, 134, 140, 182**

#### Step 1: Check for even/odd
All numbers are **even** (divisible by 2).  
→ So, this set contains **only even numbers**.

#### Step 2: Range
- Minimum: 124  
- Maximum: 200  
- Range: 200 - 124 = **76**

#### Step 3: Mean (average)
Sum =  
178 + 200 = 378  
+146 = 524  
+174 = 698  
+124 = 822  
+166 = 988  
+132 = 1120  
+134 = 1254  
+140 = 1394  
+182 = **1576**

Mean = 1576 / 10 = **157.6**

#### Step 4: Median
Sort the numbers:  
124, 132, 134, 140, 146, 166, 174, 178, 182, 200

There are 10 numbers → median is average of 5th and 6th:  
(146 + 166) / 2 = **156**

#### Step 5: Deviation from mean
All numbers are close to 157.6 — within about 40 units.

#### Step 6: Look for patterns
Let’s see if they are related to multiples or have a common property.

Try subtracting 100:  
78, 100, 46, 74, 24, 66, 32, 34, 40, 82

Not obviously meaningful.

Try dividing by 2:  
89, 100, 73, 87, 62, 83, 66, 67, 70, 91

Still not revealing.

Wait — let’s look at **differences between consecutive numbers** (after sorting):

Sorted:  
124, 132, 134, 140, 146, 166, 174, 178, 182, 200

Differences:
- 132 - 124 = 8  
- 134 - 132 = 2  
- 140 - 134 = 6  
- 146 - 140 = 6  
- 166 - 146 = 20  
- 174 - 166 = 8  
- 178 - 174 = 4  
- 182 - 178 = 4  
- 200 - 182 = 18

No clear arithmetic pattern.

But notice: **all numbers are even**, and **all are between 120 and 200**.

Wait — could they be related to **ages**? Possibly, but not particularly meaningful.

Another idea: **are they all divisible by 2 but not by 4?**  
Check:  
- 124 ÷ 4 = 31 → divisible by 4  
- 132 ÷ 4 = 33 → yes  
- 134 ÷ 4 = 33.5 → no  
- 140 ÷ 4 = 35 → yes  
- 146 ÷ 4 = 36.5 → no  
- 166 ÷ 4 = 41.5 → no  
- 174 ÷ 4 = 43.5 → no  
- 178 ÷ 4 = 44.5 → no  
- 182 ÷ 4 = 45.5 → no  
- 200 ÷ 4 = 50 → yes

So some divisible by 4, some not. No consistent divisibility.

But here’s a thought: **are these numbers related to something like scores, measurements, or even numbers in a dataset?**

Alternatively, consider **sum of digits**:

- 178 → 1+7+8 = 16  
- 200 → 2+0+0 = 2  
- 146 → 1+4+6 = 11  
- 174 → 1+7+4 = 12  
- 124 → 1+2+4 = 7  
- 166 → 1+6+6 = 13  
- 132 → 1+3+2 = 6  
- 134 → 1+3+4 = 8  
- 140 → 1+4+0 = 5  
- 182 → 1+8+2 = 11

No clear pattern.

Wait — another idea: **are these numbers close to multiples of 10?**  
Yes — all end in 2, 4, 6, 8, 0 — even digits, as expected.

But more interesting: **many are near 150–180**, but spread out.

Wait — let’s look at **how far each number is from 150**:

- 124 → -26  
- 132 → -18  
- 134 → -16  
- 140 → -10  
- 146 → -4  
- 166 → +16  
- 174 → +24  
- 178 → +28  
- 182 → +32  
- 200 → +50

Not symmetric.

But notice: **124, 132, 134, 140, 146** — these are all below 150, and increasing by small steps.

Then jump to 166 (+20), then 174, 178, 182, 200.

The jump from 146 to 166 is 20 — possibly a gap.

But still, no strong pattern.

Wait — **are these numbers all even and between 120 and 200?** Yes.

But here’s a **key observation**:

Let’s look at **the numbers modulo 10** (last digit):

- 178 → 8  
- 200 → 0  
- 146 → 6  
- 174 → 4  
- 124 → 4  
- 166 → 6  
- 132 → 2  
- 134 → 4  
- 140 → 0  
- 182 → 2

So last digits: 8, 0, 6, 4, 4, 6, 2, 4, 0, 2

So:  
- 0: 2 times (200, 140)  
- 2: 2 times (132, 182)  
- 4: 3 times (174, 124, 134)  
- 6: 2 times (146, 166)  
- 8: 1 time (178)

No strong digit pattern.

But here’s a **different idea**: could these be **temperatures in Fahrenheit**? Possibly, but not particularly insightful.

Alternatively, **could they be related to years?** 124 AD? 178 AD? 200 AD? But 124 is early, 200 is late — possible, but not compelling.

Wait — **another idea**: are these numbers **all divisible by 2**, and **could they be related to even numbers in a specific range?**

Yes — but that’s trivial.

Wait — let’s try **prime factorization** of one or two:

- 124 = 4 × 31 = 2² × 31  
- 132 = 12 × 11 = 2² × 3 × 11  
- 134 = 2 × 67  
- 140 = 2² × 5 × 7  
- 146 = 2 × 73  
- 166 = 2 × 83  
- 174 = 2 × 87 = 2 × 3 × 29  
- 178 = 2 × 89  
- 182 = 2 × 91 = 2 × 7 × 13  
- 200 = 2³ × 5²

So **every number is divisible by 2**, and **many are twice a prime**:

- 134 = 2 × 67 (67 prime)  
- 146 = 2 × 73 (73 prime)  
- 166 = 2 × 83 (83 prime)  
- 178 = 2 × 89 (89 prime)  
- 182 = 2 × 91 → 91 = 7×13 → not prime  
- 124 = 2 × 62 → 62 = 2×31 → not prime  
- 132 = 2 × 66 → not prime  
- 140 = 2 × 70 → not prime  
- 174 = 2 × 87 → 87 = 3×29 → not prime  
- 200 = 2 × 100 → not prime

So **five numbers are twice a prime**: 134, 146, 166, 178, and 182? Wait — 182 = 2×91, 91 not prime → so **only 134, 146, 166, 178** → 4 numbers.

So four numbers are twice a prime.

But not all.

Still, **no strong pattern**.

But here’s a **key insight**:

Let’s look at the **average**: 157.6  
Median: 156  
Close to 150–160.

But wait — **are these numbers related to something like test scores, weights, or distances?**

Alternatively, **could they be related to the number of something?**

Wait — **another idea**: are these numbers **all even and between 120 and 200**, and **do they represent something like the number of days in a month?** No — max 31.

No.

Wait — **what if we consider that all numbers are even, and the set is symmetric in some way?**

Let’s check symmetry around the mean (157.6):

- 124 → 157.6 - 124 = 33.6  
- 200 → 200 - 157.6 = 42.4 → not symmetric  
- 132 → 25.6 below  
- 182 → 24.4 above → close  
- 134 → 23.6 below  
- 178 → 20.4 above → close  
- 140 → 17.6 below  
- 174 → 16.4 above → close  
- 146 → 11.6 below  
- 166 → 8.4 above → close

So some are close to symmetric, but not exactly.

But notice: **124 and 200** → 124 + 200 = 324  
132 + 182 = 314  
134 + 178 = 312  
140 + 174 = 314  
146 + 166 = 312

So pairs sum to around 312–324 — not constant.

But **146 + 166 = 312**, **134 + 178 = 312**, **132 + 182 = 314**, **140 + 174 = 314**, **124 + 200 = 324**

Not consistent.

But **three pairs sum to 312 or 314** — close.

But not strong.

After extensive analysis, **the most notable thing** is:

> ✅ **All numbers are even, between 120 and 200, and the set has a mean of 157.6 and median of 156. There is no obvious arithmetic or geometric pattern, but four of the numbers (134, 146, 166, 178) are twice a prime number.**

But wait — **let’s go back to the second set** — maybe there’s a connection.

---

### **Q2. Numbers: 103, 101, 197, 151, 127, 137, 179, 199, 191, 109**

#### Step 1: Check for even/odd
All numbers are **odd**.

#### Step 2: Range
- Min: 101  
- Max: 199  
- Range: 98

#### Step 3: Are they prime?

Let’s check each:

- 101 → **prime**  
- 103 → **prime**  
- 109 → **prime**  
- 127 → **prime**  
- 137 → **prime**  
- 151 → **prime**  
- 179 → **prime**  
- 191 → **prime**  
- 197 → **prime**  
- 199 → **prime**

✅ **All ten numbers are prime numbers!**

And they are all **odd primes** (since 2 is not in the list).

Now, what kind of primes?

Let’s sort them:  
101, 103, 109, 127, 137, 151, 179, 191, 197, 199

All are **two-digit or three-digit primes**, specifically **between 100 and 200**.

So:  
> ✅ **All numbers in Q2 are prime numbers in the range 100 to 200.**

In fact, they are **all the primes between 100 and 200 that are not divisible by 3, 5, or 7?** Let’s check.

But more precisely:  
List of primes between 100 and 200:

101, 103, 107, 109, 113, 127, 131, 137, 139, 149, 151, 157, 163, 167, 173, 179, 181, 191, 193, 197, 199

Now, the given set:  
101, 103, 197, 151, 127, 137, 179, 199, 191, 109

So missing: 107, 113, 131, 139, 149, 157, 163, 167, 173, 181, 193

So **only 10 of the 21 primes in that range are present**.

But still — **all are prime**, and **all are in the 100–200 range**.

So the key point is:

> ✅ **All numbers in Q2 are prime numbers between 100 and 200.**

Now, back to Q1 — is there a similar pattern?

Wait — **Q1 numbers are all even**, so **cannot be prime** (except 2, which is not here). So **none are prime**.

But in Q2, **all are prime**.

So the **big difference** is:

- Q1: all even, not prime, between 120 and 200
- Q2: all odd, all prime, between 100 and 200

But wait — **could Q1 be related to something else?**

Wait — **what if Q1 numbers are twice a prime?**

Let’s check:

- 124 = 2 × 62 → 62 not prime  
- 132 = 2 × 66 → no  
- 134 = 2 × 67 → 67 is prime → yes  
- 140 = 2 × 70 → no  
- 146 = 2 × 73 → 73 prime → yes  
- 166 = 2 × 83 → 83 prime → yes  
- 174 = 2 × 87 → 87 = 3×29 → no  
- 178 = 2 × 89 → 89 prime → yes  
- 182 = 2 × 91 → 91 = 7×13 → no  
- 200 = 2 × 100 → no

So only **134, 146, 166, 178** are twice a prime.

So **four out of ten**.

But **Q2 has ten primes**.

So **Q2 is special**: **all numbers are prime**.

Now, **is there a connection between Q1 and Q2?**

Wait — **look at the numbers in Q1:**

178, 200, 146, 174, 

