### Q1. What can you say about these numbers? (unordered set, not a sequence)
178, 200, 146, 174, 124, 166, 132, 134, 140, 182

1. **Range**: The range of the numbers is from 124 to 200.
2. **Mean**: The mean (average) of the numbers is approximately 157.6.
3. **Median**: The median (middle value when sorted) is 166.
4. **Mode**: There is no mode (no number repeats).
5. **Standard Deviation**: The standard deviation is approximately 25.8, indicating moderate variability.
6. **Even and Odd Numbers**: There are 6 even numbers (178, 200, 146, 174, 124, 166, 132, 134, 140, 182) and 4 odd numbers (none in this set).
7. **Prime Numbers**: None of these numbers are prime.

### Q2. What can you say about these numbers? (unordered set, not a sequence)
103, 101, 197, 151, 127, 137, 179, 199, 191, 109

1. **Range**: The range of the numbers is from 101 to 199.
2. **Mean**: The mean (average) of the numbers is approximately 150.4.
3. **Median**: The median (middle value when sorted) is 151.
4. **Mode**: There is no mode (no number repeats).
5. **Standard Deviation**: The standard deviation is approximately 40.1, indicating higher variability.
6. **Even and Odd Numbers**: All numbers are odd.
7. **Prime Numbers**: All numbers are prime (103, 101, 197, 151, 127, 137, 179, 199, 191, 109).

### Summary:
- **Q1**: The numbers are mostly even, have a moderate spread, and none are prime.
- **Q2**: All numbers are odd, have a higher spread, and all are prime. [end of text]


