Let's analyze each set of numbers separately, keeping in mind that they are **unordered sets**, so we're looking for patterns or properties that the numbers share, rather than sequential behavior.

---

### **Q1: 178, 200, 146, 174, 124, 166, 132, 134, 140, 182**

Let’s look at some properties:

#### Step 1: Check if they are all even
- 178 → even  
- 200 → even  
- 146 → even  
- 174 → even  
- 124 → even  
- 166 → even  
- 132 → even  
- 134 → even  
- 140 → even  
- 182 → even  

✅ **All numbers are even.**

So this set consists entirely of **even numbers**.

#### Step 2: Any other pattern?
Let’s see if they are close to multiples of 10 or something else.

List sorted:  
124, 132, 134, 140, 146, 166, 174, 178, 182, 200

Range: 124 to 200 — fairly spread out.

Check if they are all divisible by 2 (yes), but by 4?

- 124 ÷ 4 = 31 → yes  
- 132 ÷ 4 = 33 → yes  
- 134 ÷ 4 = 33.5 → no  
So not all divisible by 4.

Any connection to primes? Unlikely, since all are even and >2 → none are prime.

Wait — could these be **twice a prime**?

Let’s test: divide each by 2 and see if result is prime.

- 178 → 89 → prime ✅  
- 200 → 100 → not prime ❌  
- 146 → 73 → prime ✅  
- 174 → 87 → 87 = 3×29 → not prime ❌  
- 124 → 62 → not prime ❌  
- 166 → 83 → prime ✅  
- 132 → 66 → not prime ❌  
- 134 → 67 → prime ✅  
- 140 → 70 → not prime ❌  
- 182 → 91 → 7×13 → not prime ❌

Only some are twice a prime.

So that doesn’t hold.

Alternatively, maybe they are **numbers that are even and not divisible by 3**?

Check divisibility by 3 (sum of digits):

- 178: 1+7+8=16 → not divisible by 3  
- 200: 2+0+0=2 → no  
- 146: 1+4+6=11 → no  
- 174: 1+7+4=12 → divisible by 3 → so divisible by 3 ❌

So no.

Alternatively, perhaps they are **numbers between 100 and 200**, but that’s trivial.

Wait — could this be related to **ASCII codes**?

Let’s check: ASCII codes for printable characters go from 32 to 126 (standard). These numbers are mostly above 126.

Extended ASCII (8-bit) goes to 255, so possible.

But 178, 200, etc. — in Latin-1, 178 is ² (superscript 2), 200 is È, 146 is a control character or dash in some encodings — seems messy.

Unlikely to be meaningful.

Alternatively, think: **all even numbers in a certain range**?

But why these specific ones?

Wait — let's check if they are **all composite**?

They are all even and greater than 2 → so **all composite** ✅

But that’s true of any even number >2.

So far, the strongest observation is:

> ✅ All numbers are **even integers** between 124 and 200.

But is there more?

Wait — let's check **digital root** or modulo 6?

Try modulo 6:

Even numbers mod 6 can be 0, 2, or 4.

But not sure.

Alternatively, think: could these be **twice a number with a certain property**?

We tried twice a prime — didn’t work.

Wait — another idea: **numbers that are not prime and not odd** — again trivial.

Alternatively, perhaps these are **numbers that appear in a certain context**, like scores, ages, etc. — but no context given.

Wait — let's look at the **differences from 200**:

- 200 - 178 = 22  
- 200 - 146 = 54  
- 200 - 174 = 26  
- 200 - 124 = 76  
- 200 - 166 = 34  
- 200 - 132 = 68  
- 200 - 134 = 66  
- 200 - 140 = 60  
- 200 - 182 = 18

No obvious pattern.

Alternatively, maybe they are **all numbers that contain only even digits**?

Check:

- 178 → digits: 1 (odd), 7 (odd), 8 (even) → has odd digits ❌  
- 200 → 2,0,0 → all even ✅  
- 146 → 1 (odd) ❌  
- 174 → 1,7 odd ❌  
- 124 → 1 odd ❌  
- 166 → 1 odd ❌  
- 132 → 1,3 odd ❌  
- 134 → 1,3 odd ❌  
- 140 → 1 odd ❌  
- 182 → 1 odd ❌

Only 200 qualifies.

No.

Wait — reverse: do they all contain at least one odd digit?

Yes — actually, all except 200 start with '1', which is odd.

But 200 starts with 2, but has 0s.

But not helpful.

Wait — **all are even, and all are between 100 and 200 except 200 itself (which is equal to 200)** → so all in [124, 200]

But still, not very insightful.

Wait — could this be **the number of something**?

Alternatively, think: **sum of digits even or odd**?

- 178: 1+7+8=16 → even  
- 200: 2 → even  
- 146: 11 → odd  
- 174: 12 → even  
- 124: 7 → odd  
- 166: 13 → odd  
- 132: 6 → even  
- 134: 8 → even  
- 140: 5 → odd  
- 182: 11 → odd

Mixed.

No.

Wait — perhaps these are **numbers that are not divisible by 3 or 5**?

Check 178:  
- ÷3: 1+7+8=16 → not divisible by 3  
- ÷5: doesn't end in 0 or 5 → no  
→ not divisible by 3 or 5

200: ends in 0 → divisible by 5 → ❌

So no.

Hmm.

Wait — perhaps this set is just **arbitrary even numbers**?

But let's compare with Q2.

---

### **Q2: 103, 101, 197, 151, 127, 137, 179, 199, 191, 109**

All are 3-digit numbers between 100 and 200.

Check if they are **prime**?

Let’s test each:

- 101 → prime ✅  
- 103 → prime ✅  
- 109 → prime ✅  
- 127 → prime ✅ (127 is a well-known prime)  
- 137 → prime ✅  
- 151 → prime ✅  
- 179 → prime ✅  
- 191 → prime ✅  
- 197 → prime ✅  
- 199 → prime ✅

✅ **All are prime numbers!**

Moreover, they are all **3-digit primes**, specifically in the range 100–200.

Are they all **primes between 100 and 200**? No — missing many like 113, 131, 139, 149, 157, etc.

But the ones listed are all primes.

So Q2: **All numbers are prime.**

Now go back to Q1.

Wait — Q1 numbers are all **even**, so **cannot be prime** (except 2, which isn't here). So Q1: all composite even numbers.

But is there a better pattern?

Wait — could Q1 be **twice the numbers in Q2**?

Let’s test:

Q2 has 101 → 2×101 = 202 → not in Q1  
103 → 206 → not in Q1  
109 → 218 → no  
127 → 254 → too big  
But Q1 has 200 → 200/2 = 100 → not prime  
178 → 89 → prime  
146 → 73 → prime  
166 → 83 → prime  
134 → 67 → prime  
182 → 91 → not prime (7×13)  
174 → 87 → not prime  
124 → 62 → not prime

So some are twice a prime, some are not.

List which in Q1 are twice a prime:

- 178 = 2×89 ✅  
- 146 = 2×73 ✅  
- 166 = 2×83 ✅  
- 134 = 2×67 ✅  
- 132 = 2×66 → 66 not prime ❌  
- 132 = 2×66 → no  
Wait, 132 → 66 → not prime  
140 → 70 → not prime  
174 → 87 → not prime  
124 → 62 → not prime  
182 → 91 → not prime  
200 → 100 → not prime

So only 178, 146, 166, 134 are twice a prime → 4 out of 10.

Not a majority.

But wait — Q2 has primes: 101, 103, 109, 127, 137, 139? No 139 not in list.

Wait — look at the primes in Q2:  
101, 103, 109, 127, 137, 151, 179, 191, 197, 199

Now, are any of the Q1 numbers equal to **200 minus a number in Q2**?

Try:

200 - 101 = 99 → not in Q1  
200 - 103 = 97 → no  
200 - 197 = 3 → no  
200 - 151 = 49 → no  
200 - 127 = 73 → no  
200 - 137 = 63 → no  
200 - 179 = 21 → no  
200 - 199 = 1 → no  
200 - 191 = 9 → no  
200 - 109 = 91 → no

No.

Alternatively, **sum of Q1 and Q2 numbers**?

Unlikely.

Wait — another idea: **Q1: all even numbers, Q2: all odd numbers (specifically primes)**

But more precisely:

> Q2: All are **prime numbers**.

That’s a strong pattern.

Now back to Q1: is there a similar strong property?

Wait — let's check if all numbers in Q1 are **not divisible by 3**?

Check digit sums:

- 178: 1+7+8=16 → 16 mod 3 = 1 → not divisible by 3 ✅  
- 200: 2 → not divisible by 3 ✅  
- 146: 1+4+6=11 → 11 mod 3 = 2 → ✅  
- 174: 1+7+4=12 → divisible by 3 → ❌  
So 174 is divisible by 3 → so not all avoid 3.

Similarly, 132: 1+3+2=6 → divisible by 3 → ❌

So no.

Wait — could Q1 be **numbers that are even and not prime**? Yes, but trivial.

Alternatively, think: **all numbers in Q1 are composite even numbers between 120 and 200** — true, but weak.

Wait — perhaps they are **the even numbers that are not in the range of some function**?

Alternatively, think: could this be **the number of letters in something**? Unlikely.

Wait — another idea: **palindromic or digit patterns**?

- 200 → has two 0s  
- 178 → no  
- 146 → no  
- 174 → no  
- 124 → no  
- 166 → two 6s  
- 132 → no  
- 134 → no  
- 140 → no  
- 182 → no

Only 166 and 200 have repeated digits.

Not a pattern.

Wait — let's look at **last digits**:

Q1: 8, 0, 6, 4, 4, 6, 2, 4, 0, 2

So last digits: 0,2,4,6,8 — all even, as expected.

Frequencies:
- 0: 200, 140? No — 140 ends in 0? Yes — 140 and 200 → two 0s
- 2: 124, 182 → two
- 4: 174, 134, 140? 140 ends in 0 — no. 174, 134, 124? 124 ends in 4? No, 124 ends in 4? 124 → yes, ends in 4. 174, 134, 124 → three
- 6: 146, 174? 174 ends in 4 — no. 146, 166 → two
- 8: 178, 182? 182 ends in 2 — only 178

So: 0:2, 2:2, 4:3, 6:2, 8:1 — no pattern.

Wait — perhaps Q1 and Q2 are **complementary in some way**?

Total numbers: 10 in each.

Q2: all primes between 100 and 200? No — missing many.

But let's list all primes between 100 and 200:

101, 103, 107, 109, 113, 127, 131, 137, 139, 149, 151, 157, 163, 167, 173, 179, 181, 191, 193, 197, 199

Q2 has: 101, 103, 197, 151, 127, 137, 179, 199, 191, 109

So: 101, 103, 109, 127, 137, 151, 179, 191, 197, 199

Missing: 107, 113, 131, 139, 149, 157, 163, 167, 173, 181, 193

So not all — but the ones present are all primes.

So Q2: **a set of 10 three-digit prime numbers.**

Now back to Q1.

Wait — could Q1 be **twice a prime**? We saw only 4 are.

But let's list the ones that are:

- 134 = 2×67  
- 146 = 2×73  
- 166 = 2×83  
- 178 = 2×89

67, 73, 83, 89 — all primes.

Now look at Q2: does it contain 67? No — all are >100.

So no.

Wait — another idea: **Q1 numbers are all even, Q2 are all odd primes** — so Q1 are even composites, Q2 are odd primes.

But still.

Wait — perhaps Q1 are **numbers that are not prime and not odd** — i.e., even composites.

But again, trivial.

Wait — let's calculate the **sum** of Q1:

178 + 200 = 378  
+146

