Let's analyze the two sets of numbers provided.

### Q1. What can you say about these numbers? (unordered set, not a sequence)
178, 200, 146, 174, 124, 166, 132, 134, 140, 182

1. **Range**: The numbers range from 124 to 200.
2. **Even Numbers**: All the numbers in this set are even.
3. **Sum**: The sum of these numbers is 1476.
4. **Average**: The average (mean) of these numbers is 147.6.
5. **Median**: The median of these numbers is 160 (the average of the 5th and 6th numbers when sorted).
6. **Mode**: There is no mode since all numbers are unique.
7. **Distribution**: The numbers appear to be somewhat evenly distributed within the range, but there is no clear pattern or sequence.

### Q2. What can you say about these numbers? (unordered set, not a sequence)
103, 101, 197, 151, 127, 137, 179, 199, 191, 109

1. **Range**: The numbers range from 101 to 199.
2. **Prime Numbers**: All the numbers in this set are prime numbers.
3. **Sum**: The sum of these numbers is 1394.
4. **Average**: The average (mean) of these numbers is 139.4.
5. **Median**: The median of these numbers is 151 (the average of the 5th and 6th numbers when sorted).
6. **Mode**: There is no mode since all numbers are unique.
7. **Distribution**: The numbers are prime and do not follow a simple arithmetic or geometric pattern.

These observations provide a basic statistical and numerical analysis of the given sets. [end of text]


