### Q1: Analysis of the Set {178, 200, 146, 174, 124, 166, 132, 134, 140, 182}

#### 1. **Range**:
   - **Minimum**: 124
   - **Maximum**: 200
   - **Range**: 200 - 124 = 76

#### 2. **Mean (Average)**:
   - Sum = 178 + 200 + 146 + 174 + 124 + 166 + 132 + 134 + 140 + 182 = 1,576
   - Mean = 1,576 / 10 = 157.6

#### 3. **Median**:
   - Sorted order: 124, 132, 134, 140, 146, 166, 174, 178, 182, 200
   - Median (average of 5th and 6th values) = (146 + 166) / 2 = 156

#### 4. **Mode**:
   - All numbers are unique; no mode exists.

#### 5. **Standard Deviation**:
   - Variance calculation:
     - Differences from mean: (178-157.6)=20.4, (200-157.6)=42.4, (146-157.6)=-11.6, (174-157.6)=16.4, (124-157.6)=-33.6, (166-157.6)=8.4, (132-157.6)=-25.6, (134-157.6)=-23.6, (140-157.6)=-17.6, (182-157.6)=24.4
     - Squared differences: 416.16, 1,797.76, 134.56, 268.96, 1,128.96, 70.56, 655.36, 556.96, 309.76, 595.36
     - Sum of squared differences = 6,934.4
     - Variance = 6,934.4 / 10 = 693.44
   - Standard Deviation ≈ √693.44 ≈ 26.33

#### 6. **Distribution**:
   - The numbers are somewhat spread out, with a standard deviation of about 26.33, indicating moderate variability around the mean.
   - The range is 76, suggesting a wide spread from the lowest to the highest value.

#### 7. **Potential Context**:
   - Without additional context, it's challenging to determine the exact nature of these numbers. They could represent measurements, scores, or any other numerical data.
   - The values seem to be in the hundreds, possibly representing ages, test scores, or some other metric where values around 150-200 are common.

### Q2: Analysis of the Set {103, 101, 197, 151, 127, 137, 179, 199, 191, 109}

#### 1. **Range**:
   - **Minimum**: 101
   - **Maximum**: 199
   - **Range**: 199 - 101 = 98

#### 2. **Mean (Average)**:
   - Sum = 103 + 101 + 197 + 151 + 127 + 137 + 179 + 199 + 191 + 109 = 1,494
   - Mean = 1,494 / 10 = 149.4

#### 3. **Median**:
   - Sorted order: 101, 103, 109, 127, 137, 151, 179, 191, 197, 199
   - Median (average of 5th and 6th values) = (137 + 151) / 2 = 144

#### 4. **Mode**:
   - All numbers are unique; no mode exists.

#### 5. **Standard Deviation**:
   - Variance calculation:
     - Differences from mean: (103-149.4)=-46.4, (101-149.4)=-48.4, (197-149.4)=47.6, (151-149.4)=1.6, (127-149.4)=-22.4, (137-149.4)=-12.4, (179-149.4)=29.6, (199-149.4)=49.6, (191-149.4)=41.6, (109-149.4)=-40.4
     - Squared differences: 2,152.96, 2,342.56, 2,265.76, 2.56, 501.76, 153.76, 876.16, 2,460.16, 1,730.56, 1,632.16
     - Sum of squared differences = 14,118.4
     - Variance = 14,118.4 / 10 = 1,411.84
   - Standard Deviation ≈ √1,411.84 ≈ 37.57

#### 6. **Distribution**:
   - The numbers exhibit higher variability compared to Q1, with a standard deviation of about 37.57.
   - The range is 98, indicating a wider spread from the lowest to the highest value.

#### 7. **Prime Numbers**:
   - Notably, all numbers in this set are prime numbers:
     - 101, 103, 109, 127, 137, 151, 179, 191, 197, 199 are all primes.
   - This suggests that the set is a collection of prime numbers within a certain range (100-200).

#### 8. **Potential Context**:
   - Given that all numbers are primes, this set could be related to number theory, cryptography, or any field where prime numbers are significant.
   - The primes are spread out, with no immediate pattern in their distribution other than being primes.

### Summary of Observations:

- **Q1**:
  - The numbers are a mix of values with a moderate spread (standard deviation ~26.33).
  - No clear pattern or special property (like all being even, primes, etc.) is evident.
  - Could represent a general dataset without specific constraints.

- **Q2**:
  - All numbers are prime numbers between 100 and 200.
  - The spread is wider (standard deviation ~37.57) compared to Q1.
  - The set is likely curated for its prime property, possibly for mathematical or computational purposes.

### Final Answer:

**Q1**: The numbers {178, 200, 146, 174, 124, 166, 132, 134, 140, 182} form an unordered set with a range of 76, a mean of 157.6, and a median of 156. The standard deviation is approximately 26.33, indicating moderate variability. All numbers are unique, and no specific pattern (such as all being even or primes) is present.

**Q2**: The numbers {103, 101, 197, 151, 127, 137, 179, 199, 191, 109} are all prime numbers between 100 and 200. The set has a range of 98, a mean of 149.4, and a median of 144. The standard deviation is approximately 37.57, showing higher variability compared to Q1. This set is notable for consisting entirely of prime numbers. [end of text]


