Attempt: 8 * 3 * 1 - 4 = 24 - 4 = 20, which is not 24. Retrying
Attempt: (8 - 4) * 3 * 1 = 4 * 3 = 12, which is not 24. Retrying
Attempt: 8 * 3 + 4 * 1 = 24 + 4 = 28, which is not 24. Retrying
Attempt: 8 * 3 * 1 + 4 = 24 + 4 = 28, which is not 24. Retrying
Attempt: 8 * 3 - 4 * 1 = 24 - 4 = 20, which is not 24. Retrying
Attempt: 8 * 3 - 4 + 1 = 24 - 4 + 1 = 21, which is not 24. Retrying
Attempt: 8 * 3 + 4 - 1 = 24 + 4 - 1 = 27, which is not 24. Retrying
Attempt: 8 * 3 * (4 - 1) = 24 * 3 = 72, which is not 24. Retrying
Attempt: 8 * 3 / 1 - 4 = 24 - 4 = 20, which is not 24. Retrying
Attempt: 8 * 3 / (4 - 1) = 24 / 3 = 8, which is not 24. Retrying
Attempt: (8 - 4) * (3 + 1) = 4 * 4 = 16, which is not 24. Retrying
Attempt: 8 * (3 + 1) - 4 = 32 - 4 = 28, which is not 24. Retrying
Attempt: 8 * (3 + 1) / 1 - 4 = 32 - 4 = 28, which is not 24. Retrying
Attempt: 8 * 3 * 1 - 4 = 20, which is not 24. Retrying
Attempt: 8 * 3 + 1 - 4 = 24 + 1 - 4 = 21, which is not 24. Retrying
Attempt: 8 * 3 - 1 - 4 = 24 - 1 - 4 = 19, which is not 24. Retrying
Attempt: 8 * 3 + 4 / 1 = 24 + 4 = 28, which is not 24. Retrying
Attempt: 8 * 3 - 4 / 1 = 24 - 4 = 20, which is not 24. Retrying
Attempt: (8 - 1) * 3 + 4 = 7 * 3 + 4 = 21 + 4 = 25, which is not 24. Retrying
Attempt: (8 - 4) * 3 * 1 = 12, which is not 24. Retrying
Attempt: 8 * 3 * (1 - 4) = 24 * -3 = -72, which is not 24. Retrying
Attempt: 8 * 3 + 4 * 1 = 28, which is not 24. Retrying
Attempt: 8 * 3 - 4 * 1 = 20, which is not 24. Retrying
Attempt: 8 * 3 + 1 - 4 = 21, which is not 24. Retrying
Attempt: 8 * 3 - 1 - 4 = 19, which is not 24. Retrying
Attempt: 8 * 3 * 1 + 4 = 28, which is not 24. Retrying
Attempt: 8 * 3 / 1 - 4 = 20, which is not 24. Retrying
Attempt: 8 * 3 / (4 - 1) = 8, which is not 24. Retrying
Attempt: 8 * (3 + 1) - 4 = 28, which is not 24. Retrying
Attempt: 8 * (3 + 1) / 1 - 4 = 28, which is not 24. Retrying
Attempt: 8 * (3 + 1) / (4 - 1) = 32 / 3 = 10.67, which is not 24. Retrying
Attempt: 8 * 3 + 4 - 1 = 27, which is not 24. Retrying
Attempt: 8 * 3 - 4 + 1 = 21, which is not 24. Retrying
Attempt: 8 * 3 * 1 - 4 = 20, which is not 24. Retrying
Attempt: 8 * 3 / 1 - 4 = 20, which is not 24. Retrying
Attempt: 8 * 3 + 4 / 1 = 28, which is not 24. Retrying
Attempt: 8 * 3 - 4 / 1 = 20, which is not 24. Retrying
Attempt: (8 - 1) * 3 + 4 = 25, which is not 24. Retrying
Attempt: (8 - 4) * (3 + 1) = 16, which is not 24. Retrying
Attempt: 8 * (3 + 1) - 4 = 28, which is not 24. Retrying
Attempt: 8 * (3 + 1) / 1 - 4 = 28, which is not 24. Retrying
Attempt: 8 * (3 + 1) / (4 - 1) = 10.67, which is not 24. Retrying
Attempt: 8 * 3 * (4 - 1) = 72, which is not 24. Retrying
Attempt: 8 * 3 * 1 * 4 = 96, which is not 24. Retrying
Attempt: 8 * 3 * 1 / 4 = 6, which is not 24. Retrying
Attempt: 8 * 3 / 1 / 4 = 6, which is not 24. Retrying
Attempt: 8 * 3 / (1 * 4) = 6, which is not 24. Retrying
Attempt: 8 * 3 + 1 * 4 = 28, which is not 24. Retrying
Attempt: 8 * 3 - 1 * 4 = 20, which is not 24. Retrying
Attempt: 8 * 3 + 4 / 1 = 28, which is not 24. Retrying
Attempt: 8 * 3 - 4 / 1 = 20, which is not 24. Retrying
Attempt: 8 * 3 * 1 - 4 = 20, which is not 24. Retrying
Attempt: 8 * 3 / 1 - 4 = 20, which is not 24. Retrying
Attempt: 8 * 3 + 4 - 1 = 27, which is not 24. Retrying
Attempt: 8 * 3 - 4 + 1 = 21, which is not 24. Retrying
Attempt: 8 * 3 + 1 - 4 = 21, which is not 24. Retrying
Attempt: 8 * 3 - 1 - 4 = 19, which is not 24. Retrying
Attempt: 8 * 3 * 1 + 4 = 28, which is not 24. Retrying
Attempt: 8 * 3 * 1 - 4 = 20, which is not 24. Retrying
Attempt: 8 * 3 / 1 + 4 = 28, which is not 24. Retrying
Attempt: 8 * 3 / 1 - 4 = 20, which is not 24. Retrying
Attempt: 8 * 3 + 4 * 1 = 28, which is not 24. Retrying
Attempt: 8 * 3 - 4 * 1 = 20, which is not 24. Retrying
Attempt: 8 * 3 + 1 - 4 = 21, which is not 24. Retrying
Attempt: 8 * 3 - 1 - 4 = 19, which is not 24. Retrying
Attempt: 8 * 3 * (1 - 4) = -72, which is not 24. Retrying
Attempt: 8 * 3 / (1 - 4) = -8, which is not 24. Retrying
Attempt: 8 * 3 + 4 - 1 = 27, which is not 24. Retrying
Attempt: 8 * 3 - 4 + 1 = 21, which is not 24. Retrying
Attempt: 8 * 3 + 1 - 4 = 21, which is not 24. Retrying
Attempt: 8 * 3 - 1 - 4 = 19, which is not 24. Retrying
Attempt: 8 * 3 * 1 - 4 = 20, which is not 24. Retrying
Attempt: 8 * 3 / 1 - 4 = 20, which is not 24. Retrying
Attempt: 8 * 3 + 4 / 1 = 28, which is not 24. Retrying
Attempt: 8 * 3 - 4 / 1 = 20, which is not 24. Retrying
Attempt: 8 * 3 * 1 + 4 = 28, which is not 24. Retrying
Attempt: 8 * 3 * 1 - 4 = 20, which is not 24. Retrying
Attempt: 8 * 3 / 1 + 4 = 28, which is not 24. Retrying
Attempt: 8 * 3 / 1 - 4 = 20, which is not 24. Retrying
Attempt: 8 * 3 + 4 * 1 = 28, which is not 24. Retrying
Attempt: 8 * 3 - 4 * 1 = 20, which is not 24. Retrying
Attempt: 8 * 3 + 1 - 4 = 21, which is not 24. Retrying
Attempt: 8 * 3 - 1 - 4 = 19, which is not 24. Retrying
Attempt: 8 * 3 * (4 - 1) = 72, which is not 24. Retrying
Attempt: 8 * 3 / (4 - 1) = 8, which is not 24. Retrying
Attempt: 8 * 3 + 4 - 1 = 27, which is not 24. Retrying
Attempt: 8 * 3 - 4 + 1 = 21, which is not 24. Retrying
Attempt: 8 * 3 + 1 - 4 = 21, which is not 24. Retrying
Attempt: 8 * 3 - 1 - 4 = 19, which is not 24. Retrying
Attempt: 8 * 3 * 1 - 4 = 20, which is not 24. Retrying
Attempt: 8 * 3 / 1 - 4 = 20, which is not 24. Retrying
Attempt: 8 * 3 + 4 / 1 = 28, which is not 24. Retrying
Attempt: 8 * 3 - 4 / 1 = 20, which is not 24. Retrying
Attempt: 8 * 3 * 1 + 4 = 28, which is not 24. Retrying
Attempt: 8 * 3 * 1 - 4 = 20, which is not 24. Retrying
Attempt: 8 * 3 / 1 + 4 = 28, which is not 24. Retrying
Attempt: 8 * 3 / 1 - 4 = 20, which is not 24. Retrying
Attempt: 8 * 3 + 4 * 1 = 28, which is not 24. Retrying
Attempt: 8 * 3 - 4 * 1 = 20, which is not 24. Retrying
Attempt: 8 * 3 + 1 - 4 = 21, which is not 24. Retrying
Attempt: 8 * 3 - 1 - 4 = 19, which is not 24. Retrying
Attempt: 8 * 3 * (1 - 4) = -72, which is not 24. Retrying
Attempt: 8 * 3 / (1 - 4) = -8, which is not 24. Retrying
Attempt: 8 * 3 + 4 - 1 = 27, which is not 24. Retrying
Attempt: 8 * 3 - 4 + 1 = 21, which is not 24. Retrying
Attempt: 8 * 3 + 1 - 4 = 21, which is not 24. Retrying
Attempt: 8 * 3 - 1 - 4 = 19, which is not 24. Retrying
Attempt: 8 * 3 * 1 - 4 = 20, which is not 24. Retrying
Attempt: 8 * 3 / 1 - 4 = 20, which is not 24. Retrying
Attempt: 8 * 3 + 4 / 1 = 28, which is not 24. Retrying
Attempt: 8 * 3 - 4 / 1 = 20, which is not 24. Retrying
Attempt: 8 * 3 * 1 + 4 = 28, which is not 24. Retrying
Attempt: 8 * 3 * 1 - 4 = 20, which is not 24. Retrying
Attempt: 8 * 3 / 1 + 4 = 28, which is not 24. Retrying
Attempt: 8 * 3 / 1 - 4 = 20, which is not 24. Retrying
Attempt: 8 * 3 + 4 * 1 = 28, which is not 24. Retrying
Attempt: 8 * 3 - 4 * 1 = 20, which is not 24. Retrying
Attempt: 8 * 3 + 1 - 4 = 21, which is not 24. Retrying
Attempt: 8 * 3 - 1 - 4 = 19, which is not 24. Retrying
Attempt: 8 * 3 * (4 - 1) = 72, which is not 24. Retrying
Attempt: 8 * 3 / (4 - 1) = 8, which is not 24. Retrying
Attempt: 8 * 3 + 4 - 1 = 27, which is not 24. Retrying
Attempt: 8 * 3 - 4 + 1 = 21, which is not 24. Retrying
Attempt: 8 * 3 + 1 - 4 = 21, which is not 24. Retrying
Attempt: 8 * 3 - 1 - 4 = 19, which is not 24. Retrying
Attempt: 8 * 3 * 1 - 4 = 20, which is not 24. Retrying
Attempt: 8 * 3 / 1 - 4 = 20, which is not 24. Retrying
Attempt: 8 * 3 + 4 / 1 = 28, which is not 24. Retrying
Attempt: 8 * 3 - 4 / 1 = 20, which is not 24. Retrying
Attempt: 8 * 3 * 1 + 4 = 28, which is not 24. Retrying
Attempt: 8 * 3 * 1 - 4 = 20, which is not 24. Retrying
Attempt: 8 * 3 / 1 + 4 = 28, which is not 24. Retrying
Attempt: 8 * 3 / 1 - 4 = 20, which is not 24. Retrying
Attempt: 8 * 3 + 4 * 1 = 28, which is not 24. Retrying
Attempt: 8 * 3 - 4 * 1 = 20, which is not 24. Retrying
Attempt: 8 * 3 + 1 - 4 = 21, which is not 24. Retrying
Attempt: 8 * 3 - 1 - 4 = 19, which is not 24. Retrying
Attempt: 8 * 3 * (1 - 4) = -72, which is not 24. Retrying
Attempt: 8 * 3 / (1 - 4) = -8, which is not 24. Retrying
Attempt: 8 * 3 + 4 - 1 = 27, which is not 24. Retrying
Attempt: 8 * 3 - 4 + 1 = 21, which is not 24. Retrying
Attempt: 8 * 3 + 1 - 4 = 21, which is not 24. Retrying
Attempt: 8 * 3 - 1 - 4 = 19, which is not 24. Retrying
Attempt: 8 * 3 * 1 - 4 = 20, which is not 24. Retrying
Attempt: 8 * 3 / 1 - 4 = 20, which is not 24. Retrying
Attempt: 8 * 3 + 4 / 1 = 28, which is not 24. Retrying
Attempt: 8 * 3 - 4 / 1 = 20, which is not 24. Retrying
Attempt: 8 * 3 * 1 + 4 =

