 Attempt: 4 * (8 - 3) + 1 = 4 * 5 + 1 = 21, which is not 24. Retrying

Attempt: 4 * (8 - 1) - 3 = 4 * 7 - 3 = 25, which is not 24. Retrying

Attempt: 4 * (8 - 3) * 1 = 4 * 5 * 1 = 20, which is not 24. Retrying

Attempt: 4 * (8 / 3) * 1 = 4 * 2.67 * 1 = 10.67, which is not 24. Retrying

Attempt: 4 * (8 + 1) - 3 = 4 * 9 - 3 = 33, which is not 24. Retrying

Attempt: 4 * (8 - 3) + 1 = 4 * 5 + 1 = 21, which is not 24. Retrying

Attempt: 4 * (8 + 3) - 1 = 4 * 11 - 1 = 43, which is not 24. Retrying

Attempt: 4 * (8 / 1) + 3 = 4 * 8 + 3 = 35, which is not 24. Retrying

Attempt: 4 * (8 - 1) + 3 = 4 * 7 + 3 = 28, which is not 24. Retrying

Attempt: 3 * (8 - 4) * 1 = 3 * 4 * 1 = 12, which is not 24. Retrying

Attempt: 3 * (8 + 4) - 1 = 3 * 12 - 1 = 35, which is not 24. Retrying

Attempt: 3 * (8 / 4) * 1 = 3 * 2 * 1 = 6, which is not 24. Retrying

Attempt: 3 * (8 + 1) * 4 = 3 * 9 * 4 = 108, which is not 24. Retrying

Attempt: 3 * (8 - 1) * 4 = 3 * 7 * 4 = 84, which is not 24. Retrying

Attempt: 3 * (8 / 1) * 4 = 3 * 8 * 4 = 96, which is not 24. Retrying

Attempt: 3 * (8 + 4) * 1 = 3 * 12 * 1 = 36, which is not 24. Retrying

Attempt: 3 * (8 - 4) * 1 = 3 * 4 * 1 = 12, which is not 24. Retrying

Attempt: 3 * (8 / 4) * 1 = 3 * 2 * 1 = 6, which is not 24. Retrying

Attempt: 3 * (8 + 1) * 4 = 3 * 9 * 4 = 108, which is not 24. Retrying

Attempt: 3 * (8 - 1) * 4 = 3 * 7 * 4 = 84, which is not 24. Retrying

Attempt: 3 * (8 / 1) * 4 = 3 * 8 * 4 = 96, which is not 24. Retrying

Attempt: 3 * (8 + 4) * 1 = 3 * 12 * 1 = 36, which is not 24. Retrying

Attempt: 3 * (8 - 4) * 1 = 3 * 4 * 1 = 12, which is not 24. Retrying

Attempt: 3 * (8 / 4) * 1 = 3 * 2 * 1 = 6, which is not 24. Retrying

Attempt: 3 * (8 + 1) * 4 = 3 * 9 * 4 = 108, which is not 24. Retrying

Attempt: 3 * (8 - 1) * 4 = 3 * 7 * 4 = 84, which is not 24. Retrying

Attempt: 3 * (8 / 1) * 4 = 3 * 8 * 4 = 96, which is not 24. Retrying

Attempt: 3 * (8 + 4) * 1 = 3 * 12 * 1 = 36, which is not 24. Retrying

Attempt: 3 * (8 - 4) * 1 = 3 * 4 * 1 = 12, which is not 24. Retrying

Attempt: 3 * (8 / 4) * 1 = 3 * 2 * 1 = 6, which is not 24. Retrying

Attempt: 3 * (8 + 1) * 4 = 3 * 9 * 4 = 108, which is not 24. Retrying

Attempt: 3 * (8 - 1) * 4 = 3 * 7 * 4 = 84, which is not 24. Retrying

Attempt: 3 * (8 / 1) * 4 = 3 * 8 * 4 = 96, which is not 24. Retrying

Attempt: 3 * (8 + 4) * 1 = 3 * 12 * 1 = 36, which is not 24. Retrying

Attempt: 3 * (8 - 4) * 1 = 3 * 4 * 1 = 12, which is not 24. Retrying

Attempt: 3 * (8 / 4) * 1 = 3 * 2 * 1 = 6, which is not 24. Retrying

Attempt: 3 * (8 + 1) * 4 = 3 * 9 * 4 = 108, which is not 24. Retrying

Attempt: 3 * (8 - 1) * 4 = 3 * 7 * 4 = 84, which is not 24. Retrying

Attempt: 3 * (8 / 1) * 4 = 3 * 8 * 4 = 96, which is not 24. Retrying

Attempt: 3 * (8 + 4) * 1 = 3 * 12 * 1 = 36, which is not 24. Retrying

Attempt: 3 * (8 - 4) * 1 = 3 * 4 * 1 = 12, which is not 24. Retrying

Attempt: 3 * (8 / 4) * 1 = 3 * 2 * 1 = 6, which is not 24. Retrying

Attempt: 3 * (8 + 1) * 4 = 3 * 9 * 4 = 108, which is not 2

