system
user
What does this mean? Explain with examples. You may start over with your answer if you think you may have made a mistake when answering.

"The easiest way to remember Celsius to Fahrenheit: every 12°C, the digits are inverted."
assistant
Let's break down the statement and explore its accuracy with examples. I'll start fresh to ensure clarity.

**Statement:** "The easiest way to remember Celsius to Fahrenheit: every 12°C, the digits are inverted."

**Interpretation:** This statement suggests a mental shortcut for converting temperatures from Celsius (°C) to Fahrenheit (°F). Specifically, it claims that for every 12-degree Celsius increment, the digits of the temperature in Fahrenheit are the reverse (inverted) of the Celsius value.

**Initial Assessment:** This statement appears to be an oversimplification and not entirely accurate for all conversions. However, it might work for a very specific set of temperatures. Let's examine some examples to understand its applicability.

**Examples:**

1. **0°C to °F:**
   - Actual Conversion: 0°C = 32°F (digits are not inverted)
   - Statement's Suggestion: Not applicable directly, as it implies a starting point of inversion every 12°C, but we can see it doesn't apply here.

2. **12°C to °F:**
   - Actual Conversion: 12°C ≈ 53.6°F
   - Inverted Digits (if applying the statement directly to the whole number part): "12" becomes "21" - **Does not match**

3. **24°C to °F (another 12°C increment):**
   - Actual Conversion: 24°C ≈ 75.2°F
   - Inverted Digits (if applying the statement): "24" becomes "42" - **Does not match**

4. **A Specific Case Where It Might Seem to Work (but is coincidental):**
   - **Consider a temperature not explicitly covered by the "every 12°C" rule but often used in examples for its simplicity:**
     - Actual Conversion: 10°C = 50°F
     - If we were to mistakenly apply the inversion logic here (despite 10 not being a multiple of 12), "10" inverted is indeed "01", and if considering just the "1" and "0" in "10°C" to "50°F", one might mistakenly see a pattern. **This is a coincidence and not a result of the "every 12°C" rule.**

**Conclusion:**
- The statement "every 12°C, the digits are inverted" to convert Celsius to Fahrenheit is **not accurate** for general use. It does not provide a reliable method for converting between these temperature scales.
- The Fahrenheit scale does not linearly correlate with the Celsius scale in a manner that would support such a simple digit inversion rule, especially considering the freezing point of water is 32°F (0°C) and the boiling point is 212°F (100°C).
- For accurate conversions, use the actual formulas:
  - **°F to °C:** `(°F - 32) × 5/9 = °C`
  - **°C to °F:** `°C × 9/5 + 32 = °F` [end of text]


