The statement **"The easiest way to remember Celsius to Fahrenheit: every 12°C, the digits are inverted"** refers to a fascinating mathematical coincidence on the Celsius and Fahrenheit temperature scales. 

When you swap (invert) the digits of certain Celsius temperatures, you get the equivalent temperature in Fahrenheit. However, this trick **only works for temperatures where the digits are 1 and 2**. 

Here is exactly how it works, along with examples and the important limitations you need to know.

### The Rule Explained
If a Celsius temperature is made up of the digits 1 and 2, swapping their places gives you the correct Fahrenheit temperature. Because the difference between 12 and 21 is 9, and the math of the temperature scales aligns perfectly at these specific numbers, the trick works.

### The Examples
There are only two instances where this trick works perfectly:

**1. 12°C = 51°F**
*   Take 12°C.
*   Invert the digits: 12 becomes **21**.
*   The actual math: 12°C × (9/5) + 32 = 21.6°F. 
*   *Rounded to the nearest whole number, 21.6°F becomes 21°F.* The inverted digits match!

**2. 21°C = 70°F**
*   Take 21°C.
*   Invert the digits: 21 becomes **12**.
*   The actual math: 21°C × (9/5) + 32 = 69.8°F.
*   *Rounded to the nearest whole number, 69.8°F becomes 70°F.* 
*   *Wait, 70 doesn't look like 12!* This is where the "trick" gets a bit loose. If you look at the shape of the digits, a **1** looks like a **7** (just with an added angle), and a **2** looks like a **0** (if you close the loop). Therefore, 12 visually "inverts" to 70. 

### Why It Doesn't Work for Other Numbers
Because this is a coincidence based on the number 12, it **does not work for other numbers**, even if they are multiples of 12. 

*   **24°C:** Inverting the digits gives 42. But 24°C is actually 75°F. (Fails)
*   **36°C:** Inverting the digits gives 63. But 36°C is actually 97°F. (Fails)
*   **13°C:** Inverting the digits gives 31. But 13°C is actually 55°F. (Fails)

### The Verdict: Is it the "easiest" way?
It is a neat party trick and a great way to remember the conversions for **12°C** and **21°C**, which happen to be very common room temperatures. 

However, calling it the "easiest way to remember" the conversion is a bit of an exaggeration because it is practically useless for any other temperature. If you want a truly easy way to convert *any* temperature in your head, use this mental math trick instead:

*   **Celsius to Fahrenheit:** Multiply by 2, then add 30. (e.g., 20°C × 2 = 40 + 30 = 70°F. The exact answer is 68°F, which is close enough for daily life).
*   **Fahrenheit to Celsius:** Subtract 30, then divide by 2. (e.g., 80°F - 30 = 50 ÷ 2 = 25°C. The exact answer is 26.6°F). [end of text]


