That is a **very common and helpful mnemonic** for converting between Celsius and Fahrenheit.

Here is the breakdown of what it means, why it works, and how to use it with examples.

### 1. What the Rule Means
The rule states: **"Every 12 degrees Celsius, the digits are inverted."**

In simpler terms:
*   If you have a temperature of **12°C**, you look at the number **12**.
*   You flip the digits: **1** becomes **2**, and **2** becomes **1**.
*   So, **12°C becomes 54°F**.

This works because the relationship between Celsius and Fahrenheit is linear. If you take a number, add 12 to it, you get the Fahrenheit equivalent.

### 2. How to Apply It (The "Add 12" Method)
Instead of memorizing the formula ($F = C \times \frac{9}{5} + 32$), you can remember this by adding **12** to the Celsius number.

*   **Add 12 to the Celsius number.**
*   **Read the result as the Fahrenheit number.**

### 3. Examples

#### Example A: Direct Conversion
*   **Question:** What is $12^\circ\text{C}$ in Fahrenheit?
*   **Apply Rule:** Add 12 to 12.
    $$12 + 12 = 24$$
*   **Result:** **24°F**

#### Example B: Direct Conversion (Reverse)
*   **Question:** What is $54^\circ\text{F}$ in Celsius?
*   **Apply Rule:** Subtract 12 from 54.
    $$54 - 12 = 42$$
*   **Result:** **42°C**

#### Example C: Mixed Numbers
*   **Question:** What is $12\frac{1}{2}^\circ\text{C}$ in Fahrenheit?
*   **Apply Rule:** Add 12 to the mixed number.
    $$12 + 12 + 0.5 = 24.5$$
*   **Result:** **24.5°F**

#### Example D: Large Numbers
*   **Question:** What is $-12^\circ\text{C}$ in Fahrenheit?
*   **Apply Rule:** Add 12 to -12.
    $$-12 + 12 = 0$$
*   **Result:** **0°F**

### Summary Table

| Celsius (°C) | Add 12 | Fahrenheit (°F) |
| :--- | :--- | :--- |
| 0 | 12 | **12** |
| 1 | 13 | **13** |
| 2 | 14 | **14** |
| 3 | 15 | **15** |
| 4 | 16 | **16** |
| 5 | 17 | **17** |
| 6 | 18 | **18** |
| 7 | 19 | **19** |
| 8 | 20 | **20** |
| 9 | 21 | **21** |
| 10 | 22 | **22** |
| 11 | 23 | **23** |
| 12 | **24** | **24** |
| 13 | 25 | **25** |
| 14 | 26 | **26** |
| 15 | 27 | **27** |
| 16 | 28 | **28** |
| 17 | 29 | **29** |
| 18 | 30 | **30** |
| 19 | 31 | **31** |
| 20 | 32 | **32** |
| 21 | 33 | **33** |
| 22 | 34 | **34** |
| 23 | 35 | **35** |
| 24 | 36 | **36** |
| 25 | 37 | **37** |
| 26 | 38 | **38** |
| 27 | 39 | **39** |
| 28 | 40 | **40** |
| 29 | 41 | **41** |
| 30 | 42 | **42** |
| 31 | 43 | **43** |
| 32 | 44 | **44** |
| 33 | 45 | **45** |
| 34 | 46 | **46** |
| 35 | 47 | **47** |
| 36 | 48 | **48** |
| 37 | 49 | **49** |
| 38 | 50 | **50** |
| 39 | 51 | **51** |
| 40 | 52 | **52** |
| 41 | 53 | **53** |
| 42 | 54 | **54** |
| 43 | 55 | **55** |
| 44 | 56 | **56** |
| 45 | 57 | **57** |
| 46 | 58 | **58** |
| 47 | 59 | **59** |
| 48 | 60 | **60** |
| 49 | 61 | **61** |
| 50 | 62 | **62** |
| 51 | 63 | **63** |
| 52 | 64 | **64** |
| 53 | 65 | **65** |
| 54 | 66 | **66** |
| 55 | 67 | **67** |
| 56 | 68 | **68** |
| 57 | 69 | **69** |
| 58 | 70 | **70** |
| 59 | 71 | **71** |
| 60 | 72 | **72** |
| 61 | 73 | **73** |
| 62 | 74 | **74** |
| 63 | 75 | **75** |
| 64 | 76 | **76** |
| 65 | 77 | **77** |
| 66 | 78 | **78** |
| 67 | 79 | **79** |
| 68 | 80 | **80** |
| 69 | 81 | **81** |
| 70 | 82 | **82** |
| 71 | 83 | **83** |
| 72 | 84 | **84** |
| 73 | 85 | **85** |
| 74 | 86 | **86** |
| 75 | 87 | **87** |
| 76 | 88 | **88** |
| 77 | 89 | **89** |
| 78 | 90 | **90** |
| 79 | 91 | **91** |
| 80 | 92 | **92** |
| 81 | 93 | **93** |
| 82 | 94 | **94** |
| 83 | 95 | **95** |
| 84 | 96 | **96** |
| 85 | 97 | **97** |
| 86 | 98 | **98** |
| 87 | 99 | **99** |
| 88 | 100 | **100** |
| 89 | 101 | **101** |
| 90 | 102 | **102** |
| 91 | 103 | **103** |
| 92 | 104 | **104** |
| 93 | 105 | **105** |
| 94 | 106 | **106** |
| 95 | 107 | **107** |
| 96 | 108 | **108** |
| 97 | 109 | **109** |
| 98 | 110 | **110** |
| 99 | 111 | **111** |
| 100 | 112 | **112** |

**Tip:** If you get stuck, just try adding 12 to the number you are looking for. If the result is a whole number, that's your answer! [end of text]


