The statement "The easiest way to remember Celsius to Fahrenheit: every 12°C, the digits are inverted" is a mnemonic or memory aid to help convert temperatures between Celsius and Fahrenheit. However, it's not entirely accurate and can lead to confusion. Let's break it down and provide a more accurate explanation.

### What the statement means:
The statement suggests that for every 12°C increase in temperature, the digits of the Fahrenheit equivalent are inverted. For example, if 0°C is 32°F, then 12°C would be 54°F (inverting the digits of 32), and 24°C would be 76°F (inverting the digits of 54).

### Why it's not entirely accurate:
The relationship between Celsius and Fahrenheit is not as simple as inverting digits every 12°C. The actual conversion formula is:

\[ F = \frac{9}{5}C + 32 \]

Where \( F \) is the temperature in Fahrenheit and \( C \) is the temperature in Celsius.

### Examples of the actual conversion:
- 0°C = 32°F (correct)
- 12°C = 53.6°F (not 54°F as the statement suggests)
- 24°C = 75.2°F (not 76°F as the statement suggests)

### A more accurate mnemonic:
A more accurate and commonly used mnemonic for converting Celsius to Fahrenheit is:

- Multiply the Celsius temperature by 9/5 (or 1.8).
- Add 32 to the result.

For example:
- 0°C: \( 0 \times 1.8 + 32 = 32°F \)
- 10°C: \( 10 \times 1.8 + 32 = 50°F \)
- 20°C: \( 20 \times 1.8 + 32 = 68°F \)

### Conclusion:
While the statement provides a simple rule of thumb, it's not entirely accurate and can lead to incorrect conversions. A more reliable method is to use the actual conversion formula or a well-known mnemonic that closely follows the formula. 

If you'd like to start over with a different explanation or need further clarification, feel free to ask! [end of text]


