The statement "The easiest way to remember Celsius to Fahrenheit: every 12°C, the digits are inverted" is a simplification and not entirely accurate for converting temperatures between Celsius and Fahrenheit. However, it can be used as a rough approximation or a mnemonic for certain specific temperatures. Let's break it down and provide examples to clarify.

### Understanding the Statement

The statement suggests that for every 12°C increase in temperature, the digits of the corresponding Fahrenheit temperature are inverted. This is not a precise conversion method but can be useful for remembering a few specific temperature pairs.

### Examples

1. **0°C to 32°F:**
   - 0°C is 32°F.
   - Here, the digits are not inverted, but this is the starting point for the pattern.

2. **12°C to 54°F:**
   - 12°C is approximately 53.6°F.
   - The digits 53 are close to being inverted to 35, but not exactly.

3. **24°C to 76°F:**
   - 24°C is approximately 75.2°F.
   - The digits 75 are close to being inverted to 57, but not exactly.

4. **36°C to 97°F:**
   - 36°C is approximately 96.8°F.
   - The digits 96 are close to being inverted to 69, but not exactly.

### Limitations

- **Accuracy:** The statement is not accurate for precise conversions. The actual conversion formula from Celsius to Fahrenheit is \( F = C \times \frac{9}{5} + 32 \).
- **Range:** The pattern holds better for certain ranges and specific temperatures but does not apply universally.

### Conclusion

While the statement can serve as a mnemonic for remembering a few specific temperature pairs, it is not a reliable method for accurate temperature conversion. For precise conversions, always use the formula \( F = C \times \frac{9}{5} + 32 \). [end of text]


