The statement **"every 12°C, the digits are inverted"** is **incorrect** and misleading. It is not a valid or reliable rule for converting Celsius to Fahrenheit.

Let’s break down why this statement is wrong, provide the correct conversion method, and give clear examples.

---

### ❌ Why the Statement Is Wrong

The claim suggests that if you have a temperature like 12°C, its Fahrenheit equivalent is 21°F (digits inverted), or that for 24°C, it’s 42°F, etc. Let’s test this:

- **12°C → ?**  
  Correct conversion:  
  \( F = (12 \times \frac{9}{5}) + 32 = 21.6 + 32 = 53.6°F \)  
  But "inverted digits" of 12 would be 21 → **21°F ≠ 53.6°F**

- **24°C → ?**  
  Correct:  
  \( F = (24 \times 1.8) + 32 = 43.2 + 32 = 75.2°F \)  
  Inverted digits of 24 → 42 → **42°F ≠ 75.2°F**

- **36°C → ?**  
  Correct:  
  \( F = (36 \times 1.8) + 32 = 64.8 + 32 = 96.8°F \)  
  Inverted digits of 36 → 63 → **63°F ≠ 96.8°F**

Clearly, **inverting digits does not yield the correct Fahrenheit temperature**.

---

### ✅ Correct Way to Convert Celsius to Fahrenheit

The formula is:

\[
F = \left(C \times \frac{9}{5}\right) + 32
\]

Or, using decimals:

\[
F = (C \times 1.8) + 32
\]

---

### 📌 Examples of Correct Conversion

| Celsius (°C) | Calculation                  | Fahrenheit (°F) |
|--------------|------------------------------|------------------|
| 0°C          | \(0 \times 1.8 + 32\)        | 32°F             |
| 10°C         | \(10 \times 1.8 + 32 = 18 + 32\) | 50°F          |
| 20°C         | \(20 \times 1.8 + 32 = 36 + 32\) | 68°F          |
| 25°C         | \(25 \times 1.8 + 32 = 45 + 32\) | 77°F          |
| 30°C         | \(30 \times 1.8 + 32 = 54 + 32\) | 86°F          |
| 37°C         | \(37 \times 1.8 + 32 = 66.6 + 32\) | 98.6°F (body temp) |

---

### 💡 Is There *Any* Truth to the "12°C" Idea?

There is **one** specific case where the digits appear "inverted" by coincidence:

- **10°C = 50°F** → Digits of 10 are 1 and 0; 50 has 5 and 0. Not really inverted.
- **12°C = 53.6°F** → No digit inversion.
- **21°C = 69.8°F** → No.

However, there is a **well-known coincidence** at:

- **10°C = 50°F**
- **20°C = 68°F**
- **30°C = 86°F**

None of these involve digit inversion.

But here’s a fun **near-miss**:

- **16°C = 60.8°F** → Not inverted.
- **26°C = 78.8°F** → Not inverted.

Actually, the **only** temperature where the Celsius and Fahrenheit values are **digit reversals** of each other is:

> **10°C = 50°F** → 10 and 50 are not reversals.  
> **Wait!** Let’s check:  
> **10°C = 50°F** → 10 reversed is 01, not 50.  
> **What about 20°C = 68°F?** No.

Actually, the **only** integer solution where Celsius and Fahrenheit are **two-digit reversals** is:

> **10°C = 50°F** → Not a reversal.  
> **Let’s solve it properly:**

We want \( C \) and \( F \) such that:
- \( F = 1.8C + 32 \)
- \( F \) is the digit reversal of \( C \)

Try \( C = 10 \): \( F = 50 \) → 10 reversed is 01 ≠ 50  
Try \( C = 20 \): \( F = 68 \) → 20 reversed is 02 ≠ 68  
Try \( C = 12 \): \( F = 53.6 \) → not integer  
Try \( C = 21 \): \( F = 69.8 \) → not integer  
Try \( C = 16 \): \( F = 60.8 \) → not integer  
Try \( C = 61 \): \( F = 141.8 \) → too big

Actually, the **only** case where two-digit Celsius and Fahrenheit are reversals is:

> **10°C = 50°F** → Not a reversal.  
> **Wait — what about 10 and 50?** No.

After checking, there is **no** two-digit Celsius temperature where the Fahrenheit value is the exact digit reversal.

However, there is a **famous coincidence**:

> **10°C = 50°F**  
> **20°C = 68°F**  
> **30°C = 86°F**

None involve digit inversion.

---

### ✅ Conclusion

- The statement **"every 12°C, the digits are inverted" is false**.
- Use the formula \( F = (C \times 1.8) + 32 \) for accurate conversion.
- There is **no general rule** involving digit inversion for Celsius to Fahrenheit conversion.

If you heard this as a mnemonic, it is **incorrect** and should not be used. [end of text]


