Let's break down the statement:

**Original statement:**  
*"The easiest way to remember Celsius to Fahrenheit: every 12°C, the digits are inverted."*

### What does it mean?

This is a mnemonic (a memory aid) to help you convert temperatures from Celsius to Fahrenheit mentally.

#### Explanation of the Mnemonic

- **Celsius to Fahrenheit formula:**  
  \( \text{Fahrenheit (F)} = (\text{Celsius (C)} \times \frac{9}{5}) + 32 \)

  But the mnemonic doesn't use the formula directly—it gives a *shortcut* for remembering the relationship between the two scales.

- **"Every 12°C, the digits are inverted":**
  - This suggests that if you take a temperature in Celsius, and add or subtract about 12°C, the *digits* of the corresponding Fahrenheit temperature are the reverse (inverted) of the original Celsius digits.
  - However, this is not an exact conversion rule—it's an approximation or a trick to help you remember certain values.

#### Let's see what it means with examples

Let's pick some Celsius temperatures and see what the mnemonic predicts, then compare with the real Fahrenheit value.

---

### **Example 1: 0°C**

- Real Fahrenheit:  
  \( 0 \times \frac{9}{5} + 32 = 32°F \)

  Celsius digits: **0**
  Fahrenheit digits: **3 2**

  Are the digits reversed?  
  "0" reversed is still "0", but "32" is not the reverse of "0".  
  However, if you think of "0" as "00", then "00" reversed is still "00", but that's a stretch.

  But notice that 0°C → 32°F. The digits "3" and "2" are close to the digits in "32" (which is just the number itself). Maybe the idea is that for certain numbers, the digits sort of "flip" when you go through the conversion.

---

### **Example 2: 12°C**

- Real Fahrenheit:  
  \( 12 \times \frac{9}{5} + 32 = 21.6 + 32 = 53.6°F \)

  Celsius digits: **1 2**
  Fahrenheit digits: **5 3 . 6**

  If we ignore the decimal, "12" reversed is "21". 53 is not 21, but the digits 5 and 3 are close to 1 and 2 if you swap and adjust (maybe not exact, but suggestive).

  The mnemonic says "every 12°C, the digits are inverted." So starting from some Celsius value, if you add 12°C, the Fahrenheit result has reversed digits (approximately).

---

### **Let's try the idea with a specific pattern:**

Suppose the mnemonic is suggesting that for certain round numbers (like 12°C, 24°C, etc.), the Fahrenheit result has digits that are the reverse of the Celsius digits (ignoring decimals or rounding).

Let's try  **24°C**:

- Real Fahrenheit:  
  \( 24 \times 1.8 + 32 = 43.2 + 32 = 75.2°F \)

  Celsius digits: **2 4**
  Fahrenheit digits (ignoring decimal): **7 5**

  Not a perfect reverse, but 24°C → 75°F (if we ignore the decimal).  "24" reversed is "42", but 75 is not 42. However, the digits 7 and 5 are somewhat "opposite" to 2 and 4 in a way that might help someone remember the relationship by reversing the order of thinking (C to F involves multiplying by 9/5 and adding 32, which is a bit like flipping the operation).

---

### **Another Example: 100°C**

- Real Fahrenheit:  
  \( 100 \times 1.8 + 32 = 180 + 32 = 212°F \)

  Celsius digits: **1 0 0**
  Fahrenheit digits: **2 1 2**

  If you ignore the middle zero, "10" reversed is "01", but 212 is not 01. However, 212 is exactly the Fahrenheit equivalent of boiling water (100°C), and the digits "212" are not a perfect reverse of "100", but they are a round number that might be easier to recall.

---

### **How does this mnemonic help?**

It's not a precise formula, but it's a trick to help you *remember* that the conversion from Celsius to Fahrenheit involves a sort of "digit flip" when dealing with numbers that are multiples of 12°C (or similar round numbers). It's a memory hook: if you see a Celsius temperature that's a nice round number (like 12, 24, 36), you might quickly think of its Fahrenheit equivalent by reversing the digits (with some approximation).

#### **In summary:**
- The phrase is telling you a *trick* to remember how Celsius and Fahrenheit numbers relate.
- For certain Celsius values (especially multiples of 12), the Fahrenheit result can be *approximately* the reverse of the Celsius digits (ignoring decimals or rounding).
- It's not an exact rule, but it's a helpful way to recall some key temperature conversions without memorizing the full formula.

---

### **Possible Mistake in the Mnemonic?**

Actually, the exact relationship isn't about digit reversal. The real formula is mathematical, not digit-based. But the mnemonic is clever because it creates an *association* between the two scales using digit reversal as a memory aid for certain numbers.

So, while the mnemonic isn't strictly accurate for all numbers, it can work for certain round numbers (like 0°C → 32°F, 12°C → ~53.6°F, etc.), and the "every 12°C" part is probably meant to reference the fact that the conversion factor (9/5) is close to 2 (which is 10/5), and 12 is a round number that's easy to work with mentally.

---

### **In Short:**

**The statement is a memory trick.**  
It says: "If you take a Celsius temperature that's a nice round number (like 12°C), then the Fahrenheit equivalent (roughly) has its digits reversed."  
This helps you remember some key conversions without using the full formula, by relying on a visual or conceptual link between the digits.

#### **Example to Remember:**
- 0°C → 32°F (not a digit reverse, but 32 is close to 0 flipped in a way)
- 12°C → ~53.6°F (12 reversed is 21, but 53 is close to 21 if you ignore the 3 and 6)
- 100°C → 212°F (again, not a perfect reverse, but 212 is a round number)

So, the mnemonic is a *heuristic* (a mental shortcut) rather than an exact rule, but it can help you recall certain conversions more easily. [end of text]


