Here are the step-by-step solutions to the three questions.

### **Preliminary Calculations & Constants**

First, let's establish the physical parameters of the elevator system:
*   **Floor Height:** $5$ meters.
*   **Acceleration ($a$):** $1 \, \text{m/s}^2$.
*   **Deceleration ($d$):** $1 \, \text{m/s}^2$ (magnitude).
*   **Maximum Speed ($v_{max}$):** $5 \, \text{m/s}$.

**Key Kinematic Formulas:**
1.  Time to reach max speed from rest: $t_{acc} = \frac{v_{max}}{a} = \frac{5}{1} = 5 \, \text{s}$.
2.  Distance covered during acceleration to max speed: $d_{acc} = \frac{1}{2} a t_{acc}^2 = \frac{1}{2}(1)(5^2) = 12.5 \, \text{m}$.
3.  Distance covered during deceleration from max speed to rest: $d_{dec} = 12.5 \, \text{m}$ (symmetric to acceleration).
4.  Total distance required to reach and stop from max speed: $d_{total\_profile} = d_{acc} + d_{dec} = 25 \, \text{m}$.

**Travel Profile Logic:**
*   If the total distance $D < 25 \, \text{m}$, the elevator never reaches $v_{max}$. It accelerates for half the distance and decelerates for the other half.
    *   $D = \frac{1}{2} a t_{half}^2 + \frac{1}{2} a t_{half}^2 = a t_{half}^2$.
    *   $t_{half} = \sqrt{\frac{D}{a}}$.
    *   Total time $T = 2 \sqrt{\frac{D}{a}}$.
*   If the total distance $D \ge 25 \, \text{m}$, the elevator accelerates to $v_{max}$, cruises at $v_{max}$, and then decelerates.
    *   Time accelerating: $5 \, \text{s}$.
    *   Time decelerating: $5 \, \text{s}$.
    *   Distance covered in acc/dec phases: $25 \, \text{m}$.
    *   Cruising distance: $D_{cruise} = D - 25$.
    *   Cruising time: $t_{cruise} = \frac{D_{cruise}}{v_{max}} = \frac{D - 25}{5}$.
    *   Total time $T = 5 + 5 + \frac{D - 25}{5} = 10 + \frac{D - 25}{5}$.

---

### **Question 1: How long does it take for a person to get from the ground floor to the top floor?**

**1. Calculate Total Distance:**
The elevator travels from Floor 1 to Floor 40.
Number of floors traveled = $40 - 1 = 39$ floors.
Total Distance ($D$) = $39 \times 5 \, \text{m} = 195 \, \text{m}$.

**2. Determine Travel Profile:**
Since $195 \, \text{m} > 25 \, \text{m}$, the elevator will reach its maximum speed.

**3. Calculate Time Components:**
*   **Acceleration Phase:**
    *   Time: $5 \, \text{s}$.
    *   Distance: $12.5 \, \text{m}$.
*   **Deceleration Phase:**
    *   Time: $5 \, \text{s}$.
    *   Distance: $12.5 \, \text{m}$.
*   **Cruising Phase:**
    *   Remaining Distance: $195 - 12.5 - 12.5 = 170 \, \text{m}$.
    *   Time: $\frac{170 \, \text{m}}{5 \, \text{m/s}} = 34 \, \text{s}$.

**4. Total Time:**
$$T = 5 + 34 + 5 = 44 \, \text{s}$$

**Answer 1:** It takes **44 seconds**.

---

### **Question 2: Two people get on the same lift on the ground floor. First person goes to 10/F and second person goes to 30/F. How long does it take?**

*Note: The question asks "How long does it take?" This is slightly ambiguous. It usually implies the time until the **last** person is dropped off (total trip time), or potentially the time for the first person. Given standard physics problem conventions, we calculate the total time for the elevator to complete its journey to the final destination (30/F), as the elevator cannot leave the second person behind. However, I will provide the time for the first person's drop-off as well for clarity.*

**Scenario:** The elevator starts at 1/F, stops at 10/F, then continues to 30/F.
*Assumption:* We assume the "stop" time (door opening/closing, people exiting) is negligible unless specified. If stop time were included, it would be added. Since no stop duration is given, we assume instantaneous stops or that the question asks for pure travel time.

**Leg 1: 1/F to 10/F**
*   Distance ($D_1$): $(10 - 1) \times 5 = 9 \times 5 = 45 \, \text{m}$.
*   Since $45 \, \text{m} > 25 \, \text{m}$, it reaches max speed.
*   Accel Time: $5 \, \text{s}$ ($12.5 \, \text{m}$).
*   Decel Time: $5 \, \text{s}$ ($12.5 \, \text{m}$).
*   Cruise Distance: $45 - 25 = 20 \, \text{m}$.
*   Cruise Time: $\frac{20}{5} = 4 \, \text{s}$.
*   **Time for Leg 1 ($T_1$):** $5 + 4 + 5 = 14 \, \text{s}$.

**Leg 2: 10/F to 30/F**
*   Distance ($D_2$): $(30 - 10) \times 5 = 20 \times 5 = 100 \, \text{m}$.
*   Since $100 \, \text{m} > 25 \, \text{m}$, it reaches max speed.
*   Accel Time: $5 \, \text{s}$ ($12.5 \, \text{m}$).
*   Decel Time: $5 \, \text{s}$ ($12.5 \, \text{m}$).
*   Cruise Distance: $100 - 25 = 75 \, \text{m}$.
*   Cruise Time: $\frac{75}{5} = 15 \, \text{s}$.
*   **Time for Leg 2 ($T_2$):** $5 + 15 + 5 = 25 \, \text{s}$.

**Total Time:**
$$T_{total} = T_1 + T_2 = 14 + 25 = 39 \, \text{s}$$

*(Note: If the question implies how long it takes for the **first** person to get off, the answer is 14 seconds. If it implies the total duration of the ride for the system, it is 39 seconds. Usually, "how long does it take" in a multi-stop context refers to the completion of the task, i.e., dropping off the last passenger.)*

**Answer 2:** It takes **39 seconds** to drop off the second person (and complete the trip). The first person is dropped off at **14 seconds**.

---

### **Question 3: Two people get on the same lift on the ground floor. First person goes to 40/F. Assuming the second person does not go to the same (40/F) floor, what is the minimum time it will take for the lift to get to 40/F if it has to stop at another floor between 1/F and 40/F?**

**Analysis:**
To minimize the total time to reach 40/F, we need to minimize the "penalty" caused by the intermediate stop.
The elevator must:
1.  Start at 1/F.
2.  Stop at an intermediate floor $X$ (where $1 < X < 40$).
3.  Continue to 40/F.

The total time is the sum of the time for Leg 1 (1/F to $X$) and Leg 2 ($X$ to 40/F).
$$T_{total}(X) = T(1 \to X) + T(X \to 40)$$

Let $D_1$ be the distance from 1/F to $X$, and $D_2$ be the distance from $X$ to 40/F.
Total distance $D_{total} = 195 \, \text{m}$.
$D_1 + D_2 = 195$.

The function for time $T(D)$ for a single leg of distance $D$ is:
*   If $D < 25$: $T(D) = 2\sqrt{D}$ (since $a=1$).
*   If $D \ge 25$: $T(D) = 10 + \frac{D-25}{5} = \frac{D}{5} + 5$.

We want to minimize $T(D_1) + T(D_2)$ subject to $D_1 + D_2 = 195$ and $D_1, D_2$ corresponding to integer floor multiples of 5m.

**Strategy:**
The "cost" of a stop is the loss of momentum. Ideally, we want the legs to be as long as possible so the elevator spends more time at max speed ($5 \, \text{m/s}$) and less time accelerating/decelerating.
However, we are forced to stop.
Let's analyze the time function slope.
For $D \ge 25$, the marginal time cost per meter is $\frac{1}{5} = 0.2 \, \text{s/m}$.
For $D < 25$, the marginal time cost is $\frac{d}{dD}(2\sqrt{D}) = \frac{1}{\sqrt{D}}$.
At $D=25$, marginal cost is $\frac{1}{5} = 0.2$.
For $D < 25$, $\frac{1}{\sqrt{D}} > 0.2$. This means short trips are "expensive" per meter because you spend a high proportion of time accelerating/decelerating.

To minimize total time, we should avoid short legs. We want both $D_1$ and $D_2$ to be $\ge 25$ meters if possible, because the linear cost ($0.2 \, \text{s/m}$) is the lowest possible average cost. If one leg is very short, its average time per meter is high.

Let's test the extremes and the middle.
The total distance is 195m.
If we split it evenly: $D_1 = 97.5$, $D_2 = 97.5$.
$T(97.5) = 10 + \frac{97.5-25}{5} = 10 + \frac{72.5}{5} = 10 + 14.5 = 24.5 \, \text{s}$.
Total Time = $24.5 + 24.5 = 49 \, \text{s}$.

Compare this to the non-stop time calculated in Q1: **44 s**.
The "penalty" for one stop is $49 - 44 = 5 \, \text{s}$? Let's verify if we can do better by making one leg very short or very long.

Let's look at the function $f(D) = T(D) + T(195-D)$.
Since $T(D)$ is convex for $D < 25$ and linear for $D \ge 25$, the sum of two convex/linear functions is minimized when the arguments are as equal as possible *if* the function is strictly convex. However, here the function becomes linear.
Actually, let's look at the "overhead" of a stop.
Every time the elevator stops, it must decelerate to 0 and accelerate back to cruising speed (or max speed).
In a non-stop trip (195m):
Accel (5s) + Cruise (34s) + Decel (5s) = 44s.

In a two-leg trip ($D_1, D_2$):
Leg 1: Accel + Cruise1 + Decel.
Leg 2: Accel + Cruise2 + Decel.

If both legs are $\ge 25$m:
$T_1 = 5 + t_{c1} + 5$
$T_2 = 5 + t_{c2} + 5$
Total Time = $20 + t_{c1} + t_{c2}$.
We know $D_1 = 25 + 5 t_{c1}$ and $D_2 = 25 + 5 t_{c2}$.
$D_1 + D_2 = 50 + 5(t_{c1} + t_{c2}) = 195$.
$5(t_{c1} + t_{c2}) = 145$.
$t_{c1} + t_{c2} = 29$.
Total Time = $20 + 29 = 49 \, \text{s}$.

This result ($49 \, \text{s}$) holds for **any** split where both legs are $\ge 25$ meters.
So, if the intermediate floor is far enough from 1/F and 40/F such that both distances are $\ge 25$m, the time is constant at 49s.

What if one leg is $< 25$m?
Let $D_1 < 25$. Then $D_2 > 170$.
$T_1 = 2\sqrt{D_1}$.
$T_2 = 10 + \frac{D_2 - 25}{5} = 10 + \frac{195 - D_1 - 25}{5} = 10 + \frac{170 - D_1}{5} = 10 + 34 - \frac{D_1}{5} = 44 - \frac{D_1}{5}$.
Total Time $T(D_1) = 2\sqrt{D_1} + 44 - \frac{D_1}{5}$.

To find the minimum, we take the derivative with respect to $D_1$:
$\frac{dT}{dD_1} = \frac{1}{\sqrt{D_1}} - \frac{1}{5}$.
Set to 0: $\frac{1}{\sqrt{D_1}} = \frac{1}{5} \implies \sqrt{D_1} = 5 \implies D_1 = 25$.
This confirms that the minimum in this region is at the boundary $D_1 = 25$.
For $D_1 < 25$, the derivative $\frac{1}{\sqrt{D_1}} > \frac{1}{5}$, so the function is increasing as $D_1$ increases? No, wait.
If $D_1$ is small (e.g., 1), $\frac{1}{1} - 0.2 > 0$. The slope is positive. This means as $D_1$ increases from 0 to 25, the Total Time **increases**.
Therefore, the minimum time in the region $D_1 < 25$ occurs at the smallest possible $D_1$.

Let's check the smallest possible $D_1$.
The intermediate floor must be between 1/F and 40/F.
The closest floor to 1/F is 2/F.
Distance $D_1$ (1/F to 2/F) = $1 \times 5 = 5 \, \text{m}$.
Distance $D_2$ (2/F to 40/F) = $38 \times 5 = 190 \, \text{m}$.

Let's calculate the time for this specific case ($X=2$):
**Leg 1 (1/F to 2/F):**
$D_1 = 5 \, \text{m}$.
Since $5 < 25$, use $T = 2\sqrt{D/a} = 2\sqrt{5/1} = 2\sqrt{5} \approx 4.472 \, \text{s}$.

**Leg 2 (2/F to 40/F):**
$D_2 = 190 \, \text{m}$.
Since $190 > 25$, use $T = 10 + \frac{190-25}{5} = 10 + \frac{165}{5} = 10 + 33 = 43 \, \text{s}$.

**Total Time:**
$T_{total} = 4.472 + 43 = 47.472 \, \text{s}$.

Let's check the other extreme: Stop at 39/F.
$D_1$ (1/F to 39/F) = $38 \times 5 = 190 \, \text{m}$.
$T_1 = 43 \, \text{s}$.
$D_2$ (39/F to 40/F) = $5 \, \text{m}$.
$T_2 = 2\sqrt{5} \approx 4.472 \, \text{s}$.
Total Time = $47.472 \, \text{s}$.

Let's check a middle floor, e.g., 20/F.
$D_1 = 19 \times 5 = 95 \, \text{m}$.
$T_1 = 10 + \frac{95-25}{5} = 10 + 14 = 24 \, \text{s}$.
$D_2 = 20 \times 5 = 1

