Here are the step-by-step solutions for each question.

### **Preliminary Calculations & Constants**

First, let's establish the parameters for the building and the elevator:
*   **Total Floors:** 40
*   **Floor Height:** 5 meters
*   **Distance between adjacent floors:** 5 meters
*   **Acceleration ($a$):** $1 \, \text{m/s}^2$
*   **Deceleration ($d$):** $1 \, \text{m/s}^2$ (magnitude is same as acceleration)
*   **Maximum Speed ($v_{max}$):** $5 \, \text{m/s}$

**Time to reach max speed ($t_{acc}$):**
$$ t_{acc} = \frac{v_{max}}{a} = \frac{5}{1} = 5 \, \text{seconds} $$

**Distance covered during acceleration ($d_{acc}$):**
$$ d_{acc} = \frac{1}{2} a t_{acc}^2 = \frac{1}{2} (1) (5)^2 = 12.5 \, \text{meters} $$

Since deceleration is symmetric, the distance covered during deceleration ($d_{dec}$) is also $12.5$ meters.

**Minimum distance required to reach max speed and then stop:**
$$ d_{min\_cycle} = d_{acc} + d_{dec} = 12.5 + 12.5 = 25 \, \text{meters} $$

If the total distance of a trip is less than 25 meters, the elevator will not reach its maximum speed of 5 m/s. It will accelerate for half the time and decelerate for the other half.

If the total distance is greater than or equal to 25 meters, the elevator will:
1.  Accelerate for 5 seconds (covering 12.5 m).
2.  Cruise at 5 m/s for the remaining distance.
3.  Decelerate for 5 seconds (covering 12.5 m).

---

### **Question 1: How long does it take for a person to get from the ground floor (1/F) to the top floor (40/F)?**

**Step 1: Calculate the total distance.**
The elevator travels from Floor 1 to Floor 40.
Number of intervals (floors climbed) = $40 - 1 = 39$ floors.
$$ \text{Total Distance } (D_1) = 39 \times 5 \, \text{m} = 195 \, \text{meters} $$

**Step 2: Determine the motion profile.**
Since $D_1 = 195 \, \text{m}$ is much greater than $25 \, \text{m}$, the elevator reaches max speed.

**Step 3: Calculate time components.**
*   **Acceleration time ($t_{acc}$):** $5 \, \text{s}$
*   **Deceleration time ($t_{dec}$):** $5 \, \text{s}$
*   **Distance covered during accel/decel:** $25 \, \text{m}$
*   **Remaining distance for cruising:**
    $$ D_{cruise} = D_1 - 25 = 195 - 25 = 170 \, \text{meters} $$
*   **Cruising time ($t_{cruise}$):**
    $$ t_{cruise} = \frac{D_{cruise}}{v_{max}} = \frac{170}{5} = 34 \, \text{seconds} $$

**Step 4: Total Time.**
$$ T_1 = t_{acc} + t_{cruise} + t_{dec} = 5 + 34 + 5 = 44 \, \text{seconds} $$

**Answer 1:** It takes **44 seconds**.

---

### **Question 2: Two people get on the same lift on the ground floor. First person goes to 10/F and second person goes to 30/F. How long does it take?**

*Note: "How long does it take" usually implies the time until the last person exits the lift, or the time the lift is occupied by these passengers. We calculate the time until the lift reaches the highest destination floor (30/F) because the lift must stop at 10/F first.*

**Step 1: Calculate distance to the first stop (10/F).**
Floors climbed: $10 - 1 = 9$ floors.
$$ D_{10} = 9 \times 5 = 45 \, \text{meters} $$

**Step 2: Calculate time to reach 10/F.**
Check if max speed is reached: $45 \, \text{m} > 25 \, \text{m}$, so yes.
*   Acceleration time: $5 \, \text{s}$
*   Deceleration time: $5 \, \text{s}$
*   Cruising distance: $45 - 25 = 20 \, \text{m}$
*   Cruising time: $20 / 5 = 4 \, \text{s}$
*   **Time to 10/F ($T_{10}$):** $5 + 4 + 5 = 14 \, \text{seconds}$

*Assumption: The problem does not specify a dwell time (time spent stopped for doors to open/close). In standard physics problems of this type, unless specified, dwell time is often ignored or assumed to be 0. If dwell time were included, it would be added here. We will proceed assuming 0 dwell time for the calculation of travel time, but note that in real life, this would add ~5-10 seconds.*

**Step 3: Calculate distance from 10/F to 30/F.**
Floors climbed: $30 - 10 = 20$ floors.
$$ D_{10 \to 30} = 20 \times 5 = 100 \, \text{meters} $$

**Step 4: Calculate time from 10/F to 30/F.**
Check if max speed is reached: $100 \, \text{m} > 25 \, \text{m}$, so yes.
*   Acceleration time: $5 \, \text{s}$
*   Deceleration time: $5 \, \text{s}$
*   Cruising distance: $100 - 25 = 75 \, \text{m}$
*   Cruising time: $75 / 5 = 15 \, \text{s}$
*   **Time for this leg ($T_{10 \to 30}$):** $5 + 15 + 5 = 25 \, \text{seconds}$

**Step 5: Total Time.**
$$ T_2 = T_{10} + T_{10 \to 30} = 14 + 25 = 39 \, \text{seconds} $$

**Answer 2:** It takes **39 seconds** (excluding door opening/closing time).

---

### **Question 3: Two people get on the same lift on the ground floor. First person goes to 40/F. Assuming the second person does not go to the same (40/F) floor, what is the minimum time it will take for the lift to get to 40/F if it has to stop at another floor between 1/F and 40/F?**

**Analysis:**
The lift must stop at an intermediate floor $X$ (where $1 < X < 40$) to let the second person off, and then continue to 40/F for the first person.
To minimize the total time, we need to minimize the sum of the travel times:
$$ T_{total} = T(1 \to X) + T(X \to 40) $$

Let $N$ be the number of floors between 1/F and $X$. So distance $D_1 = 5N$.
Let $M$ be the number of floors between $X$ and 40/F. So distance $D_2 = 5M$.
Note that $N + M = 39$ (total floors climbed).

We need to determine the optimal $N$ (and thus $M$) that minimizes the time.

**Case A: Both segments are long enough to reach max speed ($D \ge 25$m).**
This requires $5N \ge 25 \Rightarrow N \ge 5$ and $5M \ge 25 \Rightarrow M \ge 5$.
Since $N+M=39$, if $N \ge 5$ and $M \ge 5$, both segments use the "accelerate-cruise-decelerate" profile.

Time for a segment with distance $D$ (where $D \ge 25$):
$$ T(D) = t_{acc} + t_{dec} + \frac{D - 25}{v_{max}} = 10 + \frac{D - 25}{5} $$

Total Time $T_{total}(N)$:
$$ T_{total} = \left( 10 + \frac{5N - 25}{5} \right) + \left( 10 + \frac{5M - 25}{5} \right) $$
$$ T_{total} = 20 + \frac{5N - 25 + 5M - 25}{5} $$
$$ T_{total} = 20 + \frac{5(N+M) - 50}{5} $$
$$ T_{total} = 20 + \frac{5(39) - 50}{5} $$
$$ T_{total} = 20 + \frac{195 - 50}{5} = 20 + \frac{145}{5} = 20 + 29 = 49 \, \text{seconds} $$

Interestingly, if both segments are long enough to reach max speed, the total time is **constant** regardless of where the intermediate stop is, as long as the stop is not too close to the start or end. The "penalty" of stopping is just the extra acceleration/deceleration cycles, but the cruising time is linear with distance.

However, we must check if making one segment *shorter* (so it doesn't reach max speed) reduces the time.

**Case B: One segment is short ($D < 25$m).**
Let's assume the first leg $1 \to X$ is short ($N < 5$).
The time to travel distance $D$ without reaching max speed (symmetric accel/decel):
$$ D = \frac{1}{2} a t_{half}^2 + \frac{1}{2} a t_{half}^2 = a t_{half}^2 \quad (\text{where } t_{half} \text{ is time to peak speed}) $$
Actually, simpler formula for time $T$ given distance $D$ with constant accel $a$ and decel $a$:
$$ T = 2 \sqrt{\frac{D}{a}} $$
Here $a=1$, so $T = 2\sqrt{D}$.

Let's test the boundary conditions.
The "long segment" formula is valid for $D \ge 25$.
The "short segment" formula is valid for $D < 25$.

Let's try to make the first leg as short as possible to see if it helps, or if there's an optimal point.
Actually, let's look at the derivative.
For $D \ge 25$, $T(D) = 10 + \frac{D}{5} - 5 = 5 + \frac{D}{5}$. Slope is $1/5 = 0.2$.
For $D < 25$, $T(D) = 2\sqrt{D}$. Slope is $\frac{1}{\sqrt{D}}$.

At $D=25$, slope of short formula is $1/\sqrt{25} = 1/5 = 0.2$.
The functions match smoothly at $D=25$.
Since the slope of the short distance function ($1/\sqrt{D}$) is greater than $0.2$ for $D < 25$, the time increases *faster* per meter for short distances than for long distances.
Therefore, to minimize total time, we want to avoid short distances if possible, or rather, the "cost" of breaking the trip into two segments is fixed if both are long.

Wait, let's re-evaluate.
Total Time = $T(1 \to X) + T(X \to 40)$.
If both are long: $T = 49$s.
If one is short, say $1 \to X$ is short ($D_1 < 25$), then $X \to 40$ is long ($D_2 > 25$).
$T_{total} = 2\sqrt{D_1} + (5 + \frac{D_2}{5})$.
We know $D_1 + D_2 = 195$. So $D_2 = 195 - D_1$.
$T_{total}(D_1) = 2\sqrt{D_1} + 5 + \frac{195 - D_1}{5} = 2\sqrt{D_1} + 5 + 39 - 0.2 D_1 = 44 + 2\sqrt{D_1} - 0.2 D_1$.

Let's find the minimum of this function for $0 < D_1 < 25$.
Derivative w.r.t $D_1$:
$$ \frac{dT}{dD_1} = \frac{1}{\sqrt{D_1}} - 0.2 $$
Set to 0:
$$ \frac{1}{\sqrt{D_1}} = 0.2 \Rightarrow \sqrt{D_1} = 5 \Rightarrow D_1 = 25 $$
The derivative is positive for $D_1 < 25$ (since $1/\sqrt{D_1} > 0.2$).
This means the function is **increasing** as $D_1$ increases from 0 to 25.
Therefore, the minimum time in this region occurs at the smallest possible $D_1$.

However, we must also consider the constraint that the second person gets off at $X$. $X$ must be an integer floor.
The smallest non-zero distance is to Floor 2 ($1 \to 2$).
$D_1 = 5$ meters.
$D_2 = 190$ meters.

Let's calculate the time for $D_1 = 5$ m (Short) and $D_2 = 190$ m (Long).

**Leg 1: 1/F to 2/F ($D_1 = 5$ m)**
Since $5 < 25$, use $T = 2\sqrt{D/a}$.
$$ T_1 = 2\sqrt{\frac{5}{1}} = 2\sqrt{5} \approx 2 \times 2.236 = 4.472 \, \text{seconds} $$

**Leg 2: 2/F to 40/F ($D_2 = 190$ m)**
Since $190 > 25$, use long formula.
$$ T_2 = 10 + \frac{190 - 25}{5} = 10 + \frac{165}{5} = 10 + 33 = 43 \, \text{seconds} $$

**Total Time:**
$$ T_{total} = 4.472 + 43 = 47.472 \, \text{seconds} $$

Compare this to the "both long" case (e.g., stop at 10/F):
$T = 49$ seconds.

$47.472 < 49$. So stopping at a lower floor is faster.

Let's check the other extreme: Stop at Floor 39 ($1 \to 39$ long, $39 \to 40$ short).
$D_1 = 38 \times 5 = 190$ m.
$D_2 = 1 \times 5 = 5$ m.
By symmetry, the time will be the same: $43 + 4.472 = 47.472$ seconds.

Is it possible to get even lower?
The function $f(D_1) = 44 + 2\sqrt{D_1} - 0.2 D_1$ has its minimum at the boundaries of the domain where the formula changes or at the limits of $D_1$.
We established the derivative is positive for $D_1 < 25$. So the minimum is at the smallest $D_1$.
Smallest $D_1$ corresponds to stopping at Floor 2.
Largest $D_1$ (where the second leg is short) corresponds to stopping at Floor 39.

Let's double check if there is a local minimum inside the "both short" region?
If both are short, $D_1 < 25$ and $D_2 < 25$.
$D_1 + D_2 = 195$. This is impossible since max sum of two shorts is $25+25=50$. So this case doesn't exist.

So we only compare:
1.  Both long: Time = 49s.
2.  One short, one long: Time = $44 + 2\sqrt{D_1} - 0.2 D_1$.
    Since this function increases with $D_1$ in the range $(0, 25)$, the minimum is at the smallest $D_1$.
    Smallest integer floor stop is Floor 2 ($D_1=5$).

Calculation for Floor 2 stop:
$T_1 (1 \to 2) = 2\sqrt{5} \approx 4.47$ s.
$T_2 (2 \to 40) = 10 + (190-25)/5 = 43$ s.
Total = $47.47$ s.

Let's check Floor 3 stop ($D_1=10$).
$T_1 = 2\sqrt{10} \approx 6.32$ s.
$T_2 (3 \to 40, D=185) = 10 + (185-25)/5 = 10 + 32 = 42$ s.
Total = $48.32$ s. (Higher than 47.47)

Let's check Floor 5 stop ($D_1=20$).
$T_1 = 2\sqrt{20} \approx 8.94$ s

