I'll do my best to answer all the questions.

**Question 1: How long does it take for a person to get from the ground floor to the top floor?**

To find the time it takes for the lift to travel from the ground floor to the top floor, we need to calculate the total distance traveled and the maximum speed of the lift.

Distance = Number of floors × Height per floor
= 40 floors × 5 meters/floor
= 200 meters

Since the lift accelerates from 0 to its maximum speed of 5 m/s, we can use the equation:

v² = u² + 2as

where v is the final velocity (5 m/s), u is the initial velocity (0 m/s), a is the acceleration (1 m/s²), and s is the distance traveled (200 m).

Rearranging the equation to solve for s, we get:

s = (v² - u²) / 2a
= (5² - 0²) / (2 × 1)
= 25 / 2
= 12.5 meters

However, this is the distance traveled during the acceleration phase. To find the total time, we need to add the time it takes to decelerate from 5 m/s to 0 m/s.

Using the same equation:

v² = u² + 2as

We get:

0² = 5² - 2 × 1 × s
0 = 25 - 2s
2s = 25
s = 12.5 meters

The total distance traveled during deceleration is also 12.5 meters.

Now, we can find the total time taken:

Total time = Time taken to accelerate + Time taken to decelerate
= (Distance / Acceleration) + (Distance / Acceleration)
= (12.5 / 1) + (12.5 / 1)
= 25 seconds

However, this is not the correct answer. We need to consider the time it takes to travel the remaining distance at a constant speed of 5 m/s.

Remaining distance = Total distance - Distance traveled during acceleration and deceleration
= 200 - 25
= 175 meters

Time taken to travel at constant speed = Distance / Speed
= 175 / 5
= 35 seconds

Total time = Time taken to accelerate + Time taken to travel at constant speed + Time taken to decelerate
= 25 + 35 + 25
= 85 seconds

Therefore, it takes 85 seconds for a person to get from the ground floor to the top floor.

**Question 2: Two people get on the same lift on the ground floor. First person goes to 10/F and second person goes to 30/F. How long does it take?**

To find the time it takes, we need to calculate the distance traveled by each person and the time it takes to travel that distance.

Distance traveled by the first person = Number of floors × Height per floor
= 9 floors × 5 meters/floor
= 45 meters

Distance traveled by the second person = Number of floors × Height per floor
= 29 floors × 5 meters/floor
= 145 meters

Since the lift accelerates from 0 to its maximum speed of 5 m/s, we can use the equation:

v² = u² + 2as

We can find the time it takes to accelerate and decelerate for each person:

Time taken to accelerate = (Distance / Acceleration)
= 45 / 1
= 45 seconds (for the first person)
= 145 / 1
= 145 seconds (for the second person)

Time taken to decelerate = (Distance / Acceleration)
= 45 / 1
= 45 seconds (for the first person)
= 145 / 1
= 145 seconds (for the second person)

However, the lift will not decelerate immediately after the first person gets off. It will continue to travel to the second person's destination. We need to find the time it takes to travel the remaining distance at a constant speed of 5 m/s.

Remaining distance for the first person = Total distance - Distance traveled during acceleration and deceleration
= 45 - 45
= 0 meters (since the first person gets off at 10/F)

Remaining distance for the second person = Total distance - Distance traveled during acceleration and deceleration
= 145 - 145
= 0 meters (since the second person gets off at 30/F)

However, this is not the correct answer. We need to consider the time it takes to travel the remaining distance at a constant speed of 5 m/s.

Remaining distance for the first person = Distance from 10/F to 1/F
= 9 floors × 5 meters/floor
= 45 meters

Time taken to travel at constant speed = Distance / Speed
= 45 / 5
= 9 seconds

Remaining distance for the second person = Distance from 30/F to 1/F
= 29 floors × 5 meters/floor
= 145 meters

Time taken to travel at constant speed = Distance / Speed
= 145 / 5
= 29 seconds

Total time = Time taken to accelerate + Time taken to travel at constant speed + Time taken to decelerate
= 45 + 9 + 45 (for the first person)
= 99 seconds

Total time = Time taken to accelerate + Time taken to travel at constant speed + Time taken to decelerate
= 145 + 29 + 145 (for the second person)
= 319 seconds

However, this is not the correct answer. We need to consider the time it takes for the lift to travel from the ground floor to the 10/F and then from the 10/F to the 30/F.

Time taken to travel from the ground floor to the 10/F = 45 seconds (acceleration) + 9 seconds (constant speed) + 45 seconds (deceleration)
= 99 seconds

Time taken to travel from the 10/F to the 30/F = 20 floors × 5 meters/floor
= 100 meters

Time taken to accelerate = (Distance / Acceleration)
= 100 / 1
= 100 seconds

Time taken to decelerate = (Distance / Acceleration)
= 100 / 1
= 100 seconds

Time taken to travel at constant speed = Distance / Speed
= 100 / 5
= 20 seconds

Total time = Time taken to travel from the ground floor to the 10/F + Time taken to travel from the 10/F to the 30/F
= 99 + 120
= 219 seconds

Therefore, it takes 219 seconds for the two people to get to their respective floors.

**Question 3: Two people get on the same lift on the ground floor. First person goes to 40/F. Assuming the second person does not go to the same (40/F) floor, what is the minimum time it will take for the lift to get to 40/F if it has to stop at another floor between 1/F and 40/F?**

To find the minimum time, we need to consider the worst-case scenario, where the second person gets off at the floor that is farthest from the 40/F.

Let's assume the second person gets off at the 1/F. In this case, the lift will travel from the 1/F to the 40/F.

Distance traveled by the lift = Number of floors × Height per floor
= 39 floors × 5 meters/floor
= 195 meters

Time taken to accelerate = (Distance / Acceleration)
= 195 / 1
= 195 seconds

Time taken to decelerate = (Distance / Acceleration)
= 195 / 1
= 195 seconds

However, the lift will not decelerate immediately after the second person gets off. It will continue to travel to the 40/F. We need to find the time it takes to travel the remaining distance at a constant speed of 5 m/s.

Remaining distance = Total distance - Distance traveled during acceleration and deceleration
= 195 - 195
= 0 meters (since the lift decelerates immediately after the second person gets off)

However, this is not the correct answer. We need to consider the time it takes to travel the remaining distance at a constant speed of 5 m/s.

Remaining distance = Distance from 1/F to 40/F
= 39 floors × 5 meters/floor
= 

