Here are the step-by-step solutions to your math questions.

### **General Data Summary**
*   **Total Height ($H$):** $40 \text{ floors} \times 5 \text{ meters/floor} = 200 \text{ meters}$.
*   **Acceleration ($a$):** $1 \text{ m/s}^2$.
*   **Maximum Speed ($v_{max}$):** $5 \text{ m/s}$.
*   **Initial Velocity ($v_0$):** $0 \text{ m/s}$ (at the ground floor).

---

### **Question 1**
**How long does it take for a person to get from the ground floor to the top floor?**

**Step 1: Calculate the total distance.**
$$d = 40 \text{ floors} \times 5 \text{ m/floor} = 200 \text{ meters}$$

**Step 2: Determine the total time required to cover the distance.**
Since the lift starts from rest ($v_0 = 0$) and accelerates at $1 \text{ m/s}^2$, we use the kinematic equation:
$$d = v_0 t + \frac{1}{2} a t^2$$
$$200 = 0 \cdot t + \frac{1}{2} (1) t^2$$
$$200 = 0.5 t^2$$
$$t^2 = 400$$
$$t = \sqrt{400} = 20 \text{ seconds}$$

**Answer:** It takes **20 seconds**.

---

### **Question 2**
**Two people get on the same lift on the ground floor. First person goes to 10/F and second person goes to 30/F. How long does it take?**

**Step 1: Calculate the total distance for the first person.**
$$d_1 = 10 \text{ floors} \times 5 \text{ m/floor} = 50 \text{ meters}$$

**Step 2: Calculate the time for the first person.**
Using the same formula as in Question 1:
$$t_1 = \sqrt{\frac{2d_1}{a}} = \sqrt{\frac{2 \times 50}{1}} = \sqrt{100} = 10 \text{ seconds}$$

**Step 3: Calculate the time for the second person.**
The second person travels the remaining distance:
$$d_2 = 200 \text{ meters} - 50 \text{ meters} = 150 \text{ meters}$$
$$t_2 = \sqrt{\frac{2d_2}{a}} = \sqrt{\frac{2 \times 150}{1}} = \sqrt{300} \approx 17.32 \text{ seconds}$$

**Step 4: Calculate the total time.**
$$t_{total} = t_1 + t_2 = 10 + 17.32 = 27.32 \text{ seconds}$$

**Answer:** It takes approximately **27.32 seconds**.

---

### **Question 3**
**Two people get on the same lift on the ground floor. First person goes to 40/F. Assuming the second person does not go to the same (40/F) floor, what is the minimum time it will take for the lift to get to 40/F if it has to stop at another floor between 1/F and 40/F?**

**Step 1: Calculate the total distance for the first person.**
$$d_1 = 40 \text{ floors} \times 5 \text{ m/floor} = 200 \text{ meters}$$

**Step 2: Determine the time required to reach the top floor.**
$$t_1 = \sqrt{\frac{2d_1}{a}} = \sqrt{\frac{2 \times 200}{1}} = \sqrt{400} = 20 \text{ seconds}$$

**Step 3: Analyze the stopping condition.**
The lift must stop at a floor between 1/F and 40/F. This means the lift cannot reach the top floor (40/F).
Let $x$ be the distance traveled by the second person before the lift stops.
The total distance covered by the lift is $d_{lift} = d_1 + x$.
The time taken to cover this distance is $t_{total} = t_1 + t_2$.
$$t_{total} = 20 + t_2$$

**Step 4: Minimize the total time.**
To minimize the total time, we must minimize $t_2$.
The minimum time for the second person to travel a distance $x$ is when they travel at the maximum speed ($v_{max} = 5 \text{ m/s}$).
$$t_2 = \frac{x}{v_{max}} = \frac{x}{5}$$

Substitute $t_2$ into the total time equation:
$$t_{total} = 20 + \frac{x}{5}$$

**Step 5: Find the minimum $x$.**
The lift stops at a floor between 1/F and 40/F. The maximum distance the lift can travel before stopping is the distance to the floor immediately above the stop point.
Since the lift starts at the ground (floor 1) and stops at floor $k$ (where $1 < k < 40$), the maximum distance $x$ is the distance to floor $k-1$.
The maximum possible floor number is 39 (since it stops between 1 and 40).
Therefore, the maximum distance $x$ is:
$$x = 39 \text{ floors} \times 5 \text{ m/floor} = 195 \text{ meters}$$

**Step 6: Calculate the minimum total time.**
$$t_{total\_min} = 20 + \frac{195}{5} = 20 + 39 = 59 \text{ seconds}$$

**Answer:** The minimum time it will take is **59 seconds**. [end of text]


