### Understanding the Problem

First, I need to understand the scenario:

- **Building Details**: A 40-story building, each floor is 5 meters tall.
- **Elevator Details**:
  - Acceleration/deceleration: 1 m/s²
  - Maximum speed: 5 m/s

### Question 1: Time from Ground Floor to Top Floor

**Objective**: Find the time taken for the elevator to go from the 1st floor (ground floor) to the 40th floor.

#### Step 1: Calculate Total Distance
- Number of floors: 40
- Height per floor: 5 meters
- Total distance (D) = (40 - 1) * 5 = 39 * 5 = 195 meters

#### Step 2: Understand Elevator Motion
The elevator has three phases of motion:
1. **Acceleration Phase**: From rest to maximum speed.
2. **Constant Speed Phase**: At maximum speed.
3. **Deceleration Phase**: From maximum speed to rest.

But before jumping into calculations, I need to check if the elevator reaches its maximum speed within the given distance.

#### Step 3: Calculate Time and Distance During Acceleration and Deceleration
- **Acceleration (a)**: 1 m/s²
- **Maximum speed (v_max)**: 5 m/s

**Time to reach maximum speed (t1)**:
v = u + at
5 = 0 + 1 * t1 => t1 = 5 seconds

**Distance covered during acceleration (s1)**:
s = ut + 0.5at²
s1 = 0 + 0.5 * 1 * (5)² = 12.5 meters

**Deceleration Phase**: Similar to acceleration but in reverse.
- Time to decelerate (t3) = 5 seconds
- Distance covered during deceleration (s3) = 12.5 meters

**Total distance covered during acceleration and deceleration**: s1 + s3 = 25 meters

#### Step 4: Check if Maximum Speed is Achieved
Total distance D = 195 meters
Distance remaining after acceleration and deceleration: D - (s1 + s3) = 195 - 25 = 170 meters

Since 170 meters > 0, the elevator does reach maximum speed and travels at v_max for some time.

#### Step 5: Calculate Time at Constant Speed
**Time at constant speed (t2)**:
t2 = distance / speed = 170 / 5 = 34 seconds

#### Step 6: Total Time
Total time (T) = t1 + t2 + t3 = 5 + 34 + 5 = 44 seconds

**Final Answer**: \boxed{44 \text{ seconds}}

### Question 2: Two People, 10/F and 30/F

**Objective**: Find the time taken for the elevator to go from 1/F to 10/F, then to 30/F.

#### Step 1: Break Down the Journey
1. **First Leg**: 1/F to 10/F
2. **Second Leg**: 10/F to 30/F

#### First Leg: 1/F to 10/F
- **Distance**: (10 - 1) * 5 = 45 meters

**Check if maximum speed is reached**:
- Using the same acceleration and deceleration phases, total distance for accel + decel = 25 meters.
- Remaining distance: 45 - 25 = 20 meters > 0.

**Time Calculation**:
- t1 = 5 seconds (acceleration)
- t2 = 20 / 5 = 4 seconds (constant speed)
- t3 = 5 seconds (deceleration)
- Total time for first leg: 5 + 4 + 5 = 14 seconds

#### Second Leg: 10/F to 30/F
- **Distance**: (30 - 10) * 5 = 100 meters

**Check if maximum speed is reached**:
- Remaining distance: 100 - 25 = 75 meters > 0.

**Time Calculation**:
- t1 = 5 seconds (acceleration)
- t2 = 75 / 5 = 15 seconds (constant speed)
- t3 = 5 seconds (deceleration)
- Total time for second leg: 5 + 15 + 5 = 25 seconds

#### Total Time
Total time = First leg + Second leg = 14 + 25 = 39 seconds

But, I need to consider the stop at 10/F. The elevator decelerates to stop at 10/F and then accelerates again to go to 30/F.

**Verification**:
- The first leg includes deceleration to stop at 10/F.
- The second leg includes acceleration from rest at 10/F.

This seems correct.

**Final Answer**: \boxed{39 \text{ seconds}}

### Question 3: Minimum Time to 40/F with One Intermediate Stop

**Objective**: Find the minimum time for the elevator to reach 40/F, stopping at one intermediate floor between 1/F and 40/F.

#### Understanding the Problem
The elevator must stop at one floor between 1/F and 40/F. The goal is to minimize the total time.

#### Approach
The total time includes:
1. Acceleration to some speed.
2. Deceleration to stop at the intermediate floor.
3. Acceleration again to some speed.
4. Deceleration to stop at 40/F.

But, the elevator might not reach maximum speed in any of the legs if the distances are short.

#### Step 1: Find Optimal Intermediate Floor
The key is to minimize the total time. The worst case is stopping at the floor closest to the ground or top, but that might not be optimal.

Instead, I need to find the floor that minimizes the total time.

#### General Formula
For any intermediate floor k (2 ≤ k ≤ 39), the journey is:
1. 1/F to k/F
2. k/F to 40/F

**Total Distance**: (40 - 1) * 5 = 195 meters

But, the elevator must stop at k/F.

#### Time Calculation for Each Leg
For each leg, the elevator must accelerate, possibly reach maximum speed, and decelerate.

**First Leg (1/F to k/F)**:
- Distance: (k - 1) * 5 meters

**Second Leg (k/F to 40/F)**:
- Distance: (40 - k) * 5 meters

The total time is the sum of the times for both legs.

But, the exact calculation depends on whether the elevator reaches maximum speed in each leg.

#### Case Analysis
1. **Short Distances**: If the distance is less than the distance required to accelerate to v_max and decelerate back to rest (25 meters), the elevator won't reach v_max.

   For a distance d < 25 meters, the time can be calculated using the formula for motion under constant acceleration and deceleration.

   The maximum speed reached (v) is given by:
   v² = 2 * a * (d/2) => v = √(a * d)

   Time to accelerate to v: t = v / a = √(d / a)

   Total time: 2 * t (since it accelerates and decelerates symmetrically).

   But, d must be less than 25 meters.

   For d = 25 meters, v = 5 m/s, and time is 5 + 5 = 10 seconds.

2. **Long Distances**: If d ≥ 25 meters, the elevator reaches v_max.

   Time is: t1 (acceleration) + t2 (constant speed) + t3 (deceleration).

   t1 = t3 = 5 seconds.

   t2 = (d - 25) / 5.

   Total time: 10 + (d - 25)/5.

#### Find Optimal k
The total distance is fixed, but the split between the two legs affects the total time.

Let's denote:
- d1 = (k - 1) * 5
- d2 = (40 - k) * 5

Total time T = T1 + T2, where T1 and T2 are the times for d1 and d2.

**Objective**: Minimize T.

#### Subcases
1. **Both d1 and d2 ≥ 25 meters**:
   T1 = 10 + (d1 - 25)/5
   T2 = 10 + (d2 - 25)/5
   T = 20 + (d1 + d2 - 50)/5 = 20 + (195 - 50)/5 = 20 + 29 = 49 seconds

   But, d1 + d2 = 195 meters.

   However, if both legs are ≥ 25 meters, the total time is fixed at 49 seconds.

   But, is this the minimal case?

2. **One leg < 25 meters, the other > 25 meters**:
   Let's say d1 < 25 meters, d2 > 25 meters.

   For d1 < 25 meters:
   T1 = 2 * √(d1 / a) = 2 * √(d1 / 1) = 2 * √d1

   For d2 > 25 meters:
   T2 = 10 + (d2 - 25)/5

   Total T = 2√d1 + 10 + (d2 - 25)/5

   But d1 + d2 = 195 => d2 = 195 - d1

   So, T = 2√d1 + 10 + (195 - d1 - 25)/5 = 2√d1 + 10 + (170 - d1)/5

   To find the minimum, we need to find the critical point.

   Let's take the derivative of T with respect to d1:
   dT/dd1 = (1/√d1) - 1/5

   Set dT/dd1 = 0 => 1/√d1 = 1/5 => √d1 = 5 => d1 = 25 meters

   But d1 must be < 25 meters for this case.

   At d1 = 25 meters, T = 2*5 + 10 + (170 - 25)/5 = 10 + 10 + 29 = 49 seconds.

   For d1 < 25 meters, let's test d1 = 16 meters (k=4.2, but k must be integer).

   For k=4, d1=15 meters, d2=180 meters.

   T1 = 2√15 ≈ 7.746 seconds
   T2 = 10 + (180 - 25)/5 = 10 + 31 = 41 seconds
   Total T ≈ 7.746 + 41 ≈ 48.746 seconds

   For k=5, d1=20 meters, d2=175 meters.
   T1 = 2√20 ≈ 8.944 seconds
   T2 = 10 + (175 - 25)/5 = 10 + 30 = 40 seconds
   Total T ≈ 8.944 + 40 ≈ 48.944 seconds

   For k=3, d1=10 meters, d2=185 meters.
   T1 = 2√10 ≈ 6.324 seconds
   T2 = 10 + (185 - 25)/5 = 10 + 32 = 42 seconds
   Total T ≈ 6.324 + 42 ≈ 48.324 seconds

   For k=2, d1=5 meters, d2=190 meters.
   T1 = 2√5 ≈ 4.472 seconds
   T2 = 10 + (190 - 25)/5 = 10 + 33 = 43 seconds
   Total T ≈ 4.472 + 43 ≈ 47.472 seconds

   It seems that as d1 decreases, T decreases.

   But, d1 cannot be less than 5 meters (k=2).

   For k=2, T ≈ 47.472 seconds.

   For k=1, but k must be between 2 and 39.

   So, the minimal T occurs at k=2.

But, is this really the minimal case? What if both legs are less than 25 meters?

But, d1 + d2 = 195 meters. If both are less than 25 meters, d1 + d2 < 50 meters, which is not possible since 195 > 50.

Thus, the minimal case is when one leg is as short as possible.

**Conclusion**: The minimal time occurs when the intermediate stop is at the 2nd floor.

#### Verification
For k=2:
- d1 = (2-1)*5 = 5 meters
- d2 = (40-2)*5 = 190 meters

**First Leg (1/F to 2/F)**:
- d1 = 5 meters < 25 meters
- T1 = 2√5 ≈ 4.472 seconds

**Second Leg (2/F to 40/F)**:
- d2 = 190 meters > 25 meters
- T2 = 10 + (190 - 25)/5 = 10 + 33 = 43 seconds

Total T ≈ 4.472 + 43 ≈ 47.472 seconds

But, is there a better k?

For k=39:
- d1 = (39-1)*5 = 190 meters
- d2 = (40-39)*5 = 5 meters

**First Leg (1/F to 39/F)**:
- T1 = 10 + (190 - 25)/5 = 43 seconds

**Second Leg (39/F to 40/F)**:
- T2 = 2√5 ≈ 4.472 seconds

Total T ≈ 43 + 4.472 ≈ 47.472 seconds

Same as before.

Thus, the minimal time is achieved when the intermediate stop is either at the 2nd or the 39th floor.

**Final Answer**: \boxed{10 + 2 \sqrt{5} + \frac{170}{5} \approx 47.472 \text{ seconds}} (exact form: \(10 + 2 \sqrt{5} + 34 = 44 + 2 \sqrt{5}\) seconds)

But, looking back:

For k=2:
- T1 = 2√5 ≈ 4.472
- T2 = 10 + (190 - 25)/5 = 10 + 33 = 43
- Total ≈ 47.472

But, 44 + 2√5 ≈ 44 + 4.472 ≈ 48.472

This doesn't match.

Let's re-express T:

For k=2:
- T1 = 2√5
- T2 = 10 + (190 - 25)/5 = 10 + 33 = 43
- Total T = 2√5 + 43 ≈ 47.472

But, 44 + 2√5 ≈ 48.472

This is different.

I must have made a mistake.

Looking back:

For d1 = 5 meters:
- T1 = 2√5 ≈ 4.472
- d2 = 190 meters
- T2 = 10 + (190 - 25)/5 = 10 + 33 = 43
- Total T ≈ 47.472

But, 44 + 2√5 ≈ 48.472

This suggests that the exact form is 43 + 2√5.

But, 43 + 2√5 ≈ 47.472

This matches.

Therefore, the exact minimal time is 43 + 2√5 seconds.

But, is this the minimal case?

What if the elevator doesn't reach maximum speed in the second leg?

But, d2 = 190 meters is much larger than 25 meters, so it must reach maximum speed.

Thus, the minimal time is indeed 43 + 2√5 seconds.

But, is there a better k?

For k=3:
- d1 = 10 meters
- T1 = 2√10 ≈ 6.324
- d2 = 185 meters
- T2 = 10 + (185 - 25)/5 = 10 + 32 = 42
- Total T ≈ 48.324

This is higher than 47.472.

Thus, k=2 gives the minimal time.

**Final Answer**: \boxed{43 + 2 \sqrt{5} \text{ seconds}} (approximately 47.472 seconds) [end of text]


