system
user
Please answer ALL the following math questions. Show your steps. Do not stop until you have attempted to answer ALL the questions (even if it may be hard).

There is a 40 story building. Each floor is 5 meters tall.

The lift/elevator goes from the ground floor (1/F) to the top floor (40/F). Its acceleration/deceleration is 1m/s^2. Its maximum speed is 5m/s.

Questions:

1. How long does it take for a person to get from the ground floor to the top floor?

2. Two people get on the same lift on the ground floor. First person goes to 10/F and second person goes to 30/F. How long does it take?

3. Two people get on the same lift on the ground floor. First person goes to 40/F. Assuming the second person does not go to the same (40/F) floor, what is the minimum time it will take for the lift to get to 40/F if it has to stop at another floor between 1/F and 40/F?
assistant
I'll do my best to answer all the questions step by step.

**Question 1: How long does it take for a person to get from the ground floor to the top floor?**

Let's break this down into two parts: the acceleration phase and the constant speed phase.

1. Acceleration phase:
The lift accelerates from 0 to 5 m/s. The acceleration is 1 m/s^2. We can use the equation:

v = u + at

where v is the final velocity (5 m/s), u is the initial velocity (0 m/s), a is the acceleration (1 m/s^2), and t is the time.

5 = 0 + 1t
t = 5 s

The lift takes 5 seconds to accelerate to its maximum speed.

2. Constant speed phase:
The lift travels at a constant speed of 5 m/s for the remaining distance. The distance to travel is:

Distance = Total height - Ground floor height
= 40 × 5 m - 0 m
= 200 m

Time = Distance / Speed
= 200 m / 5 m/s
= 40 s

The lift takes 40 seconds to travel the remaining distance at a constant speed.

**Total time:**
The total time to get from the ground floor to the top floor is the sum of the acceleration phase and the constant speed phase:

Total time = 5 s + 40 s
= 45 s

**Answer:** It takes 45 seconds for a person to get from the ground floor to the top floor.

**Question 2: Two people get on the same lift on the ground floor. First person goes to 10/40 = 1/4 of the way up, and second person goes to 30/40 = 3/4 of the way up. How long does it take?**

Let's calculate the distance traveled by each person:

1. First person: 1/4 of the way up = 10 stories × 5 m/story = 50 m
2. Second person: 3/4 of the way up = 30 stories × 5 m/story = 150 m

The total distance traveled is the sum of the distances:

Total distance = 50 m + 150 m
= 200 m

The lift accelerates from 0 to 5 m/s, then travels at a constant speed of 5 m/s. We can use the same equations as before:

1. Acceleration phase:
v = u + at
5 = 0 + 1t
t = 5 s

2. Constant speed phase:
Time = Distance / Speed
= 200 m / 5 m/s
= 40 s

**Total time:**
The total time to get from the ground floor to the desired floors is the sum of the acceleration phase and the constant speed phase:

Total time = 5 s + 40 s
= 45 s

**Answer:** It takes 45 seconds for the two people to get to their desired floors.

**Question 3: Two people get on the same lift on the ground floor. First person goes to 40/40 = the top floor. Assuming the second person does not go to the same (40/40) floor, what is the minimum time it will take for the lift to get to 40/40 if it has to stop at another floor between 1/40 and 40/40?**

Let's consider the minimum possible distance the lift needs to travel to reach the top floor:

Minimum distance = Distance from the second person's floor to the top floor
= (40 - 1) stories × 5 m/story
= 190 m

The lift accelerates from 0 to 5 m/s, then travels at a constant speed of 5 m/s. We can use the same equations as before:

1. Acceleration phase:
v = u + at
5 = 0 + 1t
t = 5 s

2. Constant speed phase:
Time = Distance / Speed
= 190 m / 5 m/s
= 38 s

**Total time:**
The total time to get from the ground floor to the top floor is the sum of the acceleration phase and the constant speed phase:

Total time = 5 s + 38 s
= 43 s

**Answer:** The minimum time it will take for the lift to get to the top floor if it has to stop at another floor between 1/40 and 40/40 is 43 seconds. [end of text]


