Here are the step-by-step solutions to the three questions.

### **Preliminary Calculations & Constants**

First, let's establish the physical parameters of the building and the elevator.

*   **Total Floors:** 40
*   **Floor Height:** 5 meters
*   **Ground Floor (1/F):** Height = $0$ meters.
*   **Top Floor (40/F):** Height = $(40 - 1) \times 5 = 39 \times 5 = 195$ meters.
*   **Elevator Acceleration ($a$):** $1 \, \text{m/s}^2$
*   **Maximum Speed ($v_{max}$):** $5 \, \text{m/s}$

**Time to reach maximum speed ($t_{acc}$):**
$$ t_{acc} = \frac{v_{max}}{a} = \frac{5}{1} = 5 \, \text{s} $$

**Distance covered during acceleration ($d_{acc}$):**
$$ d_{acc} = \frac{1}{2} a t_{acc}^2 = \frac{1}{2} (1) (5)^2 = 12.5 \, \text{m} $$

Since deceleration is symmetric to acceleration, the distance covered during deceleration ($d_{dec}$) is also $12.5 \, \text{m}$, and the time taken ($t_{dec}$) is $5 \, \text{s}$.

**Total time for acceleration and deceleration phases:**
$$ t_{acc} + t_{dec} = 5 + 5 = 10 \, \text{s} $$

**Total distance for acceleration and deceleration phases:**
$$ d_{acc} + d_{dec} = 12.5 + 12.5 = 25 \, \text{m} $$

**Condition for reaching maximum speed:**
If the total distance $D > 25 \, \text{m}$, the elevator will accelerate to $5 \, \text{m/s}$, cruise at that speed for some time, and then decelerate.
If $D \le 25 \, \text{m}$, the elevator will accelerate for part of the trip and immediately decelerate without ever reaching $5 \, \text{m/s}$.

---

### **Question 1: How long does it take for a person to get from the ground floor to the top floor?**

**1. Determine the total distance:**
From 1/F to 40/F, the elevator travels 39 intervals.
$$ D_1 = 39 \times 5 \, \text{m} = 195 \, \text{m} $$

**2. Check if maximum speed is reached:**
Since $195 \, \text{m} > 25 \, \text{m}$, the elevator reaches maximum speed.

**3. Calculate cruising distance and time:**
$$ D_{cruise} = D_1 - (d_{acc} + d_{dec}) = 195 - 25 = 170 \, \text{m} $$
$$ t_{cruise} = \frac{D_{cruise}}{v_{max}} = \frac{170}{5} = 34 \, \text{s} $$

**4. Calculate total time:**
$$ T_1 = t_{acc} + t_{cruise} + t_{dec} $$
$$ T_1 = 5 + 34 + 5 = 44 \, \text{s} $$

**Answer 1:** It takes **44 seconds**.

---

### **Question 2: Two people get on the same lift on the ground floor. First person goes to 10/F and second person goes to 30/F. How long does it take?**

The lift must stop at 10/F to let the first person off, then continue to 30/F for the second person. We calculate the time for each leg of the journey separately.

**Leg 1: Ground Floor (1/F) to 10/F**

**1. Determine distance:**
Floors traveled: $10 - 1 = 9$ floors.
$$ D_{1 \to 10} = 9 \times 5 \, \text{m} = 45 \, \text{m} $$

**2. Check if maximum speed is reached:**
Since $45 \, \text{m} > 25 \, \text{m}$, the elevator reaches maximum speed.

**3. Calculate time for Leg 1:**
$$ D_{cruise,1} = 45 - 25 = 20 \, \text{m} $$
$$ t_{cruise,1} = \frac{20}{5} = 4 \, \text{s} $$
$$ T_{1 \to 10} = t_{acc} + t_{cruise,1} + t_{dec} = 5 + 4 + 5 = 14 \, \text{s} $$

**Leg 2: 10/F to 30/F**

*Note: The elevator starts from rest at 10/F after stopping.*

**1. Determine distance:**
Floors traveled: $30 - 10 = 20$ floors.
$$ D_{10 \to 30} = 20 \times 5 \, \text{m} = 100 \, \text{m} $$

**2. Check if maximum speed is reached:**
Since $100 \, \text{m} > 25 \, \text{m}$, the elevator reaches maximum speed.

**3. Calculate time for Leg 2:**
$$ D_{cruise,2} = 100 - 25 = 75 \, \text{m} $$
$$ t_{cruise,2} = \frac{75}{5} = 15 \, \text{s} $$
$$ T_{10 \to 30} = t_{acc} + t_{cruise,2} + t_{dec} = 5 + 15 + 5 = 25 \, \text{s} $$

**Total Time:**
$$ T_{total} = T_{1 \to 10} + T_{10 \to 30} $$
$$ T_{total} = 14 + 25 = 39 \, \text{s} $$

**Answer 2:** It takes **39 seconds**.

---

### **Question 3: Minimum time to get to 40/F with one intermediate stop**

We need to find an intermediate floor $k$ (where $1 < k < 40$) such that the total time to go $1/F \to k/F \to 40/F$ is minimized.

Let $D_{1 \to k}$ be the distance from 1/F to floor $k$, and $D_{k \to 40}$ be the distance from floor $k$ to 40/F.
Let $n_1$ be the number of floors between 1 and $k$ ($n_1 = k - 1$).
Let $n_2$ be the number of floors between $k$ and 40 ($n_2 = 40 - k$).
Total distance $D_{total} = 195$ m.

The time function for a distance $D$ (assuming $D > 25$) is:
$$ T(D) = 10 + \frac{D - 25}{5} = 5 + \frac{D}{5} $$
*(Derivation: $t_{acc}+t_{dec}=10$, $t_{cruise} = (D-25)/5$. Sum = $10 + D/5 - 5 = 5 + D/5$)*

If $D \le 25$, the time is calculated differently, but since the total distance is 195m, it is highly likely that both segments are long enough to reach max speed. Let's verify this assumption later. If both segments are $> 25$m, the total time is:
$$ T_{total}(k) = T(D_{1 \to k}) + T(D_{k \to 40}) $$
$$ T_{total}(k) = \left(5 + \frac{D_{1 \to k}}{5}\right) + \left(5 + \frac{D_{k \to 40}}{5}\right) $$
$$ T_{total}(k) = 10 + \frac{D_{1 \to k} + D_{k \to 40}}{5} $$
$$ T_{total}(k) = 10 + \frac{195}{5} = 10 + 39 = 49 \, \text{s} $$

Wait, this implies the time is constant regardless of where the stop is, **provided** both segments are long enough to reach maximum speed. Let's check the condition for reaching max speed.

**Condition for reaching max speed:**
Distance must be $> 25$ meters.
$25 \, \text{m} / 5 \, \text{m/floor} = 5$ floors.
So, if a segment involves traveling 5 or fewer floors (distance $\le 25$m), the formula $T(D) = 5 + D/5$ is **incorrect**. We must use the specific calculation for short distances.

To minimize time, we want to avoid short segments where the elevator cannot reach max speed, because the "overhead" time of accelerating and decelerating (10s) is fixed, but the distance covered is small. Actually, let's look at the efficiency.
For long distances, average speed is high. For short distances, average speed is lower because you spend more time accelerating/decelerating relative to the distance.
Therefore, to minimize total time, we should make the segments as **long** as possible to maximize the time spent at cruising speed. This suggests we should pick an intermediate floor that keeps both segments $> 25$m (i.e., $> 5$ floors).

Let's test the boundaries.
The elevator travels from 1/F to 40/F.
Intermediate floor $k$.
Segment 1: $1 \to k$. Distance $5(k-1)$.
Segment 2: $k \to 40$. Distance $5(40-k)$.

We need $5(k-1) > 25 \Rightarrow k-1 > 5 \Rightarrow k > 6$.
We need $5(40-k) > 25 \Rightarrow 40-k > 5 \Rightarrow k < 35$.

So, for any floor $k$ between 7 and 34 (inclusive), both segments are long enough to reach max speed.
In this range, the total time is constant:
$$ T = 49 \, \text{s} $$

What if we pick a floor outside this range?
Let's try the closest possible floor to the start: $k=2$ (2/F).
Segment 1: $1 \to 2$. Distance = 5m.
Segment 2: $2 \to 40$. Distance = $38 \times 5 = 190$m.

**Calculate Time for $k=2$:**
**Leg 1 ($1 \to 2$, 5m):**
Distance $D = 5$m. Since $5 < 25$, it does not reach max speed.
Let $t_1$ be the time to accelerate for $t_1/2$ and decelerate for $t_1/2$.
$$ D = 2 \times \frac{1}{2} a (\frac{t_1}{2})^2 = \frac{1}{2} a (\frac{t_1}{2})^2 \times 2 \text{ (Wait, simpler: } D = \frac{1}{2} a t_{half}^2 \times 2 \text{ is wrong.)} $$
Correct kinematic for symmetric accel/decel without max speed:
$$ D = \frac{1}{2} a t_{total}^2 / 2 \times 2 ? $$
Let $t$ be total time. Acceleration time $t/2$.
$$ D = 2 \times \left( \frac{1}{2} a (\frac{t}{2})^2 \right) = a \frac{t^2}{4} $$
$$ 5 = 1 \cdot \frac{t^2}{4} \Rightarrow t^2 = 20 \Rightarrow t = \sqrt{20} \approx 4.472 \, \text{s} $$
So, $T_{1 \to 2} \approx 4.472 \, \text{s}$.

**Leg 2 ($2 \to 40$, 190m):**
Distance $D = 190$m. Since $190 > 25$, it reaches max speed.
$$ T_{2 \to 40} = 5 + \frac{190}{5} = 5 + 38 = 43 \, \text{s} $$

**Total Time for $k=2$:**
$$ T_{total} = 4.472 + 43 = 47.472 \, \text{s} $$

This is **less** than 49 seconds. Why?
Because in the "long segment" formula $T = 5 + D/5$, the constant 5s comes from $(10 - 25/5)$. It assumes you spend 10s accelerating/decelerating and cover 25m.
In the short segment case ($k=2$), you spend only ~4.47s accelerating/decelerating to cover 5m. You "save" time on the overhead of the first leg.

Let's check the other extreme: $k=39$ (39/F).
Segment 1: $1 \to 39$. Distance $38 \times 5 = 190$m.
Segment 2: $39 \to 40$. Distance 5m.
By symmetry, this will also take $43 + 4.472 = 47.472 \, \text{s}$.

Let's check a floor in the middle, e.g., $k=20$ (20/F).
Segment 1: $1 \to 20$. Distance $19 \times 5 = 95$m. ($>25$m)
Segment 2: $20 \to 40$. Distance $20 \times 5 = 100$m. ($>25$m)
Time = $49$s.

So, moving the stop closer to the ends reduces the total time because the short leg doesn't incur the full "acceleration overhead" penalty relative to its distance. The "penalty" is the fixed 10 seconds of accel/decel.
For a distance $D$, if $D > 25$, Time $= 10 + (D-25)/5 = 5 + D/5$.
If $D \le 25$, Time $= \sqrt{4D/a} = \sqrt{4D} = 2\sqrt{D}$.

Let $n$ be the number of floors in the shorter leg.
Let the shorter leg have distance $d = 5n$.
The longer leg has distance $195 - 5n$.
Assuming the longer leg is always $> 25$m (which is true for $n < 34$), its time is $5 + (195-5n)/5 = 5 + 39 - n = 44 - n$.
The shorter leg time is $2\sqrt{5n}$.

Total Time $T(n) = 44 - n + 2\sqrt{5n}$.
We want to minimize $T(n)$ for integer $n \ge 1$.
Also, we must ensure the longer leg reaches max speed.
Longer leg distance $195 - 5n > 25 \Rightarrow 170 > 5n \Rightarrow n < 34$.
So we check integers $n$ from 1 to 33.

Let's evaluate $T(n)$ for small $n$:
$n=1$ (Stop at 2/F):
$T(1) = 44 - 1 + 2\sqrt{5(1)} = 43 + 2\sqrt{5} \approx 43 + 2(2.236) = 43 + 4.472 = 47.472 \, \text{s}$.

$n=2$ (Stop at 3/F):
$T(2) = 44 - 2 + 2\sqrt{5(2)} = 42 + 2\sqrt{10} \approx 42 + 2(3.162) = 42 + 6.324 = 48.324 \, \text{s}$.

$n=3$ (Stop at 4/F):
$T(3) = 44 - 3 + 2\sqrt{15} = 41 + 2(3.873) = 41 + 7.746 = 48.746 \, \text{s}$.

$n=4$ (Stop at 5/F):
$T(4) = 44 - 4 + 2\sqrt{20} = 40 + 2(4.472) = 40 + 8.944 = 48.944 \, \text{s}$.

$n=5$ (Stop at 6/F):
Distance $25$m. This is the boundary.
Formula for $D=25$: $t_{acc}=5, t_{dec}=5, t_{cruise}=0$. Total $10$s.
Using short formula: $2\sqrt{25} = 10$. Matches.
Longer leg: $195-25=170$m. Time: $5 + 170/5 = 39$s.
Total: $10 + 39 = 49$s.
Using function: $T(5) = 44 - 5 + 2\sqrt{25} = 39 + 10 = 49$s.

The function $T(n) = 44 - n + 2\sqrt{5}\sqrt{n}$ decreases as $n$ increases from 1?
Let's check the derivative with respect to $n$ (treating $n$ as continuous):
$$ \frac{dT}{dn} = -1 + 2\sqrt{5} \cdot \frac{1}{2\sqrt{n}} = -1 + \frac{\sqrt{5}}{\sqrt{n}} $$
Set to 0 to find minimum:
$$ \frac{\sqrt{5}}{\sqrt{n}} = 1 \Rightarrow \sqrt{n} = \sqrt{5} \Rightarrow n = 5 $$

