To solve these problems, we will break down each question step by step.

1. How long does it take for a person to get from the ground floor to the top floor?

First, we need to calculate the total distance the elevator travels. Since each floor is 5 meters tall and there are 40 floors, the total distance from the ground floor to the top floor is:

Distance = (40 floors - 1) * 5 meters/floor = 39 floors * 5 meters/floor = 195 meters

The elevator starts from rest and accelerates at 1 m/s^2 until it reaches its maximum speed of 5 m/s. We need to find out how long it takes to reach this speed and how far it travels during this acceleration phase.

Time to reach maximum speed = Final velocity / Acceleration = 5 m/s / 1 m/s^2 = 5 seconds

Distance covered during acceleration = 0.5 * Acceleration * Time^2 = 0.5 * 1 m/s^2 * (5 s)^2 = 12.5 meters

After reaching the maximum speed, the elevator travels at a constant speed until it needs to decelerate to stop at the top floor. The remaining distance after acceleration is:

Remaining distance = Total distance - Distance covered during acceleration = 195 meters - 12.5 meters = 182.5 meters

Time to cover remaining distance at constant speed = Distance / Speed = 182.5 meters / 5 m/s = 36.5 seconds

Before stopping at the top floor, the elevator needs to decelerate from 5 m/s to 0 m/s at a deceleration of 1 m/s^2. The distance covered during deceleration is the same as during acceleration:

Distance covered during deceleration = 12.5 meters

Time to decelerate = Final velocity / Deceleration = 5 m/s / 1 m/s^2 = 5 seconds

Total time = Time to accelerate + Time at constant speed + Time to decelerate
Total time = 5 seconds + 36.5 seconds + 5 seconds = 46.5 seconds

Therefore, it takes 46.5 seconds for a person to get from the ground floor to the top floor.

2. Two people get on the same lift on the ground floor. First person goes to 10/F and second person goes to 30/F. How long does it take?

To solve this, we need to calculate the time it takes for the elevator to reach each floor and add the time for acceleration and deceleration.

Distance to 10/F = (10 - 1) * 5 meters = 45 meters
Distance to 30/F = (30 - 1) * 5 meters = 145 meters

Time to reach 10/F:
- Acceleration phase: The elevator accelerates until it reaches 5 m/s or covers 45 meters, whichever comes first.

Since 12.5 meters are covered during full acceleration to 5 m/s, the elevator will not reach its maximum speed before reaching 10/F.

Time to reach 10/F = Time to accelerate to the point where 45 meters are covered
Using the equation of motion: s = ut + 0.5at^2, where s = 45 m, u = 0, a = 1 m/s^2
45 = 0 + 0.5 * 1 * t^2
t^2 = 90
t = √90 ≈ 9.49 seconds

Time to reach 10/F ≈ 9.49 seconds

Time to reach 30/F from 10/F:
The elevator is already moving at a speed when it leaves 10/F. We need to calculate this speed.

Using the equation v^2 = u^2 + 2as, where v is the final speed at 10/F, u = 0, a = 1 m/s^2, s = 45 m
v^2 = 0 + 2 * 1 * 45
v^2 = 90
v = √90 ≈ 9.49 m/s

Since the maximum speed is 5 m/s, the elevator will decelerate to 5 m/s.

Distance to decelerate to 5 m/s = (9.49 m/s)^2 / (2 * 1 m/s^2) = 45.2 meters

This means the elevator will decelerate for 45.2 meters and then travel the remaining distance at 5 m/s.

Remaining distance to 30/F = 145 meters - 45 meters (to 10/F) - 45.2 meters (deceleration) = 54.8 meters

Time to decelerate to 5 m/s = (9.49 m/s - 5 m/s) / 1 m/s^2 = 4.49 seconds

Time to travel remaining 54.8 meters at 5 m/s = 54.8 meters / 5 m/s = 10.96 seconds

Total time from 10/F to 30/F = Time to decelerate + Time at constant speed
Total time from 10/F to 30/F ≈ 4.49 seconds + 10.96 seconds ≈ 15.45 seconds

Total time for the journey = Time to 10/F + Time from 10/F to 30/F
Total time ≈ 9.49 seconds + 15.45 seconds ≈ 24.94 seconds

Therefore, it takes approximately 24.94 seconds for the elevator to take the two people to their respective floors.

3. Two people get on the same lift on the ground floor. First person goes to 40/F. Assuming the second person does not go to the same (40/F) floor, what is the minimum time it will take for the lift to get to 40/F if it has to stop at another floor between 1/F and 40/F?

To find the minimum time, we need to consider the scenario where the elevator stops at a floor that requires the least additional time compared to going directly to 40/F.

The optimal scenario is when the elevator stops at a floor just before it would normally start decelerating to 40/F. This way, the additional stop time is minimized.

From the calculation in question 1, we know the elevator starts decelerating 12.5 meters before 40/F.

Distance to start deceleration = 195 meters - 12.5 meters = 182.5 meters

This corresponds to:

Number of floors before deceleration starts = 182.5 meters / 5 meters/floor + 1 = 36.5 + 1 = 37 floors

So, the elevator should stop at 37/F to minimize the additional time.

Time to 37/F:
- The elevator accelerates to 5 m/s and then travels at constant speed.

Distance to 37/F = (37 - 1) * 5 meters = 180 meters

Time to accelerate to 5 m/s = 5 seconds (as calculated in question 1)
Distance covered during acceleration = 12.5 meters

Remaining distance at constant speed = 180 meters - 12.5 meters = 167.5 meters
Time at constant speed = 167.5 meters / 5 m/s = 33.5 seconds

Total time to 37/F = 5 seconds + 33.5 seconds = 38.5 seconds

After stopping at 37/F, the elevator needs to travel the remaining distance to 40/F.

Remaining distance = 195 meters - 180 meters = 15 meters

Since the elevator is already at 5 m/s, it will decelerate to stop at 40/F.

Time to decelerate = Final velocity / Deceleration = 5 m/s / 1 m/s^2 = 5 seconds

Distance covered during deceleration = 0.5 * Deceleration * Time^2 = 0.5 * 1 m/s^2 * (5 s)^2 = 12.5 meters

However, the remaining distance is only 15 meters, so the elevator will stop before reaching 5 seconds of deceleration.

Using the equation: s = ut + 0.5at^2, where s = 15 meters, u = 5 m/s, a = -1 m/s^2
15 = 5t + 0.5 * (-1) * t^2
15 = 5t - 0.5t^2
0.5t^2 - 5t + 15 = 0


