Here are the step-by-step solutions for each question.

### **Preliminary Calculations**

First, let's establish the physical parameters based on the problem description:
*   **Total Floors:** 40
*   **Height per Floor:** 5 meters
*   **Total Height ($H$):** $40 \times 5 = 200$ meters.
    *   *Note:* The ground floor is 1/F (height = 0). The top floor is 40/F (height = 200m).
*   **Acceleration ($a$):** $1 \, \text{m/s}^2$
*   **Deceleration ($a$):** $1 \, \text{m/s}^2$ (magnitude is the same)
*   **Maximum Speed ($v_{max}$):** $5 \, \text{m/s}$

We need to determine if the lift reaches its maximum speed during a trip.
*   Time to reach max speed ($t_{acc}$): $v_{max} = a \times t_{acc} \Rightarrow 5 = 1 \times t_{acc} \Rightarrow t_{acc} = 5 \, \text{s}$.
*   Distance covered while accelerating to max speed ($d_{acc}$): $d = \frac{1}{2}at^2 = \frac{1}{2}(1)(5)^2 = 12.5 \, \text{m}$.
*   Distance covered while decelerating from max speed ($d_{dec}$): Same as acceleration distance = $12.5 \, \text{m}$.
*   Total distance required to accelerate and decelerate fully ($d_{total\_trans}$): $12.5 + 12.5 = 25 \, \text{m}$.

Since the total building height (200m) is greater than 25m, the lift **will** reach its maximum speed for long trips.

---

### **Question 1: How long does it take for a person to get from the ground floor to the top floor?**

**Goal:** Travel from 0m to 200m.

**Step 1: Determine the motion profile.**
Since the total distance (200m) is much larger than the distance needed to accelerate and decelerate (25m), the lift will:
1.  Accelerate from 0 to $v_{max}$.
2.  Cruise at $v_{max}$.
3.  Decelerate from $v_{max}$ to 0.

**Step 2: Calculate time and distance for each phase.**

*   **Phase 1: Acceleration**
    *   Distance ($d_1$): $12.5 \, \text{m}$
    *   Time ($t_1$): $5 \, \text{s}$

*   **Phase 3: Deceleration** (Symmetric to acceleration)
    *   Distance ($d_3$): $12.5 \, \text{m}$
    *   Time ($t_3$): $5 \, \text{s}$

*   **Phase 2: Constant Speed (Cruising)**
    *   Distance remaining ($d_2$): Total Height - $d_1$ - $d_3$
    *   $d_2 = 200 - 12.5 - 12.5 = 175 \, \text{m}$
    *   Time ($t_2$): $t = \frac{d}{v} = \frac{175}{5} = 35 \, \text{s}$

**Step 3: Calculate total time.**
$$T_{total} = t_1 + t_2 + t_3$$
$$T_{total} = 5 + 35 + 5 = 45 \, \text{s}$$

**Answer 1:** It takes **45 seconds**.

---

### **Question 2: Two people get on the same lift on the ground floor. First person goes to 10/F and second person goes to 30/F. How long does it take?**

**Goal:** The lift must stop at 10/F and then continue to 30/F. We need the total time from start (0m) to finish (30/F).

**Step 1: Calculate distance to 10/F.**
*   Floors: 10
*   Height ($h_{10}$): $10 \times 5 = 50 \, \text{m}$.

**Step 2: Analyze the trip to 10/F.**
*   Total distance: 50m.
*   Acceleration distance: 12.5m.
*   Deceleration distance: 12.5m.
*   Since $50 > 25$, the lift reaches max speed.
*   Cruising distance: $50 - 12.5 - 12.5 = 25 \, \text{m}$.
*   Cruising time: $25 / 5 = 5 \, \text{s}$.
*   Time to reach 10/F ($T_{10}$): $5 (\text{acc}) + 5 (\text{cruise}) + 5 (\text{dec}) = 15 \, \text{s}$.
*   *Note:* The lift stops at 10/F. The problem implies a standard elevator scenario where stopping takes negligible time unless specified, or we assume the "time to get" refers to the travel time. However, strictly speaking, an elevator must decelerate to 0 to stop. The calculation above includes the deceleration to 0. Once stopped, it must re-accelerate.

**Step 3: Calculate the trip from 10/F to 30/F.**
*   Start height: 50m.
*   End height: $30 \times 5 = 150 \, \text{m}$.
*   Distance to travel ($\Delta h$): $150 - 50 = 100 \, \text{m}$.
*   The lift starts from rest at 10/F.
*   Does it reach max speed? Distance (100m) > 25m. Yes.
*   Acceleration distance: 12.5m.
*   Deceleration distance: 12.5m.
*   Cruising distance: $100 - 12.5 - 12.5 = 75 \, \text{m}$.
*   Cruising time: $75 / 5 = 15 \, \text{s}$.
*   Time for this leg ($T_{10 \to 30}$): $5 (\text{acc}) + 15 (\text{cruise}) + 5 (\text{dec}) = 25 \, \text{s}$.

**Step 4: Calculate total time.**
$$T_{total} = T_{10} + T_{10 \to 30}$$
$$T_{total} = 15 + 25 = 40 \, \text{s}$$

*(Self-Correction/Refinement: Does the stop at 10/F add time? In physics problems of this type, unless a "door open/close" time is given, we assume instantaneous stop/start or that the deceleration to 0 and subsequent acceleration are the only factors. The calculation above accounts for the full stop at 10/F by including the deceleration phase ending at 0 velocity, and the next phase starting from 0 velocity.)*

**Answer 2:** It takes **40 seconds**.

---

### **Question 3: Two people get on the same lift on the ground floor. First person goes to 40/F. Assuming the second person does not go to the same (40/F) floor, what is the minimum time it will take for the lift to get to 40/F if it has to stop at another floor between 1/F and 40/F?**

**Goal:** Minimize time to reach 40/F (200m) given a mandatory stop at an intermediate floor $X$ (where $0 < h_X < 200$).

**Analysis:**
To minimize time, we want to maximize the distance traveled at maximum speed ($v_{max}$).
The total distance is fixed at 200m.
The lift must:
1.  Accelerate from 0.
2.  Decelerate to 0 at floor $X$.
3.  Re-accelerate from 0.
4.  Decelerate to 0 at floor 40/F.

Let $h_X$ be the height of the intermediate stop.
The journey consists of two segments:
*   **Segment A:** $0 \to h_X$
*   **Segment B:** $h_X \to 200$

For any segment of distance $D$, if $D > 25$m, the time taken is:
$$t = 5 (\text{acc}) + \frac{D - 25}{5} (\text{cruise}) + 5 (\text{dec}) = 10 + \frac{D}{5} - 5 = 5 + \frac{D}{5}$$
*(Wait, let's re-verify the formula: $t = 5 + (D-25)/5 + 5 = 10 + D/5 - 5 = 5 + D/5$. Correct.)*

If $D \le 25$m, the lift never reaches max speed.
$$t = \sqrt{\frac{2D}{a}} + \sqrt{\frac{2D}{a}} = 2\sqrt{2D}$$
However, since the total distance is 200m, and we are splitting it into two parts, at least one part will likely be large enough to reach max speed, or both will. To minimize total time, we want to avoid "wasting" distance on acceleration/deceleration phases that don't utilize $v_{max}$.

**Strategy:**
The total time is the sum of the time for Segment A and Segment B.
$$T_{total} = T(h_X) + T(200 - h_X)$$

Let's test the boundaries and the middle.
The function for time $t(D)$ is convex (it curves upward).
*   If $D$ is small, $t(D) \approx 2\sqrt{2D}$ (steep slope).
*   If $D$ is large, $t(D) = 5 + D/5$ (linear slope).

We want to minimize $T(h_X) + T(200-h_X)$.
Ideally, we want both segments to be as long as possible so they both utilize the constant speed phase efficiently.
However, there is a constraint: The lift must stop at $X$. This means it decelerates to 0 at $X$ and accelerates from 0 at $X$.
Every stop adds "dead time" equivalent to the acceleration and deceleration phases that don't contribute to net displacement at $v_{max}$.

Let's look at the "cost" of the stop.
Without a stop: Time = $5 + 200/5 = 45$s.
With a stop at $X$:
We lose the ability to cruise continuously. We have to pay the acceleration cost twice (once for each leg) and the deceleration cost twice.
Actually, let's just calculate the time for a specific $X$.

**Case A: Stop at the very beginning (impossible, must be between 1 and 40) or very close to start.**
If $h_X$ is very small (e.g., 5m):
*   Leg 1 (0 to 5m): Distance 5m. $5 < 25$. No max speed.
    $t_1 = 2\sqrt{2 \times 5} = 2\sqrt{10} \approx 6.32$s.
*   Leg 2 (5m to 200m): Distance 195m. $195 > 25$. Max speed reached.
    $t_2 = 5 + 195/5 = 5 + 39 = 44$s.
*   Total: $6.32 + 44 = 50.32$s.

**Case B: Stop at the very end (impossible, must be between).**
Symmetric to Case A.

**Case C: Stop in the middle ($h_X = 100$m).**
*   Leg 1 (0 to 100m): Distance 100m.
    $t_1 = 5 + 100/5 = 25$s.
*   Leg 2 (100m to 200m): Distance 100m.
    $t_2 = 5 + 100/5 = 25$s.
*   Total: $25 + 25 = 50$s.

**Case D: Is there an optimal point?**
Let's analyze the function $f(x) = t(x) + t(200-x)$.
If both $x$ and $200-x$ are $> 25$:
$f(x) = (5 + x/5) + (5 + (200-x)/5) = 10 + 200/5 = 50$.
In this region, the time is constant at **50 seconds**, regardless of where the stop is, as long as both segments are long enough to reach max speed.

What if one segment is short ($< 25$m)?
Let $x < 25$. Then $200-x > 175$ (definitely $> 25$).
$f(x) = 2\sqrt{2x} + (5 + (200-x)/5) = 2\sqrt{2x} + 5 + 40 - x/5 = 45 + 2\sqrt{2x} - 0.2x$.
Let's find the derivative with respect to $x$:
$f'(x) = 2 \cdot \frac{1}{2\sqrt{2x}} \cdot 2 - 0.2 = \frac{2}{\sqrt{2x}} - 0.2$.
Set to 0: $\frac{2}{\sqrt{2x}} = 0.2 \Rightarrow \sqrt{2x} = 10 \Rightarrow 2x = 100 \Rightarrow x = 50$.
But we assumed $x < 25$.
At $x=25$:
$f(25) = 2\sqrt{50} + (5 + 175/5) = 2(7.07) + 40 = 14.14 + 40 = 54.14$.
Wait, my previous calculation for $x=5$ gave 50.32.
Let's re-evaluate $f(x)$ at $x=5$:
$f(5) = 2\sqrt{10} + 44 \approx 6.32 + 44 = 50.32$.
At $x=25$:
Leg 1 time (using max speed formula just to check continuity): $5 + 25/5 = 10$.
Leg 2 time: $5 + 175/5 = 40$.
Total = 50.
Using the non-max speed formula at $x=25$: $2\sqrt{50} \approx 14.14$.
There is a discontinuity in the derivative, but the function value drops as $x$ increases from 0 to 25?
Let's check $x=10$:
Leg 1: $2\sqrt{20} \approx 8.94$.
Leg 2: $5 + 190/5 = 43$.
Total: $51.94$.
It seems the time increases as $x$ gets smaller?
Let's re-calculate $x=5$ carefully.
$t_1 = 2\sqrt{10} \approx 6.324$.
$t_2 = 5 + 195/5 = 44$.
Sum = 50.324.

Let's check $x=20$:
$t_1 = 2\sqrt{40} \approx 12.65$.
$t_2 = 5 + 180/5 = 41$.
Sum = 53.65.

It appears the minimum occurs when the segments are as balanced as possible (both utilizing max speed), or at the boundary where the "short" segment just reaches max speed.
If $x = 25$:
Leg 1: Accel 12.5, Cruise 12.5, Decel 12.5. Time = $5+5+5=15$s.
Leg 2: Dist 175. Time = $5 + 175/5 + 5 = 40$s.
Total = 55s?
Wait, earlier I said $5 + D/5$.
For $D=25$: $5 + 25/5 = 10$.
Why the difference?
Formula: $t = t_{acc} + t_{cruise} + t_{dec}$.
$t_{acc} = 5$. $t_{dec} = 5$.
$t_{cruise} = (25 - 12.5 - 12.5)/5 = 0$.
Total = 10s.
My manual sum ($5+5+5$) was wrong because I assumed cruising time was 5s. If distance is exactly 25, cruising time is 0.
So for $D=25$, $t=10$.
Formula $5 + D/5 = 5 + 5 = 10$. Matches.

So, if $x=25$:
Leg 1 ($D=25$): 10s.
Leg 2 ($D=175$): $5 + 175/5 = 40$s.
Total = 50s.

If $x=50$:
Leg 1 ($D=50$): $5 + 50/5 = 15$s.
Leg 2 ($D=150$): $5 + 150/5 = 35$s.
Total = 50s.

If $x=100$:
Leg 1 ($D=100$): $5 + 100/5 = 25$s.
Leg 2 ($D=100$): $5 + 100/5 = 25$s.
Total = 50s.

**Conclusion on Minimum Time:**
As long as the intermediate stop $X$ is chosen such that **both** the distance from Ground to $X$ and from $X$ to 40/F are greater than or equal to 25 meters, the total time is constant

