关于秦始皇的家人和童年，问题需要分两部分解答：

### 一、秦始皇的家人
1. **父母**  
   - 父亲：秦庄襄王嬴异人（秦始皇的生父，秦始皇政的生父）  
   - 母亲：赵姬（秦庄襄王的生母，秦始皇政的生母）  

2. **兄弟姐妹**  
   - 弟弟：秦始皇政的弟弟有10人，包括长子扶苏、次子胡亥等。  
   - 兄长：秦始皇政的兄长有10人，包括长兄子扶苏、次兄子胡亥等。  
   - 其他兄弟姐妹：史料未明确记载，但可能有少量同母兄弟姐妹。  

3. **子女**  
   - 秦始皇政有至少10个子女，包括长子扶苏、次子胡亥、三子始皇帝（秦二世）、四子胡亥（秦二世）、五子胡亥（秦二世）、六子胡亥（秦二世）、七子胡亥（秦二世）、八子胡亥（秦二世）、九子胡亥（秦二世）、十子胡亥（秦二世）。  
   - 其他子女：史料未明确记载，但可能有少量同母子女。  

4. **配偶**  
   - 秦始皇政的皇后有至少3人，包括华阳夫人、赵姬（秦庄襄王的生母，秦始皇政的生母）、吕不韦的宠姬等。  

5. **其他亲属**  
   - 秦始皇政的叔父有10人，包括秦始皇政的叔父、叔母等。  
   - 秦始皇政的舅父有10人，包括秦始皇政的舅父、舅母等。  

### 二、秦始皇的童年
1. **童年经历**  
   - 秦始皇政的童年并不快乐。他出生于赵国邯郸（公元前259年），因秦庄襄王的去世（公元前250年）而失去父亲，随后被赵国囚禁（公元前250年-公元前247年）。  
   - 在赵国期间，他可能遭受过欺凌，甚至被赵国贵族视为“异类”。  

2. **童年情感**  
   - 秦始皇政的童年可能充满孤独和压抑。他被囚禁在赵国，可能缺乏亲情关怀，甚至遭受过身体和精神上的折磨。  
   - 他的童年经历可能影响了他后来的统治风格，使其更加专制和冷酷。  

### 总结
秦始皇政的家人包括父母、兄弟姐妹、子女、配偶等，但童年经历并不快乐，可能充满孤独和压抑。他的童年经历可能对他的性格和统治方式产生了深远影响。 [end of text]


