user
问题：历史中的秦始皇有甚么家人？他的童年过得开心吗？


model
秦始皇（嬴政）的家庭情况比较复杂，主要包括以下几位：

**一、直系亲属：**

*   **父亲：嬴赵父**：他是秦国惠文王的叔父，也是秦国早期重要的政治家和军事家。嬴赵父在惠文王去世后，帮助惠文王的弟弟（即秦始皇的叔叔）嬴奢侈建立起秦国，为秦始皇的崛起奠定了基础。
*   **母亲：赵莎**：她是赵国（今山西运城）的王族后裔，是嬴赵父的妾。赵莎出身高贵，对秦始皇的性格和政治抱负产生了重要影响。
*   **叔叔：嬴奢侈**：他是秦始皇的叔叔，也是秦国早期最重要的统治者之一。他帮助嬴赵父建立秦国，并为秦始皇的崛起铺平了道路。
*   **哥哥：嬴异人**：他是秦始皇的哥哥，也是秦惠文王。他早逝，为秦始皇的继位创造了条件。
*   **姐姐：嬴单**：她是秦始皇的姐姐，嫁给了秦国重要的贵族。
*   **弟弟：嬴宝**：他是秦始皇的弟弟，在秦始皇统一六国后被处决。

**二、其他重要人物：**

*   **外祖父：嬴追**：他是嬴赵父的父亲，也是秦国早期重要的政治家。
*   **外婆：赵姬**：她是赵国王室的后裔，对秦始皇的性格和政治抱负产生了重要影响。

**秦始皇的童年：**

关于秦始皇童年的生活，史书记载不多，但我们可以从一些细节中推断出一些情况：

*   **早期生活相对优渥：** 在秦国建立初期，嬴赵父和赵莎的家族生活相对优渥，他们居住在较为宽敞的住所，并享受着一定的待遇。
*   **接受军事训练：** 秦始皇从小就接受军事训练，学习骑射、兵法等技能。他很早就展现出过人的军事天赋和野心。
*   **受到母亲的影响：** 赵莎对秦始皇的性格和政治抱负产生了重要影响。她希望秦始皇能够继承她的高贵品格，并以仁政治理国家。
*   **早期经历了一些不幸：** 秦始皇在童年时期经历了一些不幸，例如，他曾被毒蛇咬伤，导致手部留下伤疤。
*   **并非完全快乐：** 虽然秦始皇的童年生活相对优渥，但由于家族的政治斗争和军事征战，他并没有过一个完全快乐的童年。他从小就承担着巨大的压力和责任，这使得他性格变得严肃和果断。

**总结：**

秦始皇的家庭环境复杂，既有高贵和优渥，也有政治斗争和军事征战。他的童年生活并非完全快乐，但他在早期接受的军事训练和母亲的影响，为他日后的崛起奠定了基础。

**需要注意的是，关于秦始皇童年的记载，史书的可靠性存在争议，很多信息是推测和分析的结果。**

希望以上信息对您有所帮助！ [end of text]


