秦始皇（嬴政）是中国历史上第一位皇帝，其家族背景在史料中有一定记载，但关于其“童年是否开心”，由于缺乏直接的情感记录，我们只能从历史事实和逻辑推断进行分析。

一、秦始皇的家人（根据史书记载）：

1. 父亲：秦庄襄王（嬴异人）  
   嬴异人早年在赵国为质子，生活困顿，后经吕不韦运作，被迎回秦国继位。嬴政年幼时，父亲已非“亲生”意义上的父亲，而是政治联姻与权谋的产物。

2. 母亲：赵姬（原为吕不韦的姬妾）  
   赵姬是嬴政的生母，但据《史记》记载，嬴政幼年时，赵姬与吕不韦有私情，后又与嫪毐私通，导致嬴政被“幽禁”于雍城多年。母亲的“不忠”与政治斗争，使嬴政童年充满阴影。

3. 同父异母兄弟姐妹：  
   - 嬴傒（异人之子，嬴政同父异母兄）  
   - 嬴傒之子嬴昌（嬴政的侄子）  
   - 嬴政的同母姐妹：据《史记》记载，嬴政有姐妹，但名字不详，后被吕不韦或嫪毐控制，命运不明。

4. 后宫妃嫔：  
   秦始皇成年后，后宫众多，但这些妃嫔多为政治工具，与嬴政的童年无关。

5. 儿子：  
   嬴政有多个儿子，但多数早夭或未被记载，其中最著名的是“扶苏”，嬴政长子，后被赐死。

6. 女儿：  
   有记载称嬴政有女儿，但名字和事迹均不详。

二、童年是否开心？

从历史记载来看，嬴政的童年并不“开心”，甚至可以说是“压抑”和“危险”的：

1. 幼年被“幽禁”：  
   嬴政在赵国为质子时，生活困苦，后被吕不韦迎回秦国，但因母亲赵姬与嫪毐私通，嬴政被“幽禁”于雍城多年，期间可能遭受政治迫害和心理创伤。

2. 政治斗争的牺牲品：  
   嬴政的童年是秦国政治斗争的牺牲品。他被母亲和嫪毐控制，后又被吕不韦和嬴政的叔父嬴傒等人争夺权力，导致嬴政被迫“早熟”，在13岁时就“亲政”，成为秦国的“傀儡皇帝”。

3. 心理创伤：  
   嬴政的童年经历使他形成了“冷酷、多疑、控制欲强”的性格，这在后来的统治中体现得淋漓尽致。他杀掉嫪毐、吕不韦、扶苏等亲信，甚至对亲生儿子也毫不留情。

4. 与母亲的疏离：  
   嬴政成年后，对母亲赵姬极为反感，甚至在《史记》中称其“母不慈”，这说明嬴政的童年与母亲关系紧张，缺乏母爱。

三、结论：

秦始皇的家人包括父亲嬴异人、母亲赵姬、同父异母兄弟姐妹、后宫妃嫔、儿子扶苏等。他的童年并不开心，而是充满政治斗争、心理创伤和压抑。他被迫“早熟”，在13岁时就“亲政”，成为秦国的“傀儡皇帝”，这使他的一生充满了权力与控制的欲望。

因此，从历史事实和逻辑推断来看，秦始皇的童年是“不开心”的，甚至可以说是“痛苦”的。他的一生，是权力与控制的产物，而非亲情与快乐的产物。

（注：以上分析基于《史记》等史料，结合历史逻辑推断，非主观臆断。） [end of text]


