秦始皇（嬴政，前259年—前210年）的家庭背景和童年经历相对模糊，但根据史书记载，我们可以推测一些信息：

### **秦始皇的家人**
1. **父母**：
   - **父亲**：赵姬（又称“赵太后”或“赵姬”，秦庄襄王的生母，秦始皇的祖母）。
     - 秦庄襄王（嬴子楚）是秦昭襄王的庶子，由赵姬所生。秦庄襄王即位后，立赵姬为王后，并将赵姬的儿子嬴政立为太子。
   - **生父**：秦庄襄王（嬴子楚），秦昭襄王的庶子，实际为赵姬所生。
     - 但秦庄襄王早逝（前247年），嬴政年仅13岁即位，因此嬴政的生父并非其正式的皇父（秦昭襄王），而是秦庄襄王。

2. **祖父**：
   - **秦昭襄王**（嬴则，前306年—前251年），嬴政的外祖父（赵姬的丈夫）。
     - 秦昭襄王是秦国的强盛君主，但嬴政与他关系并不密切，因为嬴政的实际生父是秦庄襄王。

3. **兄弟姐妹**：
   - 史书中未明确记载嬴政有兄弟姐妹，但秦庄襄王有多个子女，嬴政可能有同母或异母的兄弟姐妹，但具体情况不详。

4. **妻妾**：
   - 秦始皇一生有多位妻妾，但主要的皇后有：
     - **华阳夫人**（赵姬的侄女，嬴政的表妹，后被废黜）。
     - **赵姬**（赵太后的侄女，嬴政的表妹，后被立为皇后，但早逝）。
     - **胡亥**（嬴政的庶子，后被立为太子，但被赵高所害）。
   - 此外，还有多位宫女和妃子，如**长信侯王贺的女儿**（后被立为皇后，但嬴政死前废黜）。

5. **子女**：
   - 秦始皇有多个儿子，但主要的有：
     - **胡亥**（嬴政的庶子，后被立为二世皇帝，但即位仅3年即被赵高所害）。
     - **扶苏**（嬴政的长子，但被赵高所害，未能继位）。
     - 其他庶子如**公子高、公子低、公子禄等**，但大多早逝或被废。

---

### **嬴政的童年是否开心？**
嬴政的童年并不轻松，主要原因如下：

1. **早年丧父**：
   - 秦庄襄王（嬴政的生父）于前247年去世，嬴政时年仅13岁，被立为太子。这意味着他必须面对权力斗争和政治压力。

2. **权力斗争**：
   - 秦庄襄王死后，赵姬（嬴政的祖母）和赵高（秦庄襄王的宠臣）开始操控嬴政，导致嬴政与赵高之间的矛盾日益加深。
   - 赵高曾试图废黜嬴政，但被嬴政识破，最终被处死（前228年）。

3. **政治教育**：
   - 秦昭襄王（嬴政的外祖父）曾让嬴政学习兵法和政治，但嬴政并不喜欢这种教育，认为“兵法不足以观大略”（《史记·秦始皇本纪》）。
   - 这表明嬴政可能对传统的儒家或法家教育不感兴趣，更倾向于实际的权力斗争。

4. **家庭环境**：
   - 赵姬（嬴政的祖母）和赵高（嬴政的宠臣）在嬴政即位后掌握实权，导致嬴政的童年可能充满政治阴谋和权力斗争。
   - 根据《史记》记载，嬴政曾说：“吾闻周文王拘而演《周易》，仲尼厄而著《春秋》，屈原放逐，乃赋《离骚》，左丘失明，厥有《国语》。余皆被褐怀玉，隐居以求真，然犹有名闻于世。今吾乃托身而死，为天下笑，何也？”（前221年）这表明嬴政可能对自己的命运感到不满，但也反映了他对权力的渴望。

5. **早期的残酷性格**：
   - 史书记载，嬴政在即位后就开始大肆杀戮异姓贵族和功臣，如**李斯、蒙恬、王翦等**，这表明他从小就接受了“以暴易暴”的秦国传统，可能缺乏温情。

### **结论**
嬴政的童年并不开心，充满了权力斗争、政治阴谋和早熟的残酷性格。他从小就被迫面对政治压力，并逐渐形成了“以法治国”的严酷统治方式。不过，他也有自己的野心和智慧，最终统一六国，建立了中国历史上第一个中央集权的大帝国。 [end of text]


