
秦始皇（嬴政）的家人关系和童年经历，是理解他后来性格与执政风格的重要钥匙。简单来说，他的家庭关系极其复杂且充满背叛，而他的童年不仅不开心，反而充满了颠沛流离、朝不保夕的恐惧与压抑。

以下为您详细梳理他的家人关系与童年经历：

### 一、 秦始皇的家人：充满背叛与血腥的亲情

秦始皇的家人众多，但真正对他产生重大影响的核心亲属，关系几乎都以悲剧收场。

**1. 父亲：秦庄襄王（嬴子楚/异人）**
*   **关系：** 嬴子楚本是秦国在赵国的质子，地位卑微。后在吕不韦的运作下成为华阳夫人的养子，最终回国继位。
*   **结局：** 虽然子楚将嬴政带回了秦国，但他继位仅三年便去世，对嬴政的成长缺乏长久的陪伴与保护。

**2. 母亲：赵姬**
*   **关系：** 这是对嬴政性格影响最大的一个人。赵姬原本是吕不韦的姬妾，被送给子楚。嬴政出生后，赵姬与他一同在赵国度过了艰难的质子岁月。但回到秦国后，赵姬作为太后，与吕不韦旧情复燃，后又私通嫪毐，生下两个私生子，甚至纵容嫪毐发动叛乱企图取代嬴政。
*   **结局：** 嫪毐之乱被平定后，嬴政将两个同母异父的弟弟扑杀（摔死），将母亲赵姬软禁于雍城，断绝母子关系（后在群臣死谏下才将其迎回咸阳，但母子亲情彻底破裂）。

**3. “仲父”：吕不韦**
*   **关系：** 吕不韦是嬴政名义上的相邦和“仲父”，在嬴政初即位时把持朝政。民间甚至有传言吕不韦才是嬴政的生父。
*   **结局：** 随着嬴政成年亲政，吕不韦因牵涉嫪毐之乱被罢相，后流放蜀地途中饮鸩自尽。

**4. 弟弟：成蟜（长安君）**
*   **关系：** 嬴政同父异母的弟弟。成蟜深受秦国王室宠爱，这在一定程度上威胁到了嬴政的地位。
*   **结局：** 嬴政八年，成蟜在率军攻打赵国时突然叛秦降赵。此事让嬴政再次尝到至亲背叛的滋味，成蟜最终死于赵国，其部属全部被嬴政处死。

**5. 子女：史书中的无名悲剧**
*   **关系：** 史书未载秦始皇皇后的姓名（这是一个历史谜团），但他有至少二十多个儿子和十个左右的女儿。最著名的儿子是长子扶苏和幼子胡亥（秦二世）。
*   **结局：** 秦始皇死后，胡亥与赵高、李斯伪造遗诏，逼死扶苏。为了巩固帝位，胡亥将自己的所有兄弟姐妹（秦始皇的所有子女）几乎屠戮殆尽，手段极其残忍（如将十二个公子戮死于咸阳，十个公主矺死于杜县）。

---

### 二、 秦始皇的童年：恐惧、压抑与屈辱

嬴政的童年不仅毫无快乐可言，甚至可以说是他一生心理创伤的根源。他的童年可以分为两个截然不同却同样压抑的阶段：

**1. 赵国质子期（0-9岁）：朝不保夕的惊恐**
*   **出生在敌国：** 嬴政出生于公元前259年，当时秦赵两国正在爆发惨烈的“长平之战”。他的父亲是秦国抛弃的质子，母亲是商人的前妻，他在赵国就是一个随时可能被杀掉泄愤的敌国弃子。
*   **生死一线：** 长平之战后，赵国对秦国恨之入骨，赵王曾多次想杀掉嬴政一家。父亲子楚（异人）在吕不韦的帮助下抛妻弃子逃回秦国，留下年幼的嬴政和母亲赵姬在赵国东躲西藏。
*   **遭受欺凌：** 作为敌国质子，嬴政在赵国饱受同龄人的欺辱与白眼。这段经历让他极度缺乏安全感，也让他见识了人性的冷酷，造就了他多疑、坚韧且冷酷的性格。有学者认为，他后来对赵国的报复性屠杀（坑杀赵国降卒），与童年受赵人欺凌的心理阴影有关。

**2. 咸阳傀儡期（9-22岁）：如履薄冰的隐忍**
*   **寄人篱下：** 9岁时，父亲继位，他终于回到秦国成为太子。但仅仅三年后父亲去世，13岁的他登上王位。
*   **三座大山：** 年幼的嬴政面对的是权倾朝野的“仲父”吕不韦、势力庞大的母后赵姬，以及后来崛起的“假父”嫪毐。他没有任何实权，只能隐忍。
*   **精神重创：** 母亲赵姬与嫪毐的丑闻，以及嫪毐企图用私生子取代他的叛乱，是对嬴政最沉重的精神打击。至亲之人的背叛，让他彻底丧失了对人性的信任。

---

### 总结

秦始皇的家人，几乎没有一个能给他带来温暖：父亲抛弃过他，母亲背叛了他，弟弟反叛了他，“仲父”压制并牵连了他，而他的子女则在他死后自相残杀。

他的童年，前半段是随时可能丧命的敌国质子，后半段是受制于权臣与太后的少年傀儡。**他没有享受过正常的父爱、母爱与手足之情，他的童年底色是恐惧、屈辱和背叛。**

正是这种极度缺爱、极度缺乏安全感的童年，塑造了秦始皇后来的性格：他极度自强也极度自卑，他渴望用绝对的权力来掌控一切，他不相信任何人（不用宗室亲王，不立皇后，不立太子），他只能将所有的信任寄托于冰冷的法家制度与严刑峻法。他扫平六国、成就千古一帝的伟业，其底层的心理驱动力，或许正是童年那种对“被掌控”和“被背叛”的深深恐惧。 [end of text]


