关于秦始皇（嬴政）的家人及其童年生活，历史记载相对有限，且多散见于《史记》等古籍中。我们可以从现有的史料中梳理出一些关键信息：

### 一、秦始皇的主要家人

#### 1. 父亲：嬴异人（后改名子楚）
- 嬴异人是秦庄襄王，嬴政的生父。他原为秦国质子，在赵国被吕不韦收买后返回秦国，最终即位。
- 他在位时间很短（前 251 年—前 247 年），去世时嬴政年仅 13 岁。

#### 2. 母亲：赵姬
- 赵姬是嬴异人的妻子，也是嬴政的生母。她原本是赵国人，后成为秦国公主，嫁入秦国。
- 赵姬在嬴政童年时期扮演了重要角色，但也因卷入吕不韦与嫪毐的丑闻而备受争议。

#### 3. 兄弟：嬴柱（安国君）
- 嬴柱是嬴异人的长子，也是嬴政的异母兄。他在嬴政继位前曾短暂继位（前 247 年），但很快被嬴政夺权。
- 嬴柱后来被封为安国君，但并未再掌实权。

#### 4. 其他亲属
- 嬴政还有多位兄弟姐妹，但具体名字和事迹在正史中记载较少。
- 嬴政的皇后是赵姬的妹妹赵姬（一说为赵姬本人，存在争议），但这一说法在学术界尚有不同观点。

---

### 二、嬴政的童年生活

关于嬴政的童年，史料记载非常有限，但可以推测以下几点：

1. **政治环境复杂**  
   嬴政出生于秦国动荡时期，父亲嬴异人作为质子，地位不稳；母亲赵姬卷入吕不韦与嫪毐的丑闻，家庭关系紧张。

2. **教育严格**  
   嬴政自幼接受严格的教育，学习兵法、礼仪、治国之道，为日后统一六国打下基础。

3. **权力斗争激烈**  
   嬴政继位时，朝中势力复杂，吕不韦、嫪毐等权臣对皇权构成威胁，他需要在夹缝中巩固权力。

4. **心理成长**  
   尽管童年充满挑战，但嬴政展现出极强的意志力和政治敏锐度，这为他后来成为千古一帝奠定了基础。

---

### 总结

秦始皇的家人包括父亲嬴异人、母亲赵姬、异母兄嬴柱等，但具体家庭细节因史料缺失而难以完全还原。他的童年生活在政治动荡与权力斗争中度过，虽然充满挑战，但也塑造了他坚韧的性格和卓越的治国能力。 [end of text]


