秦始皇（嬴政，公元前259年－公元前210年）是中国历史上首位完成统一的皇帝（公元前221年建立秦朝）。关于他的家人和童年，历史记载存在一定争议，但结合史料可梳理如下：

---

### **一、秦始皇的家人**
#### 1. **父亲：异人（秦庄襄王）**
   - 嬴政的父亲是秦国王室庶子，原名**异人**（后改名子楚），是秦孝文王之子。当时异人作为人质滞留赵国邯郸，生活困窘，甚至需靠逃难商人**吕不韦**资助才得以逃回秦国。
   - 吕不韦认为异人“奇货可居”，资助其政治运作，最终异人继位成为秦庄襄王（公元前249年—前247年在位），嬴政被立为太子。

#### 2. **母亲：赵姬（原为吕不韦姬妾）**
   - 嬴政生母赵姬原是赵国邯郸大户人家的女儿，后成为吕不韦姬妾。吕不韦将赵姬献给异人（子楚）以换取政治利益。嬴政出生后，赵姬成为王后。
   - **争议点**：有野史（如《史记·吕不韦列传》暗示）称嬴政实为吕不韦之子，但现代史学多认为此说缺乏实证，可能是汉代史官为贬损秦朝合法性而渲染。主流观点认为嬴政为异人亲生子。

#### 3. **兄弟姐妹**
   - **同母弟**：成蟜（jiǎo），史载“少子”，赵姬与吕不韦私通所生（若按野史则为吕不韦之子）。成蟜后因谋反被处死（约公元前239年）。
   - **同父异母弟**：秦庄襄王另有子若干，但早夭或无记载。
   - **同母妹**：史书无明确记载，赵姬与吕不韦私情可能涉及其他子女，但未被记录。

#### 4. **妻子与子女**
   - **皇后**：正史未载皇后姓名，仅知秦始皇称帝后立**皇后**（身份不明），但无子嗣记载。
   - **子女**：
     - 子：扶苏（长子，儒家支持者）、胡亥（次子，即秦二世）、公子高、公子将闾等。
     - 女：史书仅提“公主某”，无具体名字。
   - **赵姬与吕不韦私情**：嬴政继位后，吕不韦仍与赵姬保持关系，后因嫪毐叛乱牵连（见下文）被免职，赵姬被软禁。

#### 5. **其他关联人物**
   - **继父**：吕不韦（官至丞相，封文信侯），嬴政继位后重用吕不韦，但因权力斗争渐生嫌隙，后逼吕不韦自尽（公元前235年）。
   - **宦官嫪毐**：赵姬与嫪毐私通，生两子，公元前238年嫪毐发动叛乱被诛，赵姬所生二子被处死，赵姬亦被软禁。

---

### **二、秦始皇的童年：动荡与压抑**
#### 1. **出生与早年环境**
   - 嬴政生于赵国邯郸，其父异人（子楚）当时作为人质被困邯郸，处境危险。秦赵两国交战，嬴政母子生活困顿，甚至需依附吕不韦。
   - **童年烙印**：幼年颠沛流离的经历可能影响其性格。《史记》载嬴政“蜂准长目”且性格刚毅多疑，或与早年危机感有关。

#### 2. **政治阴影下的成长**
   - **人质生涯**：嬴政与母亲赵姬在邯郸度过9年（公元前259—前251年），期间秦赵关系紧张，嬴政生命安全受威胁（如赵国欲杀异人质子）。
   - **吕不韦与嫪毐的双重阴影**：
     - 吕不韦通过权谋将嬴政推上王位，但嬴政成年后忌惮其权势，最终迫使吕不韦自杀。
     - 母亲赵姬与嫪毐的私情被嬴政发现后，爆发嫪毐之乱（公元前238年），嬴政亲政后严惩叛乱，牵连母亲声誉。

#### 3. **教育与权力启蒙**
   - 嬴政幼年由母亲赵姬和吕不韦教导，后师从**韩非**（法家思想影响深远）及李斯（法家实践者）。
   - 13岁（公元前247年）继位秦王，童年实际被压缩在权力斗争中，缺乏正常亲情与玩乐时间。

#### 4. **心理与性格形成**
   - 司马迁评价嬴政“为人刚毅戾深”，认为其因早年流亡经历对权谋冷酷依赖。
   - 统一后推行严苛政策（如焚书坑儒、严苛刑法），或与童年创伤导致的控制欲相关。

---

### **三、是否“开心”？——童年的创伤性**
嬴政的童年显然不“开心”，主要体现为：
1. **生存危机**：邯郸人质身份下的生命威胁。
2. **情感缺失**：父亲早逝（公元前247年异人继位，嬴政12岁即被立为秦王），母亲卷入权力与私情纠葛。
3. **权力阴影**：吕不韦与嫪毐的双重背叛，迫使嬴政过早直面政治清洗。

这种压抑环境塑造了他对绝对权力的执念与冷酷性格。尽管统一六国、建立中央集权制度是划时代功绩，但其暴政手段（如徭役繁重、严刑峻法）亦与童年创伤密切相关。

---

### **四、争议与补充**
1. **赵姬与吕不韦私生子说**：现代学者多质疑此说，因《史记》原文存在语义歧义，且吕不韦在嬴政出生时已离开邯郸（赵姬与吕不韦断交后始有嫪毐）。
2. **成蟜谋反背景**：成蟜被封长安君（嬴政弟）带兵攻赵时反叛，可能因不满嬴政排斥异母弟的政治安排。
3. **子女结局**：扶苏因劝谏被赐死，胡亥矫诏篡位后屠杀兄弟姐妹（如公子高、公子将闾“戮死”）。

---

### **总结**
秦始皇嬴政的家人关系复杂且充满政治阴谋：父亲是政治投机下的傀儡君主，母亲卷入双重丑闻，弟弟因叛乱被杀，妻子无记载而子女多遭清洗。其童年深陷流亡、背叛与权力斗争，心理创伤深刻影响其统治风格。尽管成年后实现统一伟业，但童年的压抑与不安全感，使其成为中国历史上最具争议的“孤独帝王”之一。 [end of text]


