秦始皇（嬴政）是中国历史上第一位完成大一统的皇帝，他的家庭成员和童年经历在史料中有明确记载，但关于其心理状态（如“是否开心”）只能通过历史背景推测。以下是详细分析：

---

### **一、秦始皇的直系亲属**
1. **父亲**：  
   - **异人（子楚）**：嬴政的生父，秦庄襄王。早年作为质子被送往赵国，后通过吕不韦的帮助回国继位，但在嬴政13岁时去世。

2. **母亲**：  
   - **赵姬**：原为吕不韦的舞姬，后嫁予异人。嬴政继位后，赵姬与嫪毐私通并生下两子，引发“嫪毐之乱”。嬴政平定叛乱后，将母亲软禁，晚年关系略有缓和。

3. **兄弟姐妹**：  
   - **成蟜（弟）**：异人的另一儿子，曾发动叛乱被镇压。  
   - **两个同母弟**：赵姬与嫪毐所生，被嬴政处死。  
   - **其他子女**：史载有约20名子女（如扶苏、胡亥等），均在后来的政治斗争中被杀。

4. **配偶**：  
   - 史料未明确记载皇后，但推测有后宫妃嫔（如胡亥生母可能为郑妃）。

---

### **二、秦始皇的童年经历**
1. **人质之子（出生至9岁）**：  
   - 嬴政生于赵国邯郸，当时父亲异人作为人质，母子二人生活艰难，常受赵国贵族欺辱。这一时期可能充满不安与压抑。

2. **归秦与权力斗争（9岁后）**：  
   - 异人通过吕不韦运作回国继位，嬴政和赵姬被接回秦国。但异人早逝（前247年），13岁的嬴政继位，朝政由吕不韦和赵姬把控。  
   - **心理影响**：目睹母亲与嫪毐的丑闻、弟弟成蟜的背叛，可能形成多疑、冷酷的性格。

3. **历史评价**：  
   - 《史记》记载嬴政“少恩而虎狼心”，童年经历被视为其严苛统治的潜在原因。现代学者认为，长期的不安全感可能促使他追求绝对控制（如焚书坑儒、严刑峻法）。

---

### **三、总结**
- **家人关系**：与父亲疏离（早逝），与母亲敌对（因嫪毐事件），兄弟姐妹多死于政治斗争。  
- **童年心境**：大概率不快乐，人质经历、家庭丑闻和权力漩涡塑造了其复杂性格。  
- **历史意义**：童年的阴影可能间接推动了他统一后强化中央集权的政策。

如需进一步探讨其统治风格与童年的关联，可补充相关史料分析。 [end of text]


