秦始皇（嬴政）是中国历史上第一位完成大一统的皇帝，他的一生充满了传奇与争议。关于他的家人和童年经历，历史记载提供了不少细节，同时也伴随着许多谜团和推测。

### 一、秦始皇的家人

秦始皇的家庭成员复杂，且许多亲属在政治斗争中命运多舛。主要家人包括：

#### 1. 父亲：秦庄襄王（异人/子楚）
- 嬴政的生父。原为秦国质子，在赵国邯郸时得到吕不韦资助，后回国继位为秦庄襄王。
- 他在位仅三年便去世，当时嬴政年仅13岁，由母亲赵姬和相国吕不韦辅政。

#### 2. 母亲：赵姬（华阳夫人之侄女，原为吕不韦姬妾）
- 嬴政的生母。原为邯郸歌姬，后被吕不韦献给子楚。
- 秦庄襄王去世后，她成为太后。据《史记》记载，她与吕不韦及后来的嫪毐有私情，并生下两个私生子。
- 秦始皇亲政后，因母亲参与嫪毐之乱，将其软禁，后虽被迎回，但母子关系破裂。

#### 3. 异母兄弟（赵姬所生）
- 赵姬与嫪毐所生的两个儿子，在嫪毐叛乱失败后被嬴政下令处死，并投入瓮中摔死（“囊扑”）。
- 这两个孩子并非嬴政亲生，但作为“王室血脉”的象征，他们的存在对嬴政构成政治威胁。

#### 4. 同父异母兄弟（秦国王室其他公子）
- 嬴政有众多同父异母的兄弟，如成蟜（长安君）等。
- 成蟜曾在东周叛秦，被嬴政镇压。
- 嬴政统一六国后，为巩固统治，将其他宗室公子全部迁往外地，剥夺权力，防止他们形成势力。

#### 5. 妻子与子女
- **王后**：史书未明确记载秦始皇是否有正式的王后。有说法称他可能立过王后，但无确证。
- **子女**：秦始皇有数十个子女，但多数早夭或死于政治动荡。
  - **扶苏**：长子，性格仁厚，被派往上郡监军，后被迫自杀。
  - **胡亥**：次子，即秦二世，在赵高和李斯支持下篡位，最终导致秦朝速亡。
  - **其他子女**：如公子将闾、公主等，多数在秦末战乱中被杀或下落不明。

#### 6. 亲属与外戚
- 赵姬的家族（赵氏）在嬴政亲政后被清算，许多亲属被处死或流放。
- 吕不韦虽曾为相国，助嬴政之父即位，但因与赵姬的私情及政治斗争，被嬴政罢免，后饮鸩自尽。

---

### 二、秦始皇的童年是否开心？

**总体而言，秦始皇的童年并不开心，甚至可以说是充满恐惧、压抑和不安的。**

#### 1. 身处敌国，命悬一线
- 嬴政出生于公元前259年，当时秦国与赵国交战，邯郸被秦军围困。
- 据《史记·吕不韦列传》记载，嬴政出生时，秦国正围攻邯郸，赵国欲杀嬴政母子。吕不韦用重金贿赂守城官吏，才使母子二人得以逃回秦国。
- 这意味着嬴政的童年早期是在逃亡和隐藏中度过的，随时可能丧命。

#### 2. 父亲早逝，权力真空
- 嬴政13岁即位时，秦国实际权力掌握在相国吕不韦和太后赵姬手中。
- 作为少年君主，他缺乏实权，身边既有权臣吕不韦，又有太后的情人嫪毐，政治环境极其复杂。

#### 3. 母亲的不端行为带来的羞辱
- 赵姬与吕不韦、嫪毐的私情在宫廷内外并非秘密，这对嬴政的尊严和心理造成巨大伤害。
- 嫪毐甚至被封为长信侯，势力庞大，最终发动叛乱，企图篡位。嬴政不得不亲自平叛，并处死嫪毐及其党羽，甚至牵连到母亲和异母兄弟。
- 这一系列事件让嬴政对亲情产生极度不信任，也塑造了他多疑、冷酷的性格。

#### 4. 缺乏父爱，情感缺失
- 嬴政的生父秦庄襄王在他年幼时去世，他从未真正拥有过父爱。
- 吕不韦虽为“仲父”，但更多是政治盟友而非父亲角色。
- 这种情感缺失可能影响了他日后对家庭关系的处理方式，如对子女的严厉和对亲属的猜忌。

#### 5. 高压的教育与政治环境
- 嬴政自幼接受严格的法家教育，由师傅教导治国之道。
- 他身处战国末期，列国环伺，秦国虽强，但随时可能遭遇刺杀或政变（如荆轲刺秦虽发生在成年后，但反映了他所处的危险环境）。
- 这种高压环境使他从小就必须保持警惕，难以享受童年的无忧无虑。

---

### 总结

秦始皇的家人众多，但多数关系紧张，甚至充满血腥。他的童年是在逃亡、权力斗争、母亲丑闻和政治危机中度过的，缺乏安全感和亲情温暖。这些经历深刻影响了他的人格，使他成为一位雄才大略却冷酷多疑的君主，也为秦朝的短命埋下了伏笔。

**简言之：秦始皇的童年并不开心，而是充满恐惧、压抑和背叛。** [end of text]


