用户要求以少于一千字的篇幅阐述汉朝灭亡的原因。这是一个历史分析题，需要全面但简洁地概括东汉末年导致王朝崩溃的主要因素。

我需要涵盖以下关键点：
1. 中央集权的衰弱
2. 外戚与宦官的权力斗争
3. 地方豪强势力的膨胀
4. 黄巾起义及其影响
5. 军阀割据的形成
6. 经济崩溃与社会矛盾
7. 党锢之祸对人才选拔的破坏
8. 皇帝年幼与皇权式微

结构安排：
- 开头：简要说明汉朝灭亡是多重因素长期积累的结果
- 主体：分点论述各主要原因，每个原因简明扼要
- 结尾：总结这些因素如何相互作用最终导致灭亡

字数控制：少于1000字，大约800-900字左右比较合适。

内容要点：
1. 政治腐败与皇权衰微：皇帝年幼、外戚宦官交替专权
2. 党锢之祸：打击清流士大夫，堵塞人才上升通道
3. 经济崩溃：土地兼并、赋税沉重、流民问题
4. 黄巾起义：导火索，暴露统治危机
5. 地方豪强与军阀崛起：州牧制度、割据形成
6. 边疆军事压力：羌乱等消耗国力
7. 总结：这些因素相互交织，形成恶性循环

需要注意：
- 保持客观、学术性的语气
- 避免过于简单的结论
- 体现历史因果关系的复杂性
- 字数严格控制在1000字以内

让我开始写作：汉朝灭亡是多重矛盾长期积累、交织作用的结果，其根源可追溯至东汉中后期政治腐败、社会结构崩坏与军事制度异化。

**一、皇权衰微与戚宦相争**

东汉中后期，皇帝多幼年即位、早夭，外戚与宦官交替专权，形成恶性循环。皇帝倚靠宦官铲除外戚，宦官得势后又遭新外戚反噬。这种内廷斗争导致中央权威不断削弱，政治日益黑暗。桓、灵二帝时期，宦官集团把持朝政，卖官鬻爵，公行贿赂，官僚体系腐败透顶。皇权旁落使得国家机器失灵，政令不出宫门，统治根基动摇。

**二、党锢之祸与人才断绝**

士大夫集团与宦官势力激烈冲突，引发两次"党锢"。大批正直官员和太学生被罢官、禁锢，清流被逐出权力核心。此举堵塞了人才上升通道，导致贤能之士报国无门，而奸佞之徒攀附权贵。统治阶层内部严重分裂，政治道德沦丧，国家治理能力急剧下降，为后来的割据埋下伏笔。

**三、土地兼并与经济崩溃**

豪强地主大肆兼并土地，大量农民失去田产沦为佃农或流民。与此同时，国家赋税却因官僚腐败而加重，百姓不堪重负。到东汉末年，"富者田连阡陌，贫者无立锥之地"成为普遍现象。经济崩溃引发流民潮，社会矛盾空前尖锐，国家财政入不敷出，无力应对危机。

**四、黄巾起义与统治瓦解**

公元184年，张角领导的黄巾起义爆发，席卷全国。虽然起义最终被镇压，但东汉朝廷为平叛不得不允许地方自行募兵，州牧掌握军政大权。此举虽解燃眉之急，却使中央失去对地方武装的控制，埋下军阀割据的种子。起义也暴露了朝廷的虚弱，使其权威扫地。

**五、州牧制度与地方坐大**

为镇压起义，朝廷采纳刘焉建议，设立州牧统辖一州军政。这本是应急之策，却使地方长官集军、政、财权于一身，形成独立王国。黄巾平定后，这些手握重兵的州牧已成尾大不掉之势，中央根本无法节制。董卓、袁绍、曹操等人皆借此崛起。

**六、军阀混战与皇权名存实亡**

中平六年（189年），董卓入京废立皇帝，开启军阀混战序幕。此后各地诸侯拥兵自重，相互攻伐，汉献帝成为傀儡。建安年间，曹操虽"挟天子以令诸侯"，但汉室已名存实亡。208年赤壁之战后，三国鼎立格局初现，汉朝实际统治范围仅限于许都一带。

**七、军事制度异化**

东汉募兵制下，军队逐渐私人化。将领长期统领同一支部队，士兵效忠个人而非国家。这种"部曲"制度使中央军衰弱，私家武装壮大。当中央权威崩溃时，这些私人武装立即转化为割据工具。

**八、边疆危机消耗国力**

持续不断的羌乱、匈奴侵扰耗费大量人力物力，边疆驻军成为沉重负担。朝廷不得不依赖地方豪强提供兵源粮饷，进一步增强了他们的实力。

综上所述，汉朝灭亡并非单一事件所致，而是中央集权瓦解、统治阶层内斗、经济崩溃、地方势力膨胀等因素共同作用的结果。黄巾起义是压垮骆驼的最后一根稻草，而州牧制度则打开了潘多拉魔盒。当政治腐败摧毁了国家治理能力，经济崩溃激化了社会矛盾，军事异化又提供了割据工具时，这个延续四百年的王朝便不可避免地走向终结。220年曹丕篡汉，不过是形式上的终结符而已。 [end of text]


