<seed:think>
用户现在需要阐述汉朝灭亡的原因，篇幅少于一千字，那得先理清楚汉朝灭亡的主要线索，东汉还是西汉？通常说汉朝灭亡应该是指东汉灭亡吧，因为西汉是被王莽篡权，中间有新朝，东汉是最后被曹丕篡汉的。首先得确定范围，应该是东汉的灭亡，因为西汉的结束是篡权，东汉是逐渐衰落的过程。

首先，政治方面，宦官和外戚专权，这是东汉中后期的大问题，比如窦宪、梁冀这些外戚，还有十常侍宦官集团，他们交替专权，导致政治腐败，皇帝年幼，大权旁落，朝政混乱。然后是豪强地主的崛起，土地兼并严重，比如东汉后期的庄园经济，地主豪强占有大量土地，农民失去土地，变成佃农或者流民，社会矛盾激化。

经济方面，土地兼并导致自耕农减少，税收来源减少，政府财政困难，可能会加重赋税，反过来又加剧农民的困苦。还有灾荒问题，东汉中后期地震、水灾、旱灾频繁，比如桓帝、灵帝时期的多次灾异，流民增多，容易引发起义。

军事方面，地方豪强拥有私人武装，比如后来的军阀，州牧权力扩大，东汉初期是刺史监察地方，后来变成州牧，掌握军政大权，比如刘表、袁绍这些，形成割据势力，中央无法控制地方。军队战斗力下降，可能因为腐败，或者士兵来源是流民，忠诚度不高。

思想文化方面，儒家经学逐渐僵化，谶纬之学盛行，可能影响了统治思想的合理性？还有士大夫与宦官的党锢之争，比如两次党锢之祸，打击了士大夫集团，使得朝廷内部矛盾激化，失去了制衡力量。

农民起义的影响，比如黄巾起义，虽然被镇压，但动摇了东汉的统治基础，导致地方豪强趁机崛起，军阀混战，中央权威彻底崩溃。

还有皇帝的因素，东汉中后期皇帝多年幼即位，比如和帝10岁，安帝13岁，顺帝11岁，太后临朝，依赖外戚，皇帝长大后又依靠宦官夺权，形成恶性循环，比如顺帝时梁冀专权，桓帝联合宦官单超等诛灭梁氏，然后宦官又专权，这样的循环导致政治越来越腐败。

需要把这些点组织起来，逻辑清晰，不要太散。可能的结构：先讲政治上的宦官外戚专权，再讲土地兼并与豪强崛起，然后是农民起义的冲击，最后是军阀割据与中央崩溃。还要注意因果关系，比如宦官外戚专权导致政治腐败，土地兼并加剧社会矛盾，引发农民起义，农民起义后地方豪强壮大，形成军阀，最终灭亡。

要避免过于琐碎，每个点讲关键，比如外戚专权举几个例子，比如梁冀，他权倾朝野，后来被桓帝铲除，宦官由此得势；十常侍之乱，灵帝时期，宦官掌控朝政，卖官鬻爵，腐败到极点。土地兼并方面，东汉庄园经济的特点，比如崔寔的《四民月令》反映的豪强经济，农民失去土地，成为依附民，阶级矛盾尖锐。

黄巾起义是导火索，虽然失败，但使东汉朝廷不得不放权给地方镇压起义，导致州牧势力壮大，比如刘焉建议改刺史为州牧，掌握地方军政，后来董卓进京，军阀混战，东汉名存实亡，最后曹丕篡汉。

还要注意不要遗漏重要因素，比如党锢之争，士大夫集团和宦官的斗争，两次党锢之祸（桓帝延熹九年、灵帝建宁二年），打击了清流士大夫，使得朝廷没有正直的力量制衡宦官和外戚，统治集团内部涣散。

总结的话，汉朝灭亡是多重因素交织：政治上宦官外戚交替专权导致腐败；经济上土地兼并引发社会矛盾；阶级矛盾激化引发农民起义；地方势力崛起形成军阀割据，最终中央无力控制，走向灭亡。</seed:think>汉朝（主要指东汉）的灭亡，是多重矛盾长期积累与激化的结果，可从政治、经济、阶级与地方势力四个层面梳理：


### **一、政治腐败：宦官外戚交替专权的恶性循环**  
东汉中后期，皇帝多幼年即位（如和帝10岁、安帝13岁），太后临朝需依赖外戚辅政，形成“外戚专权”；皇帝成年后为夺回权力，又必拉拢宦官集团打击外戚，遂转向“宦官专权”。此循环往复，成为东汉政治的致命病灶：  
- **外戚跋扈**：窦宪（章帝窦后兄）灭北匈奴后权倾朝野，甚至刺杀朝臣；梁冀（顺帝梁后兄）更嚣张，毒死质帝，任免百官如傀儡，家族“前后七封侯，三皇后，六贵人，二大将军”，权焰滔天。  
- **宦官乱政**：桓帝联合宦官单超等诛灭梁冀后，宦官集团代之而起，“十常侍”（张让、赵忠等）掌控朝政，公然卖官鬻爵（灵帝时“公千万，卿五百万”），贿赂成风，政治黑暗到极点。  

两者交替专权，导致朝廷纲纪废弛，正直士大夫（如李膺、陈蕃）要么被排挤，要么遭“党锢之祸”（两次党锢共诛杀、禁锢士人数百人），统治集团内部离心离德。


### **二、经济崩溃：土地兼并与流民危机**  
东汉自中期起，土地兼并愈演愈烈，根源在于**豪强地主庄园经济**的膨胀：  
- 豪强通过政治特权（如外戚、宦官家族）大量兼并土地，形成“连栋数百，膏田满野”的庄园（如崔寔《四民月令》所述，庄园内农、林、牧、副俱全，自给自足）。  
- 失去土地的农民，或沦为豪强的“徒附”（依附农，无户籍，受剥削），或成为流民。据史载，桓帝时“百姓饥穷，流冗道路”，灵帝时流民达数百万，“冀州尤甚，人相食”。  

土地兼并导致国家赋税锐减（自耕农是税收主力），朝廷为弥补财政，只能加重赋税，进一步逼迫农民逃亡，形成“越垦越穷、越穷越反”的死循环。


### **三、阶级矛盾总爆发：黄巾起义的冲击**  
太平道首领张角以“苍天已死，黄天当立”为口号，于灵帝中平元年（184年）发动黄巾起义，波及八州，人数达百万。虽然起义最终被镇压（皇甫嵩、卢植等率军平叛），但却：  
- 彻底动摇了东汉的统治基础：朝廷为镇压起义，被迫允许地方豪强自行募兵，州郡长官（如刘焉建议改“刺史”为“州牧”，掌军政大权）权力急剧膨胀，逐渐演变为割据军阀。  
- 暴露了朝廷的虚弱：起义军虽装备简陋，但能迅速席卷全国，正说明东汉基层统治已崩溃，朝廷无力控制地方。


### **四、地方割据：军阀混战与中央名存实亡**  
黄巾起义后，州牧、豪强纷纷拥兵自重，形成割据势力：  
- 董卓进京（189年）后，废少帝立献帝，纵兵劫掠洛阳，关东诸侯（袁绍、曹操、刘备等）起兵讨伐，开启“军阀混战”时代。  
- 曹操“挟天子以令诸侯”，逐步统一北方，但始终未取代东汉；刘备、孙权则割据西南、江东，形成三国鼎立之势。献帝虽为“天下共主”，实则沦为傀儡，东汉朝廷已无实际统治力。  

延康元年（220年），曹丕逼迫献帝禅位，东汉正式灭亡。


**综上**，东汉灭亡是政治腐败（宦官外戚）、经济崩溃（土地兼并）、阶级矛盾（黄巾起义）与地方割据（军阀崛起）共同作用的结果。其核心逻辑是：统治集团内部的权力斗争掏空了国家机器，经济剥削激化了社会矛盾，农民起义摧毁了基层控制，最终地方豪强取而代之，完成朝代更替。 [end of text]


