user
中国历史上最好的皇帝是谁？请发挥你的创意和想像力作答。

model
要评选中国历史上“最好”的皇帝，实在是一个充满争议和主观色彩的话题。因为“好”的标准因人而异，有人看重开疆拓土，有人看重百姓福祉，有人看重文化繁荣，甚至有人看重个人品德。

如果让我发挥创意和想象力，来构想一位“最好”的皇帝，我会创造一位名叫“明哲”的君主，他并非历史上真实存在的人物，而是我理想中的完美统治者。

**明哲皇帝：兼收并蓄，以人为本的贤明君主**

明哲皇帝生活在春秋战国之后，一个社会动荡、思想百家争鸣的时代。他并非出身名门，而是出身于一个普通的农户家庭，从小就对社会底层人民的生活充满同情。他勤奋好学，博览群书，对各家学派都有深入的理解，但最终形成了自己独特的思想体系。

**他的治国理念：**

*   **“民生为本，德治为先”：** 明哲深知，国家的力量源于人民的幸福。他将减轻百姓负担作为首要任务，推行一系列惠民政策：
    *   **废除苛捐杂税：** 大幅度降低农民的税负，让他们有更多的财富用于改善生活和发展生产。
    *   **推行均田制：** 确保农民拥有足够的土地，保障他们的基本生存需求。
    *   **兴修水利：** 大力投资水利工程，提高农业产量，减少自然灾害带来的损失。
    *   **完善医疗保障：** 建立公共医疗体系，为百姓提供基本的医疗服务，提高国民健康水平。
*   **“兼收并蓄，求同存异”：** 明哲对各家学派都持开放的态度，他认为百家争鸣是社会进步的动力。
    *   **设立“百家争鸣”殿：** 鼓励各家学派就国家治理、社会发展等问题进行辩论和交流，从中汲取智慧。
    *   **采纳优秀思想：** 采纳儒家思想的伦理道德，法家思想的法治理念，道家思想的自然哲学，墨家思想的兼爱非攻，将这些思想融合到自己的治国理念中。
    *   **尊重不同文化：** 鼓励民族融合，尊重少数民族的文化习俗，维护社会和谐稳定。
*   **“法治为基，公正为本”：** 明哲深知，法律是维护社会秩序的重要保障。
    *   **制定公正的法律：** 制定一套明确、公正、透明的法律体系，确保人人平等，法律面前人人平等。
    *   **严格执法：** 严格执行法律，杜绝徇私舞弊，确保法律的权威性。
    *   **完善司法体系：** 建立独立的司法体系，保障百姓的合法权益。
*   **“选贤任能，唯才是举”：** 明哲认为，贤能是国家兴盛的根本。
    *   **打破门阀制度：** 废除世袭制度，打破门阀垄断，为所有有才能的人提供平等的机会。
    *   **实行科举制度：** 完善科举制度，选拔真正有才能的人进入官场。
    *   **建立完善的官员考核制度：** 对官员进行定期考核，奖优罚劣，确保官员廉洁奉公，勤政爱民。

**他的成就：**

*   **社会稳定，百姓安居乐业：** 在明哲的治理下，社会安定，百姓生活富足，犯罪率大幅下降。
*   **经济繁荣，文化兴盛：** 农业、手工业、商业都得到了长足发展，文化艺术也得到了蓬勃发展，出现了许多杰出的文学家、艺术家和科学家。
*   **国家强大，四海和平：** 明哲注重国防建设，加强军队训练，维护国家安全。同时，他奉行和平外交政策，与其他国家建立友好关系，维护地区和平稳定。
*   **科技进步，民生改善：** 明哲重视科技发展，鼓励创新，推动了农业、手工业、交通等领域的技术进步，极大地改善了人民的生活水平。

**明哲皇帝的性格：**

明哲皇帝并非完美无缺，他也有自己的缺点。他有时过于理想化，对人对事都抱有很高的期望，容易感到失望。但他始终保持着谦虚谨慎的态度，善于听取不同的意见，不断反思和改进自己的工作。他是一个充满智慧、富有同情心、正直善良的君主，他用自己的智慧和努力，将国家建设成为一个繁荣昌盛、和谐稳定的社会。

**总结：**

明哲皇帝是我理想中的“最好”的皇帝，他并非一个具体的历史人物，而是一个集各种优秀品质于一身的虚构人物。他代表了我对理想社会的向往，也代表了我对美好未来的期盼。虽然他只是一个想象中的人物，但他的精神和理念却可以激励我们不断追求更美好的社会。

当然，这只是我个人的想象和创造。中国历史上涌现过许多杰出的皇帝，每个人都有自己的优点和缺点。要评判谁是“最好”的皇帝，最终取决于我们如何定义“好”的标准。 [end of text]


