这是一个充满趣味性的问题，因为“最好”的标准因人而异——有人看重文治武功，有人重视民生福祉，有人关注文化传承，有人追求历史影响。如果让我发挥创意和想象力，结合历史事实与人文情怀，我会为“中国历史上最好的皇帝”塑造一个融合“理想与现实”的形象，既扎根于历史，又带有对“理想君主”的浪漫想象。

---

### **“最好的皇帝”：李明渊（虚构人物）**  
**朝代设定**：大和王朝（虚构，融合唐宋元明清的精华）  
**在位时间**：公元1050年—1120年  

---

### **一、文治：以民为本，构建“天下一家”的理想社会**  
李明渊自幼熟读《论语》《孟子》，深信“民为邦本”，登基后推行“仁政三策”：  
1. **“均田养民”**：改革土地制度，确保每户农民有田可耕，设立“义仓”应对灾荒，让“仓廪实而知礼节”。  
2. **“兴学济世”**：在全国设立“乡学”，免费教育儿童，鼓励女子读书，推动“知识平权”，让寒门子弟也能通过科举改变命运。  
3. **“礼法并重”**：废除严刑峻法，以“德教”替代“刑罚”，设立“和事堂”，由乡贤调解纠纷，减少冤案，社会风气淳厚。  

在他的治理下，百姓安居乐业，“路不拾遗，夜不闭户”，史书称“大和盛世”，与“贞观之治”“开元盛世”齐名，但更注重“公平”而非“强盛”。

---

### **二、武功：以柔克刚，构建“天下共荣”的外交格局**  
李明渊不追求“开疆拓土”，而是倡导“以德服人”。他派遣使者与周边民族建立“盟约”，用丝绸、茶叶、书籍换取和平，设立“互市”，促进经济文化交流。  
- 对北方游牧民族，他赠送粮食与种子，帮助其发展农业，减少冲突。  
- 对南方小国，他派学者教授农技与医术，建立“友谊书院”，让文化成为纽带。  

在他的时代，中国与周边国家“和而不同”，共同繁荣，史称“大和之交”，成为后世“外交典范”。

---

### **三、文化：融合创新，打造“人类文明的灯塔”**  
李明渊本人是诗人、书法家、哲学家，他推动“文化复兴”，设立“文华殿”，召集文人、工匠、僧侣、外邦学者共同创作：  
- 诗歌融合唐诗的意境与宋词的婉约，被称为“和韵体”。  
- 书法创新“圆融体”，既有颜真卿的厚重，又有赵孟頫的飘逸。  
- 科技方面，他支持“天工院”，发明“水力织机”“简易印刷术”，推动生产力发展。  

他还主持编纂《大和通典》，记录历史、文化、科技，成为后世“百科全书”，影响东亚乃至世界。

---

### **四、个人魅力：谦逊仁爱，与民同乐**  
李明渊不追求奢华，穿粗布衣，吃粗茶淡饭，常微服私访民间，倾听百姓疾苦。他设立“民声亭”，每天接见百姓，解决实际问题。  
- 一次，他看到农夫因旱灾哭泣，便亲自下田与百姓一起挖渠引水。  
- 一次，他路过市集，看到盲人卖艺，便出资设立“盲人学堂”，教授音乐与算术。  

他的仁爱之心感动了百姓，人们称他为“明渊公”，而非“陛下”，这是对他最大的尊重。

---

### **五、历史影响：超越时代，成为“理想君主”的象征**  
李明渊去世后，百姓为他建“仁德庙”，每年祭祀。他的治国理念被后世帝王借鉴，他的文化作品被传颂千年。  
- 他被后人称为“中华之父”，是“理想君主”的化身。  
- 他的故事被编成戏剧、小说、诗歌，成为中华文化的重要符号。  

---

### **结语：最好的皇帝，是“人”的皇帝**  
李明渊不是“最强大”的皇帝，也不是“最长寿”的皇帝，但他是一个“最有人性”的皇帝。他用仁爱温暖人心，用智慧治理国家，用文化连接世界。他的“最好”，在于他让“人”成为历史的主角，让“幸福”成为时代的主题。  

如果历史可以有“理想君主”，李明渊或许就是那个“最好的皇帝”——他不是历史的终点，而是人类对“美好社会”的永恒向往。

---

当然，如果从真实历史中选择，很多人会提到**唐太宗李世民**（文治武功）、**宋仁宗赵祯**（仁政与文化）、**康熙帝**（盛世与外交）等，但通过虚构人物，我们可以更自由地表达对“理想君主”的想象，让历史与人文情怀交织，创造属于我们的“最好”。 [end of text]


