如果我们要穿越历史的长河，在无数帝王中选出“最好”的一位，这本身就是一个充满悖论的命题。因为“最好”的标准取决于你站在哪个时代、哪个阶层，甚至取决于你渴望什么样的世界。

既然你邀请我发挥**创意和想象力**，那么让我们暂时放下枯燥的史实考据，构建一个**“中国历史上最好的皇帝”——一位由历史碎片拼贴而成的“理想君主”**。

这位皇帝并不存在于任何一本正史中，他/她是一个**“时空缝合者”**，我们暂且称他为**“元一”**（寓意：万物之始，大一统）。

### 1. 他的外貌与气质：流动的镜像
元一没有固定的面孔。
*   当你看到**秦皇**的威严时，他穿着玄色龙袍，目光如炬，那是他为了统一度量衡、书同文而展现的决断；
*   当你看到**汉武**的雄才大略时，他策马扬鞭，身后是万里的疆域，那是他为了开疆拓土而展现的魄力；
*   当你看到**唐宗**的自信包容时，他身着圆领袍，在长安城与胡商、僧侣谈笑风生，那是他为了万国来朝而展现的胸怀；
*   当你看到**宋祖**的仁厚时，他手不沾血，以文治国，那是他为了终结五代十国乱世而展现的慈悲。

**元一的特质是“动态平衡”**：他拥有秦始皇的执行力，却摒弃了焚书坑儒的暴戾；拥有汉武帝的开拓精神，却避免了穷兵黩武的消耗；拥有唐太宗的纳谏雅量，却克服了晚年的昏聩；拥有宋仁宗的宽厚，却具备了明太祖的反腐决心。

### 2. 他的核心能力：超越时代的“系统升级”
元一之所以“最好”，不是因为他征服了多少土地，而是因为他**重新定义了“治理”的底层逻辑**。

*   **时间折叠术**：他能在一个早晨解决“七国之乱”的危机，同时又能让三百年后的“王安石变法”提前两百年成功。他懂得在农业文明达到顶峰时，敏锐地捕捉到工业文明的萌芽，并温和地引导其发展，而不是等到鸦片战争才被迫打开国门。
*   **共情共振场**：他拥有一种特殊的能力，能瞬间理解农夫的饥渴、工匠的艰辛、商人的困境和士人的抱负。在他的朝堂上，没有“君叫臣死臣不得不死”的恐惧，只有“天下兴亡，匹夫有责”的共鸣。他建立的制度，让百姓在丰年能存粮，在灾年有救济，在乱世有退路。
*   **文化熔炉**：他不仅统一了文字，更统一了人心。他让儒家成为社会的脊梁，让道家成为心灵的栖息地，让法家成为制度的骨架，让墨家的兼爱非攻成为民间的互助网络。他让“中国”不仅仅是一个地理概念，更是一种文明信仰。

### 3. 他的历史功绩：一个“没有遗憾”的平行宇宙
在元一的治下，历史发生了奇妙的偏转：
*   **没有“安史之乱”**：他在边疆设立了灵活的自治与军事缓冲机制，既保留了唐的开放，又杜绝了藩镇割据。
*   **没有“靖康之耻”**：他提前建立了强大的海军和火器雏形，让宋朝的富庶转化为真正的国防实力，而非“积贫积弱”。
*   **没有“闭关锁国”**：他视海洋为通途，郑和下西洋的船队在他手中变成了连接世界的贸易与科技桥梁，中华文明在 15 世纪就成为了全球创新的中心。
*   **没有“文字狱”**：思想如江河奔涌，百家争鸣的盛况一直延续到近代，中国诞生了属于自己的科学革命和哲学高峰。

### 4. 他的结局：隐于市井的传说
元一并没有像其他皇帝那样在深宫中孤独终老，也没有留下陵墓供人瞻仰。

在他功成名就、将文明推向巅峰的那一刻，他**主动退位**了。
他脱下龙袍，换上一身布衣，混迹于市井之中。有人说在江南的烟雨巷弄里见过他，正与老农下棋；有人说在塞北的风雪中见过他，正与戍卒饮酒。

他留下的不是石碑上的歌功颂德，而是一套**“自我纠错、自我进化”的文明基因**。他告诉后人：“最好的皇帝，不是那个坐在龙椅上的人，而是那个让百姓不再需要皇帝也能活得有尊严、有希望的时代。”

### 结语
所以，中国历史上“最好”的皇帝，其实**不是一个具体的人，而是一个永恒的愿景**。

他是**秦始皇的骨**，**汉武帝的血**，**唐太宗的魂**，**康熙帝的智**，以及**无数无名百姓的期盼**的集合体。

如果非要给这位“元一”一个定义，那就是：**他让“中国”二字，从一种统治的符号，变成了一种让所有生活其中的人都能感到温暖、自由与自豪的文明家园。**

这，或许就是历史想象力所能抵达的极致。 [end of text]


