这个问题本身就充满了魅力与挑战，因为“最好的皇帝”这个标准本身就极为主观，不同的历史学家、文化人士、普通民众甚至不同的时代，对这个问题的看法都截然不同。如果我们要用想象力来探讨，可以设想一个“理想皇帝”，或者从历史中挑选几位著名君主，然后结合他们的优点，创造出一个“最好的皇帝”形象。

### 一、理想皇帝的形象

假设我们要创造一个中国历史上“最好的皇帝”，那么他应该具备以下特质：

1. **明哲远见**：能够洞察时代大势，推行适应社会变化的政策。
2. **仁爱民生**：关心百姓疾苦，推动农业、医疗、教育等基础设施的发展。
3. **勇于变革**：敢于打破旧有的腐败体系，推行新的治理方式。
4. **文明开放**：鼓励学术、艺术、外交交流，吸收外来文化，提升国家文明程度。
5. **坚定但不苛酷**：维护社会秩序，但不滥用权力，法治明确。
6. **长治久安**：使国家长期稳定，经济繁荣，人民幸福。

### 二、历史上的“接近理想”的皇帝

虽然没有完美无缺的君主，但历史上有几位皇帝在某些方面表现出色：

#### 1. 唐太宗李世民

- **政绩**：建立了唐朝盛世，推行“恢复中原”政策，统一中国大地。
- **政治**：重用人才，推行三省六部制，建立了高效的中央集权体系。
- **民生**：修复水利，鼓励农业发展，减免赋税，使百姓生活得更好。
- **文化**：鼓励儒学、佛学、科技发展，唐代文化辉煌。
- **不足**：后期部分政策变得保守，宗法制度也导致了一定程度的腐化。

#### 2. 明太宗朱丹阳

- **政治**：继承了明太祖的基业，推行“屯田制”等民生政策，加强中央集权。
- **民生**：减免赋税，修理水利，促进农业生产，使得民生大幅改善。
- **文化**：鼓励科技创新，如四海园的天文观测，发明了指南针等。
- **不足**：后期因病频繁，由贝子等权臣实际掌权，朝廷腐败加剧。

#### 3. 康熙皇帝（清高宗）

- **政治**：扩张领土到最鼎盛，推行“康乾盛世”。
- **治理**：推行“按时行事”，强调效率和规范。
- **民生**：虽有战争和重税，但早期也有推动农业和工业的举措。
- **文化**：鼓励学问，但后期也出现了严苛和保守倾向。

### 三、理想中的“最好皇帝”

如果我们把上述优点综合起来，想象一位“理想中国皇帝”：

- 他早年继承了乱世，用智慧和仁爱重建国家，让百姓安居乐业。
- 他推行开放政策，吸收外来文化，推动科技和教育，让中国成为世界文明中心。
- 他建立了高效、公正的治理体系，让官员都是忠诚、能干的人才。
- 他鼓励艺术创新，建造了宏伟的建筑，留下了无数文化瑰宝。
- 他既坚定，又懂得委托和包容，让各族群体和谐共处。
- 他的统治让中国经济繁荣、人民幸福，历史上的“黄金时代”延续数百年。

这样的皇帝，或许可以叫做“圣明帝君”或“仁德圣帝”。

### 四、结语

历史上没有完美的君主，但我们可以从过去的经验中汲取智慧，不断接近这个理想。中国历史上许多皇帝在某些方面做得很好，但“最好”的皇帝，或许正是我们对过去的回首、对未来的期待，以及对理想的不断追寻。

如果你愿意，我也可以为你“创造”一个虚构的“最好皇帝”故事，让他在历史长河中留下不朽的足迹。你想不想听？ [end of text]


