中国历史上最好的皇帝是谁？这个问题引发了无数历史爱好者的争论。作为一个富有创意和想象力的回答者，我将不仅仅给出一个答案，还会带您穿越时空，体验一下如果历史重写，哪位皇帝会是最完美的。

**传统观点中的候选者**

在传统历史评估中，以下皇帝常被认为是中国历史上最好的：

1. **汉武帝（刘彻）**：汉朝的巅峰，扩张了帝国边界，推行中央集权。
2. **唐太宗（李世民）**：唐朝的黄金时代，政治、经济、文化皆臻于盛世。
3. **宋徽宗（赵之鼎）**：虽然晚年有变，但其在位初期的治国方针被部分历史学家视为理想主义的体现。

**想象中的完美皇帝：太平王**

然而，让我们抛开历史限制，创造一个理想的皇帝——**太平王**，将各位优秀皇帝的优点融合，加入现代的进步理念。

### 太平王的治国方针

#### **1. 统一与包容（汉武帝的扩张精神 + 宋徽宗的文化开放）**

- **统一中国**: 以汉武帝的战略眼光，完成中国的统一，但通过谈判和战略联盟，尽量避免流血。
- **文化开放**: 如宋徽宗时代，鼓励文化交流，吸收世界各地的先进思想和技术。

#### **2. 有效治理（唐太宗的政治智慧）**

- **贤能为官**: 实行严格的考核制度，确保官员的能力和诚信。
- **听取百姓之声**: 定期举行全国范围的意见征集，确保政策贴近民心。

#### **3. 科技与教育（现代元素）**

- **科技发展**: 重视科学研究，投入大量资源推动科技进步，解决环境和资源问题。
- **免费教育**: 实施从小学到大学的免费教育，促进社会公平和人才培养。

#### **4. 环境保护（现代元素）**

- **可持续发展**: 在经济发展的同时，强制执行严格的环境保护政策，确保资源的可持续利用。

### 太平王的传奇故事

**太平王的登场**

在一个动乱的时代，太平王以其卓越的领导才能和富有同情心的政策，逐步统一了中国。他的第一道诏令是建立全国范围的教育体系和科学研究院。

**太平王的治国岁月**

- **初年**: Concentrate on统一和基础设施建设。
- **中期**: 推行全面教育改革和科技投资计划。
- **晚年**: 着手大规模环境保护项目，确保后世的可持续发展。

**太平王的遗产**

太平王去世之日，中国成为世界的灯塔——一个统一、繁荣、可持续发展的国家。历史书中，太平王的章节不仅记录他的功绩，还附有他留下的《治国十二诀》：

1. **以人为本**
2. **求是上行**
3. **科技引领**
4. **环境是未来**
5. **开放包容**
6. **教育优先**
7. **贤能为官**
8. **听民之声**
9. **统一与和平**
10. **可持续发展**
11. **公平正义**
12. **自我反思**

**结语**

在历史的页面上，找不到太平王的身影，但在想象的空间里，他是完美的皇帝。若历史能重写，太平王的中国将是全世界的希望所向。然而，在现实中，我们可以从历史上的优秀皇帝中汲取灵感，努力构建一个更好的今天和未来。 [end of text]


