# 史上最佳皇帝：一位“看不见的皇帝”

如果把中国历史当作一部超长剧，最佳皇帝不是某一位具体人物，而是一种“看不见的皇帝”——他不是坐在龙椅上的人，而是让龙椅不再需要的人。

## 他是谁？
- 他不是某位具体皇帝的名字，而是“制度化、法治化、可持续”的治理理念。
- 他不是靠个人魅力或武功，而是靠“让权力可被约束、让社会可被预测、让人民可被尊重”的制度。

## 他做了什么（如果他真的存在）
- 把“家天下”变成“公天下”：权力交接有规则，继承有程序，决策有制衡。
- 让法律高于皇帝：皇帝也要守法，违法要受审；法律公开、程序透明。
- 轻徭薄赋、藏富于民：税收有上限，财政有预算，官员有问责。
- 开放与包容：鼓励贸易与交流，尊重多元文化与技术进步。
- 重视教育与科技：建立公共教育体系，奖励发明与创新。
- 善待边疆与民族：推行自治与融合，减少战争与压迫。
- 保护环境与资源：治理黄河、兴修水利、节制开发。
- 透明与问责：建立审计与监察，公开财政与政策。
- 尊重女性与少数群体：法律面前人人平等，保障基本权利。

## 为什么说他是“最好的”
- 他不是靠个人英雄主义，而是靠制度与文化让国家长期稳定。
- 他让“皇帝”从“万能的人”变成“受约束的职位”，从而减少暴政与动荡。
- 他让人民从“被统治的对象”变成“被服务的对象”，从而提升生活质量与尊严。

## 如果要给他一个名字
- 他叫“制度化中国”：一个把权力关进笼子、把人民放进心里的中国。
- 他叫“可持续中华”：一个让文明延续、让生态平衡、让科技昌明的中国。

## 创意想象：一场“看不见的皇帝”的加冕礼
- 地点：紫禁城前的广场，万人空巷。
- 仪式：不是皇帝登基，而是“制度加冕”。礼官宣读的不是“天命”，而是“宪章”；不是“万岁”，而是“法治万岁”。
- 礼物：不是金银，而是“公开的预算”“透明的审计”“可查询的政务”“可参与的决策”。
- 口号：不是“吾皇万岁”，而是“制度万岁、人民万岁、文明万岁”。

## 结语
中国历史上最好的皇帝，是那位“让皇帝不再必要”的皇帝。他不在史书里，而在制度里；不在庙堂上，而在人心上；不在传说中，而在现实中。

如果一定要选一位具体人物来代表这种精神，我选“制度化的中国”。他不是一个人，而是一种文明的方向。 [end of text]


