这是一个非常宏大且充满主观色彩的问题。如果我们要跳出教科书的刻板评价，用一种更具**创意、想象力和现代视角**来审视中国历史上的几百位皇帝，我会为你颁发一枚“最佳皇帝”的奖章给一位意想不到的选手。

我的答案是：**宋仁宗赵祯**。

为什么不是秦皇汉武，不是唐宗宋祖，而是这位在大众印象中有些“平庸”、名字甚至经常被搞混的仁宗？

请允许我为你构建一个**“平行宇宙”般的职场视角**，来解释为什么他是真正的“千古一帝”。

### 1. 他是历史上最顶级的“风险投资人”

大多数皇帝都想做“超级英雄”，他们亲力亲为，不仅要当CEO，还要当CTO（技术总监）和COO（运营总监）。这种模式的风险在于：一旦皇帝发疯（如万历），或者皇帝太蠢（如晋惠），整个公司（国家）就会破产。

宋仁宗是唯一一个深刻理解**“克制”**力量的皇帝。他把自己定位为“天使投资人”和“董事会主席”，而不是事必躬亲的“霸道总裁”。

在他的“公司”里，他从不抢下属的功劳。当包拯把唾沫星子喷到他脸上骂他时，他没有生气，反而用袖子擦擦脸，继续听取意见。为什么？因为他知道，**一个优秀的CEO（包拯、欧阳修、范仲淹）比一个独断专行的皇帝更有价值。**

**创意视角：** 想象一下，你是一个天才员工，你的老板不仅给你发工资，还允许你在公司会议上指着他的鼻子骂他，骂完之后，他不仅不炒你鱿鱼，还给你升职加薪，因为觉得你骂得有道理。这就是宋仁宗。他创造了一个让人才敢于“野蛮生长”的温室。

### 2. 他打造了中国历史上的“黄金朋友圈”

如果你翻开宋朝的“朋友圈”列表，你会发现一个惊人的现象：那个时代最耀眼的巨星，几乎全是宋仁宗一朝提拔上来的。

*   **文学界的“顶流天团”：** “唐宋八大家”里，除了唐朝的韩愈、柳宗元，剩下的六位（欧阳修、苏洵、苏轼、苏辙、王安石、曾巩）全都在他的时代登场。
*   **政界的“梦之队”：** 包拯、范仲淹、富弼、韩琦、文彦博……这些名字随便拎一个出来，都是能独当一面的治国能臣。

**想象一下：** 这就好比一家唱片公司，老板自己不会唱歌，也不会写词，但他签下了周杰伦、方文山、林俊杰，并且给他们完全的创作自由。结果就是，这家公司（大宋）虽然军事上不够“摇滚”，但它的文化输出（GDP、科技、艺术）达到了当时人类文明的巅峰。

宋仁宗的伟大，在于他**甘愿做那片默默无语的绿叶，去衬托那些红花的绚烂。**

### 3. 他拥有一种名为“仁”的超级软实力

关于宋仁宗，有一个极具画面感的小故事，最能体现他的“超能力”。

有一天深夜，仁宗皇帝饿了，特别想吃烤羊肉。但他忍住了。第二天，他对近臣说：“昨晚我饿得想死，但我不敢下令。”近臣问为什么，他说：“我如果一旦下令要吃烤羊肉，御膳房就会把这当成定例，以后每天晚上都要杀羊备着。为了我这一时的口腹之欲，造成长期的杀戮和浪费，我于心不忍。”

**创意解读：** 这种“不忍”，不是软弱，而是一种极高阶的**“系统思维”**。普通皇帝看到的是“我想吃”，宋仁宗看到的是“我的欲望会引发系统的连锁反应”。

还有一个故事，他在散步时，口渴了却回头看随从没带水壶，就一直忍着回宫。随从问他为什么不早说，他说：“如果我早说了，那个负责带水壶的人肯定会被重罚。”

这种**“对他人的苦难感同身受”**，在皇权至上的古代，简直是“非人类”的特质。他证明了，最高级的权力，不是用来“征服”的，而是用来“体恤”的。

### 4. 为什么他是“最好”的？

历史学家通常喜欢那些开疆拓土的“武功皇帝”，因为那是硬指标，容易量化。但宋仁宗提供的是一种**“文明样本”**。

在他统治的42年里（宋朝最长的在位时间），大宋没有发生大规模的流血内斗，没有因为文字狱而杀掉知识分子，市民阶层开始繁荣，夜市开始灯火通明，《清明上河图》里的繁华景象，正是建立在他这种“宽柔”的统治基调之上。

**总结陈词：**

如果把中国历史比作一场漫长的接力赛，有的皇帝跑得很快，但把接力棒摔碎了；有的皇帝跑出了花样，但把队友累死了。

**宋仁宗赵祯，是那个跑得不快不慢，但始终微笑着，确保每一个队友都能跑出自己最好成绩，并且把接力棒稳稳交到下一棒手中的皇帝。**

他不是光芒万丈的太阳，他是那个让太阳能够升起、让星辰能够闪耀的**夜空**。

所以，如果要我穿越回去选一个老板，或者选一个时代生活，我会毫不犹豫地选择**宋仁宗**。因为在他的时代，做一个普通人，也是有尊严、有乐趣、有希望的。这，或许就是“最好”的定义。 [end of text]


