如果要评选中国历史上“最好的皇帝”，我们可以从**治国理念、文治武功、仁德品格、文化贡献**等多维度出发，结合历史学家、文人墨客的评价，再加上一点“想象力”的发挥，为您呈现一个**“理想型”的皇帝形象**——**“圣君贤主”贞观之治的升级版**。

---

### **一、贞观之治的“升级版” —— 唐太宗李世民（但更完美）**
**为什么？**
- **政治智慧**：李世民善用“纳谏”制度，但假设他能**更早地建立“制度化”的监督机制**（如宋代的“谏官制度”+“参知政事”），而不是仅依赖魏征等个人忠臣，那么腐败和权力滥用可能会更少。
- **军事才能**：他平定“玄武门之变”后，统一全国，但如果他能**更早地推行“文官治军”**（如宋代的“将帅不专兵”），避免安史之乱的爆发，唐朝可能会更长久。
- **文化开放**：他重用房玄龄、杜如晦等文臣，但假设他能**更早地吸纳外族精英**（如回纥、波斯学者），唐朝的科技文化可能会更早领先世界。

**想象力加分**：
- **科技先锋**：假设他能**支持李春修建赵州桥的同时，推动“火药”研究**（虽然火药在唐末才出现，但他可以提前设立“科技院”）。
- **宗教包容**：他尊重佛教，但也可以**更积极地推动儒释道三教合流**，形成更稳定的思想体系（类似于宋明理学的雏形）。
- **经济改革**：他推行均田制，但如果能**结合“市场调节”**（如宋代的“草市”制度），可能避免安史之乱后的经济崩溃。

**缺点**：
- 玄武门之变的兄弟阋墙仍然是历史污点，但假设他能**更早地建立“皇位继承法”**（如汉武帝的“推恩令”+“立储制度”），可能避免唐朝后期的藩镇割据。

---

### **二、康乾盛世的“理想版” —— 清世宗雍正（但更仁慈）**
**为什么？**
- **制度创新**：雍正推行“密折制度”和“养廉银”，但假设他能**更早地建立“公开透明”的财政制度**（如宋代的“三司使”制度），可能避免晚清的腐败。
- **民族政策**：他平定准噶尔叛乱，但假设他能**更早地推行“多元一体”政策**（如汉唐的“胡汉融合”），可能避免鸦片战争的民族危机。
- **文化开放**：他重用汉臣，但假设他能**更早地推动“西学东渐”**（如康熙的《数理精蕴》+耶稣会士的科技传播），可能避免晚清的落后。

**想象力加分**：
- **科技革命**：假设他能**支持“蒸汽机”的研究**（虽然清朝没有，但可以提前设立“皇家科学院”）。
- **教育改革**：他重视科举，但假设他能**推行“义务教育”**（如日本明治维新的“学制”），可能培养更多现代人才。
- **外交平等**：他与俄国签订《恰克图条约》，但假设他能**更早地与西方建立“平等外交”**（如日本德川幕府的“锁国”但不排斥贸易），可能避免鸦片战争。

**缺点**：
- 雍正的“密折制度”导致猜忌心重，但假设他能**更信任汉臣**（如康熙晚年），可能避免乾隆后的“文字狱”泛滥。

---

### **三、宋明理学的“实践者” —— 宋神宗赵顼（但更务实）**
**为什么？**
- **变法图强**：王安石变法失败，但假设赵顼能**更灵活地调整政策**（如“量入为出”的财政改革+“市场化”的农业政策），可能避免北宋的灭亡。
- **文化繁荣**：他支持司马光编《资治通鉴》，但假设他能**更早地推动“实学”**（如明清的“经世致用”），可能避免明末的学术空疏。
- **民族政策**：他对付西夏，但假设他能**更早地推行“和亲”**（如汉唐的“和亲政策”），可能避免金朝的入侵。

**想象力加分**：
- **科技领先**：假设他能**支持“活字印刷”的商业化**（虽然毕昇发明了活字，但宋朝没有大规模应用），可能更早地传播知识。
- **城市化**：他重视“市舶司”，但假设他能**更早地推动“城市规划”**（如元朝的“大都”+“街市制度”），可能避免明清的城市落后。
- **教育改革**：他支持太学，但假设他能**推行“义务教育”**，可能培养更多现代人才。

**缺点**：
- 王安石变法的阻力太大，但假设他能**更早地建立“改革共识”**（如日本明治维新的“公议政体”），可能成功。

---

### **四、最完美的“想象中的皇帝” —— “圣君贤主”综合体**
如果要**超越历史**，创造一个**“最好的皇帝”**，他可能具备以下特质：

1. **政治智慧**：
   - **制度化的监督**：如“三权分立”的雏形（皇帝、宰相、谏官三权平衡）。
   - **公开透明的财政**：如“阳光政府”的雏形，避免腐败。
   - **皇位继承法**：如“立储制度”+“藩王限制”，避免内乱。

2. **军事才能**：
   - **文官治军**：如宋代的“将帅不专兵”，避免藩镇割据。
   - **科技强军**：如“火药”+“指南针”+“活字印刷”的军事应用。
   - **外交平等**：如“和亲”+“贸易平等”，避免战争。

3. **文化开放**：
   - **儒释道三教合流**：形成稳定的思想体系。
   - **科技创新**：设立“皇家科学院”，吸纳外族精英。
   - **教育改革**：推行“义务教育”+“实学”教育。

4. **仁德品格**：
   - **轻徭薄赋**：如“休养生息”的政策，避免民变。
   - **包容多元**：如汉唐的“胡汉融合”，避免民族冲突。
   - **节俭治国**：如“克勤克俭”的生活作风，避免奢靡之风。

5. **想象力加分**：
   - **时间管理**：如“分时治国”（每天固定时间处理政务、军事、文化），避免“昏君”的懒政。
   - **心理健康**：如“皇帝也需要‘心理医生’”，避免猜忌和暴政。
   - **未来规划**：如“百年大计”，提前规划国家发展（如“科技革命”+“城市化”）。

---
### **最终结论：历史上

