宋朝（960年—1279年）是中国历史上一个重要的朝代，其政治制度、经济文化等方面都有显著的特色。从学术角度评价宋朝政治得失，可以从以下几个方面进行深入分析：

### 一、中央集权与官僚制度的完善

#### 1. 中央集权的加强
宋朝在政治上继承了唐末五代以来的中央集权趋势，进一步强化了皇帝的权力。宋太祖赵匡胤通过“杯酒释兵权”等手段，解除了地方节度使的兵权，确立了文官治国的基本原则。中央政府通过设立三省六部制、枢密院等机构，实现了对行政、军事、财政等方面的集中控制。

#### 2. 官僚制度的完善
宋朝的官僚制度在唐代的基础上进一步完善，科举制度得到了空前的重视和发展。科举考试成为选拔官员的主要途径，使得官员的选拔更加公平和制度化。同时，宋朝还设立了大量的监察机构，如御史台、谏院等，以加强对官员的监督和制约。

#### 3. 得失评价
- **得**：中央集权的加强和官僚制度的完善，使得宋朝的政治相对稳定，避免了唐末五代以来的割据局面，为经济文化的发展提供了相对稳定的环境。
- **失**：过度集权和文官治国的模式，导致了官僚机构的臃肿和效率低下，官员之间的相互牵制和推诿现象严重，影响了行政效率。

### 二、军事制度的改革与边疆问题

#### 1. 军事制度的改革
宋朝在军事制度上进行了重大改革，主要体现在“强干弱枝”的政策上。中央政府通过设立禁军、厢军等制度，将地方军队的精锐集中到中央，以防止地方割据。同时，宋朝还实行了“更戍法”，定期轮换军队驻地，以防止军队与地方势力结合。

#### 2. 边疆问题
宋朝的边疆问题十分严重，北有辽、金、西夏等强敌，南有交趾等小国。尽管宋朝在军事上进行了改革，但由于过度依赖文官治国，军事将领的权力受到限制，导致宋朝在对外战争中屡屡失利。

#### 3. 得失评价
- **得**：军事制度的改革在一定程度上防止了地方割据，维护了中央集权。
- **失**：过度限制军事将领的权力，导致军队战斗力下降，边疆问题长期得不到解决，最终导致了宋朝的灭亡。

### 三、经济政策与社会问题

#### 1. 经济政策
宋朝在经济政策上采取了较为宽松的政策，鼓励商业和手工业的发展，推动了商品经济的繁荣。同时，宋朝还实行了“两税法”，改革了税收制度，减轻了农民的负担。

#### 2. 社会问题
尽管宋朝在经济上取得了一定的成就，但也面临着严重的社会问题。土地兼并现象严重，贫富差距扩大，农民起义频繁。此外，宋朝还面临着严重的财政危机，政府通过发行纸币、增加税收等手段来应对财政问题，但效果有限。

#### 3. 得失评价
- **得**：宽松的经济政策促进了商品经济的发展，为宋朝的繁荣奠定了基础。
- **失**：土地兼并和财政危机等问题，导致了社会的不稳定，最终影响了宋朝的长期统治。

### 四、文化与思想的发展

#### 1. 文化繁荣
宋朝是中国历史上文化繁荣的时期之一，出现了许多著名的文化人物，如苏轼、欧阳修、王安石等。宋朝的文学、艺术、科技等方面都取得了显著的成就。

#### 2. 思想变革
宋朝的思想界也发生了重大变革，儒家思想在宋代得到了新的发展，形成了“理学”这一新的思想体系。理学强调“天理”与“人欲”的对立，对后世产生了深远的影响。

#### 3. 得失评价
- **得**：文化与思想的繁荣为宋朝的软实力提供了重要支撑，使得宋朝在国际上享有较高的声誉。
- **失**：理学在一定程度上限制了思想的自由发展，导致了思想的僵化。

### 结论

从学术角度来看，宋朝政治的得失是多方面的。中央集权的加强和官僚制度的完善，为宋朝的稳定和发展提供了保障，但也导致了官僚机构的臃肿和效率低下。军事制度的改革在一定程度上防止了地方割据，但过度限制军事将领的权力，导致了边疆问题的长期存在。经济政策的宽松促进了商品经济的发展，但也带来了土地兼并和财政危机等问题。文化与思想的繁荣为宋朝的软实力提供了重要支撑，但也导致了思想的僵化。

总体而言，宋朝政治的得失是一个复杂的问题，需要从多个角度进行综合分析。宋朝在政治、经济、文化等方面都取得了一定的成就，但也面临着诸多问题，这些问题最终导致了宋朝的灭亡。 [end of text]


