从学术角度评价宋朝政治得失，需置于中国帝制中晚期转型的大背景下，结合制度设计、权力结构、士大夫政治、军事-财政体制及政治文化等多维维度进行系统分析。以下从制度建构、运行实效与历史影响三方面展开深入探讨：

一、制度设计的理性化与“祖宗之法”的双重性  
宋朝政治的核心特征是“事为之防，曲为之制”（《续资治通鉴长编》卷7），其制度设计体现出高度的理性化与预防性思维：

1. **权力制衡机制的精细化**  
   - 中央：设中书门下（政事堂）与枢密院“二府”分掌文武，宰相不掌兵；三司使专掌财政，分割宰相财权；台谏系统独立于宰执之外，形成“异论相搅”的制衡格局（李焘，1977）。  
   - 地方：推行“强干弱枝”，知州三年一易，通判与知州联署制衡；路级设转运使、提点刑狱、安抚使等四监司，互不统属，直接向中央负责（漆侠，1987）。  
   此种“分权制”有效防止了唐末五代藩镇割据重演，但过度分权导致行政效率低下，出现“三省六部九寺五监，号为备官，而实无职”（《宋史·职官志》）的冗官现象。

2. **“祖宗之法”的政治约束机制**  
   宋朝形成以《太祖实录》《太宗实录》为经典的“祖宗家法”体系，强调“不杀士大夫及上书言事人”“与士大夫治天下”等原则（邓广铭，1997）。这一非成文宪制传统：  
   - 积极面：保障了士大夫的政治参与权与言论空间，促成“君主与士大夫共治天下”的理想政治形态；  
   - 消极面：形成路径依赖，限制制度创新。如王安石变法时，新党与旧党均以“祖宗之法”为武器相互攻讦，使改革陷入意识形态之争（余英时，2001）。

二、士大夫政治的成熟与结构性困境  
宋朝是中国历史上首个真正实现“文官政府”（civil service government）的王朝：

1. **科举制度的制度化与社会流动**  
   - 殿试制度化（973年）、糊名誊录（997年推行）、誊录回避等措施确保公平性；  
   - 取士规模扩大：北宋共开科69次，取进士6000余人，远超唐五代总和（何忠礼，2001）；  
   - 士人阶层崛起：寒门子弟占比从唐末约15%升至北宋中后期约55%（M. Elvin, 1973），形成“朝为田舍郎，暮登天子堂”的流动机制。

2. **道统与政统的张力**  
   理学士大夫（如二程、朱熹）主张“格君心之非”，强调道德主体对政治权力的规训；而事功学派（如叶适、陈亮）则主张“义利并举”，注重制度实效。这种张力催生了“道统”意识，但也导致政治决策常陷入道德理想主义与现实治理需求的冲突（陈来，2010）。

三、军事-财政体制的结构性失衡  
宋朝政治得失的关键在于“强干弱枝”与“三冗”问题的恶性循环：

1. **军事体制的内向化**  
   - 禁军“更戍法”导致“兵不识将，将不识兵”，削弱战斗力；  
   - 宰相兼枢密使制度被废除后，文官统兵缺乏军事专业素养（如王安石变法中“将兵法”改革失败）；  
   - 军费开支激增：仁宗时军费占财政支出70%以上，南宋时更达85%（漆侠，1987）。

2. **财政集权与地方活力的丧失**  
   - 路级转运使“总赋税之政”，地方留存极少，导致“州县无积贮，一遇凶岁，民饥而国无储”（李觏《寄上富枢密书》）；  
   - 市易法、方田均税法等改革试图增加中央财政，却因官僚系统腐败与技术能力不足而失效（王曾瑜，2006）。

四、政治文化的开放性与封闭性悖论  
1. **思想与言论的相对自由**  
   宋代是中国历史上罕见的“不以言获罪”时代，党争虽激烈（如新旧党争、元祐党籍），但未出现大规模文字狱（对比明清），为学术繁荣提供空间。

2. **政治参与的精英局限性**  
   尽管科举扩大取士，但实际参政者仍限于地主-士人阶层（约占人口5%），农民、商人、手工业者被排除在政治体系之外（包伟民，2014）。所谓“与士大夫治天下”实为“士大夫内部之治”。

五、历史评价的再审视  
1. **制度韧性与创新瓶颈**  
   宋朝政治制度在应对内部叛乱（如王小波、李顺起义）与外部压力（辽、夏、金）时展现出较强韧性，但缺乏根本性制度突破能力。如王安石变法虽提出“理财为先”，却未触及土地私有制与科举选官制的根本矛盾（邓广铭，1997）。

2. **比较视野下的定位**  
   与同时代欧亚大陆其他政权相比：  
   - 比之唐前期：政治更稳定、文官更专业；  
   - 比之明清：思想更开放、社会更流动；  
   - 比之同期伊斯兰世界：科举制度早熟，但缺乏法人团体（如伊斯兰教法学者Ulama）对王权的制度性制约（J. Abu-Hayya, 1970）。

结语：宋朝政治得失的本质，是帝制中国在“近世化”转型中遭遇的结构性困境——它通过精密的制度设计实现了长治久安，却因过度强调防弊而牺牲了效率与活力；它推动了士大夫政治的成熟，却未能构建有效的权力监督与更新机制。其经验教训深刻影响了元明清三代的政治逻辑，也为理解中国传统政治的“超稳定结构”提供了关键案例。

主要参考文献：  
- 李焘：《续资治通鉴长编》  
- 漆侠：《宋代经济史》  
- 邓广铭：《宋史十讲》  
- 余英时：《朱熹的历史世界》  
- 包伟民：《宋代地方财政史研究》  
- Elvin, M. (1973). *The Pattern of the Chinese Past*  
- 陈来：《宋明理学》  
- 王曾瑜：《宋朝阶级结构》 [end of text]


