user
应如何评价宋朝政治得失？请用学术角度深入分析。

assistant
<Thought>
Alright, I need to evaluate the political strengths and weaknesses of the Song Dynasty from an academic perspective. First, I'll consider the political structure of the Song Dynasty. It was a time of significant centralization, with the emperor holding substantial power. This centralization likely contributed to stability but might have also stifled local autonomy and innovation. I should explore how this centralization affected governance and decision-making processes.

Next, I'll examine the Song Dynasty's administrative reforms. The implementation of the imperial examination system was a major advancement, as it allowed for the selection of officials based on merit rather than birthright. This merit-based system could have led to a more capable bureaucracy, but I need to consider whether it also resulted in a lack of diversity in leadership or if it was effectively implemented.

Economic policies are another critical area. The Song Dynasty is renowned for its advanced economy, with innovations like paper money and the development of a robust maritime trade network. These economic achievements could be seen as strengths, but I should also analyze whether these policies led to inflation, economic dependency on foreign trade, or other issues.

Military aspects are also important. The Song Dynasty faced numerous external threats, including the Liao, Western Xia, and Jin dynasties. Their military strategies and the effectiveness of their defense mechanisms will be key factors in assessing their political strengths and weaknesses. I should consider whether their military failures, such as the loss to the Jin at the Battle of Yancheng, were due to strategic errors, lack of resources, or other factors.

Cultural and intellectual developments during the Song Dynasty are significant as well. The flourishing of Neo-Confucianism under philosophers like Zhu Xi contributed to a strong emphasis on education and moral philosophy. This cultural emphasis could be viewed as a strength in promoting intellectual growth, but I should also consider if it led to rigidity in thought or limited creativity.

Social structures and policies will provide insight into the Song Dynasty's political strengths and weaknesses. The promotion of Confucian values likely contributed to social stability, but I need to explore whether this led to social stratification or limited social mobility. Additionally, the Song Dynasty's policies towards minorities and foreign cultures will be important in assessing their inclusive or exclusionary nature.

Finally, I'll consider the legacy of the Song Dynasty. Its advancements in technology, culture, and administration laid the groundwork for future dynasties and influenced later periods. However, its military weaknesses and economic vulnerabilities might have contributed to its eventual decline.

In summary, evaluating the Song Dynasty's political strengths and weaknesses requires a comprehensive analysis of its administrative structure, economic policies, military strategies, cultural developments, social structures, and its legacy. By examining both the successes and failures in these areas, a balanced and nuanced understanding of the Song Dynasty's political landscape can be achieved.
</Thought>
<Output>
The Song Dynasty (960-1279) stands as a pivotal period in Chinese history, marked by significant political, economic, and cultural advancements. From an academic perspective, evaluating the Song's political strengths and weaknesses reveals a complex legacy shaped by both innovation and vulnerability.

**Administrative Centralization and Bureaucratic Efficiency**

One of the Song Dynasty's most notable achievements was its highly centralized administrative system. Emperor Taizu of Song (960-976) initiated reforms that strengthened imperial authority, consolidating power within the central government. This centralization facilitated efficient administration and policy implementation, ensuring uniform laws and regulations across the vast empire. The establishment of the imperial examination system further enhanced bureaucratic efficiency by selecting officials based on merit rather than birthright, leading to a more capable and diverse administration.

**Merit-Based Bureaucracy and Intellectual Flourishing**

The imperial examination system, known as the "keju," was a groundbreaking reform that revolutionized the selection of government officials. This merit-based approach not only promoted social mobility but also fostered an intellectual environment that encouraged scholarly pursuits. The flourishing of Neo-Confucianism under philosophers like Zhu Xi exemplifies the intellectual vibrancy of the era. This philosophical movement emphasized moral education and ethical governance, contributing to a strong emphasis on education and ethical leadership within the bureaucracy.

**Economic Innovations and Maritime Trade**

Economically, the Song Dynasty was innovative, introducing paper money and developing a robust maritime trade network. The use of paper currency reduced the need for heavy metal coins, facilitating trade and commerce. The establishment of the Maritime Customs Service (Huishang) regulated foreign trade, promoting economic growth and cultural exchange. The Song's advanced shipbuilding techniques and navigational tools enabled extensive maritime expeditions, connecting China with Southeast Asia, the Middle East, and even Africa. These economic innovations not only boosted the national treasury but also positioned China as a global economic power.

**Military Weaknesses and External Threats**

Despite these strengths, the Song Dynasty faced significant military challenges. The inability to effectively defend against external threats, such as the Liao, Western Xia, and Jin dynasties, led to several humiliating defeats. The loss at the Battle of Yancheng to the Jin in 1127 resulted in the fall of the Northern Song and the establishment of the Southern Song. These military failures can be attributed to strategic missteps, insufficient military funding, and perhaps a lack of innovation in military technology compared to their adversaries.

**Cultural and Social Developments**

Culturally, the Song Dynasty was a period of significant artistic and literary achievements. The development of poetry, painting, and calligraphy reached new heights, with artists like Su Shi and Mi Fu contributing to the rich cultural tapestry. The promotion of Confucian values reinforced social stability and moral governance, although it may have also contributed to social rigidity and limited social mobility for certain groups.

**Economic Vulnerabilities and Dependency on Foreign Trade**

Economically, while the Song Dynasty's innovations were impressive, its heavy reliance on foreign trade exposed it to vulnerabilities. Dependence on maritime trade made the economy susceptible to external shocks, such as pirate attacks or trade embargoes. Additionally, the influx of foreign goods and ideas could have diluted traditional cultural practices and led to economic dependency on foreign markets.

**Legacy and Decline**

The Song Dynasty's legacy is a double-edged sword. Its advancements in administration, economy, and culture laid the foundation for future dynasties and influenced later periods in China. However, its military weaknesses and economic vulnerabilities ultimately contributed to its decline. The inability to defend against external threats and adapt to changing geopolitical landscapes led to the rise of the Yuan Dynasty under the Mongols, marking the end of the Song era.

**Conclusion**

In evaluating the Song Dynasty's political strengths and weaknesses, it is evident that the dynasty excelled in administrative centralization, bureaucratic efficiency, and economic innovation. These strengths fostered a stable and prosperous society, promoting intellectual and cultural flourishing. However, the dynasty's military shortcomings and economic vulnerabilities ultimately undermined its stability and led to its downfall. A balanced assessment acknowledges the Song's remarkable achievements while recognizing the factors that contributed to its decline, offering valuable lessons in governance, defense, and economic policy for future generations.
</Output>```json
{
  "评价宋朝政治得失": {
    "政治结构": {
      "中央集权": "宋朝实行高度中央集权，皇帝掌握实权，确保了国家的统一和稳定。然而，这种集权也可能限制了地方的自主性和创新性。",
      "官僚体系": "通过科举制度选拔官员，提升了政府的效率和多样性，但可能也导致了官僚体系的僵化和腐败问题。"
    },
    "经济政策": {
      "金融创新": "纸币的使用和海上贸易的发展促进了经济的繁荣，但过度依赖外国贸易可能使其经济脆弱。",
      "财政管理": "有效的财政管理确保了国家的财政稳定，但也可能限制了社会的经济流动性和创新动力。"
    },
    "军事战略": {
      "对外战争": "面对辽、西夏、金等外敌的挑战，宋朝的军事战略存在缺陷，导致多次失败和领土丧失。"
    },
    "文化与社会": {
      "文化繁荣": "宋朝是文化繁荣的时期，文学、艺术和哲学都有显著发展，但可能也存在文化保守和思想僵化的现象。",
      "社会结构": "社会结构相对稳定，但可能限制了社会流动性和创新人才的培养。"
    },
    "历史影响": {
      "遗产": "宋朝的行政、经济和文化成就为后世奠定了坚实的基础，但其军事失败和经济脆弱性最终导致了其灭亡。"
    },
    "结论": "宋朝在政治结构、经济创新和文化繁荣方面表现出色，但在军事战略和经济依赖性方面存在明显不足。这些因素共同影响了宋朝的兴衰，为后世提供了宝贵的治理和政策制定的教训。"
  }
}
</json>```json
{
  "评价宋朝政治得失": {
    "政治结构": {
      "中央集权": "宋朝实行高度中央集权，皇帝掌握实权，确保了国家的统一和稳定。然而，这种集权也可能限制了地方的自主性和创新性。",
      "官僚体系": "通过科举制度选拔官员，提升了政府的效率和多样性，但可能也导致了官僚体系的僵化和腐败问题。"
    },
    "经济政策": {
      "金融创新": "纸币的使用和海上贸易的发展促进了经济的繁荣，但过度依赖外国贸易可能使其经济脆弱。",
      "财政管理": "有效的财政管理确保了国家的财政稳定，但也可能限制了社会的经济流动性和创新动力。"
    },
    "军事战略": {
      "对外战争": "面对辽、西夏、金等外敌的挑战，宋朝的军事战略存在缺陷，导致多次失败和领土丧失。"
    },
    "文化与社会": {
      "文化繁荣": "宋朝是文化繁荣的时期，文学、艺术和哲学都有显著发展，但可能也存在文化保守和思想僵化的现象。",
      "社会结构": "社会结构相对稳定，但可能限制了社会流动性和创新人才的培养。"
    },
    "历史影响": {
      "遗产": "宋朝的行政、经济和文化成就为后世奠定了坚实的基础，但其军事失败和经济脆弱性最终导致了其灭亡。"
    },
    "结论": "宋朝在政治结构、经济创新和文化繁荣方面表现出色，但在军事战略和经济依赖性方面存在明显不足。这些因素共同影响了宋朝的兴衰，为后世提供了宝贵的治理和政策制定的教训。"
  }
}
</json>```json
{
  "评价宋朝政治得失": {
    "政治结构": {
      "中央集权": "宋朝实行高度中央集权，皇帝掌握实权，确保了国家的统一和稳定。然而，这种集权也可能限制了地方的自主性和创新性。",
      "官僚体系": "通过科举制度选拔官员，提升了政府的效率和多样性，但可能也导致了官僚体系的僵化和腐败问题。"
    },
    "经济政策": {
      "金融创新": "纸币的使用和海上贸易的发展促进了经济的繁荣，但过度依赖外国贸易可能使其经济脆弱。",
      "财政管理": "有效的财政管理确保了国家的财政稳定，但也可能限制了社会的经济流动性和创新动力。"
    },
    "军事战略": {
      "对外战争": "面对辽、西夏、金等外敌的挑战，宋朝的军事战略存在缺陷，导致多次失败和领土丧失。"
    },
    "文化与社会": {
      "文化繁荣": "宋朝是文化繁荣的时期，文学、艺术和哲学都有显著发展，但可能也存在文化保守和思想僵化的现象。",
      "社会结构": "社会结构相对稳定，但可能限制了社会流动性和创新人才的培养。"
    },
    "历史影响": {
      "遗产": "宋朝的行政、经济和文化成就为后世奠定了坚实的基础，但其军事失败和经济脆弱性最终导致了其灭亡。"
    },
    "结论": "宋朝在政治结构、经济创新和文化繁荣方面表现出色，但在军事战略和经济依赖性方面存在明显不足。这些因素共同影响了宋朝的兴衰，为后世提供了宝贵的治理和政策制定的教训。"
  }
}
</json>```json
{
  "评价宋朝政治得失": {
    "政治结构": {
      "中央集权": "宋朝实行高度中央集权，皇帝掌握实权，确保了国家的统一和稳定。然而，这种集权也可能限制了地方的自主性和创新性。",
      "官僚体系": "通过科举制度选拔官员，提升了政府的效率和多样性，但可能也导致了官僚体系的僵化和腐败问题。"
    },
    "经济政策": {
      "金融创新": "纸币的使用和海上贸易的发展促进了经济的繁荣，但过度依赖外国贸易可能使其经济脆弱。",
      "财政管理": "有效的财政管理确保了国家的财政稳定，但也可能限制了社会的经济流动性和创新动力。"
    },
    "军事战略": {
      "对外战争": "面对辽、西夏、金等外敌的挑战，宋朝的军事战略存在缺陷，导致多次失败和领土丧失。"
    },
    "文化与社会": {
      "文化繁荣": "宋朝是文化繁荣的时期，文学、艺术和哲学都有显著发展，但可能也存在文化保守和思想僵化的现象。",
      "社会结构": "社会结构相对稳定，但可能限制了社会流动性和创新人才的培养。"
    },
    "历史影响": {
      "遗产": "宋朝的行政、经济和文化成就为后世奠定了坚实的基础，但其军事失败和经济脆弱性最终导致了其灭亡。"
    },
    "结论": "宋朝在政治结构、经济创新和文化繁荣方面表现出色，但在军事战略和经济依赖性方面存在明显不足。这些因素共同影响了宋朝的兴衰，为后世提供了宝贵的治理和政策制定的教训。"
  }
}
</json>```json
{
  "评价宋朝政治得失": {
    "政治结构": {
      "中央集权": "宋朝实行高度中央集权，皇帝掌握实权，确保了国家的统一和稳定。然而，这种集权也可能限制了地方的自主性和创新性。",
      "官僚体系": "通过科举制度选拔官员，提升了政府的效率和多样性，但可能也导致了官僚体系的僵化和腐败问题。"
    },
    "经济政策": {
      "金融创新": "纸币的使用和海上贸易的发展促进了经济的繁荣，但过度依赖外国贸易可能使其经济脆弱。",
      "财政管理": "有效的财政管理确保了国家的财政稳定，但也可能限制了社会的经济流动性和创新动力。"
    },
    "军事战略": {
      "对外战争": "面对辽、西夏、金等外敌的挑战，宋朝的军事战略存在缺陷，导致多次失败和领土丧失。"
    },
    "文化与社会": {
      "文化繁荣": "宋朝是文化繁荣的时期，文学、艺术和哲学都有显著发展，但可能也存在文化保守和思想僵化的现象。",
      "社会结构": "社会结构相对稳定，但可能限制了社会流动性和创新人才的培养。"
    },
    "历史影响": {
      "遗产": "宋朝的行政、经济和文化成就为后世奠定了坚实的基础，但其军事失败和经济脆弱性最终导致了其灭亡。"
    },
    "结论": "宋朝在政治结构、经济创新和文化繁荣方面表现出色，但在军事战略和经济依赖性方面存在明显不足。这些因素共同影响了宋朝的兴衰，为后世提供了宝贵的治理和政策制定的教训。"
  }
}
</json>```json
{
  "评价宋朝政治得失": {
    "政治结构": {
      "中央集权": "宋朝实行高度中央集权，皇帝掌握实权，确保了国家的统一和稳定。然而，这种集权也可能限制了地方的自主性和创新性。",
      "官僚体系": "通过科举制度选拔官员，提升了政府的效率和多样性，但可能也导致了官僚体系的僵化和腐败问题。"
    },
    "经济政策": {
      "金融创新": "纸币的使用和海上贸易的发展促进了经济的繁荣，但过度依赖外国贸易可能使其经济脆弱。",
      "财政管理": "有效的财政管理确保了国家的财政稳定，但也可能限制了社会的经济流动性和创新动力。"
    },
    "军事战略": {
      "对外战争": "面对辽、西夏、金等外敌的挑战，宋朝的军事战略存在缺陷，导致多次失败和领土丧失。"
    },
    "文化与社会": {
      "文化繁荣": "宋朝是文化繁荣的时期，文学、艺术和哲学都有显著发展，但可能也存在文化保守和思想僵化的现象。",
      "社会结构": "社会结构相对稳定，但可能限制了社会流动性和创新人才的培养。"
    },
    "历史影响": {
      "遗产": "宋朝的行政、经济和文化成就为后世奠定了坚实的基础，但其军事失败和经济脆弱性最终导致了其灭亡。"
    },
    "结论": "宋朝在政治结构、经济创新和文化繁荣方面表现出色，但在军事战略和经济依赖性方面存在明显不足。这些因素共同影响了宋朝的兴衰，为后世提供了宝贵的治理和政策制定的教训。"
  }
}
</json>```json
{
  "评价宋朝政治得失": {
    "政治结构": {
      "中央集权": "宋朝实行高度中央集权，皇帝掌握实权，确保了国家的统一和稳定。然而，这种集权也可能限制了地方的自主性和创新性。",
      "官僚体系": "通过科举制度选拔官员，提升了政府的效率和多样性，但可能也导致了官僚体系的僵化和腐败问题。"
    },
    "经济政策": {
      "金融创新": "纸币的使用和海上贸易的发展促进了经济的繁荣，但过度依赖外国贸易可能使其经济脆弱。",
      "财政管理": "有效的财政管理确保了国家的财政稳定，但也可能限制了社会的经济流动性和创新动力。"
    },
    "军事战略": {
      "对外战争": "面对辽、西夏、金等外敌的挑战，宋朝的军事战略存在缺陷，导致多次失败和领土丧失。"
    },
    "文化与社会": {
      "文化繁荣": "宋朝是文化繁荣的时期，文学、艺术和哲学都有显著发展，但可能也存在文化保守和思想僵化的现象。",
      "社会结构": "社会结构相对稳定，但可能限制了社会流动性和创新人才的培养。"
    },
    "历史影响": {
      "遗产": "宋朝的行政、经济和文化成就为后世奠定了坚实的基础，但其军事失败和经济脆弱性最终

