从学术角度评价宋朝政治得失，需置于唐宋变革论（Tang-Song Transformation）的历史框架下，结合制度设计、权力结构、文官政治、边防体制与思想文化等多维维度进行系统分析。以下从制度建构、运行实效与历史影响三方面展开深入评析：

---

### 一、制度设计：精密化与制衡机制的极致化

1. **“事为之防，曲为之制”的治国理念**  
   宋太祖“杯酒释兵权”后，确立“重文轻武”国策，通过制度性分权防止唐末五代藩镇割据重演。其核心在于：
   - **军权三分**：枢密院掌调兵，三衙（殿前司、侍卫马军司、侍卫步军司）统辖禁军，战时另派“知州”或“安抚使”临时统兵，形成“兵不识将，将不识兵”的军事制衡。
   - **财权收归中央**：设转运使掌地方财赋，削弱节度使经济基础；地方设通判与监郡，监督知州，形成“知州决策—通判副署—转运使监察”的三重制衡。
   - **台谏系统独立化**：谏官由皇帝亲擢，可风闻奏事，形成对宰执的强力监督（如包拯任谏官时“面折廷争”）。

2. **文官政治的制度化**  
   - 科举制度趋于完善：糊名（弥封）、誊录制度杜绝舞弊，进士科成为入仕主途。据《宋会要辑稿》载，北宋167年共开科69次，取士61,000余人，远超唐代（约7,000人）。
   - “官、职、差遣”分离：以“差遣”实授职权，避免官阶虚设，确保人岗匹配（如苏轼任“翰林学士”为职名，“知杭州军州事”为差遣）。

---

### 二、运行实效：制度理性与结构性困境

1. **积极成效**  
   - **政治稳定性**：北宋319年未发生大规模内战（仅方腊、宋江等局部起义），远超唐后期藩镇割据时期。
   - **文官理性治理**：士大夫阶层形成“以道统制约政统”的自觉（如范仲淹“先忧后乐”、司马光《资治通鉴》的治国镜鉴意识），推动政策理性化。
   - **财政与行政精细化**：王安石变法中的“青苗法”“市易法”体现国家干预经济的尝试；“保甲法”“保马法”尝试兵农合一；《元丰官制》系统整理职官体系。

2. **结构性缺陷**  
   - **过度制衡导致低效**：  
     - 军事上“将从中御”，前线将领常受皇帝“阵图”遥控（如澶渊之盟前宋真宗遥控澶州战事），削弱战场应变能力。  
     - 行政上“三冗”（冗官、冗兵、冗费）积重难返：仁宗时官吏超编制3倍，禁军增至80万，军费占财政支出70%以上（据漆侠《宋代经济史》）。
   - **党争制度化与政策反复**：  
     王安石变法引发新旧党争，元祐更化、绍圣绍述反复更迭，政策缺乏连续性。台谏官沦为党争工具（如苏轼因“乌台诗案”入狱），削弱制度监督功能。
   - **边防体制的系统性失败**：  
     “守内虚外”政策导致边防资源不足；河北、河东“养兵不养将”使边将缺乏自主权；与辽、西夏、金的军事对抗中，因指挥体系割裂屡遭败绩（如靖康之变中种师道、姚平仲因“分兵守城”错失战机）。

---

### 三、历史影响：唐宋变革的双重遗产

1. **积极遗产**  
   - **文官政治范式的确立**：宋朝将科举文官集团推至政治核心，奠定明清“士大夫政治”基础，推动中国帝制后期政治理性化。
   - **制度理性与技术官僚传统**：沈括《梦溪笔谈》、苏颂水运仪象台等科技成就，反映制度对技术理性的包容；《洗冤集录》开创法医学体系。
   - **士大夫精神的升华**：理学兴起（程朱理学）将儒家伦理制度化，塑造“以天下为己任”的士人精神，影响东亚文明圈。

2. **消极遗产**  
   - **重文轻武的路径依赖**：南宋“重文轻武”加剧，武将地位低下（如岳飞以“莫须有”罪名被杀），导致军事技术停滞（火器未系统应用于实战）。
   - **中央集权的过度强化**：地方自主权被压缩，明初废行省设三司、清末“督抚”权力膨胀，皆为对宋制的反动。
   - **财政汲取能力与治理能力失衡**：虽财政总量庞大（据漆侠估算，北宋岁入达1.5亿贯，为唐代10倍），但因军费与岁币消耗，实际民生改善有限，农民起义频发（如王小波“均贫富”口号）。

---

### 结语：历史语境中的辩证评价

宋朝政治得失需置于“唐宋变革”的长时段中审视：其制度设计在解决中古晚期政治危机（藩镇割据、武人干政）上成效卓著，但过度强调防弊导致效率牺牲；其文官政治与思想文化成就辉煌，却未能解决边防与财政的结构性矛盾。正如余英时所言：“宋代士大夫的政治理想与政治现实之间存在深刻张力。”宋朝的遗产并非单纯“积贫积弱”，而是为帝制后期中国提供了精密治理的范本，也揭示了制度理性与权力制衡的内在边界——这一命题至今仍具启示意义。

> **主要参考文献**：  
> 1. 邓广铭：《宋史十讲》，中华书局，2010年  
> 2. 余英时：《朱熹的历史世界》，三联书店，2004年  
> 3. 贾志扬（John W. Chaffee）：《剑桥中国宋代史》，中国社科出版社，2023年  
> 4. 漆侠：《宋代经济史》，上海人民出版社，2002年  
> 5. 李华瑞：《“唐宋变革”论与宋代史研究》，《历史研究》，2015年第4期 [end of text]


