<seed:think>
用户现在需要评价宋朝的政治得失，还要学术角度深入分析。首先得回忆一下宋朝政治的主要特点，比如重文轻武、中央集权、官僚制度、政策导向这些方面。首先得分“得”和“失”两部分吧，但学术角度不能太简单地好坏分，得结合当时的历史背景和具体制度。

首先，“得”的方面，可能要讲中央集权的加强，比如宋太祖的措施：杯酒释兵权、削弱地方节度使权力、文臣知州、转运使管财政，这些措施结束了唐末五代的藩镇割据，稳定了统治，这是积极的。然后是文官制度的完善，比如科举制的发展，扩大录取名额，重视文官，形成了士大夫政治，这对社会稳定和文化发展有好处，比如宋朝文化繁荣，理学兴起，可能和文官地位提高有关。还有法律制度，比如《宋刑统》，强调慎刑，司法独立的趋势，比如提点刑狱司的设置，这些都是制度上的进步。另外，经济上的政策，比如不抑兼并，虽然有争议，但促进了商业发展，城市繁荣，比如坊市制度的打破，交子的出现，这些可能和政治制度的宽松有关？

然后是“失”的方面，首先是重文轻武导致的军事软弱，比如枢密院掌兵但无统兵权，三衙统兵但无调兵权，互相制约，导致军队战斗力下降，对外战争经常失利，比如辽、西夏、金的侵扰，靖康之耻，这是明显的弊端。然后是官僚机构臃肿，比如科举录取太多，加上恩荫制度，官员数量激增，导致行政效率低下，财政负担加重，比如冗官、冗兵、冗费的“三冗”问题，这是宋朝后期积贫积弱的重要原因。还有中央对地方的过度控制，比如地方权力太小，导致应对危机的能力不足，比如金兵南下时，地方无力抵抗，因为财权、兵权都在中央。另外，士大夫政治的局限性，比如党争问题，比如北宋的新旧党争，南宋的秦桧党羽、韩侂胄专权等，党争消耗了国力，影响了政策的连续性。

还要考虑学术视角，比如引用一些学者的观点，比如陈寅恪说“华夏民族之文化，历数千载之演进，造极于赵宋之世”，这是肯定文化成就，而文化成就和政治制度有关。还有钱穆的《中国历代政治得失》里对宋朝的评价，比如他说宋朝制度太弱，兵弱、财弱，但政治上比较开明，比如不杀士大夫，这也是一个特点。另外，从制度史的角度，宋朝的二府三司制，分割相权，加强皇权，这是中央集权的发展，但也导致了行政效率的问题。

还要注意辩证分析，比如重文轻武不是完全负面的，它确实避免了武将专权，比如唐朝的藩镇割据、安史之乱，宋朝没有大规模的武将叛乱，这是稳定的因素。但军事上的弱势又导致了边患问题。官僚臃肿的问题，科举制的发展本来是进步，但恩荫制度是特权阶层的产物，导致官员过剩。

另外，经济政策方面，不抑兼并虽然促进了土地流转和商业发展，但也导致了农民失地，社会矛盾激化，比如北宋后期的方腊起义、宋江起义，可能和土地兼并有关。

还有，宋朝的台谏制度，比如御史台和谏院，本来是监督官员的，但后来变成了党争的工具，比如新旧党争中，台谏官员互相攻击，反而破坏了监督功能。

需要结构清晰，先讲“得”：中央集权与稳定、文官制度与文化繁荣、法律与司法的进步；再讲“失”：军事弱势与边患、官僚臃肿与财政危机、党争与政治内耗、地方权力弱化与应对危机能力不足。每个部分要有具体制度和例子，比如中央集权的措施具体是什么，带来了什么影响；文官制度比如科举制的变化，录取人数，恩荫制度的问题；军事上的枢密院和三衙的关系，导致的指挥不灵；三冗问题的具体表现，比如冗官的数量，冗兵的开支，冗费的项目。

还要结合历史背景，比如宋朝是在五代十国之后建立的，所以统治者特别重视防止割据，这是中央集权加强的原因；宋朝的经济发展水平高，商业繁荣，这和政治制度的某些方面（比如重视文官，不抑制商业）有关；但同时，经济发展带来的社会变化，比如市民阶层兴起，又对政治提出了新的要求，而宋朝的政治制度没有很好地应对，比如党争加剧。

可能还要提到一些具体事件，比如王安石变法，本来是为了解决三冗问题，但变法过程中引发了党争，反而加剧了社会矛盾，这也反映了宋朝政治制度的弊端。比如青苗法、免役法的初衷是好的，但执行过程中出现了腐败，因为官僚机构臃肿，监督不力。

另外，从社会层面看，宋朝的社会流动性比唐朝高，因为科举制的发展，寒门子弟也能通过考试进入仕途，这是积极的，但同时也导致了士大夫阶层的扩大，他们的利益诉求不同，容易形成党争。

总结的话，宋朝政治的“得”主要在于制度创新带来的长期稳定和文化繁荣，“失”主要在于制度设计的缺陷导致的军事软弱、财政危机和政治内耗，这些得失都对宋朝的兴衰产生了重要影响，也为后世提供了借鉴。</seed:think>评价宋朝政治得失，需结合其历史背景、制度创新与现实困境，从**中央集权强化、文官政治建构、制度利弊权衡**三个核心维度展开，兼顾“历史性”（回应时代问题）与“结构性”（制度长期影响），避免简单价值判断。


### **一、“得”：制度创新与文明高峰的基石**  
宋朝政治的“积极面向”，本质是对唐末五代“藩镇割据、武人乱政”的系统性回应，通过制度设计实现了**长期稳定**与**文明跃升**，陈寅恪“华夏文化造极于赵宋”的论断，实赖政治制度提供的保障。


#### 1. **中央集权的“理性化”重构：终结分裂的制度密码**  
唐末五代（907-960）的核心问题是“武人专权”：节度使掌地方军政财权，形成“兵强马壮者为天子”的乱局。宋太祖赵匡胤通过“收精兵、削实权、制钱谷”三大举措，实现了中央对权力的垄断：  
- **军事上**：“杯酒释兵权”解除禁军高级将领兵权，推行“更戍法”（兵将分离），设“三衙”（殿前司、侍卫马军司、侍卫步军司）统兵、“枢密院”调兵，形成“统调分离”的制衡；  
- **行政上**：以文臣任“知州”（代替节度使），设“通判”监督，地方官员“三年一换”，杜绝地方势力坐大；  
- **财政上**：设“转运使”将地方财赋大部收归中央，地方仅留必要开支。  

这一设计彻底终结了藩镇割据，实现了自秦汉以来首次“长期统一”（除南宋偏安）。钱穆评价：“宋之中央集权，乃一种‘和平的、文治的’集权，迥异于汉、唐之‘暴力性’集权”，其理性化特征为后世明清所继承。


#### 2. **文官政治的成熟：士大夫阶层与文化繁荣的耦合**  
宋朝“重文轻武”的核心是**文官集团的制度化崛起**，具体表现为：  
- **科举制的平民化**：扩大录取名额（宋太宗时年取进士数百人，远超唐代数十人），废除“门第限制”，推行“弥封制”（糊名）、“誊录制”（抄卷）防止舞弊，使寒门子弟占进士比例从唐代15%升至宋代40%以上；  
- **文官地位的提升**：宋太祖立下“不杀士大夫及上书言事人”的祖训，文官俸禄远高于武将（如宰相月俸约300贯，相当于普通农户数年收入），形成“士大夫与皇帝共治天下”的政治格局（程颐语）；  
- **学术自由的空间**：理学兴起、书院繁荣（如岳麓书院、白鹿洞书院），均得益于文官政治对“士大夫议政”的包容。  

这种政治生态直接推动了文化巅峰：宋词、宋画、科技（活字印刷、指南针、火药）、哲学（理学）均达古代最高水平，可谓“政治制度赋能文化繁荣”的典型。


#### 3. **法治与行政的精细化：制度文明的进步**  
宋朝在法律与行政制度上的创新，体现了“务实地解决问题”的智慧：  
- **法律体系的完善**：《宋刑统》是中国第一部刊印颁行的法典，吸收唐律与五代敕令，增设“折杖法”（减轻刑罚）、“重法地”（打击盗贼），强调“慎刑”（如规定死刑需经皇帝核准）；  
- **行政监督的强化**：设“提点刑狱司”（简称“提刑官”）专职司法监察，地方司法与行政分离；台谏制度（御史台、谏院）独立于行政系统，甚至可弹劾宰相，形成“权力制衡”雏形；  
- **经济制度的灵活性**：“不抑兼并”的土地政策，虽引发土地集中，但推动了土地流转与租佃制发展；“坊市合一”（打破城市商业时空限制）、“交子”（世界最早纸币）的出现，均与政府“放松管制”的政策相关。  


### **二、“失”：制度缺陷与积贫积弱的根源**  
宋朝政治的“负面代价”，源于制度设计对“效率”与“应变能力”的忽视，最终陷入“积贫积弱”的困境，成为明清“内敛型政治”的前车之鉴。


#### 1. **军事弱势：过度制衡导致的“兵不知将，将不知兵”**  
宋初“统调分离”的军事制度，虽防止了武将专权，却严重削弱了军队战斗力：  
- **将领无权**：禁军将领由皇帝临时任命，“更戍法”使士兵“三年一易帅”，兵将互不熟悉，战术配合低效；  
- **军队冗余**：为吸纳流民、稳定统治，宋朝实行“募兵制”，遇灾荒即大量招募，导致“冗兵”问题（宋仁宗时禁军达80万，占财政支出一半）；  
- **战略被动**：对辽、西夏、金的战争中，因指挥系统僵化，常出现“将从中御”（皇帝遥控指挥）的闹剧，如澶渊之盟（1005）、靖康之变（1127）均因军事失利被迫议和。  

正如《续资治通鉴长编》所载：“宋之兵制，可谓密矣，然其弊在于兵不知将，将不知兵，故每遇大敌，辄致败北”。


#### 2. **官僚臃肿：科举与恩荫的双重挤压**  
文官政治的扩张，带来了“冗官”危机：  
- **科举膨胀**：宋太宗时年取进士约300人，宋神宗时增至1000人以上，加上“恩荫制”（官员子弟可直接授官，如宰相可荫子侄十余人），导致官员数量暴增（宋仁宗时官员达1.7万人，是唐代的数倍）；  
- **行政低效**：机构重叠（如枢密院与三衙、中书门下与三司分权），官员互相推诿，“官无定员，职无定守”成为常态；  
- **财政负担**：“冗官”“冗兵”“冗费”（如祭祀、皇室开支）合称“三冗”，占北宋财政支出的80%以上，导致“积贫”（政府经常入不敷出，需靠“青苗法”等新法搜刮，反而激化矛盾）。  


#### 3. **党争内耗：士大夫政治的“极化陷阱”**  
“士大夫与皇帝共治”的理念，虽推动了政治参与，但也埋下了党争祸根：  
- **政见分歧的制度化**：北宋中期王安石变法（“新党”）与司马光守旧（“旧党”）的斗争，逐渐演变为“派系倾轧”：新党打击旧党时，将“反对变法”等同于“谋反”，旧党复辟后又全盘废除新法，甚至迫害新党人士（如苏轼因“乌台诗案”被贬）；  
- **台谏制度的异化**：本为监督的台谏官员，成为党派斗争的工具（如蔡京当政时，台谏官均为其党羽，专事弹劾异己）；  
- **决策短视化**：党争导致政策反复（如青苗法“兴废不已”），无法应对长期危机（如辽金威胁、土地兼并），最终消耗了宋朝的统治基础。  


#### 4. **地方权力弱化：应对危机的“能力赤字”**  
宋初“强干弱枝”的政策，虽强化了中央，但地方政府缺乏自主权：  
- **财权剥夺**：地方财政仅留“留州钱”（约30%），重大事务需报中央审批，导致地方无力应对灾荒、起义（如方腊起义时，地方官员因无财无权，只能坐视叛军壮大）；  
- **军事空虚**：地方军队（厢军）多为老弱病残，仅负责治安，遇外敌入侵只能依赖中央禁军，而禁军远水难解近渴（如靖康之变中，金兵南下，地方无兵可守）。  


### **三、总结：宋朝政治的“历史定位”**  
从学术视角看，宋朝政治是**“制度理性”与“制度代价”的矛盾统一体**：  
- **积极意义**：它以“和平集权”终结了分裂，通过文官政治推动了文化繁荣，其制度创新（如科举、法治、商业政策）对后世影响深远，是中国古代政治文明的高峰；  
- **历史局限**：过度制衡导致军事软弱，官僚膨胀引发财政危机，党争内耗消耗国力，最终无法应对外部压力（如辽金入侵）与内部矛盾（如农民起义）。  

正如钱穆所言：“宋朝政治，防弊太甚，遂至无能”——这种“防弊型”制度设计，解决了唐末的旧问题，却孕育了新的困境。宋朝的兴衰，实为中国古代政治“稳定与效率”两难命题的经典案例，其得失至今仍有借鉴意义。 [end of text]


