从学术角度分析宋朝政治得失，需兼顾制度创新与积贫积弱的历史叙事，结合最新学术成果与多元视角。

## 一、制度创新与治理智慧

**1. 君主集权的制度设计**
- **二府三司制**：中书门下与枢密院分掌行政与军事，三司使独立管理财政，形成“权任重而谋议详”的分权体系，有效防范权臣专断。
- **科举制度完善**：推行糊名法、誊录制，打破门阀垄断，录取人数激增（北宋年均录取进士约360人），奠定“文人治国”传统。
- **台谏制度**：御史台与谏院独立运作，赋予言官“风闻奏事”特权，形成对皇权的制度性约束。

**2. 经济与文化政策**
- **商品经济繁荣**：交子、会子等纸币发行，市易法、免行钱等市场调控手段，体现政府经济管理能力。
- **文教兴盛**：雕版印刷普及，书院教育发展，理学体系形成，为后世留下丰富文化遗产。

## 二、结构性困境与历史局限

**1. 军事战略的被动性**
- **守内虚外**：为防武将专权，实行“更戍法”导致兵将不相习，战斗力削弱。
- **议和岁币**：澶渊之盟（1005年）、庆历增币（1042年）等以经济换和平，虽保百年稳定，却未能根本解决边患。

**2. 财政与冗官问题**
- **三冗危机**：冗兵、冗官、冗费导致财政支出膨胀，王安石变法试图开源节流，但因执行问题与反对派抵制而失败。
- **土地兼并**：不抑兼并政策虽促进商业资本流向土地，但加剧社会矛盾。

**3. 士大夫政治的局限**
- **党争内耗**：新旧党争从熙宁变法延续至北宋灭亡，政见分歧演变为意气之争，消耗政治资源。
- **务实倾向的负面效应**：过度强调“祖宗之法”，缺乏制度突破的勇气。

## 三、学术评价的演进与反思

现代史学界对宋朝的认知已从“积贫积弱”的单一叙事转向多元分析：
- **“宋代近世说”**：日本学者内藤湖南提出宋代已出现“近世”特征，如市民阶层兴起、城市经济繁荣。
- **“制度自信”**：邓小南等学者强调宋代制度建设的精细化与理性化。
- **全球史视角**：将其与同时期欧洲中世纪晚期比较，探讨宋元市场经济与早期全球化关系。

## 四、结论

宋朝政治呈现出“早熟而未完成”的特征：其制度创新为后世奠定基础，但军事与财政的结构性缺陷未能根本解决，反映出君主集权体制下“强干弱枝”的内在张力。对其评价需超越简单的褒贬，置于中华文明演进与全球比较的宏观框架中理解。

如需进一步探讨具体制度或人物，可提供更深入分析。 [end of text]


