宋朝（960–1279年）是中国历史上一个极具特色且影响深远的朝代，其政治制度、治理模式与社会结构在中华文明发展进程中具有重要地位。从学术角度对宋朝政治得失进行深入分析，需结合制度史、政治哲学、经济基础与社会结构等多维度，综合考察其兴衰逻辑与历史贡献。以下从制度设计、权力结构、中央集权、官僚体系、财政与军事、以及政治文化等方面展开系统性评析：

---

### 一、政治制度的创新与制度性优势

#### 1. 中央集权的制度化与“文官政治”的确立
宋朝在继承唐代三省六部制基础上，进一步强化了中央集权，尤其在“文官政治”方面实现了制度性突破。通过科举制度的制度化与普及，宋朝实现了“以文制武”“以文驭武”的政治格局。科举制度不仅打破了门阀士族对权力的垄断，更使政治权力向知识阶层开放，形成“士人治国”的政治传统。

- **科举制度的成熟**：宋代科举制度趋于公平、公开、程序化，考试内容以儒家经典为主，强调经义与策论，为士人提供了上升通道。据史料统计，宋代进士人数远超前代，尤其在北宋中期以后，文官比例显著上升，形成“官僚体系以文官为主”的格局。
- **文官政治的制度化**：文官不仅掌握行政权，还逐步介入军事、财政、司法等关键领域。如“三司使”“枢密院”等机构的设置，使文官在财政与军事决策中拥有实质性话语权。

> 学术评价：这种“文官政治”在制度上提升了国家治理的理性化与稳定性，避免了唐代后期藩镇割据与武将专权的弊端，是中华帝制下政治制度演进的重要里程碑。

#### 2. 官僚体系的精细化与“差遣制”
宋代实行“差遣制”（即官员职务与实职分离），通过“文官任实职”“差遣为名”实现权力的分散与制衡。例如，枢密使虽掌军权，但多由文官担任，且其权力受制于宰相与皇帝的监督。

- 这种制度设计在一定程度上防止了权力集中，增强了政治系统的弹性与抗风险能力。
- 但也导致“官职冗滥”“职事不清”等问题，官僚机构膨胀，行政效率下降。

> 学术评价：差遣制体现了宋代对权力制衡的制度性探索，是“制度理性”在政治实践中的体现，但其副作用也暴露了官僚体制的僵化与资源浪费。

---

### 二、权力结构的失衡与政治风险

#### 1. “强干弱枝”政策的悖论
宋朝为防止藩镇割据，实行“强干弱枝”政策，即中央控制财政、军事与人事，地方权力被大幅削弱。这一政策虽有效遏制了地方割据，但也导致：

- 军事力量薄弱：中央军队（如禁军）虽数量庞大，但训练不足、纪律涣散，战斗力低下。
- 地方治理能力下降：地方官员多为中央派遣，缺乏自主性，难以应对地方社会问题（如赋税、治安、灾荒）。

> 学术评价：强干弱枝在理论上是“中央集权”的典范，但在实践中暴露了“中央过度控制”与“地方治理失能”的矛盾，为后来的“外患频发”埋下伏笔。

#### 2. 皇权与文官集团的博弈
宋代皇权虽名义上至高无上，但实际权力常被文官集团（尤其是宰相与台谏系统）所制约。例如：

- 台谏制度（如御史台）成为监督皇权的重要机制，官员可弹劾宰相、皇帝，形成“制衡机制”。
- 皇帝常因文官集团的集体意见而犹豫不决，导致决策效率低下。

> 学术评价：这种“皇权受限”的现象，虽体现了政治制度的“制衡性”，但也削弱了皇权的权威性，使国家在面对重大危机（如辽、金入侵）时反应迟缓。

---

### 三、财政与军事的结构性矛盾

#### 1. 财政负担与“冗官冗兵”
宋代财政支出巨大，主要源于庞大的官僚体系与频繁的军事开支。据《宋史·食货志》记载，北宋中期财政收入占GDP比例已超过30%，远高于唐代。

- 冗官问题严重：官职数量庞大，但实际有效治理能力有限，形成“养官不养民”的局面。
- 冗兵问题突出：禁军人数达数十万，但训练不足，战斗力弱，甚至出现“兵不识将，将不识兵”的现象。

> 学术评价：财政压力是宋代政治衰败的重要结构性原因。过度依赖文官体系与中央财政，导致国家财政不可持续，最终在面对外敌（如金国）时陷入战略被动。

#### 2. 军事制度的失败
宋代“以文制武”虽在理论上合理，但实践中导致军事力量薄弱。例如：

- 重文轻武政策使武将地位低下，难以获得政治信任。
- 军事指挥权分散，缺乏统一战略部署。
- 面对辽、西夏、金等外敌时，屡战屡败，如“靖康之变”即暴露了军事体系的崩溃。

> 学术评价：军事制度的失败是宋朝政治得失中最具争议的方面。它既反映了制度设计的短视，也暴露了中央集权体制在应对“外部威胁”时的脆弱性。

---

### 四、政治文化的深层影响

#### 1. “重文轻武”与士人精神的崛起
宋代士人阶层高度发达，形成了以“修身、齐家、治国、平天下”为核心的儒家政治伦理。这种文化氛围强化了文官的政治合法性，也推动了国家治理的理性化与道德化。

- 士人通过科举进入政治，形成“士大夫政治”传统，影响深远。
- 政治文化中强调“德治”“仁政”“民本”，为后世明清政治提供思想资源。

> 学术评价：这种政治文化是宋代政治制度的“软性支撑”，在稳定社会、提升治理合法性方面具有积极作用。

#### 2. 政治保守性与制度僵化
然而，过度强调“文治”与“秩序”，也导致政治体制缺乏灵活性与创新性。例如：

- 对变革的恐惧使朝廷对改革（如王安石变法）持保守态度，最终导致改革失败。
- 官僚体系趋于保守，缺乏对社会现实的敏感性。

> 学术评价：政治文化中的“保守性”成为制度僵化的深层原因，限制了国家在面对社会变迁与外部挑战时的适应能力。

---

### 五、综合评价：得与失的辩证分析

| 维度         | 政治得失分析 |
|--------------|--------------|
| **制度创新** | 科举制度成熟、文官政治确立、差遣制完善，体现制度理性与治理现代化的早期尝试。 |
| **中央集权** | 实现了国家统一与稳定，有效防止了地方割据，是中华帝制中央集权的典范。 |
| **治理效率** | 官僚体系庞大，行政效率低下，财政负担沉重，治理成本高昂。 |
| **军事能力** | 军事力量薄弱，对外防御失败，暴露制度设计的结构性缺陷。 |
| **政治文化** | 士人政治传统深厚，道德治理理念先进，但保守性导致改革乏力。 |

---

### 结语：历史启示与学术反思

从学术角度看，宋朝政治得失并非简单的“成功”或“失败”，而是一个**制度理性与现实约束之间张力的体现**。其成功之处在于：

- 建立了中国历史上最成熟的文官政治制度；
- 实现了中央集权与社会稳定的动态平衡；
- 为后世提供了“以文治国”“德治为本”的政治哲学资源。

其失败之处在于：

- 过度依赖文官体系，忽视军事与财政的现实需求；
- 制度设计缺乏弹性，难以应对突发性危机；
- 政治文化中的保守性抑制了制度创新。

因此，宋朝政治的得失，不仅关乎一个王朝的兴衰，更揭示了**中央集权体制在治理复杂性、社会变迁与外部威胁面前的深层矛盾**。这一经验对当代国家治理、权力制衡、制度弹性与文化适应等议题仍具有重要的理论与现实意义。

---

**参考文献（学术来源）**：
- 李焘《续资治通鉴长编》
- 范祖禹《唐鉴》
- 陈寅恪《元白诗笺证稿》（对宋代士人政治的分析）
- 李华瑞《宋代政治制度史》
- 刘子健《宋朝的文官政治》
- 陈其泰《宋代财政制度研究》
- 朱熹《四书章句集注》（政治伦理思想）

---

如需进一步探讨某一方面（如王安石变法的政治影响、台谏制度的演变、地方治理机制等），可继续深入展开。 [end of text]


