宋朝政治得失：一个制度史视角的学术评估

一、引言：问题意识与方法论

对宋朝政治得失的评价，必须置于唐宋变革与宋元变革的双重历史语境中。传统史学往往以“积贫积弱”一言蔽之，但现代政治史研究（如David McMullen、John W. Chaffee、Paul Jakov Smith等）已揭示，宋代政治制度在“内忧外患”中实现了前所未有的理性化与专业化。本文采用制度史与政治文化史相结合的方法，从权力结构、官僚体系、财政-军事关系、意识形态四个维度，评估宋朝政治得失。

二、权力结构：皇权与士大夫的“共治”困境

1. 制度设计：二府三司与“分权制衡”
   - 二府（中书门下与枢密院）分掌民政与军政，三司（盐铁、度支、户部）掌财政，形成“三权分立”雏形。
   - 特点：皇权通过“差遣制”渗透官僚系统，如“知州”带“通判”监察，体现“以文制武”的祖宗家法。

2. 得失评估：
   - 得：防止了藩镇割据与宦官专权，实现“与士大夫治天下”的精英政治。
   - 失：过度分权导致行政效率低下，如王安石变法时，宰相与枢密院、三司的扯皮成为改革阻力（见《续资治通鉴长编》卷二六九）。

三、官僚体系：科举与“士大夫政治”的悖论

1. 科举制成熟：糊名法、誊录制、殿试制度化，使“取士不问家世”成为可能。
2. 官僚膨胀：仁宗朝“冗官”问题凸显，地方官缺达40%（《宋会要辑稿·职官》）。
3. 政治文化：士大夫以“言事”为责任，如包拯“铁面御史”形象，但“台谏”沦为党争工具（新旧党争）。

四、财政-军事关系：“积贫”与“积弱”的制度根源

1. 财政困境：
   - 冗官、冗兵、冗费导致“三冗”危机，仁宗朝岁入1.5亿缗，支出2.5亿缗（李焘《续资治通鉴长编》卷一六八）。
   - 王安石变法（青苗法、募役法）试图以国家资本主义手段解决，但引发“与民争利”争议。

2. 军事弱势：
   - 募兵制导致“兵多而弱”，仁宗朝禁军达125万，但战斗力低下（《宋史·兵志》）。
   - 边防策略：守内虚外，如“守河北不如守燕，守燕不如守辽”，暴露战略短视。

五、意识形态与政治文化：理学与“道统”的兴起

1. 程朱理学：以“天理”对抗“人欲”，为政治合法性提供新论证（如朱熹《大学章句集注》）。
2. 政治实践：理学士大夫（如司马光、朱熹）以“正君心”为政治目标，但导致“道学”与“政术”的紧张。

六、比较视角：与汉唐明清的对比

| 维度       | 宋朝                          | 汉唐                          | 明清                          |
|------------|-------------------------------|-------------------------------|-------------------------------|
| 皇权       | 与士大夫共治                  | 君主独裁                      | 君主独裁                      |
| 官僚体系   | 科举成熟，冗官严重            | 察举制，贵族政治              | 科举+密折，官僚机器僵化       |
| 财政       | 国家资本主义萌芽              | 人头税为主                    | 地丁银，财政僵化              |
| 军事       | 守内虚外，积弱                | 府兵制→节度使                  | 八旗+绿营，闭关锁国           |

七、结论：宋朝的“现代性”与“历史局限性”

宋朝政治得失的核心在于：它率先完成了从“贵族政治”向“官僚政治”的转型，却未能解决“现代国家”的财政-军事困境。其制度创新（如科举、纸币、司法独立）具有世界意义，但“守内虚外”的战略与“三冗”危机最终导致了“靖康之耻”。宋朝的政治文明，是一部“高度理性化但脆弱”的制度实验，其得失为后世提供了“中央集权与地方活力如何平衡”的永恒命题。

（注：本文参考文献包括《续资治通鉴长编》《宋史》《宋代财政与货币政策研究》等，采用定量与定性相结合的方法，避免“历史终结论”或“复古主义”的极端立场。） [end of text]


