宋朝（960-1279年）是中国历史上一个极具特色的朝代，其政治制度在继承前代的基础上进行了深刻变革，既展现出高度的中央集权与制度创新，也暴露出结构性矛盾与治理困境。从学术角度评价宋朝政治的得失，需结合其制度设计、权力结构、社会治理及历史影响展开分析。

### **一、制度创新：中央集权的强化与行政效率的提升**
1. **分权制衡的官僚体系**  
   宋朝通过“二府三司制”（中书门下、枢密院、三司）分割相权，形成行政、军事、财政三权分立的格局。这一设计虽削弱了宰相权力，但通过专业化分工提高了行政效率。例如，三司使专管财政，使中央对地方财权的控制达到前所未有的程度，有效遏制了唐末五代以来藩镇割据的经济基础。

2. **科举制度的完善与士大夫政治**  
   宋朝扩大科举取士规模，取消门第限制，使寒门子弟得以进入仕途。这一政策不仅促进了社会流动，更构建了以文官为核心的统治集团。士大夫阶层通过“与天子共治天下”的理念，形成了对皇权的间接制约（如台谏制度），推动了政治文化的理性化。

3. **地方治理的精细化**  
   宋朝在地方实行路、州、县三级制，路级机构设转运使（财权）、提点刑狱司（司法）、安抚使（军权）等，形成相互牵制的体系。同时，通过“监司互察”制度强化中央对地方的监控，避免了地方势力坐大。

### **二、结构性矛盾：权力过度集中与治理困境**
1. **强干弱枝的军事政策**  
   宋朝实行“更戍法”，导致兵将分离，军队战斗力下降。同时，将地方精兵收归中央禁军，虽削弱了藩镇，却使中央财政负担加重，形成“冗兵”问题。此外，重文轻武的国策导致武将地位低下，军事人才匮乏，最终在对外战争中屡屡失利。

2. **财政危机的累积**  
   宋朝通过扩大科举、增设官僚机构（如“冗官”）以及养兵政策，导致财政支出激增。为弥补亏空，政府不得不依赖商业税（如市舶司）和货币化财政（如交子），但土地兼并严重（“不抑兼并”政策）导致农民破产，流民问题加剧，进一步削弱了国家基层控制力。

3. **台谏制度的异化**  
   台谏系统本为监督百官、制约皇权而设，但在宋朝后期逐渐沦为党争工具。士大夫集团通过台谏弹劾政敌，导致政治生态恶化，行政效率低下。例如，北宋新旧党争中，台谏成为攻击异己的武器，政策连续性被破坏。

### **三、社会治理：基层控制与民生政策的双重性**
1. **保甲法与基层动员**  
   宋朝通过保甲法将民间自卫组织纳入国家体系，既加强了基层控制，也减轻了中央养兵压力。但保甲制在实施中因苛捐杂税引发民怨，成为社会矛盾的导火索。

2. **社会福利的初步尝试**  
   宋朝设立福田院、居养院等机构收容流民，建立世界上最早的官方救济体系。同时，通过常平仓、义仓调节粮食价格，缓解灾荒影响。这些政策体现了国家对民生的关注，但受财政限制，覆盖范围有限。

3. **法律制度的理性化**  
   《宋刑统》继承唐律，但更注重实际执行中的灵活性。宋朝还首创“翻异别勘”制度，允许死刑案件复核，体现了司法程序的进步。然而，法律执行中仍存在官吏贪腐、司法不公等问题。

### **四、历史影响：制度遗产与治理教训**
1. **对后世制度的深远影响**  
   宋朝的中央集权模式为明清两代所继承，其科举制度、文官体系成为后世官僚政治的范本。同时，宋朝的财政货币化尝试（如纸币发行）为元明清的货币经济奠定了基础。

2. **治理困境的警示意义**  
   宋朝的“冗官、冗兵、冗费”问题揭示了过度集权与行政效率的矛盾。其军事失败（如靖康之变）表明，单纯依靠制度设计而忽视实际效能的改革终将失败。此外，士大夫政治的局限性（如党争内耗）也为后世提供了反思案例。

### **结论：制度创新与治理成本的平衡**
宋朝政治的得失本质上是制度创新与治理成本之间的博弈。其通过分权制衡、科举扩招等措施构建了高度中央集权的官僚体系，但过度集权导致的效率低下、财政危机和社会矛盾，最终削弱了国家韧性。从学术视角看，宋朝政治的价值在于它揭示了制度设计需兼顾权力约束与行政效能、中央控制与地方活力、精英治理与民生需求的复杂性。这一经验对理解现代国家治理仍具有借鉴意义。 [end of text]


