==========
好的，我们从学术角度对宋朝（960-1279年）的政治得失进行一次深入、系统的分析。评价宋朝政治，不能简单地以“好”或“坏”来论断，而应将其置于中国历史发展的长河中，考察其制度设计的初衷、实际运作的效果、以及带来的深远影响。

宋朝政治的核心特征可以概括为**“与士大夫共治天下”**的文官政治体系。这一体系既是其辉煌成就的根源，也是其最终走向衰败的内在原因。

---

### **一、 宋朝政治的“得”：制度创新与文治昌盛**

宋朝政治的“得”主要体现在其成熟、精密且富有创造性的制度设计上，这些设计旨在吸取前代教训，尤其是唐末五代的藩镇割据和宦官专权。

#### **1. 权力制衡的极致：中央集权的强化与“分化事权”**

这是宋代政治设计的基石。宋太祖赵匡胤通过“杯酒释兵权”等一系列举措，彻底改变了唐末五代以来“兵强马壮者为天子”的局面。

*   **军事上：**
    *   **“兵不识将，将不识兵”**：实行更戍法，定期调动禁军将领，使其与军队分离，防止将领拥兵自重。同时，设立枢密院管调兵权（发兵之权），三衙管管军队（握兵之权），二者相互牵制，皇帝最终掌握最高军事决策权。
    *   **“强干弱枝，守内虚外”**：精锐禁军驻守京师（开封），地方厢军多为役兵，战斗力低下。这有效防止了地方叛乱，但也导致对外战争（尤其是对辽、西夏）时，前线将领缺乏足够的自主权和精锐兵力。

*   **行政上：**
    *   **“二府三司”制**：将宰相的权力一分为三。中书省管行政（决策），枢密院管军事（调兵），三司（盐铁、度支、户部）管财政。宰相不再是“一人之下，万人之上”的独相，其权力被分割，皇帝得以总揽大权。
    *   **地方分权**：在州府一级，设知州（行政）、通判（监察）、转运使（财政）等多个相互制衡的官员，防止地方长官权力过大。

*   **评价**：这种“分化事权”的权力制衡体系，**成功地解决了自唐中叶以来困扰中央的藩镇、宦官、外戚三大问题**，实现了高度的中央集权，为社会经济的长期稳定发展提供了政治保障。这是宋代“得”的核心所在。

#### **2. “与士大夫共治天下”：文官政治的成熟**

宋代确立了“皇帝与士大夫共治天下”的政治格局，极大地提升了文官的地位和作用。

*   **科举制度的完善**：宋代科举取士规模空前，录取名额远超前代，真正实现了“取士不问家世”。这使得大量平民知识分子有机会进入统治阶层，打破了魏晋以来的门阀士族垄断，极大地促进了社会阶层的流动。
*   **台谏制度的活跃**：宋代给事中（负责封驳诏书）、御史（负责弹劾百官）等言官权力极大，可以“风闻言事”，直接批评皇帝和宰相。虽然有时会导致党争，但客观上形成了一种强有力的政治监督机制，在一定程度上约束了君权和相权的滥用，有助于澄清吏治。
*   **评价**：文官政治的成熟，**催生了灿烂的文化和科技成就**。士大夫阶层拥有较高的文化素养和政治抱负，他们主导的政府更倾向于通过文教、经济手段而非暴力手段解决问题。宋代的经济、科技、文化、教育都达到了中国古代的顶峰，这与文官政治的推动密不可分。

#### **3. “藏富于州县”与“不抑兼并”的经济政策**

宋代政治对经济采取了相对宽松和自由的态度。

*   **财政制度**：宋代建立了极为精细的会计和审计制度（如三司会计司），国家财政管理非常规范。虽然“三冗”（冗官、冗兵、冗费）问题严重，但其财政收入的绝对额在中国古代是首屈一指的。
*   **土地政策**：宋代官方奉行“不抑兼并”的政策，允许土地自由买卖。这虽然加剧了土地兼并和贫富分化，但**极大地解放了生产力**，促进了租佃关系的发展，农民对地主的人身依附关系减弱，可以自由流动，从而为手工业和商业的繁荣提供了大量劳动力。
*   **评价**：这些经济政策是宋代成为当时世界上最富庶、最繁华国家的重要原因。开封、临安等百万人口级大都市的出现，以及海外贸易的兴盛（市舶司收入巨大），都得益于这种相对自由的经济环境。

---

### **二、 宋朝政治的“失”：制度僵化与积贫积弱**

宋代政治的“得”与“失”是一体两面。其高度集权和文官政治的内在缺陷，也导致了其致命的弱点。

#### **1. “积贫积弱”：制度成本的必然产物**

宋代“积贫积弱”是其政治制度最直接的恶果。

*   **“积贫”的根源**：
    1.  **“冗费”**：庞大的官僚机构（“冗官”）和常备军（“冗兵”）消耗了国家绝大部分财政收入。据统计，北宋军费开支常年占总支出的70%-80%。
    2.  **“冗官”**：科举取士虽广，但官员数量激增，且升迁缓慢，导致官员队伍臃肿，行政效率低下。
    3.  **“恩荫”制度**：高级官员可以荫补子孙亲属为官，进一步加剧了官僚队伍的膨胀。
    *   **评价**：宋代并非真的“贫”，其GDP总量和商业繁荣程度都极高，但**国家财政被内耗性的“冗费”严重拖累**，导致在面对外部威胁时捉襟见肘，无法进行长期、大规模的战争投入。

*   **“积弱”的根源**：
    1.  **军事指挥体系的僵化**：“将不识兵，兵不识将”的防内措施，严重削弱了军队的战斗力和指挥效率。前线将领无法根据战场情况灵活调动军队，事事需请示朝廷，常常贻误战机。
    2.  **“重文轻武”国策**：宋代皇帝对武将极度猜忌，奉行“以文制武”的原则。武将地位低下，即使立下战功也常受文官掣肘和猜忌。这种国策虽然保证了内部稳定，但也**压抑了尚武精神**，导致军队战斗力普遍不强。
    3.  **募兵制的弊端**：宋代实行募兵制，士兵多为破产农民、流民甚至无赖，缺乏保家卫国的荣誉感，战斗力参差不齐。军队成为了一种“维稳”工具，而非对外扩张的工具。
    *   **评价**：宋军的“弱”是制度性的。其设计的首要目标是“防内”，而非“御外”，这使其在与辽、西夏、金等强大对手的战争中长期处于守势，屡战屡败，最终偏安一隅。

#### **2. 党争激烈：文官政治的副产品**

宋代台谏制度活跃，本是政治监督的体现，但也演变为党争的工具。

*   **新旧党争**：以王安石为首的“新党”和以司马光为首的“旧党”之间的斗争，是宋代最著名的党争。双方在变法问题上立场对立，互相攻讦，将国家政策变成了党派斗争的筹码。
*   **评价**：党争严重**撕裂了统治集团**，导致国策摇摆不定，人才内耗。当国家面临外部危机时，统治集团内部仍在内斗，无法形成合力，加速了北宋的灭亡。南宋时期的“绍兴和议”后的秦桧专权，以及后来的“庆元党禁”，都是党争激化的恶果。

#### **3. 制度僵化与改革困境**

宋代的政治制度在初期非常有效，但随着时间的推移，日益变得僵化，难以适应新的社会变化。

*   **“祖宗之法”的束缚**：宋代统治者非常尊崇“祖宗之法”，将其视为治国圭臬。任何重大的改革（如王安石变法）都会被视为对“祖宗之法”的挑战，遭到既得利益集团（旧党）的强烈反对。
*   **评价**：对“祖宗之法”的过度迷信，**扼杀了制度创新和自我革新的能力**。当制度运行出现问题时，统治者倾向于修补而非重构，导致问题越积越多，最终积重难返。

---

### **三、 总结与学术定位**

综合来看，对宋朝政治的评价应是辩证的：

1.  **从“内政”角度看，宋代是一个成功的典范。** 它成功地构建了一个稳定、高效（初期）、文治昌盛的文官政府。其权力制衡的设计、科举制度的完善、经济政策的开放，都达到了中国古代政治文明的顶峰。宋代社会经济的繁荣、文化的灿烂，无不建立在这一成功的内政基础之上。

2.  **从“外交”和“国防”角度看，宋代是一个失败的案例。** 其“守内虚外”和“重文轻武”的国策，导致了军事上的
==========
Prompt: 26 tokens, 145.344 tokens-per-sec
Generation: 2048 tokens, 49.912 tokens-per-sec
Peak memory: 60.603 GB
