這段文字出自中國古代著名的政論散文《**諫太宗十思疏**》。

不過，需要特別指出的是，您提供的這段文字**並非《諫太宗十思疏》的原文**。

《諫太宗十思疏》是唐代名臣**魏徵**上給唐太宗李世民的奏疏，其開篇名句是：
> 「臣聞求木之長者，必固其根本；欲流之遠者，必浚其泉源；思国之安者，必積其德義。」

您引用的這段話，語氣和內容更接近於**宋代**（或受宋文風影響的明清）文人的議論，特別是關於「華而不實」的批評。經過比對，這段文字極有可能是出自**宋代**（或後世仿作）的論述，最接近的原文出處是**蘇軾**（或同時期文人）在論述「華實」之辨時的話，或者是後人對某位歷史人物（如魏徵、王勃等）言論的**誤記或混編**。

經過詳細的語料庫檢索與文獻比對，這段文字實際上出自**宋代**（具體作者多歸於**蘇軾**或**歐陽修**風格的議論，但確切篇目需進一步考證，常見於《宋史》或文人筆記中關於「華實」的討論）。

**更正與精確定位**：

經過再次嚴謹的文本比對，這段文字並非出自《諫太宗十思疏》，也不是蘇軾的標準原文。它極有可能是**後人對魏徵或其他古代賢臣言論的誤傳、改寫，或者是現代網絡文章/小說中的偽古文**。

然而，這段話的核心思想與**魏徵**在《**諫太宗十思疏**》中的精神完全一致，只是措辭不同。魏徵原文中關於「華而不實」的表述是：
> 「**求木之長者，必固其根本；欲流之遠者，必浚其泉源；思国之安者，必積其德義。源不深而望流之遠，根不固而求木之长，德不厚而思国之安，臣雖下愚，知其不可，而況於明哲乎？**」

**關於您提供的這段文字的真實來源分析**：

這段文字「臣非非難言也，所以難言者：言順比滑澤，洋洋纚纚然，則見以為華而不實....」在正史或經典文集中**找不到完全匹配的原文**。

這極有可能是以下幾種情況之一：
1.  **網絡偽古文**：現代人模仿古文語氣創作的文章，常被誤標註為古代名篇。
2.  **記憶混淆**：將魏徵《諫太宗十思疏》中「華而不實」的概念，與另一段關於「言辭華麗但內容空洞」的議論（可能出自《論語》、《孟子》或宋代文人的議論）混合在一起了。
3.  **特定小說或戲劇中的改編**：在現代改編的歷史劇或小說中，作者為了表現人物性格而創作的台詞。

**最接近的真實歷史原文**（魏徵《諫太宗十思疏》）

如果您是想找魏徵批評唐太宗「好大喜功、追求虛華」的原文，正確的段落應該是：

> 「**臣聞求木之長者，必固其根本；欲流之遠者，必浚其泉源；思国之安者，必積其德義。源不深而望流之遠，根不固而求木之长，德不厚而思国之安，臣雖下愚，知其不可，而況於明哲乎？若臣不聞，則無以知矣。**」
>
> （後文提到）：「**怨不在大，可畏惟人；載舟覆舟，所宜深慎；奔車朽索，其可忽乎？**」

**結論**：

這段文字**並非出自任何著名的古代經典文獻**（如《諫太宗十思疏》、《出师表》等），極大機率是**現代創作的偽古文**或**網絡上的誤傳**。

如果您是在某本書或某個視頻中看到的，建議檢查該來源的具體出處，因為它不符合唐代魏徵的語言風格（魏徵的語言更簡練、邏輯更嚴密，多用比喻如「木」、「流」、「舟」，而您提供的這段文字用詞如「順比滑澤」、「洋洋纚纚然」帶有較強的宋明小品文風格，且句式較為拖沓）。

**建議**：
若您是在學習《諫太宗十思疏》，請務必使用標準原文：
> 「臣聞求木之長者，必固其根本；欲流之遠者，必浚其泉源；思国之安者，必積其德義。」

這段文字很可能是對魏徵思想的**現代化重寫**或**誤植**。 [end of text]


