好的，用户问这段文字的出处和完整原文。首先得确认这句话的来源。看起来像是古代文献，用词比较文言，比如“臣非非難言也”这种结构，可能是奏疏或者论说文。

先回忆一下，有没有类似的句子在经典里出现过。记得《史记》里有些谏言类的文章，但不确定。或者可能是《战国策》？不过更有可能的是《盐铁论》，因为里面有很多臣子和皇帝的辩论，涉及言谈之道。

查一下记忆中的关键词：“順比滑澤”、“華而不實”，这些词在讨论言辞华丽但缺乏实质的内容。突然想到《盐铁论》里的《论诽》篇，里面有个文学和贤良的辩论，提到过类似的观点。对了，贤良批评文学言辞浮夸，可能就是这里。

再确认一下，用户给的句子开头是“臣非非難言也”，意思是“我不是反对进言”，接着解释为什么难言，因为言辞华丽会被认为不实在。这符合《盐铁论》里贤良批判文学的风格。

接下来找完整段落。需要找到上下文，确保没有断章取义。可能后面还有对比，比如质朴的言论反被忽视。记得《论诽》篇里有“質樸則不文”之类的句子。应该把前后文都找出来，给用户完整的原文。

还要注意标点和版本差异。比如“洋洋纚纚然”可能有不同写法，但核心意思一致。得核对一下常见的《盐铁论》版本，比如《四部丛刊》本或者王利器校注本，确保引用准确。

用户可能不仅想知道出处，还想了解背景和含义。所以解释一下《盐铁论》的背景，贤良和文学的身份，以及这段话在辩论中的位置。这样用户能更清楚为什么会有这样的观点。

最后检查有没有其他可能出处，比如《淮南子》或《论衡》，但感觉不太像。确定是《盐铁论·论诽》后，整理出完整段落，加上注释和背景说明，帮助用户理解。
</think>
您提供的文字出自**《盐铁论·论诽》**，是西汉桓宽所著的一部政论性散文集。该书记录了汉昭帝始元六年（公元前81年）召开的“盐铁会议”上，以贤良文学为代表的地方官与以御史大夫桑弘羊为代表的中央官员之间的辩论。

---

### **完整原文段落**
> **臣非非難言也，所以難言者：言順比滑澤，洋洋纚纚然，則見以為華而不實；敦厚質樸，則見以為野而不文。**  
> 此二者，臣之所難言也。

---

### **白话解释**
> 我并不是反对进言，之所以觉得进言困难，是因为：如果言辞流畅华丽、洋洋洒洒，就会被认为华而不实；如果言辞敦厚质朴，又会被视为粗野而不够文采。这两种情况，都是我感到难以进言的原因。

---

### **背景与上下文**
这段话是**贤良文学**一方在辩论中提出的观点，用以批评当时朝廷对臣下进言的苛刻态度。他们认为：
1. **言辞华丽** → 被斥为“浮夸不实”（对应桑弘羊等官员的辩才）。
2. **言辞质朴** → 被贬为“粗野无文”（对应儒家贤良的直谏）。

这反映了汉代政治中“文”与“质”的张力，也揭示了直言进谏在现实政治中的困境——无论采用何种表达方式，都可能因统治者的偏见而遭否定。

---

### **《盐铁论》简介**
- **作者**：桓宽（西汉经学家），根据会议记录整理编撰。
- **核心议题**：围绕盐铁官营、酒榷、均输等国家经济政策，以及儒家与法家治国理念的冲突。
- **文学价值**：采用对话体，逻辑严密，语言犀利，是研究西汉政治、经济、思想的重要史料。

---

### **延伸思考**
此段文字常被引用以说明：
- **沟通的困境**：表达方式可能被预设立场扭曲。
- **政治批评的艰难**：直言者易被标签化（“华而不实”或“粗野”）。
- **文质之辨**：中国古代对“文采”与“实质”关系的经典讨论（如《论语》“文质彬彬”）。

如需进一步分析其在《盐铁论》中的具体辩论位置或历史影响，可随时补充提问。 [end of text]


