這段文字出自戰國時期思想家**韓非**所著的《**韓非子**》，具體篇目為《**難言**》（又稱《難言篇》）。

這篇文章是韓非子向韓王（或泛指君主）陳述自己為何難以進言的自白。他詳細列舉了各種進言方式（如過於華麗、過於嚴肅、過於直率等）可能招致的誤解與災禍，以此諷刺當時君主聽信讒言、難以辨別忠奸的現實，也表達了法家思想在當時推行之艱難。

以下是《韓非子·難言》中該段落的**完整原文**：

> 臣非非難言也，所以難言者：言順比滑澤，洋洋纚纚然，則見以為華而不實；
> 言切直則見以為不遜；
> 言深則見以為迂；
> 言淺則見以為陋；
> 言多則見以為煩；
> 言少則見以為不盡；
> 言高則見以為傲；
> 言卑則見以為賤；
> 言強則見以為暴；
> 言弱則見以為怯；
> 言勇則見以為輕；
> 言怯則見以為懦；
> 言智則見以為詐；
> 言愚則見以為鈍；
> 言辯則見以為誕；
> 言默則見以為瞽；
> 言直則見以為讒；
> 言曲則見以為諂；
> 言信則見以為愚；
> 言詐則見以為賊；
> 言忠則見以為讒；
> 言讒則見以為忠；
> 言善則見以為惡；
> 言惡則見以為善。
>
> 故曰：「難言」者，非難言也，難於言也。

**註解與背景補充**：
*   **「順比滑澤，洋洋纚纚然」**：形容說話順暢、圓滑、滔滔不絕的樣子。韓非認為如果這樣說話，君主會覺得你華而不實。
*   **核心思想**：韓非子通過排比句式，極盡描繪了「進言之難」。無論怎麼說，都會被君主誤解。這反映了戰國末期法家學者在政治環境中如履薄冰的處境，也暗示了君主若無明察秋毫之能，忠臣良將難以施展抱負。
*   **版本差異**：不同版本的《韓非子》在個別字詞上可能略有出入（如「讒」與「讒」的用法），但整體結構與內容一致。上述引文為通行的標準版本。 [end of text]


