這段文字出自戰國時期法家代表人物**韓非**的著作**《韓非子》**，具體篇目為**《難言》**篇。

這篇文章是韓非上奏給君王（傳統認為是秦王政，即後來的秦始皇）的奏章，旨在闡述臣子向君王進言的困難與風險，以及君王應有的聽言態度。

以下是該段落的完整原文：

### 完整原文

> 「臣非非難言也，所以難言者：言順比滑澤，洋洋纚纚然，則見以為華而不實；敦祗恭厚，鯁固慎完，則見以為拙而不倫；多言繁稱，連類比物，則見以為虛而無用；總微說約，徑省而不飾，則見以為刿而不辯；激急親近，探知人情，則見以為僭而不讓；閎大廣博，妙遠不測，則見以為夸而無用；家計小談，以具數言，則見以為陋；言而近世，辭不悖逆，則見以為貪祿而諛；言而遠俗，詭躁人間，則見以為誕；捷敏辯給，繁於文采，則見以為史；殊釋文學，以質信言，則見以為鄙；時稱詩書，道法往古，則見以為誦。此臣非之所以難言也。」

### 白話譯文（供參考）

並不是我非要以進言為難，之所以進言困難，是因為：
如果言辭順理成章、流暢潤澤，洋洋灑灑，就會被認為是華而不實；
如果言辭誠懇恭敬、剛直穩重，就會被認為是笨拙而不合時宜；
如果廣徵博引、連類比喻，就會被認為是虛妄而無用處；
如果直截了當、簡略而不加修飾，就會被認為是尖刻而不通情理；
如果言辭激切、觸及隱私，就會被認為是僭越而不謙讓；
如果言辭宏大廣博、深遠莫測，就會被認為是誇大而無用；
如果只談家常瑣事、具體細節，就會被認為是淺陋；
如果言辭切合時俗、不違背常情，就會被認為是貪圖俸祿、阿諛奉承；
如果言辭遠離世俗、驚世駭俗，就會被認為是荒誕不經；
如果言辭敏捷善辯、文采斐然，就會被認為是虛浮不實（像掌管文書的史官）；
如果捨棄文飾、直白質樸，就會被認為是粗鄙；
如果時常引用《詩經》、《尚書》、稱道古代法度，就會被認為是死背書本。
這就是我（韓非）認為進言困難的原因。

### 解析
韓非在這段話中列舉了「十二種」進言可能遭遇的誤解。他感嘆無論臣子採取何種表達方式（無論是華麗、樸實、廣博、簡約、激切或委婉），都可能因君王的主觀好惡而被曲解，導致進言者動輒得咎，以此說明向君王進言的高風險與高難度。 [end of text]


