這段文字出自中國戰國時期法家代表人物**韓非**所著的《**韓非子**》，具體篇章為《**難言**》（全篇名為《難言》）。

這篇文章是韓非寫給當時的君主（一般認為是韓非向韓王進諫時所作，或為其早期作品），旨在闡述臣子向君主進言的困難。韓非列舉了各種情況，說明無論臣子如何說話（無論是順從、嚴肅、簡潔還是繁複），都容易被君主誤解或排斥，從而表達了「進言難」的悲嘆。

### 段落完整原文

您提供的片段位於文章開頭部分。以下是該段落的完整原文（包含您引用的部分及前後文）：

> **臣非非難言也，所以難言者：言順比滑澤，洋洋纚纚然，則見以為華而不實；敦祗恭厚，鯁固慎完，則見以為掘而不倫；多言繁稱，連類比物，則見以為虛而無用；總微說約，徑省而不飾，則見以為刿而不辯；激急親近，探知人情，則見以為譎而不讓；閎大廣博，妙遠不測，則見以為夸而無用；家計小談，以具數言，則見以為陋；言而近世，辭不悖逆，則見以為貪生而諛上；言而遠俗，詭躁人間，則見以為誕；捷敏辯給，繁於文采，則見以為史；殊釋文學，質樸無文，則見以為鄙；言而時至，則見以為後；言而時不至，則見以為先**。
>
> **故曰：難言也。然則臣之難言，豈獨臣之罪哉？君之不明也**。

### 白話文大意（輔助理解）

這段話的大意是：
「我韓非並不是認為進言很難，之所以說進言難，是因為：
如果說話順從圓滑、滔滔不絕，就會被認為華而不實；
如果說話敦厚恭敬、堅固謹慎，就會被認為粗魯不合邏輯；
如果說話多而繁雜、引經據典，就會被認為虛無無用；
如果說話精簡扼要、直指核心，就會被認為尖刻而不善辯；
如果說話急切親近、探測人情，就會被認為狡詐而不謙讓；
如果說話宏大廣博、深奧莫測，就會被認為誇大無用；
如果只談家常小事、列舉數字，就會被認為淺陋；
如果說話貼近世俗、不違逆君意，就會被認為貪生怕死且阿諛奉承；
如果說話遠離世俗、詭譎於人間，就會被認為荒誕；
如果說話敏捷善辯、文采斐然，就會被認為像史官一樣囉嗦（或指像史官一樣只記事實而無主見）；
如果拋棄文學修飾、質樸無華，就會被認為鄙陋；
如果說話時機恰當，就會被認為落後；如果說話時機未到，就會被認為太早。

所以說：進言真的很難啊。那麼，臣子進言困難，難道只是臣子的罪過嗎？其實是君主不夠英明啊。」

### 背景補充
《難言》篇是韓非子非常著名的一篇，它不僅展示了韓非高超的辯論技巧，也深刻揭示了封建專制體制下，臣子與君主之間溝通的極大障礙。韓非後來確實因為進言不被採納，最終在秦國被李斯陷害致死，這使得這篇文章更顯得具有悲劇色彩。 [end of text]


