<seed:think>
用户现在需要找一段文字的出处，内容是“「敢問何謂浩然之氣？」 曰：「難言也。其為氣也，至大至剛，以直養而無害...”。首先，我记得“浩然之气”是孟子里的概念，应该出自《孟子》。

首先，回忆孟子的篇章，《公孙丑章句上》里面有公孙丑问孟子浩然之气的内容，对吧？原句应该是公孙丑问“敢问夫子恶乎长？”然后孟子说“我知言，我善养吾浩然之气”，接着公孙丑就问“敢问何谓浩然之气？”孟子回答“难言也。其为气也，至大至刚，以直养而无害，则塞于天地之间。其为气也，配义与道；无是，馁也。是集义所生者，非义袭而取之也。行有不慊于心，则馁矣。”

所以用户给的这段是开头，完整的原文应该是从公孙丑提问开始，到孟子的回答。需要确认篇名，《孟子·公孙丑上》，这是没错的。然后完整的段落应该包括上下文：公孙丑先问孟子的长处，孟子说知言和养浩然之气，然后公孙丑问何谓浩然之气，孟子回答那段话。

用户的问题是“出自哪里”，所以回答《孟子·公孙丑章句上》，然后“段落完整的原文”就是从“敢问何谓浩然之气？”开始，到孟子的完整回答。需要把原文补全，比如“难言也。其为气也，至大至刚，以直养而无害，则塞于天地之间。其为气也，配义与道；无是，馁也。是集义所生者，非义袭而取之也。行有不慊于心，则馁矣。”可能用户给的句子没结束，所以完整的就是这些。

还要注意，可能用户的引文是繁体，所以原文也要用繁体或者注明，但通常引用孟子用通行的版本，比如《四书章句集注》里的版本。确认一下，没错，这段确实在《公孙丑上》，是孟子与公孙丑的对话。</seed:think>这段文字出自**《孟子·公孙丑章句上》**，是孟子与弟子公孙丑关于“浩然之气”的著名论辩。


### **段落完整原文**（节选核心对话）：  
公孙丑问曰：“夫子加齐之卿相，得行道焉，虽由此霸王，不异矣。如此，则动心否乎？”  
孟子曰：“否。我四十不动心。”  
曰：“若是，则夫子过孟贲远矣？”  
曰：“是不难，告子先我不动心。”  
曰：“不动心有道乎？”  
曰：“有。北宫黝之养勇也：不肤挠，不目逃，思以一豪挫于人，若挞之于市朝；不受于褐宽博，亦不受于万乘之君；视刺万乘之君，若刺褐夫；无严诸侯，恶声至，必反之。孟施舍之所养勇也，曰：‘视不胜犹胜也；量敌而后进，虑胜而后会，是畏三军者也。舍岂能为必胜哉？能无惧而已矣。’孟施舍似曾子，北宫黝似子夏。夫二子之勇，未知其孰贤，然而孟施舍守约也。昔者曾子谓子襄曰：‘子好勇乎？吾尝闻大勇于夫子矣：自反而不缩，虽褐宽博，吾不惴焉；自反而缩，虽千万人，吾往矣。’孟施舍之守气，又不如曾子之守约也。”  
曰：“敢问夫子之不动心与告子之不动心，可得闻与？”  
“告子曰：‘不得于言，勿求于心；不得于心，勿求于气。’不得于心，勿求于气，可；不得于言，勿求于心，不可。夫志，气之帅也；气，体之充也。夫志至焉，气次焉；故曰：‘持其志，无暴其气。’”  
“既曰‘志至焉，气次焉’，又曰‘持其志，无暴其气’者，何也？”  
曰：“志壹则动气，气壹则动志也。今夫蹶者趋者，是气也，而反动其心。”  
“敢问夫子恶乎长？”  
曰：“我知言，我善养吾浩然之气。”  
**“敢问何谓浩然之气？”**  
曰：**“难言也。其为气也，至大至刚，以直养而无害，则塞于天地之间。其为气也，配义与道；无是，馁也。是集义所生者，非义袭而取之也。行有不慊于心，则馁矣。我故曰，告子未尝知义，以其外之也。必有事焉，而勿正，心勿忘，勿助长也。无若宋人然：宋人有闵其苗之不长而揠之者，芒芒然归，谓其人曰：‘今日病矣！予助苗长矣！’其子趋而往视之，苗则槁矣。天下之不助苗长者寡矣。以为无益而舍之者，不耘苗者也；助之长者，揠苗者也，非徒无益，而又害之。”**  


### 关键说明：  
“浩然之气”是孟子思想的核心概念，指一种由“义”与“道”长期积累（“集义所生”）而成的、至大至刚的精神力量，需“以直养而无害”（用正直去培养，不伤害它），若违背道义则会“馁”（萎缩）。这段对话集中体现了孟子对“修身养性”的深刻见解。 [end of text]


