好的，我們來分析這句現代創作，並創作類似的句子。

**「多情自古空餘恨，此恨綿綿無絕期」的來源與解析**

這句詩詞明顯是模仿李煜的《虞美人》：

> 春花秋月何時了？往事知多少。
> 小樓昨夜又東風，故林懷舊，淚沾紅帕。
> 鬥酒十杯君莫笑，古來多情苦。
> 欲說還休，還休卻道「天涯何處無芳草」？
> 牆角數枝梅，凌寒獨自開。
> 遙知不是雪，為春待。
> 花落知多少，春風拂柳。
> 恨春風，恨春風，吹落花人無數。

尤其是後兩句「古來多情苦，欲說還休，還休卻道『天涯何處無芳草』？」與「多情自古空餘恨，此恨綿綿無絕期」的意境非常接近。

*   **「多情自古空餘恨」**：直接化用了「古來多情苦」的意境，將「苦」轉化為「恨」，更強調情感的遺憾和空虛。
*   **「此恨綿綿無絕期」**：承接前句的恨意，表達這種情感無止境、無解脫的持續性。

這句現代創作帶有調侃成分，可能是因為作者將李煜的深沉悲傷轉化為一種略帶自嘲的感慨，或者用來形容一些無可挽回的愛情或人生的遺憾。

**類似句子的創作（重點：古典氣息，可搭配古詩詞）**

以下提供幾組類似的句子，並說明搭配的古詩詞來源：

**1. 借用杜甫《春望》意境，感時傷懷：**

> 國破山河空在目，離人故地獨憑欄。
> 烽火連三月，此愁無盡，莫問人間。
> （搭配《春望》：國破山河在，城春草木深。感時花濺淚，恨別鳥驚心。）

**2. 借用柳永《雨霖鈴》意境，訴說離別之苦：**

> 寒雨濕透紗窗外，舊時歡笑夢難圓。
> 燈花照孤影，此情難訴，空對無眠。
> （搭配《雨霖鈴》：寒雨連天，夜闌更闌。燈花照徹，紗窗外，疏影零亂。）

**3. 借用蘇軾《水調歌頭》意境，表達人生無常：**

> 明月幾時有？把酒問青天。
> 人生如逆旅，此恨無窮，何時歸還？
> （搭配《水調歌頭》：明月幾時有？把酒問青天。不知天上宮闕，今夕是何年。）

**4. 借用辛棄疾《青玉案·元夕》意境，感嘆錯過的時光：**

> 東風夜放花千樹，更吹落，星如雨。
> 韶華易逝，此恨綿長，無人可訴。
> （搭配《青玉案·元夕》：東風夜放花千樹。更吹落，星如雨。寶馬雕車香滿路。鳳簫聲動，玉壺光轉，一宵清涼。）

**5. 較為直白的愛情遺憾：**

> 佳人已遠影無蹤，舊時誓言入雲煙。
> 斷腸聲裡，此情不滅，空餘嗟嘆。
> （可搭配《上邪》：上邪！我欲與君相知，長命無絕衰。山無陵，江水為竭，冬雷震震，夏雨雪，天地合，乃敢與君絕！）

**創作要點：**

*   **用詞：** 盡量使用古典詩詞中常用的詞彙，例如「紗窗」、「燈花」、「烽火」、「韶華」等。
*   **意境：** 選擇一種特定的意境，例如離別、傷懷、遺憾等，並將情感融入其中。
*   **對仗：** 注意句子的對仗和諧，使之更具古典美感。
*   **押韻：** 雖然現代創作不一定嚴格要求押韻，但可以適當使用一些韻腳，增加詩詞的音樂性。

希望這些例子能給你帶來一些靈感！ [end of text]


