這句「多情自古空餘恨，此恨綿綿無絕期」是混搭古典詩句的戲仿創作，其來源與趣味可析解如下：

**來源解析**  
1. 前句改寫自清代魏子安《花月痕》「多情自古空餘恨，好夢由來最易醒」，原句已帶有通俗小說式的抒情色彩  
2. 後句直接挪用白居易《長恨歌》結尾名句「天長地久有時盡，此恨綿綿無絕期」，將帝王愛情悲劇降格為日常調侃  
3. 整體採用「看似典雅實則淺白」的張力製造幽默，符合網路時代「偽文藝」的傳播特質  

**仿作建議（古典皮相+現代靈魂）**  
1. **加班版**  
「燈火闌珊人未眠，Excel深處夜如年」  
（化用辛棄疾「燈火闌珊處」+ 李商隱「碧海青天夜夜心」意象）  

2. **減肥版**  
「衣帶漸寬終不悔，火鍋麻辣燙千杯」  
（挪用柳永詞句+宋代飲食文化反差）  

3. **單身版**  
「曾經滄海難為水，相親群裡皆表妹」  
（元稹名句嫁接現代婚戀荒誕感）  

4. **社畜版**  
「仰天大笑出門去，地鐵擠成鹹魚乾」  
（李白豪情對比都市通勤，用「乾」字押現代韻）  

**嚴肅仿古創作**  
若需更貼近正統古典風格，可試：  
「銀屏一別歲如梭，網速遲延恨更多」  
（李商隱式無題詩結構，植入當代科技焦慮）  

此類創作要訣在於：  
- 七言句式保留律詩節奏  
- 關鍵詞替換不超過30%  
- 押平水韻或新韻皆可，但需統一  
- 宜用「恨/愁/夢」等古典情緒詞包裹現代情境  

這種文體雜交恰似古人「集句」遊戲的當代變體，在解構嚴肅中創造新的語言趣味。 [end of text]


