### 1. 來源解釋

這句「多情自古空餘恨，此恨綿綿無絕期」，其實是對古詩的抽象模擬與轉寫。它與中國古代詩歌常見的主題有關：**愛情、憤怒、無窮的憂鬱**。特別是「空餘恨」這個詞組，直接參照了《詩經》中「空餘愛」（空餘愛，指留下無人的愛情）的語境，但將其延伸到「恨」，並用現代語言包裝，形成了一種“古典氣色的現代詩”或“模仿古典詩的新風”作品。

「此恨綿綿無絕期」則強調恨情如繊維般無法破斷，這類比喻在中國古詩中常見，如《詩經·雨》等，但這裡創作者用現代語言表達，並加入了一點調潤（如「有些調侃成份」），使其既有古典響頻，又帶有當代風情。

#### 參考古詩
- 《詩經·空餘愛》：空餘愛，留下無人的愛情。
- 《詩經·雨》：憂鬱如雨，無窮無止。
- 《詩經·憤怒》：愛情變為憤怒，無法平息。

這句詩的創作者很可能受到這些詩歌的影響，但是以現代口語和一些轻蔑或幽默的調子來重構，形成一種“古典裝飾，現代內容”的綜合作品。

---

### 2. 創作類似句子（帶有古典氣息，但現代實踐）

以下是我根據古詩的結構與詞語，創造出類似氣態的現代句子：

1. **如愛情如昔日樹影，已為無聲的遗憾，無法消煬。**
2. **愤怒如古墓的燈火，繊綿般延綿，無處可終。**
3. **心中的憂鬱如江雨，無止境，無尽的回想。**
4. **留下的憤怒如空餘愛，永遠無法寄托。**
5. **憂鬱繊綿，恨情無絕，如古詩未緊解。**

這些句子處理了「無窮的憂鬱、憤怒、遗憾」等主題，並用古典比喻（如「樹影」「燈火」「江雨」），但語言語氣是現代化的，但還保留了詩意和句式的古典響頻。

---

#### 總結

這句詩源自古代詩歌的情感表達與比喻，但以現代語言和一點調潤重構，結合了古典氣息與當代風情。創作類似句子時，可以將真正的古詩比喻（如空餘、繊綿、樹影等）融入現代語言，用古典詩式的句式與結構，但內容或語气做一點轉變，以避免直接複制，而是“抽取氣息、重構實踐”。

如需更直接古文原句的結合，也可指定特定詩節，我可再製作。 [end of text]


