這兩句詩確實是網路流傳甚廣的「偽古詩」，它巧妙地將兩首不同朝代、不同意境的經典名句拼接在一起，產生了一種既深情又略帶戲謔的「現代愁緒」。

### 一、來源解析

這兩句並非出自同一首詩，而是後人的「集句」創作：

1.  **上聯：「多情自古空餘恨」**
    *   **出處**：清代魏子安（魏秀仁）的長篇小說《**花月痕**》中的詩句。
    *   **原句**：「多情自古空餘恨，好夢由來最易醒。」
    *   **原意**：感嘆自古以來，多情的人往往只留下遺憾，美好的夢境向來最容易破滅。這句本身已頗具悲劇色彩。

2.  **下聯：「此恨綿綿無絕期」**
    *   **出處**：唐代白居易的千古名篇《**長恨歌**》。
    *   **原句**：「天長地久有時盡，此恨綿綿無絕期。」
    *   **原意**：描寫唐玄宗與楊貴妃生死別離後，那種天地雖久終有盡頭，但這份遺憾卻永遠沒有終結時的悲痛。

**【調侃之處】**
將《花月痕》的「空餘恨」與《長恨歌》的「無絕期」強行配對，讀起來朗朗上口，對仗也工整（多情 vs 此恨，自古 vs 綿綿）。但因為兩句都是極度悲傷的「金句」，疊加在一起反而顯得用力過猛，像是一個現代人在失戀時，為了表達自己很慘，把所有聽過的悲傷成語都堆砌起來，從而產生了一種「為賦新詞強說愁」的幽默感或誇張感。

---

### 二、仿作創作（古典氣息 × 現代調侃）

以下為您創作幾組類似風格的句子。它們看起來格律嚴謹、辭藻華麗，但細品之下，往往隱含現代生活的無奈、自嘲，或是將古今情境錯置的趣味：

#### 1. 【窮忙族之嘆】
> **「兩袖清風塵滿面，一生忙碌為房貸。」**
> *   **解析**：前半句「兩袖清風」本是形容官員廉潔或文人清高，後半句突然轉折到現代的「房貸」。看似在說自己清貧高雅，實則是在哭訴為了還房貸搞得灰頭土臉，充滿了中年人的辛酸與自嘲。

#### 2. 【單身狗之怨】
> **「眾裡尋他千百度，那人正在打王者。」**
> *   **解析**：上聯取自辛棄疾《青玉案》，描寫苦苦追尋真愛的意境；下聯瞬間拉回現實，發現心儀對象根本沒在等你，而是在打手遊（王者榮耀）。古典的深情與現代的宅文化形成強烈反差。

#### 3. 【減肥失敗之痛】
> **「衣帶漸寬終不悔，體重反彈更傷神。」**
> *   **解析**：上聯取自柳永《蝶戀花》，原意是為了思念愛人消瘦也無怨無悔；下聯卻變成了減肥失敗、體重回升的懊惱。將「相思之苦」偷換概念為「脂肪之苦」，令人會心一笑。

#### 4. 【職場摸魚之樂】
> **「春眠不覺曉，處處聽老闆。」**
> *   **解析**：改編自孟浩然《春曉》。原詩是鳥語花香的愜意，這裡變成了早上睡過頭或上班打瞌睡時，到處都能聽到老闆訓話的聲音。用五言絕句的形式表達職場的壓迫感。

#### 5. 【集句調侃版】（模仿您提供的風格）
> **「人生若只如初見，何事秋風悲畫扇？只因Wifi 信號弱，斷線重連難上難。」**
> *   **解析**：前兩句是納蘭性德與班婕妤的經典悲劇意象，鋪墊了極高的情感濃度；後兩句突然跌落到「Wifi 斷線」這種現代瑣事。這種巨大的落差感，正是此類創作的精髓——用莊重的語氣說最無厘頭的事。

這些句子保留了古詩的韻律美和意象（如清風、塵面、衣帶、秋風），但在內核上注入了現代人的生活痛點，達到了「似古非古，亦莊亦諧」的效果。 [end of text]


