這句「多情自古空餘恨，此恨綿綿無絕期」並非出自古代詩詞，而是**現代人對白居易《長恨歌》名句的戲仿與拼接**，帶有明顯的「文青式自詡」與「網絡梗」色彩。

🔹 **來源解析**：

- 前半句「多情自古空餘恨」：化用自清代詞人**洪昇《長生殿·埋玉》**中的名句：  
  **「多情自古空餘恨，好夢由來最難圓。」**  
  （實際出自洪昇《長生殿》第四十齣，是對李隆基與楊貴妃悲劇的感慨。）

- 後半句「此恨綿綿無絕期」：直接挪用**白居易《長恨歌》**結尾：  
  **「天長地久有時盡，此恨綿綿無絕期。」**  
  原指唐玄宗對楊貴妃的永恆遺恨。

✅ 因此，這句是**將兩處古典文本「混搭重組」**，形成一種「看似古雅、實為新造」的仿古句式，常見於現代人自嘲多情、失戀、或對感情執念過深的場合（例如朋友圈、彈幕、網文），帶有**反諷、自詡、戲謔**三重效果。

---

🎯 **創作幾句類似風格的句子**（仿古意、帶現代調侃、有古典底蘊）：

1.  
> **「世事如棋局局新，我心似網綱綱深。」**  
> ——化用「世事如棋」典故（《增廣賢文》《三國演義》），後句自造，諷刺現代人越解鎖越上癮的「信息過載」與「情感內耗」。

2.  
> **「十年修得同船渡，百年修得共用Wi-Fi。」**  
> ——改編自民間俗語「十年修得同船渡，百年修得共枕眠」，用現代生活細節解構浪漫，幽默中見真實。

3.  
> **「欲買桂花同載酒，終不似，地鐵早高峰。」**  
> ——化用劉過《唐多令》「欲買桂花同載酒，終不似、少年游」，將古典雅致拉回都市通勤現實，反差感十足。

4.  
> **「人生若只如初見，何事秋風悲畫扇？——可惜我連初見的聊天記錄都刪了。」**  
> ——納蘭性德《木蘭詞》開篇名句，後接現代人「已讀不回」「消息撤回」的尷尬，古典與數位遺憾並置。

5.  
> **「眾裡尋他千百度，驀然回首，那人卻在——手機充電器旁。」**  
> ——辛棄疾《青玉案·元夕》名句改寫，精準戳中現代人「找東西時總在最意想不到的地方」的集體經驗。

6.  
> **「此情可待成追憶，只是當時已惘然——如今連照片都沒存雲端。」**  
> ——李商隱《錦瑟》結句，後半句用數位時代的「數據遺失」延續「惘然」之感，哀而不傷，諷而有味。

---

✨ **創作要點總結**：  
- ✅ 引用或化用真實古詩詞（至少半句有出處）  
- ✅ 後半句或結尾「落地」到現代生活細節（Wi-Fi、地鐵、手機、雲端）  
- ✅ 用反差、自嘲、誇飾製造幽默與共鳴  
- ✅ 保持語氣文雅，避免粗俗，方得「仿古不泥古」之妙  

需要針對特定情境（如失戀、加班、催婚、刷短视频）再創作，我也可以幫你量身定制～ [end of text]


