這句「多情自古空餘恨，此恨綿綿無絕期」確實是現代人模仿古詩詞的戲作，帶有幾分幽默與自嘲的意味。讓我先解析其來源，再為你創作幾組類似風格的作品。

### 來源解析
此句巧妙混搭了兩處古典詩詞：
1. 「多情自古空餘恨」改編自清代魏子安《花月痕》的名句「多情自古空餘恨，好夢由來最易醒」
2. 「此恨綿綿無絕期」直接引用白居易《長恨歌》結尾，原指唐玄宗與楊貴妃的遺憾

這種拼接創造出既熟悉又新穎的語感，在網路文化中常被用來調侃深情卻無果的處境。

### 仿古創作（保持古典韻味且帶幽默）
---
1. **「曾經滄海難為水，貧賤夫妻百事哀」**  
   （元稹《離思》+ 元稹《遣悲懷》—— 深情突然轉現實的反差）

2. **「人生若只如初見，房貸壓身二十年」**  
   （納蘭性德《木蘭花令》+ 現代困境—— 古典浪漫與當代壓力的碰撞）

3. **「何當共剪西窗燭，卻話巴山夜雨時——  
   手機沒電失聯久，微信紅包補相思」**  
   （李商隱《夜雨寄北》延伸—— 古今通訊方式的戲謔對比）

4. **「春花秋月何時了，外賣遲到要差評」**  
   （李煜《虞美人》+ 現代生活—— 帝王憂愁與平民煩惱的荒誕並置）

### 創作心法
要製造這類效果，可掌握三個關鍵：
1. **名句嫁接**：選用耳熟能詳的古典名句為骨架
2. **語境錯位**：後接現代元素或反差極大的內容
3. **平仄協調**：即使搞笑也盡量保持七言句式韻律

這種手法其實延續了古人「集句詩」的傳統，只是將幽默感更加放大。下次想調侃生活時，不妨隨手拆解半句唐詩宋詞，或許能碰撞出意想不到的趣味。 [end of text]


