==========
好的，這組句子「多情自古空餘恨，此恨綿綿無絕期」確實巧妙地化用了古詩，並帶有現代調侃的意味。讓我為您解析其來源，並創作幾句類似的句子。

---

### **來源解析**
1. **「多情自古空餘恨」**  
   化用自北宋歐陽修的《玉樓春·尊前擬把歸期說》中的「**多情自古傷離別**」。  
   原句表達離別的傷感，這裡改為「空餘恨」，強調多情反成遺憾的諷刺感。

2. **「此恨綿綿無絕期」**  
   直接引用自白居易《長恨歌》的結尾句「**此恨綿綿無絕期**」。  
   原詩寫唐玄宗對楊貴妃的思念，這裡與前句搭配，形成「多情→遺憾→永恆苦惱」的邏輯鏈，卻用來調侃現代情感困境。

---

### **創作類似句子**
以下句子均以**兩句古詩為骨幹**，融入現代情境，保留古典氣息但帶有諷刺或幽默：

1. **「春宵一刻值千金，奈何今日無WiFi」**  
   - **古詩骨幹**：蘇軾《春宵》「春宵一刻值千金，花有清香月有陰」  
   - **現代諷刺**：將古典的浪漫時光，對比現代人離不開的WiFi，暗指科技侵蝕生活情趣。

2. **「人生幾何？對酒當歌，奈何賬單未結」**  
   - **古詩骨幹**：曹操《短歌行》「對酒當歌，人生幾何？」 + 李白《將進酒》「人生得意須盡歡」  
   - **現實打擊**：用曹操的蒼涼感嘆，接上「賬單未結」的現代煩惱，突顯理想與落差。

3. **「兩岸猿聲啼不住，順豐三日不到貨」**  
   - **古詩骨幹**：李白《早發白帝城》「兩岸猿聲啼不住，輕舟已過萬重山」  
   - **物流焦慮**：將輕舟飛渡的暢快感，反轉為現代物流遲滯的無奈，帶有網購族的共鳴。

4. **「商女不知亡國恨，抖音只顧直播忙」**  
   - **古詩骨幹**：杜牧《泊秦淮》「商女不知亡國恨，隔江猶唱後庭花」  
   - **時代批判**：借杜諷刺歌女不識時局，諷刺現代人沉迷短視頻的盲目。

5. **「問君能有幾多愁？恰似花呗還不清」**  
   - **古詩骨幹**：李煜《虞美人》「問君能有幾多愁？恰似一江春水向東流」  
   - **金錢焦慮**：將亡國君主的深愁，轉化為現代人的債務壓力，黑色幽默十足。

---

### **創作心法**
- **骨幹必古**：選擇知名度高的詩句（如李白、杜甫、蘇軾），保證識別度。  
- **反差要大**：用古典語境碰撞現代元素（如WiFi、賬單、抖音），產生喜劇效果。  
- **諷刺含蓄**：避免粗俗，用「奈何」「恰似」等詞銜接，維持詩意。  

這類創作如同「古詩拼貼畫」，既致敬經典，又解構現實，適合用於社交媒體的幽默表達。若您有特定主題（如加班、單身、內卷），我也可以為您量身定制！
==========
Prompt: 102 tokens, 254.491 tokens-per-sec
Generation: 991 tokens, 51.350 tokens-per-sec
Peak memory: 60.426 GB
