好的，我們來解析一下這句「多情自古空餘恨，此恨綿綿無絕期」，並創作類似風格的句子。

**1. 來源與解析**

這句詞是出自網絡大紅書文案，原句是：

> “我對你卑微到什麼程度？卑微到你隨便一句‘多喝點水’，我都會回‘好的，老婆’。多情自古空餘恨，此恨綿綿無絕期。”

這句詞的靈感來源於南唐後主李煜的《虞美人·春花秋月何时了》。原詞如下：

> 春花秋月何时了？往事知多少。
> 小楼昨夜又东风，故国不堪回首月明中。
> 雕阑玉砌应犹在，只是朱颜改。
> 问君能有几多愁？恰似一江春水向东流。

其中「多情自古空餘恨，此恨綿綿無絕期」直接借用了李煜詞句「**多情自古空餘恨**」，並加以延伸，表達了現代人（尤其是年輕人）在愛情中的苦悶、執著和無奈。

*   **多情自古空餘恨：** 指的是自古以來，人們對感情的投入往往換來的是無盡的遺憾。
*   **此恨綿綿無絕期：** 指的是這種遺憾像不斷流淌的江水一樣，沒有終點，永遠無法消散。

**2. 創作類似風格的句子**

以下我將嘗試創作幾句類似風格的句子，並搭配古詩詞，希望能產生新的火花：

**例一：**

*   **創作句：** “執念如霜染鬢霜，一曲相思了無央。”
*   **配搭詩句：** 柳永《蝶戀花·伫倚危楼风细细》“容易消散，容易更改。深深愛慕，不得相愛。層層相思，漸漸無期。”
*   **解析：** “執念如霜染鬢霜” 描寫了因執著於感情而導致的憔悴和衰老。“一曲相思了無央” 則表達了無盡的思念之情。與柳永詞句的無奈和無助相呼應，更顯愁緒深重。

**例二：**

*   **創作句：** “回眸一笑百媚生，轉身成空恨難平。”
*   **配搭詩句：** 李商隱《無題·昨夜星辰昨夜風》“身無彩鳳雙飛翼，心有靈犀一點通。”
*   **解析：** “回眸一笑百媚生，轉身成空恨難平” 描寫了美人轉身離去的瞬間，留下的只有無盡的遺憾。“身無彩鳳雙飛翼，心有靈犀一點通” 則表達了兩人之間心意相通卻無法相伴的無奈。兩句詩詞都帶有無法相守的惆悵。

**例三：**

*   **創作句：** “浮生若夢終有醒，醒來空對月明情。”
*   **配搭詩句：** 苏轼《水调歌头·明月几时有》“但愿人长久，千里共婵娟。”
*   **解析：** “浮生若夢終有醒，醒來空對月明情” 描寫了即使從夢中醒來，也無法擺脫對愛人的思念。“但愿人长久，千里共婵娟” 則表達了即使無法相守，也希望對方一切安好。兩句詩詞都帶有對美好願望的期盼。

**創作要點：**

*   **用詞典雅：** 盡量使用一些古詩詞中常用的詞語，如“鬓霜”、“玉砌”、“婵娟”等。
*   **意象豐富：** 運用一些具有古典意象的事物，如霜、月、樓、江水等，來烘托情感。
*   **對仗工整：** 盡量使句子對仗工整，增加古典氣息。
*   **情感真摯：** 雖然是模仿古詩詞風格，但情感表達要真摯，才能打動人心。
*   **善用典故：** 恰當引用古詩詞中的名句，可以提升作品的文化底蘊。

希望這些創作和解析能給你帶來一些啟發！ [end of text]


