這句「多情自古空餘恨，此恨綿綿無絕期」並非出自古代詩詞，而是**對白居易《長恨歌》名句的戲仿改寫**，帶有現代網絡語境下的調侃與自嘲色彩。

🔹 原句溯源：  
- 「多情自古空餘恨」化用自清代洪昇《長生殿·詞曲上·自序》：  
  **「天壤之間，有情者必多情；多情者，必多恨。」**  
  後又融合馮延巳《鵲踏枝》「**日日花前常病酒，不辭鏡裡朱顏瘦。**」與李商隱「**此情可待成追憶，只是當時已惘然**」等意象，形成「多情→生恨→空餘」的邏輯鏈。  
  但更直接的流行源頭是**80年代港台言情小說/電視劇**（如《戲說乾隆》等）常見的「多情自古空餘恨」口語化標語，後被網路廣泛引用、變形。

- 「此恨綿綿無絕期」則**直接挪用白居易《長恨歌》結尾**：  
  > **「天長地久有時盡，此恨綿綿無絕期。」**  
  原指唐玄宗與楊貴妃的生死遺恨，現被挪用為「對某件事/某個人的執念久久不散」的現代自嘲。

✅ 綜合來看：  
這句是**拼貼式再創作**——前半句虛構但符合古典語感，後半句實出《長恨歌》，形成「仿古而今意」的反差幽默，常見於社交媒體（如：失戀、加班、寫報告時發文）。

---

### 🌸 延伸創作（嚴格遵循古典語法+拆解重組真詩句）

以下每句均**抽取兩句真實古詩詞**，以「意象嫁接+語義反轉」方式重構，保留韻律與古典氣息，並附原詩出處與創意說明：

---

1. **「十年生死兩茫茫，不如相忘於江湖」**  
   - 原句拼接：  
     ▸ 蘇軾《江城子·乙卯正月二十日夜記夢》：**「十年生死兩茫茫」**  
     ▸ 《莊子·大宗師》：**「相濡以沫，不如相忘於江湖」**  
   - ✨ 新意：用東坡的深情悲愴，對抗道家的超然放下——現代人「想放下卻放不下」的糾結。  
   - 📌 用法：分手後發朋友圈，配圖一盞冷茶。

2. **「人生得意須盡歡，莫使金樽空對月」→「人生失意須盡emo，莫使手機空對夜」**  
   - 原句改寫：  
     ▸ 李白《將進酒》：**「人生得意須盡歡，莫使金樽空對月」**  
   - ✨ 新意：把盛唐豪飲的「盡歡」轉為當代「盡emo」，金樽→手機，月光→夜色，古韻未失而荒誕立現。  
   - 📌 用法：加班到凌晨發文，自嘲式解壓。

3. **「春風又綠江南岸，不如加班加到黃昏岸」**  
   - 原句改寫：  
     ▸ 王安石《泊船瓜洲》：**「春風又綠江南岸」**  
   - ✨ 新意：「綠」字精魂保留（可改「加班又改PPT岸」），用自然生機反襯職場枯槁，動詞「綠」與「改」形成雙關。  
   - 📌 用法：週末被叫回公司修bug時。

4. **「人生若只如初見，何事秋風悲畫扇」→「人生若只如初見，何事甲方改需求三遍」**  
   - 原句改寫：  
     ▸ 納蘭性德《木蘭花·擬古決絕詞柬友》：**「人生若只如初見」**  
     ▸ 班婕妤《怨歌行》意象：**「常恐秋節至，焜黃華葉衰」**（化為「秋風悲畫扇」）  
   - ✨ 新意：把古典閨怨轉為職場怨念，「畫扇」喻需求文檔，三遍改稿如秋風掃葉。  
   - 📌 用法：開需求會議前發文預警。

5. **「我寄愁心與明月，隨風直到夜郎西」→「我寄KPI與甲方，隨郵直到凌晨西」**  
   - 原句改寫：  
     ▸ 李白《聞王昌齡左遷龍標遙有此寄》：**「我寄愁心與明月，隨風直到夜郎西」**  
   - ✨ 新意：「愁心」→「KPI」，「明月」→「甲方」，「夜郎西」→「凌晨西」（指加班到西邊天亮），用李白的浪漫包裹現代壓迫感。  
   - 📌 用法：週五晚被叫開會時。

---

### ✨ 創作心法（供你自創用）：
1. **拆字重組**：取原詩「詩眼字」（如「綠」「愁」「恨」）置入新語境；  
2. **時空錯位**：將「金樽/明月/畫扇」等古典意象，替換為「手機/PPT/需求單」；  
3. **語氣反轉**：原詩豪邁→今人emo，原詩曠達→今人內耗；  
4. **韻腳保留**：尽量押平聲韻（如「岸、案、見、遍」），維持吟誦感。

> 若你有特定情境（如失戀、考研、養貓、追劇），我可再為你量身「詩化吐槽」一組～ 🌿 [end of text]


