<|channel>thought
<channel|>這兩句詩的來源非常經典，它出自**白居易的《長恨歌》**。

### 來源解析
原詩描述的是唐玄宗與楊貴妃之間那種「至死不渝卻又無法挽回」的深情與遺憾。
*   **「多情自古空餘恨」**：自古以來，深情的人往往只能留下徒勞的恨（遺憾）。
*   **「此恨綿綿無絕期」**：這種恨意綿延不絕，直到永遠都沒有盡頭。

在現代網絡語境中，這兩句常被用來**「調侃」**。例如：在追星失敗、單戀無果、甚至是在遊戲中抽卡沒抽到心儀角色時，用這種極其沉重的古典文學來表達一種「戲劇化」的悲傷，形成一種**「反差萌」**或**「自嘲」**的效果。

---

### 創作建議：古典氣息 $\times$ 現代調侃
要達到「刷出新火花」的效果，秘訣在於：**前兩句用極其高雅、深情的古詩，最後兩句突然轉折到現代的瑣碎或尷尬之處。**

以下為您創作的三組句子：

#### 第一組：【關於「熬夜/工作」的絕望】
（配搭：李白 $\langle$ 將進酒 $\rangle$）
> **君之文章，筆底風雲，**
> **人生得意須盡歡，莫使金樽空對月。**
> **奈何甲方改稿百遍，**
> **此心憔悴，徹夜無眠。**
*   **火花點：** 用李白的豪邁對比現代打工人的卑微，將「金樽」與「改稿」放在一起，產生強烈的荒謬感。

#### 第二組：【關於「單身/脫單」的自嘲】
（配搭：秦觀 $\langle$ 庭院深深深幾許 $\rangle$）
> **庭院深深深幾許，雲窗霧繞楚宮牆。**
> **我自深情守孤燈，**
> **對鏡三旬，仍是單身。**
*   **火花點：** 前兩句營造出一種幽靜、等待的古典美感，最後一句突然用「三旬（三十歲）」和「單身」打破幻想，將遺憾轉化為幽默。

#### 第三組：【關於「購物/破產」的哀嘆】
（配搭：蘇軾 $\langle$ 定風波 $\rangle$）
> **莫聽穿林打葉聲，何妨吟嘯且徐行。**
> **指尖輕點，囊中盡空，**
> **此恨綿綿，直到下月發薪。**
*   **火花點：** 借用蘇軾那種「隨遇而安」的豁達開場，最後卻落腳在「沒錢」的現實痛苦中，將「此恨綿綿」的梗再次活用。

### 創作技巧總結：
1.  **選材：** 選擇知名度極高、情感強烈的詩句（如：李白、蘇軾、白居易）。
2.  **對比：** 意象要從「月亮、雲窗、金樽」等**古典意象** $\rightarrow$ 轉向「甲方、發薪、單身」等**現代詞彙**。
3.  **節奏：** 前半段保持古詩的格律感，後半段可以稍微放寬，但要保留一點點「文言味」（如：使用「奈何」、「此心」等詞），這樣才不會顯得太突兀，而是一種「一本正經地胡說八道」。 [end of text]


