這句「多情自古空餘恨，此恨綿綿無絕期」確實是一句非常經典的「偽古詩」，它巧妙地將兩首不同朝代、不同心境的名句拼接在一起，產生了既悲涼又帶點戲劇張力的效果。

以下為您解析其來源，並創作幾組具有古典氣息但內含現代調侃或新意的「拼貼詩」。

### 一、來源解析：一場跨越時空的「錯位」

這句話並非出自同一位詩人或同一首作品，而是後人將兩句極具代表性的悲情詩句「移花接木」而成：

1.  **上半句：「多情自古空餘恨」**
    *   **出處**：清代·魏子安《花月痕》第十五回。
    *   **原句**：「多情自古空餘恨，好夢由來最易醒。」
    *   **背景**：這是一部狹邪小說（描寫妓院生活與文人韻事），這句話原本是在感嘆感情中多情者往往只剩遺憾，而美好的夢境最容易破碎。雖是清代作品，但語感極似唐詩，流傳極廣。

2.  **下半句：「此恨綿綿無絕期」**
    *   **出處**：唐代·白居易《長恨歌》。
    *   **原句**：「天長地久有時盡，此恨綿綿無絕期。」
    *   **背景**：描寫唐玄宗與楊貴妃生死別離的刻骨銘心之痛，是中國文學史上關於「遺憾」的巔峰之作。

**【火花分析】**
將魏子安的「自嘲/感嘆」與白居易的「帝王悲歌」結合，瞬間拉高了語氣的悲壯感。原本可能只是普通人失戀的感嘆，一加上「無絕期」，彷彿變成了驚天動地的生死之戀。這種**「小題大做」**的反差，正是它常被用於調侃或表達誇張情感的原因。

---

### 二、創意仿作：古詩新編（調侃版）

遵循您的要求，我抽取兩句真實的古詩詞進行重新配搭，製造出「看似深情古典，實則現代調侃」的新火花：

#### 1. 【關於單身與催婚】
> **「眾裡尋他千百度，那人正在結婚處。」**

*   **拼貼來源**：
    *   上句：辛棄疾《青玉案·元夕》「眾裡尋他千百度，驀然回首，那人卻在，燈火闌珊處。」（原意：苦苦追尋後的驚喜發現）
    *   下句：改編自民間俗語或現代大白話，模仿七言節奏。
*   **新火花**：原本浪漫的「燈火闌珊處」相遇，變成了殘酷的「結婚現場」。調侃單身狗努力尋找真愛，結果發現心儀對象已經跟別人結婚了，充滿了現代相親市場的無奈與幽默。

#### 2. 【關於減肥與美食】
> **「衣帶漸寬終不悔，為伊消得人圓潤。」**

*   **拼貼來源**：
    *   上句：柳永《蝶戀花》「衣帶漸寬終不悔，為伊消得人憔悴。」（原意：為了思念愛人，身體消瘦也不後悔）
    *   下句：反轉原句的「憔悴」，改為「圓潤」。
*   **新火花**：前半句還在立 Flag 說要減肥（衣帶變寬），後半句卻誠實地承認因為吃太多（為伊，指美食）而變得圓潤。將「痴情」轉化為「痴吃」，古典的執著瞬間變成吃货的自嘲。

#### 3. 【關於加班與窮忙】
> **「春蠶到死絲方盡，蠟炬成灰淚始乾，只因老闆畫大餅。」**
> *(若需嚴格對仗兩句，可精簡為)*
> **「春蠶到死絲方盡，工資未到淚先乾。」**

*   **拼貼來源**：
    *   上句：李商隱《無題》「春蠶到死絲方盡，蠟炬成灰淚始乾。」（原意：至死不渝的愛情或奉獻精神）
    *   下句：模仿原句結構，將「蠟炬」意象替換為現實的「工資」。
*   **新火花**：李商隱原本歌頌的是偉大的犧牲精神，這裡卻被解構為現代社畜的悲歌。把對愛人的思念，變成了對薪水遲遲不發的絕望，古典的淒美變成了職場的辛酸。

#### 4. 【關於熬夜與手機】
> **「相見時難別亦難，手機沒電心更寒。」**

*   **拼貼來源**：
    *   上句：李商隱《無題》「相見時難別亦難，東風無力百花殘。」（原意：相聚不易，分離更痛苦）
    *   下句：完全現代化的口語，強行押韻。
*   **新火花**：古人怕的是分離，現代人怕的是斷網。將「東風無力」的蒼涼感，置換成「手機沒電」的焦慮感，生動地描繪了現代人離開電子產品後的無助，有一種荒誕的古典美。

#### 5. 【關於拖延症】
> **「明日復明日，明日何其多，我生待明日，作業成山河。」**

*   **拼貼來源**：
    *   前兩句：錢福《明日歌》「明日復明日，明日何其多。」（原意：勸人珍惜時間）
    *   後兩句：改編自文嘉《明日歌》原句「我生待明日，萬事成蹉跎」，將「蹉跎」具象化為堆積如山的作業/工作。
*   **新火花**：原本嚴肅的勸學詩，變成了拖延症患者的真實寫照。「成山河」三字既有古典的氣勢，又誇張地表現了任務堆積的絕望感。

這些句子保留了古詩的韻律和意象（如春蠶、蠟炬、燈火、明日），但在轉折處植入現代生活的痛點，從而達到「一本正經胡說八道」的調侃效果。 [end of text]


