「多情自古空餘恨，此恨綿綿無絕期」  
其實是兩句「錯位聯姻」：  
前半截「多情自古空餘恨」脫胎自洪昇《長生殿》「多情自古多遺恨」；  
後半截「此恨綿綿無絕期」則直接搬用白居易《長恨歌》結句。  
把「遺」改成「餘」，再與《長恨歌》並置，便像煞有介事，卻又帶點網路時代的調侃──彷彿唐明皇剛刷完抖音，替自己點了個「長恨無絕期」的永久關注。

下面再玩幾組「拼裝古詩」，每組都是兩句真古董，卻剪成新段子，讓古人互相串場，自帶吐槽：

1. 桃花潭水深千尺，不及汪倫送我錢。  
　（李白＋人間清醒：友情的小船說翻就翻，除非打款。）

2. 勸君更盡一杯酒，西出陽關無人回。  
　（王维＋外賣小哥：這單超出配送範圍，五星好評也救不了。）

3. 垂死病中驚坐起，笑問客從何處來。  
　（元稹＋賀知章：久病成醫，先問行程碼。）

4. 春宵一刻值千金，續費須臾又十文。  
　（蘇軾＋共享充電寶：浪漫總在掃碼後。）

5. 夕陽無限好，只是近加班。  
　（李商隱＋996：落日也打卡。）

6. 舉頭望明月，低頭滑手機。  
　（李白＋低頭族：鄉愁載入中……）

7. 人生若只如初見，餘生不必請多指教。  
　（納蘭性德＋社恐：一眼終身，再見打擾。）

8. 千山鳥飛絕，萬徑人踪滅；  
　孤舟蓑笠翁，獨釣一江月──  
　低頭一看，魚餌還在，漂是塑膠的。  
　（柳宗元＋環保志願者：古人也撿塑膠瓶。）

9. 君問歸期未有期，巴山夜雨漲秋池；  
　池邊已立收費桿，一小時十塊錢。  
　（李商隱＋停場管理：連夜雨都要收滯納金。）

10. 老來多健忘，唯不忘轉賬。  
　　（白居易＋老年防詐：詩與遠方，都在驗證碼裡。）

這些「偽古句」的訣竅在於：  
把大家背得滾瓜爛熟的後半句，換成現代語境的「事故現場」，  
讓千年前的詩人突然「在線」──  
於是古典的蒼茫與今日的荒謬撞個滿懷，  
恨依舊綿綿，只是改成了「流量無限續費」罷了。 [end of text]


