這兩句的「前半」確實有出處，但「後半」是後人改編或湊句。

**來源解釋：**

上句「多情自古空餘恨」出自清代文人**魏秀仁**的小說《花月痕》第十五回，原詩是：

> 「多情自古空餘恨，好夢由來最易醒。」

下句「此恨綿綿無絕期」則是大家很熟的——出自**白居易**《長恨歌》：

> 「天長地久有時盡，此恨綿綿無絕期。」

所以這兩句是典型的「舊瓶裝新酒」：把兩句經典名句各取一半，湊成一幅新對聯，產生一種「似曾相識」又「忍俊不禁」的效果。這種手法在網路時代很常見，稱為「詩詞改編」或「詩詞混搭」——用古典的殼，裝現代的梗。

---

**創作示範（附原句出處）：**

1. 
   > 「春宵一刻值千金，**花有清香月有陰**。」  
   > （上句出自蘇軾《春宵》，下句原是蘇軾詩句，但湊在一起像在說「約會要抓緊」）

2. 
   > 「人生若只如初見，**何事秋風悲畫扇**。  
   > （上句納蘭性德，下句本是納蘭另一句，合在一起像感嘆「初戀最美」）

3. 
   > 「少年不識愁滋味，**為賦新詞強說愁**。  
   > （辛棄疾《醜奴兒》上下句湊齊，調侃「裝文青」）

4. 
   > 「垂死病中驚坐起，**暗風吹雨入寒窗**。  
   > （元稹《聞樂天授江州司馬》+湊句，適合「熬夜趕工」）

5. 
   > 「年年歲歲花相似，**歲歲年年人不同**。  
   > （劉希夷《代悲白頭翁》原句，可歎「變老」）

---

**總結**：這種「真假混搭」的趣味，就在於「看起來像古詩，但其實是改編」——這也是古詩在現代網路語境下的一種「再創作」方式。 [end of text]


