嗯，用户给了一句模仿古诗词的现代创作，还提到有调侃成分，需要解释来源并创作类似句子。先看看这句“多情自古空餘恨，此恨綿綿無絕期”，明显是把白居易《长恨歌》的“在天愿作比翼鸟，在地愿为连理枝。天长地久有时尽，此恨绵绵无绝期”和“多情自古空余恨”混搭了。原句是表达唐玄宗和杨贵妃的爱情悲剧，这里改成“多情自古空余恨”，把“天长地久有时尽”的永恒遗憾，变成了“多情”的普遍性遗憾，有点戏谑的味道。

用户要求创作类似句子，要古典气息，还得用两句真的古诗词搭配出新火花。得找两个不同出处但意境能衔接的句子，重组后产生新意。比如把李白的“举头望明月”和杜甫的“月是故乡明”结合，但得避免太直白。或者用王维的“独在异乡为异客”和苏轼的“千里共婵娟”，突出时空对比。

还要注意调侃成分，不能太严肃。比如把“人生若只如初见”和“只是当时已惘然”混搭，表达对初遇的怀念和后来的迷茫，带点自嘲。或者用“两情若是久长时”和“又岂在朝朝暮暮”，但反过来写，说“两情若是朝朝暮暮，又岂在久长时”，讽刺现代速食爱情。

得确保原句出处正确，重组后逻辑通顺，有古典韵味但又有新解读。可以多试几个组合，选最自然的。比如把秦观的“自在飞花轻似梦”和李清照的“人比黄花瘦”结合，写飞花与瘦影的对照，带点慵懒愁绪。或者用辛弃疾的“少年不识愁滋味”和“为赋新词强说愁”，调侃年轻人故作深沉。

最后检查是否符合用户要求：解释来源清晰，创作句子有古典气息，用真古诗词搭配出新意，带调侃但不失雅致。准备用几个例子，说明原句和重组后的变化，让用户看到如何操作。
</think>
您提供的句子「多情自古空餘恨，此恨綿綿無絕期」確實是現代仿古創作，其巧妙之處在於**截取與混搭兩句經典唐詩**，並通過微調字詞製造出调侃的現代感：

---

### **來源解析**
1. **「多情自古空餘恨」**  
   化用自清代**魏子安《花月痕》**第十五回：「**多情自古空餘恨，好夢由來最易醒。**」  
   → 原意感嘆多情者終究只剩遺憾，與「自古」並無直接關聯，但此句本身已帶有對「多情」的批判性。

2. **「此恨綿綿無絕期」**  
   直接引用唐代**白居易《長恨歌》**結尾：  
   「**天長地久有時盡，此恨綿綿無絕期。**」  
   → 原指唐玄宗與楊貴妃的生死之恨，後引申為無盡的遺憾。

**混搭效果**：  
將「多情自古空餘恨」（世俗感慨）與「此恨綿綿無絕期」（史詩級悲劇）嫁接，形成一種**用宏大敘事包裝瑣碎情傷**的幽默反差，彷彿在說：「自古多情皆遺憾，而我的遺憾居然像帝王之恨一樣沒完沒了？」——這正是调侃所在：**將個人情緒誇張至史詩尺度**。

---

### **類似的古典混搭創作**
以下嘗試用**兩句真實古詩詞**重組，保留原句意境但扭轉語境，製造新火花：

#### 1. **「人生若只如初見，何事秋風悲畫扇」**  
   - 原句出處：  
     - 「人生若只如初見」：納蘭性德《木蘭詞》  
     - 「何事秋風悲畫扇」：王昌齡《長信秋詞》（「誰知班婕妤，竟謂秋風起」化用）  
   - **新解**：將納蘭對初遇的懷念，與王昌齡寫宮女失寵的「畫扇棄捐」意象結合，调侃現代关系中「初見即巔峰，後續全崩潰」的速朽感。

#### 2. **「春宵苦短日高起，從此君王不早朝」**  
   - 原句出處：  
     - 「春宵苦短日高起」：白居易《長恨歌》  
     - 「從此君王不早朝」：同詩前句（原為「春宵苦短日高起，從此君王不早朝」）  
   - **新解**：直接截取《長恨歌》中描寫唐玄宗沉迷楊貴妃的句子，但省略上下文，單獨使用時可调侃**熬夜玩手機/追劇導致次日起不來**的現代生活，帝王「不早朝」變成了「不起床」。

#### 3. **「舉頭望明月，低頭思故鄉」**  
   - 原句出處：  
     - 均為李白《靜夜思》  
   - **新解**：將兩句對調為「**舉頭思故鄉，低頭望明月**」，调侃**現代人刷手機時**：抬頭看窗外月亮才想起故鄉，低頭刷社交媒體又忘了鄉愁——科技切斷了傳統的詩意聯想。

#### 4. **「兩情若是久長時，又豈在朝朝暮暮」**  
   - 原句出處：  
     - 秦觀《鵲橋仙》  
   - **新解**：反寫為「**兩情若是朝朝暮暮，又豈在久長時**」，调侃**快餐戀愛**：如果每天黏在一起，誰還在乎「天長地久」？將秦觀的曠達扭轉為對「即时满足」的諷刺。

#### 5. **「少年不識愁滋味，為賦新詞強說愁」**  
   - 原句出處：  
     - 辛棄疾《醜奴兒·書博山道中壁》  
   - **新解**：混搭為「**少年強說愁滋味，不識新詞為賦愁**」，调侃**文藝青年堆砌辭藻故作深沉**：明明不懂愁，偏要寫詩裝愁，結果詞不達意。

---

### **創作核心技巧**
1. **截取經典名句**：選用耳熟能詳、意境鮮明的詩句，降低理解門檻。  
2. **語序或字詞微調**：如調換前後句、替換關鍵字（如「久長時」→「朝朝暮暮」），製造邏輯跳躍。  
3. **古今語境反差**：將古代宏大主題（帝王之恨、天長地久）嫁接至現代瑣事（熬夜、刷手機），形成幽默張力。  
4. **保留古典韻味**：即使调侃，仍用文言句式與詩詞意象，避免直白口語。

---

### **進階示例：完全原創但仿古的混搭**
若想更自由創作，可抽取不同詩人的句子重組，例如：  
> **「長安一片月，萬戶搗衣聲」**（李白《子夜吳歌》）  
> + **「孤舟蓑笠翁，獨釣寒江雪」**（柳宗元《江雪》）  
> → 混搭為：**「長安一片雪，萬戶獨釣聲」**  
> **新解**：將盛唐的和平搗衣（戰爭徵兆）與中唐的孤獨釣雪（政治失意）疊加，调侃**現代人集體躺平**：繁華都市（長安）飄雪，所有人都在「獨釣」（消極避世），搗衣聲變成了沉默。

---

### **總結**
這類創作本質是**古典詩詞的「二次創作」**，關鍵在於：  
1. **尊重原句的意象重量**，不破壞其美學基礎。  
2. **通過語境挪移製造荒誕感**，但荒誕中仍藏一絲對古典的致敬。  
3. **调侃而不輕浮**：即使寫現代瑣事，也需用詩詞的含蓄包裝，避免直白笑話。

若您有特定主題（如愛情、職場、社會現象），可進一步提供原句，我能為您設計更精準的混搭方案。 [end of text]


