這句「多情自古空餘恨，此恨綿綿無絕期」確實是一句非常經典的「偽古風」創作。它巧妙地將兩句意境相近但出處不同的千古名句拼接在一起，產生了一種既熟悉又略顯荒謬的幽默感。

以下為您解析其來源，並依您的要求創作幾組「舊瓶裝新酒」的調侃式古風句子。

### 一、 來源解析

這兩句分別來自唐代兩位大詩人的作品，原意截然不同，拼接後卻形成了一種「過度深情」的戲謔效果：

1.  **「多情自古空餘恨」**
    *   **出處**：清代魏子雲《花月痕》第四十五回（也有說法認為是民間流傳的集句，但最著名出處為此）。
    *   **原意**：感嘆自古以來多情之人往往難以善終，只留下遺憾。這句本身帶有濃厚的悲劇色彩和勸世意味。
    *   **注意**：這並非唐詩，而是清代的句子，但因為用詞古雅，常被誤認為是唐詩。

2.  **「此恨綿綿無絕期」**
    *   **出處**：唐代白居易《長恨歌》。
    *   **原句**：「天長地久有時盡，此恨綿綿無絕期。」
    *   **原意**：形容唐玄宗與楊貴妃之間生死不渝、永無止境的愛情悲劇。這裡的「恨」在古文中常指「遺憾」或「愁怨」，而非現代的「仇恨」。

**調侃點在於**：將清代的感嘆與唐代的絕唱強行綁定，製造出一種「我有多情，故我有恨；恨有多長，故我無期」的邏輯循環，顯得既深情又無聊，非常適合用來調侃那些在感情中糾結不清、自我感動的人。

---

### 二、 創作：古典氣息 × 現代調侃

以下創作遵循您的要求：**抽取兩句真實存在的古詩詞，重新配搭，刷出新火花（通常是荒謬、搞笑或現代生活場景）**。

#### 1. 關於「窮」的調侃
> **「問君能有幾多愁，恰似一籠包沒餡兒。」**

*   **原句 A**：李煜《虞美人》「問君能有幾多愁？恰似一江春水向東流。」
*   **原句 B**：民間諺語/現代諧音梗「一籠包沒餡兒」（意指空虛、貧窮）。
*   **新火花**：將國破家亡的深重愁緒，瞬間降維打擊到「買包子沒餡」的具體生活窘境，極具反差萌。

#### 2. 關於「加班/工作」的調侃
> **「眾裡尋他千百度，驀然回首，那人正在，開會。」**

*   **原句 A**：辛棄疾《青玉案·元夕》「眾裡尋他千百度...」
*   **原句 B**：現代職場場景「開會」。
*   **新火花**：原詞是尋找心上人的浪漫，這裡變成在人群中尋找那個「正在開會」的同事（或老闆），表達一種「想下班卻被綁架」的無奈。

#### 3. 關於「減肥/飲食」的調侃
> **「衣帶漸寬終不悔，為伊消得人憔悴。」**
> **改寫為**：「衣帶漸寬終不悔，為吃消得人憔悴。」

*   **原句**：柳永《蝶戀花》。
*   **新火花**：將「伊」（心上人）替換為「吃」（食物）。表達為了美食不惜犧牲身材的堅定決心，非常適合發朋友圈配美食照。

#### 4. 關於「熬夜/手機」的調侃
> **「春宵一刻值千金，花有清香月有陰。」**
> **改寫為**：「春宵一刻值千金，手有信號網有線。」

*   **原句**：蘇軾《春宵》。
*   **新火花**：原詩描寫良辰美景，改後描寫現代人熬夜刷手機的真實狀態——只要手機有信號、網路連得上，這一刻就值千金。

#### 5. 關於「單身/孤獨」的調侃（最接近原題風格）
> **「兩情若是久長時，又豈在朝朝暮暮。」**
> **改寫為**：「兩情若是久長時，又豈在，微信已讀不回。」

*   **原句**：秦觀《鵲橋仙》。
*   **新火花**：將古典的愛情堅貞，轉化為現代社交媒體中的「已讀不回」焦慮。原意是距離不是問題，這裡暗示「只要你不回我訊息，我們就算有再久的感情也沒用」，充滿諷刺。

#### 6. 關於「天氣/出門」的調侃
> **「東邊日出西邊雨，道是無晴卻有晴。」**
> **改寫為**：「東邊日出西邊雨，道是無錢卻有錢。」

*   **原句**：劉禹錫《竹枝詞》。
*   **新火花**：利用「晴」與「情」的諧音，改為「錢」。表達一種「以為自己沒錢，結果突然發現卡裡還有餘額」的驚喜或諷刺（比如還完信用卡後）。

---

### 創作技巧總結

要創作這類「偽古風」調侃句，關鍵在於：

1.  **選取高知名度原句**：必須是耳熟能詳的句子，這樣讀者才能瞬間意識到「被篡改」的喜感。
2.  **保留格律或節奏**：盡量保持原句的音節數和語氣，讓讀起來朗朗上口。
3.  **替換關鍵詞**：將原句中抽象、浪漫、悲傷的詞彙（如：愁、伊、晴、恨），替換為具體、現代、世俗的詞彙（如：錢、吃、網、餡）。
4.  **製造反差**：古典的莊重 vs 現代的瑣碎，是幽默感的來源。

希望這些創作能為您帶來靈感！ [end of text]


