<Thought>
Alright, I need to compose a five-character regulated verse (五言律诗) in Chinese about the successful flight of Chinese astronauts into space. First, I'll recall the structure of a five-character regulated verse. It has eight lines, with each line containing five characters. The rhyme scheme follows a pattern of A-B-A-B in the first four lines and then A-B in the last four lines. Additionally, there are rules about the tone and the use of parallelism in the middle two lines.

Now, considering the theme of Chinese astronauts flying to space, I should incorporate elements that reflect pride, achievement, and the vastness of space. I might think about the journey, the stars, the spacecraft, and the significance of this event for China.

I'll start by brainstorming some key phrases:
- 飞天梦 (flying to the heavens)
- 神舟号 (Shenzhou spacecraft)
- 星河璀璨 (sparkling stars)
- 九天揽月 (reaching for the moon)
- 神州大地 (Chinese land)
- 万众瞩目 (millions watching)
- 科技飞跃 (scientific leap)
- 民族荣耀 (national honor)

Next, I'll arrange these phrases into the eight lines, ensuring that the rhyming scheme is maintained. I'll pay attention to the parallelism in the middle two lines to enhance the poetic structure.

I should also consider the flow and the naturalness of the poem. The language should evoke the grandeur of space exploration and the pride associated with China's achievements in this field.

Finally, I'll review the poem to ensure that all lines follow the five-character rule and that the rhymes are correctly placed. I'll make any necessary adjustments to maintain the poetic integrity and the intended emotional tone.

</Thought>
<Output>
飞天梦初圆，  
神舟破晓天。  
星河璀璨夜，  
九天揽月边。  
神州大地广，  
万众瞩目前。  
科技飞跃日，  
民族荣耀传。
</Output> [end of text]


