用户要求写一首五言律诗，题材是中国太空人成功飞上太空。五言律诗的格式要求：
- 八句，每句五个字
- 押韵：通常是偶数句押韵（第2、4、6、8句），首句可押可不押
- 平仄格式要符合律诗规范
- 中间两联（颔联和颈联）要求对仗

题材内容：中国太空人成功飞上太空，可以写神舟飞船、航天员、太空探索等。

构思：
首联：点题，写中国航天员的壮举
颔联：对仗，描写飞船升空景象
颈联：对仗，描写太空景象和航天员
尾联：抒发豪情壮志

押韵：选择平声韵，比如"天、边、船、仙"等字在韵部"一先"中。

试写：

首联：神舟冲碧落，勇士上青天。
（神舟飞船冲向蓝天，勇士登上青天）
"天"字押韵

颔联：烈焰腾云起，长虹贯日边。
（烈焰升腾冲破云层，长虹贯穿日边）
"边"字押韵，与"天"押韵
对仗：烈焰-长虹，腾云起-贯日边

颈联：星河浮眼底，日月绕窗前。
（星河浮现在眼底，日月环绕窗前）
"前"字押韵，与"天、边"押韵
对仗：星河-日月，浮眼底-绕窗前

尾联：华夏千年梦，今朝已得圆。
（华夏千年的梦想，今天终于实现）
"圆"字押韵，与前面押韵

检查平仄：
神舟冲碧落：平平平仄仄
勇士上青天：仄仄仄平平（韵）
烈焰腾云起：仄仄平平仄
长虹贯日边：平平仄仄平（韵）
星河浮眼底：平平平仄仄
日月绕窗前：仄仄仄平平（韵）
华夏千年梦：仄仄平平仄
今朝已得圆：平平仄仄平（韵）

韵脚：天、边、前、圆，都属于平水韵"一先"韵部，押韵正确。

对仗检查：
颔联：烈焰（名词）对长虹（名词）- 偏正结构对偏正结构
腾云起（动宾结构）对贯日边（动宾结构）- 对仗工整

颈联：星河（名词）对日月（名词）- 天文类对天文类
浮（动词）对绕（动词）
眼底（名词）对窗前（名词）- 方位类对方位类
对仗工整。

内容连贯性：
首联点题，颔联写发射升空，颈联写太空景象，尾联抒发感慨，结构完整。

再检查一遍是否符合五言律诗的所有要求：
- 八句，每句五字：符合
- 押韵：第2、4、6、8句押韵（天、边、前、圆）：符合
- 对仗：颔联和颈联对仗工整：符合
- 平仄基本符合律诗格式：符合

这首诗应该符合要求了。神舟冲碧落，勇士上青天。
烈焰腾云起，长虹贯日边。
星河浮眼底，日月绕窗前。
华夏千年梦，今朝已得圆。 [end of text]


