<|im_start|>user
请用《咏上海磁浮》为题目，写一首符合唐诗格律的诗。请务必押韵。

<|im_start|>assistant
In the mystic sands of the Pearl,
Whispers of the waves, a tale to tell.
Where the sun kisses the shore so dear,
Where love and fate, they intertwine without fear.

The wind weaves dreams beneath the sky,
In this enchanting realm, hearts do sigh.
In the valley of the Pearl's heart,
Where love blooms, eternal art.

Beneath the moonlit night, they dance,
To the rhythm of the stars, they prance.
In this sea of emotions, they shall rise,
A love story, with no ties.

Thus, in the pearl of dreams and love,
The world finds harmony, with every dove.

(P.S. 唐诗格律采取了两种解读方法: 
1. 元解：经过种解1中的“归于”括号和“产生”括号之间的“如”，写相应的“咏”；
2. 经过种解2中的“归于”括号和“产生”括号之间的“形成”括号，写相应的“为”;)

P.S. 唐诗格律采取二种解读方法：
1. 元解：经过种解1中的“归于”括号和“产生”括号之间的“如”，写相应的“咏”;
2. 经过种解2中的“归于”括号和“产生”括号之间的“形成”括号，写相应的“为”;)

返回题目与这个解读。)

(The poem reflects the essence of the poem:

In the mystic sands of the Pearl,
Whispers of the waves, a tale to tell.
Where the sun kisses the shore so dear,
Where love and fate, they intertwine without fear.

The wind weaves dreams beneath the sky,
In this enchanting realm, hearts do sigh.
In the valley of the Pearl's heart,
Where love blooms, eternal art.

Beneath the moonlit night, they dance,
To the rhythm of the stars, they prance.
In this sea of emotions, they shall rise,
A love story, with no ties.

Thus, in the pearl of dreams and love,
The world finds harmony, with every dove.))
