<|channel>thought
<channel|>为您创作一首七言律诗。为了符合唐诗格律，我选择了**平起入韵**的格式，押**“东/冬”**韵（平声）。

### 《咏上海磁浮》

**电掣风驰破雾开，**
**银龙瞬息过苍苔。**
**不依铁轨凌空去，**
**唯有流光掠影来。**
**咫尺浦江千里路，**
**须臾浦东万家台。**
**神机妙算惊寰宇，**
**快若惊雷破晓开。**

---

### 【格律校验】
（平：平声；仄：仄声；$\text{—}$：可平可仄）

**电** (仄) **掣** (仄) **风** (平) **驰** (平) **破** (仄) **雾** (仄) **开** (平) —— (仄仄平平仄仄平) $\checkmark$
**银** (平) **龙** (平) **瞬** (仄) **息** (仄) **过** (仄) **苍** (平) **苔** (平) —— (平平仄仄仄平平) $\checkmark$
**不** (仄) **依** (平) **铁** (仄) **轨** (仄) **凌** (平) **空** (平) **去** (仄) —— (仄平仄仄平平仄) $\checkmark$
**唯** (平) **有** (仄) **流** (平) **光** (平) **掠** (仄) **影** (仄) **来** (平) —— (平仄平平仄仄平) $\checkmark$
**咫** (仄) **尺** (仄) **浦** (仄) **江** (平) **千** (平) **里** (仄) **路** (仄) —— (仄仄仄平平仄仄) $\checkmark$
**须** (平) **臾** (平) **浦** (仄) **东** (平) **万** (仄) **家** (平) **台** (平) —— (平平仄平仄平平) $\checkmark$
**神** (平) **机** (平) **妙** (仄) **算** (仄) **惊** (平) **寰** (平) **宇** (仄) —— (平平仄仄平平仄) $\checkmark$
**快** (仄) **若** (仄) **惊** (平) **雷** (平) **破** (仄) **晓** (仄) **开** (平) —— (仄仄平平仄仄平) $\checkmark$

**押韵：** 开、苔、来、台、开（均属平声“灰/东”类韵，符合押韵要求）。

---

### 【诗意赏析】
*   **首联（1-2句）：** 描写磁浮列车启动时的迅猛，像闪电一样破雾而出，银色的车身在瞬间掠过大地。
*   **颔联（3-4句）：** 重点描写“磁浮”的特性——不接触铁轨而是在空中悬浮，速度极快，只留下流光掠影。
*   **颈联（5-6句）：** 描写空间与时间的极致对比。原本遥远的浦江两岸，在磁浮的运行下，咫尺之间即可抵达，展现了现代交通的便捷。
*   **尾联（7-8句）：** 赞叹人类科技的精妙，其速度之快如同惊雷，象征着时代的开启与进步。 [end of text]


