**咏上海磁浮**

银龙破雾向天行，
不借轮蹄万里轻。
电掣磁悬惊客梦，
风驰沪上听潮声。
凌空似驾云间鹤，
瞬息如穿海上鲸。
莫道关山多阻隔，
须臾已越旧时程。

---

**【格律说明】**
*   **体裁**：七言律诗
*   **韵部**：平水韵下平八庚（行、轻、声、鲸、程）
*   **平仄**：符合七律平起入韵格式。
    *   银龙破雾向天行（平平仄仄仄平平）
    *   不借轮蹄万里轻（仄仄平平仄仄平）
    *   电掣磁悬惊客梦（仄仄平平平仄仄）
    *   风驰沪上听潮声（平平仄仄仄平平）
    *   凌空似驾云间鹤（平平仄仄平平仄）
    *   瞬息如穿海上鲸（平仄平平仄仄平）
    *   莫道关山多阻隔（仄仄平平平仄仄）
    *   须臾已越旧时程（平平仄仄仄平平）

**【注释】**
*   **银龙**：比喻磁浮列车外形修长、速度极快。
*   **不借轮蹄**：指磁浮列车利用磁力悬浮，无车轮与轨道接触摩擦。
*   **沪上**：上海的别称。
*   **云间鹤、海上鲸**：形容列车速度之快，仿佛在空中飞翔或海中穿梭。 [end of text]


