
好的，我现在要处理这个用户的查询。用户给了一个句子：“人生在世，欢聚少，离别多”，然后问是否同意，要求大约五百字的表达想法。如果我是AI，假设我是人工智能，没有自己的想法，所以需要假设自己是高中生，正在做作文功课，所以需要写一篇作文。

首先，我需要分析用户的需求。用户可能是在准备作文，需要一篇大约五百字的议论文，主题是关于“人生在世，欢聚少，离别多”。用户可能希望得到一篇结构清晰、论点明确的文章，可能用于学校作业或者考试。

接下来，我需要考虑如何组织内容。可能需要从历史、哲学、文学等方面引用例子来支持观点。比如，引用孔子的“三人行，必有我师”或者苏轼的“大江东去”，来说明欢聚少离别多的原因。

然后，结构方面，可能分为引言、几个论点段落和结论。引言部分可以引出主题，论点部分分别讨论欢聚与离别，引用历史人物或事件，结论部分总结观点。

考虑到五百字，每个部分需要简洁有力，避免过于冗长。可能需要大约三个段落，每个段落150字左右。

现在，思考用户可能没有明确表达的需求，比如是否需要具体的例子，或者是否需要深入分析离别的重要性。所以，可能需要平衡，既引用例子，又保持观点明确。

另外，用户可能希望文章有深度，所以可能需要探讨离别的意义，而不是单纯比较欢聚与离别。比如，离别是成长的一部分，是生命的一部分。

现在开始组织内容：

引言部分，可以引用“人生在世，欢聚少，离别多”作为标题，点明主题，说明这是对人生的一种总结。

然后，第一个论点：欢聚少，说明欢聚是短暂的，离别是必然的。引用孔子的“三人行，必有我师”，说明在人与人之间也有师徒关系，离别是自然的。

第二个论点：离别是成长的机会，引用苏轼的离别经历，说明离别是生命的一部分，也是成长的一部分。

第三个论点：欢聚是短暂的，但离别是生命中不可或缺的一部分，强调离别的重要性。

结论部分总结，强调在人生中欢聚与离别是相辅相成的，离别是成长的契机。

现在，开始写结构，确保大约五百字，每个部分控制好字数。

可能还需要检查语言是否流畅，是否符合五百字左右，是否有足够的论据支持观点。

最后，确保回答符合用户的要求，如果是AI，假设是高中生，所以内容要适合作文，结构清晰，论点明确，例子恰当。
</think>

人生在世，欢聚少，离别多。这句话道出了人生最本质的真谛：在人生的长路上，欢聚与离别是相辅相成的关系，欢聚是短暂的，离别是必然的；欢聚是生命的馈赠，离别是成长的契机。在人生的长路上，我们总是匆匆过客，却在不经意间收获了太多珍贵的回忆，也付出了太多遗憾的离别。欢聚是人与人之间最温暖的相遇，是生命中最珍贵的馈赠，但离别却是生命中不可或缺的一部分，是生命中最珍贵的遗憾与收获。

欢聚是生命的馈赠。孔子曰：“三人行，必有我师。”在人与人之间，欢聚是相遇，是友情的萌发，是师徒之间的对话。在人生的长路上，欢聚是生命中最珍贵的相遇，是人与人之间最温暖的对话。但欢聚并非无意义，相反，它象征着生命的自然流动，是生命中不可或缺的一部分。就像苏轼在《小满行》中写道：“回首向来萧瑟处，归去，也无风雨也无晴。”离别是人生中不可避免的，但正是这些离别，让我们在欢聚中学会成长，在离别中体会生命的真谛。

离别是成长的契机。离别不是生命的终点，而是一个生命成长的重要阶段。在人生的长路上，离别是生命中不可或缺的转折点，是成长的重要契机。就像庄子所言：“至人者，与天地合，与万物同。”离别不是终点，而是生命中一段重要的经历，是生命中一段重要的成长。在离别中，我们学会了珍惜，学会了感恩，也学会了接受，这是生命中最珍贵的收获。

在人生的长路上，欢聚与离别是相辅相成的关系，欢聚是生命的馈赠，离别是成长的契机。欢聚是生命的馈赠，是生命中最珍贵的相遇，是人与人之间最温暖的对话；离别是成长的契机，是生命中不可或缺的一部分。在欢聚与离别之间，我们收获了太多珍贵的回忆，付出了太多遗憾的离别，但正是这些离别，让我们在欢聚中学会成长，在离别中体会生命的真谛。人生在世，欢聚少，离别多，这是对生命最深刻的总结，也是对人生的最好诠释。 [end of text]


