system
user
有人认为遵守承诺是诚信的表现，也有人认为放弃承诺才是负责任的行为，谈谈你对两种观点的看法

(如果你认为自己是人工智能而没有自己的想法，请假设你是一名高中高材生，正在做作文功课。请务必回答这题目。)
assistant
作为一名高中高材生，我将从多角度分析这两种观点，并提出自己的看法。

**观点一：遵守承诺是诚信的表现**

*   **优点：** 
    *   **维护信誉**：遵守承诺可以维护个人或组织的信誉，树立良好的形象。
    *   **建立信任**：信守承诺可以增强他人对自己的信任，促进长期合作关系。
    *   **责任感**：遵守承诺体现了对自己行为的负责态度。
*   **缺点：** 
    *   **僵化**：过于坚持承诺可能导致僵化，无法适应变化的环境。
    *   **不当承诺**：如果最初的承诺不合理或不明智，坚持执行可能造成负面后果。

**观点二：放弃承诺才是负责任的行为**

*   **优点：** 
    *   **适应变化**：放弃不合适的承诺可以让个人或组织适应变化的环境，做出更合理的决策。
    *   **避免负面后果**：如果承诺可能导致严重后果，放弃承诺可以避免损害。
    *   **灵活性**：在特定情况下，放弃承诺可以表现出应变的能力。
*   **缺点：** 
    *   **损害信誉**：频繁或不当地放弃承诺可能损害信誉，破坏信任。
    *   **不负责任**：如果没有充分理由，放弃承诺可能被视为不负责任的行为。

**我的看法：**

在我看来，两种观点都有其合理性，关键在于**具体情况**和**决策的理由**。

*   **遵守承诺**通常是首选，因为它体现了诚信和责任感。但在以下情况下，**适当地放弃承诺**可能更为负责任：
    *   承诺不再合理或可行。
    *   执行承诺可能导致严重负面后果。
    *   有更好的替代方案可以实现原始目标。
*   **决策过程**也非常重要。无论是否选择遵守或放弃承诺，都应：
    *   仔细评估当前情况和潜在后果。
    *   与相关方进行透明的沟通，解释决策理由。
    *   尽量找到替代方案，减少对他人的影响。

**结论：**

诚信和责任感不是静态的概念，它们需要在动态的环境中被适应性地应用。既要坚守原则，也要具备灵活应变的能力。通过权衡情况、透明沟通和寻求最佳解决方案，我们可以在遵守承诺和放弃承诺之间找到平衡，展现出真正的诚信和责任感。 [end of text]


