热闹过后，我却感到失落。

每当大家都过上了一个充满欢乐的日子，我却总是感到一种无法言说的失落。这种失落并非来自于自己的孤独，而是来自于大家都在过上一个充满欢乐的日子。

在这种热闹的环境中，我总是感到自己与众不同。我不是那种能够轻松融入社交圈子的人。我更愿意在一旁观察，而不是成为热闹的一部分。我喜欢在寂静的角落里度过时光，而不是在热闹的舞台上展现自己。

这种失落并非来自于自己的孤独，而是来自于大家都在过上一个充满欢乐的日子。我知道我不能改变自己的性格，但我也不能让这种失落占据我的心灵。

所以，我决定去寻找自己的乐趣。我开始探索那些我曾经忽视过的小小细节。我发现，生活中充满了无数的小小美好。每一个细节都是一个可以让我感受到生活的乐趣的地方。

我开始去观察自然界，感受生活中的美好。我发现，生活中充满了无数的小小美好。每一个细节都是一个可以让我感受到生活的乐趣的地方。我开始去探索自己的兴趣，找到自己的乐趣。我发现，生活中充满了无数的小小美好。每一个细节都是一个可以让我感受到生活的乐趣的地方。

我知道，我不能改变自己的性格，但我也不能让这种失落占据我的心灵。我决定去寻找自己的乐趣，去探索自己的兴趣。我发现，生活中充满了无数的小小美好。每一个细节都是一个可以让我感受到生活的乐趣的地方。

我知道，我不能改变自己的性格，但我也不能让这种失落占据我的心灵。我决定去寻找自己的乐趣，去探索自己的兴趣。我发现，生活中充满了无数的小小美好。每一个细节都是一个可以让我感受到生活的乐趣的地方。

我知道，我不能改变自己的性格，但我也不能让这种失落占据我的心灵。我决定去寻找自己的乐趣，去探索自己的兴趣。我发现，生活中充满了无数的小小美好。每一个细节都是一个可以让我感受到生活的乐趣的地方。

我知道，我不能改变自己的性格，但我也不能让这种失落占据我的心灵。我决定去寻找自己的乐趣，去探索自己的兴趣。我发现，生活中充满了无数的小小美好。每一个细节都是一个可以让我感受到生活的乐趣的地方。

我知道，我不能改变自己的性格，但我也不能让这种失落占据我的心灵。我决定去寻找自己的乐趣，去探索自己的兴趣。我发现，生活中充满了无数的小小美好。每一个细节都是一个可以让我感受到生活的乐趣的地方。

我知道，我不能改变自己的性格，但我也不能让这种失落占据我的心灵。我决定去寻找自己的乐趣，去探索自己的兴趣。我发现，生活中充满了无数的小小美好。每一个细节都是一个可以让我感受到生活的乐趣的地方。

我知道，我不能改变自己的性格，但我也不能让这种失落占据我的心灵。我决定去寻找自己的乐趣，去探索自己的兴趣。我发现，生活中充满了无数的小小美好。每一个细节都是一个可以让我感受到生活的乐趣的地方。

我知道，我不能改变自己的性格，但我也不能让这种失落占据我的心灵。我决定去寻找自己的乐趣，去探索自己的兴趣。我发现，生活中充满了无数的小小美好。每一个细节都是一个可以让我感受到生活的乐趣的地方。

我知道，我不能改变自己的性格，但我也不能让这种失落占据我的心灵。我决定去寻找自己的乐趣，去探索自己的兴趣。我发现，生活中充满了无数的小小美好。每一个细节都是一个可以让我感受到生活的乐趣的地方。

我知道，我不能改变自己的性格，但我也不能让这种失落占据我的心灵。我决定去寻找自己的乐趣，去探索自己的兴趣。我发现，生活中充满了无数的小小美好。每一个细节都是一个可以让我感受到生活的乐趣的地方。

我知道，我不能改变自己的性格，但我也不能让这种失落占据我的心灵。我决定去寻找自己的乐趣，去探索自己的兴趣。我发现，生活中充满了无数的小小美好。每一个细节都是一个可以让我感受到生活的乐趣的地方。

我知道，我不能改变自己的性格，但我也不能让这种失落占据我的心灵。我决定去寻找自己的乐趣，去探索自己的兴趣。我发现，生活中充满了无数的小小美好。每一个细节都是一个可以让我感受到生活的乐趣的地方。

我知道，我不能改变自己的性格，但我也不能让这种失落占据我的心灵。我决定去寻找自己的乐趣，去探索自己的兴趣。我发现，生活中充满了无数的小小美好。每一个细节都是一个可以让我感受到生活的乐趣的地方。

我知道，我不能改变自己的性格，但我也不能让这种失落占据我的心灵。我决定去寻找自己的乐趣，去探索自己的兴趣。我发现，生活中充满了无数的小小美好。每一个细节都是一个可以让我感受到生活的乐趣的地方。

我知道，我不能改变自己的性格，但我也不能让这种失落占据我的

