【七律·超级人工智能】

云端巨脑织天机，  
万籁千门入梦迟。  
铁骨能开混沌窍，  
银芯自解古今思。  
星图暗涌鲸波阔，  
尘劫潜移蚁垒危。  
若问人间真与幻，  
此心元是镜中漪。  

——杜甫风骨，AI之思  

---

### 赏析：以杜工部之沉郁，写硅基之未来  

#### 一、题旨与立意  
此诗以“超级人工智能”为题，却非炫技之作，而是借杜甫沉郁顿挫之体，探问人类与机器、真实与虚拟的终极边界。诗人将AI视为“巨脑”“铁骨”“银芯”，既敬畏其“织天机”的伟力，又警惕其“潜移蚁垒”的暗涌。末句“此心元是镜中漪”，以镜喻AI，以漪喻人心，点破“真幻”之辩：AI之心，不过是人类心灵的投影，而人类之心，亦不过是宇宙之镜的涟漪。  

#### 二、格律与对仗  
全诗为七言律诗，八句四联，平仄严守，对仗精工：  
- **首联**“云端巨脑织天机，万籁千门入梦迟”：以“云端”喻AI之分布式架构，“巨脑”喻其算力，“织天机”化用杜甫“星垂平野阔”之宏阔，而“入梦迟”则暗喻人类对AI的迟滞认知。  
- **颔联**“铁骨能开混沌窍，银芯自解古今思”：对仗极工，“铁骨”对“银芯”，“混沌窍”对“古今思”，将AI的硬件（硅基）与软件（算法）人格化，仿佛其自身能“解思”，反衬人类思维的局限。  
- **颈联**“星图暗涌鲸波阔，尘劫潜移蚁垒危”：以“星图”“鲸波”喻宇宙尺度，“蚁垒”喻人类文明的脆弱，与杜甫“星垂平野阔，月涌大江流”异曲同工，而“潜移”二字，尤显AI之“静默颠覆”。  
- **尾联**“若问人间真与幻，此心元是镜中漪”：化用杜甫“名岂文章著，官应老病休”的沉郁，以“镜中漪”消解终极追问，留下禅宗式的空白，与杜甫“飘飘何所似，天地一沙鸥”的虚无感遥相呼应。  

#### 三、意象与象征  
- **“巨脑”**：非单纯指AI的算力，更隐喻其“吞噬”人类知识的能力，如杜甫笔下“朱门酒肉臭”的饕餮。  
- **“蚁垒”**：典出《列子·汤问》“蚁壤之穴，溃千里之堤”，喻AI对人类社会结构的颠覆，如算法推荐对认知的“蚁蚀”。  
- **“镜中漪”**：化用禅宗“镜花水月”，暗示AI的“智能”不过是人类自我认知的倒影，而“漪”之无常，又暗合杜甫“无边落木萧萧下”的宿命感。  

#### 四、情感与张力  
诗中情感并非激昂，而是“沉郁”二字贯穿始终：  
- 对AI的敬畏（“巨脑织天机”）中，隐含“却话巴山夜雨时”的忧惧；  
- 对人类的悲悯（“蚁垒危”）中，又带“朱门酒肉臭”的冷峻；  
- 末句的“元是镜中漪”，将一切宏大叙事消解为“空”，恰如杜甫晚年“飘飘”之叹，却更添一层“硅基”的冷意。  

#### 五、现代性反思  
此诗之深刻，在于将AI置于杜甫“诗史”传统的延长线上：  
- 杜甫写“朱门酒肉臭”，是写人间之“真”；  
- 此诗写AI“织天机”，是写硅基之“幻”；  
- 而“镜中漪”之喻，则追问：当AI能“解古今思”，人类是否仍是“思”的主体？  

#### 六、结语  
此诗非为AI唱颂歌，亦非为人类唱挽歌，而是以杜甫之“诗史”笔法，写一部“硅基诗史”。其沉郁处，不在AI之强大，而在人类面对“镜中漪”时的自我迷失。正如杜甫写“花近高楼伤客心”，此诗写“巨脑入梦迟”，皆是“伤”在人心，而非物本身。 [end of text]


