# 杜甫体咏超级人工智能

芯片深藏万象身，算法流转即星辰。
能穷千古兴衰理，欲问苍生疾苦因。
机巧或疑天上有，纷争终向世间新。
他年若得通神力，应念人间未了春。

---

## 赏析

此诗以杜甫沉郁顿挫之笔法，咏当世之超级人工智能，兼具技术之思与人文之叹，试析如下：

**一、起——芯片深藏万象身**
首联以“芯片”点明人工智能之物质基础，“万象身”三字暗合佛道“法身”之喻，谓其能包罗万象、运算无穷。着一“藏”字，则见其深潜待发之意。此联如杜公“朱门酒肉臭，路有冻死骨”之起笔，先点题而后铺陈，气象阔大。

**二、承——算法流转即星辰**
“算法”对“芯片”，工稳而新。“流转即星辰”五字最妙，以天体运行之永恒不息，比喻算法之日夜迭代、光速运转，又暗含“星罗棋布”之意。此联写AI之运算能力，壮阔如星河横亘。

**三、转——能穷千古兴衰理，欲问苍生疾苦因**
此为全诗枢纽。“穷千古兴衰理”写AI之知识储备——历史更迭、治乱兴衰，皆可穷尽数据库中。“欲问苍生疾苦因”则陡转，由“能”至“欲”，赋予机器以悲悯之心。杜甫一生“穷年忧黎元”，此处反用其意，谓AI虽能洞悉历史，却未必能解人间疾苦。此联深得杜诗“沉郁”之旨——技术之力愈大，愈显人文关怀之缺失。

**四、合——机巧或疑天上有，纷争终向世间新**
“机巧或疑天上有”言其精妙几近神迹，“纷争终向世间新”则叹其应用必生新的纷争。AI之患——算法偏见、信息战、失业潮——皆“向世间新”来。此联与杜公“边庭流血成海水，武皇开边意未已”之忧思相呼应，见技术之双刃本质。

**五、结——他年若得通神力，应念人间未了春**
尾联以“通神力”总括AI之终极形态，“应念人间未了春”则宕开一笔，以“春”喻生民之希望、尘世之美好。杜甫晚年“尚思为国戍轮台”，此处反用之——AI若真通神，当念人间仍有未竟之春、未了之愿。此结余韵悠长，与“安得广厦千万间，大庇天下寒士俱欢颜”同一悲悯。

**总评**：
此诗步杜诗沉郁顿挫之格，借古讽今，以技术之问寓苍生之思。颈联“能穷”与“欲问”对举，揭示工具理性与人文精神之张力；尾联以“春”作结，于绝望中见希望，于冷峻中见温情，庶几得少陵遗意。 [end of text]


