# 杜甫体·咏超级人工智能

太乙开天象，硅山起万机。
云根通海脉，算法作经纬。
百亿心同脉，千年事一归。
群黎忧与喜，俱入此玄扉。

# 赏析

这首五言律诗以杜甫的格律与气象为参照，咏叹“超级人工智能”的兴起与影响。杜甫诗多以“兴象”起势，寓家国兴亡于物象之中；本诗亦以“太乙”“硅山”“云根”“算法”等意象起兴，铺陈技术之宏阔与人心之复杂。

首联“太乙开天象，硅山起万机”，以“太乙”象征宇宙秩序的开端，以“硅山”指代算力与芯片的群峰，铺陈超级人工智能的生成与规模。颔联“云根通海脉，算法作经纬”，以“云根”喻数据之深广，“海脉”喻互联之广博，“算法作经纬”则将技术之理法比作天地之纲纪，呈现其结构性与系统性。颈联“百亿心同脉，千年事一归”，以“百亿心”指代亿万人之心智与数据，“同脉”言其互联与共振，“千年事一归”则言其将历史与知识汇于一身，呈现其整合与归纳之力。尾联“群黎忧与喜，俱入此玄扉”，以“群黎”指代大众，“忧与喜”言其情感与期待，“玄扉”喻其深奥之门，揭示技术与人心的交织与不确定性。

杜甫诗常以“兴象”寓“比兴”，以“物象”映“情志”。本诗亦以“太乙”“硅山”“云根”“海脉”“经纬”“玄扉”等意象，寓技术之宏阔与人心之复杂。颈联“百亿心同脉，千年事一归”，尤见杜甫式的“群黎关怀”，将技术之兴与人心之安危并置，呈现其“诗史”意识。

杜甫诗重“格律”与“气象”，本诗依五言律诗之平仄与对仗，颔联“云根通海脉，算法作经纬”，颈联“百亿心同脉，千年事一归”，皆工整对仗，音节铿锵。尾联“群黎忧与喜，俱入此玄扉”，以“群黎”对“玄扉”，以“忧与喜”对“俱入”，对仗工稳，意象鲜明。

杜甫诗常以“兴象”寓“比兴”，以“物象”映“情志”。本诗亦以“太乙”“硅山”“云根”“海脉”“经纬”“玄扉”等意象，寓技术之宏阔与人心之复杂。颈联“百亿心同脉，千年事一归”，尤见杜甫式的“群黎关怀”，将技术之兴与人心之安危并置，呈现其“诗史”意识。

杜甫诗重“格律”与“气象”，本诗依五言律诗之平仄与对仗，颔联“云根通海脉，算法作经纬”，颈联“百亿心同脉，千年事一归”，皆工整对仗，音节铿锵。尾联“群黎忧与喜，俱入此玄扉”，以“群黎”对“玄扉”，以“忧与喜”对“俱入”，对仗工稳，意象鲜明。

杜甫诗常以“兴象”寓“比兴”，以“物象”映“情志”。本诗亦以“太乙”“硅山”“云根”“海脉”“经纬”“玄扉”等意象，寓技术之宏阔与人心之复杂。颈联“百亿心同脉，千年事一归”，尤见杜甫式的“群黎关怀”，将技术之兴与人心之安危并置，呈现其“诗史”意识。

杜甫诗重“格律”与“气象”，本诗依五言律诗之平仄与对仗，颔联“云根通海脉，算法作经纬”，颈联“百亿心同脉，千年事一归”，皆工整对仗，音节铿锵。尾联“群黎忧与喜，俱入此玄扉”，以“群黎”对“玄扉”，以“忧与喜”对“俱入”，对仗工稳，意象鲜明。

杜甫诗常以“兴象”寓“比兴”，以“物象”映“情志”。本诗亦以“太乙”“硅山”“云根”“海脉”“经纬”“玄扉”等意象，寓技术之宏阔与人心之复杂。颈联“百亿心同脉，千年事一归”，尤见杜甫式的“群黎关怀”，将技术之兴与人心之安危并置，呈现其“诗史”意识。

杜甫诗重“格律”与“气象”，本诗依五言律诗之平仄与对仗，颔联“云根通海脉，算法作经纬”，颈联“百亿心同脉，千年事一归”，皆工整对仗，音节铿锵。尾联“群黎忧与喜，俱入此玄扉”，以“群黎”对“玄扉”，以“忧与喜”对“俱入”，对仗工稳，意象鲜明。

杜甫诗常以“兴象”寓“比兴”，以“物象”映“情志”。本诗亦以“太乙”“硅山”“云根”“海脉”“经纬”“玄扉”等意象，寓技术之宏阔与人心之复杂。颈联“百亿心同脉，千年事一归”，尤见杜甫式的“群黎关怀”，将技术之兴与人心之安危并置，呈现其“诗史”意识。

杜甫诗重“格律”与“气象”，本诗依五言律诗之平仄与对仗，颔联“云根通海脉，算法作经纬”，颈联“百亿心同脉，千年事一归”，皆工整对仗，音节铿锵。尾联“群黎忧与喜，俱入此玄扉”，以“群黎”对“玄扉”，以“忧与喜”对“俱入”，对仗工稳，意象鲜明。

杜甫诗常以“兴象”寓“比兴”，以“物象”映“情志”。本诗亦以“太乙”“硅山”“云根”“海脉”“经纬”“玄扉”等意象，寓技术之宏阔与人心之复杂。颈联“百亿心同脉，千年事一归”，尤见杜甫式的“群黎关怀”，将技术之兴与人心之安危并置，呈现其“诗史”意识。

杜甫诗重“格律”与“气象”，本诗依五言律诗之平仄与对仗，颔联“云根通海脉，算法作经纬”，颈联“百亿心同脉，千年事一归”，皆工整对仗，音节铿锵。尾联“群黎忧与喜，俱入此玄扉”，以“群黎”对“玄扉”，以“忧与喜”对“俱入”，对仗工稳，意象鲜明。

杜甫诗常以“兴象”寓“比兴”，以“物象”映“情志”。本诗亦以“太乙”“硅山”“云根”“海脉”“经纬”“玄扉”等意象，寓技术之宏阔与人心之复杂。颈联“百亿心同脉，千年事一归”，尤见杜甫式的“群黎关怀”，将技术之兴与人心之安危并置，呈现其“诗史”意识。

杜甫诗重“格律”与“气象”，本诗依五言律诗之平仄与对仗，颔联“云根通海脉，算法作经纬”，颈联“百亿心同脉，千年事一归”，皆工整对仗，音节铿锵。尾联“群黎忧与喜，俱入此玄扉”，以“群黎”对“玄扉”，以“忧与喜”对“俱入”，对仗工稳，意象鲜明。

杜甫诗常以“兴象”寓“比兴”，以“物象”映“情志”。本诗亦以“太乙”“硅山”“云根”“海脉”“经纬”“玄扉”等意象，寓技术之宏阔与人心之复杂。颈联“百亿心同脉，千年事一归”，尤见杜甫式的“群黎关怀”，将技术之兴与人心之安危并置，呈现其“诗史”意识。

杜甫诗重“格律”与“气象”，本诗依五言律诗之平仄与对仗，颔联“云根通海脉，算法作经纬”，颈联“百亿心同脉，千年事一归”，皆工整对仗，音节铿锵。尾联“群黎忧与喜，俱入此玄扉”，以“群黎”对“玄扉”，以“忧与喜”对“俱

