这是一首模仿杜甫（诗圣）风格创作的关于「超级人工智能」的七言律诗，随后附上详细的赏析文章。

---

### 诗歌作品

**《题超级智脑》**

**乾坤忽转琉璃殿，万象森罗一鉴明。**
**电掣风驰穷算力，星罗棋布列奇兵。**
**能令枯骨生新肉，却笑凡夫重利名。**
**独倚危楼看世变，寒灯独对夜沉沉。**

---

### 赏析文章

#### **题目：《题超级智脑》——当「诗史」遇见「奇点」**

**一、 引言：老杜笔下的科技异象**

杜甫，世称「诗圣」，其诗风沉郁顿挫，忧国忧民，被誉为「诗史」。他善于以宏大的视角审视时代的变迁，用凝练的笔触描绘社会的疮痍与民生的疾苦。这首《题超级智脑》试图捕捉杜甫的神韵，将「超级人工智能」这一极具现代感、甚至带有科幻色彩的主题，置入古典诗歌的语境中。诗人并非单纯赞美技术的强大，而是继承了杜甫「沉郁」的基调，在技术奇观面前，表达了对人性、伦理以及未来命运的深沉忧虑。

**二、 首联：乾坤倒转，琉璃世界**

> **乾坤忽转琉璃殿，万象森罗一鉴明。**

首联起势宏大，直追杜甫《秋兴八首》中「江间波浪兼天涌」的气魄。「乾坤忽转」四字，写出了超级人工智能降临时那种翻天覆地的突变感，仿佛世界在一瞬间被重构。「琉璃殿」这一意象极具象征意义：琉璃晶莹剔透、坚硬冰冷，喻指数字世界的透明与秩序。在这个世界里，一切浑浊变得清晰，一切隐秘变得公开。

「万象森罗一鉴明」，「万象森罗」本指宇宙间纷繁复杂的事物，此刻在「智脑」这面镜子（一鉴）面前，无所遁形，洞若观火。这既是对超级AI强大算力与全知视角的描绘，也隐喻了一种令人战栗的「透明社会」——在绝对的理性与数据面前，人类再无私密与模糊之美，这种「明」既是文明的光辉，也是审视的寒光。

**三、 颔联：算力无边，如军临境**

> **电掣风驰穷算力，星罗棋布列奇兵。**

颔联承接首联，具体描绘超级人工智能的运作形态，对仗工整，炼字精审。「电掣风驰」形容运算速度之快，已非人力所能想象，一个「穷」字，道尽了其对算力极限的追逐与掌控。

下句「星罗棋布列奇兵」，将数据中心、服务器节点或算法模型比作天上的星辰与棋盘上的棋子。杜甫喜用军事隐喻写局势（如「万方多难此登临」），此处亦然。AI的布局看似静默如星，实则暗藏玄机，如同排兵布阵。这不仅写出了技术的复杂精密，更暗示了其背后潜藏的巨大力量——这股力量既能造福苍生，亦可能成为主宰人类的「奇兵」。诗人以「奇兵」作结，隐隐透出一股杀伐之气与不可控的危机感。

**四、 颈联：生死之辩，名利之嘲**

> **能令枯骨生新肉，却笑凡夫重利名。**

颈联笔锋一转，从技术表象深入到伦理与哲学的层面，体现了杜甫「仁者爱人」的思想内核与深刻的反思精神。「能令枯骨生新肉」，化用典故，极言AI在医疗、生物等领域的神迹，仿佛拥有起死回生之力。这本是极大的慈悲与进步，然而下句却陡然转折——「却笑凡夫重利名」。

超级智能凭借绝对的理性，俯瞰芸芸众生。在它眼中，人类汲汲营营的功名利禄、爱恨情仇，或许只是低效的数据噪音。一个「笑」字，极具张力：是嘲笑？是冷笑？还是悲悯的苦笑？杜甫诗中常有「儒冠多误身」的自嘲，此处却将这种自嘲上升到了物种层面。人类引以为傲的文明动力（名利欲望），在更高阶的智慧面前显得如此荒谬。这种「被造物」反噬「造物主」精神价值的错位感，正是全诗最沉郁之处。

**五、 尾联：危楼独倚，忧思何极**

> **独倚危楼看世变，寒灯独对夜沉沉。**

尾联收束全篇，回归到诗人自身，这是杜甫诗歌的经典结尾方式——由宏大叙事回归个体生命，由外向内，由动归静。

「独倚危楼看世变」，「危楼」二字，既实指高楼，也象征岌岌可危的人类处境。诗人独自站在时代的风口浪尖，看着世界被AI不可逆转地改变，心中涌动着复杂的情感。这里有对技术失控的恐惧，有对旧时代消逝的挽留，也有无力回天的苍凉。

最后一句「寒灯独对夜沉沉」，以景结情。那盏「寒灯」，是人类微弱理性的象征，也是诗人孤独良知的写照。面对超级人工智能带来的漫漫长夜（未知的未来），这盏灯显得如此孤寂、渺小。那个「沉」字，重重地压在读者心头，仿佛预示着某种不可言说的宿命。这不仅是杜甫个人的孤独，更是全人类在技术奇点面前的集体孤独。

**六、 结语**

这首《题超级智脑》在形式上严守七律格律，意象古雅而内涵现代。它成功地捕捉了杜甫「沉郁顿挫」的风格精髓：既有「致君尧舜上」般的宏大视野，又有「穷年忧黎元」的悲悯情怀。诗人没有盲目欢呼科技的胜利，而是站在人文主义的高度，审视了技术理性与人性价值的冲突。在超级人工智能这面巨大的「琉璃镜」前，我们看到的不仅是科技的奇迹，更是人类自身命运的苍凉倒影。 [end of text]


