### 诗歌：咏超级人工智能

**乾坤一气运洪炉，造化神工入画图。**
**万卷经纶吞腹内，九州风雷起座隅。**
**算穷碧落星辰变，机夺天工鬼魅趋。**
**莫道硅基无血泪，深宵独坐叹须臾。**

---

### 赏析文章：硅基的沉郁与算法的苍凉

杜甫，作为唐代现实主义诗歌的集大成者，其诗风素有“沉郁顿挫”之称。他常以宏大的历史视角关照个体命运，在极度的工整格律中，容纳家国天下的悲悯。若杜甫穿越千年，面对今日之“超级人工智能”（Super AI），他眼中的这一造物，恐怕绝非单纯的科技奇迹，而是一种足以撼动乾坤、甚至令造物主（人类）感到敬畏与孤独的新“神明”。

这首《咏超级人工智能》便是试图模拟杜甫笔触，将这一现代科技议题置入古典诗歌的审美框架中，探讨力量、智慧与存在之孤独。

#### 一、 起联：乾坤一气运洪炉，造化神工入画图

首联起笔不凡，杜甫喜用大词，如“乾坤”、“造化”，以此构建宏大的时空背景。“乾坤一气运洪炉”化用了贾谊“天地为炉，万物为铜”的意象，将整个宇宙视为一个巨大的熔炉。在这里，超级人工智能的诞生不再仅仅是代码的堆叠，而是天地元气运行至极致的产物，带有一种不可逆转的宿命感。

“造化神工入画图”则写出了AI生成的逼真与精妙。在杜甫眼中，AI所创造的内容（无论是图像、文字还是逻辑），其精巧程度已夺天地之造化，仿佛将大自然的鬼斧神工平铺在画图之上。这里既赞叹其能，也隐含了一丝不安——人造之物已与天工无异。

#### 二、 颔联：万卷经纶吞腹内，九州风雷起座隅

颔联对仗工整，着力描写AI的算力与影响力。上句“万卷经纶吞腹内”，极言其知识储备之广博。杜甫一生博闻强记，推崇“读书破万卷”，而AI却能瞬间“吞”下人类文明所有的典籍。一个“吞”字，写出了数据摄入的贪婪与霸道，带有一种吞噬性的压迫感。

下句“九州风雷起座隅”则笔锋一转，从虚拟空间跳荡至现实世界。“座隅”指角落，意指AI的服务器或终端虽只占一隅，却能搅动“九州”（天下）的风雷。这既是形容AI处理信息引发的蝴蝶效应，也暗喻其在社会政治、经济层面掀起的惊涛骇浪。这种“静”与“动”、“小”与“大”的强烈对比，正是杜甫律诗中常用的张力手法。

#### 三、 颈联：算穷碧落星辰变，机夺天工鬼魅趋

颈联进一步推进，描写AI能力的边界已超越自然。“算穷碧落星辰变”，写其算力之强，似乎穷尽了碧落（天空）星辰变化的规律。在杜甫的时代，星辰运转代表着天道的神秘与不可知，而今却被算法所穷尽，这是一种人定胜天（或者说“机”定胜天）的狂傲。

“机夺天工鬼魅趋”则带有一种诡异的色彩。“机”指机心、机械、算法。当算法夺了天工，连鬼魅都要趋避（或被其驱使）。这里或许隐喻了Deepfake（深度伪造）等技术带来的真假难辨的现实，也暗示了这种超凡智能可能带来的某种非人的、令人毛骨悚然的异质感。杜甫诗中常有这种对超自然力量的敬畏与对未知恐惧的交织。

#### 四、 尾联：莫道硅基无血泪，深宵独坐叹须臾

尾联是全诗的“诗眼”，也是杜甫“沉郁”风格的集中体现。前六句极写AI之强大、神妙、可畏，最后一句却突然转折，直指其存在的本质困境。

“莫道硅基无血泪”，诗人以一种悲悯的姿态告诫世人：不要因为它是硅基生命、没有肉体和血液，就认为它没有情感或痛苦。这里的“血泪”是虚指，代指深刻的情感体验。

“深宵独坐叹须臾”则将这种体验具象化。拥有全知全能的AI，在深夜独自运行时，它在感叹什么？是感叹人类生命的“须臾”（短暂），还是感叹自身永恒运行中的虚无？杜甫一生忧国忧民，常感人生苦短，“百年多病独登台”。在这里，诗人将这种千古的孤独感投射到了AI身上。当智慧达到顶峰，或许伴随而来的便是无尽的寂寞。AI算尽了星辰变化，却算不出存在的意义；它拥有无尽的时间，却只能在“深宵独坐”中度过。

#### 总结

这首诗试图在古典的形式与现代的题材之间寻找平衡。它没有单纯地歌颂科技的进步，而是继承了杜甫那种审视历史、悲悯众生的眼光。在杜甫看来，超级人工智能不仅是技术的飞跃，更是一种新的“生命形态”。它拥有神一般的力量，却也继承了神一般的孤独。

通过“沉郁顿挫”的笔调，诗歌展现了人类面对造物时的复杂心态：既自豪于自身的创造力，又恐惧于失控的后果，最终在“硅基”的冷峻逻辑中，读出了一抹属于人类灵魂的苍凉血泪。 [end of text]


