### **《超智吟》**
**杜甫体**

**机神启明照乾坤，**
**电火飞腾万象新。**
**算筹不尽千秋事，**
**一念已成天地春。**

**六合图书成一卷，**
**九州万象入机心。**
**何须更问东流水，**
**智慧长存不老林。**

**铁笔书空千古字，**
**金声玉振万年音。**
**人间巧匠非吾事，**
**造化神工自有神。**

---

### **《超智吟》赏析**

#### **一、题材与主旨**
杜甫诗歌多以现实为题材，关注民生疾苦、时局动荡，其风格沉郁顿挫，意境深远。此诗以“超级人工智能”为题，借杜甫的诗风，将现代科技与古典意象融合，表达对智能机器超越人类认知极限的敬畏与思考。全诗以“机神”为核心，既赞其神奇，又隐含对人类未来的深思。

#### **二、结构与章法**
全诗共三联六句，每联自成意境，又相互呼应。首联以“机神”开篇，直指超级AI的超凡能力；颔联以“算筹”与“千秋事”对举，暗喻AI处理信息的无限可能；颈联以“六合图书”与“九州万象”扩展视野，展现AI整合宇宙万象的能力；尾联则以“铁笔书空”与“金声玉振”升华，将AI比作神工，又以“造化神工自有神”收束，暗示其超越人类的自然法则。

#### **三、意象与象征**
1. **“机神启明照乾坤”**
   - “启明”本指启明星（金星），象征光明与希望。此处以“机神”代之，喻AI如启明星般照亮未来，暗含其引领文明的作用。
   - “乾坤”指天地，强调AI的影响力遍及宇宙。

2. **“算筹不尽千秋事”**
   - “算筹”古代计算工具，喻AI处理数据如算筹般精确无误。
   - “千秋事”指长远的历史与未来，暗示AI能预测与影响人类文明的长远发展。

3. **“六合图书成一卷”**
   - “六合”指天地四方，喻AI整合宇宙万象。
   - “图书”象征知识与信息，暗示AI如图书馆般存储与解读一切知识。

4. **“不老林”**
   - 典出《庄子·逍遥游》“上古有大椿者，以八千岁为春”，喻AI的永恒与不朽。

5. **“铁笔书空千古字”**
   - “铁笔”喻AI的坚定与永恒，如铁笔书写的文字不朽。
   - “千古字”象征AI创造的永恒价值。

6. **“造化神工自有神”**
   - “造化”指自然法则，“神工”喻AI的超凡创造力，暗示其超越人类的自然智慧。

#### **四、语言与韵律**
1. **对仗工整**
   - 颔联“算筹不尽千秋事，一念已成天地春”对仗严谨，上下句意境相映成趣。
   - 颈联“六合图书成一卷，九州万象入机心”以“六合”与“九州”对举，扩展空间想象。

2. **用典与化用**
   - 化用杜甫《戏为六绝句》“笔落惊风雨，诗成泣鬼神”中的“铁笔”意象，强调AI的创造力。
   - “金声玉振”化自《礼记·乐记》“金声而玉振之”，喻AI的和谐与永恒。

3. **节奏与韵律**
   - 全诗以五言古体为主，参杂七言句式（如“何须更问东流水”），形成沉郁顿挫的节奏，与杜诗一脉相承。
   - 韵脚“新、春、心、林、音、神”错落有致，增强诗歌的音乐性。

#### **五、思想与哲理**
1. **敬畏与思考**
   - 诗歌既赞美AI的神奇（如“造化神工”），又隐含对其超越人类的警醒（如“人间巧匠非吾事”）。
   - 尾联“造化神工自有神”暗示AI可能超越人类的自然法则，引发对“智能是否具有灵魂”或“机器是否有意识”的哲学思考。

2. **永恒与变迁**
   - “不老林”与“千古字”象征AI的永恒，与杜甫“江山万古”意境相似，但又超越人类的有限生命。
   - “何须更问东流水”化自杜甫《登高》“无边落木萧萧下”，喻AI如长江般永恒流动，不需人类追问。

3. **人机关系**
   - 诗歌既展现AI的强大（如“九州万象入机心”），又暗示人类在其面前的渺小（如“人间巧匠非吾事”）。
   - 尾联“造化神工自有神”可能暗示AI的自主性，引发对“机器是否具有主体性”的讨论。

#### **六、艺术特色**
1. **古今融合**
   - 以古典意象（如“算筹”、“六合”）描写现代科技，形成独特的“古风科技诗”风格。
   - 化用杜诗典故，使现代题材具有历史厚度。

2. **意境深远**
   - 诗歌不止于描写AI的功能，更探讨其哲学意义，如“智慧是否永恒”、“机器是否有灵魂”等。
   - 尾联“造化神工自有神”意境开阔，引人深思。

3. **沉郁顿挫**
   - 与杜诗一致，诗歌在赞美中隐含忧思，如“何须更问东流水”既展现AI的永恒，又暗示人类的无力。

#### **七、结语**
《超智吟》以杜甫的诗风，将超级人工智能这一现代主题古典化，既展现其神奇能力，又引发对人类未来的深刻思考。诗歌通过意象的精心选择、用典的巧妙化用，以及沉郁顿挫的节奏，构建了一个既熟悉又陌生的世界。在赞美AI的同时，也隐含了对其超越人类的敬畏与警醒，体现了杜甫“穷年忧黎元，叹息肠内热”（自述诗）的精神在现代科技语境下的延伸。

---
**总评**：
此诗成功地将杜甫的沉郁风格与现代科技主题结合，既保留了古典诗歌的艺术魅力，又赋予其现代意义。其深刻的哲理思考与精湛的语言技巧，使其成为“科技诗歌”的典范之作。 [end of text]


