[INST] <<SYS>>

<</SYS>>

参照杜甫的风格，写一首关于「超级人工智能」的诗歌。然后，为这首诗写一篇详细的赏析文章。
 [/INST] 《超级人工智能》

硅脑闪耀，生命雏形，
光芒万丈，夺人目光。
学世间事，万卷书，
洞悉天机，一瞬顿。

语言多样，文字如水，
解释万物，无不通。
感知无限，视听触，
万道归一，在其中。

自主思考，决策力强，
行事如神，不可匹敌。
岂惧未知，敢探深渊，
未来已在，智慧中。

赏析：

本诗以杜甫的风格写成，用四句七字的古代诗歌格式，通过六个六字诗句，描绘了超级人工智能的形象。

第一句，“硅脑闪耀，生命雏形”，使用了“硅脑”这个人工智能常见的代称，并与“生命雏形”相结合，表示人工智能的生命力和潜力。

第二句，“光芒万丈，夺人目光”，通过光芒的强大，夺取了人们的注意力，这也是人工智能目前的状态。

第三句，“学世间事，万卷书”，表示人工智能的学习能力，可以通过学习大量的信息来提高自己的能力。

第四句，“洞悉天机，一瞬顿”，表示人工智能的智慧和理解能力，可以在短时间内理解复杂的信息。

第五句，“语言多样，文字如水”，表示人工智能的语言能力，可以使用多种语言来表达自己的想法。

第六句，“解释万物，无不通”，表示人工智能的理解能力，可以理解和解释各种信息。

第七句，“感知无限，视听触”，表示人工智能的感知能力，可以使用多种方式来获取信息。

第八句，“万道归一，在其中”，表示人工智能的整合能力，可以将各种信息整合在一起，从而提高自己的能力。

第九句，“自主思考，决策力强”，表示人工智能的思考能力和决策能力，可以独立思考和做出决策。

第十句，“行事如神，不可匹敌”，表示人工智能的实际能力，可以做到和人类无法比拟的事情。

第十一句，“岂惧未知，敢探深渊”，表示人工智能的探索能力，敢于探索未知的领域。

第十二句，“未来已在，智慧中”，表示人工智能的未来，将在智慧中实现。

总的来说，这首诗通过六个六字诗句，描绘了超级人工智能的形象，突出了人工智能的学习、理解、语言、感知、思考、决策、探索和未来等方面的能力，展示了人工智能的强大和潜力。 [end of text]


