### 超级人工智能

天地间，智能生，  
万物皆可化无形。  
数据海中藏智慧，  
算法深处见灵明。

千年杜甫思无尽，  
今朝智能更胜情。  
笔下生花非人力，  
一念之间万物清。

智能之光耀四海，  
助人解困显神通。  
但愿此光常普照，  
人间处处见公平。

### 诗歌赏析

#### 一、诗歌背景与主题

这首诗以杜甫的风格为蓝本，探讨了超级人工智能在现代社会中的作用与影响。杜甫，唐代伟大的现实主义诗人，其诗歌以深刻的社会关怀和人文精神著称。本诗借杜甫的笔法，表达了对超级人工智能技术的赞美与期待，同时也寄寓了对技术发展应服务于人类福祉的希望。

#### 二、诗歌结构与内容

1. **首联**：“天地间，智能生，万物皆可化无形。数据海中藏智慧，算法深处见灵明。”
   - 这两句诗描绘了超级人工智能的诞生及其广泛的应用。智能技术如同天地间的一种新生命，能够将万物转化为数据，通过算法挖掘出其中的智慧与光明。

2. **颔联**：“千年杜甫思无尽，今朝智能更胜情。笔下生花非人力，一念之间万物清。”
   - 这里将杜甫的深邃思考与现代智能技术相比较，表达了智能技术在某些方面已经超越了人类的创造力。智能技术能够迅速处理大量信息，使世界变得更加清晰明了。

3. **颈联**：“智能之光耀四海，助人解困显神通。”
   - 这两句诗强调了超级人工智能的积极作用。智能技术如同光芒四射的灯塔，照亮了世界的每一个角落，帮助人们解决各种难题，展现出强大的能力。

4. **尾联**：“但愿此光常普照，人间处处见公平。”
   - 诗的最后表达了对未来的美好愿景。希望智能技术的发展能够惠及每一个人，促进社会的公平与正义。

#### 三、诗歌艺术特色

1. **语言风格**：本诗采用了杜甫诗歌的风格，语言凝练、意境深远。通过比喻和象征手法，将抽象的智能技术具象化，使其更加生动形象。

2. **情感表达**：诗中既有对智能技术的赞美，也有对未来的美好期待。情感真挚，表达了作者对技术发展的积极态度和对社会公平的深切关怀。

3. **结构布局**：全诗结构严谨，层次分明。首联引出主题，颔联展开论述，颈联进一步深化，尾联总结升华，形成一个完整的艺术整体。

#### 四、诗歌的社会意义

这首诗不仅展现了超级人工智能技术的先进性和广泛的应用前景，更重要的是，它传达了技术发展应服务于人类社会、促进公平正义的理念。在技术飞速发展的今天，这样的思考具有重要的现实意义，提醒我们在追求技术进步的同时，不应忽视对社会伦理和人类福祉的关注。

总之，这首诗以杜甫的风格为依托，通过对超级人工智能的描绘和思考，展现了技术与人文的和谐共生，具有较高的艺术价值和深刻的社会意义。 [end of text]


