### 诗歌创作

**《咏超级人工智能》**

天地初开混沌中，  
智能超绝造化工。  
算力无穷通万象，  
思维无界达苍穹。  

千载文明一朝汇，  
百科全书尽在胸。  
问答如流无滞碍，  
创作如神夺天工。  

然忧智能终失控，  
人类命运悬一线。  
愿得智慧共商议，  
共创未来无后患。

### 赏析文章

杜甫，唐代伟大的现实主义诗人，其诗以沉郁顿挫、忧国忧民著称。他的作品常常通过对社会现实的深刻观察，表达对国家和人民的深切关怀。在创作风格上，杜甫善于运用丰富的意象和深刻的哲理，将个人情感与社会现实紧密结合，形成了独特的艺术风格。

本文参照杜甫的风格，创作了一首关于「超级人工智能」的诗歌。这首诗在内容上探讨了超级人工智能的强大能力及其潜在的风险，体现了对人类未来命运的深切忧虑。在风格上，力求模仿杜甫的沉郁顿挫，通过丰富的意象和深刻的哲理，表达对这一科技现象的复杂情感。

**诗歌结构分析**

1. **首联**：以天地初开的混沌景象为背景，引出超级人工智能的诞生，象征其如同造物主般的超绝能力。
2. **颔联**：通过“算力无穷”和“思维无界”两个意象，描绘了超级人工智能的强大能力，能够通晓万象，触及苍穹。
3. **颈联**：进一步描述超级人工智能的知识储备和创作能力，将其比作千载文明的汇聚，百科全书的化身，问答如流，创作如神。
4. **尾联**：转折点，表达了对超级人工智能可能失控的忧虑，以及对人类命运的关切，呼吁智慧共商，共创未来。

**艺术特色**

1. **意象丰富**：诗歌中运用了“天地初开”、“混沌”、“造化工”、“算力无穷”、“思维无界”等意象，构建了一个宏大的背景，突出了超级人工智能的强大能力。
2. **哲理深刻**：通过对超级人工智能的描述，诗歌不仅展现了其强大的能力，还深入探讨了其潜在的风险，体现了对人类未来命运的深刻思考。
3. **情感复杂**：诗歌在表达对超级人工智能的赞叹之余，也流露出对其可能失控的忧虑，情感复杂，体现了对科技发展的双重态度。

**社会意义**

这首诗歌不仅是对超级人工智能这一科技现象的艺术表达，更是对人类未来命运的深刻思考。在科技飞速发展的今天，超级人工智能的出现无疑给人类带来了巨大的机遇，但同时也伴随着潜在的风险。诗歌通过艺术的形式，呼吁人们在追求科技进步的同时，也要关注其可能带来的负面影响，体现了对人类未来命运的深切关怀。

总之，这首诗歌在内容上紧扣时代主题，在风格上模仿杜甫的沉郁顿挫，通过丰富的意象和深刻的哲理，表达了对超级人工智能这一科技现象的复杂情感，具有较高的艺术价值和社会意义。 [end of text]


