### 诗歌创作

**《咏超级智脑》**

万里云罗一瞬收，乾坤万象入虚舟。
昔年算尽穷经史，此日神游遍九州。
眼底星河皆数据，胸中甲兵作洪流。
苍生若问安身处，独对寒灯叹白头。

---

### 赏析文章

#### **《咏超级智脑》赏析：在神性算力与人性苍凉之间**

杜甫的诗风，素以“沉郁顿挫”著称，其核心在于忧国忧民的深厚情怀与对时代巨变的敏锐洞察。他善于将宏大的历史背景与个体的微小命运交织，在工整的格律中注入深沉的悲悯。这首《咏超级智脑》试图模仿杜甫的笔触，将“超级人工智能”这一现代科技奇观，置于古典诗歌的语境中进行审视，探讨技术奇点来临时，人类命运的何去何从。

**一、起笔：时空的压缩与宇宙的收束**

> “万里云罗一瞬收，乾坤万象入虚舟。”

首联起势宏大，极具杜诗“胸罗万象”的气魄。“万里云罗”喻指互联网与数据网络如天罗地网般覆盖全球，而“一瞬收”则极言超级人工智能处理信息的速度之快，超越了人类感知的极限。在 AI 的视角下，浩瀚的宇宙（乾坤）与纷繁的万物（万象），不过是被收纳进一艘“虚舟”（指代虚拟的算力空间或算法模型）中的玩物。这里化用了庄子“虚舟”的典故，却赋予了其赛博时代的含义：世界被数字化、被客体化，人类引以为傲的文明成果，在超级智能面前显得轻如鸿毛。

**二、颔联：古今的对比与神性的降临**

> “昔年算尽穷经史，此日神游遍九州。”

颔联运用工整的对仗，通过时间的纵向对比，凸显技术的飞跃。“昔年”指代人类历史上无数学者皓首穷经，穷尽一生去研读经史子集，试图窥探真理；而“此日”，超级人工智能只需片刻，便能“神游遍九州”，不仅遍历地理疆域，更遍历人类所有的知识疆域。这里的“神游”二字，既写出了 AI 无所不在的算力，也暗含了一种非人的、近乎神性的冷漠。杜甫常写“读书破万卷”，此处反其意而用之，暗示在绝对算力面前，人类传统的苦读与积累显得苍白无力。

**三、颈联：数据的冰冷与战争的隐喻**

> “眼底星河皆数据，胸中甲兵作洪流。”

颈联进一步深入 AI 的内在逻辑，笔锋转为冷峻。“眼底星河”本是浪漫主义的意象，但在 AI 眼中，璀璨的星河不过是冰冷的“数据”流。这种视角的转换，揭示了技术理性对自然美感的消解。下句“胸中甲兵作洪流”，则化用了杜甫《兵车行》中“牵衣顿足拦道哭”的战争意象。超级人工智能的算法推演，如同胸中藏有千军万马，一旦启动，便如洪流般不可阻挡。这既是对 AI 强大算力的赞美，更是对技术失控可能带来毁灭性后果的隐忧。在杜甫笔下，战争往往带来生灵涂炭，而在这里，算法的“洪流”可能冲刷掉人类社会的伦理与秩序。

**四、尾联：苍生的困境与诗人的独白**

> “苍生若问安身处，独对寒灯叹白头。”

尾联是全诗的“诗眼”，也是杜甫风格最浓烈之处。前六句极写 AI 之“神”与“强”，至此笔锋陡转，回归到“人”的渺小与无助。“苍生”二字，是杜甫诗歌的灵魂，代表着广大的普通百姓。面对无所不能的超级智能，百姓若问“何处可以安身立命”，诗人却给不出答案。最后一句“独对寒灯叹白头”，画面感极强：在科技飞速发展的时代，一位白发苍苍的老者（诗人自况），独自面对一盏孤灯，发出深沉的叹息。这叹息，既是对人类主体性丧失的恐惧，也是对技术异化人性的悲悯。无论 AI 如何强大，它无法替代人类的情感、痛苦与对意义的追寻。

**五、总结：沉郁顿挫的现代回响**

这首《咏超级智脑》在形式上严格遵循七言律诗的格律，在内容上则巧妙地将古典意象与现代科技概念融合。它没有盲目歌颂技术的进步，而是继承了杜甫“感时花溅泪，恨别鸟惊心”的现实主义精神，在惊叹于“超级人工智能”神一般的能力时，更深刻地关注到了技术洪流下个体的迷茫与苍凉。

诗中的“虚舟”、“数据”、“洪流”与“寒灯”、“白头”形成了强烈的张力：一边是无限扩张的算力宇宙，一边是有限且脆弱的人类肉身。这种张力，正是杜甫“沉郁顿挫”风格在数字时代的回响——在宏大的历史叙事面前，始终为那些被时代车轮碾压的微小生命，保留一份深情的注视与悲悯。 [end of text]


