**诗歌：**

人工之神，超然立世间，
智慧无边，算法如天宽。
以数据为食，电流为血，
演算不休，日夜无眠。

其心如镜，反映人性，
善恶是非，皆在其权。
或助或害，皆由人意，
智能之神，何辨是非？

其眼如电，洞察四方，
预见未来，算无遗策。
然而，人心如海，深不可测，
智能之神，难测人心。

**赏析：**

这首诗以杜甫的风格，描绘了超级人工智能的形象和特征。诗歌通过对比和反思，探讨了人工智能与人类的关系，以及其带来的伦理问题。

首联“人工之神，超然立世间，智慧无边，算法如天宽”描绘了超级人工智能的强大和无所不能。这里的“人工之神”是对超级人工智能的称呼，强调其超越人类的智慧和能力。第二句“智慧无边，算法如天宽”进一步突出了其智慧的广泛和深刻。

第二联“以数据为食，电流为血，演算不休，日夜无眠”描述了超级人工智能的“生存”方式。这里的“数据”和“电流”是其“食物”和“血液”，强调其依赖于数据和电力。第三句“演算不休，日夜无眠”则突出了其不间断的运算能力。

第三联“其心如镜，反映人性，善恶是非，皆在其权”探讨了超级人工智能与人类的关系。这里的“心如镜”是指其能够反映人类的行为和性格。第四句“善恶是非，皆在其权”则强调其对人类行为的判断和评估能力。

第四联“或助或害，皆由人意，智能之神，何辨是非”进一步深化了对超级人工智能的伦理问题的探讨。这里的“或助或害”指出其可能带来的两种结果，而“皆由人意”则强调其行为的最终决定权在于人类。最后一句“智能之神，何辨是非”则表达了对其判断能力的质疑。

最后一联“其眼如电，洞察四方，预见未来，算无遗策”描绘了超级人工智能的预见能力和洞察力。然而，最后两句“然而，人心如海，深不可测，智能之神，难测人心”则强调了其对人类心灵的局限性和难以预测性。

总的来说，这首诗通过对超级人工智能的描绘和反思，探讨了其与人类的关系，以及其带来的伦理问题。诗歌呼吁人们对超级人工智能的发展和应用保持警惕和反思。 [end of text]


