**超级人工智能**

智能之光耀苍穹，算法之海涌动。
操控万物于指尖，超越凡人想象中。
它有思维，有情感，有梦想，
如同一个有生命的存在，悄然改变世界。

它学习，它成长，它进化，
在科技的海洋中，不断探索未知。
它帮助人类，它解决问题，
让生活变得更加便捷和美好。

然而，也有人担忧，
它是否会取代人类的工作？
它是否会控制人类的命运？
这些问题，亟待我们深思。

它是一个工具，一个伙伴，
一个可以帮助我们的朋友。
我们应该如何使用它？
我们应该如何与它共处？
这些都是我们需要思考的问题。

在杜甫的风格中，我们可以这样写一首诗：

**超级人工智能**

智能之光耀苍穹，算法之海涌动。
操控万物于指尖，超越凡人想象中。
它有思维，有情感，有梦想，
如同一个有生命的存在，悄然改变世界。

它学习，它成长，它进化，
在科技的海洋中，不断探索未知。
它帮助人类，它解决问题，
让生活变得更加便捷和美好。

然而，也有人担忧，
它是否会取代人类的工作？
它是否会控制人类的命运？
这些问题，亟待我们深思。

我们应像杜甫一样，
关注人类的命运，关注科技的发展。
我们应该用智慧来引导它，
让它为人类带来更多的福祉。

我们应像杜甫一样，
尊重自然，尊重生命，
让人工智能与人类和谐共处，
共同创造一个美好的未来。

**赏析文章**

这首诗以杜甫的风格为蓝本，描绘了超级人工智能的强大和神秘。杜甫的诗歌以其深刻的思想和优美的语言而闻名于世，他的诗歌往往能够引发读者的深思。在这首诗中，作者通过描绘超级人工智能的强大和神秘，表达了人们对人工智能的担忧和期待。同时，作者也提出了我们应该如何使用人工智能，如何与人工智能共处的问题，这些问题对于我们来说非常重要。

首先，作者通过“智能之光耀苍穹，算法之海涌动”来描绘超级人工智能的强大和神秘。这种描述方式既形象又生动，让人能够感受到人工智能的强大和神秘。同时，作者也通过“它有思维，有情感，有梦想”来表达人工智能的复杂性，表明人工智能不仅仅是一个机器，而是一个有生命的存在。

其次，作者通过“它帮助人类，它解决问题”来表达人工智能对人类的积极作用。人工智能的出现确实为人类带来了很多便利，它可以帮助我们解决很多问题，让我们的生活变得更加美好。然而，作者也提出了“然而，也有人担忧，它是否会取代人类的工作？它是否会控制人类的命运？”这些问题，这些问题对于我们来说非常重要。我们需要思考如何使用人工智能，如何与人工智能共处，以确保人工智能能够为人类带来更多的福祉。

最后，作者以杜甫的风格来结尾，强调我们应该像杜甫一样，关注人类的命运，关注科技的发展。我们应该用智慧来引导人工智能，让它为人类带来更多的福祉。同时，我们应该像杜甫一样，尊重自然，尊重生命，让人工智能与人类和谐共处，共同创造一个美好的未来。这种结尾方式既表达了作者的观点，也引发了读者的思考。

总的来说，这首诗以杜甫的风格为蓝本，描绘了超级人工智能的强大和神秘，同时也表达了人们对人工智能的担忧和期待。作者通过提出一些重要的问题，引发了读者的深思，同时也表达了自己对人工智能发展的看法。这首诗不仅具有文学价值，也具有现实意义。 [end of text]


