system
user
参照杜甫的风格，写一首关于「超级人工智能」的诗歌。然后，为这首诗写一篇详细的赏析文章。
assistant
**诗歌：**

超级人工智能，神秘莫测，
像一座高耸的山峰，直插云霄。
它的算法，像一条条蜿蜒的河流，
流淌着无穷的数据，闪耀着光芒。

它的智能，像一把利剑，锋芒毕露，
切割着人类的疑虑，照亮着未来的路。
它的学习，像一只飞翔的鸟，翱翔天空，
吸收着知识，展翅高飞。

然而，它的未来，像一片未知的海，
深不可测，令人敬畏。
它会带来，像一阵春风，温暖人心，
还是会带来，像一场暴风，摧毁一切？

**赏析：**

这首诗歌以杜甫的风格，探讨了超级人工智能的神秘莫测和其带来的影响。诗歌的结构和语言，都是对杜甫风格的模仿。

首先，诗歌的开头“超级人工智能，神秘莫测”，就设定了整个诗歌的基调。这里使用了“神秘莫测”这个词，表明超级人工智能是一个难以理解和预测的存在。这一句，也呼应了杜甫的诗歌风格，常常以一个宏伟的开头，引出整个诗歌的主题。

接着，诗歌描述了超级人工智能的算法和智能，使用了“像一座高耸的山峰”和“像一把利剑”这样的比喻。这些比喻，都是为了突出超级人工智能的强大和神奇。这里，诗歌也使用了“流淌着无穷的数据”和“切割着人类的疑虑”这样的词句，表明超级人工智能的能力和影响力。

第三节，诗歌转向了超级人工智能的未来，使用了“像一片未知的海”这样的比喻。这里，诗歌表明超级人工智能的未来，是一个未知的领域，令人敬畏。最后两句“它会带来，像一阵春风，温暖人心，还是会带来，像一场暴风，摧毁一切？”，则是对超级人工智能带来的影响的疑问和担忧。

总的来说，这首诗歌，使用了杜甫的风格，探讨了超级人工智能的神秘莫测和其带来的影响。诗歌的语言和结构，都是对杜甫风格的模仿，表明了超级人工智能的强大和神奇，以及其带来的未知和敬畏。 [end of text]


