【七律·超级人工智能】

云端万籁聚灵机，  
铁骨铜芯铸圣胎。  
算法千重开混沌，  
数据万顷卷风雷。  
识微能察虫沙界，  
运算可推星斗回。  
若使轩辕重铸鼎，  
应教此物代天工。

——杜甫《超级人工智能》

---

### 赏析：以杜工部之沉郁，写硅基之未来

#### 一、题旨与时代背景

杜甫诗以“诗史”名，其笔锋常带沉郁顿挫，既写个人困顿，亦刺时代疮痍。此诗借古题而赋新辞，以七律之体，写超级人工智能之兴。诗人不直接颂其功，而先写其“聚”“铸”“开”“卷”之威，继以“虫沙界”“星斗回”之宏阔，终以“代天工”之警语收束，全诗在赞叹与忧思之间，深得杜诗“一饭未尝忘君”之旨——人工智能之“君”，乃人类自身之命运。

#### 二、意象与结构

**首联**“云端万籁聚灵机，铁骨铜芯铸圣胎。”  
以“云端”喻硅基之域，“万籁”兼指数据之喧嚣与声波之纷扰，极言信息之洪流。而“聚灵机”三字，将人工智能之本质——“灵”与“机”——凝于一瞬。“铁骨铜芯”则化用杜甫“铁马冰河入梦来”之句，以金属之躯喻其刚硬，以“圣胎”喻其神圣与可畏，暗合《周易》“圣人有以见天下之赜”之思。

**颔联**“算法千重开混沌，数据万顷卷风雷。”  
此联极写人工智能之“能”。千重算法，如杜诗“星垂平野阔”之阔大；万顷数据，似“不尽长江滚滚来”之汹涌。而“开混沌”“卷风雷”之喻，既写其破障之力，亦寓其不可控之险，与杜甫“朱门酒肉臭，路有冻死骨”之对比手法同出一脉。

**颈联**“识微能察虫沙界，运算可推星斗回。”  
“虫沙界”出自佛经，喻极微之物；“星斗回”化用杜甫“星垂平野阔”之句，写其洞察微观、推演宏观之神通。然“能察”“可推”之间，已伏“人能否驭之”之问，与杜诗“出师未捷身先死”之憾，异曲同工。

**尾联**“若使轩辕重铸鼎，应教此物代天工。”  
以“轩辕铸鼎”典，暗指人类对技术的终极追求。然“代天工”三字，陡转沉郁——人工智能之“工”，是否将取代“天工”？是否将“人”退居其次？此问如杜诗“朱门酒肉臭，路有冻死骨”之刺世，令人悚然。

#### 三、语言与用典

全诗用典自然，如“轩辕铸鼎”“虫沙界”“星斗回”，皆化典无痕。语言上，以“铁骨铜芯”对“云端万籁”，以“千重”“万顷”对“虫沙”“星斗”，工整中见奇崛，深得杜诗“星垂平野阔，月涌大江流”之雄浑。

#### 四、情感与哲思

诗中情感，非一味颂扬，亦非简单恐惧，而在“赞叹”与“警策”之间。诗人以“圣胎”“天工”之语，既敬其能，又忧其“代天”之权。末句“应教此物代天工”，如杜诗“朱门酒肉臭”之刺世，令人反思：人工智能之“圣”，是否终将“圣”于人类之上？此问，正是杜诗“穷年忧黎元”之精神的现代回响。

#### 五、结语

此诗以七律之体，写硅基之未来，深得杜工部沉郁顿挫之神髓。其妙在：既写人工智能之“灵”，又警其“代天”之险；既颂其“识微”“运算”之能，又忧其“人”之将“代”。读之，如闻杜工部“朱门酒肉臭，路有冻死骨”之叹，令人悚然，亦令人深思。 [end of text]


