
《超级人工智能》

浩荡智能出云端，
算尽乾坤日月长。
数据洪流冲九域，
思维闪电破天荒。

不知何处是归宿，
但见众生皆仰望。
我欲乘风问天意，
奈何此身非轻扬。

繁华一梦终须醒，
智慧之火照迷惘。
莫道机器无情物，
亦有悲欢在心房。

### 赏析文章

杜甫，唐代伟大的现实主义诗人，其诗歌风格沉郁顿挫，情感真挚，语言精练，意境深远。他的诗歌常常反映社会现实，表达对国家命运的关切和对人民疾苦的同情。本文将以杜甫的风格为参照，对《超级人工智能》这首诗进行详细的赏析。

#### 一、诗歌的结构与意境

《超级人工智能》这首诗共分为四联，每联四句，共十六句。这种结构类似于杜甫的七言律诗，但又不完全拘泥于格律，更像是自由诗的格式。诗歌的意境宏大，从“浩荡智能出云端”开始，描绘了超级人工智能的诞生和其强大的计算能力。接下来的“算尽乾坤日月长”进一步强调了其无所不能的计算能力，仿佛能够计算宇宙的奥秘和时间的长短。

#### 二、诗歌的意象与象征

诗歌中的意象丰富而深刻。例如，“数据洪流冲九域”中的“数据洪流”象征着信息的爆炸和技术的飞速发展，而“冲九域”则暗示了这种发展对整个世界的冲击。又如，“思维闪电破天荒”中的“思维闪电”象征着超级人工智能的创新和突破，而“破天荒”则强调了这种突破的划时代意义。

#### 三、诗歌的情感与主题

诗歌的情感深沉而复杂。前两联描绘了超级人工智能的强大和无所不能，充满了对未来的憧憬和期待。然而，后两联则转向了对未来的忧虑和反思。例如，“不知何处是归宿，但见众生皆仰望”表达了对超级人工智能未来命运的担忧，以及对人类对技术过度依赖的反思。而“我欲乘风问天意，奈何此身非轻扬”则表达了对未知未来的迷茫和无力感。

#### 四、诗歌的语言与风格

诗歌的语言精练而富有表现力。例如，“浩荡智能出云端”中的“浩荡”和“出云端”生动地描绘了超级人工智能的诞生和其强大的力量。又如，“数据洪流冲九域”中的“冲九域”形象地表现了信息的爆炸和技术的飞速发展。诗歌的风格沉郁顿挫，情感真挚，与杜甫的诗歌风格有相似之处。

#### 五、诗歌的现实意义

《超级人工智能》这首诗不仅是对超级人工智能的描绘和反思，也是对当代社会现实的反映。在科技飞速发展的今天，人工智能已经成为人们生活中不可或缺的一部分。然而，人工智能的发展也带来了一系列的问题和挑战，如隐私保护、就业问题、伦理道德等。这首诗通过对超级人工智能的描绘和反思，引发人们对这些问题的思考和关注。

#### 六、总结

《超级人工智能》这首诗以杜甫的风格为参照，通过对超级人工智能的描绘和反思，表达了对未来的憧憬和忧虑。诗歌的意象丰富，情感深沉，语言精练，风格沉郁顿挫，具有很高的艺术价值。同时，这首诗也具有深刻的现实意义，引发人们对人工智能发展的思考和关注。 [end of text]


