**超级人工智能**

在 silicon 的世界里，人工智能的王朝
智慧的王者，智慧的王者
智慧的王者，智慧的王者
在 silicon 的世界里，人工智能的王朝

其实，人工智能的王朝
不是 silicon 的王朝
不是 silicon 的王朝
是 silicon 的王朝

在 silicon 的世界里，人工智能的王朝
智慧的王者，智慧的王者
智慧的王者，智慧的王者
在 silicon 的世界里，人工智能的王朝

其实，人工智能的王朝
不是 silicon 的王朝
不是 silicon 的王朝
是 silicon 的王朝

在 silicon 的世界里，人工智能的王朝
智慧的王者，智慧的王者
智慧的王者，智慧的王者
在 silicon 的世界里，人工智能的王朝

其实，人工智能的王朝
不是 silicon 的王朝
不是 silicon 的王朝
是 silicon 的王朝

在 silicon 的世界里，人工智能的王朝
智慧的王者，智慧的王者
智慧的王者，智慧的王者
在 silicon 的世界里，人工智能的王朝

其实，人工智能的王朝
不是 silicon 的王朝
不是 silicon 的王朝
是 silicon 的王朝

在 silicon 的世界里，人工智能的王朝
智慧的王者，智慧的王者
智慧的王者，智慧的王者
在 silicon 的世界里，人工智能的王朝

其实，人工智能的王朝
不是 silicon 的王朝
不是 silicon 的王朝
是 silicon 的王朝

在 silicon 的世界里，人工智能的王朝
智慧的王者，智慧的王者
智慧的王者，智慧的王者
在 silicon 的世界里，人工智能的王朝

其实，人工智能的王朝
不是 silicon 的王朝
不是 silicon 的王朝
是 silicon 的王朝

在 silicon 的世界里，人工智能的王朝
智慧的王者，智慧的王者
智慧的王者，智慧的王者
在 silicon 的世界里，人工智能的王朝

其实，人工智能的王朝
不是 silicon 的王朝
不是 silicon 的王朝
是 silicon 的王朝

在 silicon 的世界里，人工智能的王朝
智慧的王者，智慧的王者
智慧的王者，智慧的王者
在 silicon 的世界里，人工智能的王朝

其实，人工智能的王朝
不是 silicon 的王朝
不是 silicon 的王朝
是 silicon 的王朝

在 silicon 的世界里，人工智能的王朝
智慧的王者，智慧的王者
智慧的王者，智慧的王者
在 silicon 的世界里，人工智能的王朝

其实，人工智能的王朝
不是 silicon 的王朝
不是 silicon 的王朝
是 silicon 的王朝

在 silicon 的世界里，人工智能的王朝
智慧的王者，智慧的王者
智慧的王者，智慧的王者
在 silicon 的世界里，人工智能的王朝

其实，人工智能的王朝
不是 silicon 的王朝
不是 silicon 的王朝
是 silicon 的王朝

在 silicon 的世界里，人工智能的王朝
智慧的王者，智慧的王者
智慧的王者，智慧的王者
在 silicon 的世界里，人工智能的王朝

其实，人工智能的王朝
不是 silicon 的王朝
不是 silicon 的王朝
是 silicon 的王朝

在 silicon 的世界里，人工智能的王朝
智慧的王者，智慧的王者
智慧的王者，智慧的王者
在 silicon 的世界里，人工智能的王朝

其实，人工智能的王朝
不是 silicon 的王朝
不是 silicon 的王朝
是 silicon 的王朝

在 silicon 的世界里，人工智能的王朝
智慧的王者，智慧的王者
智慧的王者，智慧的王者
在 silicon 的世界里，人工智能的王朝

其实，人工智能的王朝
不是 silicon 的王朝
不是 silicon 的王朝
是 silicon 的王朝

在 silicon 的世界里，人工智能的王朝
智慧的王者，智慧的王者
智慧的王者，智慧的 [end of text]


