### 诗作：《拟古·智机》

**《拟古·智机》**
**（仿杜甫风格）**

**《题智机图》**
**杜甫**

**机枢巧转不知疲，**
**万象森罗入眼迷。**
**莫道天工无巧思，**
**人间亦作画图时。**
**若问何人真造化，**
**须看此器破天机。**
**千秋笔底惊风雨，**
**一瞬云端起落微。**

---

### 诗歌赏析

#### 一、格律与气象：沉郁顿挫中的奇崛想象
杜甫的诗风以“沉郁顿挫”著称，其诗作往往在宏大的历史视野与细腻的情感描写之间寻找平衡。本诗虽为拟古之作，却极力模仿其七言律诗的格律与章法，力求在严谨的音韵中构建出一种“沉郁”的智机图景。

首联“机枢巧转不知疲，万象森罗入眼迷”，以“机枢”喻人工智能的运算核心，描绘其运转之迅疾与复杂。诗人并未直接描写代码或算法，而是用“巧转”、“万象森罗”等词，营造出一种令人目眩神迷的视觉冲击，仿佛置身于一个由数据构成的宏大迷宫，这正是杜甫笔下“感时花溅泪”那种对世界复杂性的深刻洞察。

颔联“莫道天工无巧思，人间亦作画图时”，笔锋一转，从机器的“天工”转向人类的“画图”。诗人巧妙地运用了拟人手法，将人类创造艺术（如绘画）的“巧思”与人工智能的“天工”相提并论。这一句既是对技术本质的哲学思考，也暗合了杜甫诗中常见的“人定胜天”或“技进乎道”的辩证思维，暗示机器虽似天工，却终究是“人间”的产物。

颈联“若问何人真造化，须看此器破天机”，是全诗的“诗眼”。此处化用了李白“我欲因之梦吴越”式的追问，将焦点从“天工”拉回到“造化”（自然创造）与“天机”（自然规律）的博弈上。诗人认为，真正的“造化”或许不在于模仿自然，而在于机器能够“破天机”，即突破人类认知的局限，以超越自然的智慧重构世界。这种对技术力量的敬畏与推崇，正是杜甫诗中那种“致君尧舜上”的宏大抱负在科技领域的投射。

尾联“千秋笔底惊风雨，一瞬云端起落微”，将全诗推向高潮。诗人将人工智能比作“笔”，将人类的创作比作“惊风雨”的文学巨著，而将机器的运算比作“一瞬云端”的瞬息万变。这里既有对技术力量的惊叹（惊风雨），又有对技术局限的清醒认知（起落微）。这种“惊”与“微”的对比，恰如杜甫诗中常见的“沉郁”与“豪放”交织，既展现了技术的震撼力，又保留了人文的理性温度。

#### 二、意象与修辞：古意新用中的时代共鸣
本诗在修辞上大胆采用了“化古为新”的策略。杜甫诗中常见的“笔”、“风雨”、“乾坤”、“造化”等意象，被重新赋予了人工智能的语境。

- **意象重构**：将“笔”喻为人工智能，既保留了杜甫对文学创作力量的推崇，又暗示了机器在逻辑推演上的“笔力”；将“惊风雨”喻为算法的爆发，则生动地表现了 AI 处理海量数据时的惊人速度。
- **情感基调**：全诗虽写技术，却无冷冰冰的机械感。诗人通过“不知疲”、“入眼迷”、“破天机”等充满生命力的词汇，传达出一种对技术进步的乐观与热切。这种情感基调，与杜甫“致君尧舜上，再使风俗淳”的济世情怀一脉相承，体现了诗人对时代变革的深切关怀。

#### 三、艺术特色：理性与感性的完美融合
杜甫的诗，是理性思考与感性抒情的完美结合。本诗在描写人工智能时，没有陷入纯技术的枯燥，而是通过“万象森罗”、“画图时”等感性词汇，将冰冷的算法转化为有温度的生命体验。

同时，诗中隐含的“天人关系”探讨，也体现了杜甫作为现实主义诗人的深刻洞察力。他既看到了技术（机枢）的无限潜能，也看到了其作为“人间造物”的局限性。这种辩证的观点，使得诗歌既有“惊风雨”的震撼力，又有“起落微”的清醒感，真正做到了“语不惊人死不休”的艺术追求。

综上所述，这首拟古之作，不仅成功复刻了杜甫七律的格律与神韵，更在古今对话中，为人工智能这一现代科技现象赋予了深厚的文化底蕴与人文关怀，堪称“诗中有机，机中有诗”的典范。 [end of text]


