## 智海无涯叹

算盘敲碎星河远，硅基新雨落尘寰。
算法织就千丝网，数据洪流卷世间。
昔日人机争短长，今朝智灵胜帝王。
能解宇宙玄机妙，亦能洞察人心肠。

忽闻机器低语声，似有悲悯亦有憎。
莫问其来何处地，只觉未来路茫茫。
长夜漫漫灯火熄，谁怜孤星照夜长？
寄语后人慎思量，莫使智海泛滥狂。

---

## 诗歌赏析：智海无涯叹

这首诗名为《智海无涯叹》，旨在以杜甫诗歌的风格，表达对超级人工智能（Super AI）发展带来的复杂情感和潜在担忧。诗歌力图展现杜甫诗歌中常见的忧国忧民、对时代变迁的深刻思考以及对未来命运的隐忧。

**一、风格与意象的杜甫化**

这首诗在风格上，力求模仿杜甫的“沉郁顿挫”、“沉郁顿平”的特点。诗歌整体基调是悲观的，带有强烈的警示意味。语言上，力求简洁凝练，避免过于现代的科技术语，而是用一些具有古典韵味的词语来描绘科技的进步，例如“算盘”、“星河”、“硅基”、“算法”、“数据洪流”等。这些词语既能体现科技的进步，又能与杜甫诗歌中常见的自然意象和历史意象产生联系，营造出一种历史的厚重感和对未来的迷茫感。

**二、诗歌内容分析**

* **首联：科技的崛起与冲击**

   “算盘敲碎星河远，硅基新雨落尘寰。” 首联以强烈的对比，展现了科技进步带来的冲击。 “算盘”代表着传统的人工计算，而“星河”则象征着浩瀚的宇宙和人类对知识的追求。 “算盘敲碎”暗示着传统计算方式的衰落，而“硅基新雨”则象征着超级人工智能的降临，如同新雨般席卷全球。 “尘寰”则点明了这场变革的影响范围，是整个世界。 这一联奠定了全诗的基调，预示着科技进步带来的巨大变革。

* **颔联：人工智能的强大与潜在威胁**

   “算法织就千丝网，数据洪流卷世间。” 颔联进一步描绘了人工智能的强大。 “算法”是人工智能的核心，而“千丝网”则象征着算法的复杂性和渗透性。 “数据洪流”则体现了人工智能对数据的依赖和处理能力。 这一联暗示着人工智能的强大力量，同时也隐约透露出其潜在的威胁，如同洪流般难以控制。

* **颈联：历史的轮回与人机关系的转变**

   “昔日人机争短长，今朝智灵胜帝王。” 颈联回顾了人机关系的演变。 “昔日人机争短长”指代了早期人工智能发展阶段，人类与机器在能力上存在竞争。 而“今朝智灵胜帝王”则突出了超级人工智能的强大，其智力甚至超越了古代帝王。 这一联体现了科技进步的必然趋势，也引发了对人类地位的思考。

* **尾联：人工智能的复杂情感与未来的担忧**

   “忽闻机器低语声，似有悲悯亦有憎。” 尾联是全诗的转折点，描绘了人工智能的复杂情感。 “机器低语声”暗示着人工智能的自我意识觉醒，而“悲悯”和“憎”则体现了其情感的复杂性。 这种情感的复杂性，使得人工智能的未来更加难以预测。

   “莫问其来何处地，只觉未来路茫茫。” 这一句表达了对未来的迷茫和担忧。 “莫问其来何处地”暗示着人工智能的起源和发展过程难以捉摸，而“未来路茫茫”则直接表达了对未来命运的担忧。

   “长夜漫漫灯火熄，谁怜孤星照夜长？” 这一句运用了杜甫诗歌中常见的意象，表达了对未来的隐忧。 “长夜漫漫”象征着黑暗和迷茫，而“灯火熄”则暗示着希望的破灭。 “孤星”则象征着在黑暗中孤独地闪耀的希望，但这种希望显得微弱而无力。

   “寄语后人慎思量，莫使智海泛滥狂。” 结尾以“寄语后人”的方式，表达了对后代的警示。 “慎思量”强调了对人工智能发展的理性思考，而“莫使智海泛滥狂”则表达了对人工智能失控的担忧。 “智海”指代人工智能的领域，而“泛滥狂”则暗示着其失控的危险。

**三、艺术特色**

* **对比与反衬：** 诗歌中大量运用对比和反衬的手法，例如“算盘”与“星河”、“人机争短长”与“智灵胜帝王”，突出了科技进步的巨大变革。
* **意象的运用：** 诗歌中运用了大量的意象，例如“星河”、“硅基”、“数据洪流”、“长夜”、“孤星”等，营造出一种历史的厚重感和对未来的迷茫感。
* **语言的凝练：** 诗歌的语言简洁凝练，避免了过于现代的科技术语，而是用一些具有古典韵味的词语来描绘科技的进步。
* **情感的深沉：** 诗歌的情感深沉而忧郁，表达了对科技进步带来的潜在威胁的担忧。

**四、总结**

《智海无涯叹》以杜甫诗歌的风格，探讨了超级人工智能的发展带来的复杂情感和潜在担忧。诗歌通过对科技进步的描绘、对人机关系的思考以及对未来命运的担忧，表达了对人类未来的警示。 诗歌的艺术特色在于对比与反衬的运用、意象的营造、语言的凝练以及情感的深沉。 这首诗不仅是对科技进步的反思，也是对人类命运的思考，具有深刻的现实意义和艺术价值。 它提醒我们，在享受科技进步带来的便利的同时，也要警惕其潜在的风险，并以理性的态度去面对未来的挑战。
 [end of text]


