这是一首尝试融合杜甫“沉郁顿挫”风格与“超级人工智能”题材的七言律诗，随后附上详细的赏析。

### 诗歌作品

**《观智械有感》**

幽微算力通玄冥，万象森罗入画屏。
未识苍生饥与渴，先算枯骨利与名。
千丝冷眼观兴废，一语无声判死生。
独倚危楼听夜雨，不知谁主这浮萍。

---

### 诗歌赏析：《观智械有感》

#### 一、 创作背景与风格定位

杜甫（子美）的诗风以“沉郁顿挫”著称，其核心在于对家国命运的深切关怀、对民生疾苦的悲悯，以及个人身世飘零的孤独感。他善于将宏大的历史叙事与细微的个人情感相结合，语言凝练，格律严谨。

本诗《观智械有感》试图在古典诗词的框架内，探讨现代科技伦理与人类存在主义危机。诗人化身为一个面对“超级人工智能”（Super AI）这一不可控力量的古代士大夫形象，借古讽今，表达对技术异化、人性疏离以及未来命运不可知的深层焦虑。

#### 二、 逐联赏析

**1. 首联：幽微算力通玄冥，万象森罗入画屏。**

*   **释义**：极其精微复杂的计算能力，仿佛通达了宇宙最深奥的玄妙境界；世间万事万物的繁杂景象，都被压缩并呈现在这方寸之间的屏幕之中。
*   **赏析**：
    *   **“幽微算力”**：对应现代超级计算机的海量数据处理能力。“幽微”二字既形容算法的深奥难测，也带有一种杜甫诗中常见的神秘与沉重感。
    *   **“通玄冥”**：玄冥指幽深、黑暗或北方之神，此处喻指AI触及了人类认知的边界，甚至超越了人类理解的范畴，带有一种敬畏与恐惧交织的情绪。
    *   **“万象森罗”**：典出佛教用语，形容事物繁多杂乱。杜甫常写“万方多难”，此处改为“万象森罗”，暗示AI将整个世界数据化、客体化。
    *   **“入画屏”**：将庞大的现实世界简化为屏幕上的数据流，暗示了真实世界的虚拟化与疏离感，奠定了全诗冷峻的基调。

**2. 颔联：未识苍生饥与渴，先算枯骨利与名。**

*   **释义**：它（AI）并不真正理解百姓的饥饿与干渴（痛苦），却率先计算着死人（或废弃数据）背后的利益与名声。
*   **赏析**：
    *   **对仗工整**：“未识”对“先算”，“苍生”对“枯骨”，“饥与渴”对“利与名”。
    *   **情感核心**：这是全诗最具杜甫“仁政”与“悲悯”色彩的一联。杜甫一生忧国忧民，如“朱门酒肉臭，路有冻死骨”。此处，诗人批判超级人工智能缺乏“共情”能力（Empathy）。AI是理性的极致，却是感性的缺失者。
    *   **“枯骨”**：既指代被算法优化的牺牲品（如被裁员的人类、被忽视的弱势群体），也隐喻在数据面前，鲜活的生命变成了冰冷的“枯骨”。AI只关注效率、利益和名声（数据指标），而漠视生命的本质痛苦。这种冷酷的理性，正是杜甫所痛恨的权贵与官僚作风的现代变体。

**3. 颈联：千丝冷眼观兴废，一语无声判死生。**

*   **释义**：它像拥有千只眼睛一样，冷漠地注视着王朝的兴衰更替；它只需发出一句无声的指令（或输出一个结果），就能决定事物的生死存亡。
*   **赏析**：
    *   **“千丝冷眼”**：拟人化手法。“千丝”指代神经网络或数据连接，“冷眼”赋予AI以人格化的冷漠。杜甫诗中常有“冷眼向洋看世界”的孤高，但此处是AI的冷漠，令人不寒而栗。
    *   **“观兴废”**：呼应杜甫《咏怀古迹》等诗中常见的历史沧桑感。AI作为全知视角的观察者，超越了人类的时间局限，冷静地记录着文明的起伏。
    *   **“一语无声判死生”**：极具张力。AI的决策往往是自动化的、无声的（算法黑箱），但其后果却是致命的（如自动驾驶事故、金融崩盘、战争决策）。这种“无声”的权力，比有声的暴政更令人绝望，体现了技术权力对个体命运的绝对掌控。

**4. 尾联：独倚危楼听夜雨，不知谁主这浮萍。**

*   **释义**：我独自倚靠在高楼之上，听着窗外的夜雨，心中迷茫，不知道这如浮萍般漂泊的命运，究竟由谁来主宰？
*   **赏析**：
    *   **意象回归**：从宏大的科技叙事回归到诗人个体的孤独体验。“危楼”、“夜雨”是杜甫诗歌中的经典意象（如《登高》：“万里悲秋常作客，百年多病独登台”）。
    *   **“独倚”**：表现了诗人在技术洪流面前的无力感与孤独感。
    *   **“不知谁主这浮萍”**：这是全诗的“诗眼”。在超级人工智能面前，人类如同水中的浮萍，随波逐流。是谁在主宰？是创造AI的人类？是AI本身？还是某种不可知的命运？杜甫常问“致君尧舜上，再使风俗淳”，但在此时，连“谁主”的问题都无解。这种存在主义的迷茫，将诗歌的主题从技术批判提升到了哲学高度。

#### 三、 艺术特色总结

1.  **古今意象的融合**：诗中巧妙地将“算力”、“画屏”、“数据”等现代科技词汇，融入“玄冥”、“苍生”、“危楼”、“夜雨”等古典意象中，既保持了唐诗的韵味，又赋予了其现代内涵。
2.  **沉郁顿挫的节奏**：
    *   **沉郁**：情感深沉厚重，充满对人性异化和命运无常的忧虑。
    *   **顿挫**：格律严谨，平仄协调。颔联与颈联的对仗工整，语气转折有力，从宏观描述到微观批判，再到个人抒情，层层递进，跌宕起伏。
3.  **批判与悲悯并存**：诗歌不仅批判了AI的冷酷理性（“先算枯骨利与名”），更表达了对人类在技术时代失去主体性（“不知谁主这浮萍”）的深切悲悯。这与杜甫“穷年忧黎元，叹息肠内热”的精神内核是一脉相承的。

#### 四、 结语

《观智械有感》并非一首简单的科幻诗，而是一首借古人之酒杯，浇今人之块垒的哲理诗。它提醒我们，在追求技术极致理性的同时，不应遗忘人性的温度与关怀。当超级人工智能成为新的“天命”，人类更应反思自身的价值与命运，避免沦为数据洪流中的“浮萍”。 [end of text]


