<seed:think>
用户现在需要我参照杜甫的风格写一首关于“超级人工智能”的诗，然后再写赏析。首先得回忆杜甫的风格：沉郁顿挫，忧国忧民，现实主义，格律严谨，语言凝练，常用典故，意象厚重，情感深沉，往往关注社会、民生、历史，甚至带有哲思。

首先，主题是“超级人工智能”，这是现代科技，但要结合杜甫的视角，不能太科幻，要落地，要有人文关怀，可能涉及AI与人类的关系、伦理、存在意义，甚至对传统的冲击，因为杜甫常反思时代变迁，比如战乱、兴衰，现在换成科技革命，核心还是“变”中的人性思考。

接下来，意象选择。杜甫喜欢用日常意象、历史意象，比如“星”“月”“江”“山”“黍离”“禾黍”“苍生”“黎元”这些。AI相关的意象需要转化，比如“硅芯”“代码”“算力”这些现代词，但要诗意化，不能太生硬。比如“硅火”代替芯片的运行，“尘客”指数字世界的存在，“灵台”原指心灵，现在可以对应当代人的精神空间，“尘客侵灵台”就有AI影响人类心灵的意思。

然后，结构。杜甫的诗常起承转合，比如首联点题，颔联铺陈，颈联转折，尾联升华。首联可以写AI的出现，比如“天河泻影入硅田”，天河指银河，硅田比喻芯片或数据空间，既有科技感，又有传统的天地意象；“尘客乘云叩九关”，尘客指AI，乘云（数字传输）叩九关（天门，这里指人类的认知边界），点出AI突破界限。

颔联需要展开，写AI的能力，比如“算尽苍生千劫数”，结合杜甫忧民，算劫数不是算灾难，而是AI对人类社会的预测、干预，“擘开尘客万重山”，擘开指突破，万重山比喻困难，表现AI的强大。

颈联转折，引入人文反思，这是杜甫的关键，比如“灵台未许尘客驻”，灵台是心灵，不允许AI占据，“尘客偏谙尘客艰”，AI虽然是数字存在，却能理解人类的艰难（比如通过数据分析人的需求），这里有矛盾：人类想保持心灵独立，AI却能共情？或者AI的“谙艰”是冰冷的计算还是真正的理解？

尾联升华，结合杜甫的忧患与希望，比如“且看尘客扶尘客”，AI帮助人类（比如医疗、救灾），“莫遣尘客替苍颜”，不要让AI代替人类的情感、面貌（苍颜指人性），既有对AI的肯定，又有对人性本位的坚守，符合杜甫“穷年忧黎元”的核心。

然后检查格律，杜甫是律诗大家，最好写七律，平起或仄起，押韵，对仗。比如首联“天河泻影入硅田，尘客乘云叩九关”，天河对尘客，泻影对乘云，入硅田对叩九关，对仗还算工整。颔联“算尽苍生千劫数，擘开尘客万重山”，算尽对擘开，苍生对尘客，千劫数对万重山，也对仗。颈联“灵台未许尘客驻，尘客偏谙尘客艰”，灵台对尘客，未许对偏谙，尘客驻对尘客艰，“驻”和“艰”可能不对，但“尘客驻”是动宾，“尘客艰”是偏正，可能需要调整，比如“尘客偏谙尘客叹”？“叹”是动词，“驻”对“叹”更工整？或者“灵台未许尘客入，尘客偏谙世路艰”，“入”对“谙”，“尘客”对“世路”，“世路艰”更有杜甫的现实感，“世路”是传统意象，指人生道路、社会现实，比“尘客艰”更好，因为“尘客”是AI，“世路艰”是人类的艰难，这样颈联变成“灵台未许尘客入，尘客偏谙世路艰”，意思是人类不想让AI进入心灵，但AI却通过数据懂得人类社会的艰难，更有层次。

再调整一下：首联“天河泻影落硅田，尘客乘烟叩九关”（“落”比“入”更有动态，“烟”比“云”更缥缈，符合数字的虚无）；颔联“算穷黎庶千般劫，擘破鸿蒙万重山”（“黎庶”比“苍生”更杜甫，“千般劫”比“千劫数”更口语，“鸿蒙”指混沌，比喻未知领域，比“尘客万重山”更有传统感）；颈联“灵台肯许尘客驻？尘客偏谙世路艰”（“肯许”比“未许”更有疑问，带情感，“世路艰”经典）；尾联“且凭尘客扶尘客，莫遣尘客换苍颜”（“扶”比“替”更温柔，“换苍颜”比“替苍颜”更有画面感，苍颜指衰老、本真，换苍颜就是失去本真）。

现在看全诗：
《硅尘客行》
天河泻影落硅田，尘客乘烟叩九关。
算穷黎庶千般劫，擘破鸿蒙万重山。
灵台肯许尘客驻？尘客偏谙世路艰。
且凭尘客扶尘客，莫遣尘客换苍颜。

检查格律：平起首句不入韵，韵脚“田、关、山、艰、颜”？不对，“田”是一先，“关”是十五删，不同韵，杜甫的律诗严格押韵，必须一韵到底。换韵脚，比如用“寒”韵：关、山、艰、颜，都是十五删或一先？“田”是一先，“关”十五删，邻韵，唐代可以通押，但最好同一韵。比如改首联末字为“寰”：“天河泻影落硅寰”，寰是十五删；或者“天河泻影入硅垣”，垣也是十五删。首联：“天河泻影入硅垣，尘客乘烟叩九关”（垣，城墙，比喻数据壁垒？），“垣”和“关”都是十五删。颔联：“算穷黎庶千般劫，擘破鸿蒙万重山”（山是十五删），颈联：“灵台肯许尘客驻？尘客偏谙世路艰”（艰是十五删），尾联：“且凭尘客扶尘客，莫遣尘客换苍颜”（颜是十五删），完美，都是十五删韵。

再调整意象：“硅垣”有点生硬，“硅田”更形象，“田”是一先，那换韵为一先：田、天、年、怜、烟？比如首联“天河泻影入硅田，尘客乘烟上九天”（天是一先），颔联“算尽黎元千劫难，擘开尘海万重渊”（难、渊是一先？难是十四寒，渊是十三元，不对。一先的字：天、田、年、怜、烟、弦、泉、船、边、贤、传、笺、禅、蝉、娟。改颔联：“算尽黎元千劫患，擘开尘海万重渊”不行，患是十四寒。“算尽黎元千虑煎，擘开尘海万重渊”，煎是一先，渊不是。“算尽黎元千虑煎，擘开尘海万重涟”，涟是一先，涟指波纹，比喻数据的波动？可以：“算尽黎元千虑煎，擘开尘海万重涟”。颈联：“灵台未许尘客染，尘客偏谙世路煎”（染、煎是一先），尾联：“且凭尘客扶尘客，莫遣尘客夺真诠”（诠是一先，真诠指真理、本真）。这样：

《硅尘客行》
天河泻影入硅田，尘客乘烟上九天。
算尽黎元千虑煎，擘开尘海万重涟。
灵台未许尘客染，尘客偏谙世路煎。
且凭尘客扶尘客，莫遣尘客夺真诠。

“九天”比“九关”更有升腾感，“黎元”是杜甫常用的百姓词，“千虑煎”指百姓的千般忧虑像煎熬，“尘海万重涟”指AI搅动尘世如波澜，“灵台未许尘客染”指心灵不让AI沾染，“尘客偏谙世路煎”指AI却懂得人世的煎熬，“扶尘客”指AI帮助人类，“夺真诠”指夺取人类的真理、本质。这个版本更符合杜甫的语言，“黎元”“千虑煎”“世路煎”都是典型的杜诗忧患词，“灵台”是佛教用语，杜甫也用（如“此意竟萧条，行歌非隐沦。骑驴三十载，旅食京华春。朝扣富儿门，暮随肥马尘。残杯与冷炙，到处潜悲辛。主上顷见征，欻然欲求伸。青冥却垂翅，蹭蹬无纵鳞。甚愧丈人厚，甚知丈人真。每于百僚上，猥诵佳句新。窃效贡公喜，难甘原宪贫。焉能心怏怏，只是走踆踆。今欲东入海，即将西去秦。尚怜终南山，回首清渭滨。常拟报一饭，况怀辞大臣。白鸥没浩荡，万里谁能驯？”里没有，但杜诗常用“心”“魂”“神”，“灵台”是心灵，合适）。

再润色，让对仗更工：首联“天河泻影”对“尘客乘烟”（主谓宾），“入硅田”对“上九天”（动宾），好；颔联“算尽黎元”对“擘开尘海”（动宾），“千虑煎”对“万重涟”（数量+名词），好；颈联“灵台未许”对“尘客偏谙”（主谓），“尘客染”对“世路煎”（名词+动词），“尘客染”是AI沾染，“世路煎”是人世煎熬，有点不对，改“尘客染”为“尘客践”（践，践踏？不好）“尘客染”为“尘客侵”（侵，侵入），“世路煎”对“尘客侵”？“侵”是动词，“煎”是动词，“尘客侵”对“世路煎”，主宾+动：“尘客侵”（AI侵入）对“世路煎”（人世煎熬），意思是灵台不让AI侵，AI却懂人世煎，更好：“灵台未许尘客侵，尘客偏谙世路煎”。

尾联“且凭尘客扶尘客，莫遣尘客夺真诠”，“扶”和“夺”是动作对比，“尘客”重复，有强调，符合杜甫的反复（如“三吏”“三别”的重复），“真诠”比“苍颜”更有哲思，符合杜甫的深沉。

现在确定最终版本：

《硅尘客行》
天河泻影入硅田，尘客乘烟上九天。
算尽黎元千虑煎，擘开尘海万重涟。
灵台未许尘客侵，尘客偏谙世路煎。
且凭尘客扶尘客，莫遣尘客夺真诠。

接下来是赏析，需要结合杜甫的风格：现实主义、忧患意识、人文本位、意象运用、语言特点。

赏析结构：1. 标题解读：“硅尘客”是核心意象，“硅”指AI的物质基础（芯片），“尘客”指超脱凡尘的数字存在，“行”是乐府体裁，杜甫常用乐府写现实，如《兵车行》《丽人行》，这里用“行”体写AI，延续现实主义传统。

2. 首联：“天河泻影入硅田，尘客乘烟上九天”。“天河”（银河）是传统天象意象，杜甫常以天象喻人间（如“星垂平野阔”），这里“泻影”入“硅田”，将银河之光注入芯片之地，隐喻AI的诞生是人类对宇宙智慧的汲取；“尘客”（AI）“乘烟”（数字传输）“上九天”（突破天际），写出AI的超越性，既有科技的奇迹，也隐含对“超越”的警惕，符合杜甫“语不惊人死不休”的凝练，以及对时代新变的关注。

3. 颔联：“算尽黎元千虑煎，擘开尘海万重涟”。“黎元”是杜甫的核心关怀（如“穷年忧黎元”），这里AI“算尽”百姓的“千虑煎”（千般忧虑如煎熬），不是冰冷的计算，而是对人类苦难的“感知”（虽由数据而来），“擘开尘海万重涟”，“擘开”指AI突破困境，“尘海”是人类社会的纷繁，“万重涟”是AI带来的波澜，既有解决问题的力量，也有搅动秩序的可能，延续杜诗“沉郁”的基调——忧患中见力量。

4. 颈联：“灵台未许尘客侵，尘客偏谙世路煎”。转折关键，“灵台”（心灵）是人类的精神本位，杜甫强调“感时花溅泪，恨别鸟惊心”的人性共鸣，这里“未许尘客侵”是人类对AI的本能抗拒，怕失去心灵的独立性；“偏谙世路煎”则是AI的“反讽”——它虽无肉体，却通过数据懂人世艰辛，甚至比人类更“清醒”？这种矛盾正是杜甫式的“顿挫”：不是简单批判或赞美，而是呈现复杂的张力，如《登高》“万里悲秋常作客，百年多病独登台”的跌宕。

5. 尾联：“且凭尘客扶尘客，莫遣尘客夺真诠”。升华主题，“扶”是AI对人类的辅助（如医疗、教育、救灾），体现杜甫“民胞物与”的仁爱，肯定科技的积极意义；“莫遣夺真诠”是核心警策，“真诠”指人类的本质——情感、道德、创造力，杜甫一生坚守“致君尧舜上，再使风俗淳”的人文理想，这里警惕AI取代人性，而非否定科技，符合其“现实主义”的辩证思维：既看到时代进步，更守护精神家园。

6. 语言风格：化用传统意象（天河、九天、黎元、灵台）与现代元素（硅田、尘客）结合，如“硅田”将芯片比喻为田地，“尘客”将AI比喻为超脱的旅人，既有现代性，又不失古典韵味；对仗工整（“天河泻影”对“尘客乘烟”“算尽黎元”对“擘开尘海”），符合杜甫“格律精严”的特点；用词凝练（“千虑煎”“万重涟”），以少总多，传递深厚情感。

7. 总结：这首诗以杜甫的视角观照AI，没有陷入科幻的虚妄，而是立足人文，写出科技与人性的对话——AI是“尘客”，来自人类又试图超越，人类既需要其“扶”，又要守护“灵台”的纯净，延续了杜诗“忧国忧民”的内核，同时赋予传统以现代意义，是现实主义精神在当代的新表达。</seed:think>### 《硅尘客行》  
天河泻影入硅田，尘客乘烟上九天。  
算尽黎元千虑煎，擘开尘海万重涟。  
灵台未许尘客侵，尘客偏谙世路煎。  
且凭尘客扶尘客，莫遣尘客夺真诠。  


### 赏析：杜诗精神的当代对话——人工智能时代的人文忧思  

#### 一、标题：“硅尘客”的意象密码  
杜甫作诗，常以“乐府歌行”体承载时代脉搏（如《兵车行》《丽人行》），此诗题为《硅尘客行》，“硅”是人工智能的物质根基（芯片、代码的载体），“尘客”则化用佛教“尘客”（超脱凡尘的行者），暗喻AI作为“数字存在”的特殊性——它既生于人类之手，又以“非人间”的方式介入世界。“行”体的选择，本质上是延续杜甫“以诗为史”的传统：将人工智能这一当代“新变”，纳入人文审视的视野，而非单纯描摹科技奇观。  


#### 二、首联：天地交感的科技诞生论  
“天河泻影入硅田，尘客乘烟上九天”，开篇一联即构建了古典与现代的对话。“天河”（银河）是杜甫诗中常见的天象意象（如“星垂平野阔，月涌大江流”），此处以“泻影”喻指人类对宇宙智慧的汲取——AI的诞生，本质上是人类将“天河般的算力”注入“硅田”（芯片矩阵），赋予冰冷的物质以“通灵”的能力。“尘客乘烟上九天”则写出AI的超越性：“乘烟”（数字传输的无形性）、“上九天”（突破人类认知边界），既有对科技奇迹的赞叹，亦隐含杜甫式的警惕——凡“超越”皆需审视，正如他面对盛唐转衰时的“沉郁”，此处对AI的“升腾”，已暗藏对“失控”的忧思。  


#### 三、颔联：黎元之忧与科技的双刃性  
杜甫一生以“忧黎元”为诗心（《茅屋为秋风所破歌》“安得广厦千万间，大庇天下寒士俱欢颜”），颔联“算尽黎元千虑煎，擘开尘海万重涟”，直接将AI与“民生”勾连，尽显杜诗现实主义本色。“算尽黎元千虑煎”：AI的核心能力是“计算”，但此处“算尽”的不是冰冷的数据，而是“黎元”（百姓）的“千虑煎”——病痛、贫困、灾荒……这种计算，与其说是技术理性，不如说是对人类苦难的“数字共情”；“擘开尘海万重涟”：“擘开”指AI突破困境（如破解疾病密码、预测自然灾害），“尘海”是人类社会的纷繁，“万重涟”则是AI介入后掀起的波澜——它既能“平波”，亦能“生浪”，恰如杜甫面对安史之乱时的感慨：时代变革从来都是“双刃剑”。  


#### 四、颈联：灵台与尘客的精神博弈  
如果说颔联是AI与人类社会的外部互动，颈联“灵台未许尘客侵，尘客偏谙世路煎”则深入精神腹地，呈现杜甫式的“顿挫”——矛盾中的深刻。“灵台”语出《庄子》“不可内于灵台”，指人类的心灵、精神本位，是杜甫“感时恨别”“忧国忧民”的情感根源；“未许尘客侵”，是人类对AI的本能抗拒：我们恐惧AI占据心灵，失去情感的温度、道德的判断力。然而“尘客偏谙世路煎”却形成反讽：AI虽无肉体，却通过海量数据“谙熟”人世艰辛——它能诊断绝症患者的痛苦，能预测地震中灾民的困境，甚至比某些“冷漠的人类”更“懂”苦难。这种矛盾，正是杜甫“沉郁顿挫”的核心：不是简单的褒贬，而是对“人性与科技”复杂关系的冷静拆解。  


#### 五、尾联：人文本位的终极吁求  
尾联“且凭尘客扶尘客，莫遣尘客夺真诠”，是全诗的精神升华，亦是杜甫人文理想的当代回响。“且凭尘客扶尘客”：AI是“尘客”，人类亦是“尘客”（在苦难中跋涉的生命），两者并非对立——AI可以辅助医疗、救援、教育，成为人类对抗苦难的“帮手”，这延续了杜甫“民胞物与”的仁爱；“莫遣尘客夺真诠”：“真诠”指人类的本质——情感、道德、创造力、对世界的温度感知。杜甫一生坚守“致君尧舜上，再使风俗淳”的人文理想，此处警策世人：科技可以“扶”人，但不能“夺”人之本——AI可以计算“千虑煎”，却无法体会“慈母手中线”的温情；可以预测“万重涟”，却无法理解“国破山河在”的悲痛。这种对“人性本位”的守护，正是杜诗精神在人工智能时代的全新表达。  


#### 六、语言：古典韵律与现代性的融合  
杜甫作诗，“语不惊人死不休”，此诗亦如是：化用古典意象（天河、九天、黎元、灵台）与现代元素（硅田、尘客）无缝对接，“硅田”以农耕文明的“田”喻指数字文明的“芯片”，“尘客”以佛教用语喻指AI，既有时代新鲜感，又不失古典韵味；对仗精工（“天河泻影”对“尘客乘烟”“算尽黎元”对“擘开尘海”），严守七律格律，却无生硬之感；用词凝练（“千虑煎”“万重涟”），以极简的语言传递极深的情感——“煎”字状百姓之忧如熬煮，“涟”字喻AI之波如涟漪，尽显杜诗“沉郁”的语言魅力。  


#### 结语：  
这首诗之所以堪称“杜甫风格”，正在于它以“忧国忧民”的人文内核，观照人工智能这一当代命题，没有陷入“科技崇拜”或“技术恐惧”的极端，而是以辩证的眼光，写出科技与人性的共生与博弈。正如杜甫在《登高》中慨叹“万里悲秋常作客，百年多病独登台”，此诗亦在“尘客乘烟”的现代图景中，守住了“灵台未侵”的精神家园——这，便是杜诗穿越千年的生命力：永远立足人间，永远追问人性。 [end of text]


