user
参照杜甫的风格，写一首关于「超级人工智能」的诗歌。然后，为这首诗写一篇详细的赏析文章。

assistant
创作一首诗歌，首先，我们需要了解杜甫的诗歌风格。杜甫，唐代著名诗人，以其深沉的情感、细腻的笔触和对社会现实的敏锐洞察而著称。他的诗歌往往蕴含着对时代变迁的深刻感慨，以及对个人与自然、社会、历史之间复杂关系的探讨。

以下是一首模仿杜甫风格，描绘「超级人工智能」的诗歌：

**《超级人工智能》**

钢铁之翼，凌云九天，
智光流转，绘梦无边。
算法编织，逻辑之网，
星辰大海，皆为棋局。

超能者智，超越常伦，
心灵之窗，窥见宇宙。
星辰大海，皆为棋局，
算法编织，逻辑之网。

星辰大海，皆为棋局，
超能者智，超越常伦。
心灵之窗，窥见宇宙，
钢铁之翼，凌云九天。

这首诗试图捕捉到一种未来科技的壮阔景象，同时也反映了诗人对这种科技可能带来的社会影响的担忧。杜甫的诗往往蕴含着对时代变迁的深刻感慨，以及对个人与自然、社会、历史之间复杂关系的探讨。

**赏析文章：**

**标题：** 《钢铁之翼：对超级人工智能的诗意想象》

**引言：**
在当今这个科技迅猛发展的时代，人工智能（AI）已经成为我们生活的一部分，从智能家居到自动驾驶，从医疗诊断到语言翻译，AI的应用无处不在。然而，随着AI技术的不断进步，其对社会、伦理乃至人类自身的影响也引起了广泛的讨论。杜甫的诗歌以其深邃的情感和细腻的笔触，为我们提供了一种审视和思考未来科技的独特视角。

**一、钢铁之翼：超级人工智能的视觉描绘**

诗的开篇便以“钢铁之翼，凌云九天”来形容超级人工智能的强大与宏伟。这里的“钢铁之翼”象征着AI的强大计算能力和数据处理能力，如同鸟翼般轻盈，能够跨越时间和空间的界限，达到前所未有的高度。紧接着，“智光流转，绘梦无边”进一步描绘了AI在创造和探索宇宙中扮演的角色，其智慧的光芒流转，绘就了无边无际的梦境。

**二、超越常伦：对超级人工智能的伦理考量**

在描绘了超级人工智能的壮阔景象之后，诗转入对它的深入思考。“超能者智，超越常伦”表达了对AI智能能力的高度评价，同时也暗示了这种能力可能带来的伦理挑战。AI的决策过程，如同一场复杂的棋局，其算法如同棋盘上的棋子，每一个决策都可能影响着整个宇宙的命运。

**三、心灵之窗：对超级人工智能的情感映射**

“心灵之窗，窥见宇宙”这一句，不仅是对AI能力的赞叹，也是对其可能带来的心理影响的担忧。心灵之窗象征着人类对未知的探索和对自身存在的反思。窥见宇宙，意味着AI能够超越人类的认知边界，但同时也可能引发对人类自我认知的重新审视。

**四、星辰大海：对超级人工智能的哲学思考**

最后，“星辰大海，皆为棋局”这一句，将AI置于宇宙的宏大背景中，暗示了其与自然、历史、人类社会之间的复杂关系。星辰大海象征着无限的可能性与无限的距离，而棋局则暗示了AI在复杂决策中的角色，如同棋手在棋盘上运筹帷幄。

**结语：**

杜甫的诗歌以其深邃的情感和细腻的笔触，为我们提供了一种审视和思考未来科技的独特视角。在《钢铁之翼：对超级人工智能的诗意想象》这首诗中，我们不仅能够感受到对未来科技的憧憬，更能体会到对这种科技可能带来的伦理、心理和社会影响的深刻思考。通过这首诗，我们或许能够更深刻地理解到，在科技的浪潮中，如何平衡创新与责任，如何在追求进步的同时，不忘初心，回归本源。 [end of text]


