Here are the answers based on the text from *Records of the Grand Historian* (Shiji), specifically the "Biographies of Jesters" (滑稽列传).

**Q1: Give a short summary of the story (5 points)**
Ximen Bao, the magistrate of Ye, discovered that the local practice of "marrying a wife to the River God" was a fraudulent scheme used by corrupt officials and priests to extort money and sacrifice young women. To expose and end this superstition, Ximen Bao used reverse psychology: he claimed the offered girl was not beautiful enough for the River God and threw the high priestess and her disciples into the river to "report" the issue. After intimidating the local elders into submission, he abolished the sacrifice and instead organized the construction of twelve irrigation canals, which brought lasting prosperity to Ye.

**Q2: What kind of women were usually the victims in the story (2 points)**
The victims were young women from **poor families** ("小家女") who were considered physically attractive ("好者").

**Q3: Who were deemed to benefit from the old practice of offering girls? (2 points)**
The **Three Elders (Sanlao)**, **Court Attendants (Tingyuan)**, and **Priestesses/Shamans (Zhuwu)** benefited. They collected millions of coins from the people, used only a small fraction for the ritual, and divided the rest among themselves.

**Q4: Did the protagonist use wits or force to deal with the situation? Explain (5 points)**
Ximen Bao used **wits (strategy/intelligence)** primarily, though backed by the threat of force.
*   **Explanation:** He did not immediately arrest the priests. Instead, he agreed to attend the ceremony ("wits") and used the superstition against them. By claiming the girl was "ugly" and sending the priests to "report" to the River God, he trapped them in their own logic. When they didn't return, he feigned concern and threatened to send more officials (including the corrupt elders), using psychological pressure ("wits") to make them confess and stop the practice without a prolonged legal battle. The "force" was merely the physical act of throwing them in the river, which was the culmination of his strategic trap.

**Q5: Was it moral for the protagonist to do so? Briefly provide views from various perspectives (10 points)**
*   **Utilitarian/Consequentialist View (Moral):** Yes. The action saved countless lives, stopped severe economic exploitation, and led to long-term agricultural prosperity. The ends (saving lives, improving welfare) justified the means.
*   **Deontological/Rules-Based View (Immoral):** No. Ximen Bao violated legal and moral norms by executing people without a formal trial. He used deception and murder, which are inherently wrong regardless of the outcome.
*   **Legalist View (Moral/Pragmatic):** Yes. In a time of chaos and corruption, strong, decisive leadership was necessary to restore order. The "rule of law" was being abused by corrupt officials; Ximen Bao’s action was a necessary correction to enforce true justice and state interest.
*   **Human Rights/Individual Rights View (Immoral):** No. The victims (the priests and disciples) were denied due process and the right to defend themselves. Their lives were taken arbitrarily by the magistrate’s whim.

**Q6: Explain the quote and whether the comment is fair. (15 points)**
**Meaning:**
The quote compares three famous ancient rulers:
1.  **Zi Chan (Zheng):** People could not deceive him because he was wise and perceptive ("min bu neng qi").
2.  **Zi Jie (Shanfu):** People did not want to deceive him because he was benevolent and loved by the people ("min bu ren qi").
3.  **Ximen Bao (Ye):** People dared not deceive him because he was strict and feared his authority ("min bu gan qi").
The text asks: *Who is the most virtuous? Those who understand governance should be able to distinguish.*

**Fairness of the Comment:**
The comment is **fair but nuanced**.
*   **Fairness:** It accurately categorizes the three styles of governance: Wisdom (Zi Chan), Benevolence (Zi Jie), and Strictness/Deterrence (Ximen Bao). It acknowledges that different situations require different approaches.
*   **Critique:** Placing Ximen Bao in the same category as Zi Chan and Zi Jie is slightly problematic. Zi Chan and Zi Jie represent the Confucian ideal of ruling through virtue and moral influence, which creates lasting harmony. Ximen Bao’s rule was based on fear and shock tactics. While effective in stopping a specific evil, "fear" is generally considered a lower form of governance than "love" or "wisdom" in traditional Chinese political philosophy. However, the text leaves the judgment open ("Who is most virtuous?"), inviting the reader to weigh the effectiveness of deterrence against the ideal of moral leadership. In the context of *Ye*, Ximen Bao’s harshness was necessary to break a deeply entrenched, violent superstition, making his approach contextually appropriate, even if philosophically inferior to Zi Jie’s benevolence. [end of text]


