Here are the answers to your questions based on the text provided:

**Q1: Give a short summary of the story (5 points)**
During the reign of Duke Wen of Wei, Ximen Bao served as the magistrate of Ye. He discovered that local elders and priests were extorting money from the people to perform a fraudulent ritual called "marrying a daughter to the River God," which caused poverty and fear among the citizens. Ximen Bao feigned agreement to attend the ceremony, then publicly exposed the fraud by casting the old priestess and her disciples into the river, mocking their incompetence. This terrified the officials and stopped the ritual. He subsequently organized the digging of twelve irrigation canals, bringing lasting prosperity to the region.

**Q2: What kind of women were usually the victims in the story (2 points)**
The victims were poor girls from humble families ("小家女"). The priests specifically targeted those who were considered beautiful enough to be chosen as the bride.

**Q3. Who were deemed to benefit from the old practice of offering girls? (2 points)**
The three elders (三老), the court clerks (廷掾), and the priests/wizards (祝巫) benefited. They collected millions of coins from the people, used a portion for the ritual, and divided the rest among themselves.

**Q4: Did the protagonist use wits or force to deal with the situation? Explain (5 points)**
Ximen Bao primarily used **wits** (strategy and psychology), though he utilized force as a necessary tool.
*   **Wits:** He did not immediately arrest the culprits but pretended to believe in the ritual to lower their guard. He used a delaying tactic, claiming the girl was ugly and asking the priestess to report back to the river god to find a better one. This gave him time to act.
*   **Force:** Once the trap was set, he used the authority of the state (ordering the guards) to physically cast the priestess and her disciples into the river. He also used the threat of further punishment to terrify the officials into submission. His success relied on the combination of psychological manipulation and the immediate application of state power.

**Q5: Was it moral for the protagonist to do so? Briefly provide views from various perspectives (10 points)**
The morality of Ximen Bao's actions is complex and depends on the perspective:
*   **Utilitarian Perspective:** It is highly moral. The ritual caused immense suffering, poverty, and death (drowning). By stopping it, he saved countless lives and improved the economy through irrigation. The ends (public welfare) justified the means.
*   **Deontological Perspective:** It is ambiguous. While stopping the ritual was right, his method involved public humiliation, violence, and the execution of innocent-looking victims (the priestess and her disciples were likely just following orders). He did not spare them due to their age or status, which could be seen as cruel.
*   **Legalistic Perspective:** It is questionable. He acted as a private individual rather than a judge, executing people without a formal trial or due process. This sets a precedent for vigilante justice.
*   **Political Perspective:** It is pragmatic and effective. He demonstrated that the ruler's authority could be used to correct corruption, establishing a new order where the people were safe from exploitation.
Overall, while the *outcome* was morally superior to the status quo, the *method* involved questionable ethical compromises regarding due process and the treatment of the accused.

**Q6: At the end of 滑稽列传, it is said that: "傳曰：「子產治鄭，民不能欺；子賤治單父，民不忍欺；西門豹治鄴，民不敢欺。」三子之才能誰最賢哉？辨治者當能別之。」-- explain what it means, and whether the comment is fair. (15 points)**

**Meaning:**
This quote compares the governance styles of three famous officials:
1.  **Zi Chan (in Zheng):** The people could not *deceive* him. This implies he was so wise and observant that he could see through all lies and fraud immediately.
2.  **Zi Jian (in Shanfu):** The people could not *bear to deceive* him. This suggests he was so kind and empathetic that people felt guilty lying to him.
3.  **Ximen Bao (in Ye):** The people *dared not* deceive him. This indicates his strictness and fear-inducing methods made corruption impossible due to the threat of punishment.
The text asks which of the three was the most virtuous and capable, leaving the judgment to the discerning observer.

**Fairness of the Comment:**
The comment is **partially fair but ultimately biased** by the author's literary intent.
*   **Fairness:** It accurately categorizes the different approaches to governance: wisdom (Zi Chan), benevolence (Zi Jian), and strictness (Ximen Bao). It acknowledges that different leaders achieve order through different means.
*   **Unfairness/Bias:** The context of the *Huaji Zhuan* (Biography of the Humorous) is to highlight the wit and humor of Ximen Bao. By placing him in the same category as the other two great statesmen, the author elevates his "fear-based" rule to the level of moral virtue.
    *   Zi Chan and Zi Jian achieved harmony through understanding and kindness, which are generally considered higher moral ideals in Confucian thought.
    *   Ximen Bao achieved order through terror and humiliation. While effective, his methods were harsh and lacked the benevolence of the other two.
    *   Therefore, equating "daring not to deceive" (fear) with "cannot deceive" (wisdom) or "cannot bear to deceive" (kindness) is a rhetorical device to praise Ximen Bao's cleverness, rather than a purely objective assessment of moral superiority. The author likely intended to show that Ximen Bao's wit was a form of virtue, but strictly speaking, fear is not the highest form of governance. [end of text]


