Okay, let's break down this passage from 荀子 (Xunzi).

## (1) Translation of the Story into English

Here's a translation of the passage, keeping the proper names in Chinese:

"When **Wei Wu Hou** planned matters and succeeded, all the ministers were unable to match him. After the court adjourned, he showed a joyful expression. **Wu Qi** stepped forward and said, “Have you also heard the words of **Chu Zhuang Wang** spoken among those on the left and right?”

**Wei Wu Hou** asked, “What were the words of **Chu Zhuang Wang** like?”

**Wu Qi** replied, “When **Chu Zhuang Wang** planned matters and succeeded, all the ministers were unable to match him. After the court adjourned, he showed a worried expression. **Shen Gong Wu Chen** stepped forward and asked, ‘Your Majesty, why do you show worry after succeeding in your plans?’ **Chu Zhuang Wang** said, ‘It is because **Bu Gu** planned matters and succeeded, and all the ministers were unable to match him. This is a dangerous sign. It is said, ‘Lords who gain teachers become kings, those who gain friends become hegemons, those who inspire doubt survive, and those who plan alone, with no one equal to them, perish!’ Now, because of **Bu Gu’s** incompetence, and yet all the ministers are unable to match him, our kingdom is almost ruined!’ Therefore, he worried.” **Chu Zhuang Wang** worried, but Your Majesty shows joy.”

**Wei Wu Hou** stepped back, bowed twice, and said, “You, sir, have awakened me to my fault.”

## (2) Explanation of the Moral of the Story

The moral of the story, as presented by Xunzi through Wu Qi, is a warning against a ruler being *too* dominant in decision-making.  It's not about being incompetent, but about the *source* of that dominance.

Here's a breakdown of the key points:

*   **The Danger of Unchallenged Authority:**  The story highlights the danger when a ruler consistently outshines all his ministers in planning and execution.  While success is good, *why* that success happens is crucial.
*   **Bu Gu as a Negative Example:** **Bu Gu** is presented as an incompetent minister.  The fact that *he* is the one consistently outperforming the other ministers is a sign of a deeper problem. It suggests the ministers are weak, ineffective, or perhaps afraid to offer dissenting opinions.
*   **The Importance of Capable Ministers:**  A strong kingdom needs capable ministers who can contribute to governance. If the ruler is always the smartest person in the room, it indicates a lack of talent around him.
*   **The Value of Diverse Counsel:** The quote "得師者王，得友者霸，得疑者存，自為謀而莫己若者亡" (Those who gain teachers become kings, those who gain friends become hegemons, those who inspire doubt survive, and those who plan alone, with no one equal to them, perish) is central. It emphasizes the importance of seeking advice, building alliances, and being open to criticism.  A ruler who relies solely on his own judgment is likely to make mistakes and ultimately lead his kingdom to ruin.
*   **Worry as a Virtue:** **Chu Zhuang Wang’s** worry is presented as a sign of wisdom. He understands that his success is a symptom of a larger problem. **Wei Wu Hou’s** initial joy is contrasted with this, showing his lack of awareness.

In essence, the story advocates for a ruler who fosters a strong, capable court, encourages debate, and isn't afraid to be challenged.  It's about building a sustainable system of governance, not just achieving short-term victories.



## (3) Counterparts in Western (European) Thought

Yes, there are several counterparts to these concepts in Western thought, though they manifest differently. Here are a few:

*   **Plato's Philosopher-King & the Importance of Advisors:**  Plato's *Republic* discusses the ideal ruler, the Philosopher-King. While the King is supremely wise, the concept also implies the need for a well-ordered society and advisors who can help implement and refine his vision.  The idea of surrounding oneself with capable individuals is present.  However, Plato's focus is more on *selecting* the right people based on their virtue and intellect, rather than *cultivating* a diverse and challenging court.
*   **Aristotle's Politics & the Mixed Constitution:** Aristotle, in *Politics*, advocates for a "mixed constitution" that combines elements of different forms of government (monarchy, aristocracy, and polity). This is partly to prevent the concentration of power in one person or group.  The idea of checks and balances, and the need for diverse representation, resonates with the story's emphasis on avoiding unchallenged authority.
*   **Machiavelli's *The Prince* & the Importance of Counselors:** Machiavelli, while often seen as cynical, also stresses the importance of a prince surrounding himself with good counselors. He advises the prince to seek advice, but also to be wary of flattery and to maintain control.  The story from Xunzi goes further, suggesting that the *need* for constant counsel is a sign of the ruler's own limitations, whereas Machiavelli focuses more on strategic use of advisors.
*   **Montesquieu's *The Spirit of the Laws* & Separation of Powers:**  Montesquieu's concept of the separation of powers (legislative, executive, judicial) is a direct response to the dangers of concentrated power.  It's a more formalized version of the idea that a ruler shouldn't have absolute control.
*   **The concept of "groupthink" in modern psychology:** While not ancient, the modern psychological concept of "groupthink" – where a desire for harmony or conformity in a group results in an irrational or dysfunctional decision-making outcome – is very relevant. The story warns against a situation where ministers are afraid to challenge the ruler, leading to a lack of critical thinking.

**Key Differences:**

The Western concepts often focus on *structural* solutions (constitutions, separation of powers) or *individual* qualities (virtue, intellect).  Xunzi's story is more focused on the *dynamic* relationship between the ruler and his ministers, and the *cultural* importance of fostering a challenging environment.  It's less about creating a perfect system and more about the ruler's self-awareness and his ability to recognize the warning signs of a weakening kingdom.



In conclusion, while Western thought offers parallels, the Xunzi passage provides a unique and nuanced perspective on the dangers of unchallenged authority and the importance of cultivating a strong, diverse, and critical court. [end of text]


