Here is the translation, moral analysis, and a comparison with Western thought regarding the passage from *Xunzi*.

### (1) English Translation

Duke Wu of Wei planned a matter that was perfectly executed, and none of his ministers could match his insight. After leaving court, he wore a look of joy.

Wu Qi approached and said, "Have you ever heard the words of King Zhuang of Chu spoken to those around him?"

Duke Wu asked, "What were the words of King Zhuang of Chu?"

Wu Qi replied, "When King Zhuang of Chu planned a matter that was perfectly executed, and none of his ministers could match him, he left court with a look of sorrow. Lord Sheng (Shen Gong Wu Chen) stepped forward and asked, 'Your Highness leaves court with a look of sorrow; why is that?'

King Zhuang said, 'I am planning matters that are perfectly executed, yet none of my ministers can match me; therefore, I am sorrowful. In the words of Zhong Kui, it is said: "Among the feudal lords, those who find a teacher become kings; those who find friends become hegemons; those who find equals (or those who can doubt them) survive; but those who plan alone and find no one equal to themselves will perish." Now, with my own lack of virtue, if none of my ministers can match me, my state is nearly on the verge of destruction! That is why I am sorrowful.'

King Zhuang of Chu felt sorrow in this situation, yet you feel joy."

Duke Wu of Wei hesitated, then bowed twice and said, "Heaven has sent you to rescue me from my error."

*(Note: "Zhong Kui" or "Zhong Hui" refers to a wise figure or a proverbial saying attributed to the past; in some versions, the name is interpreted as a specific sage, but the core meaning remains the proverbial wisdom regarding leadership.)*

---

### (2) The Moral of the Story

The central moral of this story is the **danger of intellectual isolation in leadership** and the **virtue of humility**.

*   **The Trap of Superiority:** Duke Wu of Wei feels happy because he is smarter than everyone else. He interprets his superiority as a sign of personal triumph.
*   **The Wisdom of Fear:** King Zhuang of Chu feels sorrow for the exact same reason. He understands that if he is the smartest person in the room, he has failed in his primary duty as a leader: to surround himself with people who are smarter than him or at least capable of challenging him.
*   **The Hierarchy of Success:** The story cites a hierarchy of leadership outcomes:
    *   **King (Wang):** Finds a *teacher* (someone wiser to learn from).
    *   **Hegemon (Ba):** Finds *friends* (peers to collaborate with).
    *   **Survival (Cun):** Finds *equals* (people who can question or doubt him).
    *   **Perishing (Wang):** Finds *no one equal* (total isolation of thought).

The lesson is that a leader's strength does not come from their own individual brilliance, but from their ability to synthesize the brilliance of others. If a leader cannot find anyone to challenge their ideas, the state is doomed because errors will go uncorrected, and innovation will stagnate.

---

### (3) Counterparts in Western Thought

Yes, the concepts in this story have strong counterparts in Western political philosophy, ethics, and organizational theory.

**1. The "Emperor's New Clothes" and Groupthink**
The most direct parallel is the danger of **Groupthink** and the sycophancy of courtiers. In Western history, the tragedy of leaders surrounded only by "yes-men" is a recurring theme.
*   **Example:** The fall of many monarchs (like Louis XVI or Charles I) is often attributed to their isolation from reality, where advisors were too afraid to contradict the ruler.
*   **Concept:** In modern management theory, this is known as the **"Abilene Paradox"** or the failure of **Psychological Safety**. A leader needs a team where dissent is encouraged, not suppressed.

**2. Socrates and the "Unexamined Life"**
The Greek philosopher Socrates famously claimed, "I know that I know nothing." This is the philosophical root of the "Teacher" concept in the story.
*   **Parallel:** Socrates believed that wisdom comes from recognizing one's own ignorance and engaging in dialogue (dialectic) with others to find truth. Duke Wu's error is the opposite of the Socratic method; he assumes he has the final answer, whereas King Zhuang seeks the "teacher" (the one who can correct him).

**3. Machiavelli and the Prince**
While Machiavelli is often associated with cunning, in *The Prince*, he advises rulers to avoid being hated and to rely on capable ministers.
*   **Parallel:** Machiavelli warns that a prince who relies solely on his own *virtù* (ability) without the support of capable subordinates is vulnerable. However, the specific nuance of *feeling sorrow* because one is too smart is more aligned with the **Stoic** or **Christian** virtue of humility rather than Machiavellian pragmatism.

**4. The "Iron Law of Oligarchy" and Bureaucracy**
In political science, Robert Michels' "Iron Law of Oligarchy" suggests that organizations inevitably become dominated by a few leaders who become detached from the masses.
*   **Parallel:** King Zhuang's fear is that his detachment from the intellectual capacity of his ministers will lead to the collapse of the state. He recognizes that a healthy political organism requires a flow of ideas from the bottom up, not just the top down.

**5. Modern Leadership Theory: Servant Leadership**
The story aligns perfectly with the modern concept of **Servant Leadership** (coined by Robert Greenleaf).
*   **Parallel:** A servant leader's goal is to grow the people around them. If a leader is the "smartest person in the room," they are failing as a servant leader because they are not empowering others to reach their potential. King Zhuang's sorrow is the sorrow of a leader who realizes he has failed to cultivate talent.

**Summary of Comparison:**
While the *Xunzi* passage uses the specific Confucian framework of "Teacher, Friend, Equal," the underlying psychological and political insight is universal: **A leader who cannot be challenged is a leader who is already failing.** This resonates deeply with Western warnings against hubris (excessive pride) and the necessity of checks and balances, even within a single mind or a small council. [end of text]


