user
This is a passage from 荀子:

魏武侯謀事而當，群臣莫能逮，退朝而有喜色。吳起進曰：「亦嘗有以楚莊王之語，聞於左右者乎？」武侯曰：「楚莊王之語何如？」吳起對曰：「楚莊王謀事而當，群臣莫逮，退朝而有憂色。申公巫臣進問曰：『王朝而有憂色，何也？』莊王曰：『不穀謀事而當，群臣莫能逮，是以憂也。其在中蘬之言也，曰：「諸侯自為得師者王，得友者霸，得疑者存，自為謀而莫己若者亡。」今以不穀之不肖，而群臣莫能逮，吾國幾於亡乎！是以憂也。』楚莊王以憂，而君以喜。」武侯逡巡再拜曰：「天使夫子振寡人之過也。」

Please

(1) translate the story into English. You can keep the proper names in Chinese
(2) explain what the moral of the story is
(3) does the concepts in the story have a counterpart in Western (European) thought?

assistant
<Thought>
Alright, I need to translate this passage from 荀子 into English, keep the proper names in Chinese, explain the moral of the story, and determine if the concepts have counterparts in Western thought. Let's start by understanding the content.

First, the passage is about Wei Wuhou, who is planning something and doing it correctly, so his ministers can't match him. After the meeting, he has a happy expression. Wu Qi then asks if he's heard about what Chu Zhuangwang said. When asked, Wu Qi explains that Chu Zhuangwang also planned something correctly, but he had a worried expression. When asked why, Zhuangwang said he was worried because his ministers couldn't match him, fearing that his country might be in danger. Wu Qi uses this to advise Wei Wuhou to be cautious and not be overly happy, as it might lead to complacency.

Now, to translate this accurately while keeping proper names in Chinese. I need to ensure that the nuances of the original text are preserved. The moral seems to be about humility and recognizing potential dangers even when things seem to be going well. It warns against complacency and the importance of being cautious.

Regarding Western thought, concepts like humility and recognizing one's limitations are present in various philosophies, such as in Socrates' assertion that he knows he knows nothing, or in the Stoic philosophy's emphasis on accepting what cannot be changed. The idea of being cautious and not being overly confident aligns with the concept of humility in Western ethics and philosophy.

But wait, is there a more direct counterpart? Perhaps in Machiavelli's works, where he discusses the importance of being both feared and loved, but that's a bit different. Maybe in the works of Aristotle, where he talks about the virtue of the mean, avoiding extremes like hubris.

Also, in modern management and leadership theories, the importance of humility and recognizing one's limitations is emphasized to prevent overconfidence and potential failures. So, the moral of the story resonates with Western thought, especially in areas like philosophy, ethics, and leadership studies.

But I should double-check if there's a more specific counterpart. Maybe in the works of Confucius, where he emphasizes the importance of self-awareness and not being arrogant. Yes, that aligns well.

In conclusion, the moral of the story is about humility and recognizing potential dangers, which is a concept that has strong counterparts in Western thought, particularly in philosophy, ethics, and leadership studies.

</Thought>
<Output>
**Translation:**

Wei Wuhou was planning something and did it correctly, so his ministers couldn't match him. After the meeting, he had a happy expression. Wu Qi then asked, "Have you heard about what Chu Zhuangwang said?" When asked, Wu Qi replied, "Chu Zhuangwang also planned something correctly, but he had a worried expression. When asked why, Zhuangwang said, 'I planned correctly, and my ministers couldn't match me, so I am worried. The saying goes: 'Among the feudal lords, those who have their own teachers become kings, those who have friends become kings, those who have doubts survive, and those who plan on their own and have no one like themselves perish.' Now, with my lack of ability, and my ministers can't match me, our country is almost in danger! That's why I am worried.' Chu Zhuangwang was worried, but you are happy." Wei Wuhou, after some hesitation, bowed twice and said, "The heavens have sent you to correct my mistakes."

**Moral of the Story:**

The story teaches the importance of humility and recognizing potential dangers, even when things seem to be going well. It warns against complacency and the dangers of overconfidence, emphasizing the need to remain cautious and aware of one's limitations.

**Counterparts in Western Thought:**

The concepts in the story resonate with Western philosophical and ethical ideas, particularly:

1. **Humility:** Emphasized in Socratic philosophy, where Socrates famously claimed to know nothing, advocating for self-awareness and recognizing one's limitations.
2. **Philosophy of the Mean:** Aristotle's concept of the virtue of the mean, avoiding extremes like hubris, aligns with the story's message of maintaining balance and humility.
3. **Stoicism:** This philosophy emphasizes accepting what cannot be changed and maintaining inner tranquility, which relates to the story's warning against being overly happy and complacent.
4. **Modern Leadership and Management:** Contemporary theories highlight the importance of humility and self-awareness in effective leadership, preventing overconfidence and fostering a culture of continuous improvement.

These Western counterparts underscore the universal nature of the moral lessons presented in the story, demonstrating that the principles of humility and recognizing potential dangers are valued across different cultural and philosophical traditions.

</Output> [end of text]


