好的，我将按照您的要求创作一个关于教师坚守教育岗位的故事。这个故事展现了教育工作者无私奉献的精神，以及他们面对困境时的坚持。以下是我对故事的构思和正文内容。

### 故事梗概

- **坚守岗位**：林老师是山区小学唯一的教师，尽管学校条件艰苦，学生人数稀少，她仍坚持每天认真备课、批改作业，用尽心力教育每一个孩子。

- **健康危机**：林老师长期咳嗽不止，却因担心耽误学生课程而迟迟不去医院检查，直到咳出血丝才被学生小芳发现异常。

- **学生关怀**：小芳和其他学生注意到老师的异常，自发组织起来关心老师，展现出孩子们纯真的感恩之心。

- **病情恶化**：林老师最终在课堂上晕倒，被送往医院检查，确诊为晚期肺癌，医生表示病情已拖延太久。

- **最后心愿**：面对生命即将终结的现实，林老师唯一的心愿是回到教室，继续为孩子们上课，完成她作为教师的使命。

本次写作重点围绕林老师发现病情到确诊的过程，展现她如何在个人健康与学生教育之间做出艰难选择，以及学生们对老师的深厚感情。

---

"春蚕到死丝方尽，蜡炬成灰泪始干。"林老师用粉笔在黑板上写下这句诗时，粉笔灰簌簌落下，像极了冬日里飘落的雪花。她转身面对教室里仅有的七个学生，声音沙哑却坚定："同学们，谁能告诉我这两句诗的含义？"

窗外，初春的山风呼啸而过，拍打着这所山区小学破旧的窗棂。教室里没有暖气，七个孩子裹着厚厚的棉衣，小手冻得通红却依然高高举起。

"老师，我知道！"坐在第一排的小芳站起来，"是说春蚕吐丝到死才停止，蜡烛燃烧成灰泪水才干，比喻人无私奉献到最后一刻。"

林老师微笑着点头，突然一阵剧烈的咳嗽袭来，她不得不扶住讲台才稳住身体。这咳嗽已经持续了三个月，起初她以为是普通的感冒，可药吃了不少，症状却越来越重。

"老师，您没事吧？"小芳担忧地看着她。

"没事，只是有点着凉。"林老师摆摆手，从口袋里掏出手帕捂住嘴，咳嗽平息后，她迅速将手帕塞回口袋，但眼尖的小芳还是看到了上面的血丝。

下课铃响后，孩子们陆续离开。林老师坐在讲台前批改作业，不时停下来揉揉太阳穴。她的头越来越痛了，视线也有些模糊。作业本上歪歪扭扭的字迹仿佛在跳动，她不得不摘下眼镜，闭目休息片刻。

"老师，您该去医院看看。"小芳不知何时站在了讲台边，手里捧着一杯冒着热气的茶。

林老师睁开眼，接过茶杯，温热的触感让她冰凉的手指舒服了些。"谢谢你，小芳。等周末我就去县里看看。"

"可是老师，您上周也是这么说的。"小芳的眼睛里噙着泪水，"我爸爸说，咳嗽带血不是小病。"

林老师轻叹一声。她何尝不知道自己该去看医生？可是去县医院要坐三个小时的车，来回就是一天。学校只有她一个老师，如果她请假，孩子们就得停课。这些山里的孩子，本来学习机会就少，她不忍心耽误他们任何一节课。

"老师保证，这周末一定去。"她拍拍小芳的肩膀，"快去吃饭吧，下午还有课呢。"

下午的数学课上，林老师明显力不从心。她讲着讲着就会停下来喘气，额头上渗出细密的汗珠。孩子们安静地坐着，比平时更加专注，似乎想用这种方式减轻老师的负担。

放学后，林老师照例留下来备课。她翻开教材，却发现自己连最简单的算术题都算不清楚。一阵眩晕袭来，她趴在桌上，意识渐渐模糊...

"老师！老师！"焦急的呼唤声将她拉回现实。林老师抬起头，看到小芳和另外两个学生站在她面前，脸上写满担忧。

"你们怎么还没回家？"她勉强坐直身体。

"我们看您趴在桌上不动，很担心。"小芳说着从书包里拿出一个保温盒，"这是我妈妈熬的鸡汤，您喝一点吧。"

林老师接过保温盒，热气腾腾的鸡汤香气扑鼻而来。她突然鼻子一酸，眼泪差点掉下来。这些孩子，这些可爱的孩子啊...

第二天清晨，林老师比平时起得更早。她决定今天上完课就去县医院，不能再拖了。站在镜子前，她发现自己瘦了许多，脸色苍白得可怕。她涂了点口红，让自己看起来精神些。

课堂上，她强撑着讲完最后一节语文课。当她说出"下课"两个字时，一阵天旋地转，眼前一黑，整个人向前栽去。

"老师！"孩子们的惊叫声是她失去意识前听到的最后声音。

当林老师再次醒来时，刺眼的白光让她眯起眼睛。消毒水的气味告诉她，这是在医院。

"林老师，您终于醒了。"一个陌生的女声响起，"我是县医院的李医生。您已经昏迷了六个小时。"

林老师想坐起来，却被医生按住。"别动，您需要休息。我们给您做了检查..."医生的声音突然变得犹豫。

"是肺结核吗？"林老师轻声问。

李医生摇摇头，表情凝重："初步诊断是肺癌，晚期。我们需要做进一步检查确认，但...您拖得太久了。"

林老师闭上眼睛，泪水顺着眼角滑落。她并不为自己的病情哭泣，而是想到了那七个孩子。他们怎么办？谁会来教他们？

"医生，我还能...还能回去上课吗？"她睁开眼，声音颤抖却坚定。

李医生震惊地看着她："林老师，您现在需要的是治疗和休息！"

"可是我的学生们..."林老师挣扎着要起身，"春蚕到死丝方尽，蜡炬成灰泪始干。只要我还有一口气，就不能放弃那些孩子。"

病房门被推开，小芳和她的父母走了进来，手里捧着鲜花和水果。小芳的眼睛红红的，显然哭过。

"老师..."小女孩扑到病床前，紧紧抓住林老师的手，"您一定要好起来！我们等您回来上课！"

林老师抚摸着小芳的头发，微笑着点头。窗外的阳光透过玻璃洒在病床上，照亮了她苍白的脸庞。那一刻，她做出了决定——无论还剩多少时间，她都要回到那间简陋的教室，回到那些渴望知识的孩子身边。

因为对她而言，教育不是职业，而是生命。

---

**接下来故事可能会沿着这些方向发展**：

- **山区教育困境**：小芳父亲是村长，暗示后续可能通过他的努力为学校争取更多资源或新老师。

- **教育传承**：小芳对学习的热情和责任感，暗示她未来可能接过林老师的教鞭，继续山区教育事业。

- **社会关注**：林老师的病情可能引起媒体关注，进而带动社会各界对山区教育和教师健康的重视。

希望这个故事能满足您的要求。故事展现了教育工作者无私奉献的精神，以及生命与使命之间的抉择。如果需要更多细节或调整，请随时告诉我。 [end of text]


