==========
這首詩確實是在影射吳三桂，但並非直接寫吳三桂本人，而是借古諷今，以李陵的故事來暗批吳三桂的行為。以下是詳細解釋：

---

### 📜 **詩的背景與作者**

這首詩題為《讀李陵傳》，作者為**王夫之**（字而農，號姜齋），明末清初的著名思想家、文學家，也是堅定的抗清志士。他一生不仕清朝，以遺民自居，這首詩正是他借古諷今，抒發對吳三桂投清、後來又反清的複雜情緒。

---

### 🎭 **詩中典故與吳三桂的對應**

#### 1. **「李陵心事久風塵」**
- **李陵**：西漢將領，兵敗投降匈奴，後世多視其為「降將」的典型。
- **吳三桂**：明末鎮守山海關的將領，因李自成攻陷北京、陳圓圓被擄，引清兵入關，後被封為平西王。
- **對應**：王夫之將吳三桂比作李陵，暗示他雖為漢人卻投降「異族」，心懷愧疚，長期處於風塵之中（政治上的不安與道德的掙扎）。

#### 2. **「三十年來詎臥薪？」**
- **臥薪嘗膽**：典出《史記·越王勾踐世家》，指忍辱負重、圖謀復仇。
- **吳三桂**：從引清兵入關（1644年）到三藩之亂起兵（1673年），確實近三十年。
- **對應**：王夫之諷刺吳三桂這三十年來並非真正「臥薪嘗膽」復明，而是為了私利（如保住權勢、陳圓圓等）。

#### 3. **「復楚未能先覆楚，帝秦何必又亡秦」**
- **覆楚**：原指楚國被滅，這裡暗指吳三桂本應「復明」（楚代指明朝），卻先「覆明」（引清滅明）。
- **帝秦 / 亡秦**：秦代指清朝。吳三桂先投降清朝（帝秦），後又起兵反清（亡秦）。
- **對應**：這兩句是全詩核心，諷刺吳三桂的行為矛盾且無原則：既不能復明，又背叛清朝，最終導致自身滅亡。

#### 4. **「丹心早為紅顏改，青史難寬白髮人」**
- **紅顏**：指陳圓圓，吳三桂為她引清兵入關的傳說流傳甚廣。
- **白髮人**：指吳三桂晚年起兵時已年老，青史（歷史）對他這樣的「叛降者」不會寬容。
- **對應**：王夫之認為吳三桂的「忠心」早已為私情（陳圓圓）而改變，晚年起兵也難以洗刷污點。

#### 5. **「永夜角聲應不寐，那堪思子又思親」**
- **角聲**：軍中號角，暗示吳三桂起兵後的內憂外患。
- **思子又思親**：吳三桂之子吳應期、吳世璠相繼死於亂軍，吳三桂本人也在起兵後不久病死。
- **對應**：這兩句描寫吳三桂晚年的悲慘處境，既有軍事壓力，又有家庭悲劇，充滿諷刺與哀憐。

---

### 🧠 **王夫之的立場與情感**

王夫之身為明遺民，對吳三桂的行為極為反感。他認為吳三桂：
- 早年投降清朝是「叛明」；
- 晚年反清是「叛清」；
- 無論如何，都是為了私利而非大義。

因此，這首詩表面上是評論李陵，實則是借古諷今，批判吳三桂的「兩頭不討好」與「無恥」。

---

### 📚 **總結**

| 詩句 | 意象 | 對應吳三桂 |
|------|------|-------------|
| 李陵心事久風塵 | 李陵降匈奴 | 吳三桂引清兵入關 |
| 三十年來詎臥薪？ | 臥薪嘗膽 | 三十年未真復明 |
| 復楚未能先覆楚 | 楚代指明 | 先覆明（引清） |
| 帝秦何必又亡秦 | 秦代指清 | 先降清後反清 |
| 丹心早為紅顏改 | 為陳圓圓 | 為私情叛國 |
| 青史難寬白髮人 | 歷史評價 | 晚年起兵也難洗刷 |
| 永夜角聲應不寐 | 軍事壓力 | 起兵後內憂外患 |
| 那堪思子又思親 | 家庭悲劇 | 子死、己病死 |

這首詩是王夫之對吳三桂的「歷史判詞」，充滿了道德批判與歷史反思。如果你對明末清初的歷史或王夫之的詩風感興趣，我可以進一步推薦相關資料。
==========
Prompt: 104 tokens, 255.865 tokens-per-sec
Generation: 1382 tokens, 50.478 tokens-per-sec
Peak memory: 60.463 GB
