system
user
這詩是清朝人寫的，是不是在說吳三桂？請詳細解釋。

李陵心事久風塵，三十年來詎臥薪？復楚未能先覆楚，帝秦何必又亡秦。丹心早為紅顏改，青史難寬白髮人。永夜角聲應不寐，那堪思子又思親。


assistant
讓我們一步一步地解析這首詩，了解它是否在說吳三桂，並探討詩中所表達的意境和情感。

###詩的背景與主題

詩歌的主題似乎圍繞著一個歷史人物的悔恨、忠誠、愛情和家國之間的糾葛。詩中提到的幾個關鍵元素，包括：

1. **李陵心事久風塵**：李陵是西漢時期的一位將軍，因投降匈奴而被視為漢朝的叛臣。這句話可能在比喻詩中主人公的處境，暗示著一種被世人誤解或背叛的感覺。
   
2. **三十年來詎臥薪**：這是引用《莊子》的典故，指隱居以避亂世。三十年可能指一段長時間的隱退或等待，暗示主人公可能在等待時機或懺悔過去。

3. **復楚未能先覆楚，帝秦何必又亡秦**：這兩句話比較直接地指向歷史事件。復楚、帝秦可能分別指恢復楚國、統治秦地。這句話的意思是，如果不能為楚國復國（或恢復榮光），又何必去統治秦國（或追求更大的權力）而使秦國（或自己的家園）再次遭受毀滅。這裡可能在批評或反思一種為了權力而背叛或出賣家園的行為。

4. **丹心早為紅顏改，青史難寬白髮人**：丹心指忠誠的心，紅顏指美麗的女性，青史指歷史記載，白髮人指年老的人。這句話說明原本忠誠的心因為愛情（或個人情感）而改變，然而歷史卻難以原諒年老的人（可能指詩中主人公）過去的錯誤。

5. **永夜角聲應不寐，那堪思子又思親**：永夜指長夜，角聲是古代軍隊中的號角，應不寐指應該不能入睡。那堪思子又思親，說明在如此警醒的夜晚，更不敢思念子女和親人，可能是因為愧對家人或害怕思念會加重內心的痛苦。

### 是否在說吳三桂？

吳三桂是明末清初的一位重要將領，他在抗清戰爭中一度投降清朝，並在平定南明的過程中發揮了重要作用，尤其是他在攻破南明永曆帝的昆明，結束了明朝的統治。後來，吳三桂因不滿清廷的政策，發動了三藩之亂，但最終失敗。

**吳三桂的故事與詩歌的對應之處：**

- **投降和背叛的爭議**：吳三桂投降清朝，可以對應詩中“復楚未能先覆楚，帝秦何必又亡秦”的部分，反思為了權力或生存而背叛原有的忠誠。
  
- **個人情感的改變**：吳三桂的決策可能受到個人情感的影響，例如對清廷的不滿或對自身利益的追求，這可以與“丹心早為紅顏改”相對應，雖然“紅顏”通常指愛情，但在此也可以寬泛地解讀為個人情感的驅動。

- **晚年悔恨**：吳三桂的三藩之亂失敗，可能導致他晚年充滿悔恨，這與“青史難寬白髮人”和“永夜角聲應不寐，那堪思子又思親”相呼應，表達出對過去行為的悔恨和對家人的思念。

### 結論

雖然詩歌沒有直接提及吳三桂的名字，但通過上述分析，詩中表達的主題、情感和歷史事件的影射，與吳三桂的一生有著許多相似之處。因此，合理推斷，這首詩很可能是在描述或影射吳三桂的故事，探討著忠誠、背叛、愛情、權力和晚年悔恨等複雜的主題。 [end of text]


