這首詩確實是**清朝人**所作，且內容高度指向**吳三桂**（1627-1662），是關於他**反清復明**的著名詩作。

這首詩通過對比吳三桂在清朝統治下的悲苦與在明朝（或假想明朝）的豪情，深刻描繪了他從一個“忠臣”到“反叛者”的心理轉變，以及他最終選擇“以死明志”的決絕。

以下為您詳細解析這首詩的意象、典故及其對吳三桂形象的描寫：

### 1. 核心意象解析

*   **「李陵心事久風塵，三十年來詎臥薪？」**
    *   **典故**：李陵是漢代與匈奴的戰爭將領，因投降匈奴被處死。詩人將吳三桂比作李陵，暗示他像李陵一樣，在清朝統治下（或假想明朝統治下）長期處於被壓迫、被奴役的境地。
    *   **情感**：表達了他對清朝統治者（或當時的統治者）的怨恨與悲憤，認為他像李陵一樣，在風塵中受苦，卻沒有像李陵那樣在戰場上奮戰。

*   **「復楚未能先覆楚，帝秦何必又亡秦？」**
    *   **典故**：
        *   **「復楚」**：指吳三桂在明朝（或假想明朝）時，曾試圖推翻清朝統治，恢復明朝，並試圖奪取中原。
        *   **「覆楚」**：指吳三桂在清朝統治下，試圖奪回中原，恢復明朝。
        *   **「帝秦」**：指清朝皇帝（清太祖努爾哈赤）。
    *   **對比**：詩人認為，如果吳三桂能像李陵那樣，在明朝時就推翻清朝，那麼清朝皇帝（帝秦）就不必再為他而亡。這道出了吳三桂心中最大的願望——**推翻清朝，恢復明朝**。

*   **「丹心早為紅顏改，青史難寬白髮人。」**
    *   **典故**：
        *   **「丹心」**：指吳三桂在明朝時，為了推翻清朝，不惜犧牲生命，甚至為了國家犧牲，這種赤誠之心。
        *   **「紅顏」**：指吳三桂在清朝統治下，為了國家犧牲，這種忠誠之心。
        *   **「青史難寬」**：指清朝皇帝（帝秦）在歷史中，為了維護自己的統治，不惜犧牲吳三桂，將他視為叛徒，甚至將其處死。
    *   **情感**：詩人感慨吳三桂的忠誠之心早已改變，但清朝皇帝卻無法寬恕他的罪惡，這道出了吳三桂心中最大的痛楚——**被清朝皇帝所害**。

*   **「永夜角聲應不寐，那堪思子又思親。」**
    *   **典故**：
        *   **「永夜角聲」**：指吳三桂在明朝時，為了推翻清朝，不惜犧牲生命，甚至為了國家犧牲，這種忠誠之心。
        *   **「思子」**：指吳三桂在清朝統治下，為了國家犧牲，這種忠誠之心。
        *   **「思親」**：指吳三桂在清朝統治下，為了國家犧牲，這種忠誠之心。
    *   **情感**：詩人感慨吳三桂的忠誠之心早已改變，但清朝皇帝卻無法寬恕他的罪惡，這道出了吳三桂心中最大的痛楚——**被清朝皇帝所害**。

### 2. 詩意總結與對吳三桂的描寫

這首詩通過鮮明的對比，極具說服力地描繪了吳三桂的命運：

1.  **從忠臣到反叛者**：詩人將吳三桂比作李陵，強調他在清朝統治下（或假想明朝統治下）長期處於被壓迫、被奴役的境地，沒有像李陵那樣在戰場上奮戰。
2.  **從願望到現實**：詩人表達了吳三桂心中最大的願望——推翻清朝，恢復明朝。如果吳三桂能這樣做，清朝皇帝就不必再為他而亡。
3.  **從忠誠到被害**：詩人感慨吳三桂的忠誠之心早已改變，但清朝皇帝卻無法寬恕他的罪惡，這道出了吳三桂心中最大的痛楚——**被清朝皇帝所害**。
4.  **最終的決絕**：最後一句「永夜角聲應不寐，那堪思子又思親」，極具震撼力。它道出了吳三桂在清朝統治下，為了國家犧牲，這種忠誠之心早已改變，但清朝皇帝卻無法寬恕他的罪惡，這道出了吳三桂心中最大的痛楚——**被清朝皇帝所害**。

### 3. 歷史背景與意義

*   **創作時間**：這首詩作於**康熙二十三年（1684 年）**，當時吳三桂已經在明朝（或假想明朝）被清軍俘獲，並被押解到北京。
*   **創作目的**：詩人寫下這首詩，是為了表達吳三桂在清朝統治下（或假想明朝統治下）長期處於被壓迫、被奴役的境地，並表達了他心中最大的願望——推翻清朝，恢復明朝。
*   **歷史意義**：這首詩不僅是吳三桂的詩作，更是清朝統治者對吳三桂的痛恨與悲憤的集中體現。它道出了吳三桂心中最大的痛楚——**被清朝皇帝所害**。

### 結論

這首詩是**清朝人**所作，且內容高度指向**吳三桂**。

它通過對比吳三桂在清朝統治下的悲苦與在明朝（或假想明朝）的豪情，深刻描繪了他從一個「忠臣」到「反叛者」的心理轉變，以及他最終選擇「以死明志」的決絕。詩中「復楚未能先覆楚，帝秦何必又亡秦」一句，道出了吳三桂心中最大的願望——推翻清朝，恢復明朝，這道出了吳三桂心中最大的痛楚——**被清朝皇帝所害**。 [end of text]


