這首詩確實是**清朝詩人吳偉業（梅村）所作《圓圓曲》的附詩**，或更準確地說，是後人託名或相關的詠史之作，但學界多認為這是**吳偉業《圓圓曲》的衍生作品或後人偽託**。不過無論作者為誰，這首詩的確是在**影射吳三桂**，並以陳圓圓為切入點，諷刺其反覆無常、為紅顏而叛國的歷史。

讓我逐句詳解：

---

## 逐句解析

### **「李陵心事久風塵」**
- **李陵**：漢代名將李廣之孫，降匈奴後終老異域，成為「降臣」的經典象徵。
- 此句以李陵比擬吳三桂，暗示其**降清**的心事如同李陵降匈奴一般，長久蒙塵，備受爭議。
- 「久風塵」既指戰亂漂泊，也暗示名節受損、心事無人理解。

### **「三十年來詎臥薪？」**
- **臥薪嘗膽**：典出越王勾踐，喻刻苦自勵、圖謀復國。
- **詎（jù）**：豈、難道。
- 反問語氣：三十年來，你吳三桂難道真的在臥薪嘗膽、圖謀恢復明朝嗎？
- **諷刺點**：吳三桂先降李自成，再降清，後又反清（三藩之亂），號稱「復明」，實則反覆。詩人質疑：你根本沒有勾踐那樣的復國誠意！

### **「復楚未能先覆楚，帝秦何必又亡秦」**
- 這是全詩最精妙的對句，用**兩個典故**層層剝開吳三桂的偽善：

| 典故 | 內涵 | 影射 |
|:---|:---|:---|
| **復楚/覆楚** | 楚國項燕、項梁、項羽三代「覆秦復楚」 | 吳三桂先「覆楚」（滅南明/助清滅明），後又號稱「復楚」（反清復明）|
| **帝秦/亡秦** | 戰國魯仲連「義不帝秦」，後秦終被滅 | 吳三桂先「帝秦」（臣事清朝），後又「亡秦」（起兵反清）|

- **核心諷刺**：你既然當初選擇臣服清朝（帝秦），又何必後來造反（亡秦）？你既然已經顛覆了明朝（覆楚），又憑什麼打著「復明」旗號（復楚）？
- 這兩句**道盡吳三桂一生反覆**：降闖、降清、反清，毫無一貫之道。

### **「丹心早為紅顏改」**
- **丹心**：忠心、赤誠之心。
- **紅顏**：指陳圓圓。
- 直指吳三桂「衝冠一怒為紅顏」的典故——據說他因愛妾陳圓圓被李自成部將劉宗敏所奪，憤而降清復仇。
- 詩人冷峻指出：你的「忠心」早為美色所改，所謂復明大業，不過是私慾藉口。

### **「青史難寬白髮人」**
- **白髮人**：指吳三桂起兵時已年邁（三藩之亂時約60歲）。
- **青史**：史書。
- 意謂：史筆如鐵，不會因你年邁而寬恕你的反覆無常。你將遺臭萬年。

### **「永夜角聲應不寐」**
- 描寫戰亂中的軍營夜景，角聲淒厲，吳三桂（或陳圓圓）徹夜難眠。
- 暗示其內心的**恐懼、孤獨與悔恨**。

### **「那堪思子又思親」**
- **思子**：吳三桂反清時，其子吳應熊（駙馬）被清廷處死。
- **思親**：思念故鄉、親族，或指陳圓圓思念家人（一說圓圓後出家為尼）。
- 雙重悲劇：既失子嗣，又背棄親族，眾叛親離，晚景淒涼。

---

## 總結：為何確定是說吳三桂？

| 證據 | 說明 |
|:---|:---|
| **「紅顏」** | 直指陳圓圓，吳三桂故事的標誌 |
| **「復楚/覆楚」「帝秦/亡秦」** | 精準對應其「降清→反清」的反覆 |
| **「三十年」** | 從崇禎末年（1644）到三藩之亂（1673），約三十年 |
| **「思子」** | 吳應熊被殺確為史實 |
| **整體基調** | 與吳偉業《圓圓曲》「全家白骨成灰土，一代紅妝照汗青」同一脈絡 |

---

## 作者與背景補充

此詩風格極似**吳偉業（1609–1672）**，但《圓圓曲》原詩並無此八句。學界多認為這是：
1. **吳偉業《圓圓曲》的佚句或初稿**
2. **後人仿梅村體所作**，託名或附會

無論如何，這首詩是**詠吳三桂的經典之作**，以嚴密的對仗和冷峻的史筆，將一個「為紅顏而叛國、為私利而反覆」的歷史人物形象，刻畫得入木三分。 [end of text]


