user
這詩是清朝人寫的，是不是在說吳三桂？請詳細解釋。

李陵心事久風塵，三十年來詎臥薪？復楚未能先覆楚，帝秦何必又亡秦。丹心早為紅顏改，青史難寬白髮人。永夜角聲應不寐，那堪思子又思親。



model
這首詩確實很可能是在說吳三桂。以下我將詳細解釋詩句，並說明為何推斷指向吳三桂：

**詩句解讀：**

*   **“李陵心事久風塵，三十年來詎臥薪？”**
    *   李陵是西漢名將，因與發丘、唐敖結黨，被西漢文帝流放邊疆。這句詩以李陵自比，暗示詩人身處困境，漂泊多年，卻未能像李陵一樣奮起抗爭，積蓄力量報國。
    *   “三十年來詎臥薪？” 意思是說，三十年來，沒有像李陵一樣臥薪嚐膽，積蓄力量報國。這暗示詩人經歷了漫長的時間，卻未能實現自己的抱負。
*   **“復楚未能先覆楚，帝秦何必又亡秦。”**
    *   楚國和秦國是古代兩個強國，楚國衰落後，秦國乘勢而起。這句詩表達了詩人對國家衰敗的憂慮，認為即使是強國，如果內憂外患不斷，也可能走向滅亡。
    *   “復楚未能先覆楚” 意思是說，楚國未能先於楚國覆滅，暗示詩人未能及時挽救國家的危亡。
    *   “帝秦何必又亡秦” 意思是說，秦國為何又要滅亡呢？這是一種反問，表達了詩人對國家命運的擔憂。
*   **“丹心早為紅顏改，青史難寬白髮人。”**
    *   “丹心” 指的是赤誠的心，代表詩人對國家的忠誠。
    *   “紅顏” 指的是女性，暗示詩人因情所困，忠誠被動搖。
    *   “青史難寬白髮人” 意思是說，歷史上很難寬恕那些頭髮花白的老人（指詩人），暗示詩人犯下了不可挽回的錯誤，將受到後世的譴責。
*   **“永夜角聲應不寐，那堪思子又思親。”**
    *   “永夜角聲” 指的是夜晚的號角聲，暗示詩人身處戰亂之中，難以入眠。
    *   “那堪思子又思親” 意思是說，如何忍受思念子女和親人的痛苦，表達了詩人內心的悲痛和無助。

**為何推斷指向吳三桂：**

1.  **“紅顏”的暗示：** 吳三桂在平定南明時，與民女陳圓圓相戀，這段情緣成為他背叛清朝的重要因素。詩中“丹心早為紅顏改” 很有可能指的就是吳三桂因情而背叛國家。
2.  **背叛行為的後果：** 吳三桂投降清朝，導致南明政權覆滅，也引發了三藩之亂，使清朝初期戰火連綿。詩中“青史難寬白髮人” 預示了吳三桂將受到後世的譴責，這與他的歷史評價相符。
3.  **身處困境的感受：** 吳三桂晚年被清朝懷疑，最終被賜死。詩中“李陵心事久風塵”、“永夜角聲應不寐” 等句，反映了詩人身處困境，難以入眠的感受，這也符合吳三桂晚年的處境。
4.  **時代背景：** 清朝初期，社會動盪不安，詩人可能對吳三桂的行為感到痛心疾首，因此創作了這首詩來表達自己的憂慮和批判。

**總結：**

綜合以上分析，這首詩很可能是在說吳三桂。詩人借用李陵的故事，表達了對吳三桂背叛行為的批判和對國家命運的憂慮。詩中“紅顏”的暗示、對背叛行為後果的預示、以及身處困境的感受，都指向了吳三桂這個歷史人物。

**需要注意的是，詩歌的解讀往往具有多種可能性，以上分析僅是一種推測。** [end of text]


