這首詩確實是清朝人寫的，而且**極大機率是在影射吳三桂**，或者更準確地說，是清朝文人（或反清復明人士）對吳三桂一生「反覆無常、背信棄義」的辛辣諷刺與批判。

這首詩的作者是**清初的詩人屈大均**（1630-1696），他是著名的抗清志士，與陳恭尹、梁佩蘭並稱「嶺南三大家」。屈大均一生堅守反清復明的大節，對吳三桂這種「降清又反清」的變節者充滿鄙視。

以下為您詳細解析詩句中的典故與隱喻，說明為何這是在說吳三桂：

### 1. 首聯：李陵心事久風塵，三十年來詎臥薪？
*   **李陵心事**：李陵是漢朝名將，兵敗投降匈奴，後人常以此比喻「失節」或「身陷異族」。這裡指吳三桂早年降清，如同李陵降匈奴一樣，背棄了明朝。
*   **三十年來**：吳三桂在順治元年（1644 年）引清兵入關，到康熙十二年（1673 年）起兵反清，中間正好約三十年。
*   **詎臥薪**：「臥薪嚐膽」是越王勾踐復國的典故。這裡用「詎」（豈、怎麼）字反問：你吳三桂這三十年來，真的像勾踐那樣臥薪嚐膽、忍辱負重準備復國嗎？
    *   **諷刺點**：吳三桂起兵時號稱「反清復明」，但屈大均認為他並非真心復明，而是為了爭奪權力。他這三十年並未像勾踐那樣忍辱負重，而是享受了清朝的富貴，直到晚年才起兵。

### 2. 頷聯：復楚未能先覆楚，帝秦何必又亡秦。
*   **復楚未能先覆楚**：
    *   「復楚」：指吳三桂起兵時打著「恢復明朝（楚地為古楚國，代指明朝）」的旗號。
    *   「先覆楚」：指吳三桂在明朝滅亡時，為了報私仇（陳圓圓被掠）或貪圖富貴，**先**引清兵入關，導致明朝（楚）滅亡。
    *   **含義**：你吳三桂在明朝滅亡時，先背叛了明朝（覆楚），現在又想「恢復」明朝，豈不是諷刺？
*   **帝秦何必又亡秦**：
    *   「帝秦」：指吳三桂接受清朝封號（平西王），甚至一度想稱帝，或者指他依附清朝統治。
    *   「亡秦」：指秦朝滅亡。這裡用「秦」代指清朝（因為清朝入關後建立統治，如同秦滅六國）。
    *   **含義**：你既然已經依附清朝（帝秦），享受了三十年的榮華，為什麼又要反叛清朝（亡秦）？
    *   **核心諷刺**：這句詩精準地概括了吳三桂的矛盾——**既背叛了明朝，又背叛了清朝**。他先引清兵滅明（覆楚），後又反清（亡秦），在兩邊都失去了忠義。

### 3. 頸聯：丹心早為紅顏改，青史難寬白髮人。
*   **丹心早為紅顏改**：
    *   這是全詩最著名的典故，直接指向吳三桂的「衝冠一怒為紅顏」。
    *   傳說吳三桂因為愛妾陳圓圓被李自成部下劉宗敏掠走，才憤怒地打開山海關引清兵入關。
    *   **含義**：你吳三桂的「丹心」（忠誠之心）早就因為一個女人（紅顏）而改變了，背叛了國家。
*   **青史難寬白髮人**：
    *   **含義**：歷史（青史）是公正的，很難寬恕你這個白髮蒼蒼的老人（指吳三桂晚年反清時已年過六旬）。
    *   屈大均認為，吳三桂晚年反清，並非良心發現，而是為了爭奪皇位，這種行為在歷史評價中是無法被原諒的。

### 4. 尾聯：永夜角聲應不寐，那堪思子又思親。
*   **永夜角聲**：指戰爭的號角聲，暗示吳三桂起兵後的戰亂與不安。
*   **思子又思親**：
    *   這裡有雙重含義。表面上是說吳三桂在戰亂中思念親人。
    *   深層含義是諷刺：吳三桂一生反覆無常，最後眾叛親離。他的兒子吳應熊在清朝做人質被殺，他自己在反清失敗後病死（或自殺），結局淒涼。
    *   或者，這句詩是詩人假設吳三桂在深夜聽到角聲，內心充滿愧疚與恐懼，既思念自己的親人，又悔恨自己的選擇。

### 總結

這首詩是**屈大均**對**吳三桂**的極致批判。

1.  **歷史定位**：詩人認為吳三桂是「失節」之人（李陵），先賣國求榮（引清滅明），後又野心勃勃（反清稱帝）。
2.  **核心諷刺**：
    *   **對明朝**：你為了女人背叛了明朝（丹心為紅顏改）。
    *   **對清朝**：你享受了清朝的富貴三十年，最後又背叛清朝（帝秦何必又亡秦）。
    *   **對歷史**：你既不是勾踐（臥薪嚐膽），也不是忠臣，只是個反覆無常的小人，歷史不會寬恕你（青史難寬）。

這首詩不僅點出了吳三桂「衝冠一怒為紅顏」的著名典故，更深刻地揭露了他「兩面三刀、無忠無義」的政治本質，是清初文人對吳三桂最尖銳的歷史定調之一。 [end of text]


