
這首詩確實被許多人認為是借李陵的典故來暗指吳三桂，尤其是結合吳三桂的人生經歷來看，這種解讀相當有說服力。以下為詳細解釋：

**詩歌背景與李陵典故：**

*   **李陵：** 西漢將領，李廣之孫。他率領五千步兵與八萬匈奴大軍對抗，最終因寡不敵眾而兵敗投降。雖然他投降後對漢朝並無實際危害，但漢武帝仍對他極其痛恨。李陵的遭遇被後世視為忠義與背叛之間的複雜案例。
*   **詩歌背景：** 詩人借李陵的「心事」和「風塵」經歷，來比喻某個人的複雜心態和身世浮沉。這個「心事」很可能指的就是忠義與背叛之間的掙扎。

**逐句解釋與吳三桂的對應：**

1. **李陵心事久風塵，**
    *   **解釋：** 李陵心中的遺憾和苦衷，早已經歷了長久的風吹塵揚（比喻歷經世事變幻，身世浮沉）。
    *   **吳三桂對應：** 吳三桂早年為明朝將領，後來因愛妾陳圓圓被李自成擄走，一怒之下開關放清兵入關，導致明朝滅亡。這一決定讓他在忠義與私情之間陷入兩難，心中必然充滿了遺憾和苦衷。

2. **三十年來詎臥薪？**
    *   **解釋：** 三十年以來，難道還在像勾踐一樣刻苦自勵，等待時機嗎？
    *   **吳三桂對應：** 吳三桂在投降清朝後，被封為平西王，鎮守雲貴，表面上效忠清朝，暗地裡卻一直在積蓄力量，準備反清復明。這三十年間，他一直都在等待時機，這句詩正是對他這種狀態的描繪。

3. **復楚未能先覆楚，**
    *   **解釋：** 還沒有成功復興楚國（比喻明朝），反而先讓楚國滅亡了。
    *   **吳三桂對應：** 吳三桂原本是明朝的將領，本應保衛明朝，但他卻因私情導致明朝滅亡。這句詩正是對他這種「成事不足，敗事有餘」的行為的批判。

4. **帝秦何必又亡秦。**
    *   **解釋：** 既然已經臣服於秦國（比喻投降清朝），又何必再起兵反秦呢？
    *   **吳三桂對應：** 吳三桂在投降清朝後，又於1678年稱帝，建立大周政权，這一舉動被視為背叛清朝。這句詩正是對他這種「出爾反爾」的行為的質疑。

5. **丹心早為紅顏改，**
    *   **解釋：** 原本赤誠的心，早已因為美人的姿色而改變了。
    *   **吳三桂對應：** 這句詩直接指責吳三桂因陳圓圓而背叛明朝，導致明朝滅亡。陳圓圓被視為「紅顏禍水」，而吳三桂則被視為因美色而背叛忠義的典型。

6. **青史難寬白髮人。**
    *   **解釋：** 歷史是不會饒恕老年人的（指吳三桂晚年背叛清朝）。
    *   **吳三桂對應：** 吳三桂晚年起兵反清，最終失敗，被視為背叛清朝的罪人。這句詩預示了吳三桂最終的結局，也表達了詩人對他的批判。

7. **永夜角聲應不寐，**
    *   **解釋：** 長夜漫漫，軍中的號角聲讓人無法入睡。
    *   **吳三桂對應：** 這句詩描繪了吳三桂晚年心神不寧的狀態。他起兵反清後，戰事不利，心中必然充滿了焦慮和不安。

8. **那堪思子又思親。**
    *   **解釋：** 更何況還要思念子女和親人呢？
    *   **吳三桂對應：** 這句詩表達了吳三桂晚年對家人的思念。他起兵反清後，家人都被清朝扣作人質，他心中必然充滿了對家人的掛念。

**結論：**

這首詩通過借李陵的典故，巧妙地將吳三桂的人生經歷和心態展現出來。詩人對吳三桂的背叛行為進行了批判，同時也對他晚年的困境表示了同情。這首詩不僅是一首借古諷今的詩歌，也是對吳三桂這個歷史人物的一個總結和評價。因此，這首詩被認為是在說吳三桂，是有充分理由的。
 [end of text]


