是的，這首詩確實是在諷刺**吳三桂**。

這首詩的題目通常被稱為**《題吳三桂》**（或見於相關筆記小說中評論吳三桂之作），作者一般認為是明末清初的詩人（一說是吳梅村，一說是其他遺民詩人，但普遍視為對吳三桂的定評）。

這首詩非常辛辣，它將吳三桂與歷史上的漢朝叛將**李陵**相提並論，全詩對吳三桂「引清兵入關」、「反叛清朝」等行為進行了無情的嘲諷和否定。

以下是詳細的逐句解釋：

### 1. 李陵心事久風塵，三十年來詎臥薪？
*   **李陵心事：** 李陵是漢朝名將，兵敗投降匈奴。漢武帝殺了他全家，他終身未能歸漢。這裡用李陵來比喻吳三桂的降清，暗示吳三桂也是名將之後（吳三桂出身遼東將門），卻淪為異族之臣。
*   **久風塵：** 指長久處於戰亂和屈辱的處境中。
*   **三十年來詎臥薪：** 「三十年」指吳三桂從降清（1644年）到起兵反清（1678年去世前）大約三十多年的時間。「臥薪」指越王勾踐臥薪嘗膽，圖謀復國。
*   **解讀：** 詩人質問吳三桂：你雖然像李陵一樣處於異族朝廷中，但這三十多年來，你真的有像勾踐那樣「臥薪嘗膽」、時刻準備反清復明嗎？言下之意是：**根本沒有，你只是貪圖富貴罷了。**

### 2. 復楚未能先覆楚，帝秦何必又亡秦。
這是全詩最著名的一聯，運用了極其巧妙的歷史典故來嘲諷吳三桂的兩面不討好。

*   **復楚未能先覆楚：**
    *   **典故：** 這裡的「楚」比喻**明朝**（因為朱元璋起兵時號稱恢復中華，且明室與楚國有淵源，或泛指漢人政權）。
    *   **解讀：** 你說要恢復漢人江山（復楚），結果你引清兵入關，第一個動作就是幫清軍消滅了南明政權（如攻破雲南殺永曆帝），是你親手「覆楚」的。
*   **帝秦何必又亡秦：**
    *   **典故：** 戰國時期，齊國魯仲連義不帝秦（尊秦王為帝），認為這是恥辱。這裡的「秦」比喻**清朝**（滿族政權）。
    *   **解讀：** 你當年為了權力，甘願擁戴清朝（帝秦），做了清朝的平西王；後來為了私利又起兵造反（亡秦）。
*   **綜合解讀：** 這句話是在罵吳三桂：**你既沒有資格談復明（因為是你滅的），也沒有資格談反清（因為是你擁立的）。** 你是一個毀了舊主子，又背叛新主子的反覆小人。

### 3. 丹心早為紅顏改，青史難寬白髮人。
這兩句直接點出吳三桂降清的動機與後果。

*   **丹心早為紅顏改：**
    *   **丹心：** 忠心。
    *   **紅顏：** 指**陳圓圓**。
    *   **解讀：** 你的忠心早就因為女人（陳圓圓被李自成奪走）而改變了。這是指責吳三桂「衝冠一怒為紅顏」，為了私情而出賣國家民族利益。
*   **青史難寬白髮人：**
    *   **青史：** 歷史書。
    *   **白髮人：** 指晚年的吳三桂。
    *   **解讀：** 歷史是無情的，絕不會寬恕你這個到了白髮蒼蒼才想起來造反的老人。即便你後來反清，歷史也不會承認你是英雄，只會記住你的叛變。

### 4. 永夜角聲應不寐，那堪思子又思親。
這兩句描寫吳三桂晚年的處境，充滿了悲涼與諷刺。

*   **永夜角聲應不寐：** 在漫長的黑夜裡，聽著軍中淒涼的號角聲，你應該睡不著覺吧。
*   **那堪思子又思親：**
    *   **思子：** 吳三桂的兒子吳應熊在北京被康熙帝處死（處以絞刑）。
    *   **思親：** 吳三桂起兵後，留在遼東的家族親眷被清廷誅殺殆盡。
    *   **解讀：** 這句話表面上是同情吳三桂家破人亡，實際上是因果報應的嘲諷。你當年為了紅顏不惜引狼入室，導致無數漢人家破人亡；如今你老了，卻也要承受兒子被殺、祖宗被辱的痛苦。這種痛苦是你自己種下的惡因。

---

### 總結
這首詩是對吳三桂極為精準的歷史判決：
1.  **定性：** 他不是英雄，而是像李陵一樣的降將。
2.  **揭露虛偽：** 他晚年的「反清復明」根本不是為了漢族大義，而是因為權力鬥爭（三十年未嘗臥薪）。
3.  **道德譴責：** 他降清是為了女色（紅顏），結果是毀了明朝（覆楚）又背叛清朝（亡秦），落得個「三姓家奴」的罵名。
4.  **結局悲劇：** 最終落得眾叛親離，在悔恨與孤獨中死去。

所以，這首詩確實是在說吳三桂，而且是站在傳統儒家「忠君愛國」的立場上，對他進行了徹頭徹尾的否定。 [end of text]


