這首詩確實與清朝歷史人物吳三桂有密切關聯，詩中通過典故和意象，暗喻吳三桂的生平與心路歷程，尤其是他降清、反清、最終失敗的命運。以下我將從詩的內容、典故、歷史背景等方面詳細解釋：

---

### 一、詩句逐句解析

#### 1. **「李陵心事久風塵」**
- **李陵**：西漢將領，投降匈奴後，漢武帝對其極為不滿，李陵成為「叛將」的象徵。
- **「久風塵」**：長期奔波於戰場，歷經風霜。
- **含義**：以李陵自比（或指吳三桂），暗示其心事沉重，長期處於戰亂與道德困境中，與李陵一樣背負「叛將」之名。

#### 2. **「三十年來詎臥薪？」**
- **「臥薪」**：出自「臥薪嘗膽」，指越王勾踐忍辱負重、圖謀復仇。
- **「詎」**：豈、何。
- **含義**：三十年來，他是否真的在忍辱負重、圖謀復仇？這裡帶有質疑的語氣，暗示吳三桂的「復明」之志可能是虛偽的，或者他早已失去復仇的動力。

#### 3. **「復楚未能先覆楚，帝秦何必又亡秦。」**
- **「復楚」**：指恢復楚國（暗指明朝）。
- **「覆楚」**：推翻楚國（暗指推翻明朝）。
- **「帝秦」**：秦朝統治者（暗指清朝）。
- **「亡秦」**：推翻秦朝（暗指推翻清朝）。
- **含義**：吳三桂起兵反清時，並未先推翻清朝的附庸（如清朝在中國的統治），反而先破壞了明朝的殘餘勢力（如南明），這種行為是矛盾的。詩人質問：既然要復明，為何先破壞明朝？既然要反清，為何又依賴清朝？這句詩批判吳三桂的行為自相矛盾。

#### 4. **「丹心早為紅顏改」**
- **「丹心」**：赤誠忠心。
- **「紅顏」**：指陳圓圓，吳三桂的愛妾。
- **含義**：吳三桂的忠心早已因陳圓圓被清軍掠走而改變，直接導致他降清、反清的行為。這句詩點出吳三桂行為的關鍵動機——個人情感（紅顏）取代了國家大義。

#### 5. **「青史難寬白髮人」**
- **「青史」**：史書，指歷史評價。
- **「白髮人」**：指吳三桂晚年。
- **含義**：歷史不會原諒這樣的人，即使到了白髮蒼蒼的年紀，他的行為也無法被歷史寬恕。這句詩表達對吳三桂的道德譴責。

#### 6. **「永夜角聲應不寐，那堪思子又思親。」**
- **「永夜」**：長夜無眠，象徵吳三桂晚年孤寂、內疚。
- **「角聲」**：軍營中的號角聲，暗示戰亂未息。
- **「思子又思親」**：思念兒子（如吳應熊）和親人，可能指他在清朝為官時與親人的分離，或戰敗後對家人的愧疚。
- **含義**：吳三桂晚年在內疚與孤寂中度過，長夜難眠，思念親人，卻無法彌補自己的過錯。

---

### 二、歷史背景與吳三桂的關聯

吳三桂是明末清初的重要人物，其生平大致如下：

1. **明末降清**：1644年，李自成攻入北京，吳三桂引清軍入關，幫助清朝滅李自成、滅南明。
2. **清朝封王**：清朝封吳三桂為平西王，統治雲南。
3. **三藩之亂**：1673年，康熙削藩，吳三桂起兵反清，自稱「周王」，但最終失敗，1678年病死於衡州。
4. **「衝冠一怒為紅顏」**：吳三桂因愛妾陳圓圓被李自成部將掠走，怒而降清，成為其人生轉折點。

詩中「丹心早為紅顏改」正是對這一歷史事件的直接指涉。

---

### 三、詩的主題與情感

這首詩的主題是對吳三桂的批判與同情交織：

- **批判**：詩人指出吳三桂行為自相矛盾（復楚未能先覆楚）、因私情背叛國家（丹心為紅顏改）、歷史不會原諒他（青史難寬白髮人）。
- **同情**：詩人也描寫了吳三桂晚年的孤寂與內疚（永夜角聲、思子思親），表現出對他命運的惋惜。

---

### 四、結論

這首詩確實是在說吳三桂。詩人通過李陵、勾踐等歷史典故，結合吳三桂的生平事蹟（如降清、反清、因紅顏背叛國家），對其進行了深刻的道德審判與情感描寫。詩中既有對吳三桂行為的批判，也有對其晚年命運的同情，是一首具有歷史深度與人文關懷的作品。

---

如果你對詩中某一句或某個典故有進一步的問題，也可以再問我，我可以更詳細地解釋。 [end of text]


