這首詩確實是清朝人寫的，而且**極大機率是在影射吳三桂**。

這首詩的作者是**清初的遺民詩人**（一般認為是**屈大均**或與之同時期的反清復明志士，也有說法指向**王夫之**或**顧炎武**等，但最廣為流傳的歸屬是**屈大均**的《吳三桂》或相關詠史詩作，不過需要指出的是，這首詩在部分文獻中也被歸於**陳恭尹**或**梁佩蘭**等「嶺南三大家」之手，或者是一首託名之作，但內容指向非常明確）。

這首詩通過歷史典故的雙重隱喻，尖銳地批判了吳三桂從「明將」到「降清」，再到「反清」，最後「稱帝」的變節行徑。

以下是逐句的詳細解析，說明它如何對應吳三桂的一生：

### 1. 首聯：李陵心事久風塵，三十年來詎臥薪？
*   **典故**：
    *   **李陵**：西漢名將，兵敗投降匈奴，後人常以此比喻身陷異族或變節的將領。
    *   **臥薪嘗膽**：春秋時期越王勾踐復國的故事，比喻忍辱負重，立志復仇。
*   **解讀**：
    *   「李陵心事久風塵」：指吳三桂早年鎮守山海關，後因陳圓圓被掠（或清軍入關）而引清兵入關，如同李陵一樣身陷「風塵」（指變節、淪落異族統治之下）。
    *   「三十年來詎臥薪」：吳三桂降清後，在清朝效力了約三十年（從 1644 年入關到 1673 年三藩之亂）。詩人反問：這三十年來，你（吳三桂）哪裡有像勾踐那樣「臥薪嘗膽」復國（或復明）的志氣？你只是為了保全富貴而苟且偷生。

### 2. 頷聯：復楚未能先覆楚，帝秦何必又亡秦。
*   **典故**：
    *   **復楚/覆楚**：指項羽滅秦後分封諸侯，後項羽自封西楚霸王，最終被劉邦所滅。這裡暗指吳三桂想「復明」（復楚），卻先背叛了明朝（覆楚）。
    *   **帝秦/亡秦**：指秦朝。吳三桂引清兵入關，等於幫助了秦（清朝）滅了明（楚）。後來他反清稱帝，結果又導致了清朝的動盪（或指他最終失敗，如同秦朝滅亡）。
*   **解讀**：
    *   這句是整首詩最辛辣的諷刺。吳三桂起兵反清時，口號是「為明報仇」（復楚），但他當初引清兵入關時，實際上已經「覆楚」（滅了明朝）。
    *   「帝秦何必又亡秦」：他當初為了私利幫助清朝（帝秦，指尊奉清朝或助清滅明），結果後來自己又反叛清朝（亡秦，指清朝的動盪或他最終的敗亡）。詩人指出他的邏輯矛盾：你既然當初助秦滅楚，現在又反秦，你的忠義何在？

### 3. 頸聯：丹心早為紅顏改，青史難寬白髮人。
*   **典故**：
    *   **丹心**：赤誠之心。
    *   **紅顏**：指陳圓圓。
    *   **白髮人**：指吳三桂晚年。
*   **解讀**：
    *   「丹心早為紅顏改」：這是對吳三桂最著名的指控。傳說吳三桂因為陳圓圓被李自成部下劉宗敏強佔，一怒之下「衝冠一怒為紅顏」，引清兵入關。詩人說他原本作為明將的「丹心」，早就因為女人（紅顏）而改變了。
    *   「青史難寬白髮人」：歷史（青史）是公正的，很難寬恕一個到了白髮蒼蒼之年還在反覆無常、背信棄義的人。吳三桂晚年反清稱帝，最終失敗自殺，歷史對他的評價極差。

### 4. 尾聯：永夜角聲應不寐，那堪思子又思親。
*   **典故**：
    *   **角聲**：軍中的號角聲，代表戰爭或邊塞的淒涼。
    *   **思子**：暗指吳三桂的兒子吳應熊（被清廷扣留做人質，後被處死）或吳世璠。
    *   **思親**：指思念故國（明朝）或親人。
*   **解讀**：
    *   這句描寫吳三桂在反清戰爭失敗前夕（或晚年）的心境。長夜漫漫，軍中角聲不斷，他無法入睡。
    *   「那堪思子又思親」：他既擔心兒子吳應熊的命運（吳應熊在順治年間被殺），又思念故國親人。這是一種「作繭自縛」的悲劇結局——因為當年的變節，導致現在眾叛親離，連親人都保不住，只能在痛苦中煎熬。

### 總結
這首詩通過**李陵**（變節）、**勾踐**（無復國志）、**項羽/秦朝**（滅明助清又反清）、**陳圓圓**（衝冠一怒）等典故，精準地概括了吳三桂的一生：

1.  **變節**：為了女人背叛明朝。
2.  **無志**：在清朝苟且三十年，無復明之志。
3.  **矛盾**：既助清滅明，又反清稱帝，自相矛盾。
4.  **結局**：身敗名裂，遺臭萬年。

清朝人（特別是反清復明的遺民或對吳三桂持批判態度的文人）寫這首詩，意在諷刺吳三桂**「無忠無義、反覆無常」**的歷史形象，並警告後人不要像他一樣為了私利而背棄大義。 [end of text]


