這首詩**確實是在諷刺吳三桂**，但更準確地說，它描寫的是**吳三桂在清朝統治下，內心充滿矛盾、猶豫不決，最終導致家族淪亡的悲劇命運**。

這首詩並非直接寫吳三桂「降清」的那一刻，而是寫在他**投降清朝後，在清廷統治下度過的漫長歲月裡**（特別是晚年）的內心獨白或他人對他的評述。詩中充滿了對他「反覆無常」和「白髮人送白髮人」的悲嘆。

以下為您詳細拆解詩句與吳三桂的對應關係：

### 1. 詩句逐句解析與歷史背景對照

#### **「李陵心事久風塵，三十年來詎臥薪？」**
*   **典故**：
    *   **李陵**：漢朝將軍，兵敗投降匈奴，被視為忠誠與背叛的矛盾象徵。
    *   **臥薪**：指勾踐臥薪嘗苦，形容忍辱負重、立志復國。
*   **解釋**：
    *   詩人將吳三桂比作李陵，暗示他像李陵一樣，心中懷有舊主（明朝）的舊情，卻不得不長期在風塵中苟且。
    *   「三十年來」：指吳三桂從 1644 年降清，到 1678 年去世，前後長達三十多年。
    *   「詎臥薪？」：難道你這一生都在忍辱負重、等待復國的機會嗎？
    *   **深意**：吳三桂降清後，雖然表面上對清朝恭順，但他內心始終沒有真正「臥薪嘗膽」去為清朝效力，也沒有像勾踐那樣真正臣服。他一直在等待機會反叛，或者至少內心充滿了對明朝的懷念，這種「久風塵」的狀態正是他一生的写照。

#### **「復楚未能先覆楚，帝秦何必又亡秦。」**
*   **典故**：
    *   **復楚/覆楚**：指吳三桂起兵反清（1673-1676 年），史稱「三藩之亂」。他試圖恢復明朝（或建立自己的政權），但最終失敗。
    *   **帝秦/亡秦**：這裡用秦朝作比喻。秦朝統一六國後，二世而亡。詩意是：你起兵反叛（想恢復舊日榮耀），卻未能成功；你稱帝（建立吳氏政權），卻像秦朝一樣迅速走向滅亡。
*   **解釋**：
    *   這句直接點出吳三桂最大的政治錯誤：**「未能先覆楚」**。意思是他在起兵反清之前，應該先徹底解決内部的矛盾（如三藩內部、與清廷的談判策略），或者說他起兵時機不對，準備不足。
    *   「帝秦何必又亡秦」：你稱帝建立吳國，卻重蹈秦朝二世而亡的覆轍。
    *   **深意**：這是在批評吳三桂的戰略失誤。他以為自己能像劉邦一樣建立長治久安的政權，結果卻因為準備不足、內部不和以及清軍的強大，導致「三藩之亂」迅速失敗，自己也被俘殺。

#### **「丹心早為紅顏改，青史難寬白髮人。」**
*   **典故**：
    *   **丹心**：赤誠的忠心（通常指對明朝）。
    *   **紅顏**：指陳圆圆。
    *   **白髮人**：指吳三桂晚年已至暮年。
*   **解釋**：
    *   「丹心早為紅顏改」：這是全詩最著名的一句，直接點出吳三桂降清的動機之一。他原本對明朝忠心耿耿（丹心），卻因為愛上了陳圆圆（紅顏），導致「冲冠一怒為红颜」，最終選擇降清。這解釋了他為何在明朝滅亡後沒有殉國，反而背叛了祖國。
    *   「青史難寬白髮人」：在青史（歷史記載）上，很難寬恕這位已經白了頭髮的老人。
    *   **深意**：詩人對吳三桂感到惋惜又憤怒。他認為吳三桂的背叛是出於私慾（愛美色），這在道德上是無法原諒的。即使他晚年已老（白髮人），歷史也不會因為他的年齡而寬恕他的背叛行為。

#### **「永夜角聲應不寐，那堪思子又思親。」**
*   **解釋**：
    *   在漫長的夜晚，聽到邊塞的角聲（暗示戰爭或思鄉），他無法入睡。
    *   「那堪思子又思親」：這句非常動人，描寫了吳三桂晚年的悲涼。他不僅思念自己的子孫（三藩之亂中，他的兒子吳應熊等人在亂中遇難或流離），更思念自己的父母（吳三桂晚年極度思念父母，甚至說「思親」是他在獄中或逃亡時最痛苦的事）。
    *   **深意**：這揭示了吳三桂失敗後的最終結局。他雖然有野心，但最終被歷史的洪流和家庭的悲劇所吞噬。他在清廷的囚禁或逃亡中，面對永夜，只能獨自承受思念子孫和父母的痛苦。這也暗示了他最終的死亡（1678 年被清廷處死）。

### 2. 總結：這首詩的核心思想

這首詩並非單純的詆譚，而是一首**充滿歷史滄桑感的挽歌**。

1.  **批判背叛**：指出吳三桂因愛美色（紅顏）而背叛明朝（丹心改），這是他在道德上的污點。
2.  **諷刺失敗**：指出他起兵反清（復楚）準備不足，導致迅速失敗（亡秦），證明他並非真正的英雄。
3.  **悲憫晚年**：描寫他在降清後的三十多年裡，內心充滿矛盾，最終在思念子孫和父母的痛苦中走向死亡。

**結論**：
是的，這首詩就是在說**吳三桂**。它精準地概括了吳三桂一生的三個關鍵點：**「因色降清」**（紅顏改丹心）、**「起兵失敗」**（復楚亡秦）、**「晚年悲涼」**（思子思親）。詩人通過李陵、勾踐、秦朝的典故，將吳三桂置於中國歷史上「反覆無常」的將領行列中進行評價，既指出了他的錯誤，也表達了對這位複雜歷史人物的複雜情感。 [end of text]


