嗯，用户问这首诗是不是在说吴三桂，还要求详细解释。这首诗看起来是清代的作品，用典比较密集，需要仔细分析。

先看题目和作者信息，用户没提供，但诗的内容明显涉及历史人物。吴三桂是明清之际的关键人物，引清兵入关、反清又失败，确实符合诗中“复楚”“帝秦”这类矛盾表述。

“李陵”这个典故很关键。李陵是汉代名将，降匈奴后终身未归，常被用来比喻变节者。吴三桂引清兵入关相当于“降胡”，后来反清又失败，确实像李陵的处境。“三十年”可能指吴三桂从降清到反清的时间跨度。

“复楚未能先覆楚”这句需要拆解。“复楚”可能指吴三桂反清复明（楚是明朝代称），“覆楚”却指他先帮清军灭了南明。这种矛盾正是吴三桂的争议点。“帝秦何必又亡秦”更明显，秦指清朝，他先帮清朝打天下，又反清朝，确实“帝秦”又“亡秦”。

“丹心早为红颜改”明显指向陈圆圆。吴三桂“冲冠一怒为红颜”的典故家喻户晓，这里说他的“丹心”（忠义）因红颜（陈圆圆）改变，符合史实。“青史难宽白髮人”可能指他晚年反清失败，白发苍苍仍被历史谴责。

最后两句“永夜角声应不寐，那堪思子又思亲”很可能是写吴三桂兵败后的心境。角声是军中号角，不寐夜不能寐，既思儿子（可能指被清朝杀害的儿子吴应熊）又思亲人（可能指故国明朝）。这种矛盾痛苦很符合吴三桂结局。

整体看，这首诗用典精准，层层递进：先以李陵喻其变节，再点明其矛盾行为，接着归因于红颜，最后写晚年悔恨。几乎每句都能对应吴三桂生平关键点。清代写吴三桂的诗不少，但这样集中用典的确实典型。

不过要提醒用户，清代文字狱严酷，直接写吴三桂可能 risky，所以诗人可能用多重典故掩护。但结合历史背景，指向性非常明确。可以补充说明：吴三桂在清代官方史书是“贰臣”“逆臣”，但民间对其评价复杂，这首诗的批判立场很清晰。
</think>
這首詩極有可能是在諷刺或評述**吳三桂**。以下從詩句用典、歷史背景與情感基調進行詳細解析：

---

### **一、核心線索：歷史人物與典故對應**
1. **「李陵心事久風塵」**  
   - **李陵**：漢代名將，兵敗降匈奴，終身未歸，後世常以「李陵」喻指變節者或身陷敵營的悲劇人物。  
   - **對應吳三桂**：吳三桂原為明朝將領，後引清兵入關（「降清」），被視為「漢奸」，其人生際遇與李陵的「風塵」（漂泊異邦）有相似性。

2. **「三十年來詎臥薪」**  
   - **臥薪嘗膽**：典故出自越王勾踐，喻刻苦自勵、不忘恥辱。  
   - **反諷吳三桂**：吳三桂降清後權傾一時（封平西王），未必有「臥薪」之志；後期反清（「三藩之亂」）又失敗，三十年間並未真正「復仇」，反顯其反覆無常。

3. **「復楚未能先覆楚，帝秦何必又亡秦」**  
   - **復楚/覆楚**：  
     - 「復楚」可能指吳三桂反清復明（楚為明朝代稱）。  
     - 「覆楚」指他先助清軍滅亡南明（如1644年引清兵破李自成，後又滅南明政權）。  
     - **矛盾點**：他既滅了明朝（覆楚），又企圖「復楚」（反清），行為自相矛盾。  
   - **帝秦/亡秦**：  
     - 「帝秦」指他擁立清朝（「帝」為擁戴），後又「亡秦」（反清）。  
     - **歷史對應**：吳三桂1673年發動「三藩之亂」，以「反清復明」為號，但1678年自立為帝（「周王」），暴露其野心，非真心復明。

4. **「丹心早為紅顏改」**  
   - **紅顏**：直指**陳圓圓**。吳三桂「衝冠一怒為紅顏」的典故廣為流傳，謂其因陳圓圓被李自成部將掠走，遂引清兵入關。  
   - **丹心改**：原指忠君之「丹心」因女色改變，諷刺吳三桂為私情背叛明朝。

5. **「青史難寬白髮人」**  
   - **白髮人**：吳三桂反清時已年近七十（1673年起兵時67歲），晚年失敗，病死軍中。  
   - **青史難寬**：歷史對其評價極其負面，無論明朝遺民還是清朝官方，皆視其為「反覆小人」。

6. **「永夜角聲應不寐，那堪思子又思親」**  
   - **角聲**：軍中號角，暗指戰爭。  
   - **思子**：吳三桂之子**吳應熊**1661年入京為質，1674年被康熙處死，使其父子隔絕。  
   - **思親**：可能指對明朝故國（「親」可引申為舊主）的複雜情感，或對陳圓圓等家人的牽掛。  
   - **不寐**：晚年兵敗之際，夜不能寐，內疚與悔恨交加。

---

### **二、歷史背景與詩人立場**
- **時代**：清代（可能為康熙朝後）。  
- **詩人態度**：  
  1. **批判性**：詩中「復楚未能先覆楚」「帝秦何必又亡秦」等句，直指吳三桂政治行為的荒謬與功利。  
  2. **悲憫色彩**：以「李陵」「白髮人」等意象，亦流露對其命運的嘆惋，但最終歸於「青史難寬」的道德審判。  
  3. **儒家立場**：強調「忠義」的缺失（丹心為紅顏改），符合傳統史觀對吳三桂「不忠不孝」的定論。

- **清代對吳三桂的評價**：  
  官方史書（如《清史稿》）斥其為「逆臣」，民間則有複雜敘事（如「為紅顏報仇」）。此詩更接近官方貶抑立場，但融合了民間對其悲劇性的想像。

---

### **三、是否可能指其他人？**
- **排除其他對象**：  
  詩中「紅顏」「思子」等細節高度貼合吳三桂生平。明代其他變節者（如洪承疇）無「紅顏改丹心」的著名典故；「復楚/覆楚」的雙關亦專指吳三桂既滅明又反清的矛盾。  
- **李陵的隱喻**：清代詩人常用李陵喻吳三桂（如趙翼詩句），因二者皆「降敵」且終身不得歸。

---

### **四、結論**
這首詩是**清代對吳三桂的典型評述**，通過多重典故層層遞進：  
1. **以李陵喻其變節**；  
2. **批判其政治矛盾**（滅明又反清）；  
3. **歸因於私情**（陳圓圓）；  
4. **嘆其晚年失敗**（白髮人、思子）。  
全詩在道德譴責中夾雜悲憫，符合傳統史學對吳三桂「反覆無常、遺臭萬年」的定論，同時反映清代知識分子對「忠義」問題的深刻反思。

> **建議**：若需進一步考證，可查閱清代詩話或吳三桂相關詩作（如趙翼《甌北詩話》），類似的諷喻詩在康熙朝後常見，多與「三藩之亂」的歷史記憶有關。 [end of text]


