這首詩的作者是清朝詩人龔自珍，寫於清朝同治年間。你說的沒錯，這首詩**確實是在影射清朝名臣吳三桂**，但更深層次地，它是在表達龔自珍對清朝統治者（尤其是慈禧太后）的失望和對國家命運的憂慮。

以下是詳細的解釋，將詩句與吳三桂的歷史事件以及龔自珍的政治立場結合起來：

**1. 詩句與吳三桂事件的對應：**

*   **「李陵心事久風塵，三十年來詎臥薪？」**：
    *   **李陵**：指漢朝名將李陵，因兵敗投降匈奴，一生懷才不遇，客居異鄉。
    *   **風塵**：指漂泊不定、身不由己的處境。
    *   **三十年來詎臥薪？**：指李陵在匈奴生活了三十多年，卻沒有像越王勾踐一樣臥薪嘗膽，以圖復國。
    *   **對應吳三桂**：吳三桂在清朝為官三十餘年，但始終沒有真正效忠清朝，反而因為對清朝統治者的不滿，最終引李自成入關，導致明朝滅亡。他雖然身居高位，卻始終懷揣著對明朝的懷念和對清朝的不信任，這與李陵的處境相似。
*   **「復楚未能先覆楚，帝秦何必又亡秦。」**：
    *   **復楚未能先覆楚**：指吳三桂本可以先推翻清朝，但卻沒有這樣做。
    *   **帝秦何必又亡秦**：指清朝統治者（慈禧太后）本可以吸取明朝滅亡的教訓，但卻重蹈覆轍，導致國家衰敗。
    *   **對應歷史**：這兩句詩暗示了吳三桂的矛盾和清朝統治者的昏庸。吳三桂引清兵入關，表面上是為了報父仇，但實際上卻加速了明朝的滅亡。龔自珍認為，如果吳三桂真的想復明，就應該先推翻清朝，而不是引狼入室。而清朝統治者則沒有從明朝滅亡的教訓中吸取經驗，繼續實行腐朽的統治，導致國家衰敗。
*   **「丹心早為紅顏改，青史難寬白髮人。」**：
    *   **丹心早為紅顏改**：指吳三桂為了陳圓圓（紅顏）而背叛了明朝。
    *   **青史難寬白髮人**：指吳三桂的歷史功過難以評價，他背叛明朝的行為，讓他在歷史上留下了一個爭議性的形象。
    *   **對應歷史**：這兩句詩直接點明了吳三桂背叛明朝的原因，並暗示了他在歷史上的爭議性。龔自珍認為，吳三桂為了個人情感而背叛了國家，這種行為是不可饒恕的。
*   **「永夜角聲應不寐，那堪思子又思親。」**：
    *   **永夜角聲應不寐**：指吳三桂在深夜聽到軍號聲，卻無法入睡，因為他內心充滿了矛盾和痛苦。
    *   **那堪思子又思親**：指吳三桂思念自己的家人，但又無法忘記自己所做的一切。
    *   **對應歷史**：這兩句詩描寫了吳三桂內心的痛苦和矛盾。他一方面懷念自己的家人，另一方面又無法忘記自己所背叛的明朝。龔自珍認為，吳三桂的這種痛苦和矛盾，是他背叛明朝的必然結果。

**2. 龔自珍的政治立場和詩歌的深層含義：**

龔自珍是清朝末年的著名詩人，也是一位具有憂國憂民情懷的知識分子。他對清朝統治者的腐朽和無能深感失望，對國家命運充滿憂慮。

*   **影射慈禧太后**：詩中的「帝秦」實際上是指清朝統治者，尤其是慈禧太后。龔自珍認為，慈禧太后昏庸無能，不思進取，導致清朝日益衰敗，重蹈明朝滅亡的覆轍。
*   **對國家命運的憂慮**：詩歌的深層含義是對清朝統治者的批判和對國家命運的憂慮。龔自珍希望清朝統治者能夠吸取明朝滅亡的教訓，改革弊政，挽救國家。
*   **對歷史人物的評價**：龔自珍對吳三桂的評價是複雜的。他一方面譴責吳三桂背叛明朝的行為，另一方面也同情他的處境和內心痛苦。龔自珍認為，吳三桂的悲劇，既是他個人的悲劇，也是清朝統治者造成的悲劇。

**總結：**

這首詩以李陵的歷史事件為喻，影射了清朝名臣吳三桂的歷史功過和清朝統治者的昏庸無能。龔自珍通過對吳三桂的批判和對清朝統治者的諷刺，表達了自己對國家命運的憂慮和對清朝統治者的失望。這首詩不僅是一首歷史詩，更是一首充滿了政治批判和憂國憂民情懷的愛國詩篇。 [end of text]


