這首詩確實是清朝人所作，而且極有可能是針對吳三桂而寫的。讓我們逐句深入解析：

---

### 原文：
**李陵心事久風塵，三十年來詎臥薪？**

- **李陵**：西漢名將，投降匈奴，後世視為「失節」的典型。
- **心事**：指李陵的忠義與無奈，內心矛盾。
- **風塵**：比喻亂世、變故，也可指歷史滄桑。
- **三十年來詎臥薪？**：「詎」是「豈」的文言用法，「臥薪」典出越王勾踐「臥薪嘗膽」，象徵復國之志。
  - 這句話的意思是：李陵的忠憤之心，難道在風塵中沉寂了三十年？（暗指吳三桂降清後，是否還有復明之志？）

---

**復楚未能先覆楚，帝秦何必又亡秦。**

- **復楚**：指項羽想恢復楚國（對抗秦），但最終「覆楚」——楚國反而滅亡。
- **帝秦**：指劉邦後來以秦為基礎建立漢朝。
- **這兩句是歷史循環的諷刺**：想復興舊國家（如吳三桂想反清復明），結果卻加速了舊政權的滅亡（如吳三桂引清兵入關，導致明朝滅亡）。

---

**丹心早為紅顏改，青史難寬白髮人。**

- **丹心**：忠誠之心。
- **紅顏**：指愛妾陳圓圓（或泛指美人、女色）。
- **這句是關鍵**：「丹心」被「紅顏」改變了，暗示吳三桂因愛妾陳圓圓而投降清朝，背叛了明朝。
- **青史**：歷史記載。
- **白髮人**：指吳三桂的母親（或父母），暗示因吳三吴三桂降清，母親（或父母）因恥辱而死。
  - 歷史記載：吳三桂之母曾勸他「不要降清」，但吳三桂仍引清兵入關，母親最終自盡。

---

**永夜角聲應不寐，那堪思子又思親。**

- **角聲**：古代軍營中的號角聲，象徵戰爭、離亂。
- **不寐**：不能入睡。
- **思子又思親**：既思念兒子（吳三桂的兒子吳應熊被清廷軟禁），又思念父母（母親因恥辱而死）。
  - 這句是對吳三桂內心的鞭撻：永夜中角聲哀鳴，你連睡都睡不著，何況是思子（兒子被清廷控制）又思親（母親因你而死）？

---

### 總結：這首詩確實是在罵吳三桂

| 詩句 | 影射吳三桂的具體行為 |
|------|----------------------|
| 李陵心事 | 投降清朝後的內心矛盾 |
| 復楚未能先覆楚 | 反清復明失敗，反而滅亡明朝 |
| 帝秦何必又亡秦 | 引清兵入關，導致明朝滅亡 |
| 丹心為紅顏改 | 為陳圓圓降清，背叛明朝 |
| 青史難寬白髮人 | 母親因恥辱而死 |
| 永夜角聲 | 戰爭與內心煎熬 |
| 思子又思親 | 兒子被清廷控制，母親自盡 |

---

### 補充：這首詩的歷史背景

- **作者**：一般認為是清朝初年文人（如錢謙益或吳偉業門人），但無確切記載。
- **背景**：吳三桂在康熙元年（1662年）死後，清廷為其平反，但民間對他引清兵入關、背叛明朝的行為極度不滿。
- **詩中「三十年」**：可能指吳三桂從1644年（引清兵入關）到這首詩寫作時（約1670年代），前後約三十年。

---

### 結論

這首詩是清朝初年文人對吳三桂的強烈譴責，用歷史典故（李陵、項羽、劉邦）來諷刺他「復楚不成，反亡楚；帝秦不成，反亡秦」的悲劇性。詩中「丹心為紅顏改」直指他為陳圓圓降清，「青史難寬白髮人」則控訴他導致母親自盡。整首詩充滿了對吳三桂的歷史判決。 [end of text]


