這首詩確實是清朝人寫的，且極有可能是指代**吳三桂**（或泛指清朝初年的反清復明志士，但吳三桂是其中最著名且與詩中意象高度契合的對象）。

這首詩並非直接寫「吳三桂」的名字，而是通過**歷史典故**和**情感意象**，隱喻吳三桂在清朝建立後，其「丹心」（忠誠之心）已經改變，甚至為了保全自己或家族利益而「改節」，導致國家分裂、百姓流離。

以下為您詳細解析這首詩的含義與背景：

### 1. 詩句逐句解析

*   **李陵心事久風塵，三十年來詎臥薪？**
    *   **李陵**：指漢代將領李陵。李陵在漢匈戰爭中戰敗投降匈奴，被俘後被處死，其子李廣田（李陵之孫）在匈奴為奴，後被漢朝赦免，但李陵本人已死。
    *   **風塵**：指風沙塵土，比喻流離失所、漂泊無依的境遇。
    *   **臥薪**：典故出自《左傳》，指「臥薪嘗膽」，形容人忍辱負重、時刻準備著去報仇。
    *   **解析**：詩人借用李陵的故事，暗示吳三桂（或當時的忠臣）雖然歷盡風塵，但三十年來（指清朝建立後），他並沒有像李陵那樣忍辱負重、默默承受，而是選擇了另一種道路。

*   **復楚未能先覆楚，帝秦何必又亡秦。**
    *   **復楚**：指恢復楚國（象徵漢室或中原王朝）。
    *   **覆楚**：指滅亡楚國。
    *   **帝秦**：指秦始皇（秦朝）。
    *   **解析**：這是全詩的**核心隱喻**。
        *   漢朝滅楚，是順勢而為；
        *   清朝建立後，吳三桂（或忠臣）為了保全自己或家族，選擇了「復楚」（恢復漢室），結果卻導致了「覆楚」（秦朝滅亡，或指清朝滅亡）。
        *   詩人用「帝秦何必又亡秦」來諷刺：如果當初能像漢朝那樣順勢而為，就不會重蹈覆轍，導致國家再次分裂或滅亡。這直接指向了吳三桂在清朝建立後，為了個人利益而選擇「復楚」，最終導致了清朝的滅亡（或國家分裂）。

*   **丹心早為紅顏改，青史難寬白髮人。**
    *   **丹心**：赤誠的心，指忠誠。
    *   **紅顏**：指女子，代指吳三桂的妻子（吳三桂的妻子是紅顏，即紅顏公主，後嫁給吳三桂）。
    *   **解析**：這句直接點出了吳三桂的個人經歷。他原本忠誠（丹心），但在紅顏（妻子）的誘惑或利益面前，「早為紅顏改」，即改變了心志，不再忠於朝廷。

*   **永夜角聲應不寐，那堪思子又思親。**
    *   **永夜角聲**：指深夜的軍樂或警報聲，象徵時局動盪、國家危亡。
    *   **不寐**：無法入睡。
    *   **思子又思親**：指思念兒子（指吳三桂的兒子吳世璿，或泛指親人）和親人。
    *   **解析**：在永夜中，聽到角聲，無法安睡，因為他內心充滿了對親人的思念，以及對國家命運的憂慮。這反映了吳三桂在清朝建立後，雖然表面順從，但內心仍懷有復國之志，且因個人情感（思子思親）而無法完全割捨，最終導致了國家的分裂。

### 2. 歷史背景與指代對象

這首詩是清朝人寫的，但作者並非直接寫「吳三桂」，而是借古喻今，用**李陵**和**楚漢興亡**的典故來影射**吳三桂**。

*   **吳三桂的歷史角色**：
    吳三桂是清朝開國元勳，但他後來在康熙年間（1678 年）因與李自成部將李岩（李岩）不和，率軍攻入北京，導致清軍大敗，清廷被迫遷都北京，史稱「三藩之亂」。
    *   在清朝建立後，吳三桂為了保全自己（因為他與李自成有舊，且擔心李自成復起），選擇了「復楚」（恢復漢室），結果導致了清朝的滅亡（或國家分裂）。
    *   詩中「復楚未能先覆楚，帝秦何必又亡秦」正是對這種「為了保全自己而導致國家滅亡」的諷刺。

*   **詩的創作背景**：
    這首詩很可能出自清朝初年，作者可能是當時的官員或文人，借李陵之冤（李陵投降匈奴後被處死，其子為奴）來比喻吳三桂（或忠臣）在清朝建立後，為了個人利益而改變心志，導致國家分裂。

### 3. 結論

**是的，這首詩確實是在說吳三桂（或影射當時的忠臣）。**

*   **核心隱喻**：詩中借李陵之冤，諷刺吳三桂在清朝建立後，為了保全自己（或家族利益），選擇了「復楚」（恢復漢室），結果導致了「覆楚」（清朝滅亡或國家分裂）。
*   **情感表達**：「丹心早為紅顏改」直接點出吳三桂因妻子（紅顏）而改變心志；「思子又思親」則表達了他內心仍懷有復國之志，無法完全割捨，最終導致了國家的分裂。

這是一首借古喻今的諷刺詩，通過歷史典故，深刻揭示了吳三桂在清朝建立後，因個人利益而導致國家命運的悲劇。 [end of text]


