==========
Files: ['002-wowstitches.jpg'] 

Prompt: <bos><start_of_turn>user
Where is this place? Who is the protagonist? Describe both in detail. Be as specific as possible.<start_of_image><end_of_turn>
<start_of_turn>model

Okay, let's break down the location and protagonist in this image, which is clearly from the MMORPG **RuneScape**.

**1. The Location: The Plague City, Canifis**

*   **Overall Setting:** The image depicts a section of the Plague City of Canifis in the Falsian Depths of RuneScape. Canifis is a unique city known for its inhabitants being immune to disease, and its grim, plague-ridden atmosphere.
*   **Specific Area:** The scene appears to be near the outskirts of the city, specifically along the path leading towards the Falsian Depths. The terrain is characterized by:
    *   **Rocky Path:** A rough, uneven stone path winds through the area.
    *   **Tall Grass and Foliage:**  Lush, but slightly overgrown, green grass and foliage line the path, hinting at the damp and humid environment.
    *   **Falsian Trees:** The large, imposing trees with their distinctive, dark foliage are characteristic of the Falsian Depths. 
    *   **Fences:** A low, weathered wooden fence runs alongside the path, likely to keep inhabitants or animals contained.
    *   **Lighting:** The lighting suggests it's either late afternoon or early evening, with a slightly overcast sky.
*   **Atmosphere:** The overall atmosphere is one of decay, isolation, and a sense of foreboding, fitting for a city built around a plague.

**2. The Protagonist: A Dark Mage (likely)**

*   **Appearance:** The character in the foreground is a player-controlled avatar.  Based on the visual cues, this is most likely a **Dark Mage**.
    *   **Color Scheme:**  The character is predominantly black and grey, a signature color scheme for Dark Mages in RuneScape.
    *   **Hooded Robes:** The character is wearing a hooded robe, a common attire for mages.
    *   **Cape:** A dark cape is draped over their shoulders.
    *   **Form:** They appear to be in a crouching or stalking position, suggesting a focus on spellcasting and stealth.
    *   **Pet:** The character has a black wolf as a companion. Wolves are common pets in RuneScape and are often associated with Dark Mages.
*   **Level of Detail:** The model is from
==========
Prompt: 291 tokens, 127.347 tokens-per-sec
Generation: 500 tokens, 29.131 tokens-per-sec
Peak memory: 13.010 GB
