==========
Files: ['002-wowstitches.jpg'] 

Prompt: <|im_start|>system
You are a helpful assistant.<|im_end|>
<|im_start|>user
Where is this place? Who is the protagonist? Describe both in detail. Be as specific as possible.<|vision_start|><|image_pad|><|vision_end|><|im_end|>
<|im_start|>assistant

### Place Description:
The setting in the image appears to be a dark, eerie, and possibly supernatural or gothic environment. Here are the details:

1. **Environment**:
   - The scene is set outdoors at night, as indicated by the dark sky and the lack of visible light sources.
   - The ground is paved with cobblestones, forming a narrow path.
   - The path is bordered by wooden fences on either side, which appear weathered and slightly dilapidated, adding to the ominous atmosphere.
   - The surrounding area is lush with greenery, including grass and bushes, but the overall ambiance is dark and foreboding.
   - The presence of a foggy or misty atmosphere enhances the sense of mystery and unease.

2. **Location Context**:
   - The text overlay in the image refers to "Stitches" and "Gift from the Embalmer," which suggests a dark, possibly macabre or supernatural setting. This could indicate a cemetery, a graveyard, or a cursed location where embalming or undead entities exist.
   - The name "Stitches" implies a character or entity associated with sewing or stitching, possibly a zombie, undead creature, or a being linked to necromancy or embalming.

### Protagonist Description:
The protagonist in the image is a character standing on the cobblestone path, facing the "Stitches" entity. Here are the details:

1. **Appearance**:
   - The protagonist is wearing dark clothing, which blends into the night setting but is still distinguishable.
   - The character's posture suggests readiness or confrontation, as they appear to be facing the "Stitches" entity directly.
   - The character's attire includes a dark outfit, possibly armor or a robe, indicating they might be a warrior, adventurer, or someone prepared for combat or exploration.

2. **Role**:
   - The protagonist is likely the one exploring or confronting the "Stitches" entity. The text "Gift from the Embalmer" suggests that the protagonist is either receiving or confronting something related to the embalmer, which could be a key plot element or a challenge.
   - Given the dark and supernatural setting, the protagonist might be a hero, adventurer, or someone with skills to handle undead or supernatural threats.

### Summary:
- **Place**: A dark, gothic outdoor setting, likely a cemetery or cursed area, with cobblestone paths, wooden fences
==========
Prompt: 222 tokens, 119.447 tokens-per-sec
Generation: 500 tokens, 18.285 tokens-per-sec
Peak memory: 20.347 GB
