==========
Files: ['006-mabi-succubus.jpg'] 

Prompt: <bos><start_of_turn>user
Describe this image. What program or app is this? Where is this place?<start_of_image><end_of_turn>
<start_of_turn>model

Okay, let's break down this image.

**What's the Image Showing?**

The image is a screenshot from a massively multiplayer online role-playing game (MMORPG). It depicts a character standing in a stone-walled dungeon-like area. There's a floating item, likely a quest reward or dropped loot, with a window open displaying details about it.

**What Program/App is it?**

This is **MapleStory**.  The style, the user interface elements, and the copyright notice at the bottom ("© 2003 Nexon Corporation") are all strong indicators. MapleStory is a very popular 2D side-scrolling MMORPG.

**Where is this Place?**

Based on the stone architecture, the lighting, and the overall feel, it appears to be a dungeon or underground area within MapleStory. It's difficult to pinpoint the *exact* dungeon without more context, but it's likely a location in the earlier parts of the game.

**Details from the Image:**

*   **Character:** The character is a male with dark clothing and a sword.
*   **UI Elements:** The bottom of the screen shows various UI elements, including a health bar, experience bar, mini-map, and tabs for inventory and quests.
*   **Floating Item:** The floating item is likely a quest reward or dropped loot.
*   **Language:** The text on the UI is in Chinese.



Hopefully, this description gives you a good understanding of what the image represents!
==========
Prompt: 286 tokens, 131.625 tokens-per-sec
Generation: 322 tokens, 29.449 tokens-per-sec
Peak memory: 13.010 GB
