==========
Files: ['007-thairestaurant.jpg'] 

Prompt: <|im_start|>system
You are a helpful assistant.<|im_end|>
<|im_start|>user
This is a receipt from a restaurant in Hong Kong. Give a plausible explanation of why there are so many question marks on the paper.<|vision_start|><|image_pad|><|vision_end|><|im_end|>
<|im_start|>assistant

The receipt from the restaurant in Hong Kong contains numerous question marks, which could be due to several plausible reasons:

1. **Translation Issues**: The restaurant might be catering to a diverse clientele, including tourists who speak different languages. The question marks could be placeholders for missing translations or explanations that were not provided in the final version of the receipt.

2. **Technical Glitches**: There might have been a technical issue during the printing or digitization of the receipt, causing the question marks to appear unexpectedly.

3. **Manual Input Errors**: The question marks could be a result of a mistake made by the staff during the input of the order or the receipt generation process. For example, if the staff accidentally entered a question mark instead of a digit or a character, it could have been recorded as is.

4. **Cultural or Linguistic Context**: In some cultures, question marks might be used as a stylistic or cultural element, even if they don't have a specific meaning in the context of the receipt. It's possible that the restaurant has a specific local tradition or style that includes question marks.

5. **Data Integrity Issues**: The question marks could be a result of data corruption or a bug in the system that generates the receipt. This could be due to a mix-up in the data being sent to the printer or a problem with the software that processes the transaction.

6. **Error in Translation or Formatting**: If the receipt is intended for international customers, the question marks might be a result of errors in the translation or formatting of the receipt, especially if the receipt system does not account for all possible characters or symbols in other languages.

7. **Customer Interaction**: The question marks might be a result of a customer interaction, such as a request for clarification or a specific question that the staff noted down during the transaction. However, since the question marks appear in the printed receipt, they are likely part of the final output and not a live interaction.

Given the context of a restaurant receipt, it's most likely that the question marks are either a result of a technical glitch, a manual input error, or a part of a local tradition or style. To get a more precise explanation, one would need to look at the receipt system and any related documentation, or inquire directly with the restaurant staff.
==========
Prompt: 244 tokens, 327.974 tokens-per-sec
Generation: 463 tokens, 77.670 tokens-per-sec
Peak memory: 6.222 GB
